[2023-06-09T14:49:16.718+0000] {taskinstance.py:1103} INFO - Dependencies all met for dep_context=non-requeueable deps ti=<TaskInstance: dag_with_postgres_operator_v03.insert_into_table scheduled__2023-06-08T00:00:00+00:00 [queued]>
[2023-06-09T14:49:16.724+0000] {taskinstance.py:1103} INFO - Dependencies all met for dep_context=requeueable deps ti=<TaskInstance: dag_with_postgres_operator_v03.insert_into_table scheduled__2023-06-08T00:00:00+00:00 [queued]>
[2023-06-09T14:49:16.725+0000] {taskinstance.py:1308} INFO - Starting attempt 4 of 9
[2023-06-09T14:49:16.738+0000] {taskinstance.py:1327} INFO - Executing <Task(PostgresOperator): insert_into_table> on 2023-06-08 00:00:00+00:00
[2023-06-09T14:49:16.744+0000] {standard_task_runner.py:57} INFO - Started process 1528 to run task
[2023-06-09T14:49:16.752+0000] {standard_task_runner.py:84} INFO - Running: ['***', 'tasks', 'run', 'dag_with_postgres_operator_v03', 'insert_into_table', 'scheduled__2023-06-08T00:00:00+00:00', '--job-id', '32', '--raw', '--subdir', 'DAGS_FOLDER/dag_with_postgres_operator.py', '--cfg-path', '/tmp/tmpcqdwv5dp']
[2023-06-09T14:49:16.756+0000] {standard_task_runner.py:85} INFO - Job 32: Subtask insert_into_table
[2023-06-09T14:49:16.814+0000] {task_command.py:410} INFO - Running <TaskInstance: dag_with_postgres_operator_v03.insert_into_table scheduled__2023-06-08T00:00:00+00:00 [running]> on host 94560a00d375
[2023-06-09T14:49:16.881+0000] {taskinstance.py:1547} INFO - Exporting env vars: AIRFLOW_CTX_DAG_OWNER='znawawi' AIRFLOW_CTX_DAG_ID='dag_with_postgres_operator_v03' AIRFLOW_CTX_TASK_ID='insert_into_table' AIRFLOW_CTX_EXECUTION_DATE='2023-06-08T00:00:00+00:00' AIRFLOW_CTX_TRY_NUMBER='4' AIRFLOW_CTX_DAG_RUN_ID='scheduled__2023-06-08T00:00:00+00:00'
[2023-06-09T14:49:16.882+0000] {sql.py:262} INFO - Executing: 
            insert into dag_runs (dt, dag_id) values ('2023-06-08', 'dag_with_postgres_operator_v03')
        
[2023-06-09T14:49:16.893+0000] {base.py:73} INFO - Using connection ID 'postgres_localhost' for task execution.
[2023-06-09T14:49:16.956+0000] {base.py:73} INFO - Using connection ID 'postgres_localhost' for task execution.
[2023-06-09T14:49:16.969+0000] {sql.py:375} INFO - Running statement: 
            insert into dag_runs (dt, dag_id) values ('2023-06-08', 'dag_with_postgres_operator_v03')
        , parameters: None
[2023-06-09T14:49:16.973+0000] {taskinstance.py:1824} ERROR - Task failed with exception
Traceback (most recent call last):
  File "/home/airflow/.local/lib/python3.7/site-packages/airflow/providers/common/sql/operators/sql.py", line 274, in execute
    **extra_kwargs,
  File "/home/airflow/.local/lib/python3.7/site-packages/airflow/providers/common/sql/hooks/sql.py", line 349, in run
    self._run_command(cur, sql_statement, parameters)
  File "/home/airflow/.local/lib/python3.7/site-packages/airflow/providers/common/sql/hooks/sql.py", line 380, in _run_command
    cur.execute(sql_statement)
psycopg2.errors.UniqueViolation: duplicate key value violates unique constraint "dag_runs_pkey"
DETAIL:  Key (dt, dag_id)=(2023-06-08, dag_with_postgres_operator_v03) already exists.

[2023-06-09T14:49:16.982+0000] {taskinstance.py:1350} INFO - Marking task as UP_FOR_RETRY. dag_id=dag_with_postgres_operator_v03, task_id=insert_into_table, execution_date=20230608T000000, start_date=20230609T144916, end_date=20230609T144916
[2023-06-09T14:49:16.990+0000] {standard_task_runner.py:109} ERROR - Failed to execute job 32 for task insert_into_table (duplicate key value violates unique constraint "dag_runs_pkey"
DETAIL:  Key (dt, dag_id)=(2023-06-08, dag_with_postgres_operator_v03) already exists.
; 1528)
[2023-06-09T14:49:17.006+0000] {local_task_job_runner.py:225} INFO - Task exited with return code 1
[2023-06-09T14:49:17.020+0000] {taskinstance.py:2651} INFO - 0 downstream tasks scheduled from follow-on schedule check
