[2023-06-08T19:47:54.529+0000] {processor.py:157} INFO - Started process (PID=591) to work on /opt/airflow/dags/our_first_dag.py
[2023-06-08T19:47:54.530+0000] {processor.py:826} INFO - Processing file /opt/airflow/dags/our_first_dag.py for tasks to queue
[2023-06-08T19:47:54.531+0000] {logging_mixin.py:149} INFO - [2023-06-08T19:47:54.531+0000] {dagbag.py:541} INFO - Filling up the DagBag from /opt/airflow/dags/our_first_dag.py
[2023-06-08T19:47:54.540+0000] {logging_mixin.py:149} INFO - [2023-06-08T19:47:54.538+0000] {dagbag.py:350} ERROR - Failed to import: /opt/airflow/dags/our_first_dag.py
Traceback (most recent call last):
  File "/home/airflow/.local/lib/python3.7/site-packages/airflow/models/dagbag.py", line 346, in parse
    loader.exec_module(new_module)
  File "<frozen importlib._bootstrap_external>", line 728, in exec_module
  File "<frozen importlib._bootstrap>", line 219, in _call_with_frames_removed
  File "/opt/airflow/dags/our_first_dag.py", line 10, in <module>
    'retry_delay': timedelta(minute=2)
TypeError: 'minute' is an invalid keyword argument for __new__()
[2023-06-08T19:47:54.541+0000] {processor.py:838} WARNING - No viable dags retrieved from /opt/airflow/dags/our_first_dag.py
[2023-06-08T19:47:54.556+0000] {processor.py:179} INFO - Processing /opt/airflow/dags/our_first_dag.py took 0.030 seconds
[2023-06-08T19:48:24.843+0000] {processor.py:157} INFO - Started process (PID=603) to work on /opt/airflow/dags/our_first_dag.py
[2023-06-08T19:48:24.845+0000] {processor.py:826} INFO - Processing file /opt/airflow/dags/our_first_dag.py for tasks to queue
[2023-06-08T19:48:24.846+0000] {logging_mixin.py:149} INFO - [2023-06-08T19:48:24.846+0000] {dagbag.py:541} INFO - Filling up the DagBag from /opt/airflow/dags/our_first_dag.py
[2023-06-08T19:48:24.853+0000] {logging_mixin.py:149} INFO - [2023-06-08T19:48:24.852+0000] {dagbag.py:350} ERROR - Failed to import: /opt/airflow/dags/our_first_dag.py
Traceback (most recent call last):
  File "/home/airflow/.local/lib/python3.7/site-packages/airflow/models/dagbag.py", line 346, in parse
    loader.exec_module(new_module)
  File "<frozen importlib._bootstrap_external>", line 728, in exec_module
  File "<frozen importlib._bootstrap>", line 219, in _call_with_frames_removed
  File "/opt/airflow/dags/our_first_dag.py", line 10, in <module>
    'retry_delay': timedelta(minute=2)
TypeError: 'minute' is an invalid keyword argument for __new__()
[2023-06-08T19:48:24.854+0000] {processor.py:838} WARNING - No viable dags retrieved from /opt/airflow/dags/our_first_dag.py
[2023-06-08T19:48:24.876+0000] {processor.py:179} INFO - Processing /opt/airflow/dags/our_first_dag.py took 0.037 seconds
[2023-06-08T19:48:55.117+0000] {processor.py:157} INFO - Started process (PID=615) to work on /opt/airflow/dags/our_first_dag.py
[2023-06-08T19:48:55.119+0000] {processor.py:826} INFO - Processing file /opt/airflow/dags/our_first_dag.py for tasks to queue
[2023-06-08T19:48:55.120+0000] {logging_mixin.py:149} INFO - [2023-06-08T19:48:55.120+0000] {dagbag.py:541} INFO - Filling up the DagBag from /opt/airflow/dags/our_first_dag.py
[2023-06-08T19:48:55.126+0000] {logging_mixin.py:149} INFO - [2023-06-08T19:48:55.124+0000] {dagbag.py:350} ERROR - Failed to import: /opt/airflow/dags/our_first_dag.py
Traceback (most recent call last):
  File "/home/airflow/.local/lib/python3.7/site-packages/airflow/models/dagbag.py", line 346, in parse
    loader.exec_module(new_module)
  File "<frozen importlib._bootstrap_external>", line 728, in exec_module
  File "<frozen importlib._bootstrap>", line 219, in _call_with_frames_removed
  File "/opt/airflow/dags/our_first_dag.py", line 10, in <module>
    'retry_delay': timedelta(minute=2)
TypeError: 'minute' is an invalid keyword argument for __new__()
[2023-06-08T19:48:55.127+0000] {processor.py:838} WARNING - No viable dags retrieved from /opt/airflow/dags/our_first_dag.py
[2023-06-08T19:48:55.147+0000] {processor.py:179} INFO - Processing /opt/airflow/dags/our_first_dag.py took 0.034 seconds
[2023-06-08T19:49:25.393+0000] {processor.py:157} INFO - Started process (PID=627) to work on /opt/airflow/dags/our_first_dag.py
[2023-06-08T19:49:25.396+0000] {processor.py:826} INFO - Processing file /opt/airflow/dags/our_first_dag.py for tasks to queue
[2023-06-08T19:49:25.397+0000] {logging_mixin.py:149} INFO - [2023-06-08T19:49:25.397+0000] {dagbag.py:541} INFO - Filling up the DagBag from /opt/airflow/dags/our_first_dag.py
[2023-06-08T19:49:25.403+0000] {logging_mixin.py:149} INFO - [2023-06-08T19:49:25.401+0000] {dagbag.py:350} ERROR - Failed to import: /opt/airflow/dags/our_first_dag.py
Traceback (most recent call last):
  File "/home/airflow/.local/lib/python3.7/site-packages/airflow/models/dagbag.py", line 346, in parse
    loader.exec_module(new_module)
  File "<frozen importlib._bootstrap_external>", line 728, in exec_module
  File "<frozen importlib._bootstrap>", line 219, in _call_with_frames_removed
  File "/opt/airflow/dags/our_first_dag.py", line 10, in <module>
    'retry_delay': timedelta(minute=2)
TypeError: 'minute' is an invalid keyword argument for __new__()
[2023-06-08T19:49:25.403+0000] {processor.py:838} WARNING - No viable dags retrieved from /opt/airflow/dags/our_first_dag.py
[2023-06-08T19:49:25.423+0000] {processor.py:179} INFO - Processing /opt/airflow/dags/our_first_dag.py took 0.034 seconds
[2023-06-08T19:49:55.660+0000] {processor.py:157} INFO - Started process (PID=639) to work on /opt/airflow/dags/our_first_dag.py
[2023-06-08T19:49:55.661+0000] {processor.py:826} INFO - Processing file /opt/airflow/dags/our_first_dag.py for tasks to queue
[2023-06-08T19:49:55.662+0000] {logging_mixin.py:149} INFO - [2023-06-08T19:49:55.662+0000] {dagbag.py:541} INFO - Filling up the DagBag from /opt/airflow/dags/our_first_dag.py
[2023-06-08T19:49:55.666+0000] {logging_mixin.py:149} INFO - [2023-06-08T19:49:55.664+0000] {dagbag.py:350} ERROR - Failed to import: /opt/airflow/dags/our_first_dag.py
Traceback (most recent call last):
  File "/home/airflow/.local/lib/python3.7/site-packages/airflow/models/dagbag.py", line 346, in parse
    loader.exec_module(new_module)
  File "<frozen importlib._bootstrap_external>", line 728, in exec_module
  File "<frozen importlib._bootstrap>", line 219, in _call_with_frames_removed
  File "/opt/airflow/dags/our_first_dag.py", line 10, in <module>
    'retry_delay': timedelta(minute=2)
TypeError: 'minute' is an invalid keyword argument for __new__()
[2023-06-08T19:49:55.666+0000] {processor.py:838} WARNING - No viable dags retrieved from /opt/airflow/dags/our_first_dag.py
[2023-06-08T19:49:55.681+0000] {processor.py:179} INFO - Processing /opt/airflow/dags/our_first_dag.py took 0.024 seconds
[2023-06-08T19:50:25.936+0000] {processor.py:157} INFO - Started process (PID=651) to work on /opt/airflow/dags/our_first_dag.py
[2023-06-08T19:50:25.937+0000] {processor.py:826} INFO - Processing file /opt/airflow/dags/our_first_dag.py for tasks to queue
[2023-06-08T19:50:25.938+0000] {logging_mixin.py:149} INFO - [2023-06-08T19:50:25.938+0000] {dagbag.py:541} INFO - Filling up the DagBag from /opt/airflow/dags/our_first_dag.py
[2023-06-08T19:50:25.942+0000] {logging_mixin.py:149} INFO - [2023-06-08T19:50:25.941+0000] {dagbag.py:350} ERROR - Failed to import: /opt/airflow/dags/our_first_dag.py
Traceback (most recent call last):
  File "/home/airflow/.local/lib/python3.7/site-packages/airflow/models/dagbag.py", line 346, in parse
    loader.exec_module(new_module)
  File "<frozen importlib._bootstrap_external>", line 728, in exec_module
  File "<frozen importlib._bootstrap>", line 219, in _call_with_frames_removed
  File "/opt/airflow/dags/our_first_dag.py", line 10, in <module>
    'retry_delay': timedelta(minute=2)
TypeError: 'minute' is an invalid keyword argument for __new__()
[2023-06-08T19:50:25.942+0000] {processor.py:838} WARNING - No viable dags retrieved from /opt/airflow/dags/our_first_dag.py
[2023-06-08T19:50:25.957+0000] {processor.py:179} INFO - Processing /opt/airflow/dags/our_first_dag.py took 0.022 seconds
[2023-06-08T19:50:40.098+0000] {processor.py:157} INFO - Started process (PID=656) to work on /opt/airflow/dags/our_first_dag.py
[2023-06-08T19:50:40.101+0000] {processor.py:826} INFO - Processing file /opt/airflow/dags/our_first_dag.py for tasks to queue
[2023-06-08T19:50:40.102+0000] {logging_mixin.py:149} INFO - [2023-06-08T19:50:40.102+0000] {dagbag.py:541} INFO - Filling up the DagBag from /opt/airflow/dags/our_first_dag.py
[2023-06-08T19:50:40.111+0000] {logging_mixin.py:149} INFO - [2023-06-08T19:50:40.110+0000] {dagbag.py:350} ERROR - Failed to import: /opt/airflow/dags/our_first_dag.py
Traceback (most recent call last):
  File "/home/airflow/.local/lib/python3.7/site-packages/airflow/models/dagbag.py", line 346, in parse
    loader.exec_module(new_module)
  File "<frozen importlib._bootstrap_external>", line 728, in exec_module
  File "<frozen importlib._bootstrap>", line 219, in _call_with_frames_removed
  File "/opt/airflow/dags/our_first_dag.py", line 10, in <module>
    'retry_delay': timedelta(minute=2)
TypeError: 'minute' is an invalid keyword argument for __new__()
[2023-06-08T19:50:40.111+0000] {processor.py:838} WARNING - No viable dags retrieved from /opt/airflow/dags/our_first_dag.py
[2023-06-08T19:50:40.128+0000] {processor.py:179} INFO - Processing /opt/airflow/dags/our_first_dag.py took 0.034 seconds
[2023-06-08T19:51:10.419+0000] {processor.py:157} INFO - Started process (PID=668) to work on /opt/airflow/dags/our_first_dag.py
[2023-06-08T19:51:10.420+0000] {processor.py:826} INFO - Processing file /opt/airflow/dags/our_first_dag.py for tasks to queue
[2023-06-08T19:51:10.421+0000] {logging_mixin.py:149} INFO - [2023-06-08T19:51:10.421+0000] {dagbag.py:541} INFO - Filling up the DagBag from /opt/airflow/dags/our_first_dag.py
[2023-06-08T19:51:10.429+0000] {logging_mixin.py:149} INFO - [2023-06-08T19:51:10.427+0000] {dagbag.py:350} ERROR - Failed to import: /opt/airflow/dags/our_first_dag.py
Traceback (most recent call last):
  File "/home/airflow/.local/lib/python3.7/site-packages/airflow/models/dagbag.py", line 346, in parse
    loader.exec_module(new_module)
  File "<frozen importlib._bootstrap_external>", line 728, in exec_module
  File "<frozen importlib._bootstrap>", line 219, in _call_with_frames_removed
  File "/opt/airflow/dags/our_first_dag.py", line 10, in <module>
    'retry_delay': timedelta(minute=2)
TypeError: 'minute' is an invalid keyword argument for __new__()
[2023-06-08T19:51:10.430+0000] {processor.py:838} WARNING - No viable dags retrieved from /opt/airflow/dags/our_first_dag.py
[2023-06-08T19:51:10.450+0000] {processor.py:179} INFO - Processing /opt/airflow/dags/our_first_dag.py took 0.035 seconds
[2023-06-08T19:51:29.625+0000] {processor.py:157} INFO - Started process (PID=679) to work on /opt/airflow/dags/our_first_dag.py
[2023-06-08T19:51:29.627+0000] {processor.py:826} INFO - Processing file /opt/airflow/dags/our_first_dag.py for tasks to queue
[2023-06-08T19:51:29.628+0000] {logging_mixin.py:149} INFO - [2023-06-08T19:51:29.628+0000] {dagbag.py:541} INFO - Filling up the DagBag from /opt/airflow/dags/our_first_dag.py
[2023-06-08T19:51:29.661+0000] {processor.py:836} INFO - DAG(s) dict_keys(['our_first_dag']) retrieved from /opt/airflow/dags/our_first_dag.py
[2023-06-08T19:51:29.776+0000] {logging_mixin.py:149} INFO - [2023-06-08T19:51:29.776+0000] {manager.py:504} INFO - Created Permission View: can read on DAG:our_first_dag
[2023-06-08T19:51:29.781+0000] {logging_mixin.py:149} INFO - [2023-06-08T19:51:29.781+0000] {manager.py:504} INFO - Created Permission View: can delete on DAG:our_first_dag
[2023-06-08T19:51:29.784+0000] {logging_mixin.py:149} INFO - [2023-06-08T19:51:29.784+0000] {manager.py:504} INFO - Created Permission View: can edit on DAG:our_first_dag
[2023-06-08T19:51:29.784+0000] {logging_mixin.py:149} INFO - [2023-06-08T19:51:29.784+0000] {dag.py:2726} INFO - Sync 1 DAGs
[2023-06-08T19:51:29.792+0000] {logging_mixin.py:149} INFO - [2023-06-08T19:51:29.792+0000] {dag.py:2747} INFO - Creating ORM DAG for our_first_dag
[2023-06-08T19:51:29.799+0000] {logging_mixin.py:149} INFO - [2023-06-08T19:51:29.799+0000] {dag.py:3490} INFO - Setting next_dagrun for our_first_dag to 2023-05-30T00:00:00+00:00, run_after=2023-05-31T00:00:00+00:00
[2023-06-08T19:51:29.809+0000] {processor.py:179} INFO - Processing /opt/airflow/dags/our_first_dag.py took 0.188 seconds
[2023-06-08T19:51:59.906+0000] {processor.py:157} INFO - Started process (PID=690) to work on /opt/airflow/dags/our_first_dag.py
[2023-06-08T19:51:59.908+0000] {processor.py:826} INFO - Processing file /opt/airflow/dags/our_first_dag.py for tasks to queue
[2023-06-08T19:51:59.908+0000] {logging_mixin.py:149} INFO - [2023-06-08T19:51:59.908+0000] {dagbag.py:541} INFO - Filling up the DagBag from /opt/airflow/dags/our_first_dag.py
[2023-06-08T19:51:59.919+0000] {processor.py:836} INFO - DAG(s) dict_keys(['our_first_dag']) retrieved from /opt/airflow/dags/our_first_dag.py
[2023-06-08T19:51:59.943+0000] {logging_mixin.py:149} INFO - [2023-06-08T19:51:59.943+0000] {dag.py:2726} INFO - Sync 1 DAGs
[2023-06-08T19:51:59.961+0000] {logging_mixin.py:149} INFO - [2023-06-08T19:51:59.961+0000] {dag.py:3490} INFO - Setting next_dagrun for our_first_dag to 2023-05-30T00:00:00+00:00, run_after=2023-05-31T00:00:00+00:00
[2023-06-08T19:51:59.973+0000] {processor.py:179} INFO - Processing /opt/airflow/dags/our_first_dag.py took 0.069 seconds
[2023-06-08T19:52:30.258+0000] {processor.py:157} INFO - Started process (PID=702) to work on /opt/airflow/dags/our_first_dag.py
[2023-06-08T19:52:30.260+0000] {processor.py:826} INFO - Processing file /opt/airflow/dags/our_first_dag.py for tasks to queue
[2023-06-08T19:52:30.262+0000] {logging_mixin.py:149} INFO - [2023-06-08T19:52:30.261+0000] {dagbag.py:541} INFO - Filling up the DagBag from /opt/airflow/dags/our_first_dag.py
[2023-06-08T19:52:30.276+0000] {processor.py:836} INFO - DAG(s) dict_keys(['our_first_dag']) retrieved from /opt/airflow/dags/our_first_dag.py
[2023-06-08T19:52:30.299+0000] {logging_mixin.py:149} INFO - [2023-06-08T19:52:30.299+0000] {dag.py:2726} INFO - Sync 1 DAGs
[2023-06-08T19:52:30.314+0000] {logging_mixin.py:149} INFO - [2023-06-08T19:52:30.314+0000] {dag.py:3490} INFO - Setting next_dagrun for our_first_dag to 2023-05-30T00:00:00+00:00, run_after=2023-05-31T00:00:00+00:00
[2023-06-08T19:52:30.324+0000] {processor.py:179} INFO - Processing /opt/airflow/dags/our_first_dag.py took 0.070 seconds
[2023-06-08T19:53:00.612+0000] {processor.py:157} INFO - Started process (PID=714) to work on /opt/airflow/dags/our_first_dag.py
[2023-06-08T19:53:00.616+0000] {processor.py:826} INFO - Processing file /opt/airflow/dags/our_first_dag.py for tasks to queue
[2023-06-08T19:53:00.617+0000] {logging_mixin.py:149} INFO - [2023-06-08T19:53:00.617+0000] {dagbag.py:541} INFO - Filling up the DagBag from /opt/airflow/dags/our_first_dag.py
[2023-06-08T19:53:00.637+0000] {processor.py:836} INFO - DAG(s) dict_keys(['our_first_dag']) retrieved from /opt/airflow/dags/our_first_dag.py
[2023-06-08T19:53:00.663+0000] {logging_mixin.py:149} INFO - [2023-06-08T19:53:00.663+0000] {dag.py:2726} INFO - Sync 1 DAGs
[2023-06-08T19:53:00.679+0000] {logging_mixin.py:149} INFO - [2023-06-08T19:53:00.679+0000] {dag.py:3490} INFO - Setting next_dagrun for our_first_dag to 2023-05-30T00:00:00+00:00, run_after=2023-05-31T00:00:00+00:00
[2023-06-08T19:53:00.689+0000] {processor.py:179} INFO - Processing /opt/airflow/dags/our_first_dag.py took 0.081 seconds
[2023-06-08T19:53:30.914+0000] {processor.py:157} INFO - Started process (PID=756) to work on /opt/airflow/dags/our_first_dag.py
[2023-06-08T19:53:30.917+0000] {processor.py:826} INFO - Processing file /opt/airflow/dags/our_first_dag.py for tasks to queue
[2023-06-08T19:53:30.918+0000] {logging_mixin.py:149} INFO - [2023-06-08T19:53:30.918+0000] {dagbag.py:541} INFO - Filling up the DagBag from /opt/airflow/dags/our_first_dag.py
[2023-06-08T19:53:30.943+0000] {processor.py:836} INFO - DAG(s) dict_keys(['our_first_dag']) retrieved from /opt/airflow/dags/our_first_dag.py
[2023-06-08T19:53:30.972+0000] {logging_mixin.py:149} INFO - [2023-06-08T19:53:30.972+0000] {dag.py:2726} INFO - Sync 1 DAGs
[2023-06-08T19:53:30.997+0000] {logging_mixin.py:149} INFO - [2023-06-08T19:53:30.997+0000] {dag.py:3490} INFO - Setting next_dagrun for our_first_dag to 2023-06-08T00:00:00+00:00, run_after=2023-06-09T00:00:00+00:00
[2023-06-08T19:53:31.009+0000] {processor.py:179} INFO - Processing /opt/airflow/dags/our_first_dag.py took 0.100 seconds
[2023-06-08T19:54:01.234+0000] {processor.py:157} INFO - Started process (PID=767) to work on /opt/airflow/dags/our_first_dag.py
[2023-06-08T19:54:01.236+0000] {processor.py:826} INFO - Processing file /opt/airflow/dags/our_first_dag.py for tasks to queue
[2023-06-08T19:54:01.238+0000] {logging_mixin.py:149} INFO - [2023-06-08T19:54:01.237+0000] {dagbag.py:541} INFO - Filling up the DagBag from /opt/airflow/dags/our_first_dag.py
[2023-06-08T19:54:01.252+0000] {processor.py:836} INFO - DAG(s) dict_keys(['our_first_dag']) retrieved from /opt/airflow/dags/our_first_dag.py
[2023-06-08T19:54:01.277+0000] {logging_mixin.py:149} INFO - [2023-06-08T19:54:01.277+0000] {dag.py:2726} INFO - Sync 1 DAGs
[2023-06-08T19:54:01.293+0000] {logging_mixin.py:149} INFO - [2023-06-08T19:54:01.293+0000] {dag.py:3490} INFO - Setting next_dagrun for our_first_dag to 2023-06-08T00:00:00+00:00, run_after=2023-06-09T00:00:00+00:00
[2023-06-08T19:54:01.303+0000] {processor.py:179} INFO - Processing /opt/airflow/dags/our_first_dag.py took 0.073 seconds
[2023-06-08T19:54:31.629+0000] {processor.py:157} INFO - Started process (PID=779) to work on /opt/airflow/dags/our_first_dag.py
[2023-06-08T19:54:31.632+0000] {processor.py:826} INFO - Processing file /opt/airflow/dags/our_first_dag.py for tasks to queue
[2023-06-08T19:54:31.634+0000] {logging_mixin.py:149} INFO - [2023-06-08T19:54:31.634+0000] {dagbag.py:541} INFO - Filling up the DagBag from /opt/airflow/dags/our_first_dag.py
[2023-06-08T19:54:31.652+0000] {processor.py:836} INFO - DAG(s) dict_keys(['our_first_dag']) retrieved from /opt/airflow/dags/our_first_dag.py
[2023-06-08T19:54:31.676+0000] {logging_mixin.py:149} INFO - [2023-06-08T19:54:31.676+0000] {dag.py:2726} INFO - Sync 1 DAGs
[2023-06-08T19:54:31.691+0000] {logging_mixin.py:149} INFO - [2023-06-08T19:54:31.691+0000] {dag.py:3490} INFO - Setting next_dagrun for our_first_dag to 2023-06-08T00:00:00+00:00, run_after=2023-06-09T00:00:00+00:00
[2023-06-08T19:54:31.701+0000] {processor.py:179} INFO - Processing /opt/airflow/dags/our_first_dag.py took 0.076 seconds
[2023-06-08T19:55:01.963+0000] {processor.py:157} INFO - Started process (PID=791) to work on /opt/airflow/dags/our_first_dag.py
[2023-06-08T19:55:01.966+0000] {processor.py:826} INFO - Processing file /opt/airflow/dags/our_first_dag.py for tasks to queue
[2023-06-08T19:55:01.968+0000] {logging_mixin.py:149} INFO - [2023-06-08T19:55:01.968+0000] {dagbag.py:541} INFO - Filling up the DagBag from /opt/airflow/dags/our_first_dag.py
[2023-06-08T19:55:01.993+0000] {processor.py:836} INFO - DAG(s) dict_keys(['our_first_dag']) retrieved from /opt/airflow/dags/our_first_dag.py
[2023-06-08T19:55:02.017+0000] {logging_mixin.py:149} INFO - [2023-06-08T19:55:02.017+0000] {dag.py:2726} INFO - Sync 1 DAGs
[2023-06-08T19:55:02.034+0000] {logging_mixin.py:149} INFO - [2023-06-08T19:55:02.033+0000] {dag.py:3490} INFO - Setting next_dagrun for our_first_dag to 2023-06-08T00:00:00+00:00, run_after=2023-06-09T00:00:00+00:00
[2023-06-08T19:55:02.044+0000] {processor.py:179} INFO - Processing /opt/airflow/dags/our_first_dag.py took 0.089 seconds
[2023-06-08T19:55:28.291+0000] {processor.py:157} INFO - Started process (PID=803) to work on /opt/airflow/dags/our_first_dag.py
[2023-06-08T19:55:28.294+0000] {processor.py:826} INFO - Processing file /opt/airflow/dags/our_first_dag.py for tasks to queue
[2023-06-08T19:55:28.296+0000] {logging_mixin.py:149} INFO - [2023-06-08T19:55:28.296+0000] {dagbag.py:541} INFO - Filling up the DagBag from /opt/airflow/dags/our_first_dag.py
[2023-06-08T19:55:28.314+0000] {logging_mixin.py:149} INFO - [2023-06-08T19:55:28.312+0000] {dagbag.py:350} ERROR - Failed to import: /opt/airflow/dags/our_first_dag.py
Traceback (most recent call last):
  File "/home/airflow/.local/lib/python3.7/site-packages/airflow/models/dagbag.py", line 346, in parse
    loader.exec_module(new_module)
  File "<frozen importlib._bootstrap_external>", line 728, in exec_module
  File "<frozen importlib._bootstrap>", line 219, in _call_with_frames_removed
  File "/opt/airflow/dags/our_first_dag.py", line 25, in <module>
    task2 - BashOperator(
NameError: name 'task2' is not defined
[2023-06-08T19:55:28.315+0000] {processor.py:838} WARNING - No viable dags retrieved from /opt/airflow/dags/our_first_dag.py
[2023-06-08T19:55:28.333+0000] {processor.py:179} INFO - Processing /opt/airflow/dags/our_first_dag.py took 0.047 seconds
[2023-06-08T19:55:42.443+0000] {processor.py:157} INFO - Started process (PID=808) to work on /opt/airflow/dags/our_first_dag.py
[2023-06-08T19:55:42.444+0000] {processor.py:826} INFO - Processing file /opt/airflow/dags/our_first_dag.py for tasks to queue
[2023-06-08T19:55:42.445+0000] {logging_mixin.py:149} INFO - [2023-06-08T19:55:42.445+0000] {dagbag.py:541} INFO - Filling up the DagBag from /opt/airflow/dags/our_first_dag.py
[2023-06-08T19:55:42.461+0000] {processor.py:836} INFO - DAG(s) dict_keys(['our_first_dag']) retrieved from /opt/airflow/dags/our_first_dag.py
[2023-06-08T19:55:42.520+0000] {logging_mixin.py:149} INFO - [2023-06-08T19:55:42.520+0000] {dag.py:2726} INFO - Sync 1 DAGs
[2023-06-08T19:55:42.534+0000] {logging_mixin.py:149} INFO - [2023-06-08T19:55:42.534+0000] {dag.py:3490} INFO - Setting next_dagrun for our_first_dag to 2023-06-08T00:00:00+00:00, run_after=2023-06-09T00:00:00+00:00
[2023-06-08T19:55:42.546+0000] {processor.py:179} INFO - Processing /opt/airflow/dags/our_first_dag.py took 0.107 seconds
[2023-06-08T19:56:12.748+0000] {processor.py:157} INFO - Started process (PID=821) to work on /opt/airflow/dags/our_first_dag.py
[2023-06-08T19:56:12.750+0000] {processor.py:826} INFO - Processing file /opt/airflow/dags/our_first_dag.py for tasks to queue
[2023-06-08T19:56:12.751+0000] {logging_mixin.py:149} INFO - [2023-06-08T19:56:12.751+0000] {dagbag.py:541} INFO - Filling up the DagBag from /opt/airflow/dags/our_first_dag.py
[2023-06-08T19:56:12.775+0000] {processor.py:836} INFO - DAG(s) dict_keys(['our_first_dag']) retrieved from /opt/airflow/dags/our_first_dag.py
[2023-06-08T19:56:12.804+0000] {logging_mixin.py:149} INFO - [2023-06-08T19:56:12.804+0000] {dag.py:2726} INFO - Sync 1 DAGs
[2023-06-08T19:56:12.821+0000] {logging_mixin.py:149} INFO - [2023-06-08T19:56:12.821+0000] {dag.py:3490} INFO - Setting next_dagrun for our_first_dag to 2023-06-08T00:00:00+00:00, run_after=2023-06-09T00:00:00+00:00
[2023-06-08T19:56:12.832+0000] {processor.py:179} INFO - Processing /opt/airflow/dags/our_first_dag.py took 0.091 seconds
[2023-06-08T19:56:43.114+0000] {processor.py:157} INFO - Started process (PID=833) to work on /opt/airflow/dags/our_first_dag.py
[2023-06-08T19:56:43.116+0000] {processor.py:826} INFO - Processing file /opt/airflow/dags/our_first_dag.py for tasks to queue
[2023-06-08T19:56:43.117+0000] {logging_mixin.py:149} INFO - [2023-06-08T19:56:43.117+0000] {dagbag.py:541} INFO - Filling up the DagBag from /opt/airflow/dags/our_first_dag.py
[2023-06-08T19:56:43.138+0000] {processor.py:836} INFO - DAG(s) dict_keys(['our_first_dag']) retrieved from /opt/airflow/dags/our_first_dag.py
[2023-06-08T19:56:43.165+0000] {logging_mixin.py:149} INFO - [2023-06-08T19:56:43.165+0000] {dag.py:2726} INFO - Sync 1 DAGs
[2023-06-08T19:56:43.182+0000] {logging_mixin.py:149} INFO - [2023-06-08T19:56:43.182+0000] {dag.py:3490} INFO - Setting next_dagrun for our_first_dag to 2023-06-08T00:00:00+00:00, run_after=2023-06-09T00:00:00+00:00
[2023-06-08T19:56:43.192+0000] {processor.py:179} INFO - Processing /opt/airflow/dags/our_first_dag.py took 0.084 seconds
[2023-06-08T19:57:13.472+0000] {processor.py:157} INFO - Started process (PID=845) to work on /opt/airflow/dags/our_first_dag.py
[2023-06-08T19:57:13.475+0000] {processor.py:826} INFO - Processing file /opt/airflow/dags/our_first_dag.py for tasks to queue
[2023-06-08T19:57:13.476+0000] {logging_mixin.py:149} INFO - [2023-06-08T19:57:13.476+0000] {dagbag.py:541} INFO - Filling up the DagBag from /opt/airflow/dags/our_first_dag.py
[2023-06-08T19:57:13.509+0000] {processor.py:836} INFO - DAG(s) dict_keys(['our_first_dag']) retrieved from /opt/airflow/dags/our_first_dag.py
[2023-06-08T19:57:13.552+0000] {logging_mixin.py:149} INFO - [2023-06-08T19:57:13.552+0000] {dag.py:2726} INFO - Sync 1 DAGs
[2023-06-08T19:57:13.575+0000] {logging_mixin.py:149} INFO - [2023-06-08T19:57:13.574+0000] {dag.py:3490} INFO - Setting next_dagrun for our_first_dag to 2023-06-08T00:00:00+00:00, run_after=2023-06-09T00:00:00+00:00
[2023-06-08T19:57:13.590+0000] {processor.py:179} INFO - Processing /opt/airflow/dags/our_first_dag.py took 0.123 seconds
[2023-06-08T19:57:43.841+0000] {processor.py:157} INFO - Started process (PID=857) to work on /opt/airflow/dags/our_first_dag.py
[2023-06-08T19:57:43.843+0000] {processor.py:826} INFO - Processing file /opt/airflow/dags/our_first_dag.py for tasks to queue
[2023-06-08T19:57:43.844+0000] {logging_mixin.py:149} INFO - [2023-06-08T19:57:43.844+0000] {dagbag.py:541} INFO - Filling up the DagBag from /opt/airflow/dags/our_first_dag.py
[2023-06-08T19:57:43.868+0000] {processor.py:836} INFO - DAG(s) dict_keys(['our_first_dag']) retrieved from /opt/airflow/dags/our_first_dag.py
[2023-06-08T19:57:43.894+0000] {logging_mixin.py:149} INFO - [2023-06-08T19:57:43.894+0000] {dag.py:2726} INFO - Sync 1 DAGs
[2023-06-08T19:57:43.912+0000] {logging_mixin.py:149} INFO - [2023-06-08T19:57:43.912+0000] {dag.py:3490} INFO - Setting next_dagrun for our_first_dag to 2023-06-08T00:00:00+00:00, run_after=2023-06-09T00:00:00+00:00
[2023-06-08T19:57:43.922+0000] {processor.py:179} INFO - Processing /opt/airflow/dags/our_first_dag.py took 0.085 seconds
[2023-06-08T19:58:14.233+0000] {processor.py:157} INFO - Started process (PID=869) to work on /opt/airflow/dags/our_first_dag.py
[2023-06-08T19:58:14.235+0000] {processor.py:826} INFO - Processing file /opt/airflow/dags/our_first_dag.py for tasks to queue
[2023-06-08T19:58:14.236+0000] {logging_mixin.py:149} INFO - [2023-06-08T19:58:14.236+0000] {dagbag.py:541} INFO - Filling up the DagBag from /opt/airflow/dags/our_first_dag.py
[2023-06-08T19:58:14.253+0000] {processor.py:836} INFO - DAG(s) dict_keys(['our_first_dag']) retrieved from /opt/airflow/dags/our_first_dag.py
[2023-06-08T19:58:14.295+0000] {logging_mixin.py:149} INFO - [2023-06-08T19:58:14.295+0000] {dag.py:2726} INFO - Sync 1 DAGs
[2023-06-08T19:58:14.317+0000] {logging_mixin.py:149} INFO - [2023-06-08T19:58:14.317+0000] {dag.py:3490} INFO - Setting next_dagrun for our_first_dag to 2023-06-08T00:00:00+00:00, run_after=2023-06-09T00:00:00+00:00
[2023-06-08T19:58:14.329+0000] {processor.py:179} INFO - Processing /opt/airflow/dags/our_first_dag.py took 0.100 seconds
[2023-06-08T19:58:44.597+0000] {processor.py:157} INFO - Started process (PID=881) to work on /opt/airflow/dags/our_first_dag.py
[2023-06-08T19:58:44.598+0000] {processor.py:826} INFO - Processing file /opt/airflow/dags/our_first_dag.py for tasks to queue
[2023-06-08T19:58:44.599+0000] {logging_mixin.py:149} INFO - [2023-06-08T19:58:44.599+0000] {dagbag.py:541} INFO - Filling up the DagBag from /opt/airflow/dags/our_first_dag.py
[2023-06-08T19:58:44.620+0000] {processor.py:836} INFO - DAG(s) dict_keys(['our_first_dag']) retrieved from /opt/airflow/dags/our_first_dag.py
[2023-06-08T19:58:44.668+0000] {logging_mixin.py:149} INFO - [2023-06-08T19:58:44.668+0000] {dag.py:2726} INFO - Sync 1 DAGs
[2023-06-08T19:58:44.688+0000] {logging_mixin.py:149} INFO - [2023-06-08T19:58:44.688+0000] {dag.py:3490} INFO - Setting next_dagrun for our_first_dag to 2023-06-08T00:00:00+00:00, run_after=2023-06-09T00:00:00+00:00
[2023-06-08T19:58:44.699+0000] {processor.py:179} INFO - Processing /opt/airflow/dags/our_first_dag.py took 0.107 seconds
[2023-06-08T19:59:14.876+0000] {processor.py:157} INFO - Started process (PID=893) to work on /opt/airflow/dags/our_first_dag.py
[2023-06-08T19:59:14.878+0000] {processor.py:826} INFO - Processing file /opt/airflow/dags/our_first_dag.py for tasks to queue
[2023-06-08T19:59:14.879+0000] {logging_mixin.py:149} INFO - [2023-06-08T19:59:14.879+0000] {dagbag.py:541} INFO - Filling up the DagBag from /opt/airflow/dags/our_first_dag.py
[2023-06-08T19:59:14.888+0000] {processor.py:836} INFO - DAG(s) dict_keys(['our_first_dag']) retrieved from /opt/airflow/dags/our_first_dag.py
[2023-06-08T19:59:14.907+0000] {logging_mixin.py:149} INFO - [2023-06-08T19:59:14.907+0000] {dag.py:2726} INFO - Sync 1 DAGs
[2023-06-08T19:59:14.922+0000] {logging_mixin.py:149} INFO - [2023-06-08T19:59:14.922+0000] {dag.py:3490} INFO - Setting next_dagrun for our_first_dag to 2023-06-08T00:00:00+00:00, run_after=2023-06-09T00:00:00+00:00
[2023-06-08T19:59:14.932+0000] {processor.py:179} INFO - Processing /opt/airflow/dags/our_first_dag.py took 0.059 seconds
[2023-06-08T19:59:45.195+0000] {processor.py:157} INFO - Started process (PID=905) to work on /opt/airflow/dags/our_first_dag.py
[2023-06-08T19:59:45.196+0000] {processor.py:826} INFO - Processing file /opt/airflow/dags/our_first_dag.py for tasks to queue
[2023-06-08T19:59:45.198+0000] {logging_mixin.py:149} INFO - [2023-06-08T19:59:45.197+0000] {dagbag.py:541} INFO - Filling up the DagBag from /opt/airflow/dags/our_first_dag.py
[2023-06-08T19:59:45.219+0000] {processor.py:836} INFO - DAG(s) dict_keys(['our_first_dag']) retrieved from /opt/airflow/dags/our_first_dag.py
[2023-06-08T19:59:45.246+0000] {logging_mixin.py:149} INFO - [2023-06-08T19:59:45.246+0000] {dag.py:2726} INFO - Sync 1 DAGs
[2023-06-08T19:59:45.266+0000] {logging_mixin.py:149} INFO - [2023-06-08T19:59:45.266+0000] {dag.py:3490} INFO - Setting next_dagrun for our_first_dag to 2023-06-08T00:00:00+00:00, run_after=2023-06-09T00:00:00+00:00
[2023-06-08T19:59:45.279+0000] {processor.py:179} INFO - Processing /opt/airflow/dags/our_first_dag.py took 0.091 seconds
[2023-06-08T20:00:15.477+0000] {processor.py:157} INFO - Started process (PID=918) to work on /opt/airflow/dags/our_first_dag.py
[2023-06-08T20:00:15.479+0000] {processor.py:826} INFO - Processing file /opt/airflow/dags/our_first_dag.py for tasks to queue
[2023-06-08T20:00:15.480+0000] {logging_mixin.py:149} INFO - [2023-06-08T20:00:15.480+0000] {dagbag.py:541} INFO - Filling up the DagBag from /opt/airflow/dags/our_first_dag.py
[2023-06-08T20:00:15.493+0000] {processor.py:836} INFO - DAG(s) dict_keys(['our_first_dag']) retrieved from /opt/airflow/dags/our_first_dag.py
[2023-06-08T20:00:15.517+0000] {logging_mixin.py:149} INFO - [2023-06-08T20:00:15.517+0000] {dag.py:2726} INFO - Sync 1 DAGs
[2023-06-08T20:00:15.533+0000] {logging_mixin.py:149} INFO - [2023-06-08T20:00:15.533+0000] {dag.py:3490} INFO - Setting next_dagrun for our_first_dag to 2023-06-08T00:00:00+00:00, run_after=2023-06-09T00:00:00+00:00
[2023-06-08T20:00:15.545+0000] {processor.py:179} INFO - Processing /opt/airflow/dags/our_first_dag.py took 0.074 seconds
[2023-06-08T20:00:45.811+0000] {processor.py:157} INFO - Started process (PID=930) to work on /opt/airflow/dags/our_first_dag.py
[2023-06-08T20:00:45.812+0000] {processor.py:826} INFO - Processing file /opt/airflow/dags/our_first_dag.py for tasks to queue
[2023-06-08T20:00:45.813+0000] {logging_mixin.py:149} INFO - [2023-06-08T20:00:45.813+0000] {dagbag.py:541} INFO - Filling up the DagBag from /opt/airflow/dags/our_first_dag.py
[2023-06-08T20:00:45.833+0000] {processor.py:836} INFO - DAG(s) dict_keys(['our_first_dag']) retrieved from /opt/airflow/dags/our_first_dag.py
[2023-06-08T20:00:45.861+0000] {logging_mixin.py:149} INFO - [2023-06-08T20:00:45.861+0000] {dag.py:2726} INFO - Sync 1 DAGs
[2023-06-08T20:00:45.879+0000] {logging_mixin.py:149} INFO - [2023-06-08T20:00:45.879+0000] {dag.py:3490} INFO - Setting next_dagrun for our_first_dag to 2023-06-08T00:00:00+00:00, run_after=2023-06-09T00:00:00+00:00
[2023-06-08T20:00:45.890+0000] {processor.py:179} INFO - Processing /opt/airflow/dags/our_first_dag.py took 0.085 seconds
[2023-06-08T20:01:16.092+0000] {processor.py:157} INFO - Started process (PID=942) to work on /opt/airflow/dags/our_first_dag.py
[2023-06-08T20:01:16.094+0000] {processor.py:826} INFO - Processing file /opt/airflow/dags/our_first_dag.py for tasks to queue
[2023-06-08T20:01:16.095+0000] {logging_mixin.py:149} INFO - [2023-06-08T20:01:16.095+0000] {dagbag.py:541} INFO - Filling up the DagBag from /opt/airflow/dags/our_first_dag.py
[2023-06-08T20:01:16.108+0000] {processor.py:836} INFO - DAG(s) dict_keys(['our_first_dag']) retrieved from /opt/airflow/dags/our_first_dag.py
[2023-06-08T20:01:16.131+0000] {logging_mixin.py:149} INFO - [2023-06-08T20:01:16.131+0000] {dag.py:2726} INFO - Sync 1 DAGs
[2023-06-08T20:01:16.146+0000] {logging_mixin.py:149} INFO - [2023-06-08T20:01:16.146+0000] {dag.py:3490} INFO - Setting next_dagrun for our_first_dag to 2023-06-08T00:00:00+00:00, run_after=2023-06-09T00:00:00+00:00
[2023-06-08T20:01:16.156+0000] {processor.py:179} INFO - Processing /opt/airflow/dags/our_first_dag.py took 0.068 seconds
[2023-06-08T20:01:46.553+0000] {processor.py:157} INFO - Started process (PID=954) to work on /opt/airflow/dags/our_first_dag.py
[2023-06-08T20:01:46.555+0000] {processor.py:826} INFO - Processing file /opt/airflow/dags/our_first_dag.py for tasks to queue
[2023-06-08T20:01:46.556+0000] {logging_mixin.py:149} INFO - [2023-06-08T20:01:46.556+0000] {dagbag.py:541} INFO - Filling up the DagBag from /opt/airflow/dags/our_first_dag.py
[2023-06-08T20:01:46.578+0000] {processor.py:836} INFO - DAG(s) dict_keys(['our_first_dag']) retrieved from /opt/airflow/dags/our_first_dag.py
[2023-06-08T20:01:46.609+0000] {logging_mixin.py:149} INFO - [2023-06-08T20:01:46.609+0000] {dag.py:2726} INFO - Sync 1 DAGs
[2023-06-08T20:01:46.628+0000] {logging_mixin.py:149} INFO - [2023-06-08T20:01:46.627+0000] {dag.py:3490} INFO - Setting next_dagrun for our_first_dag to 2023-06-08T00:00:00+00:00, run_after=2023-06-09T00:00:00+00:00
[2023-06-08T20:01:46.640+0000] {processor.py:179} INFO - Processing /opt/airflow/dags/our_first_dag.py took 0.093 seconds
[2023-06-08T20:02:16.862+0000] {processor.py:157} INFO - Started process (PID=966) to work on /opt/airflow/dags/our_first_dag.py
[2023-06-08T20:02:16.864+0000] {processor.py:826} INFO - Processing file /opt/airflow/dags/our_first_dag.py for tasks to queue
[2023-06-08T20:02:16.866+0000] {logging_mixin.py:149} INFO - [2023-06-08T20:02:16.865+0000] {dagbag.py:541} INFO - Filling up the DagBag from /opt/airflow/dags/our_first_dag.py
[2023-06-08T20:02:16.884+0000] {processor.py:836} INFO - DAG(s) dict_keys(['our_first_dag']) retrieved from /opt/airflow/dags/our_first_dag.py
[2023-06-08T20:02:16.909+0000] {logging_mixin.py:149} INFO - [2023-06-08T20:02:16.909+0000] {dag.py:2726} INFO - Sync 1 DAGs
[2023-06-08T20:02:16.925+0000] {logging_mixin.py:149} INFO - [2023-06-08T20:02:16.925+0000] {dag.py:3490} INFO - Setting next_dagrun for our_first_dag to 2023-06-08T00:00:00+00:00, run_after=2023-06-09T00:00:00+00:00
[2023-06-08T20:02:16.935+0000] {processor.py:179} INFO - Processing /opt/airflow/dags/our_first_dag.py took 0.079 seconds
[2023-06-08T20:02:47.250+0000] {processor.py:157} INFO - Started process (PID=978) to work on /opt/airflow/dags/our_first_dag.py
[2023-06-08T20:02:47.252+0000] {processor.py:826} INFO - Processing file /opt/airflow/dags/our_first_dag.py for tasks to queue
[2023-06-08T20:02:47.253+0000] {logging_mixin.py:149} INFO - [2023-06-08T20:02:47.253+0000] {dagbag.py:541} INFO - Filling up the DagBag from /opt/airflow/dags/our_first_dag.py
[2023-06-08T20:02:47.279+0000] {processor.py:836} INFO - DAG(s) dict_keys(['our_first_dag']) retrieved from /opt/airflow/dags/our_first_dag.py
[2023-06-08T20:02:47.312+0000] {logging_mixin.py:149} INFO - [2023-06-08T20:02:47.311+0000] {dag.py:2726} INFO - Sync 1 DAGs
[2023-06-08T20:02:47.331+0000] {logging_mixin.py:149} INFO - [2023-06-08T20:02:47.331+0000] {dag.py:3490} INFO - Setting next_dagrun for our_first_dag to 2023-06-08T00:00:00+00:00, run_after=2023-06-09T00:00:00+00:00
[2023-06-08T20:02:47.346+0000] {processor.py:179} INFO - Processing /opt/airflow/dags/our_first_dag.py took 0.102 seconds
[2023-06-08T20:03:17.561+0000] {processor.py:157} INFO - Started process (PID=991) to work on /opt/airflow/dags/our_first_dag.py
[2023-06-08T20:03:17.563+0000] {processor.py:826} INFO - Processing file /opt/airflow/dags/our_first_dag.py for tasks to queue
[2023-06-08T20:03:17.565+0000] {logging_mixin.py:149} INFO - [2023-06-08T20:03:17.565+0000] {dagbag.py:541} INFO - Filling up the DagBag from /opt/airflow/dags/our_first_dag.py
[2023-06-08T20:03:17.586+0000] {processor.py:836} INFO - DAG(s) dict_keys(['our_first_dag']) retrieved from /opt/airflow/dags/our_first_dag.py
[2023-06-08T20:03:17.614+0000] {logging_mixin.py:149} INFO - [2023-06-08T20:03:17.614+0000] {dag.py:2726} INFO - Sync 1 DAGs
[2023-06-08T20:03:17.631+0000] {logging_mixin.py:149} INFO - [2023-06-08T20:03:17.631+0000] {dag.py:3490} INFO - Setting next_dagrun for our_first_dag to 2023-06-08T00:00:00+00:00, run_after=2023-06-09T00:00:00+00:00
[2023-06-08T20:03:17.642+0000] {processor.py:179} INFO - Processing /opt/airflow/dags/our_first_dag.py took 0.086 seconds
[2023-06-08T20:03:47.925+0000] {processor.py:157} INFO - Started process (PID=1003) to work on /opt/airflow/dags/our_first_dag.py
[2023-06-08T20:03:47.926+0000] {processor.py:826} INFO - Processing file /opt/airflow/dags/our_first_dag.py for tasks to queue
[2023-06-08T20:03:47.927+0000] {logging_mixin.py:149} INFO - [2023-06-08T20:03:47.927+0000] {dagbag.py:541} INFO - Filling up the DagBag from /opt/airflow/dags/our_first_dag.py
[2023-06-08T20:03:47.951+0000] {processor.py:836} INFO - DAG(s) dict_keys(['our_first_dag']) retrieved from /opt/airflow/dags/our_first_dag.py
[2023-06-08T20:03:47.990+0000] {logging_mixin.py:149} INFO - [2023-06-08T20:03:47.990+0000] {dag.py:2726} INFO - Sync 1 DAGs
[2023-06-08T20:03:48.013+0000] {logging_mixin.py:149} INFO - [2023-06-08T20:03:48.013+0000] {dag.py:3490} INFO - Setting next_dagrun for our_first_dag to 2023-06-08T00:00:00+00:00, run_after=2023-06-09T00:00:00+00:00
[2023-06-08T20:03:48.046+0000] {processor.py:179} INFO - Processing /opt/airflow/dags/our_first_dag.py took 0.124 seconds
[2023-06-08T20:04:15.210+0000] {processor.py:157} INFO - Started process (PID=1015) to work on /opt/airflow/dags/our_first_dag.py
[2023-06-08T20:04:15.212+0000] {processor.py:826} INFO - Processing file /opt/airflow/dags/our_first_dag.py for tasks to queue
[2023-06-08T20:04:15.213+0000] {logging_mixin.py:149} INFO - [2023-06-08T20:04:15.213+0000] {dagbag.py:541} INFO - Filling up the DagBag from /opt/airflow/dags/our_first_dag.py
[2023-06-08T20:04:15.230+0000] {processor.py:836} INFO - DAG(s) dict_keys(['our_first_dag']) retrieved from /opt/airflow/dags/our_first_dag.py
[2023-06-08T20:04:15.254+0000] {logging_mixin.py:149} INFO - [2023-06-08T20:04:15.254+0000] {dag.py:2726} INFO - Sync 1 DAGs
[2023-06-08T20:04:15.272+0000] {logging_mixin.py:149} INFO - [2023-06-08T20:04:15.271+0000] {dag.py:3490} INFO - Setting next_dagrun for our_first_dag to 2023-06-08T00:00:00+00:00, run_after=2023-06-09T00:00:00+00:00
[2023-06-08T20:04:15.283+0000] {processor.py:179} INFO - Processing /opt/airflow/dags/our_first_dag.py took 0.078 seconds
[2023-06-08T20:04:45.615+0000] {processor.py:157} INFO - Started process (PID=1026) to work on /opt/airflow/dags/our_first_dag.py
[2023-06-08T20:04:45.618+0000] {processor.py:826} INFO - Processing file /opt/airflow/dags/our_first_dag.py for tasks to queue
[2023-06-08T20:04:45.619+0000] {logging_mixin.py:149} INFO - [2023-06-08T20:04:45.619+0000] {dagbag.py:541} INFO - Filling up the DagBag from /opt/airflow/dags/our_first_dag.py
[2023-06-08T20:04:45.638+0000] {processor.py:836} INFO - DAG(s) dict_keys(['our_first_dag']) retrieved from /opt/airflow/dags/our_first_dag.py
[2023-06-08T20:04:45.680+0000] {logging_mixin.py:149} INFO - [2023-06-08T20:04:45.680+0000] {dag.py:2726} INFO - Sync 1 DAGs
[2023-06-08T20:04:45.693+0000] {logging_mixin.py:149} INFO - [2023-06-08T20:04:45.693+0000] {dag.py:3490} INFO - Setting next_dagrun for our_first_dag to 2023-06-08T00:00:00+00:00, run_after=2023-06-09T00:00:00+00:00
[2023-06-08T20:04:45.705+0000] {processor.py:179} INFO - Processing /opt/airflow/dags/our_first_dag.py took 0.094 seconds
[2023-06-08T20:05:15.967+0000] {processor.py:157} INFO - Started process (PID=1038) to work on /opt/airflow/dags/our_first_dag.py
[2023-06-08T20:05:15.970+0000] {processor.py:826} INFO - Processing file /opt/airflow/dags/our_first_dag.py for tasks to queue
[2023-06-08T20:05:15.972+0000] {logging_mixin.py:149} INFO - [2023-06-08T20:05:15.971+0000] {dagbag.py:541} INFO - Filling up the DagBag from /opt/airflow/dags/our_first_dag.py
[2023-06-08T20:05:15.994+0000] {processor.py:836} INFO - DAG(s) dict_keys(['our_first_dag']) retrieved from /opt/airflow/dags/our_first_dag.py
[2023-06-08T20:05:16.021+0000] {logging_mixin.py:149} INFO - [2023-06-08T20:05:16.021+0000] {dag.py:2726} INFO - Sync 1 DAGs
[2023-06-08T20:05:16.038+0000] {logging_mixin.py:149} INFO - [2023-06-08T20:05:16.038+0000] {dag.py:3490} INFO - Setting next_dagrun for our_first_dag to 2023-06-08T00:00:00+00:00, run_after=2023-06-09T00:00:00+00:00
[2023-06-08T20:05:16.049+0000] {processor.py:179} INFO - Processing /opt/airflow/dags/our_first_dag.py took 0.088 seconds
[2023-06-08T20:05:26.177+0000] {processor.py:157} INFO - Started process (PID=1050) to work on /opt/airflow/dags/our_first_dag.py
[2023-06-08T20:05:26.179+0000] {processor.py:826} INFO - Processing file /opt/airflow/dags/our_first_dag.py for tasks to queue
[2023-06-08T20:05:26.180+0000] {logging_mixin.py:149} INFO - [2023-06-08T20:05:26.180+0000] {dagbag.py:541} INFO - Filling up the DagBag from /opt/airflow/dags/our_first_dag.py
[2023-06-08T20:05:26.199+0000] {processor.py:836} INFO - DAG(s) dict_keys(['our_first_dag_v2']) retrieved from /opt/airflow/dags/our_first_dag.py
[2023-06-08T20:05:26.267+0000] {logging_mixin.py:149} INFO - [2023-06-08T20:05:26.267+0000] {manager.py:504} INFO - Created Permission View: can read on DAG:our_first_dag_v2
[2023-06-08T20:05:26.272+0000] {logging_mixin.py:149} INFO - [2023-06-08T20:05:26.271+0000] {manager.py:504} INFO - Created Permission View: can delete on DAG:our_first_dag_v2
[2023-06-08T20:05:26.274+0000] {logging_mixin.py:149} INFO - [2023-06-08T20:05:26.274+0000] {manager.py:504} INFO - Created Permission View: can edit on DAG:our_first_dag_v2
[2023-06-08T20:05:26.275+0000] {logging_mixin.py:149} INFO - [2023-06-08T20:05:26.275+0000] {dag.py:2726} INFO - Sync 1 DAGs
[2023-06-08T20:05:26.282+0000] {logging_mixin.py:149} INFO - [2023-06-08T20:05:26.282+0000] {dag.py:2747} INFO - Creating ORM DAG for our_first_dag_v2
[2023-06-08T20:05:26.289+0000] {logging_mixin.py:149} INFO - [2023-06-08T20:05:26.289+0000] {dag.py:3490} INFO - Setting next_dagrun for our_first_dag_v2 to 2023-05-30T00:00:00+00:00, run_after=2023-05-31T00:00:00+00:00
[2023-06-08T20:05:26.298+0000] {processor.py:179} INFO - Processing /opt/airflow/dags/our_first_dag.py took 0.126 seconds
[2023-06-08T20:05:56.510+0000] {processor.py:157} INFO - Started process (PID=1116) to work on /opt/airflow/dags/our_first_dag.py
[2023-06-08T20:05:56.514+0000] {processor.py:826} INFO - Processing file /opt/airflow/dags/our_first_dag.py for tasks to queue
[2023-06-08T20:05:56.515+0000] {logging_mixin.py:149} INFO - [2023-06-08T20:05:56.515+0000] {dagbag.py:541} INFO - Filling up the DagBag from /opt/airflow/dags/our_first_dag.py
[2023-06-08T20:05:56.536+0000] {processor.py:836} INFO - DAG(s) dict_keys(['our_first_dag_v2']) retrieved from /opt/airflow/dags/our_first_dag.py
[2023-06-08T20:05:56.562+0000] {logging_mixin.py:149} INFO - [2023-06-08T20:05:56.562+0000] {dag.py:2726} INFO - Sync 1 DAGs
[2023-06-08T20:05:56.580+0000] {logging_mixin.py:149} INFO - [2023-06-08T20:05:56.580+0000] {dag.py:3490} INFO - Setting next_dagrun for our_first_dag_v2 to 2023-06-08T00:00:00+00:00, run_after=2023-06-09T00:00:00+00:00
[2023-06-08T20:05:56.591+0000] {processor.py:179} INFO - Processing /opt/airflow/dags/our_first_dag.py took 0.086 seconds
[2023-06-08T20:06:26.867+0000] {processor.py:157} INFO - Started process (PID=1128) to work on /opt/airflow/dags/our_first_dag.py
[2023-06-08T20:06:26.871+0000] {processor.py:826} INFO - Processing file /opt/airflow/dags/our_first_dag.py for tasks to queue
[2023-06-08T20:06:26.872+0000] {logging_mixin.py:149} INFO - [2023-06-08T20:06:26.872+0000] {dagbag.py:541} INFO - Filling up the DagBag from /opt/airflow/dags/our_first_dag.py
[2023-06-08T20:06:26.892+0000] {processor.py:836} INFO - DAG(s) dict_keys(['our_first_dag_v2']) retrieved from /opt/airflow/dags/our_first_dag.py
[2023-06-08T20:06:26.927+0000] {logging_mixin.py:149} INFO - [2023-06-08T20:06:26.927+0000] {dag.py:2726} INFO - Sync 1 DAGs
[2023-06-08T20:06:26.946+0000] {logging_mixin.py:149} INFO - [2023-06-08T20:06:26.946+0000] {dag.py:3490} INFO - Setting next_dagrun for our_first_dag_v2 to 2023-06-08T00:00:00+00:00, run_after=2023-06-09T00:00:00+00:00
[2023-06-08T20:06:26.959+0000] {processor.py:179} INFO - Processing /opt/airflow/dags/our_first_dag.py took 0.096 seconds
[2023-06-08T20:06:57.171+0000] {processor.py:157} INFO - Started process (PID=1140) to work on /opt/airflow/dags/our_first_dag.py
[2023-06-08T20:06:57.174+0000] {processor.py:826} INFO - Processing file /opt/airflow/dags/our_first_dag.py for tasks to queue
[2023-06-08T20:06:57.175+0000] {logging_mixin.py:149} INFO - [2023-06-08T20:06:57.175+0000] {dagbag.py:541} INFO - Filling up the DagBag from /opt/airflow/dags/our_first_dag.py
[2023-06-08T20:06:57.189+0000] {processor.py:836} INFO - DAG(s) dict_keys(['our_first_dag_v2']) retrieved from /opt/airflow/dags/our_first_dag.py
[2023-06-08T20:06:57.219+0000] {logging_mixin.py:149} INFO - [2023-06-08T20:06:57.218+0000] {dag.py:2726} INFO - Sync 1 DAGs
[2023-06-08T20:06:57.236+0000] {logging_mixin.py:149} INFO - [2023-06-08T20:06:57.236+0000] {dag.py:3490} INFO - Setting next_dagrun for our_first_dag_v2 to 2023-06-08T00:00:00+00:00, run_after=2023-06-09T00:00:00+00:00
[2023-06-08T20:06:57.247+0000] {processor.py:179} INFO - Processing /opt/airflow/dags/our_first_dag.py took 0.080 seconds
[2023-06-08T20:07:27.463+0000] {processor.py:157} INFO - Started process (PID=1152) to work on /opt/airflow/dags/our_first_dag.py
[2023-06-08T20:07:27.465+0000] {processor.py:826} INFO - Processing file /opt/airflow/dags/our_first_dag.py for tasks to queue
[2023-06-08T20:07:27.466+0000] {logging_mixin.py:149} INFO - [2023-06-08T20:07:27.466+0000] {dagbag.py:541} INFO - Filling up the DagBag from /opt/airflow/dags/our_first_dag.py
[2023-06-08T20:07:27.480+0000] {processor.py:836} INFO - DAG(s) dict_keys(['our_first_dag_v2']) retrieved from /opt/airflow/dags/our_first_dag.py
[2023-06-08T20:07:27.505+0000] {logging_mixin.py:149} INFO - [2023-06-08T20:07:27.505+0000] {dag.py:2726} INFO - Sync 1 DAGs
[2023-06-08T20:07:27.522+0000] {logging_mixin.py:149} INFO - [2023-06-08T20:07:27.522+0000] {dag.py:3490} INFO - Setting next_dagrun for our_first_dag_v2 to 2023-06-08T00:00:00+00:00, run_after=2023-06-09T00:00:00+00:00
[2023-06-08T20:07:27.533+0000] {processor.py:179} INFO - Processing /opt/airflow/dags/our_first_dag.py took 0.072 seconds
[2023-06-08T20:07:39.600+0000] {processor.py:157} INFO - Started process (PID=1157) to work on /opt/airflow/dags/our_first_dag.py
[2023-06-08T20:07:39.602+0000] {processor.py:826} INFO - Processing file /opt/airflow/dags/our_first_dag.py for tasks to queue
[2023-06-08T20:07:39.603+0000] {logging_mixin.py:149} INFO - [2023-06-08T20:07:39.603+0000] {dagbag.py:541} INFO - Filling up the DagBag from /opt/airflow/dags/our_first_dag.py
[2023-06-08T20:07:39.610+0000] {logging_mixin.py:149} INFO - [2023-06-08T20:07:39.608+0000] {dagbag.py:350} ERROR - Failed to import: /opt/airflow/dags/our_first_dag.py
Traceback (most recent call last):
  File "/home/airflow/.local/lib/python3.7/site-packages/airflow/models/dagbag.py", line 346, in parse
    loader.exec_module(new_module)
  File "<frozen importlib._bootstrap_external>", line 724, in exec_module
  File "<frozen importlib._bootstrap_external>", line 860, in get_code
  File "<frozen importlib._bootstrap_external>", line 791, in source_to_code
  File "<frozen importlib._bootstrap>", line 219, in _call_with_frames_removed
  File "/opt/airflow/dags/our_first_dag.py", line 32
    bash_command='echo hey, I am task3 and will be running at the same time as task 2'
               ^
SyntaxError: invalid syntax
[2023-06-08T20:07:39.611+0000] {processor.py:838} WARNING - No viable dags retrieved from /opt/airflow/dags/our_first_dag.py
[2023-06-08T20:07:39.631+0000] {processor.py:179} INFO - Processing /opt/airflow/dags/our_first_dag.py took 0.036 seconds
[2023-06-08T20:07:58.879+0000] {processor.py:157} INFO - Started process (PID=1169) to work on /opt/airflow/dags/our_first_dag.py
[2023-06-08T20:07:58.882+0000] {processor.py:826} INFO - Processing file /opt/airflow/dags/our_first_dag.py for tasks to queue
[2023-06-08T20:07:58.883+0000] {logging_mixin.py:149} INFO - [2023-06-08T20:07:58.883+0000] {dagbag.py:541} INFO - Filling up the DagBag from /opt/airflow/dags/our_first_dag.py
[2023-06-08T20:07:58.891+0000] {logging_mixin.py:149} INFO - [2023-06-08T20:07:58.888+0000] {dagbag.py:350} ERROR - Failed to import: /opt/airflow/dags/our_first_dag.py
Traceback (most recent call last):
  File "/home/airflow/.local/lib/python3.7/site-packages/airflow/models/dagbag.py", line 346, in parse
    loader.exec_module(new_module)
  File "<frozen importlib._bootstrap_external>", line 724, in exec_module
  File "<frozen importlib._bootstrap_external>", line 860, in get_code
  File "<frozen importlib._bootstrap_external>", line 791, in source_to_code
  File "<frozen importlib._bootstrap>", line 219, in _call_with_frames_removed
  File "/opt/airflow/dags/our_first_dag.py", line 32
    bash_command='echo hey, I am task3 and will be running at the same time as task 2'
               ^
SyntaxError: invalid syntax
[2023-06-08T20:07:58.892+0000] {processor.py:838} WARNING - No viable dags retrieved from /opt/airflow/dags/our_first_dag.py
[2023-06-08T20:07:58.911+0000] {processor.py:179} INFO - Processing /opt/airflow/dags/our_first_dag.py took 0.037 seconds
[2023-06-08T20:08:03.965+0000] {processor.py:157} INFO - Started process (PID=1174) to work on /opt/airflow/dags/our_first_dag.py
[2023-06-08T20:08:03.967+0000] {processor.py:826} INFO - Processing file /opt/airflow/dags/our_first_dag.py for tasks to queue
[2023-06-08T20:08:03.968+0000] {logging_mixin.py:149} INFO - [2023-06-08T20:08:03.968+0000] {dagbag.py:541} INFO - Filling up the DagBag from /opt/airflow/dags/our_first_dag.py
[2023-06-08T20:08:03.991+0000] {processor.py:836} INFO - DAG(s) dict_keys(['our_first_dag_v2']) retrieved from /opt/airflow/dags/our_first_dag.py
[2023-06-08T20:08:04.038+0000] {logging_mixin.py:149} INFO - [2023-06-08T20:08:04.038+0000] {dag.py:2726} INFO - Sync 1 DAGs
[2023-06-08T20:08:04.053+0000] {logging_mixin.py:149} INFO - [2023-06-08T20:08:04.053+0000] {dag.py:3490} INFO - Setting next_dagrun for our_first_dag_v2 to 2023-06-08T00:00:00+00:00, run_after=2023-06-09T00:00:00+00:00
[2023-06-08T20:08:04.070+0000] {processor.py:179} INFO - Processing /opt/airflow/dags/our_first_dag.py took 0.110 seconds
[2023-06-08T20:08:14.068+0000] {processor.py:157} INFO - Started process (PID=1179) to work on /opt/airflow/dags/our_first_dag.py
[2023-06-08T20:08:14.069+0000] {processor.py:826} INFO - Processing file /opt/airflow/dags/our_first_dag.py for tasks to queue
[2023-06-08T20:08:14.070+0000] {logging_mixin.py:149} INFO - [2023-06-08T20:08:14.070+0000] {dagbag.py:541} INFO - Filling up the DagBag from /opt/airflow/dags/our_first_dag.py
[2023-06-08T20:08:14.088+0000] {processor.py:836} INFO - DAG(s) dict_keys(['our_first_dag_v3']) retrieved from /opt/airflow/dags/our_first_dag.py
[2023-06-08T20:08:14.161+0000] {logging_mixin.py:149} INFO - [2023-06-08T20:08:14.161+0000] {manager.py:504} INFO - Created Permission View: can read on DAG:our_first_dag_v3
[2023-06-08T20:08:14.167+0000] {logging_mixin.py:149} INFO - [2023-06-08T20:08:14.167+0000] {manager.py:504} INFO - Created Permission View: can delete on DAG:our_first_dag_v3
[2023-06-08T20:08:14.171+0000] {logging_mixin.py:149} INFO - [2023-06-08T20:08:14.170+0000] {manager.py:504} INFO - Created Permission View: can edit on DAG:our_first_dag_v3
[2023-06-08T20:08:14.171+0000] {logging_mixin.py:149} INFO - [2023-06-08T20:08:14.171+0000] {dag.py:2726} INFO - Sync 1 DAGs
[2023-06-08T20:08:14.178+0000] {logging_mixin.py:149} INFO - [2023-06-08T20:08:14.178+0000] {dag.py:2747} INFO - Creating ORM DAG for our_first_dag_v3
[2023-06-08T20:08:14.184+0000] {logging_mixin.py:149} INFO - [2023-06-08T20:08:14.184+0000] {dag.py:3490} INFO - Setting next_dagrun for our_first_dag_v3 to 2023-05-30T00:00:00+00:00, run_after=2023-05-31T00:00:00+00:00
[2023-06-08T20:08:14.194+0000] {processor.py:179} INFO - Processing /opt/airflow/dags/our_first_dag.py took 0.129 seconds
[2023-06-08T20:08:19.245+0000] {processor.py:157} INFO - Started process (PID=1184) to work on /opt/airflow/dags/our_first_dag.py
[2023-06-08T20:08:19.246+0000] {processor.py:826} INFO - Processing file /opt/airflow/dags/our_first_dag.py for tasks to queue
[2023-06-08T20:08:19.248+0000] {logging_mixin.py:149} INFO - [2023-06-08T20:08:19.248+0000] {dagbag.py:541} INFO - Filling up the DagBag from /opt/airflow/dags/our_first_dag.py
[2023-06-08T20:08:19.268+0000] {processor.py:836} INFO - DAG(s) dict_keys(['our_first_dag_v3']) retrieved from /opt/airflow/dags/our_first_dag.py
[2023-06-08T20:08:19.282+0000] {logging_mixin.py:149} INFO - [2023-06-08T20:08:19.282+0000] {dag.py:2726} INFO - Sync 1 DAGs
[2023-06-08T20:08:19.297+0000] {logging_mixin.py:149} INFO - [2023-06-08T20:08:19.297+0000] {dag.py:3490} INFO - Setting next_dagrun for our_first_dag_v3 to 2023-05-30T00:00:00+00:00, run_after=2023-05-31T00:00:00+00:00
[2023-06-08T20:08:19.308+0000] {processor.py:179} INFO - Processing /opt/airflow/dags/our_first_dag.py took 0.068 seconds
[2023-06-08T20:08:49.578+0000] {processor.py:157} INFO - Started process (PID=1196) to work on /opt/airflow/dags/our_first_dag.py
[2023-06-08T20:08:49.581+0000] {processor.py:826} INFO - Processing file /opt/airflow/dags/our_first_dag.py for tasks to queue
[2023-06-08T20:08:49.582+0000] {logging_mixin.py:149} INFO - [2023-06-08T20:08:49.582+0000] {dagbag.py:541} INFO - Filling up the DagBag from /opt/airflow/dags/our_first_dag.py
[2023-06-08T20:08:49.601+0000] {processor.py:836} INFO - DAG(s) dict_keys(['our_first_dag_v3']) retrieved from /opt/airflow/dags/our_first_dag.py
[2023-06-08T20:08:49.624+0000] {logging_mixin.py:149} INFO - [2023-06-08T20:08:49.624+0000] {dag.py:2726} INFO - Sync 1 DAGs
[2023-06-08T20:08:49.640+0000] {logging_mixin.py:149} INFO - [2023-06-08T20:08:49.640+0000] {dag.py:3490} INFO - Setting next_dagrun for our_first_dag_v3 to 2023-05-30T00:00:00+00:00, run_after=2023-05-31T00:00:00+00:00
[2023-06-08T20:08:49.650+0000] {processor.py:179} INFO - Processing /opt/airflow/dags/our_first_dag.py took 0.076 seconds
[2023-06-08T20:09:19.923+0000] {processor.py:157} INFO - Started process (PID=1289) to work on /opt/airflow/dags/our_first_dag.py
[2023-06-08T20:09:19.927+0000] {processor.py:826} INFO - Processing file /opt/airflow/dags/our_first_dag.py for tasks to queue
[2023-06-08T20:09:19.928+0000] {logging_mixin.py:149} INFO - [2023-06-08T20:09:19.928+0000] {dagbag.py:541} INFO - Filling up the DagBag from /opt/airflow/dags/our_first_dag.py
[2023-06-08T20:09:19.949+0000] {processor.py:836} INFO - DAG(s) dict_keys(['our_first_dag_v3']) retrieved from /opt/airflow/dags/our_first_dag.py
[2023-06-08T20:09:19.973+0000] {logging_mixin.py:149} INFO - [2023-06-08T20:09:19.973+0000] {dag.py:2726} INFO - Sync 1 DAGs
[2023-06-08T20:09:19.990+0000] {logging_mixin.py:149} INFO - [2023-06-08T20:09:19.990+0000] {dag.py:3490} INFO - Setting next_dagrun for our_first_dag_v3 to 2023-06-08T00:00:00+00:00, run_after=2023-06-09T00:00:00+00:00
[2023-06-08T20:09:20.000+0000] {processor.py:179} INFO - Processing /opt/airflow/dags/our_first_dag.py took 0.082 seconds
[2023-06-08T20:09:50.268+0000] {processor.py:157} INFO - Started process (PID=1301) to work on /opt/airflow/dags/our_first_dag.py
[2023-06-08T20:09:50.270+0000] {processor.py:826} INFO - Processing file /opt/airflow/dags/our_first_dag.py for tasks to queue
[2023-06-08T20:09:50.271+0000] {logging_mixin.py:149} INFO - [2023-06-08T20:09:50.271+0000] {dagbag.py:541} INFO - Filling up the DagBag from /opt/airflow/dags/our_first_dag.py
[2023-06-08T20:09:50.294+0000] {processor.py:836} INFO - DAG(s) dict_keys(['our_first_dag_v3']) retrieved from /opt/airflow/dags/our_first_dag.py
[2023-06-08T20:09:50.318+0000] {logging_mixin.py:149} INFO - [2023-06-08T20:09:50.318+0000] {dag.py:2726} INFO - Sync 1 DAGs
[2023-06-08T20:09:50.334+0000] {logging_mixin.py:149} INFO - [2023-06-08T20:09:50.334+0000] {dag.py:3490} INFO - Setting next_dagrun for our_first_dag_v3 to 2023-06-08T00:00:00+00:00, run_after=2023-06-09T00:00:00+00:00
[2023-06-08T20:09:50.344+0000] {processor.py:179} INFO - Processing /opt/airflow/dags/our_first_dag.py took 0.081 seconds
[2023-06-08T20:10:20.634+0000] {processor.py:157} INFO - Started process (PID=1313) to work on /opt/airflow/dags/our_first_dag.py
[2023-06-08T20:10:20.636+0000] {processor.py:826} INFO - Processing file /opt/airflow/dags/our_first_dag.py for tasks to queue
[2023-06-08T20:10:20.637+0000] {logging_mixin.py:149} INFO - [2023-06-08T20:10:20.637+0000] {dagbag.py:541} INFO - Filling up the DagBag from /opt/airflow/dags/our_first_dag.py
[2023-06-08T20:10:20.652+0000] {processor.py:836} INFO - DAG(s) dict_keys(['our_first_dag_v3']) retrieved from /opt/airflow/dags/our_first_dag.py
[2023-06-08T20:10:20.679+0000] {logging_mixin.py:149} INFO - [2023-06-08T20:10:20.679+0000] {dag.py:2726} INFO - Sync 1 DAGs
[2023-06-08T20:10:20.697+0000] {logging_mixin.py:149} INFO - [2023-06-08T20:10:20.696+0000] {dag.py:3490} INFO - Setting next_dagrun for our_first_dag_v3 to 2023-06-08T00:00:00+00:00, run_after=2023-06-09T00:00:00+00:00
[2023-06-08T20:10:20.707+0000] {processor.py:179} INFO - Processing /opt/airflow/dags/our_first_dag.py took 0.078 seconds
[2023-06-08T20:10:27.782+0000] {processor.py:157} INFO - Started process (PID=1325) to work on /opt/airflow/dags/our_first_dag.py
[2023-06-08T20:10:27.784+0000] {processor.py:826} INFO - Processing file /opt/airflow/dags/our_first_dag.py for tasks to queue
[2023-06-08T20:10:27.787+0000] {logging_mixin.py:149} INFO - [2023-06-08T20:10:27.786+0000] {dagbag.py:541} INFO - Filling up the DagBag from /opt/airflow/dags/our_first_dag.py
[2023-06-08T20:10:27.810+0000] {processor.py:836} INFO - DAG(s) dict_keys(['our_first_dag_v4']) retrieved from /opt/airflow/dags/our_first_dag.py
[2023-06-08T20:10:27.881+0000] {logging_mixin.py:149} INFO - [2023-06-08T20:10:27.881+0000] {manager.py:504} INFO - Created Permission View: can read on DAG:our_first_dag_v4
[2023-06-08T20:10:27.885+0000] {logging_mixin.py:149} INFO - [2023-06-08T20:10:27.885+0000] {manager.py:504} INFO - Created Permission View: can delete on DAG:our_first_dag_v4
[2023-06-08T20:10:27.889+0000] {logging_mixin.py:149} INFO - [2023-06-08T20:10:27.889+0000] {manager.py:504} INFO - Created Permission View: can edit on DAG:our_first_dag_v4
[2023-06-08T20:10:27.889+0000] {logging_mixin.py:149} INFO - [2023-06-08T20:10:27.889+0000] {dag.py:2726} INFO - Sync 1 DAGs
[2023-06-08T20:10:27.896+0000] {logging_mixin.py:149} INFO - [2023-06-08T20:10:27.896+0000] {dag.py:2747} INFO - Creating ORM DAG for our_first_dag_v4
[2023-06-08T20:10:27.902+0000] {logging_mixin.py:149} INFO - [2023-06-08T20:10:27.902+0000] {dag.py:3490} INFO - Setting next_dagrun for our_first_dag_v4 to 2023-05-30T00:00:00+00:00, run_after=2023-05-31T00:00:00+00:00
[2023-06-08T20:10:27.911+0000] {processor.py:179} INFO - Processing /opt/airflow/dags/our_first_dag.py took 0.134 seconds
[2023-06-08T20:10:58.108+0000] {processor.py:157} INFO - Started process (PID=1337) to work on /opt/airflow/dags/our_first_dag.py
[2023-06-08T20:10:58.110+0000] {processor.py:826} INFO - Processing file /opt/airflow/dags/our_first_dag.py for tasks to queue
[2023-06-08T20:10:58.111+0000] {logging_mixin.py:149} INFO - [2023-06-08T20:10:58.111+0000] {dagbag.py:541} INFO - Filling up the DagBag from /opt/airflow/dags/our_first_dag.py
[2023-06-08T20:10:58.131+0000] {processor.py:836} INFO - DAG(s) dict_keys(['our_first_dag_v4']) retrieved from /opt/airflow/dags/our_first_dag.py
[2023-06-08T20:10:58.160+0000] {logging_mixin.py:149} INFO - [2023-06-08T20:10:58.160+0000] {dag.py:2726} INFO - Sync 1 DAGs
[2023-06-08T20:10:58.175+0000] {logging_mixin.py:149} INFO - [2023-06-08T20:10:58.175+0000] {dag.py:3490} INFO - Setting next_dagrun for our_first_dag_v4 to 2023-05-30T00:00:00+00:00, run_after=2023-05-31T00:00:00+00:00
[2023-06-08T20:10:58.186+0000] {processor.py:179} INFO - Processing /opt/airflow/dags/our_first_dag.py took 0.084 seconds
[2023-06-08T20:11:28.463+0000] {processor.py:157} INFO - Started process (PID=1349) to work on /opt/airflow/dags/our_first_dag.py
[2023-06-08T20:11:28.465+0000] {processor.py:826} INFO - Processing file /opt/airflow/dags/our_first_dag.py for tasks to queue
[2023-06-08T20:11:28.466+0000] {logging_mixin.py:149} INFO - [2023-06-08T20:11:28.466+0000] {dagbag.py:541} INFO - Filling up the DagBag from /opt/airflow/dags/our_first_dag.py
[2023-06-08T20:11:28.487+0000] {processor.py:836} INFO - DAG(s) dict_keys(['our_first_dag_v4']) retrieved from /opt/airflow/dags/our_first_dag.py
[2023-06-08T20:11:28.513+0000] {logging_mixin.py:149} INFO - [2023-06-08T20:11:28.513+0000] {dag.py:2726} INFO - Sync 1 DAGs
[2023-06-08T20:11:28.529+0000] {logging_mixin.py:149} INFO - [2023-06-08T20:11:28.529+0000] {dag.py:3490} INFO - Setting next_dagrun for our_first_dag_v4 to 2023-05-30T00:00:00+00:00, run_after=2023-05-31T00:00:00+00:00
[2023-06-08T20:11:28.539+0000] {processor.py:179} INFO - Processing /opt/airflow/dags/our_first_dag.py took 0.081 seconds
[2023-06-08T20:11:57.784+0000] {processor.py:157} INFO - Started process (PID=1361) to work on /opt/airflow/dags/our_first_dag.py
[2023-06-08T20:11:57.787+0000] {processor.py:826} INFO - Processing file /opt/airflow/dags/our_first_dag.py for tasks to queue
[2023-06-08T20:11:57.788+0000] {logging_mixin.py:149} INFO - [2023-06-08T20:11:57.788+0000] {dagbag.py:541} INFO - Filling up the DagBag from /opt/airflow/dags/our_first_dag.py
[2023-06-08T20:11:57.811+0000] {processor.py:836} INFO - DAG(s) dict_keys(['our_first_dag_v4']) retrieved from /opt/airflow/dags/our_first_dag.py
[2023-06-08T20:11:57.835+0000] {logging_mixin.py:149} INFO - [2023-06-08T20:11:57.835+0000] {dag.py:2726} INFO - Sync 1 DAGs
[2023-06-08T20:11:57.852+0000] {logging_mixin.py:149} INFO - [2023-06-08T20:11:57.852+0000] {dag.py:3490} INFO - Setting next_dagrun for our_first_dag_v4 to 2023-05-30T00:00:00+00:00, run_after=2023-05-31T00:00:00+00:00
[2023-06-08T20:11:57.864+0000] {processor.py:179} INFO - Processing /opt/airflow/dags/our_first_dag.py took 0.085 seconds
[2023-06-08T20:12:04.894+0000] {processor.py:157} INFO - Started process (PID=1366) to work on /opt/airflow/dags/our_first_dag.py
[2023-06-08T20:12:04.896+0000] {processor.py:826} INFO - Processing file /opt/airflow/dags/our_first_dag.py for tasks to queue
[2023-06-08T20:12:04.897+0000] {logging_mixin.py:149} INFO - [2023-06-08T20:12:04.897+0000] {dagbag.py:541} INFO - Filling up the DagBag from /opt/airflow/dags/our_first_dag.py
[2023-06-08T20:12:04.919+0000] {processor.py:836} INFO - DAG(s) dict_keys(['our_first_dag_v5']) retrieved from /opt/airflow/dags/our_first_dag.py
[2023-06-08T20:12:04.990+0000] {logging_mixin.py:149} INFO - [2023-06-08T20:12:04.989+0000] {manager.py:504} INFO - Created Permission View: can read on DAG:our_first_dag_v5
[2023-06-08T20:12:04.995+0000] {logging_mixin.py:149} INFO - [2023-06-08T20:12:04.995+0000] {manager.py:504} INFO - Created Permission View: can delete on DAG:our_first_dag_v5
[2023-06-08T20:12:04.999+0000] {logging_mixin.py:149} INFO - [2023-06-08T20:12:04.999+0000] {manager.py:504} INFO - Created Permission View: can edit on DAG:our_first_dag_v5
[2023-06-08T20:12:04.999+0000] {logging_mixin.py:149} INFO - [2023-06-08T20:12:04.999+0000] {dag.py:2726} INFO - Sync 1 DAGs
[2023-06-08T20:12:05.009+0000] {logging_mixin.py:149} INFO - [2023-06-08T20:12:05.008+0000] {dag.py:2747} INFO - Creating ORM DAG for our_first_dag_v5
[2023-06-08T20:12:05.016+0000] {logging_mixin.py:149} INFO - [2023-06-08T20:12:05.016+0000] {dag.py:3490} INFO - Setting next_dagrun for our_first_dag_v5 to 2023-05-30T00:00:00+00:00, run_after=2023-05-31T00:00:00+00:00
[2023-06-08T20:12:05.026+0000] {processor.py:179} INFO - Processing /opt/airflow/dags/our_first_dag.py took 0.138 seconds
[2023-06-08T20:12:31.237+0000] {processor.py:157} INFO - Started process (PID=1378) to work on /opt/airflow/dags/our_first_dag.py
[2023-06-08T20:12:31.240+0000] {processor.py:826} INFO - Processing file /opt/airflow/dags/our_first_dag.py for tasks to queue
[2023-06-08T20:12:31.242+0000] {logging_mixin.py:149} INFO - [2023-06-08T20:12:31.242+0000] {dagbag.py:541} INFO - Filling up the DagBag from /opt/airflow/dags/our_first_dag.py
[2023-06-08T20:12:31.263+0000] {processor.py:836} INFO - DAG(s) dict_keys(['our_first_dag_v5']) retrieved from /opt/airflow/dags/our_first_dag.py
[2023-06-08T20:12:31.276+0000] {logging_mixin.py:149} INFO - [2023-06-08T20:12:31.276+0000] {dag.py:2726} INFO - Sync 1 DAGs
[2023-06-08T20:12:31.292+0000] {logging_mixin.py:149} INFO - [2023-06-08T20:12:31.292+0000] {dag.py:3490} INFO - Setting next_dagrun for our_first_dag_v5 to 2023-05-30T00:00:00+00:00, run_after=2023-05-31T00:00:00+00:00
[2023-06-08T20:12:31.303+0000] {processor.py:179} INFO - Processing /opt/airflow/dags/our_first_dag.py took 0.072 seconds
[2023-06-08T20:13:01.638+0000] {processor.py:157} INFO - Started process (PID=1390) to work on /opt/airflow/dags/our_first_dag.py
[2023-06-08T20:13:01.641+0000] {processor.py:826} INFO - Processing file /opt/airflow/dags/our_first_dag.py for tasks to queue
[2023-06-08T20:13:01.642+0000] {logging_mixin.py:149} INFO - [2023-06-08T20:13:01.642+0000] {dagbag.py:541} INFO - Filling up the DagBag from /opt/airflow/dags/our_first_dag.py
[2023-06-08T20:13:01.662+0000] {processor.py:836} INFO - DAG(s) dict_keys(['our_first_dag_v5']) retrieved from /opt/airflow/dags/our_first_dag.py
[2023-06-08T20:13:01.689+0000] {logging_mixin.py:149} INFO - [2023-06-08T20:13:01.689+0000] {dag.py:2726} INFO - Sync 1 DAGs
[2023-06-08T20:13:01.704+0000] {logging_mixin.py:149} INFO - [2023-06-08T20:13:01.704+0000] {dag.py:3490} INFO - Setting next_dagrun for our_first_dag_v5 to 2023-05-30T00:00:00+00:00, run_after=2023-05-31T00:00:00+00:00
[2023-06-08T20:13:01.714+0000] {processor.py:179} INFO - Processing /opt/airflow/dags/our_first_dag.py took 0.082 seconds
[2023-06-08T20:13:31.954+0000] {processor.py:157} INFO - Started process (PID=1402) to work on /opt/airflow/dags/our_first_dag.py
[2023-06-08T20:13:31.957+0000] {processor.py:826} INFO - Processing file /opt/airflow/dags/our_first_dag.py for tasks to queue
[2023-06-08T20:13:31.959+0000] {logging_mixin.py:149} INFO - [2023-06-08T20:13:31.958+0000] {dagbag.py:541} INFO - Filling up the DagBag from /opt/airflow/dags/our_first_dag.py
[2023-06-08T20:13:31.973+0000] {processor.py:836} INFO - DAG(s) dict_keys(['our_first_dag_v5']) retrieved from /opt/airflow/dags/our_first_dag.py
[2023-06-08T20:13:31.996+0000] {logging_mixin.py:149} INFO - [2023-06-08T20:13:31.996+0000] {dag.py:2726} INFO - Sync 1 DAGs
[2023-06-08T20:13:32.011+0000] {logging_mixin.py:149} INFO - [2023-06-08T20:13:32.010+0000] {dag.py:3490} INFO - Setting next_dagrun for our_first_dag_v5 to 2023-05-30T00:00:00+00:00, run_after=2023-05-31T00:00:00+00:00
[2023-06-08T20:13:32.021+0000] {processor.py:179} INFO - Processing /opt/airflow/dags/our_first_dag.py took 0.073 seconds
[2023-06-08T20:14:02.246+0000] {processor.py:157} INFO - Started process (PID=1414) to work on /opt/airflow/dags/our_first_dag.py
[2023-06-08T20:14:02.249+0000] {processor.py:826} INFO - Processing file /opt/airflow/dags/our_first_dag.py for tasks to queue
[2023-06-08T20:14:02.250+0000] {logging_mixin.py:149} INFO - [2023-06-08T20:14:02.250+0000] {dagbag.py:541} INFO - Filling up the DagBag from /opt/airflow/dags/our_first_dag.py
[2023-06-08T20:14:02.267+0000] {processor.py:836} INFO - DAG(s) dict_keys(['our_first_dag_v5']) retrieved from /opt/airflow/dags/our_first_dag.py
[2023-06-08T20:14:02.293+0000] {logging_mixin.py:149} INFO - [2023-06-08T20:14:02.293+0000] {dag.py:2726} INFO - Sync 1 DAGs
[2023-06-08T20:14:02.310+0000] {logging_mixin.py:149} INFO - [2023-06-08T20:14:02.310+0000] {dag.py:3490} INFO - Setting next_dagrun for our_first_dag_v5 to 2023-05-30T00:00:00+00:00, run_after=2023-05-31T00:00:00+00:00
[2023-06-08T20:14:02.322+0000] {processor.py:179} INFO - Processing /opt/airflow/dags/our_first_dag.py took 0.081 seconds
[2023-06-08T20:14:32.508+0000] {processor.py:157} INFO - Started process (PID=1426) to work on /opt/airflow/dags/our_first_dag.py
[2023-06-08T20:14:32.510+0000] {processor.py:826} INFO - Processing file /opt/airflow/dags/our_first_dag.py for tasks to queue
[2023-06-08T20:14:32.511+0000] {logging_mixin.py:149} INFO - [2023-06-08T20:14:32.511+0000] {dagbag.py:541} INFO - Filling up the DagBag from /opt/airflow/dags/our_first_dag.py
[2023-06-08T20:14:32.529+0000] {processor.py:836} INFO - DAG(s) dict_keys(['our_first_dag_v5']) retrieved from /opt/airflow/dags/our_first_dag.py
[2023-06-08T20:14:32.553+0000] {logging_mixin.py:149} INFO - [2023-06-08T20:14:32.553+0000] {dag.py:2726} INFO - Sync 1 DAGs
[2023-06-08T20:14:32.568+0000] {logging_mixin.py:149} INFO - [2023-06-08T20:14:32.568+0000] {dag.py:3490} INFO - Setting next_dagrun for our_first_dag_v5 to 2023-05-30T00:00:00+00:00, run_after=2023-05-31T00:00:00+00:00
[2023-06-08T20:14:32.578+0000] {processor.py:179} INFO - Processing /opt/airflow/dags/our_first_dag.py took 0.076 seconds
[2023-06-08T20:15:02.813+0000] {processor.py:157} INFO - Started process (PID=1438) to work on /opt/airflow/dags/our_first_dag.py
[2023-06-08T20:15:02.814+0000] {processor.py:826} INFO - Processing file /opt/airflow/dags/our_first_dag.py for tasks to queue
[2023-06-08T20:15:02.815+0000] {logging_mixin.py:149} INFO - [2023-06-08T20:15:02.814+0000] {dagbag.py:541} INFO - Filling up the DagBag from /opt/airflow/dags/our_first_dag.py
[2023-06-08T20:15:02.824+0000] {processor.py:836} INFO - DAG(s) dict_keys(['our_first_dag_v5']) retrieved from /opt/airflow/dags/our_first_dag.py
[2023-06-08T20:15:02.844+0000] {logging_mixin.py:149} INFO - [2023-06-08T20:15:02.844+0000] {dag.py:2726} INFO - Sync 1 DAGs
[2023-06-08T20:15:02.859+0000] {logging_mixin.py:149} INFO - [2023-06-08T20:15:02.859+0000] {dag.py:3490} INFO - Setting next_dagrun for our_first_dag_v5 to 2023-05-30T00:00:00+00:00, run_after=2023-05-31T00:00:00+00:00
[2023-06-08T20:15:02.869+0000] {processor.py:179} INFO - Processing /opt/airflow/dags/our_first_dag.py took 0.058 seconds
[2023-06-08T20:15:33.122+0000] {processor.py:157} INFO - Started process (PID=1450) to work on /opt/airflow/dags/our_first_dag.py
[2023-06-08T20:15:33.124+0000] {processor.py:826} INFO - Processing file /opt/airflow/dags/our_first_dag.py for tasks to queue
[2023-06-08T20:15:33.125+0000] {logging_mixin.py:149} INFO - [2023-06-08T20:15:33.125+0000] {dagbag.py:541} INFO - Filling up the DagBag from /opt/airflow/dags/our_first_dag.py
[2023-06-08T20:15:33.143+0000] {processor.py:836} INFO - DAG(s) dict_keys(['our_first_dag_v5']) retrieved from /opt/airflow/dags/our_first_dag.py
[2023-06-08T20:15:33.167+0000] {logging_mixin.py:149} INFO - [2023-06-08T20:15:33.167+0000] {dag.py:2726} INFO - Sync 1 DAGs
[2023-06-08T20:15:33.182+0000] {logging_mixin.py:149} INFO - [2023-06-08T20:15:33.182+0000] {dag.py:3490} INFO - Setting next_dagrun for our_first_dag_v5 to 2023-05-30T00:00:00+00:00, run_after=2023-05-31T00:00:00+00:00
[2023-06-08T20:15:33.191+0000] {processor.py:179} INFO - Processing /opt/airflow/dags/our_first_dag.py took 0.073 seconds
[2023-06-08T20:16:03.473+0000] {processor.py:157} INFO - Started process (PID=1462) to work on /opt/airflow/dags/our_first_dag.py
[2023-06-08T20:16:03.475+0000] {processor.py:826} INFO - Processing file /opt/airflow/dags/our_first_dag.py for tasks to queue
[2023-06-08T20:16:03.477+0000] {logging_mixin.py:149} INFO - [2023-06-08T20:16:03.477+0000] {dagbag.py:541} INFO - Filling up the DagBag from /opt/airflow/dags/our_first_dag.py
[2023-06-08T20:16:03.497+0000] {processor.py:836} INFO - DAG(s) dict_keys(['our_first_dag_v5']) retrieved from /opt/airflow/dags/our_first_dag.py
[2023-06-08T20:16:03.524+0000] {logging_mixin.py:149} INFO - [2023-06-08T20:16:03.524+0000] {dag.py:2726} INFO - Sync 1 DAGs
[2023-06-08T20:16:03.540+0000] {logging_mixin.py:149} INFO - [2023-06-08T20:16:03.540+0000] {dag.py:3490} INFO - Setting next_dagrun for our_first_dag_v5 to 2023-05-30T00:00:00+00:00, run_after=2023-05-31T00:00:00+00:00
[2023-06-08T20:16:03.550+0000] {processor.py:179} INFO - Processing /opt/airflow/dags/our_first_dag.py took 0.082 seconds
[2023-06-08T20:16:33.845+0000] {processor.py:157} INFO - Started process (PID=1474) to work on /opt/airflow/dags/our_first_dag.py
[2023-06-08T20:16:33.848+0000] {processor.py:826} INFO - Processing file /opt/airflow/dags/our_first_dag.py for tasks to queue
[2023-06-08T20:16:33.850+0000] {logging_mixin.py:149} INFO - [2023-06-08T20:16:33.849+0000] {dagbag.py:541} INFO - Filling up the DagBag from /opt/airflow/dags/our_first_dag.py
[2023-06-08T20:16:33.869+0000] {processor.py:836} INFO - DAG(s) dict_keys(['our_first_dag_v5']) retrieved from /opt/airflow/dags/our_first_dag.py
[2023-06-08T20:16:33.894+0000] {logging_mixin.py:149} INFO - [2023-06-08T20:16:33.894+0000] {dag.py:2726} INFO - Sync 1 DAGs
[2023-06-08T20:16:33.908+0000] {logging_mixin.py:149} INFO - [2023-06-08T20:16:33.908+0000] {dag.py:3490} INFO - Setting next_dagrun for our_first_dag_v5 to 2023-05-30T00:00:00+00:00, run_after=2023-05-31T00:00:00+00:00
[2023-06-08T20:16:33.917+0000] {processor.py:179} INFO - Processing /opt/airflow/dags/our_first_dag.py took 0.076 seconds
[2023-06-08T20:17:04.176+0000] {processor.py:157} INFO - Started process (PID=1487) to work on /opt/airflow/dags/our_first_dag.py
[2023-06-08T20:17:04.179+0000] {processor.py:826} INFO - Processing file /opt/airflow/dags/our_first_dag.py for tasks to queue
[2023-06-08T20:17:04.180+0000] {logging_mixin.py:149} INFO - [2023-06-08T20:17:04.180+0000] {dagbag.py:541} INFO - Filling up the DagBag from /opt/airflow/dags/our_first_dag.py
[2023-06-08T20:17:04.202+0000] {processor.py:836} INFO - DAG(s) dict_keys(['our_first_dag_v5']) retrieved from /opt/airflow/dags/our_first_dag.py
[2023-06-08T20:17:04.226+0000] {logging_mixin.py:149} INFO - [2023-06-08T20:17:04.226+0000] {dag.py:2726} INFO - Sync 1 DAGs
[2023-06-08T20:17:04.242+0000] {logging_mixin.py:149} INFO - [2023-06-08T20:17:04.242+0000] {dag.py:3490} INFO - Setting next_dagrun for our_first_dag_v5 to 2023-05-30T00:00:00+00:00, run_after=2023-05-31T00:00:00+00:00
[2023-06-08T20:17:04.251+0000] {processor.py:179} INFO - Processing /opt/airflow/dags/our_first_dag.py took 0.080 seconds
[2023-06-08T20:17:34.518+0000] {processor.py:157} INFO - Started process (PID=1499) to work on /opt/airflow/dags/our_first_dag.py
[2023-06-08T20:17:34.520+0000] {processor.py:826} INFO - Processing file /opt/airflow/dags/our_first_dag.py for tasks to queue
[2023-06-08T20:17:34.521+0000] {logging_mixin.py:149} INFO - [2023-06-08T20:17:34.521+0000] {dagbag.py:541} INFO - Filling up the DagBag from /opt/airflow/dags/our_first_dag.py
[2023-06-08T20:17:34.539+0000] {processor.py:836} INFO - DAG(s) dict_keys(['our_first_dag_v5']) retrieved from /opt/airflow/dags/our_first_dag.py
[2023-06-08T20:17:34.564+0000] {logging_mixin.py:149} INFO - [2023-06-08T20:17:34.563+0000] {dag.py:2726} INFO - Sync 1 DAGs
[2023-06-08T20:17:34.578+0000] {logging_mixin.py:149} INFO - [2023-06-08T20:17:34.578+0000] {dag.py:3490} INFO - Setting next_dagrun for our_first_dag_v5 to 2023-05-30T00:00:00+00:00, run_after=2023-05-31T00:00:00+00:00
[2023-06-08T20:17:34.588+0000] {processor.py:179} INFO - Processing /opt/airflow/dags/our_first_dag.py took 0.075 seconds
[2023-06-08T20:18:04.916+0000] {processor.py:157} INFO - Started process (PID=1516) to work on /opt/airflow/dags/our_first_dag.py
[2023-06-08T20:18:04.918+0000] {processor.py:826} INFO - Processing file /opt/airflow/dags/our_first_dag.py for tasks to queue
[2023-06-08T20:18:04.919+0000] {logging_mixin.py:149} INFO - [2023-06-08T20:18:04.919+0000] {dagbag.py:541} INFO - Filling up the DagBag from /opt/airflow/dags/our_first_dag.py
[2023-06-08T20:18:04.938+0000] {processor.py:836} INFO - DAG(s) dict_keys(['our_first_dag_v5']) retrieved from /opt/airflow/dags/our_first_dag.py
[2023-06-08T20:18:04.961+0000] {logging_mixin.py:149} INFO - [2023-06-08T20:18:04.961+0000] {dag.py:2726} INFO - Sync 1 DAGs
[2023-06-08T20:18:04.976+0000] {logging_mixin.py:149} INFO - [2023-06-08T20:18:04.976+0000] {dag.py:3490} INFO - Setting next_dagrun for our_first_dag_v5 to 2023-05-30T00:00:00+00:00, run_after=2023-05-31T00:00:00+00:00
[2023-06-08T20:18:04.985+0000] {processor.py:179} INFO - Processing /opt/airflow/dags/our_first_dag.py took 0.073 seconds
[2023-06-08T20:18:35.285+0000] {processor.py:157} INFO - Started process (PID=1533) to work on /opt/airflow/dags/our_first_dag.py
[2023-06-08T20:18:35.288+0000] {processor.py:826} INFO - Processing file /opt/airflow/dags/our_first_dag.py for tasks to queue
[2023-06-08T20:18:35.289+0000] {logging_mixin.py:149} INFO - [2023-06-08T20:18:35.289+0000] {dagbag.py:541} INFO - Filling up the DagBag from /opt/airflow/dags/our_first_dag.py
[2023-06-08T20:18:35.306+0000] {processor.py:836} INFO - DAG(s) dict_keys(['our_first_dag_v5']) retrieved from /opt/airflow/dags/our_first_dag.py
[2023-06-08T20:18:35.331+0000] {logging_mixin.py:149} INFO - [2023-06-08T20:18:35.331+0000] {dag.py:2726} INFO - Sync 1 DAGs
[2023-06-08T20:18:35.346+0000] {logging_mixin.py:149} INFO - [2023-06-08T20:18:35.346+0000] {dag.py:3490} INFO - Setting next_dagrun for our_first_dag_v5 to 2023-05-30T00:00:00+00:00, run_after=2023-05-31T00:00:00+00:00
[2023-06-08T20:18:35.355+0000] {processor.py:179} INFO - Processing /opt/airflow/dags/our_first_dag.py took 0.075 seconds
[2023-06-08T20:19:05.666+0000] {processor.py:157} INFO - Started process (PID=1550) to work on /opt/airflow/dags/our_first_dag.py
[2023-06-08T20:19:05.669+0000] {processor.py:826} INFO - Processing file /opt/airflow/dags/our_first_dag.py for tasks to queue
[2023-06-08T20:19:05.670+0000] {logging_mixin.py:149} INFO - [2023-06-08T20:19:05.670+0000] {dagbag.py:541} INFO - Filling up the DagBag from /opt/airflow/dags/our_first_dag.py
[2023-06-08T20:19:05.692+0000] {processor.py:836} INFO - DAG(s) dict_keys(['our_first_dag_v5']) retrieved from /opt/airflow/dags/our_first_dag.py
[2023-06-08T20:19:05.716+0000] {logging_mixin.py:149} INFO - [2023-06-08T20:19:05.715+0000] {dag.py:2726} INFO - Sync 1 DAGs
[2023-06-08T20:19:05.731+0000] {logging_mixin.py:149} INFO - [2023-06-08T20:19:05.731+0000] {dag.py:3490} INFO - Setting next_dagrun for our_first_dag_v5 to 2023-05-30T00:00:00+00:00, run_after=2023-05-31T00:00:00+00:00
[2023-06-08T20:19:05.741+0000] {processor.py:179} INFO - Processing /opt/airflow/dags/our_first_dag.py took 0.079 seconds
[2023-06-08T20:19:36.051+0000] {processor.py:157} INFO - Started process (PID=1566) to work on /opt/airflow/dags/our_first_dag.py
[2023-06-08T20:19:36.053+0000] {processor.py:826} INFO - Processing file /opt/airflow/dags/our_first_dag.py for tasks to queue
[2023-06-08T20:19:36.054+0000] {logging_mixin.py:149} INFO - [2023-06-08T20:19:36.054+0000] {dagbag.py:541} INFO - Filling up the DagBag from /opt/airflow/dags/our_first_dag.py
[2023-06-08T20:19:36.069+0000] {processor.py:836} INFO - DAG(s) dict_keys(['our_first_dag_v5']) retrieved from /opt/airflow/dags/our_first_dag.py
[2023-06-08T20:19:36.091+0000] {logging_mixin.py:149} INFO - [2023-06-08T20:19:36.091+0000] {dag.py:2726} INFO - Sync 1 DAGs
[2023-06-08T20:19:36.106+0000] {logging_mixin.py:149} INFO - [2023-06-08T20:19:36.106+0000] {dag.py:3490} INFO - Setting next_dagrun for our_first_dag_v5 to 2023-05-30T00:00:00+00:00, run_after=2023-05-31T00:00:00+00:00
[2023-06-08T20:19:36.115+0000] {processor.py:179} INFO - Processing /opt/airflow/dags/our_first_dag.py took 0.068 seconds
[2023-06-08T20:20:06.381+0000] {processor.py:157} INFO - Started process (PID=1584) to work on /opt/airflow/dags/our_first_dag.py
[2023-06-08T20:20:06.383+0000] {processor.py:826} INFO - Processing file /opt/airflow/dags/our_first_dag.py for tasks to queue
[2023-06-08T20:20:06.384+0000] {logging_mixin.py:149} INFO - [2023-06-08T20:20:06.384+0000] {dagbag.py:541} INFO - Filling up the DagBag from /opt/airflow/dags/our_first_dag.py
[2023-06-08T20:20:06.398+0000] {processor.py:836} INFO - DAG(s) dict_keys(['our_first_dag_v5']) retrieved from /opt/airflow/dags/our_first_dag.py
[2023-06-08T20:20:06.420+0000] {logging_mixin.py:149} INFO - [2023-06-08T20:20:06.420+0000] {dag.py:2726} INFO - Sync 1 DAGs
[2023-06-08T20:20:06.434+0000] {logging_mixin.py:149} INFO - [2023-06-08T20:20:06.434+0000] {dag.py:3490} INFO - Setting next_dagrun for our_first_dag_v5 to 2023-05-30T00:00:00+00:00, run_after=2023-05-31T00:00:00+00:00
[2023-06-08T20:20:06.444+0000] {processor.py:179} INFO - Processing /opt/airflow/dags/our_first_dag.py took 0.067 seconds
[2023-06-08T20:20:36.714+0000] {processor.py:157} INFO - Started process (PID=1601) to work on /opt/airflow/dags/our_first_dag.py
[2023-06-08T20:20:36.716+0000] {processor.py:826} INFO - Processing file /opt/airflow/dags/our_first_dag.py for tasks to queue
[2023-06-08T20:20:36.717+0000] {logging_mixin.py:149} INFO - [2023-06-08T20:20:36.717+0000] {dagbag.py:541} INFO - Filling up the DagBag from /opt/airflow/dags/our_first_dag.py
[2023-06-08T20:20:36.738+0000] {processor.py:836} INFO - DAG(s) dict_keys(['our_first_dag_v5']) retrieved from /opt/airflow/dags/our_first_dag.py
[2023-06-08T20:20:36.761+0000] {logging_mixin.py:149} INFO - [2023-06-08T20:20:36.761+0000] {dag.py:2726} INFO - Sync 1 DAGs
[2023-06-08T20:20:36.775+0000] {logging_mixin.py:149} INFO - [2023-06-08T20:20:36.775+0000] {dag.py:3490} INFO - Setting next_dagrun for our_first_dag_v5 to 2023-05-30T00:00:00+00:00, run_after=2023-05-31T00:00:00+00:00
[2023-06-08T20:20:36.786+0000] {processor.py:179} INFO - Processing /opt/airflow/dags/our_first_dag.py took 0.078 seconds
