[2023-06-08T19:01:24.334+0000] {processor.py:157} INFO - Started process (PID=181) to work on /home/airflow/.local/lib/python3.7/site-packages/airflow/example_dags/example_nested_branch_dag.py
[2023-06-08T19:01:24.335+0000] {processor.py:826} INFO - Processing file /home/airflow/.local/lib/python3.7/site-packages/airflow/example_dags/example_nested_branch_dag.py for tasks to queue
[2023-06-08T19:01:24.336+0000] {logging_mixin.py:149} INFO - [2023-06-08T19:01:24.336+0000] {dagbag.py:541} INFO - Filling up the DagBag from /home/airflow/.local/lib/python3.7/site-packages/airflow/example_dags/example_nested_branch_dag.py
[2023-06-08T19:01:24.343+0000] {processor.py:836} INFO - DAG(s) dict_keys(['example_nested_branch_dag']) retrieved from /home/airflow/.local/lib/python3.7/site-packages/airflow/example_dags/example_nested_branch_dag.py
[2023-06-08T19:01:24.353+0000] {logging_mixin.py:149} INFO - [2023-06-08T19:01:24.353+0000] {dag.py:2726} INFO - Sync 1 DAGs
[2023-06-08T19:01:24.369+0000] {logging_mixin.py:149} INFO - [2023-06-08T19:01:24.369+0000] {dag.py:3490} INFO - Setting next_dagrun for example_nested_branch_dag to 2023-06-07T00:00:00+00:00, run_after=2023-06-08T00:00:00+00:00
[2023-06-08T19:01:24.379+0000] {processor.py:179} INFO - Processing /home/airflow/.local/lib/python3.7/site-packages/airflow/example_dags/example_nested_branch_dag.py took 0.047 seconds
[2023-06-08T19:01:55.088+0000] {processor.py:157} INFO - Started process (PID=419) to work on /home/airflow/.local/lib/python3.7/site-packages/airflow/example_dags/example_nested_branch_dag.py
[2023-06-08T19:01:55.089+0000] {processor.py:826} INFO - Processing file /home/airflow/.local/lib/python3.7/site-packages/airflow/example_dags/example_nested_branch_dag.py for tasks to queue
[2023-06-08T19:01:55.090+0000] {logging_mixin.py:149} INFO - [2023-06-08T19:01:55.089+0000] {dagbag.py:541} INFO - Filling up the DagBag from /home/airflow/.local/lib/python3.7/site-packages/airflow/example_dags/example_nested_branch_dag.py
[2023-06-08T19:01:55.096+0000] {processor.py:836} INFO - DAG(s) dict_keys(['example_nested_branch_dag']) retrieved from /home/airflow/.local/lib/python3.7/site-packages/airflow/example_dags/example_nested_branch_dag.py
[2023-06-08T19:01:55.114+0000] {logging_mixin.py:149} INFO - [2023-06-08T19:01:55.114+0000] {dag.py:2726} INFO - Sync 1 DAGs
[2023-06-08T19:01:55.198+0000] {logging_mixin.py:149} INFO - [2023-06-08T19:01:55.198+0000] {dag.py:3490} INFO - Setting next_dagrun for example_nested_branch_dag to 2023-06-07T00:00:00+00:00, run_after=2023-06-08T00:00:00+00:00
[2023-06-08T19:01:55.208+0000] {processor.py:179} INFO - Processing /home/airflow/.local/lib/python3.7/site-packages/airflow/example_dags/example_nested_branch_dag.py took 0.122 seconds
[2023-06-08T19:02:25.473+0000] {processor.py:157} INFO - Started process (PID=658) to work on /home/airflow/.local/lib/python3.7/site-packages/airflow/example_dags/example_nested_branch_dag.py
[2023-06-08T19:02:25.474+0000] {processor.py:826} INFO - Processing file /home/airflow/.local/lib/python3.7/site-packages/airflow/example_dags/example_nested_branch_dag.py for tasks to queue
[2023-06-08T19:02:25.474+0000] {logging_mixin.py:149} INFO - [2023-06-08T19:02:25.474+0000] {dagbag.py:541} INFO - Filling up the DagBag from /home/airflow/.local/lib/python3.7/site-packages/airflow/example_dags/example_nested_branch_dag.py
[2023-06-08T19:02:25.481+0000] {processor.py:836} INFO - DAG(s) dict_keys(['example_nested_branch_dag']) retrieved from /home/airflow/.local/lib/python3.7/site-packages/airflow/example_dags/example_nested_branch_dag.py
[2023-06-08T19:02:25.499+0000] {logging_mixin.py:149} INFO - [2023-06-08T19:02:25.499+0000] {dag.py:2726} INFO - Sync 1 DAGs
[2023-06-08T19:02:25.513+0000] {logging_mixin.py:149} INFO - [2023-06-08T19:02:25.513+0000] {dag.py:3490} INFO - Setting next_dagrun for example_nested_branch_dag to 2023-06-07T00:00:00+00:00, run_after=2023-06-08T00:00:00+00:00
[2023-06-08T19:02:25.523+0000] {processor.py:179} INFO - Processing /home/airflow/.local/lib/python3.7/site-packages/airflow/example_dags/example_nested_branch_dag.py took 0.053 seconds
[2023-06-08T19:02:55.763+0000] {processor.py:157} INFO - Started process (PID=943) to work on /home/airflow/.local/lib/python3.7/site-packages/airflow/example_dags/example_nested_branch_dag.py
[2023-06-08T19:02:55.764+0000] {processor.py:826} INFO - Processing file /home/airflow/.local/lib/python3.7/site-packages/airflow/example_dags/example_nested_branch_dag.py for tasks to queue
[2023-06-08T19:02:55.765+0000] {logging_mixin.py:149} INFO - [2023-06-08T19:02:55.764+0000] {dagbag.py:541} INFO - Filling up the DagBag from /home/airflow/.local/lib/python3.7/site-packages/airflow/example_dags/example_nested_branch_dag.py
[2023-06-08T19:02:55.771+0000] {processor.py:836} INFO - DAG(s) dict_keys(['example_nested_branch_dag']) retrieved from /home/airflow/.local/lib/python3.7/site-packages/airflow/example_dags/example_nested_branch_dag.py
[2023-06-08T19:02:55.787+0000] {logging_mixin.py:149} INFO - [2023-06-08T19:02:55.787+0000] {dag.py:2726} INFO - Sync 1 DAGs
[2023-06-08T19:02:55.801+0000] {logging_mixin.py:149} INFO - [2023-06-08T19:02:55.801+0000] {dag.py:3490} INFO - Setting next_dagrun for example_nested_branch_dag to 2023-06-07T00:00:00+00:00, run_after=2023-06-08T00:00:00+00:00
[2023-06-08T19:02:55.810+0000] {processor.py:179} INFO - Processing /home/airflow/.local/lib/python3.7/site-packages/airflow/example_dags/example_nested_branch_dag.py took 0.050 seconds
[2023-06-08T19:03:26.006+0000] {processor.py:157} INFO - Started process (PID=1228) to work on /home/airflow/.local/lib/python3.7/site-packages/airflow/example_dags/example_nested_branch_dag.py
[2023-06-08T19:03:26.009+0000] {processor.py:826} INFO - Processing file /home/airflow/.local/lib/python3.7/site-packages/airflow/example_dags/example_nested_branch_dag.py for tasks to queue
[2023-06-08T19:03:26.009+0000] {logging_mixin.py:149} INFO - [2023-06-08T19:03:26.009+0000] {dagbag.py:541} INFO - Filling up the DagBag from /home/airflow/.local/lib/python3.7/site-packages/airflow/example_dags/example_nested_branch_dag.py
[2023-06-08T19:03:26.016+0000] {processor.py:836} INFO - DAG(s) dict_keys(['example_nested_branch_dag']) retrieved from /home/airflow/.local/lib/python3.7/site-packages/airflow/example_dags/example_nested_branch_dag.py
[2023-06-08T19:03:26.032+0000] {logging_mixin.py:149} INFO - [2023-06-08T19:03:26.032+0000] {dag.py:2726} INFO - Sync 1 DAGs
[2023-06-08T19:03:26.046+0000] {logging_mixin.py:149} INFO - [2023-06-08T19:03:26.046+0000] {dag.py:3490} INFO - Setting next_dagrun for example_nested_branch_dag to 2023-06-07T00:00:00+00:00, run_after=2023-06-08T00:00:00+00:00
[2023-06-08T19:03:26.056+0000] {processor.py:179} INFO - Processing /home/airflow/.local/lib/python3.7/site-packages/airflow/example_dags/example_nested_branch_dag.py took 0.053 seconds
[2023-06-08T19:03:56.258+0000] {processor.py:157} INFO - Started process (PID=1466) to work on /home/airflow/.local/lib/python3.7/site-packages/airflow/example_dags/example_nested_branch_dag.py
[2023-06-08T19:03:56.259+0000] {processor.py:826} INFO - Processing file /home/airflow/.local/lib/python3.7/site-packages/airflow/example_dags/example_nested_branch_dag.py for tasks to queue
[2023-06-08T19:03:56.259+0000] {logging_mixin.py:149} INFO - [2023-06-08T19:03:56.259+0000] {dagbag.py:541} INFO - Filling up the DagBag from /home/airflow/.local/lib/python3.7/site-packages/airflow/example_dags/example_nested_branch_dag.py
[2023-06-08T19:03:56.266+0000] {processor.py:836} INFO - DAG(s) dict_keys(['example_nested_branch_dag']) retrieved from /home/airflow/.local/lib/python3.7/site-packages/airflow/example_dags/example_nested_branch_dag.py
[2023-06-08T19:03:56.283+0000] {logging_mixin.py:149} INFO - [2023-06-08T19:03:56.283+0000] {dag.py:2726} INFO - Sync 1 DAGs
[2023-06-08T19:03:56.298+0000] {logging_mixin.py:149} INFO - [2023-06-08T19:03:56.298+0000] {dag.py:3490} INFO - Setting next_dagrun for example_nested_branch_dag to 2023-06-07T00:00:00+00:00, run_after=2023-06-08T00:00:00+00:00
[2023-06-08T19:03:56.308+0000] {processor.py:179} INFO - Processing /home/airflow/.local/lib/python3.7/site-packages/airflow/example_dags/example_nested_branch_dag.py took 0.053 seconds
[2023-06-08T19:04:26.386+0000] {processor.py:157} INFO - Started process (PID=1701) to work on /home/airflow/.local/lib/python3.7/site-packages/airflow/example_dags/example_nested_branch_dag.py
[2023-06-08T19:04:26.387+0000] {processor.py:826} INFO - Processing file /home/airflow/.local/lib/python3.7/site-packages/airflow/example_dags/example_nested_branch_dag.py for tasks to queue
[2023-06-08T19:04:26.388+0000] {logging_mixin.py:149} INFO - [2023-06-08T19:04:26.388+0000] {dagbag.py:541} INFO - Filling up the DagBag from /home/airflow/.local/lib/python3.7/site-packages/airflow/example_dags/example_nested_branch_dag.py
[2023-06-08T19:04:26.394+0000] {processor.py:836} INFO - DAG(s) dict_keys(['example_nested_branch_dag']) retrieved from /home/airflow/.local/lib/python3.7/site-packages/airflow/example_dags/example_nested_branch_dag.py
[2023-06-08T19:04:26.411+0000] {logging_mixin.py:149} INFO - [2023-06-08T19:04:26.411+0000] {dag.py:2726} INFO - Sync 1 DAGs
[2023-06-08T19:04:26.427+0000] {logging_mixin.py:149} INFO - [2023-06-08T19:04:26.426+0000] {dag.py:3490} INFO - Setting next_dagrun for example_nested_branch_dag to 2023-06-07T00:00:00+00:00, run_after=2023-06-08T00:00:00+00:00
[2023-06-08T19:04:26.436+0000] {processor.py:179} INFO - Processing /home/airflow/.local/lib/python3.7/site-packages/airflow/example_dags/example_nested_branch_dag.py took 0.052 seconds
[2023-06-08T19:04:56.759+0000] {processor.py:157} INFO - Started process (PID=1938) to work on /home/airflow/.local/lib/python3.7/site-packages/airflow/example_dags/example_nested_branch_dag.py
[2023-06-08T19:04:56.760+0000] {processor.py:826} INFO - Processing file /home/airflow/.local/lib/python3.7/site-packages/airflow/example_dags/example_nested_branch_dag.py for tasks to queue
[2023-06-08T19:04:56.760+0000] {logging_mixin.py:149} INFO - [2023-06-08T19:04:56.760+0000] {dagbag.py:541} INFO - Filling up the DagBag from /home/airflow/.local/lib/python3.7/site-packages/airflow/example_dags/example_nested_branch_dag.py
[2023-06-08T19:04:56.767+0000] {processor.py:836} INFO - DAG(s) dict_keys(['example_nested_branch_dag']) retrieved from /home/airflow/.local/lib/python3.7/site-packages/airflow/example_dags/example_nested_branch_dag.py
[2023-06-08T19:04:56.785+0000] {logging_mixin.py:149} INFO - [2023-06-08T19:04:56.785+0000] {dag.py:2726} INFO - Sync 1 DAGs
[2023-06-08T19:04:56.800+0000] {logging_mixin.py:149} INFO - [2023-06-08T19:04:56.800+0000] {dag.py:3490} INFO - Setting next_dagrun for example_nested_branch_dag to 2023-06-07T00:00:00+00:00, run_after=2023-06-08T00:00:00+00:00
[2023-06-08T19:04:56.810+0000] {processor.py:179} INFO - Processing /home/airflow/.local/lib/python3.7/site-packages/airflow/example_dags/example_nested_branch_dag.py took 0.054 seconds
[2023-06-08T19:05:27.012+0000] {processor.py:157} INFO - Started process (PID=2177) to work on /home/airflow/.local/lib/python3.7/site-packages/airflow/example_dags/example_nested_branch_dag.py
[2023-06-08T19:05:27.013+0000] {processor.py:826} INFO - Processing file /home/airflow/.local/lib/python3.7/site-packages/airflow/example_dags/example_nested_branch_dag.py for tasks to queue
[2023-06-08T19:05:27.014+0000] {logging_mixin.py:149} INFO - [2023-06-08T19:05:27.014+0000] {dagbag.py:541} INFO - Filling up the DagBag from /home/airflow/.local/lib/python3.7/site-packages/airflow/example_dags/example_nested_branch_dag.py
[2023-06-08T19:05:27.020+0000] {processor.py:836} INFO - DAG(s) dict_keys(['example_nested_branch_dag']) retrieved from /home/airflow/.local/lib/python3.7/site-packages/airflow/example_dags/example_nested_branch_dag.py
[2023-06-08T19:05:27.038+0000] {logging_mixin.py:149} INFO - [2023-06-08T19:05:27.038+0000] {dag.py:2726} INFO - Sync 1 DAGs
[2023-06-08T19:05:27.053+0000] {logging_mixin.py:149} INFO - [2023-06-08T19:05:27.053+0000] {dag.py:3490} INFO - Setting next_dagrun for example_nested_branch_dag to 2023-06-07T00:00:00+00:00, run_after=2023-06-08T00:00:00+00:00
[2023-06-08T19:05:27.062+0000] {processor.py:179} INFO - Processing /home/airflow/.local/lib/python3.7/site-packages/airflow/example_dags/example_nested_branch_dag.py took 0.053 seconds
[2023-06-08T19:05:57.362+0000] {processor.py:157} INFO - Started process (PID=2412) to work on /home/airflow/.local/lib/python3.7/site-packages/airflow/example_dags/example_nested_branch_dag.py
[2023-06-08T19:05:57.363+0000] {processor.py:826} INFO - Processing file /home/airflow/.local/lib/python3.7/site-packages/airflow/example_dags/example_nested_branch_dag.py for tasks to queue
[2023-06-08T19:05:57.364+0000] {logging_mixin.py:149} INFO - [2023-06-08T19:05:57.364+0000] {dagbag.py:541} INFO - Filling up the DagBag from /home/airflow/.local/lib/python3.7/site-packages/airflow/example_dags/example_nested_branch_dag.py
[2023-06-08T19:05:57.370+0000] {processor.py:836} INFO - DAG(s) dict_keys(['example_nested_branch_dag']) retrieved from /home/airflow/.local/lib/python3.7/site-packages/airflow/example_dags/example_nested_branch_dag.py
[2023-06-08T19:05:57.387+0000] {logging_mixin.py:149} INFO - [2023-06-08T19:05:57.387+0000] {dag.py:2726} INFO - Sync 1 DAGs
[2023-06-08T19:05:57.402+0000] {logging_mixin.py:149} INFO - [2023-06-08T19:05:57.402+0000] {dag.py:3490} INFO - Setting next_dagrun for example_nested_branch_dag to 2023-06-07T00:00:00+00:00, run_after=2023-06-08T00:00:00+00:00
[2023-06-08T19:05:57.411+0000] {processor.py:179} INFO - Processing /home/airflow/.local/lib/python3.7/site-packages/airflow/example_dags/example_nested_branch_dag.py took 0.051 seconds
[2023-06-08T19:06:27.652+0000] {processor.py:157} INFO - Started process (PID=2649) to work on /home/airflow/.local/lib/python3.7/site-packages/airflow/example_dags/example_nested_branch_dag.py
[2023-06-08T19:06:27.653+0000] {processor.py:826} INFO - Processing file /home/airflow/.local/lib/python3.7/site-packages/airflow/example_dags/example_nested_branch_dag.py for tasks to queue
[2023-06-08T19:06:27.653+0000] {logging_mixin.py:149} INFO - [2023-06-08T19:06:27.653+0000] {dagbag.py:541} INFO - Filling up the DagBag from /home/airflow/.local/lib/python3.7/site-packages/airflow/example_dags/example_nested_branch_dag.py
[2023-06-08T19:06:27.660+0000] {processor.py:836} INFO - DAG(s) dict_keys(['example_nested_branch_dag']) retrieved from /home/airflow/.local/lib/python3.7/site-packages/airflow/example_dags/example_nested_branch_dag.py
[2023-06-08T19:06:27.676+0000] {logging_mixin.py:149} INFO - [2023-06-08T19:06:27.676+0000] {dag.py:2726} INFO - Sync 1 DAGs
[2023-06-08T19:06:27.692+0000] {logging_mixin.py:149} INFO - [2023-06-08T19:06:27.692+0000] {dag.py:3490} INFO - Setting next_dagrun for example_nested_branch_dag to 2023-06-07T00:00:00+00:00, run_after=2023-06-08T00:00:00+00:00
[2023-06-08T19:06:27.701+0000] {processor.py:179} INFO - Processing /home/airflow/.local/lib/python3.7/site-packages/airflow/example_dags/example_nested_branch_dag.py took 0.052 seconds
[2023-06-08T19:06:57.945+0000] {processor.py:157} INFO - Started process (PID=2888) to work on /home/airflow/.local/lib/python3.7/site-packages/airflow/example_dags/example_nested_branch_dag.py
[2023-06-08T19:06:57.946+0000] {processor.py:826} INFO - Processing file /home/airflow/.local/lib/python3.7/site-packages/airflow/example_dags/example_nested_branch_dag.py for tasks to queue
[2023-06-08T19:06:57.946+0000] {logging_mixin.py:149} INFO - [2023-06-08T19:06:57.946+0000] {dagbag.py:541} INFO - Filling up the DagBag from /home/airflow/.local/lib/python3.7/site-packages/airflow/example_dags/example_nested_branch_dag.py
[2023-06-08T19:06:57.952+0000] {processor.py:836} INFO - DAG(s) dict_keys(['example_nested_branch_dag']) retrieved from /home/airflow/.local/lib/python3.7/site-packages/airflow/example_dags/example_nested_branch_dag.py
[2023-06-08T19:06:57.970+0000] {logging_mixin.py:149} INFO - [2023-06-08T19:06:57.970+0000] {dag.py:2726} INFO - Sync 1 DAGs
[2023-06-08T19:06:57.985+0000] {logging_mixin.py:149} INFO - [2023-06-08T19:06:57.985+0000] {dag.py:3490} INFO - Setting next_dagrun for example_nested_branch_dag to 2023-06-07T00:00:00+00:00, run_after=2023-06-08T00:00:00+00:00
[2023-06-08T19:06:57.995+0000] {processor.py:179} INFO - Processing /home/airflow/.local/lib/python3.7/site-packages/airflow/example_dags/example_nested_branch_dag.py took 0.053 seconds
[2023-06-08T19:07:28.238+0000] {processor.py:157} INFO - Started process (PID=3123) to work on /home/airflow/.local/lib/python3.7/site-packages/airflow/example_dags/example_nested_branch_dag.py
[2023-06-08T19:07:28.239+0000] {processor.py:826} INFO - Processing file /home/airflow/.local/lib/python3.7/site-packages/airflow/example_dags/example_nested_branch_dag.py for tasks to queue
[2023-06-08T19:07:28.239+0000] {logging_mixin.py:149} INFO - [2023-06-08T19:07:28.239+0000] {dagbag.py:541} INFO - Filling up the DagBag from /home/airflow/.local/lib/python3.7/site-packages/airflow/example_dags/example_nested_branch_dag.py
[2023-06-08T19:07:28.245+0000] {processor.py:836} INFO - DAG(s) dict_keys(['example_nested_branch_dag']) retrieved from /home/airflow/.local/lib/python3.7/site-packages/airflow/example_dags/example_nested_branch_dag.py
[2023-06-08T19:07:28.263+0000] {logging_mixin.py:149} INFO - [2023-06-08T19:07:28.263+0000] {dag.py:2726} INFO - Sync 1 DAGs
[2023-06-08T19:07:28.278+0000] {logging_mixin.py:149} INFO - [2023-06-08T19:07:28.278+0000] {dag.py:3490} INFO - Setting next_dagrun for example_nested_branch_dag to 2023-06-07T00:00:00+00:00, run_after=2023-06-08T00:00:00+00:00
[2023-06-08T19:07:28.288+0000] {processor.py:179} INFO - Processing /home/airflow/.local/lib/python3.7/site-packages/airflow/example_dags/example_nested_branch_dag.py took 0.053 seconds
[2023-06-08T19:07:58.537+0000] {processor.py:157} INFO - Started process (PID=3360) to work on /home/airflow/.local/lib/python3.7/site-packages/airflow/example_dags/example_nested_branch_dag.py
[2023-06-08T19:07:58.538+0000] {processor.py:826} INFO - Processing file /home/airflow/.local/lib/python3.7/site-packages/airflow/example_dags/example_nested_branch_dag.py for tasks to queue
[2023-06-08T19:07:58.538+0000] {logging_mixin.py:149} INFO - [2023-06-08T19:07:58.538+0000] {dagbag.py:541} INFO - Filling up the DagBag from /home/airflow/.local/lib/python3.7/site-packages/airflow/example_dags/example_nested_branch_dag.py
[2023-06-08T19:07:58.545+0000] {processor.py:836} INFO - DAG(s) dict_keys(['example_nested_branch_dag']) retrieved from /home/airflow/.local/lib/python3.7/site-packages/airflow/example_dags/example_nested_branch_dag.py
[2023-06-08T19:07:58.561+0000] {logging_mixin.py:149} INFO - [2023-06-08T19:07:58.561+0000] {dag.py:2726} INFO - Sync 1 DAGs
[2023-06-08T19:07:58.576+0000] {logging_mixin.py:149} INFO - [2023-06-08T19:07:58.576+0000] {dag.py:3490} INFO - Setting next_dagrun for example_nested_branch_dag to 2023-06-07T00:00:00+00:00, run_after=2023-06-08T00:00:00+00:00
[2023-06-08T19:07:58.586+0000] {processor.py:179} INFO - Processing /home/airflow/.local/lib/python3.7/site-packages/airflow/example_dags/example_nested_branch_dag.py took 0.052 seconds
[2023-06-08T19:08:28.841+0000] {processor.py:157} INFO - Started process (PID=3599) to work on /home/airflow/.local/lib/python3.7/site-packages/airflow/example_dags/example_nested_branch_dag.py
[2023-06-08T19:08:28.842+0000] {processor.py:826} INFO - Processing file /home/airflow/.local/lib/python3.7/site-packages/airflow/example_dags/example_nested_branch_dag.py for tasks to queue
[2023-06-08T19:08:28.843+0000] {logging_mixin.py:149} INFO - [2023-06-08T19:08:28.843+0000] {dagbag.py:541} INFO - Filling up the DagBag from /home/airflow/.local/lib/python3.7/site-packages/airflow/example_dags/example_nested_branch_dag.py
[2023-06-08T19:08:28.849+0000] {processor.py:836} INFO - DAG(s) dict_keys(['example_nested_branch_dag']) retrieved from /home/airflow/.local/lib/python3.7/site-packages/airflow/example_dags/example_nested_branch_dag.py
[2023-06-08T19:08:28.867+0000] {logging_mixin.py:149} INFO - [2023-06-08T19:08:28.867+0000] {dag.py:2726} INFO - Sync 1 DAGs
[2023-06-08T19:08:28.882+0000] {logging_mixin.py:149} INFO - [2023-06-08T19:08:28.882+0000] {dag.py:3490} INFO - Setting next_dagrun for example_nested_branch_dag to 2023-06-07T00:00:00+00:00, run_after=2023-06-08T00:00:00+00:00
[2023-06-08T19:08:28.892+0000] {processor.py:179} INFO - Processing /home/airflow/.local/lib/python3.7/site-packages/airflow/example_dags/example_nested_branch_dag.py took 0.053 seconds
[2023-06-08T19:08:59.201+0000] {processor.py:157} INFO - Started process (PID=3834) to work on /home/airflow/.local/lib/python3.7/site-packages/airflow/example_dags/example_nested_branch_dag.py
[2023-06-08T19:08:59.202+0000] {processor.py:826} INFO - Processing file /home/airflow/.local/lib/python3.7/site-packages/airflow/example_dags/example_nested_branch_dag.py for tasks to queue
[2023-06-08T19:08:59.203+0000] {logging_mixin.py:149} INFO - [2023-06-08T19:08:59.203+0000] {dagbag.py:541} INFO - Filling up the DagBag from /home/airflow/.local/lib/python3.7/site-packages/airflow/example_dags/example_nested_branch_dag.py
[2023-06-08T19:08:59.209+0000] {processor.py:836} INFO - DAG(s) dict_keys(['example_nested_branch_dag']) retrieved from /home/airflow/.local/lib/python3.7/site-packages/airflow/example_dags/example_nested_branch_dag.py
[2023-06-08T19:08:59.227+0000] {logging_mixin.py:149} INFO - [2023-06-08T19:08:59.227+0000] {dag.py:2726} INFO - Sync 1 DAGs
[2023-06-08T19:08:59.242+0000] {logging_mixin.py:149} INFO - [2023-06-08T19:08:59.242+0000] {dag.py:3490} INFO - Setting next_dagrun for example_nested_branch_dag to 2023-06-07T00:00:00+00:00, run_after=2023-06-08T00:00:00+00:00
[2023-06-08T19:08:59.251+0000] {processor.py:179} INFO - Processing /home/airflow/.local/lib/python3.7/site-packages/airflow/example_dags/example_nested_branch_dag.py took 0.053 seconds
[2023-06-08T19:09:29.353+0000] {processor.py:157} INFO - Started process (PID=4071) to work on /home/airflow/.local/lib/python3.7/site-packages/airflow/example_dags/example_nested_branch_dag.py
[2023-06-08T19:09:29.354+0000] {processor.py:826} INFO - Processing file /home/airflow/.local/lib/python3.7/site-packages/airflow/example_dags/example_nested_branch_dag.py for tasks to queue
[2023-06-08T19:09:29.355+0000] {logging_mixin.py:149} INFO - [2023-06-08T19:09:29.355+0000] {dagbag.py:541} INFO - Filling up the DagBag from /home/airflow/.local/lib/python3.7/site-packages/airflow/example_dags/example_nested_branch_dag.py
[2023-06-08T19:09:29.361+0000] {processor.py:836} INFO - DAG(s) dict_keys(['example_nested_branch_dag']) retrieved from /home/airflow/.local/lib/python3.7/site-packages/airflow/example_dags/example_nested_branch_dag.py
[2023-06-08T19:09:29.377+0000] {logging_mixin.py:149} INFO - [2023-06-08T19:09:29.377+0000] {dag.py:2726} INFO - Sync 1 DAGs
[2023-06-08T19:09:29.391+0000] {logging_mixin.py:149} INFO - [2023-06-08T19:09:29.391+0000] {dag.py:3490} INFO - Setting next_dagrun for example_nested_branch_dag to 2023-06-07T00:00:00+00:00, run_after=2023-06-08T00:00:00+00:00
[2023-06-08T19:09:29.401+0000] {processor.py:179} INFO - Processing /home/airflow/.local/lib/python3.7/site-packages/airflow/example_dags/example_nested_branch_dag.py took 0.051 seconds
[2023-06-08T19:09:59.628+0000] {processor.py:157} INFO - Started process (PID=4310) to work on /home/airflow/.local/lib/python3.7/site-packages/airflow/example_dags/example_nested_branch_dag.py
[2023-06-08T19:09:59.629+0000] {processor.py:826} INFO - Processing file /home/airflow/.local/lib/python3.7/site-packages/airflow/example_dags/example_nested_branch_dag.py for tasks to queue
[2023-06-08T19:09:59.629+0000] {logging_mixin.py:149} INFO - [2023-06-08T19:09:59.629+0000] {dagbag.py:541} INFO - Filling up the DagBag from /home/airflow/.local/lib/python3.7/site-packages/airflow/example_dags/example_nested_branch_dag.py
[2023-06-08T19:09:59.636+0000] {processor.py:836} INFO - DAG(s) dict_keys(['example_nested_branch_dag']) retrieved from /home/airflow/.local/lib/python3.7/site-packages/airflow/example_dags/example_nested_branch_dag.py
[2023-06-08T19:09:59.654+0000] {logging_mixin.py:149} INFO - [2023-06-08T19:09:59.654+0000] {dag.py:2726} INFO - Sync 1 DAGs
[2023-06-08T19:09:59.670+0000] {logging_mixin.py:149} INFO - [2023-06-08T19:09:59.670+0000] {dag.py:3490} INFO - Setting next_dagrun for example_nested_branch_dag to 2023-06-07T00:00:00+00:00, run_after=2023-06-08T00:00:00+00:00
[2023-06-08T19:09:59.681+0000] {processor.py:179} INFO - Processing /home/airflow/.local/lib/python3.7/site-packages/airflow/example_dags/example_nested_branch_dag.py took 0.055 seconds
[2023-06-08T19:10:29.923+0000] {processor.py:157} INFO - Started process (PID=4545) to work on /home/airflow/.local/lib/python3.7/site-packages/airflow/example_dags/example_nested_branch_dag.py
[2023-06-08T19:10:29.924+0000] {processor.py:826} INFO - Processing file /home/airflow/.local/lib/python3.7/site-packages/airflow/example_dags/example_nested_branch_dag.py for tasks to queue
[2023-06-08T19:10:29.926+0000] {logging_mixin.py:149} INFO - [2023-06-08T19:10:29.926+0000] {dagbag.py:541} INFO - Filling up the DagBag from /home/airflow/.local/lib/python3.7/site-packages/airflow/example_dags/example_nested_branch_dag.py
[2023-06-08T19:10:29.932+0000] {processor.py:836} INFO - DAG(s) dict_keys(['example_nested_branch_dag']) retrieved from /home/airflow/.local/lib/python3.7/site-packages/airflow/example_dags/example_nested_branch_dag.py
[2023-06-08T19:10:29.949+0000] {logging_mixin.py:149} INFO - [2023-06-08T19:10:29.949+0000] {dag.py:2726} INFO - Sync 1 DAGs
[2023-06-08T19:10:29.964+0000] {logging_mixin.py:149} INFO - [2023-06-08T19:10:29.964+0000] {dag.py:3490} INFO - Setting next_dagrun for example_nested_branch_dag to 2023-06-07T00:00:00+00:00, run_after=2023-06-08T00:00:00+00:00
[2023-06-08T19:10:29.973+0000] {processor.py:179} INFO - Processing /home/airflow/.local/lib/python3.7/site-packages/airflow/example_dags/example_nested_branch_dag.py took 0.053 seconds
[2023-06-08T19:11:00.136+0000] {processor.py:157} INFO - Started process (PID=4782) to work on /home/airflow/.local/lib/python3.7/site-packages/airflow/example_dags/example_nested_branch_dag.py
[2023-06-08T19:11:00.137+0000] {processor.py:826} INFO - Processing file /home/airflow/.local/lib/python3.7/site-packages/airflow/example_dags/example_nested_branch_dag.py for tasks to queue
[2023-06-08T19:11:00.137+0000] {logging_mixin.py:149} INFO - [2023-06-08T19:11:00.137+0000] {dagbag.py:541} INFO - Filling up the DagBag from /home/airflow/.local/lib/python3.7/site-packages/airflow/example_dags/example_nested_branch_dag.py
[2023-06-08T19:11:00.143+0000] {processor.py:836} INFO - DAG(s) dict_keys(['example_nested_branch_dag']) retrieved from /home/airflow/.local/lib/python3.7/site-packages/airflow/example_dags/example_nested_branch_dag.py
[2023-06-08T19:11:00.161+0000] {logging_mixin.py:149} INFO - [2023-06-08T19:11:00.161+0000] {dag.py:2726} INFO - Sync 1 DAGs
[2023-06-08T19:11:00.176+0000] {logging_mixin.py:149} INFO - [2023-06-08T19:11:00.176+0000] {dag.py:3490} INFO - Setting next_dagrun for example_nested_branch_dag to 2023-06-07T00:00:00+00:00, run_after=2023-06-08T00:00:00+00:00
[2023-06-08T19:11:00.186+0000] {processor.py:179} INFO - Processing /home/airflow/.local/lib/python3.7/site-packages/airflow/example_dags/example_nested_branch_dag.py took 0.052 seconds
[2023-06-08T19:11:30.495+0000] {processor.py:157} INFO - Started process (PID=5019) to work on /home/airflow/.local/lib/python3.7/site-packages/airflow/example_dags/example_nested_branch_dag.py
[2023-06-08T19:11:30.496+0000] {processor.py:826} INFO - Processing file /home/airflow/.local/lib/python3.7/site-packages/airflow/example_dags/example_nested_branch_dag.py for tasks to queue
[2023-06-08T19:11:30.496+0000] {logging_mixin.py:149} INFO - [2023-06-08T19:11:30.496+0000] {dagbag.py:541} INFO - Filling up the DagBag from /home/airflow/.local/lib/python3.7/site-packages/airflow/example_dags/example_nested_branch_dag.py
[2023-06-08T19:11:30.503+0000] {processor.py:836} INFO - DAG(s) dict_keys(['example_nested_branch_dag']) retrieved from /home/airflow/.local/lib/python3.7/site-packages/airflow/example_dags/example_nested_branch_dag.py
[2023-06-08T19:11:30.519+0000] {logging_mixin.py:149} INFO - [2023-06-08T19:11:30.519+0000] {dag.py:2726} INFO - Sync 1 DAGs
[2023-06-08T19:11:30.536+0000] {logging_mixin.py:149} INFO - [2023-06-08T19:11:30.535+0000] {dag.py:3490} INFO - Setting next_dagrun for example_nested_branch_dag to 2023-06-07T00:00:00+00:00, run_after=2023-06-08T00:00:00+00:00
[2023-06-08T19:11:30.545+0000] {processor.py:179} INFO - Processing /home/airflow/.local/lib/python3.7/site-packages/airflow/example_dags/example_nested_branch_dag.py took 0.053 seconds
[2023-06-08T19:12:00.702+0000] {processor.py:157} INFO - Started process (PID=5256) to work on /home/airflow/.local/lib/python3.7/site-packages/airflow/example_dags/example_nested_branch_dag.py
[2023-06-08T19:12:00.703+0000] {processor.py:826} INFO - Processing file /home/airflow/.local/lib/python3.7/site-packages/airflow/example_dags/example_nested_branch_dag.py for tasks to queue
[2023-06-08T19:12:00.704+0000] {logging_mixin.py:149} INFO - [2023-06-08T19:12:00.704+0000] {dagbag.py:541} INFO - Filling up the DagBag from /home/airflow/.local/lib/python3.7/site-packages/airflow/example_dags/example_nested_branch_dag.py
[2023-06-08T19:12:00.710+0000] {processor.py:836} INFO - DAG(s) dict_keys(['example_nested_branch_dag']) retrieved from /home/airflow/.local/lib/python3.7/site-packages/airflow/example_dags/example_nested_branch_dag.py
[2023-06-08T19:12:00.726+0000] {logging_mixin.py:149} INFO - [2023-06-08T19:12:00.726+0000] {dag.py:2726} INFO - Sync 1 DAGs
[2023-06-08T19:12:00.741+0000] {logging_mixin.py:149} INFO - [2023-06-08T19:12:00.741+0000] {dag.py:3490} INFO - Setting next_dagrun for example_nested_branch_dag to 2023-06-07T00:00:00+00:00, run_after=2023-06-08T00:00:00+00:00
[2023-06-08T19:12:00.751+0000] {processor.py:179} INFO - Processing /home/airflow/.local/lib/python3.7/site-packages/airflow/example_dags/example_nested_branch_dag.py took 0.051 seconds
[2023-06-08T19:12:30.941+0000] {processor.py:157} INFO - Started process (PID=5494) to work on /home/airflow/.local/lib/python3.7/site-packages/airflow/example_dags/example_nested_branch_dag.py
[2023-06-08T19:12:30.942+0000] {processor.py:826} INFO - Processing file /home/airflow/.local/lib/python3.7/site-packages/airflow/example_dags/example_nested_branch_dag.py for tasks to queue
[2023-06-08T19:12:30.943+0000] {logging_mixin.py:149} INFO - [2023-06-08T19:12:30.943+0000] {dagbag.py:541} INFO - Filling up the DagBag from /home/airflow/.local/lib/python3.7/site-packages/airflow/example_dags/example_nested_branch_dag.py
[2023-06-08T19:12:30.949+0000] {processor.py:836} INFO - DAG(s) dict_keys(['example_nested_branch_dag']) retrieved from /home/airflow/.local/lib/python3.7/site-packages/airflow/example_dags/example_nested_branch_dag.py
[2023-06-08T19:12:30.966+0000] {logging_mixin.py:149} INFO - [2023-06-08T19:12:30.966+0000] {dag.py:2726} INFO - Sync 1 DAGs
[2023-06-08T19:12:30.980+0000] {logging_mixin.py:149} INFO - [2023-06-08T19:12:30.980+0000] {dag.py:3490} INFO - Setting next_dagrun for example_nested_branch_dag to 2023-06-07T00:00:00+00:00, run_after=2023-06-08T00:00:00+00:00
[2023-06-08T19:12:30.990+0000] {processor.py:179} INFO - Processing /home/airflow/.local/lib/python3.7/site-packages/airflow/example_dags/example_nested_branch_dag.py took 0.052 seconds
[2023-06-08T19:13:01.232+0000] {processor.py:157} INFO - Started process (PID=5731) to work on /home/airflow/.local/lib/python3.7/site-packages/airflow/example_dags/example_nested_branch_dag.py
[2023-06-08T19:13:01.233+0000] {processor.py:826} INFO - Processing file /home/airflow/.local/lib/python3.7/site-packages/airflow/example_dags/example_nested_branch_dag.py for tasks to queue
[2023-06-08T19:13:01.233+0000] {logging_mixin.py:149} INFO - [2023-06-08T19:13:01.233+0000] {dagbag.py:541} INFO - Filling up the DagBag from /home/airflow/.local/lib/python3.7/site-packages/airflow/example_dags/example_nested_branch_dag.py
[2023-06-08T19:13:01.240+0000] {processor.py:836} INFO - DAG(s) dict_keys(['example_nested_branch_dag']) retrieved from /home/airflow/.local/lib/python3.7/site-packages/airflow/example_dags/example_nested_branch_dag.py
[2023-06-08T19:13:01.257+0000] {logging_mixin.py:149} INFO - [2023-06-08T19:13:01.257+0000] {dag.py:2726} INFO - Sync 1 DAGs
[2023-06-08T19:13:01.271+0000] {logging_mixin.py:149} INFO - [2023-06-08T19:13:01.271+0000] {dag.py:3490} INFO - Setting next_dagrun for example_nested_branch_dag to 2023-06-07T00:00:00+00:00, run_after=2023-06-08T00:00:00+00:00
[2023-06-08T19:13:01.280+0000] {processor.py:179} INFO - Processing /home/airflow/.local/lib/python3.7/site-packages/airflow/example_dags/example_nested_branch_dag.py took 0.051 seconds
[2023-06-08T19:13:31.554+0000] {processor.py:157} INFO - Started process (PID=5968) to work on /home/airflow/.local/lib/python3.7/site-packages/airflow/example_dags/example_nested_branch_dag.py
[2023-06-08T19:13:31.555+0000] {processor.py:826} INFO - Processing file /home/airflow/.local/lib/python3.7/site-packages/airflow/example_dags/example_nested_branch_dag.py for tasks to queue
[2023-06-08T19:13:31.555+0000] {logging_mixin.py:149} INFO - [2023-06-08T19:13:31.555+0000] {dagbag.py:541} INFO - Filling up the DagBag from /home/airflow/.local/lib/python3.7/site-packages/airflow/example_dags/example_nested_branch_dag.py
[2023-06-08T19:13:31.561+0000] {processor.py:836} INFO - DAG(s) dict_keys(['example_nested_branch_dag']) retrieved from /home/airflow/.local/lib/python3.7/site-packages/airflow/example_dags/example_nested_branch_dag.py
[2023-06-08T19:13:31.578+0000] {logging_mixin.py:149} INFO - [2023-06-08T19:13:31.578+0000] {dag.py:2726} INFO - Sync 1 DAGs
[2023-06-08T19:13:31.593+0000] {logging_mixin.py:149} INFO - [2023-06-08T19:13:31.592+0000] {dag.py:3490} INFO - Setting next_dagrun for example_nested_branch_dag to 2023-06-07T00:00:00+00:00, run_after=2023-06-08T00:00:00+00:00
[2023-06-08T19:13:31.602+0000] {processor.py:179} INFO - Processing /home/airflow/.local/lib/python3.7/site-packages/airflow/example_dags/example_nested_branch_dag.py took 0.051 seconds
[2023-06-08T19:14:01.764+0000] {processor.py:157} INFO - Started process (PID=6205) to work on /home/airflow/.local/lib/python3.7/site-packages/airflow/example_dags/example_nested_branch_dag.py
[2023-06-08T19:14:01.765+0000] {processor.py:826} INFO - Processing file /home/airflow/.local/lib/python3.7/site-packages/airflow/example_dags/example_nested_branch_dag.py for tasks to queue
[2023-06-08T19:14:01.766+0000] {logging_mixin.py:149} INFO - [2023-06-08T19:14:01.766+0000] {dagbag.py:541} INFO - Filling up the DagBag from /home/airflow/.local/lib/python3.7/site-packages/airflow/example_dags/example_nested_branch_dag.py
[2023-06-08T19:14:01.772+0000] {processor.py:836} INFO - DAG(s) dict_keys(['example_nested_branch_dag']) retrieved from /home/airflow/.local/lib/python3.7/site-packages/airflow/example_dags/example_nested_branch_dag.py
[2023-06-08T19:14:01.789+0000] {logging_mixin.py:149} INFO - [2023-06-08T19:14:01.789+0000] {dag.py:2726} INFO - Sync 1 DAGs
[2023-06-08T19:14:01.804+0000] {logging_mixin.py:149} INFO - [2023-06-08T19:14:01.804+0000] {dag.py:3490} INFO - Setting next_dagrun for example_nested_branch_dag to 2023-06-07T00:00:00+00:00, run_after=2023-06-08T00:00:00+00:00
[2023-06-08T19:14:01.813+0000] {processor.py:179} INFO - Processing /home/airflow/.local/lib/python3.7/site-packages/airflow/example_dags/example_nested_branch_dag.py took 0.052 seconds
[2023-06-08T19:14:32.000+0000] {processor.py:157} INFO - Started process (PID=6443) to work on /home/airflow/.local/lib/python3.7/site-packages/airflow/example_dags/example_nested_branch_dag.py
[2023-06-08T19:14:32.001+0000] {processor.py:826} INFO - Processing file /home/airflow/.local/lib/python3.7/site-packages/airflow/example_dags/example_nested_branch_dag.py for tasks to queue
[2023-06-08T19:14:32.002+0000] {logging_mixin.py:149} INFO - [2023-06-08T19:14:32.002+0000] {dagbag.py:541} INFO - Filling up the DagBag from /home/airflow/.local/lib/python3.7/site-packages/airflow/example_dags/example_nested_branch_dag.py
[2023-06-08T19:14:32.009+0000] {processor.py:836} INFO - DAG(s) dict_keys(['example_nested_branch_dag']) retrieved from /home/airflow/.local/lib/python3.7/site-packages/airflow/example_dags/example_nested_branch_dag.py
[2023-06-08T19:14:32.027+0000] {logging_mixin.py:149} INFO - [2023-06-08T19:14:32.026+0000] {dag.py:2726} INFO - Sync 1 DAGs
[2023-06-08T19:14:32.042+0000] {logging_mixin.py:149} INFO - [2023-06-08T19:14:32.041+0000] {dag.py:3490} INFO - Setting next_dagrun for example_nested_branch_dag to 2023-06-07T00:00:00+00:00, run_after=2023-06-08T00:00:00+00:00
[2023-06-08T19:14:32.052+0000] {processor.py:179} INFO - Processing /home/airflow/.local/lib/python3.7/site-packages/airflow/example_dags/example_nested_branch_dag.py took 0.054 seconds
[2023-06-08T19:15:02.223+0000] {processor.py:157} INFO - Started process (PID=6680) to work on /home/airflow/.local/lib/python3.7/site-packages/airflow/example_dags/example_nested_branch_dag.py
[2023-06-08T19:15:02.224+0000] {processor.py:826} INFO - Processing file /home/airflow/.local/lib/python3.7/site-packages/airflow/example_dags/example_nested_branch_dag.py for tasks to queue
[2023-06-08T19:15:02.224+0000] {logging_mixin.py:149} INFO - [2023-06-08T19:15:02.224+0000] {dagbag.py:541} INFO - Filling up the DagBag from /home/airflow/.local/lib/python3.7/site-packages/airflow/example_dags/example_nested_branch_dag.py
[2023-06-08T19:15:02.231+0000] {processor.py:836} INFO - DAG(s) dict_keys(['example_nested_branch_dag']) retrieved from /home/airflow/.local/lib/python3.7/site-packages/airflow/example_dags/example_nested_branch_dag.py
[2023-06-08T19:15:02.249+0000] {logging_mixin.py:149} INFO - [2023-06-08T19:15:02.248+0000] {dag.py:2726} INFO - Sync 1 DAGs
[2023-06-08T19:15:02.263+0000] {logging_mixin.py:149} INFO - [2023-06-08T19:15:02.263+0000] {dag.py:3490} INFO - Setting next_dagrun for example_nested_branch_dag to 2023-06-07T00:00:00+00:00, run_after=2023-06-08T00:00:00+00:00
[2023-06-08T19:15:02.272+0000] {processor.py:179} INFO - Processing /home/airflow/.local/lib/python3.7/site-packages/airflow/example_dags/example_nested_branch_dag.py took 0.051 seconds
