[2023-06-08T19:01:24.267+0000] {processor.py:157} INFO - Started process (PID=174) to work on /home/airflow/.local/lib/python3.7/site-packages/airflow/example_dags/example_dynamic_task_mapping.py
[2023-06-08T19:01:24.268+0000] {processor.py:826} INFO - Processing file /home/airflow/.local/lib/python3.7/site-packages/airflow/example_dags/example_dynamic_task_mapping.py for tasks to queue
[2023-06-08T19:01:24.269+0000] {logging_mixin.py:149} INFO - [2023-06-08T19:01:24.269+0000] {dagbag.py:541} INFO - Filling up the DagBag from /home/airflow/.local/lib/python3.7/site-packages/airflow/example_dags/example_dynamic_task_mapping.py
[2023-06-08T19:01:24.275+0000] {processor.py:836} INFO - DAG(s) dict_keys(['example_dynamic_task_mapping']) retrieved from /home/airflow/.local/lib/python3.7/site-packages/airflow/example_dags/example_dynamic_task_mapping.py
[2023-06-08T19:01:24.285+0000] {logging_mixin.py:149} INFO - [2023-06-08T19:01:24.285+0000] {dag.py:2726} INFO - Sync 1 DAGs
[2023-06-08T19:01:24.301+0000] {logging_mixin.py:149} INFO - [2023-06-08T19:01:24.301+0000] {dag.py:3490} INFO - Setting next_dagrun for example_dynamic_task_mapping to 2022-03-04T00:00:00+00:00, run_after=2022-03-05T00:00:00+00:00
[2023-06-08T19:01:24.310+0000] {processor.py:179} INFO - Processing /home/airflow/.local/lib/python3.7/site-packages/airflow/example_dags/example_dynamic_task_mapping.py took 0.045 seconds
[2023-06-08T19:01:54.948+0000] {processor.py:157} INFO - Started process (PID=411) to work on /home/airflow/.local/lib/python3.7/site-packages/airflow/example_dags/example_dynamic_task_mapping.py
[2023-06-08T19:01:54.949+0000] {processor.py:826} INFO - Processing file /home/airflow/.local/lib/python3.7/site-packages/airflow/example_dags/example_dynamic_task_mapping.py for tasks to queue
[2023-06-08T19:01:54.950+0000] {logging_mixin.py:149} INFO - [2023-06-08T19:01:54.950+0000] {dagbag.py:541} INFO - Filling up the DagBag from /home/airflow/.local/lib/python3.7/site-packages/airflow/example_dags/example_dynamic_task_mapping.py
[2023-06-08T19:01:54.955+0000] {processor.py:836} INFO - DAG(s) dict_keys(['example_dynamic_task_mapping']) retrieved from /home/airflow/.local/lib/python3.7/site-packages/airflow/example_dags/example_dynamic_task_mapping.py
[2023-06-08T19:01:54.971+0000] {logging_mixin.py:149} INFO - [2023-06-08T19:01:54.971+0000] {dag.py:2726} INFO - Sync 1 DAGs
[2023-06-08T19:01:55.049+0000] {logging_mixin.py:149} INFO - [2023-06-08T19:01:55.049+0000] {dag.py:3490} INFO - Setting next_dagrun for example_dynamic_task_mapping to 2022-03-04T00:00:00+00:00, run_after=2022-03-05T00:00:00+00:00
[2023-06-08T19:01:55.058+0000] {processor.py:179} INFO - Processing /home/airflow/.local/lib/python3.7/site-packages/airflow/example_dags/example_dynamic_task_mapping.py took 0.112 seconds
[2023-06-08T19:02:25.403+0000] {processor.py:157} INFO - Started process (PID=648) to work on /home/airflow/.local/lib/python3.7/site-packages/airflow/example_dags/example_dynamic_task_mapping.py
[2023-06-08T19:02:25.404+0000] {processor.py:826} INFO - Processing file /home/airflow/.local/lib/python3.7/site-packages/airflow/example_dags/example_dynamic_task_mapping.py for tasks to queue
[2023-06-08T19:02:25.405+0000] {logging_mixin.py:149} INFO - [2023-06-08T19:02:25.405+0000] {dagbag.py:541} INFO - Filling up the DagBag from /home/airflow/.local/lib/python3.7/site-packages/airflow/example_dags/example_dynamic_task_mapping.py
[2023-06-08T19:02:25.410+0000] {processor.py:836} INFO - DAG(s) dict_keys(['example_dynamic_task_mapping']) retrieved from /home/airflow/.local/lib/python3.7/site-packages/airflow/example_dags/example_dynamic_task_mapping.py
[2023-06-08T19:02:25.425+0000] {logging_mixin.py:149} INFO - [2023-06-08T19:02:25.425+0000] {dag.py:2726} INFO - Sync 1 DAGs
[2023-06-08T19:02:25.440+0000] {logging_mixin.py:149} INFO - [2023-06-08T19:02:25.440+0000] {dag.py:3490} INFO - Setting next_dagrun for example_dynamic_task_mapping to 2022-03-04T00:00:00+00:00, run_after=2022-03-05T00:00:00+00:00
[2023-06-08T19:02:25.451+0000] {processor.py:179} INFO - Processing /home/airflow/.local/lib/python3.7/site-packages/airflow/example_dags/example_dynamic_task_mapping.py took 0.050 seconds
[2023-06-08T19:02:55.637+0000] {processor.py:157} INFO - Started process (PID=933) to work on /home/airflow/.local/lib/python3.7/site-packages/airflow/example_dags/example_dynamic_task_mapping.py
[2023-06-08T19:02:55.638+0000] {processor.py:826} INFO - Processing file /home/airflow/.local/lib/python3.7/site-packages/airflow/example_dags/example_dynamic_task_mapping.py for tasks to queue
[2023-06-08T19:02:55.639+0000] {logging_mixin.py:149} INFO - [2023-06-08T19:02:55.639+0000] {dagbag.py:541} INFO - Filling up the DagBag from /home/airflow/.local/lib/python3.7/site-packages/airflow/example_dags/example_dynamic_task_mapping.py
[2023-06-08T19:02:55.644+0000] {processor.py:836} INFO - DAG(s) dict_keys(['example_dynamic_task_mapping']) retrieved from /home/airflow/.local/lib/python3.7/site-packages/airflow/example_dags/example_dynamic_task_mapping.py
[2023-06-08T19:02:55.659+0000] {logging_mixin.py:149} INFO - [2023-06-08T19:02:55.659+0000] {dag.py:2726} INFO - Sync 1 DAGs
[2023-06-08T19:02:55.672+0000] {logging_mixin.py:149} INFO - [2023-06-08T19:02:55.672+0000] {dag.py:3490} INFO - Setting next_dagrun for example_dynamic_task_mapping to 2022-03-04T00:00:00+00:00, run_after=2022-03-05T00:00:00+00:00
[2023-06-08T19:02:55.682+0000] {processor.py:179} INFO - Processing /home/airflow/.local/lib/python3.7/site-packages/airflow/example_dags/example_dynamic_task_mapping.py took 0.047 seconds
[2023-06-08T19:03:25.876+0000] {processor.py:157} INFO - Started process (PID=1218) to work on /home/airflow/.local/lib/python3.7/site-packages/airflow/example_dags/example_dynamic_task_mapping.py
[2023-06-08T19:03:25.877+0000] {processor.py:826} INFO - Processing file /home/airflow/.local/lib/python3.7/site-packages/airflow/example_dags/example_dynamic_task_mapping.py for tasks to queue
[2023-06-08T19:03:25.878+0000] {logging_mixin.py:149} INFO - [2023-06-08T19:03:25.878+0000] {dagbag.py:541} INFO - Filling up the DagBag from /home/airflow/.local/lib/python3.7/site-packages/airflow/example_dags/example_dynamic_task_mapping.py
[2023-06-08T19:03:25.883+0000] {processor.py:836} INFO - DAG(s) dict_keys(['example_dynamic_task_mapping']) retrieved from /home/airflow/.local/lib/python3.7/site-packages/airflow/example_dags/example_dynamic_task_mapping.py
[2023-06-08T19:03:25.899+0000] {logging_mixin.py:149} INFO - [2023-06-08T19:03:25.899+0000] {dag.py:2726} INFO - Sync 1 DAGs
[2023-06-08T19:03:25.913+0000] {logging_mixin.py:149} INFO - [2023-06-08T19:03:25.913+0000] {dag.py:3490} INFO - Setting next_dagrun for example_dynamic_task_mapping to 2022-03-04T00:00:00+00:00, run_after=2022-03-05T00:00:00+00:00
[2023-06-08T19:03:25.922+0000] {processor.py:179} INFO - Processing /home/airflow/.local/lib/python3.7/site-packages/airflow/example_dags/example_dynamic_task_mapping.py took 0.048 seconds
[2023-06-08T19:03:56.117+0000] {processor.py:157} INFO - Started process (PID=1456) to work on /home/airflow/.local/lib/python3.7/site-packages/airflow/example_dags/example_dynamic_task_mapping.py
[2023-06-08T19:03:56.119+0000] {processor.py:826} INFO - Processing file /home/airflow/.local/lib/python3.7/site-packages/airflow/example_dags/example_dynamic_task_mapping.py for tasks to queue
[2023-06-08T19:03:56.119+0000] {logging_mixin.py:149} INFO - [2023-06-08T19:03:56.119+0000] {dagbag.py:541} INFO - Filling up the DagBag from /home/airflow/.local/lib/python3.7/site-packages/airflow/example_dags/example_dynamic_task_mapping.py
[2023-06-08T19:03:56.125+0000] {processor.py:836} INFO - DAG(s) dict_keys(['example_dynamic_task_mapping']) retrieved from /home/airflow/.local/lib/python3.7/site-packages/airflow/example_dags/example_dynamic_task_mapping.py
[2023-06-08T19:03:56.143+0000] {logging_mixin.py:149} INFO - [2023-06-08T19:03:56.143+0000] {dag.py:2726} INFO - Sync 1 DAGs
[2023-06-08T19:03:56.157+0000] {logging_mixin.py:149} INFO - [2023-06-08T19:03:56.157+0000] {dag.py:3490} INFO - Setting next_dagrun for example_dynamic_task_mapping to 2022-03-04T00:00:00+00:00, run_after=2022-03-05T00:00:00+00:00
[2023-06-08T19:03:56.168+0000] {processor.py:179} INFO - Processing /home/airflow/.local/lib/python3.7/site-packages/airflow/example_dags/example_dynamic_task_mapping.py took 0.053 seconds
[2023-06-08T19:04:26.316+0000] {processor.py:157} INFO - Started process (PID=1693) to work on /home/airflow/.local/lib/python3.7/site-packages/airflow/example_dags/example_dynamic_task_mapping.py
[2023-06-08T19:04:26.317+0000] {processor.py:826} INFO - Processing file /home/airflow/.local/lib/python3.7/site-packages/airflow/example_dags/example_dynamic_task_mapping.py for tasks to queue
[2023-06-08T19:04:26.318+0000] {logging_mixin.py:149} INFO - [2023-06-08T19:04:26.318+0000] {dagbag.py:541} INFO - Filling up the DagBag from /home/airflow/.local/lib/python3.7/site-packages/airflow/example_dags/example_dynamic_task_mapping.py
[2023-06-08T19:04:26.322+0000] {processor.py:836} INFO - DAG(s) dict_keys(['example_dynamic_task_mapping']) retrieved from /home/airflow/.local/lib/python3.7/site-packages/airflow/example_dags/example_dynamic_task_mapping.py
[2023-06-08T19:04:26.339+0000] {logging_mixin.py:149} INFO - [2023-06-08T19:04:26.339+0000] {dag.py:2726} INFO - Sync 1 DAGs
[2023-06-08T19:04:26.354+0000] {logging_mixin.py:149} INFO - [2023-06-08T19:04:26.354+0000] {dag.py:3490} INFO - Setting next_dagrun for example_dynamic_task_mapping to 2022-03-04T00:00:00+00:00, run_after=2022-03-05T00:00:00+00:00
[2023-06-08T19:04:26.363+0000] {processor.py:179} INFO - Processing /home/airflow/.local/lib/python3.7/site-packages/airflow/example_dags/example_dynamic_task_mapping.py took 0.050 seconds
[2023-06-08T19:04:56.688+0000] {processor.py:157} INFO - Started process (PID=1930) to work on /home/airflow/.local/lib/python3.7/site-packages/airflow/example_dags/example_dynamic_task_mapping.py
[2023-06-08T19:04:56.689+0000] {processor.py:826} INFO - Processing file /home/airflow/.local/lib/python3.7/site-packages/airflow/example_dags/example_dynamic_task_mapping.py for tasks to queue
[2023-06-08T19:04:56.690+0000] {logging_mixin.py:149} INFO - [2023-06-08T19:04:56.690+0000] {dagbag.py:541} INFO - Filling up the DagBag from /home/airflow/.local/lib/python3.7/site-packages/airflow/example_dags/example_dynamic_task_mapping.py
[2023-06-08T19:04:56.695+0000] {processor.py:836} INFO - DAG(s) dict_keys(['example_dynamic_task_mapping']) retrieved from /home/airflow/.local/lib/python3.7/site-packages/airflow/example_dags/example_dynamic_task_mapping.py
[2023-06-08T19:04:56.712+0000] {logging_mixin.py:149} INFO - [2023-06-08T19:04:56.712+0000] {dag.py:2726} INFO - Sync 1 DAGs
[2023-06-08T19:04:56.726+0000] {logging_mixin.py:149} INFO - [2023-06-08T19:04:56.726+0000] {dag.py:3490} INFO - Setting next_dagrun for example_dynamic_task_mapping to 2022-03-04T00:00:00+00:00, run_after=2022-03-05T00:00:00+00:00
[2023-06-08T19:04:56.735+0000] {processor.py:179} INFO - Processing /home/airflow/.local/lib/python3.7/site-packages/airflow/example_dags/example_dynamic_task_mapping.py took 0.049 seconds
[2023-06-08T19:05:26.942+0000] {processor.py:157} INFO - Started process (PID=2167) to work on /home/airflow/.local/lib/python3.7/site-packages/airflow/example_dags/example_dynamic_task_mapping.py
[2023-06-08T19:05:26.943+0000] {processor.py:826} INFO - Processing file /home/airflow/.local/lib/python3.7/site-packages/airflow/example_dags/example_dynamic_task_mapping.py for tasks to queue
[2023-06-08T19:05:26.944+0000] {logging_mixin.py:149} INFO - [2023-06-08T19:05:26.944+0000] {dagbag.py:541} INFO - Filling up the DagBag from /home/airflow/.local/lib/python3.7/site-packages/airflow/example_dags/example_dynamic_task_mapping.py
[2023-06-08T19:05:26.949+0000] {processor.py:836} INFO - DAG(s) dict_keys(['example_dynamic_task_mapping']) retrieved from /home/airflow/.local/lib/python3.7/site-packages/airflow/example_dags/example_dynamic_task_mapping.py
[2023-06-08T19:05:26.965+0000] {logging_mixin.py:149} INFO - [2023-06-08T19:05:26.965+0000] {dag.py:2726} INFO - Sync 1 DAGs
[2023-06-08T19:05:26.981+0000] {logging_mixin.py:149} INFO - [2023-06-08T19:05:26.980+0000] {dag.py:3490} INFO - Setting next_dagrun for example_dynamic_task_mapping to 2022-03-04T00:00:00+00:00, run_after=2022-03-05T00:00:00+00:00
[2023-06-08T19:05:26.991+0000] {processor.py:179} INFO - Processing /home/airflow/.local/lib/python3.7/site-packages/airflow/example_dags/example_dynamic_task_mapping.py took 0.051 seconds
[2023-06-08T19:05:57.291+0000] {processor.py:157} INFO - Started process (PID=2404) to work on /home/airflow/.local/lib/python3.7/site-packages/airflow/example_dags/example_dynamic_task_mapping.py
[2023-06-08T19:05:57.292+0000] {processor.py:826} INFO - Processing file /home/airflow/.local/lib/python3.7/site-packages/airflow/example_dags/example_dynamic_task_mapping.py for tasks to queue
[2023-06-08T19:05:57.293+0000] {logging_mixin.py:149} INFO - [2023-06-08T19:05:57.293+0000] {dagbag.py:541} INFO - Filling up the DagBag from /home/airflow/.local/lib/python3.7/site-packages/airflow/example_dags/example_dynamic_task_mapping.py
[2023-06-08T19:05:57.298+0000] {processor.py:836} INFO - DAG(s) dict_keys(['example_dynamic_task_mapping']) retrieved from /home/airflow/.local/lib/python3.7/site-packages/airflow/example_dags/example_dynamic_task_mapping.py
[2023-06-08T19:05:57.314+0000] {logging_mixin.py:149} INFO - [2023-06-08T19:05:57.314+0000] {dag.py:2726} INFO - Sync 1 DAGs
[2023-06-08T19:05:57.328+0000] {logging_mixin.py:149} INFO - [2023-06-08T19:05:57.328+0000] {dag.py:3490} INFO - Setting next_dagrun for example_dynamic_task_mapping to 2022-03-04T00:00:00+00:00, run_after=2022-03-05T00:00:00+00:00
[2023-06-08T19:05:57.337+0000] {processor.py:179} INFO - Processing /home/airflow/.local/lib/python3.7/site-packages/airflow/example_dags/example_dynamic_task_mapping.py took 0.049 seconds
[2023-06-08T19:06:27.582+0000] {processor.py:157} INFO - Started process (PID=2641) to work on /home/airflow/.local/lib/python3.7/site-packages/airflow/example_dags/example_dynamic_task_mapping.py
[2023-06-08T19:06:27.583+0000] {processor.py:826} INFO - Processing file /home/airflow/.local/lib/python3.7/site-packages/airflow/example_dags/example_dynamic_task_mapping.py for tasks to queue
[2023-06-08T19:06:27.583+0000] {logging_mixin.py:149} INFO - [2023-06-08T19:06:27.583+0000] {dagbag.py:541} INFO - Filling up the DagBag from /home/airflow/.local/lib/python3.7/site-packages/airflow/example_dags/example_dynamic_task_mapping.py
[2023-06-08T19:06:27.589+0000] {processor.py:836} INFO - DAG(s) dict_keys(['example_dynamic_task_mapping']) retrieved from /home/airflow/.local/lib/python3.7/site-packages/airflow/example_dags/example_dynamic_task_mapping.py
[2023-06-08T19:06:27.605+0000] {logging_mixin.py:149} INFO - [2023-06-08T19:06:27.605+0000] {dag.py:2726} INFO - Sync 1 DAGs
[2023-06-08T19:06:27.619+0000] {logging_mixin.py:149} INFO - [2023-06-08T19:06:27.619+0000] {dag.py:3490} INFO - Setting next_dagrun for example_dynamic_task_mapping to 2022-03-04T00:00:00+00:00, run_after=2022-03-05T00:00:00+00:00
[2023-06-08T19:06:27.628+0000] {processor.py:179} INFO - Processing /home/airflow/.local/lib/python3.7/site-packages/airflow/example_dags/example_dynamic_task_mapping.py took 0.048 seconds
[2023-06-08T19:06:57.875+0000] {processor.py:157} INFO - Started process (PID=2878) to work on /home/airflow/.local/lib/python3.7/site-packages/airflow/example_dags/example_dynamic_task_mapping.py
[2023-06-08T19:06:57.876+0000] {processor.py:826} INFO - Processing file /home/airflow/.local/lib/python3.7/site-packages/airflow/example_dags/example_dynamic_task_mapping.py for tasks to queue
[2023-06-08T19:06:57.877+0000] {logging_mixin.py:149} INFO - [2023-06-08T19:06:57.877+0000] {dagbag.py:541} INFO - Filling up the DagBag from /home/airflow/.local/lib/python3.7/site-packages/airflow/example_dags/example_dynamic_task_mapping.py
[2023-06-08T19:06:57.882+0000] {processor.py:836} INFO - DAG(s) dict_keys(['example_dynamic_task_mapping']) retrieved from /home/airflow/.local/lib/python3.7/site-packages/airflow/example_dags/example_dynamic_task_mapping.py
[2023-06-08T19:06:57.898+0000] {logging_mixin.py:149} INFO - [2023-06-08T19:06:57.898+0000] {dag.py:2726} INFO - Sync 1 DAGs
[2023-06-08T19:06:57.913+0000] {logging_mixin.py:149} INFO - [2023-06-08T19:06:57.913+0000] {dag.py:3490} INFO - Setting next_dagrun for example_dynamic_task_mapping to 2022-03-04T00:00:00+00:00, run_after=2022-03-05T00:00:00+00:00
[2023-06-08T19:06:57.922+0000] {processor.py:179} INFO - Processing /home/airflow/.local/lib/python3.7/site-packages/airflow/example_dags/example_dynamic_task_mapping.py took 0.050 seconds
[2023-06-08T19:07:28.167+0000] {processor.py:157} INFO - Started process (PID=3115) to work on /home/airflow/.local/lib/python3.7/site-packages/airflow/example_dags/example_dynamic_task_mapping.py
[2023-06-08T19:07:28.168+0000] {processor.py:826} INFO - Processing file /home/airflow/.local/lib/python3.7/site-packages/airflow/example_dags/example_dynamic_task_mapping.py for tasks to queue
[2023-06-08T19:07:28.169+0000] {logging_mixin.py:149} INFO - [2023-06-08T19:07:28.169+0000] {dagbag.py:541} INFO - Filling up the DagBag from /home/airflow/.local/lib/python3.7/site-packages/airflow/example_dags/example_dynamic_task_mapping.py
[2023-06-08T19:07:28.174+0000] {processor.py:836} INFO - DAG(s) dict_keys(['example_dynamic_task_mapping']) retrieved from /home/airflow/.local/lib/python3.7/site-packages/airflow/example_dags/example_dynamic_task_mapping.py
[2023-06-08T19:07:28.190+0000] {logging_mixin.py:149} INFO - [2023-06-08T19:07:28.190+0000] {dag.py:2726} INFO - Sync 1 DAGs
[2023-06-08T19:07:28.204+0000] {logging_mixin.py:149} INFO - [2023-06-08T19:07:28.204+0000] {dag.py:3490} INFO - Setting next_dagrun for example_dynamic_task_mapping to 2022-03-04T00:00:00+00:00, run_after=2022-03-05T00:00:00+00:00
[2023-06-08T19:07:28.214+0000] {processor.py:179} INFO - Processing /home/airflow/.local/lib/python3.7/site-packages/airflow/example_dags/example_dynamic_task_mapping.py took 0.049 seconds
[2023-06-08T19:07:58.466+0000] {processor.py:157} INFO - Started process (PID=3352) to work on /home/airflow/.local/lib/python3.7/site-packages/airflow/example_dags/example_dynamic_task_mapping.py
[2023-06-08T19:07:58.467+0000] {processor.py:826} INFO - Processing file /home/airflow/.local/lib/python3.7/site-packages/airflow/example_dags/example_dynamic_task_mapping.py for tasks to queue
[2023-06-08T19:07:58.468+0000] {logging_mixin.py:149} INFO - [2023-06-08T19:07:58.468+0000] {dagbag.py:541} INFO - Filling up the DagBag from /home/airflow/.local/lib/python3.7/site-packages/airflow/example_dags/example_dynamic_task_mapping.py
[2023-06-08T19:07:58.473+0000] {processor.py:836} INFO - DAG(s) dict_keys(['example_dynamic_task_mapping']) retrieved from /home/airflow/.local/lib/python3.7/site-packages/airflow/example_dags/example_dynamic_task_mapping.py
[2023-06-08T19:07:58.490+0000] {logging_mixin.py:149} INFO - [2023-06-08T19:07:58.489+0000] {dag.py:2726} INFO - Sync 1 DAGs
[2023-06-08T19:07:58.505+0000] {logging_mixin.py:149} INFO - [2023-06-08T19:07:58.505+0000] {dag.py:3490} INFO - Setting next_dagrun for example_dynamic_task_mapping to 2022-03-04T00:00:00+00:00, run_after=2022-03-05T00:00:00+00:00
[2023-06-08T19:07:58.513+0000] {processor.py:179} INFO - Processing /home/airflow/.local/lib/python3.7/site-packages/airflow/example_dags/example_dynamic_task_mapping.py took 0.049 seconds
[2023-06-08T19:08:28.773+0000] {processor.py:157} INFO - Started process (PID=3589) to work on /home/airflow/.local/lib/python3.7/site-packages/airflow/example_dags/example_dynamic_task_mapping.py
[2023-06-08T19:08:28.774+0000] {processor.py:826} INFO - Processing file /home/airflow/.local/lib/python3.7/site-packages/airflow/example_dags/example_dynamic_task_mapping.py for tasks to queue
[2023-06-08T19:08:28.775+0000] {logging_mixin.py:149} INFO - [2023-06-08T19:08:28.775+0000] {dagbag.py:541} INFO - Filling up the DagBag from /home/airflow/.local/lib/python3.7/site-packages/airflow/example_dags/example_dynamic_task_mapping.py
[2023-06-08T19:08:28.780+0000] {processor.py:836} INFO - DAG(s) dict_keys(['example_dynamic_task_mapping']) retrieved from /home/airflow/.local/lib/python3.7/site-packages/airflow/example_dags/example_dynamic_task_mapping.py
[2023-06-08T19:08:28.796+0000] {logging_mixin.py:149} INFO - [2023-06-08T19:08:28.796+0000] {dag.py:2726} INFO - Sync 1 DAGs
[2023-06-08T19:08:28.811+0000] {logging_mixin.py:149} INFO - [2023-06-08T19:08:28.811+0000] {dag.py:3490} INFO - Setting next_dagrun for example_dynamic_task_mapping to 2022-03-04T00:00:00+00:00, run_after=2022-03-05T00:00:00+00:00
[2023-06-08T19:08:28.821+0000] {processor.py:179} INFO - Processing /home/airflow/.local/lib/python3.7/site-packages/airflow/example_dags/example_dynamic_task_mapping.py took 0.050 seconds
[2023-06-08T19:08:59.131+0000] {processor.py:157} INFO - Started process (PID=3826) to work on /home/airflow/.local/lib/python3.7/site-packages/airflow/example_dags/example_dynamic_task_mapping.py
[2023-06-08T19:08:59.132+0000] {processor.py:826} INFO - Processing file /home/airflow/.local/lib/python3.7/site-packages/airflow/example_dags/example_dynamic_task_mapping.py for tasks to queue
[2023-06-08T19:08:59.132+0000] {logging_mixin.py:149} INFO - [2023-06-08T19:08:59.132+0000] {dagbag.py:541} INFO - Filling up the DagBag from /home/airflow/.local/lib/python3.7/site-packages/airflow/example_dags/example_dynamic_task_mapping.py
[2023-06-08T19:08:59.137+0000] {processor.py:836} INFO - DAG(s) dict_keys(['example_dynamic_task_mapping']) retrieved from /home/airflow/.local/lib/python3.7/site-packages/airflow/example_dags/example_dynamic_task_mapping.py
[2023-06-08T19:08:59.153+0000] {logging_mixin.py:149} INFO - [2023-06-08T19:08:59.153+0000] {dag.py:2726} INFO - Sync 1 DAGs
[2023-06-08T19:08:59.168+0000] {logging_mixin.py:149} INFO - [2023-06-08T19:08:59.167+0000] {dag.py:3490} INFO - Setting next_dagrun for example_dynamic_task_mapping to 2022-03-04T00:00:00+00:00, run_after=2022-03-05T00:00:00+00:00
[2023-06-08T19:08:59.177+0000] {processor.py:179} INFO - Processing /home/airflow/.local/lib/python3.7/site-packages/airflow/example_dags/example_dynamic_task_mapping.py took 0.048 seconds
[2023-06-08T19:09:29.283+0000] {processor.py:157} INFO - Started process (PID=4063) to work on /home/airflow/.local/lib/python3.7/site-packages/airflow/example_dags/example_dynamic_task_mapping.py
[2023-06-08T19:09:29.284+0000] {processor.py:826} INFO - Processing file /home/airflow/.local/lib/python3.7/site-packages/airflow/example_dags/example_dynamic_task_mapping.py for tasks to queue
[2023-06-08T19:09:29.285+0000] {logging_mixin.py:149} INFO - [2023-06-08T19:09:29.285+0000] {dagbag.py:541} INFO - Filling up the DagBag from /home/airflow/.local/lib/python3.7/site-packages/airflow/example_dags/example_dynamic_task_mapping.py
[2023-06-08T19:09:29.290+0000] {processor.py:836} INFO - DAG(s) dict_keys(['example_dynamic_task_mapping']) retrieved from /home/airflow/.local/lib/python3.7/site-packages/airflow/example_dags/example_dynamic_task_mapping.py
[2023-06-08T19:09:29.306+0000] {logging_mixin.py:149} INFO - [2023-06-08T19:09:29.306+0000] {dag.py:2726} INFO - Sync 1 DAGs
[2023-06-08T19:09:29.320+0000] {logging_mixin.py:149} INFO - [2023-06-08T19:09:29.320+0000] {dag.py:3490} INFO - Setting next_dagrun for example_dynamic_task_mapping to 2022-03-04T00:00:00+00:00, run_after=2022-03-05T00:00:00+00:00
[2023-06-08T19:09:29.329+0000] {processor.py:179} INFO - Processing /home/airflow/.local/lib/python3.7/site-packages/airflow/example_dags/example_dynamic_task_mapping.py took 0.048 seconds
[2023-06-08T19:09:59.555+0000] {processor.py:157} INFO - Started process (PID=4300) to work on /home/airflow/.local/lib/python3.7/site-packages/airflow/example_dags/example_dynamic_task_mapping.py
[2023-06-08T19:09:59.556+0000] {processor.py:826} INFO - Processing file /home/airflow/.local/lib/python3.7/site-packages/airflow/example_dags/example_dynamic_task_mapping.py for tasks to queue
[2023-06-08T19:09:59.557+0000] {logging_mixin.py:149} INFO - [2023-06-08T19:09:59.557+0000] {dagbag.py:541} INFO - Filling up the DagBag from /home/airflow/.local/lib/python3.7/site-packages/airflow/example_dags/example_dynamic_task_mapping.py
[2023-06-08T19:09:59.563+0000] {processor.py:836} INFO - DAG(s) dict_keys(['example_dynamic_task_mapping']) retrieved from /home/airflow/.local/lib/python3.7/site-packages/airflow/example_dags/example_dynamic_task_mapping.py
[2023-06-08T19:09:59.580+0000] {logging_mixin.py:149} INFO - [2023-06-08T19:09:59.580+0000] {dag.py:2726} INFO - Sync 1 DAGs
[2023-06-08T19:09:59.596+0000] {logging_mixin.py:149} INFO - [2023-06-08T19:09:59.596+0000] {dag.py:3490} INFO - Setting next_dagrun for example_dynamic_task_mapping to 2022-03-04T00:00:00+00:00, run_after=2022-03-05T00:00:00+00:00
[2023-06-08T19:09:59.606+0000] {processor.py:179} INFO - Processing /home/airflow/.local/lib/python3.7/site-packages/airflow/example_dags/example_dynamic_task_mapping.py took 0.053 seconds
[2023-06-08T19:10:29.852+0000] {processor.py:157} INFO - Started process (PID=4537) to work on /home/airflow/.local/lib/python3.7/site-packages/airflow/example_dags/example_dynamic_task_mapping.py
[2023-06-08T19:10:29.853+0000] {processor.py:826} INFO - Processing file /home/airflow/.local/lib/python3.7/site-packages/airflow/example_dags/example_dynamic_task_mapping.py for tasks to queue
[2023-06-08T19:10:29.854+0000] {logging_mixin.py:149} INFO - [2023-06-08T19:10:29.854+0000] {dagbag.py:541} INFO - Filling up the DagBag from /home/airflow/.local/lib/python3.7/site-packages/airflow/example_dags/example_dynamic_task_mapping.py
[2023-06-08T19:10:29.859+0000] {processor.py:836} INFO - DAG(s) dict_keys(['example_dynamic_task_mapping']) retrieved from /home/airflow/.local/lib/python3.7/site-packages/airflow/example_dags/example_dynamic_task_mapping.py
[2023-06-08T19:10:29.875+0000] {logging_mixin.py:149} INFO - [2023-06-08T19:10:29.875+0000] {dag.py:2726} INFO - Sync 1 DAGs
[2023-06-08T19:10:29.890+0000] {logging_mixin.py:149} INFO - [2023-06-08T19:10:29.890+0000] {dag.py:3490} INFO - Setting next_dagrun for example_dynamic_task_mapping to 2022-03-04T00:00:00+00:00, run_after=2022-03-05T00:00:00+00:00
[2023-06-08T19:10:29.899+0000] {processor.py:179} INFO - Processing /home/airflow/.local/lib/python3.7/site-packages/airflow/example_dags/example_dynamic_task_mapping.py took 0.049 seconds
[2023-06-08T19:11:00.064+0000] {processor.py:157} INFO - Started process (PID=4774) to work on /home/airflow/.local/lib/python3.7/site-packages/airflow/example_dags/example_dynamic_task_mapping.py
[2023-06-08T19:11:00.065+0000] {processor.py:826} INFO - Processing file /home/airflow/.local/lib/python3.7/site-packages/airflow/example_dags/example_dynamic_task_mapping.py for tasks to queue
[2023-06-08T19:11:00.065+0000] {logging_mixin.py:149} INFO - [2023-06-08T19:11:00.065+0000] {dagbag.py:541} INFO - Filling up the DagBag from /home/airflow/.local/lib/python3.7/site-packages/airflow/example_dags/example_dynamic_task_mapping.py
[2023-06-08T19:11:00.070+0000] {processor.py:836} INFO - DAG(s) dict_keys(['example_dynamic_task_mapping']) retrieved from /home/airflow/.local/lib/python3.7/site-packages/airflow/example_dags/example_dynamic_task_mapping.py
[2023-06-08T19:11:00.087+0000] {logging_mixin.py:149} INFO - [2023-06-08T19:11:00.087+0000] {dag.py:2726} INFO - Sync 1 DAGs
[2023-06-08T19:11:00.101+0000] {logging_mixin.py:149} INFO - [2023-06-08T19:11:00.101+0000] {dag.py:3490} INFO - Setting next_dagrun for example_dynamic_task_mapping to 2022-03-04T00:00:00+00:00, run_after=2022-03-05T00:00:00+00:00
[2023-06-08T19:11:00.111+0000] {processor.py:179} INFO - Processing /home/airflow/.local/lib/python3.7/site-packages/airflow/example_dags/example_dynamic_task_mapping.py took 0.049 seconds
[2023-06-08T19:11:30.425+0000] {processor.py:157} INFO - Started process (PID=5011) to work on /home/airflow/.local/lib/python3.7/site-packages/airflow/example_dags/example_dynamic_task_mapping.py
[2023-06-08T19:11:30.426+0000] {processor.py:826} INFO - Processing file /home/airflow/.local/lib/python3.7/site-packages/airflow/example_dags/example_dynamic_task_mapping.py for tasks to queue
[2023-06-08T19:11:30.427+0000] {logging_mixin.py:149} INFO - [2023-06-08T19:11:30.427+0000] {dagbag.py:541} INFO - Filling up the DagBag from /home/airflow/.local/lib/python3.7/site-packages/airflow/example_dags/example_dynamic_task_mapping.py
[2023-06-08T19:11:30.432+0000] {processor.py:836} INFO - DAG(s) dict_keys(['example_dynamic_task_mapping']) retrieved from /home/airflow/.local/lib/python3.7/site-packages/airflow/example_dags/example_dynamic_task_mapping.py
[2023-06-08T19:11:30.448+0000] {logging_mixin.py:149} INFO - [2023-06-08T19:11:30.448+0000] {dag.py:2726} INFO - Sync 1 DAGs
[2023-06-08T19:11:30.462+0000] {logging_mixin.py:149} INFO - [2023-06-08T19:11:30.462+0000] {dag.py:3490} INFO - Setting next_dagrun for example_dynamic_task_mapping to 2022-03-04T00:00:00+00:00, run_after=2022-03-05T00:00:00+00:00
[2023-06-08T19:11:30.471+0000] {processor.py:179} INFO - Processing /home/airflow/.local/lib/python3.7/site-packages/airflow/example_dags/example_dynamic_task_mapping.py took 0.049 seconds
[2023-06-08T19:12:00.633+0000] {processor.py:157} INFO - Started process (PID=5248) to work on /home/airflow/.local/lib/python3.7/site-packages/airflow/example_dags/example_dynamic_task_mapping.py
[2023-06-08T19:12:00.634+0000] {processor.py:826} INFO - Processing file /home/airflow/.local/lib/python3.7/site-packages/airflow/example_dags/example_dynamic_task_mapping.py for tasks to queue
[2023-06-08T19:12:00.635+0000] {logging_mixin.py:149} INFO - [2023-06-08T19:12:00.635+0000] {dagbag.py:541} INFO - Filling up the DagBag from /home/airflow/.local/lib/python3.7/site-packages/airflow/example_dags/example_dynamic_task_mapping.py
[2023-06-08T19:12:00.640+0000] {processor.py:836} INFO - DAG(s) dict_keys(['example_dynamic_task_mapping']) retrieved from /home/airflow/.local/lib/python3.7/site-packages/airflow/example_dags/example_dynamic_task_mapping.py
[2023-06-08T19:12:00.656+0000] {logging_mixin.py:149} INFO - [2023-06-08T19:12:00.656+0000] {dag.py:2726} INFO - Sync 1 DAGs
[2023-06-08T19:12:00.670+0000] {logging_mixin.py:149} INFO - [2023-06-08T19:12:00.670+0000] {dag.py:3490} INFO - Setting next_dagrun for example_dynamic_task_mapping to 2022-03-04T00:00:00+00:00, run_after=2022-03-05T00:00:00+00:00
[2023-06-08T19:12:00.679+0000] {processor.py:179} INFO - Processing /home/airflow/.local/lib/python3.7/site-packages/airflow/example_dags/example_dynamic_task_mapping.py took 0.048 seconds
[2023-06-08T19:12:30.871+0000] {processor.py:157} INFO - Started process (PID=5486) to work on /home/airflow/.local/lib/python3.7/site-packages/airflow/example_dags/example_dynamic_task_mapping.py
[2023-06-08T19:12:30.872+0000] {processor.py:826} INFO - Processing file /home/airflow/.local/lib/python3.7/site-packages/airflow/example_dags/example_dynamic_task_mapping.py for tasks to queue
[2023-06-08T19:12:30.872+0000] {logging_mixin.py:149} INFO - [2023-06-08T19:12:30.872+0000] {dagbag.py:541} INFO - Filling up the DagBag from /home/airflow/.local/lib/python3.7/site-packages/airflow/example_dags/example_dynamic_task_mapping.py
[2023-06-08T19:12:30.877+0000] {processor.py:836} INFO - DAG(s) dict_keys(['example_dynamic_task_mapping']) retrieved from /home/airflow/.local/lib/python3.7/site-packages/airflow/example_dags/example_dynamic_task_mapping.py
[2023-06-08T19:12:30.894+0000] {logging_mixin.py:149} INFO - [2023-06-08T19:12:30.893+0000] {dag.py:2726} INFO - Sync 1 DAGs
[2023-06-08T19:12:30.908+0000] {logging_mixin.py:149} INFO - [2023-06-08T19:12:30.908+0000] {dag.py:3490} INFO - Setting next_dagrun for example_dynamic_task_mapping to 2022-03-04T00:00:00+00:00, run_after=2022-03-05T00:00:00+00:00
[2023-06-08T19:12:30.917+0000] {processor.py:179} INFO - Processing /home/airflow/.local/lib/python3.7/site-packages/airflow/example_dags/example_dynamic_task_mapping.py took 0.048 seconds
[2023-06-08T19:13:01.161+0000] {processor.py:157} INFO - Started process (PID=5723) to work on /home/airflow/.local/lib/python3.7/site-packages/airflow/example_dags/example_dynamic_task_mapping.py
[2023-06-08T19:13:01.162+0000] {processor.py:826} INFO - Processing file /home/airflow/.local/lib/python3.7/site-packages/airflow/example_dags/example_dynamic_task_mapping.py for tasks to queue
[2023-06-08T19:13:01.163+0000] {logging_mixin.py:149} INFO - [2023-06-08T19:13:01.163+0000] {dagbag.py:541} INFO - Filling up the DagBag from /home/airflow/.local/lib/python3.7/site-packages/airflow/example_dags/example_dynamic_task_mapping.py
[2023-06-08T19:13:01.168+0000] {processor.py:836} INFO - DAG(s) dict_keys(['example_dynamic_task_mapping']) retrieved from /home/airflow/.local/lib/python3.7/site-packages/airflow/example_dags/example_dynamic_task_mapping.py
[2023-06-08T19:13:01.185+0000] {logging_mixin.py:149} INFO - [2023-06-08T19:13:01.185+0000] {dag.py:2726} INFO - Sync 1 DAGs
[2023-06-08T19:13:01.199+0000] {logging_mixin.py:149} INFO - [2023-06-08T19:13:01.199+0000] {dag.py:3490} INFO - Setting next_dagrun for example_dynamic_task_mapping to 2022-03-04T00:00:00+00:00, run_after=2022-03-05T00:00:00+00:00
[2023-06-08T19:13:01.208+0000] {processor.py:179} INFO - Processing /home/airflow/.local/lib/python3.7/site-packages/airflow/example_dags/example_dynamic_task_mapping.py took 0.049 seconds
[2023-06-08T19:13:31.485+0000] {processor.py:157} INFO - Started process (PID=5960) to work on /home/airflow/.local/lib/python3.7/site-packages/airflow/example_dags/example_dynamic_task_mapping.py
[2023-06-08T19:13:31.485+0000] {processor.py:826} INFO - Processing file /home/airflow/.local/lib/python3.7/site-packages/airflow/example_dags/example_dynamic_task_mapping.py for tasks to queue
[2023-06-08T19:13:31.486+0000] {logging_mixin.py:149} INFO - [2023-06-08T19:13:31.486+0000] {dagbag.py:541} INFO - Filling up the DagBag from /home/airflow/.local/lib/python3.7/site-packages/airflow/example_dags/example_dynamic_task_mapping.py
[2023-06-08T19:13:31.491+0000] {processor.py:836} INFO - DAG(s) dict_keys(['example_dynamic_task_mapping']) retrieved from /home/airflow/.local/lib/python3.7/site-packages/airflow/example_dags/example_dynamic_task_mapping.py
[2023-06-08T19:13:31.507+0000] {logging_mixin.py:149} INFO - [2023-06-08T19:13:31.507+0000] {dag.py:2726} INFO - Sync 1 DAGs
[2023-06-08T19:13:31.521+0000] {logging_mixin.py:149} INFO - [2023-06-08T19:13:31.521+0000] {dag.py:3490} INFO - Setting next_dagrun for example_dynamic_task_mapping to 2022-03-04T00:00:00+00:00, run_after=2022-03-05T00:00:00+00:00
[2023-06-08T19:13:31.530+0000] {processor.py:179} INFO - Processing /home/airflow/.local/lib/python3.7/site-packages/airflow/example_dags/example_dynamic_task_mapping.py took 0.048 seconds
[2023-06-08T19:14:01.694+0000] {processor.py:157} INFO - Started process (PID=6197) to work on /home/airflow/.local/lib/python3.7/site-packages/airflow/example_dags/example_dynamic_task_mapping.py
[2023-06-08T19:14:01.695+0000] {processor.py:826} INFO - Processing file /home/airflow/.local/lib/python3.7/site-packages/airflow/example_dags/example_dynamic_task_mapping.py for tasks to queue
[2023-06-08T19:14:01.695+0000] {logging_mixin.py:149} INFO - [2023-06-08T19:14:01.695+0000] {dagbag.py:541} INFO - Filling up the DagBag from /home/airflow/.local/lib/python3.7/site-packages/airflow/example_dags/example_dynamic_task_mapping.py
[2023-06-08T19:14:01.700+0000] {processor.py:836} INFO - DAG(s) dict_keys(['example_dynamic_task_mapping']) retrieved from /home/airflow/.local/lib/python3.7/site-packages/airflow/example_dags/example_dynamic_task_mapping.py
[2023-06-08T19:14:01.716+0000] {logging_mixin.py:149} INFO - [2023-06-08T19:14:01.716+0000] {dag.py:2726} INFO - Sync 1 DAGs
[2023-06-08T19:14:01.731+0000] {logging_mixin.py:149} INFO - [2023-06-08T19:14:01.731+0000] {dag.py:3490} INFO - Setting next_dagrun for example_dynamic_task_mapping to 2022-03-04T00:00:00+00:00, run_after=2022-03-05T00:00:00+00:00
[2023-06-08T19:14:01.740+0000] {processor.py:179} INFO - Processing /home/airflow/.local/lib/python3.7/site-packages/airflow/example_dags/example_dynamic_task_mapping.py took 0.048 seconds
[2023-06-08T19:14:31.926+0000] {processor.py:157} INFO - Started process (PID=6435) to work on /home/airflow/.local/lib/python3.7/site-packages/airflow/example_dags/example_dynamic_task_mapping.py
[2023-06-08T19:14:31.927+0000] {processor.py:826} INFO - Processing file /home/airflow/.local/lib/python3.7/site-packages/airflow/example_dags/example_dynamic_task_mapping.py for tasks to queue
[2023-06-08T19:14:31.928+0000] {logging_mixin.py:149} INFO - [2023-06-08T19:14:31.928+0000] {dagbag.py:541} INFO - Filling up the DagBag from /home/airflow/.local/lib/python3.7/site-packages/airflow/example_dags/example_dynamic_task_mapping.py
[2023-06-08T19:14:31.934+0000] {processor.py:836} INFO - DAG(s) dict_keys(['example_dynamic_task_mapping']) retrieved from /home/airflow/.local/lib/python3.7/site-packages/airflow/example_dags/example_dynamic_task_mapping.py
[2023-06-08T19:14:31.951+0000] {logging_mixin.py:149} INFO - [2023-06-08T19:14:31.951+0000] {dag.py:2726} INFO - Sync 1 DAGs
[2023-06-08T19:14:31.965+0000] {logging_mixin.py:149} INFO - [2023-06-08T19:14:31.965+0000] {dag.py:3490} INFO - Setting next_dagrun for example_dynamic_task_mapping to 2022-03-04T00:00:00+00:00, run_after=2022-03-05T00:00:00+00:00
[2023-06-08T19:14:31.975+0000] {processor.py:179} INFO - Processing /home/airflow/.local/lib/python3.7/site-packages/airflow/example_dags/example_dynamic_task_mapping.py took 0.052 seconds
[2023-06-08T19:15:02.149+0000] {processor.py:157} INFO - Started process (PID=6672) to work on /home/airflow/.local/lib/python3.7/site-packages/airflow/example_dags/example_dynamic_task_mapping.py
[2023-06-08T19:15:02.151+0000] {processor.py:826} INFO - Processing file /home/airflow/.local/lib/python3.7/site-packages/airflow/example_dags/example_dynamic_task_mapping.py for tasks to queue
[2023-06-08T19:15:02.151+0000] {logging_mixin.py:149} INFO - [2023-06-08T19:15:02.151+0000] {dagbag.py:541} INFO - Filling up the DagBag from /home/airflow/.local/lib/python3.7/site-packages/airflow/example_dags/example_dynamic_task_mapping.py
[2023-06-08T19:15:02.157+0000] {processor.py:836} INFO - DAG(s) dict_keys(['example_dynamic_task_mapping']) retrieved from /home/airflow/.local/lib/python3.7/site-packages/airflow/example_dags/example_dynamic_task_mapping.py
[2023-06-08T19:15:02.174+0000] {logging_mixin.py:149} INFO - [2023-06-08T19:15:02.174+0000] {dag.py:2726} INFO - Sync 1 DAGs
[2023-06-08T19:15:02.188+0000] {logging_mixin.py:149} INFO - [2023-06-08T19:15:02.188+0000] {dag.py:3490} INFO - Setting next_dagrun for example_dynamic_task_mapping to 2022-03-04T00:00:00+00:00, run_after=2022-03-05T00:00:00+00:00
[2023-06-08T19:15:02.197+0000] {processor.py:179} INFO - Processing /home/airflow/.local/lib/python3.7/site-packages/airflow/example_dags/example_dynamic_task_mapping.py took 0.051 seconds
