[2023-06-08T19:01:25.152+0000] {processor.py:157} INFO - Started process (PID=282) to work on /home/airflow/.local/lib/python3.7/site-packages/airflow/example_dags/example_local_kubernetes_executor.py
[2023-06-08T19:01:25.153+0000] {processor.py:826} INFO - Processing file /home/airflow/.local/lib/python3.7/site-packages/airflow/example_dags/example_local_kubernetes_executor.py for tasks to queue
[2023-06-08T19:01:25.154+0000] {logging_mixin.py:149} INFO - [2023-06-08T19:01:25.154+0000] {dagbag.py:541} INFO - Filling up the DagBag from /home/airflow/.local/lib/python3.7/site-packages/airflow/example_dags/example_local_kubernetes_executor.py
[2023-06-08T19:01:25.836+0000] {processor.py:836} INFO - DAG(s) dict_keys(['example_local_kubernetes_executor']) retrieved from /home/airflow/.local/lib/python3.7/site-packages/airflow/example_dags/example_local_kubernetes_executor.py
[2023-06-08T19:01:25.844+0000] {logging_mixin.py:149} INFO - [2023-06-08T19:01:25.844+0000] {dag.py:2726} INFO - Sync 1 DAGs
[2023-06-08T19:01:25.856+0000] {logging_mixin.py:149} INFO - [2023-06-08T19:01:25.855+0000] {dag.py:3490} INFO - Setting next_dagrun for example_local_kubernetes_executor to None, run_after=None
[2023-06-08T19:01:25.865+0000] {processor.py:179} INFO - Processing /home/airflow/.local/lib/python3.7/site-packages/airflow/example_dags/example_local_kubernetes_executor.py took 0.715 seconds
[2023-06-08T19:01:57.138+0000] {processor.py:157} INFO - Started process (PID=544) to work on /home/airflow/.local/lib/python3.7/site-packages/airflow/example_dags/example_local_kubernetes_executor.py
[2023-06-08T19:01:57.139+0000] {processor.py:826} INFO - Processing file /home/airflow/.local/lib/python3.7/site-packages/airflow/example_dags/example_local_kubernetes_executor.py for tasks to queue
[2023-06-08T19:01:57.140+0000] {logging_mixin.py:149} INFO - [2023-06-08T19:01:57.140+0000] {dagbag.py:541} INFO - Filling up the DagBag from /home/airflow/.local/lib/python3.7/site-packages/airflow/example_dags/example_local_kubernetes_executor.py
[2023-06-08T19:01:57.321+0000] {processor.py:836} INFO - DAG(s) dict_keys(['example_local_kubernetes_executor']) retrieved from /home/airflow/.local/lib/python3.7/site-packages/airflow/example_dags/example_local_kubernetes_executor.py
[2023-06-08T19:01:57.344+0000] {logging_mixin.py:149} INFO - [2023-06-08T19:01:57.344+0000] {dag.py:2726} INFO - Sync 1 DAGs
[2023-06-08T19:01:57.356+0000] {logging_mixin.py:149} INFO - [2023-06-08T19:01:57.356+0000] {dag.py:3490} INFO - Setting next_dagrun for example_local_kubernetes_executor to None, run_after=None
[2023-06-08T19:01:57.366+0000] {processor.py:179} INFO - Processing /home/airflow/.local/lib/python3.7/site-packages/airflow/example_dags/example_local_kubernetes_executor.py took 0.231 seconds
[2023-06-08T19:02:27.564+0000] {processor.py:157} INFO - Started process (PID=781) to work on /home/airflow/.local/lib/python3.7/site-packages/airflow/example_dags/example_local_kubernetes_executor.py
[2023-06-08T19:02:27.565+0000] {processor.py:826} INFO - Processing file /home/airflow/.local/lib/python3.7/site-packages/airflow/example_dags/example_local_kubernetes_executor.py for tasks to queue
[2023-06-08T19:02:27.566+0000] {logging_mixin.py:149} INFO - [2023-06-08T19:02:27.566+0000] {dagbag.py:541} INFO - Filling up the DagBag from /home/airflow/.local/lib/python3.7/site-packages/airflow/example_dags/example_local_kubernetes_executor.py
[2023-06-08T19:02:27.660+0000] {processor.py:836} INFO - DAG(s) dict_keys(['example_local_kubernetes_executor']) retrieved from /home/airflow/.local/lib/python3.7/site-packages/airflow/example_dags/example_local_kubernetes_executor.py
[2023-06-08T19:02:27.682+0000] {logging_mixin.py:149} INFO - [2023-06-08T19:02:27.682+0000] {dag.py:2726} INFO - Sync 1 DAGs
[2023-06-08T19:02:27.695+0000] {logging_mixin.py:149} INFO - [2023-06-08T19:02:27.695+0000] {dag.py:3490} INFO - Setting next_dagrun for example_local_kubernetes_executor to None, run_after=None
[2023-06-08T19:02:27.706+0000] {processor.py:179} INFO - Processing /home/airflow/.local/lib/python3.7/site-packages/airflow/example_dags/example_local_kubernetes_executor.py took 0.144 seconds
[2023-06-08T19:02:58.708+0000] {processor.py:157} INFO - Started process (PID=1068) to work on /home/airflow/.local/lib/python3.7/site-packages/airflow/example_dags/example_local_kubernetes_executor.py
[2023-06-08T19:02:58.711+0000] {processor.py:826} INFO - Processing file /home/airflow/.local/lib/python3.7/site-packages/airflow/example_dags/example_local_kubernetes_executor.py for tasks to queue
[2023-06-08T19:02:58.712+0000] {logging_mixin.py:149} INFO - [2023-06-08T19:02:58.712+0000] {dagbag.py:541} INFO - Filling up the DagBag from /home/airflow/.local/lib/python3.7/site-packages/airflow/example_dags/example_local_kubernetes_executor.py
[2023-06-08T19:02:58.817+0000] {processor.py:836} INFO - DAG(s) dict_keys(['example_local_kubernetes_executor']) retrieved from /home/airflow/.local/lib/python3.7/site-packages/airflow/example_dags/example_local_kubernetes_executor.py
[2023-06-08T19:02:58.839+0000] {logging_mixin.py:149} INFO - [2023-06-08T19:02:58.839+0000] {dag.py:2726} INFO - Sync 1 DAGs
[2023-06-08T19:02:58.853+0000] {logging_mixin.py:149} INFO - [2023-06-08T19:02:58.853+0000] {dag.py:3490} INFO - Setting next_dagrun for example_local_kubernetes_executor to None, run_after=None
[2023-06-08T19:02:58.863+0000] {processor.py:179} INFO - Processing /home/airflow/.local/lib/python3.7/site-packages/airflow/example_dags/example_local_kubernetes_executor.py took 0.161 seconds
[2023-06-08T19:03:29.021+0000] {processor.py:157} INFO - Started process (PID=1353) to work on /home/airflow/.local/lib/python3.7/site-packages/airflow/example_dags/example_local_kubernetes_executor.py
[2023-06-08T19:03:29.024+0000] {processor.py:826} INFO - Processing file /home/airflow/.local/lib/python3.7/site-packages/airflow/example_dags/example_local_kubernetes_executor.py for tasks to queue
[2023-06-08T19:03:29.025+0000] {logging_mixin.py:149} INFO - [2023-06-08T19:03:29.025+0000] {dagbag.py:541} INFO - Filling up the DagBag from /home/airflow/.local/lib/python3.7/site-packages/airflow/example_dags/example_local_kubernetes_executor.py
[2023-06-08T19:03:29.142+0000] {processor.py:836} INFO - DAG(s) dict_keys(['example_local_kubernetes_executor']) retrieved from /home/airflow/.local/lib/python3.7/site-packages/airflow/example_dags/example_local_kubernetes_executor.py
[2023-06-08T19:03:29.166+0000] {logging_mixin.py:149} INFO - [2023-06-08T19:03:29.166+0000] {dag.py:2726} INFO - Sync 1 DAGs
[2023-06-08T19:03:29.181+0000] {logging_mixin.py:149} INFO - [2023-06-08T19:03:29.180+0000] {dag.py:3490} INFO - Setting next_dagrun for example_local_kubernetes_executor to None, run_after=None
[2023-06-08T19:03:29.192+0000] {processor.py:179} INFO - Processing /home/airflow/.local/lib/python3.7/site-packages/airflow/example_dags/example_local_kubernetes_executor.py took 0.176 seconds
[2023-06-08T19:03:59.288+0000] {processor.py:157} INFO - Started process (PID=1591) to work on /home/airflow/.local/lib/python3.7/site-packages/airflow/example_dags/example_local_kubernetes_executor.py
[2023-06-08T19:03:59.291+0000] {processor.py:826} INFO - Processing file /home/airflow/.local/lib/python3.7/site-packages/airflow/example_dags/example_local_kubernetes_executor.py for tasks to queue
[2023-06-08T19:03:59.296+0000] {logging_mixin.py:149} INFO - [2023-06-08T19:03:59.296+0000] {dagbag.py:541} INFO - Filling up the DagBag from /home/airflow/.local/lib/python3.7/site-packages/airflow/example_dags/example_local_kubernetes_executor.py
[2023-06-08T19:03:59.407+0000] {processor.py:836} INFO - DAG(s) dict_keys(['example_local_kubernetes_executor']) retrieved from /home/airflow/.local/lib/python3.7/site-packages/airflow/example_dags/example_local_kubernetes_executor.py
[2023-06-08T19:03:59.432+0000] {logging_mixin.py:149} INFO - [2023-06-08T19:03:59.432+0000] {dag.py:2726} INFO - Sync 1 DAGs
[2023-06-08T19:03:59.446+0000] {logging_mixin.py:149} INFO - [2023-06-08T19:03:59.446+0000] {dag.py:3490} INFO - Setting next_dagrun for example_local_kubernetes_executor to None, run_after=None
[2023-06-08T19:03:59.457+0000] {processor.py:179} INFO - Processing /home/airflow/.local/lib/python3.7/site-packages/airflow/example_dags/example_local_kubernetes_executor.py took 0.173 seconds
[2023-06-08T19:04:29.545+0000] {processor.py:157} INFO - Started process (PID=1828) to work on /home/airflow/.local/lib/python3.7/site-packages/airflow/example_dags/example_local_kubernetes_executor.py
[2023-06-08T19:04:29.548+0000] {processor.py:826} INFO - Processing file /home/airflow/.local/lib/python3.7/site-packages/airflow/example_dags/example_local_kubernetes_executor.py for tasks to queue
[2023-06-08T19:04:29.550+0000] {logging_mixin.py:149} INFO - [2023-06-08T19:04:29.549+0000] {dagbag.py:541} INFO - Filling up the DagBag from /home/airflow/.local/lib/python3.7/site-packages/airflow/example_dags/example_local_kubernetes_executor.py
[2023-06-08T19:04:29.654+0000] {processor.py:836} INFO - DAG(s) dict_keys(['example_local_kubernetes_executor']) retrieved from /home/airflow/.local/lib/python3.7/site-packages/airflow/example_dags/example_local_kubernetes_executor.py
[2023-06-08T19:04:29.678+0000] {logging_mixin.py:149} INFO - [2023-06-08T19:04:29.678+0000] {dag.py:2726} INFO - Sync 1 DAGs
[2023-06-08T19:04:29.692+0000] {logging_mixin.py:149} INFO - [2023-06-08T19:04:29.692+0000] {dag.py:3490} INFO - Setting next_dagrun for example_local_kubernetes_executor to None, run_after=None
[2023-06-08T19:04:29.702+0000] {processor.py:179} INFO - Processing /home/airflow/.local/lib/python3.7/site-packages/airflow/example_dags/example_local_kubernetes_executor.py took 0.163 seconds
[2023-06-08T19:04:59.769+0000] {processor.py:157} INFO - Started process (PID=2065) to work on /home/airflow/.local/lib/python3.7/site-packages/airflow/example_dags/example_local_kubernetes_executor.py
[2023-06-08T19:04:59.772+0000] {processor.py:826} INFO - Processing file /home/airflow/.local/lib/python3.7/site-packages/airflow/example_dags/example_local_kubernetes_executor.py for tasks to queue
[2023-06-08T19:04:59.773+0000] {logging_mixin.py:149} INFO - [2023-06-08T19:04:59.773+0000] {dagbag.py:541} INFO - Filling up the DagBag from /home/airflow/.local/lib/python3.7/site-packages/airflow/example_dags/example_local_kubernetes_executor.py
[2023-06-08T19:04:59.877+0000] {processor.py:836} INFO - DAG(s) dict_keys(['example_local_kubernetes_executor']) retrieved from /home/airflow/.local/lib/python3.7/site-packages/airflow/example_dags/example_local_kubernetes_executor.py
[2023-06-08T19:04:59.900+0000] {logging_mixin.py:149} INFO - [2023-06-08T19:04:59.900+0000] {dag.py:2726} INFO - Sync 1 DAGs
[2023-06-08T19:04:59.914+0000] {logging_mixin.py:149} INFO - [2023-06-08T19:04:59.914+0000] {dag.py:3490} INFO - Setting next_dagrun for example_local_kubernetes_executor to None, run_after=None
[2023-06-08T19:04:59.925+0000] {processor.py:179} INFO - Processing /home/airflow/.local/lib/python3.7/site-packages/airflow/example_dags/example_local_kubernetes_executor.py took 0.161 seconds
[2023-06-08T19:05:30.065+0000] {processor.py:157} INFO - Started process (PID=2302) to work on /home/airflow/.local/lib/python3.7/site-packages/airflow/example_dags/example_local_kubernetes_executor.py
[2023-06-08T19:05:30.068+0000] {processor.py:826} INFO - Processing file /home/airflow/.local/lib/python3.7/site-packages/airflow/example_dags/example_local_kubernetes_executor.py for tasks to queue
[2023-06-08T19:05:30.070+0000] {logging_mixin.py:149} INFO - [2023-06-08T19:05:30.070+0000] {dagbag.py:541} INFO - Filling up the DagBag from /home/airflow/.local/lib/python3.7/site-packages/airflow/example_dags/example_local_kubernetes_executor.py
[2023-06-08T19:05:30.175+0000] {processor.py:836} INFO - DAG(s) dict_keys(['example_local_kubernetes_executor']) retrieved from /home/airflow/.local/lib/python3.7/site-packages/airflow/example_dags/example_local_kubernetes_executor.py
[2023-06-08T19:05:30.198+0000] {logging_mixin.py:149} INFO - [2023-06-08T19:05:30.198+0000] {dag.py:2726} INFO - Sync 1 DAGs
[2023-06-08T19:05:30.212+0000] {logging_mixin.py:149} INFO - [2023-06-08T19:05:30.212+0000] {dag.py:3490} INFO - Setting next_dagrun for example_local_kubernetes_executor to None, run_after=None
[2023-06-08T19:05:30.223+0000] {processor.py:179} INFO - Processing /home/airflow/.local/lib/python3.7/site-packages/airflow/example_dags/example_local_kubernetes_executor.py took 0.164 seconds
[2023-06-08T19:06:00.369+0000] {processor.py:157} INFO - Started process (PID=2539) to work on /home/airflow/.local/lib/python3.7/site-packages/airflow/example_dags/example_local_kubernetes_executor.py
[2023-06-08T19:06:00.370+0000] {processor.py:826} INFO - Processing file /home/airflow/.local/lib/python3.7/site-packages/airflow/example_dags/example_local_kubernetes_executor.py for tasks to queue
[2023-06-08T19:06:00.371+0000] {logging_mixin.py:149} INFO - [2023-06-08T19:06:00.371+0000] {dagbag.py:541} INFO - Filling up the DagBag from /home/airflow/.local/lib/python3.7/site-packages/airflow/example_dags/example_local_kubernetes_executor.py
[2023-06-08T19:06:00.478+0000] {processor.py:836} INFO - DAG(s) dict_keys(['example_local_kubernetes_executor']) retrieved from /home/airflow/.local/lib/python3.7/site-packages/airflow/example_dags/example_local_kubernetes_executor.py
[2023-06-08T19:06:00.508+0000] {logging_mixin.py:149} INFO - [2023-06-08T19:06:00.508+0000] {dag.py:2726} INFO - Sync 1 DAGs
[2023-06-08T19:06:00.523+0000] {logging_mixin.py:149} INFO - [2023-06-08T19:06:00.523+0000] {dag.py:3490} INFO - Setting next_dagrun for example_local_kubernetes_executor to None, run_after=None
[2023-06-08T19:06:00.535+0000] {processor.py:179} INFO - Processing /home/airflow/.local/lib/python3.7/site-packages/airflow/example_dags/example_local_kubernetes_executor.py took 0.169 seconds
[2023-06-08T19:06:30.723+0000] {processor.py:157} INFO - Started process (PID=2776) to work on /home/airflow/.local/lib/python3.7/site-packages/airflow/example_dags/example_local_kubernetes_executor.py
[2023-06-08T19:06:30.724+0000] {processor.py:826} INFO - Processing file /home/airflow/.local/lib/python3.7/site-packages/airflow/example_dags/example_local_kubernetes_executor.py for tasks to queue
[2023-06-08T19:06:30.725+0000] {logging_mixin.py:149} INFO - [2023-06-08T19:06:30.725+0000] {dagbag.py:541} INFO - Filling up the DagBag from /home/airflow/.local/lib/python3.7/site-packages/airflow/example_dags/example_local_kubernetes_executor.py
[2023-06-08T19:06:30.825+0000] {processor.py:836} INFO - DAG(s) dict_keys(['example_local_kubernetes_executor']) retrieved from /home/airflow/.local/lib/python3.7/site-packages/airflow/example_dags/example_local_kubernetes_executor.py
[2023-06-08T19:06:30.849+0000] {logging_mixin.py:149} INFO - [2023-06-08T19:06:30.849+0000] {dag.py:2726} INFO - Sync 1 DAGs
[2023-06-08T19:06:30.864+0000] {logging_mixin.py:149} INFO - [2023-06-08T19:06:30.864+0000] {dag.py:3490} INFO - Setting next_dagrun for example_local_kubernetes_executor to None, run_after=None
[2023-06-08T19:06:30.875+0000] {processor.py:179} INFO - Processing /home/airflow/.local/lib/python3.7/site-packages/airflow/example_dags/example_local_kubernetes_executor.py took 0.155 seconds
[2023-06-08T19:07:01.018+0000] {processor.py:157} INFO - Started process (PID=3013) to work on /home/airflow/.local/lib/python3.7/site-packages/airflow/example_dags/example_local_kubernetes_executor.py
[2023-06-08T19:07:01.021+0000] {processor.py:826} INFO - Processing file /home/airflow/.local/lib/python3.7/site-packages/airflow/example_dags/example_local_kubernetes_executor.py for tasks to queue
[2023-06-08T19:07:01.022+0000] {logging_mixin.py:149} INFO - [2023-06-08T19:07:01.021+0000] {dagbag.py:541} INFO - Filling up the DagBag from /home/airflow/.local/lib/python3.7/site-packages/airflow/example_dags/example_local_kubernetes_executor.py
[2023-06-08T19:07:01.127+0000] {processor.py:836} INFO - DAG(s) dict_keys(['example_local_kubernetes_executor']) retrieved from /home/airflow/.local/lib/python3.7/site-packages/airflow/example_dags/example_local_kubernetes_executor.py
[2023-06-08T19:07:01.150+0000] {logging_mixin.py:149} INFO - [2023-06-08T19:07:01.150+0000] {dag.py:2726} INFO - Sync 1 DAGs
[2023-06-08T19:07:01.165+0000] {logging_mixin.py:149} INFO - [2023-06-08T19:07:01.165+0000] {dag.py:3490} INFO - Setting next_dagrun for example_local_kubernetes_executor to None, run_after=None
[2023-06-08T19:07:01.176+0000] {processor.py:179} INFO - Processing /home/airflow/.local/lib/python3.7/site-packages/airflow/example_dags/example_local_kubernetes_executor.py took 0.164 seconds
[2023-06-08T19:07:31.343+0000] {processor.py:157} INFO - Started process (PID=3250) to work on /home/airflow/.local/lib/python3.7/site-packages/airflow/example_dags/example_local_kubernetes_executor.py
[2023-06-08T19:07:31.346+0000] {processor.py:826} INFO - Processing file /home/airflow/.local/lib/python3.7/site-packages/airflow/example_dags/example_local_kubernetes_executor.py for tasks to queue
[2023-06-08T19:07:31.348+0000] {logging_mixin.py:149} INFO - [2023-06-08T19:07:31.348+0000] {dagbag.py:541} INFO - Filling up the DagBag from /home/airflow/.local/lib/python3.7/site-packages/airflow/example_dags/example_local_kubernetes_executor.py
[2023-06-08T19:07:31.455+0000] {processor.py:836} INFO - DAG(s) dict_keys(['example_local_kubernetes_executor']) retrieved from /home/airflow/.local/lib/python3.7/site-packages/airflow/example_dags/example_local_kubernetes_executor.py
[2023-06-08T19:07:31.479+0000] {logging_mixin.py:149} INFO - [2023-06-08T19:07:31.479+0000] {dag.py:2726} INFO - Sync 1 DAGs
[2023-06-08T19:07:31.493+0000] {logging_mixin.py:149} INFO - [2023-06-08T19:07:31.493+0000] {dag.py:3490} INFO - Setting next_dagrun for example_local_kubernetes_executor to None, run_after=None
[2023-06-08T19:07:31.503+0000] {processor.py:179} INFO - Processing /home/airflow/.local/lib/python3.7/site-packages/airflow/example_dags/example_local_kubernetes_executor.py took 0.166 seconds
[2023-06-08T19:08:01.589+0000] {processor.py:157} INFO - Started process (PID=3487) to work on /home/airflow/.local/lib/python3.7/site-packages/airflow/example_dags/example_local_kubernetes_executor.py
[2023-06-08T19:08:01.591+0000] {processor.py:826} INFO - Processing file /home/airflow/.local/lib/python3.7/site-packages/airflow/example_dags/example_local_kubernetes_executor.py for tasks to queue
[2023-06-08T19:08:01.592+0000] {logging_mixin.py:149} INFO - [2023-06-08T19:08:01.592+0000] {dagbag.py:541} INFO - Filling up the DagBag from /home/airflow/.local/lib/python3.7/site-packages/airflow/example_dags/example_local_kubernetes_executor.py
[2023-06-08T19:08:01.694+0000] {processor.py:836} INFO - DAG(s) dict_keys(['example_local_kubernetes_executor']) retrieved from /home/airflow/.local/lib/python3.7/site-packages/airflow/example_dags/example_local_kubernetes_executor.py
[2023-06-08T19:08:01.717+0000] {logging_mixin.py:149} INFO - [2023-06-08T19:08:01.717+0000] {dag.py:2726} INFO - Sync 1 DAGs
[2023-06-08T19:08:01.732+0000] {logging_mixin.py:149} INFO - [2023-06-08T19:08:01.732+0000] {dag.py:3490} INFO - Setting next_dagrun for example_local_kubernetes_executor to None, run_after=None
[2023-06-08T19:08:01.743+0000] {processor.py:179} INFO - Processing /home/airflow/.local/lib/python3.7/site-packages/airflow/example_dags/example_local_kubernetes_executor.py took 0.159 seconds
[2023-06-08T19:08:31.962+0000] {processor.py:157} INFO - Started process (PID=3724) to work on /home/airflow/.local/lib/python3.7/site-packages/airflow/example_dags/example_local_kubernetes_executor.py
[2023-06-08T19:08:31.965+0000] {processor.py:826} INFO - Processing file /home/airflow/.local/lib/python3.7/site-packages/airflow/example_dags/example_local_kubernetes_executor.py for tasks to queue
[2023-06-08T19:08:31.966+0000] {logging_mixin.py:149} INFO - [2023-06-08T19:08:31.966+0000] {dagbag.py:541} INFO - Filling up the DagBag from /home/airflow/.local/lib/python3.7/site-packages/airflow/example_dags/example_local_kubernetes_executor.py
[2023-06-08T19:08:32.079+0000] {processor.py:836} INFO - DAG(s) dict_keys(['example_local_kubernetes_executor']) retrieved from /home/airflow/.local/lib/python3.7/site-packages/airflow/example_dags/example_local_kubernetes_executor.py
[2023-06-08T19:08:32.104+0000] {logging_mixin.py:149} INFO - [2023-06-08T19:08:32.103+0000] {dag.py:2726} INFO - Sync 1 DAGs
[2023-06-08T19:08:32.119+0000] {logging_mixin.py:149} INFO - [2023-06-08T19:08:32.119+0000] {dag.py:3490} INFO - Setting next_dagrun for example_local_kubernetes_executor to None, run_after=None
[2023-06-08T19:08:32.129+0000] {processor.py:179} INFO - Processing /home/airflow/.local/lib/python3.7/site-packages/airflow/example_dags/example_local_kubernetes_executor.py took 0.174 seconds
[2023-06-08T19:09:02.235+0000] {processor.py:157} INFO - Started process (PID=3961) to work on /home/airflow/.local/lib/python3.7/site-packages/airflow/example_dags/example_local_kubernetes_executor.py
[2023-06-08T19:09:02.236+0000] {processor.py:826} INFO - Processing file /home/airflow/.local/lib/python3.7/site-packages/airflow/example_dags/example_local_kubernetes_executor.py for tasks to queue
[2023-06-08T19:09:02.238+0000] {logging_mixin.py:149} INFO - [2023-06-08T19:09:02.237+0000] {dagbag.py:541} INFO - Filling up the DagBag from /home/airflow/.local/lib/python3.7/site-packages/airflow/example_dags/example_local_kubernetes_executor.py
[2023-06-08T19:09:02.345+0000] {processor.py:836} INFO - DAG(s) dict_keys(['example_local_kubernetes_executor']) retrieved from /home/airflow/.local/lib/python3.7/site-packages/airflow/example_dags/example_local_kubernetes_executor.py
[2023-06-08T19:09:02.368+0000] {logging_mixin.py:149} INFO - [2023-06-08T19:09:02.368+0000] {dag.py:2726} INFO - Sync 1 DAGs
[2023-06-08T19:09:02.382+0000] {logging_mixin.py:149} INFO - [2023-06-08T19:09:02.382+0000] {dag.py:3490} INFO - Setting next_dagrun for example_local_kubernetes_executor to None, run_after=None
[2023-06-08T19:09:02.392+0000] {processor.py:179} INFO - Processing /home/airflow/.local/lib/python3.7/site-packages/airflow/example_dags/example_local_kubernetes_executor.py took 0.162 seconds
[2023-06-08T19:09:33.428+0000] {processor.py:157} INFO - Started process (PID=4198) to work on /home/airflow/.local/lib/python3.7/site-packages/airflow/example_dags/example_local_kubernetes_executor.py
[2023-06-08T19:09:33.432+0000] {processor.py:826} INFO - Processing file /home/airflow/.local/lib/python3.7/site-packages/airflow/example_dags/example_local_kubernetes_executor.py for tasks to queue
[2023-06-08T19:09:33.433+0000] {logging_mixin.py:149} INFO - [2023-06-08T19:09:33.433+0000] {dagbag.py:541} INFO - Filling up the DagBag from /home/airflow/.local/lib/python3.7/site-packages/airflow/example_dags/example_local_kubernetes_executor.py
[2023-06-08T19:09:33.537+0000] {processor.py:836} INFO - DAG(s) dict_keys(['example_local_kubernetes_executor']) retrieved from /home/airflow/.local/lib/python3.7/site-packages/airflow/example_dags/example_local_kubernetes_executor.py
[2023-06-08T19:09:33.560+0000] {logging_mixin.py:149} INFO - [2023-06-08T19:09:33.560+0000] {dag.py:2726} INFO - Sync 1 DAGs
[2023-06-08T19:09:33.575+0000] {logging_mixin.py:149} INFO - [2023-06-08T19:09:33.575+0000] {dag.py:3490} INFO - Setting next_dagrun for example_local_kubernetes_executor to None, run_after=None
[2023-06-08T19:09:33.585+0000] {processor.py:179} INFO - Processing /home/airflow/.local/lib/python3.7/site-packages/airflow/example_dags/example_local_kubernetes_executor.py took 0.162 seconds
[2023-06-08T19:10:03.694+0000] {processor.py:157} INFO - Started process (PID=4435) to work on /home/airflow/.local/lib/python3.7/site-packages/airflow/example_dags/example_local_kubernetes_executor.py
[2023-06-08T19:10:03.697+0000] {processor.py:826} INFO - Processing file /home/airflow/.local/lib/python3.7/site-packages/airflow/example_dags/example_local_kubernetes_executor.py for tasks to queue
[2023-06-08T19:10:03.699+0000] {logging_mixin.py:149} INFO - [2023-06-08T19:10:03.699+0000] {dagbag.py:541} INFO - Filling up the DagBag from /home/airflow/.local/lib/python3.7/site-packages/airflow/example_dags/example_local_kubernetes_executor.py
[2023-06-08T19:10:03.805+0000] {processor.py:836} INFO - DAG(s) dict_keys(['example_local_kubernetes_executor']) retrieved from /home/airflow/.local/lib/python3.7/site-packages/airflow/example_dags/example_local_kubernetes_executor.py
[2023-06-08T19:10:03.828+0000] {logging_mixin.py:149} INFO - [2023-06-08T19:10:03.828+0000] {dag.py:2726} INFO - Sync 1 DAGs
[2023-06-08T19:10:03.843+0000] {logging_mixin.py:149} INFO - [2023-06-08T19:10:03.843+0000] {dag.py:3490} INFO - Setting next_dagrun for example_local_kubernetes_executor to None, run_after=None
[2023-06-08T19:10:03.853+0000] {processor.py:179} INFO - Processing /home/airflow/.local/lib/python3.7/site-packages/airflow/example_dags/example_local_kubernetes_executor.py took 0.164 seconds
[2023-06-08T19:10:33.977+0000] {processor.py:157} INFO - Started process (PID=4672) to work on /home/airflow/.local/lib/python3.7/site-packages/airflow/example_dags/example_local_kubernetes_executor.py
[2023-06-08T19:10:33.980+0000] {processor.py:826} INFO - Processing file /home/airflow/.local/lib/python3.7/site-packages/airflow/example_dags/example_local_kubernetes_executor.py for tasks to queue
[2023-06-08T19:10:33.981+0000] {logging_mixin.py:149} INFO - [2023-06-08T19:10:33.981+0000] {dagbag.py:541} INFO - Filling up the DagBag from /home/airflow/.local/lib/python3.7/site-packages/airflow/example_dags/example_local_kubernetes_executor.py
[2023-06-08T19:10:34.086+0000] {processor.py:836} INFO - DAG(s) dict_keys(['example_local_kubernetes_executor']) retrieved from /home/airflow/.local/lib/python3.7/site-packages/airflow/example_dags/example_local_kubernetes_executor.py
[2023-06-08T19:10:34.110+0000] {logging_mixin.py:149} INFO - [2023-06-08T19:10:34.110+0000] {dag.py:2726} INFO - Sync 1 DAGs
[2023-06-08T19:10:34.124+0000] {logging_mixin.py:149} INFO - [2023-06-08T19:10:34.124+0000] {dag.py:3490} INFO - Setting next_dagrun for example_local_kubernetes_executor to None, run_after=None
[2023-06-08T19:10:34.135+0000] {processor.py:179} INFO - Processing /home/airflow/.local/lib/python3.7/site-packages/airflow/example_dags/example_local_kubernetes_executor.py took 0.165 seconds
[2023-06-08T19:11:04.297+0000] {processor.py:157} INFO - Started process (PID=4909) to work on /home/airflow/.local/lib/python3.7/site-packages/airflow/example_dags/example_local_kubernetes_executor.py
[2023-06-08T19:11:04.299+0000] {processor.py:826} INFO - Processing file /home/airflow/.local/lib/python3.7/site-packages/airflow/example_dags/example_local_kubernetes_executor.py for tasks to queue
[2023-06-08T19:11:04.301+0000] {logging_mixin.py:149} INFO - [2023-06-08T19:11:04.301+0000] {dagbag.py:541} INFO - Filling up the DagBag from /home/airflow/.local/lib/python3.7/site-packages/airflow/example_dags/example_local_kubernetes_executor.py
[2023-06-08T19:11:04.403+0000] {processor.py:836} INFO - DAG(s) dict_keys(['example_local_kubernetes_executor']) retrieved from /home/airflow/.local/lib/python3.7/site-packages/airflow/example_dags/example_local_kubernetes_executor.py
[2023-06-08T19:11:04.426+0000] {logging_mixin.py:149} INFO - [2023-06-08T19:11:04.426+0000] {dag.py:2726} INFO - Sync 1 DAGs
[2023-06-08T19:11:04.441+0000] {logging_mixin.py:149} INFO - [2023-06-08T19:11:04.440+0000] {dag.py:3490} INFO - Setting next_dagrun for example_local_kubernetes_executor to None, run_after=None
[2023-06-08T19:11:04.451+0000] {processor.py:179} INFO - Processing /home/airflow/.local/lib/python3.7/site-packages/airflow/example_dags/example_local_kubernetes_executor.py took 0.159 seconds
[2023-06-08T19:11:34.511+0000] {processor.py:157} INFO - Started process (PID=5146) to work on /home/airflow/.local/lib/python3.7/site-packages/airflow/example_dags/example_local_kubernetes_executor.py
[2023-06-08T19:11:34.513+0000] {processor.py:826} INFO - Processing file /home/airflow/.local/lib/python3.7/site-packages/airflow/example_dags/example_local_kubernetes_executor.py for tasks to queue
[2023-06-08T19:11:34.515+0000] {logging_mixin.py:149} INFO - [2023-06-08T19:11:34.514+0000] {dagbag.py:541} INFO - Filling up the DagBag from /home/airflow/.local/lib/python3.7/site-packages/airflow/example_dags/example_local_kubernetes_executor.py
[2023-06-08T19:11:34.621+0000] {processor.py:836} INFO - DAG(s) dict_keys(['example_local_kubernetes_executor']) retrieved from /home/airflow/.local/lib/python3.7/site-packages/airflow/example_dags/example_local_kubernetes_executor.py
[2023-06-08T19:11:34.645+0000] {logging_mixin.py:149} INFO - [2023-06-08T19:11:34.645+0000] {dag.py:2726} INFO - Sync 1 DAGs
[2023-06-08T19:11:34.659+0000] {logging_mixin.py:149} INFO - [2023-06-08T19:11:34.659+0000] {dag.py:3490} INFO - Setting next_dagrun for example_local_kubernetes_executor to None, run_after=None
[2023-06-08T19:11:34.669+0000] {processor.py:179} INFO - Processing /home/airflow/.local/lib/python3.7/site-packages/airflow/example_dags/example_local_kubernetes_executor.py took 0.164 seconds
[2023-06-08T19:12:04.764+0000] {processor.py:157} INFO - Started process (PID=5383) to work on /home/airflow/.local/lib/python3.7/site-packages/airflow/example_dags/example_local_kubernetes_executor.py
[2023-06-08T19:12:04.766+0000] {processor.py:826} INFO - Processing file /home/airflow/.local/lib/python3.7/site-packages/airflow/example_dags/example_local_kubernetes_executor.py for tasks to queue
[2023-06-08T19:12:04.767+0000] {logging_mixin.py:149} INFO - [2023-06-08T19:12:04.767+0000] {dagbag.py:541} INFO - Filling up the DagBag from /home/airflow/.local/lib/python3.7/site-packages/airflow/example_dags/example_local_kubernetes_executor.py
[2023-06-08T19:12:04.875+0000] {processor.py:836} INFO - DAG(s) dict_keys(['example_local_kubernetes_executor']) retrieved from /home/airflow/.local/lib/python3.7/site-packages/airflow/example_dags/example_local_kubernetes_executor.py
[2023-06-08T19:12:04.898+0000] {logging_mixin.py:149} INFO - [2023-06-08T19:12:04.897+0000] {dag.py:2726} INFO - Sync 1 DAGs
[2023-06-08T19:12:04.912+0000] {logging_mixin.py:149} INFO - [2023-06-08T19:12:04.912+0000] {dag.py:3490} INFO - Setting next_dagrun for example_local_kubernetes_executor to None, run_after=None
[2023-06-08T19:12:04.927+0000] {processor.py:179} INFO - Processing /home/airflow/.local/lib/python3.7/site-packages/airflow/example_dags/example_local_kubernetes_executor.py took 0.167 seconds
[2023-06-08T19:12:35.026+0000] {processor.py:157} INFO - Started process (PID=5621) to work on /home/airflow/.local/lib/python3.7/site-packages/airflow/example_dags/example_local_kubernetes_executor.py
[2023-06-08T19:12:35.027+0000] {processor.py:826} INFO - Processing file /home/airflow/.local/lib/python3.7/site-packages/airflow/example_dags/example_local_kubernetes_executor.py for tasks to queue
[2023-06-08T19:12:35.029+0000] {logging_mixin.py:149} INFO - [2023-06-08T19:12:35.029+0000] {dagbag.py:541} INFO - Filling up the DagBag from /home/airflow/.local/lib/python3.7/site-packages/airflow/example_dags/example_local_kubernetes_executor.py
[2023-06-08T19:12:35.134+0000] {processor.py:836} INFO - DAG(s) dict_keys(['example_local_kubernetes_executor']) retrieved from /home/airflow/.local/lib/python3.7/site-packages/airflow/example_dags/example_local_kubernetes_executor.py
[2023-06-08T19:12:35.157+0000] {logging_mixin.py:149} INFO - [2023-06-08T19:12:35.157+0000] {dag.py:2726} INFO - Sync 1 DAGs
[2023-06-08T19:12:35.172+0000] {logging_mixin.py:149} INFO - [2023-06-08T19:12:35.172+0000] {dag.py:3490} INFO - Setting next_dagrun for example_local_kubernetes_executor to None, run_after=None
[2023-06-08T19:12:35.183+0000] {processor.py:179} INFO - Processing /home/airflow/.local/lib/python3.7/site-packages/airflow/example_dags/example_local_kubernetes_executor.py took 0.163 seconds
[2023-06-08T19:13:05.343+0000] {processor.py:157} INFO - Started process (PID=5858) to work on /home/airflow/.local/lib/python3.7/site-packages/airflow/example_dags/example_local_kubernetes_executor.py
[2023-06-08T19:13:05.346+0000] {processor.py:826} INFO - Processing file /home/airflow/.local/lib/python3.7/site-packages/airflow/example_dags/example_local_kubernetes_executor.py for tasks to queue
[2023-06-08T19:13:05.348+0000] {logging_mixin.py:149} INFO - [2023-06-08T19:13:05.347+0000] {dagbag.py:541} INFO - Filling up the DagBag from /home/airflow/.local/lib/python3.7/site-packages/airflow/example_dags/example_local_kubernetes_executor.py
[2023-06-08T19:13:05.454+0000] {processor.py:836} INFO - DAG(s) dict_keys(['example_local_kubernetes_executor']) retrieved from /home/airflow/.local/lib/python3.7/site-packages/airflow/example_dags/example_local_kubernetes_executor.py
[2023-06-08T19:13:05.476+0000] {logging_mixin.py:149} INFO - [2023-06-08T19:13:05.476+0000] {dag.py:2726} INFO - Sync 1 DAGs
[2023-06-08T19:13:05.490+0000] {logging_mixin.py:149} INFO - [2023-06-08T19:13:05.490+0000] {dag.py:3490} INFO - Setting next_dagrun for example_local_kubernetes_executor to None, run_after=None
[2023-06-08T19:13:05.499+0000] {processor.py:179} INFO - Processing /home/airflow/.local/lib/python3.7/site-packages/airflow/example_dags/example_local_kubernetes_executor.py took 0.162 seconds
[2023-06-08T19:13:35.666+0000] {processor.py:157} INFO - Started process (PID=6095) to work on /home/airflow/.local/lib/python3.7/site-packages/airflow/example_dags/example_local_kubernetes_executor.py
[2023-06-08T19:13:35.668+0000] {processor.py:826} INFO - Processing file /home/airflow/.local/lib/python3.7/site-packages/airflow/example_dags/example_local_kubernetes_executor.py for tasks to queue
[2023-06-08T19:13:35.670+0000] {logging_mixin.py:149} INFO - [2023-06-08T19:13:35.670+0000] {dagbag.py:541} INFO - Filling up the DagBag from /home/airflow/.local/lib/python3.7/site-packages/airflow/example_dags/example_local_kubernetes_executor.py
[2023-06-08T19:13:35.780+0000] {processor.py:836} INFO - DAG(s) dict_keys(['example_local_kubernetes_executor']) retrieved from /home/airflow/.local/lib/python3.7/site-packages/airflow/example_dags/example_local_kubernetes_executor.py
[2023-06-08T19:13:35.804+0000] {logging_mixin.py:149} INFO - [2023-06-08T19:13:35.804+0000] {dag.py:2726} INFO - Sync 1 DAGs
[2023-06-08T19:13:35.817+0000] {logging_mixin.py:149} INFO - [2023-06-08T19:13:35.817+0000] {dag.py:3490} INFO - Setting next_dagrun for example_local_kubernetes_executor to None, run_after=None
[2023-06-08T19:13:35.828+0000] {processor.py:179} INFO - Processing /home/airflow/.local/lib/python3.7/site-packages/airflow/example_dags/example_local_kubernetes_executor.py took 0.168 seconds
[2023-06-08T19:14:06.787+0000] {processor.py:157} INFO - Started process (PID=6332) to work on /home/airflow/.local/lib/python3.7/site-packages/airflow/example_dags/example_local_kubernetes_executor.py
[2023-06-08T19:14:06.789+0000] {processor.py:826} INFO - Processing file /home/airflow/.local/lib/python3.7/site-packages/airflow/example_dags/example_local_kubernetes_executor.py for tasks to queue
[2023-06-08T19:14:06.790+0000] {logging_mixin.py:149} INFO - [2023-06-08T19:14:06.790+0000] {dagbag.py:541} INFO - Filling up the DagBag from /home/airflow/.local/lib/python3.7/site-packages/airflow/example_dags/example_local_kubernetes_executor.py
[2023-06-08T19:14:06.899+0000] {processor.py:836} INFO - DAG(s) dict_keys(['example_local_kubernetes_executor']) retrieved from /home/airflow/.local/lib/python3.7/site-packages/airflow/example_dags/example_local_kubernetes_executor.py
[2023-06-08T19:14:06.922+0000] {logging_mixin.py:149} INFO - [2023-06-08T19:14:06.922+0000] {dag.py:2726} INFO - Sync 1 DAGs
[2023-06-08T19:14:06.937+0000] {logging_mixin.py:149} INFO - [2023-06-08T19:14:06.937+0000] {dag.py:3490} INFO - Setting next_dagrun for example_local_kubernetes_executor to None, run_after=None
[2023-06-08T19:14:06.946+0000] {processor.py:179} INFO - Processing /home/airflow/.local/lib/python3.7/site-packages/airflow/example_dags/example_local_kubernetes_executor.py took 0.165 seconds
[2023-06-08T19:14:37.163+0000] {processor.py:157} INFO - Started process (PID=6570) to work on /home/airflow/.local/lib/python3.7/site-packages/airflow/example_dags/example_local_kubernetes_executor.py
[2023-06-08T19:14:37.167+0000] {processor.py:826} INFO - Processing file /home/airflow/.local/lib/python3.7/site-packages/airflow/example_dags/example_local_kubernetes_executor.py for tasks to queue
[2023-06-08T19:14:37.168+0000] {logging_mixin.py:149} INFO - [2023-06-08T19:14:37.168+0000] {dagbag.py:541} INFO - Filling up the DagBag from /home/airflow/.local/lib/python3.7/site-packages/airflow/example_dags/example_local_kubernetes_executor.py
[2023-06-08T19:14:37.284+0000] {processor.py:836} INFO - DAG(s) dict_keys(['example_local_kubernetes_executor']) retrieved from /home/airflow/.local/lib/python3.7/site-packages/airflow/example_dags/example_local_kubernetes_executor.py
[2023-06-08T19:14:37.307+0000] {logging_mixin.py:149} INFO - [2023-06-08T19:14:37.307+0000] {dag.py:2726} INFO - Sync 1 DAGs
[2023-06-08T19:14:37.322+0000] {logging_mixin.py:149} INFO - [2023-06-08T19:14:37.322+0000] {dag.py:3490} INFO - Setting next_dagrun for example_local_kubernetes_executor to None, run_after=None
[2023-06-08T19:14:37.333+0000] {processor.py:179} INFO - Processing /home/airflow/.local/lib/python3.7/site-packages/airflow/example_dags/example_local_kubernetes_executor.py took 0.175 seconds
[2023-06-08T19:15:08.296+0000] {processor.py:157} INFO - Started process (PID=6807) to work on /home/airflow/.local/lib/python3.7/site-packages/airflow/example_dags/example_local_kubernetes_executor.py
[2023-06-08T19:15:08.299+0000] {processor.py:826} INFO - Processing file /home/airflow/.local/lib/python3.7/site-packages/airflow/example_dags/example_local_kubernetes_executor.py for tasks to queue
[2023-06-08T19:15:08.300+0000] {logging_mixin.py:149} INFO - [2023-06-08T19:15:08.300+0000] {dagbag.py:541} INFO - Filling up the DagBag from /home/airflow/.local/lib/python3.7/site-packages/airflow/example_dags/example_local_kubernetes_executor.py
[2023-06-08T19:15:08.414+0000] {processor.py:836} INFO - DAG(s) dict_keys(['example_local_kubernetes_executor']) retrieved from /home/airflow/.local/lib/python3.7/site-packages/airflow/example_dags/example_local_kubernetes_executor.py
[2023-06-08T19:15:08.438+0000] {logging_mixin.py:149} INFO - [2023-06-08T19:15:08.438+0000] {dag.py:2726} INFO - Sync 1 DAGs
[2023-06-08T19:15:08.452+0000] {logging_mixin.py:149} INFO - [2023-06-08T19:15:08.452+0000] {dag.py:3490} INFO - Setting next_dagrun for example_local_kubernetes_executor to None, run_after=None
[2023-06-08T19:15:08.463+0000] {processor.py:179} INFO - Processing /home/airflow/.local/lib/python3.7/site-packages/airflow/example_dags/example_local_kubernetes_executor.py took 0.172 seconds
