[2023-06-08T19:01:24.984+0000] {processor.py:157} INFO - Started process (PID=262) to work on /home/airflow/.local/lib/python3.7/site-packages/airflow/example_dags/example_short_circuit_decorator.py
[2023-06-08T19:01:24.984+0000] {processor.py:826} INFO - Processing file /home/airflow/.local/lib/python3.7/site-packages/airflow/example_dags/example_short_circuit_decorator.py for tasks to queue
[2023-06-08T19:01:24.985+0000] {logging_mixin.py:149} INFO - [2023-06-08T19:01:24.985+0000] {dagbag.py:541} INFO - Filling up the DagBag from /home/airflow/.local/lib/python3.7/site-packages/airflow/example_dags/example_short_circuit_decorator.py
[2023-06-08T19:01:24.994+0000] {processor.py:836} INFO - DAG(s) dict_keys(['example_short_circuit_decorator']) retrieved from /home/airflow/.local/lib/python3.7/site-packages/airflow/example_dags/example_short_circuit_decorator.py
[2023-06-08T19:01:25.005+0000] {logging_mixin.py:149} INFO - [2023-06-08T19:01:25.005+0000] {dag.py:2726} INFO - Sync 1 DAGs
[2023-06-08T19:01:25.020+0000] {logging_mixin.py:149} INFO - [2023-06-08T19:01:25.020+0000] {dag.py:3490} INFO - Setting next_dagrun for example_short_circuit_decorator to 2023-06-07T19:01:25.019813+00:00, run_after=2023-06-08T19:01:25.019813+00:00
[2023-06-08T19:01:25.031+0000] {processor.py:179} INFO - Processing /home/airflow/.local/lib/python3.7/site-packages/airflow/example_dags/example_short_circuit_decorator.py took 0.050 seconds
[2023-06-08T19:01:56.401+0000] {processor.py:157} INFO - Started process (PID=499) to work on /home/airflow/.local/lib/python3.7/site-packages/airflow/example_dags/example_short_circuit_decorator.py
[2023-06-08T19:01:56.402+0000] {processor.py:826} INFO - Processing file /home/airflow/.local/lib/python3.7/site-packages/airflow/example_dags/example_short_circuit_decorator.py for tasks to queue
[2023-06-08T19:01:56.403+0000] {logging_mixin.py:149} INFO - [2023-06-08T19:01:56.403+0000] {dagbag.py:541} INFO - Filling up the DagBag from /home/airflow/.local/lib/python3.7/site-packages/airflow/example_dags/example_short_circuit_decorator.py
[2023-06-08T19:01:56.410+0000] {processor.py:836} INFO - DAG(s) dict_keys(['example_short_circuit_decorator']) retrieved from /home/airflow/.local/lib/python3.7/site-packages/airflow/example_dags/example_short_circuit_decorator.py
[2023-06-08T19:01:56.506+0000] {logging_mixin.py:149} INFO - [2023-06-08T19:01:56.506+0000] {dag.py:2726} INFO - Sync 1 DAGs
[2023-06-08T19:01:56.519+0000] {logging_mixin.py:149} INFO - [2023-06-08T19:01:56.519+0000] {dag.py:3490} INFO - Setting next_dagrun for example_short_circuit_decorator to 2023-06-07T19:01:56.519049+00:00, run_after=2023-06-08T19:01:56.519049+00:00
[2023-06-08T19:01:56.528+0000] {processor.py:179} INFO - Processing /home/airflow/.local/lib/python3.7/site-packages/airflow/example_dags/example_short_circuit_decorator.py took 0.130 seconds
[2023-06-08T19:02:27.186+0000] {processor.py:157} INFO - Started process (PID=736) to work on /home/airflow/.local/lib/python3.7/site-packages/airflow/example_dags/example_short_circuit_decorator.py
[2023-06-08T19:02:27.187+0000] {processor.py:826} INFO - Processing file /home/airflow/.local/lib/python3.7/site-packages/airflow/example_dags/example_short_circuit_decorator.py for tasks to queue
[2023-06-08T19:02:27.187+0000] {logging_mixin.py:149} INFO - [2023-06-08T19:02:27.187+0000] {dagbag.py:541} INFO - Filling up the DagBag from /home/airflow/.local/lib/python3.7/site-packages/airflow/example_dags/example_short_circuit_decorator.py
[2023-06-08T19:02:27.193+0000] {processor.py:836} INFO - DAG(s) dict_keys(['example_short_circuit_decorator']) retrieved from /home/airflow/.local/lib/python3.7/site-packages/airflow/example_dags/example_short_circuit_decorator.py
[2023-06-08T19:02:27.210+0000] {logging_mixin.py:149} INFO - [2023-06-08T19:02:27.210+0000] {dag.py:2726} INFO - Sync 1 DAGs
[2023-06-08T19:02:27.224+0000] {logging_mixin.py:149} INFO - [2023-06-08T19:02:27.224+0000] {dag.py:3490} INFO - Setting next_dagrun for example_short_circuit_decorator to 2023-06-07T19:02:27.224397+00:00, run_after=2023-06-08T19:02:27.224397+00:00
[2023-06-08T19:02:27.234+0000] {processor.py:179} INFO - Processing /home/airflow/.local/lib/python3.7/site-packages/airflow/example_dags/example_short_circuit_decorator.py took 0.051 seconds
[2023-06-08T19:02:57.341+0000] {processor.py:157} INFO - Started process (PID=1021) to work on /home/airflow/.local/lib/python3.7/site-packages/airflow/example_dags/example_short_circuit_decorator.py
[2023-06-08T19:02:57.342+0000] {processor.py:826} INFO - Processing file /home/airflow/.local/lib/python3.7/site-packages/airflow/example_dags/example_short_circuit_decorator.py for tasks to queue
[2023-06-08T19:02:57.343+0000] {logging_mixin.py:149} INFO - [2023-06-08T19:02:57.343+0000] {dagbag.py:541} INFO - Filling up the DagBag from /home/airflow/.local/lib/python3.7/site-packages/airflow/example_dags/example_short_circuit_decorator.py
[2023-06-08T19:02:57.349+0000] {processor.py:836} INFO - DAG(s) dict_keys(['example_short_circuit_decorator']) retrieved from /home/airflow/.local/lib/python3.7/site-packages/airflow/example_dags/example_short_circuit_decorator.py
[2023-06-08T19:02:57.366+0000] {logging_mixin.py:149} INFO - [2023-06-08T19:02:57.366+0000] {dag.py:2726} INFO - Sync 1 DAGs
[2023-06-08T19:02:57.380+0000] {logging_mixin.py:149} INFO - [2023-06-08T19:02:57.380+0000] {dag.py:3490} INFO - Setting next_dagrun for example_short_circuit_decorator to 2023-06-07T19:02:57.380631+00:00, run_after=2023-06-08T19:02:57.380631+00:00
[2023-06-08T19:02:57.390+0000] {processor.py:179} INFO - Processing /home/airflow/.local/lib/python3.7/site-packages/airflow/example_dags/example_short_circuit_decorator.py took 0.051 seconds
[2023-06-08T19:03:27.616+0000] {processor.py:157} INFO - Started process (PID=1306) to work on /home/airflow/.local/lib/python3.7/site-packages/airflow/example_dags/example_short_circuit_decorator.py
[2023-06-08T19:03:27.617+0000] {processor.py:826} INFO - Processing file /home/airflow/.local/lib/python3.7/site-packages/airflow/example_dags/example_short_circuit_decorator.py for tasks to queue
[2023-06-08T19:03:27.618+0000] {logging_mixin.py:149} INFO - [2023-06-08T19:03:27.618+0000] {dagbag.py:541} INFO - Filling up the DagBag from /home/airflow/.local/lib/python3.7/site-packages/airflow/example_dags/example_short_circuit_decorator.py
[2023-06-08T19:03:27.624+0000] {processor.py:836} INFO - DAG(s) dict_keys(['example_short_circuit_decorator']) retrieved from /home/airflow/.local/lib/python3.7/site-packages/airflow/example_dags/example_short_circuit_decorator.py
[2023-06-08T19:03:27.642+0000] {logging_mixin.py:149} INFO - [2023-06-08T19:03:27.642+0000] {dag.py:2726} INFO - Sync 1 DAGs
[2023-06-08T19:03:27.656+0000] {logging_mixin.py:149} INFO - [2023-06-08T19:03:27.656+0000] {dag.py:3490} INFO - Setting next_dagrun for example_short_circuit_decorator to 2023-06-07T19:03:27.656263+00:00, run_after=2023-06-08T19:03:27.656263+00:00
[2023-06-08T19:03:27.666+0000] {processor.py:179} INFO - Processing /home/airflow/.local/lib/python3.7/site-packages/airflow/example_dags/example_short_circuit_decorator.py took 0.053 seconds
[2023-06-08T19:03:57.865+0000] {processor.py:157} INFO - Started process (PID=1544) to work on /home/airflow/.local/lib/python3.7/site-packages/airflow/example_dags/example_short_circuit_decorator.py
[2023-06-08T19:03:57.866+0000] {processor.py:826} INFO - Processing file /home/airflow/.local/lib/python3.7/site-packages/airflow/example_dags/example_short_circuit_decorator.py for tasks to queue
[2023-06-08T19:03:57.867+0000] {logging_mixin.py:149} INFO - [2023-06-08T19:03:57.867+0000] {dagbag.py:541} INFO - Filling up the DagBag from /home/airflow/.local/lib/python3.7/site-packages/airflow/example_dags/example_short_circuit_decorator.py
[2023-06-08T19:03:57.873+0000] {processor.py:836} INFO - DAG(s) dict_keys(['example_short_circuit_decorator']) retrieved from /home/airflow/.local/lib/python3.7/site-packages/airflow/example_dags/example_short_circuit_decorator.py
[2023-06-08T19:03:57.891+0000] {logging_mixin.py:149} INFO - [2023-06-08T19:03:57.891+0000] {dag.py:2726} INFO - Sync 1 DAGs
[2023-06-08T19:03:57.907+0000] {logging_mixin.py:149} INFO - [2023-06-08T19:03:57.907+0000] {dag.py:3490} INFO - Setting next_dagrun for example_short_circuit_decorator to 2023-06-07T19:03:57.907019+00:00, run_after=2023-06-08T19:03:57.907019+00:00
[2023-06-08T19:03:57.918+0000] {processor.py:179} INFO - Processing /home/airflow/.local/lib/python3.7/site-packages/airflow/example_dags/example_short_circuit_decorator.py took 0.055 seconds
[2023-06-08T19:04:28.134+0000] {processor.py:157} INFO - Started process (PID=1781) to work on /home/airflow/.local/lib/python3.7/site-packages/airflow/example_dags/example_short_circuit_decorator.py
[2023-06-08T19:04:28.135+0000] {processor.py:826} INFO - Processing file /home/airflow/.local/lib/python3.7/site-packages/airflow/example_dags/example_short_circuit_decorator.py for tasks to queue
[2023-06-08T19:04:28.135+0000] {logging_mixin.py:149} INFO - [2023-06-08T19:04:28.135+0000] {dagbag.py:541} INFO - Filling up the DagBag from /home/airflow/.local/lib/python3.7/site-packages/airflow/example_dags/example_short_circuit_decorator.py
[2023-06-08T19:04:28.141+0000] {processor.py:836} INFO - DAG(s) dict_keys(['example_short_circuit_decorator']) retrieved from /home/airflow/.local/lib/python3.7/site-packages/airflow/example_dags/example_short_circuit_decorator.py
[2023-06-08T19:04:28.160+0000] {logging_mixin.py:149} INFO - [2023-06-08T19:04:28.160+0000] {dag.py:2726} INFO - Sync 1 DAGs
[2023-06-08T19:04:28.175+0000] {logging_mixin.py:149} INFO - [2023-06-08T19:04:28.174+0000] {dag.py:3490} INFO - Setting next_dagrun for example_short_circuit_decorator to 2023-06-07T19:04:28.174738+00:00, run_after=2023-06-08T19:04:28.174738+00:00
[2023-06-08T19:04:28.184+0000] {processor.py:179} INFO - Processing /home/airflow/.local/lib/python3.7/site-packages/airflow/example_dags/example_short_circuit_decorator.py took 0.053 seconds
[2023-06-08T19:04:58.353+0000] {processor.py:157} INFO - Started process (PID=2018) to work on /home/airflow/.local/lib/python3.7/site-packages/airflow/example_dags/example_short_circuit_decorator.py
[2023-06-08T19:04:58.354+0000] {processor.py:826} INFO - Processing file /home/airflow/.local/lib/python3.7/site-packages/airflow/example_dags/example_short_circuit_decorator.py for tasks to queue
[2023-06-08T19:04:58.355+0000] {logging_mixin.py:149} INFO - [2023-06-08T19:04:58.355+0000] {dagbag.py:541} INFO - Filling up the DagBag from /home/airflow/.local/lib/python3.7/site-packages/airflow/example_dags/example_short_circuit_decorator.py
[2023-06-08T19:04:58.361+0000] {processor.py:836} INFO - DAG(s) dict_keys(['example_short_circuit_decorator']) retrieved from /home/airflow/.local/lib/python3.7/site-packages/airflow/example_dags/example_short_circuit_decorator.py
[2023-06-08T19:04:58.378+0000] {logging_mixin.py:149} INFO - [2023-06-08T19:04:58.378+0000] {dag.py:2726} INFO - Sync 1 DAGs
[2023-06-08T19:04:58.393+0000] {logging_mixin.py:149} INFO - [2023-06-08T19:04:58.393+0000] {dag.py:3490} INFO - Setting next_dagrun for example_short_circuit_decorator to 2023-06-07T19:04:58.393550+00:00, run_after=2023-06-08T19:04:58.393550+00:00
[2023-06-08T19:04:58.403+0000] {processor.py:179} INFO - Processing /home/airflow/.local/lib/python3.7/site-packages/airflow/example_dags/example_short_circuit_decorator.py took 0.053 seconds
[2023-06-08T19:05:28.638+0000] {processor.py:157} INFO - Started process (PID=2255) to work on /home/airflow/.local/lib/python3.7/site-packages/airflow/example_dags/example_short_circuit_decorator.py
[2023-06-08T19:05:28.639+0000] {processor.py:826} INFO - Processing file /home/airflow/.local/lib/python3.7/site-packages/airflow/example_dags/example_short_circuit_decorator.py for tasks to queue
[2023-06-08T19:05:28.640+0000] {logging_mixin.py:149} INFO - [2023-06-08T19:05:28.640+0000] {dagbag.py:541} INFO - Filling up the DagBag from /home/airflow/.local/lib/python3.7/site-packages/airflow/example_dags/example_short_circuit_decorator.py
[2023-06-08T19:05:28.646+0000] {processor.py:836} INFO - DAG(s) dict_keys(['example_short_circuit_decorator']) retrieved from /home/airflow/.local/lib/python3.7/site-packages/airflow/example_dags/example_short_circuit_decorator.py
[2023-06-08T19:05:28.663+0000] {logging_mixin.py:149} INFO - [2023-06-08T19:05:28.663+0000] {dag.py:2726} INFO - Sync 1 DAGs
[2023-06-08T19:05:28.679+0000] {logging_mixin.py:149} INFO - [2023-06-08T19:05:28.678+0000] {dag.py:3490} INFO - Setting next_dagrun for example_short_circuit_decorator to 2023-06-07T19:05:28.678724+00:00, run_after=2023-06-08T19:05:28.678724+00:00
[2023-06-08T19:05:28.689+0000] {processor.py:179} INFO - Processing /home/airflow/.local/lib/python3.7/site-packages/airflow/example_dags/example_short_circuit_decorator.py took 0.054 seconds
[2023-06-08T19:05:59.016+0000] {processor.py:157} INFO - Started process (PID=2492) to work on /home/airflow/.local/lib/python3.7/site-packages/airflow/example_dags/example_short_circuit_decorator.py
[2023-06-08T19:05:59.017+0000] {processor.py:826} INFO - Processing file /home/airflow/.local/lib/python3.7/site-packages/airflow/example_dags/example_short_circuit_decorator.py for tasks to queue
[2023-06-08T19:05:59.018+0000] {logging_mixin.py:149} INFO - [2023-06-08T19:05:59.018+0000] {dagbag.py:541} INFO - Filling up the DagBag from /home/airflow/.local/lib/python3.7/site-packages/airflow/example_dags/example_short_circuit_decorator.py
[2023-06-08T19:05:59.024+0000] {processor.py:836} INFO - DAG(s) dict_keys(['example_short_circuit_decorator']) retrieved from /home/airflow/.local/lib/python3.7/site-packages/airflow/example_dags/example_short_circuit_decorator.py
[2023-06-08T19:05:59.042+0000] {logging_mixin.py:149} INFO - [2023-06-08T19:05:59.042+0000] {dag.py:2726} INFO - Sync 1 DAGs
[2023-06-08T19:05:59.056+0000] {logging_mixin.py:149} INFO - [2023-06-08T19:05:59.056+0000] {dag.py:3490} INFO - Setting next_dagrun for example_short_circuit_decorator to 2023-06-07T19:05:59.055912+00:00, run_after=2023-06-08T19:05:59.055912+00:00
[2023-06-08T19:05:59.066+0000] {processor.py:179} INFO - Processing /home/airflow/.local/lib/python3.7/site-packages/airflow/example_dags/example_short_circuit_decorator.py took 0.052 seconds
[2023-06-08T19:06:29.303+0000] {processor.py:157} INFO - Started process (PID=2729) to work on /home/airflow/.local/lib/python3.7/site-packages/airflow/example_dags/example_short_circuit_decorator.py
[2023-06-08T19:06:29.305+0000] {processor.py:826} INFO - Processing file /home/airflow/.local/lib/python3.7/site-packages/airflow/example_dags/example_short_circuit_decorator.py for tasks to queue
[2023-06-08T19:06:29.305+0000] {logging_mixin.py:149} INFO - [2023-06-08T19:06:29.305+0000] {dagbag.py:541} INFO - Filling up the DagBag from /home/airflow/.local/lib/python3.7/site-packages/airflow/example_dags/example_short_circuit_decorator.py
[2023-06-08T19:06:29.311+0000] {processor.py:836} INFO - DAG(s) dict_keys(['example_short_circuit_decorator']) retrieved from /home/airflow/.local/lib/python3.7/site-packages/airflow/example_dags/example_short_circuit_decorator.py
[2023-06-08T19:06:29.329+0000] {logging_mixin.py:149} INFO - [2023-06-08T19:06:29.328+0000] {dag.py:2726} INFO - Sync 1 DAGs
[2023-06-08T19:06:29.343+0000] {logging_mixin.py:149} INFO - [2023-06-08T19:06:29.343+0000] {dag.py:3490} INFO - Setting next_dagrun for example_short_circuit_decorator to 2023-06-07T19:06:29.343596+00:00, run_after=2023-06-08T19:06:29.343596+00:00
[2023-06-08T19:06:29.354+0000] {processor.py:179} INFO - Processing /home/airflow/.local/lib/python3.7/site-packages/airflow/example_dags/example_short_circuit_decorator.py took 0.053 seconds
[2023-06-08T19:06:59.630+0000] {processor.py:157} INFO - Started process (PID=2966) to work on /home/airflow/.local/lib/python3.7/site-packages/airflow/example_dags/example_short_circuit_decorator.py
[2023-06-08T19:06:59.631+0000] {processor.py:826} INFO - Processing file /home/airflow/.local/lib/python3.7/site-packages/airflow/example_dags/example_short_circuit_decorator.py for tasks to queue
[2023-06-08T19:06:59.631+0000] {logging_mixin.py:149} INFO - [2023-06-08T19:06:59.631+0000] {dagbag.py:541} INFO - Filling up the DagBag from /home/airflow/.local/lib/python3.7/site-packages/airflow/example_dags/example_short_circuit_decorator.py
[2023-06-08T19:06:59.638+0000] {processor.py:836} INFO - DAG(s) dict_keys(['example_short_circuit_decorator']) retrieved from /home/airflow/.local/lib/python3.7/site-packages/airflow/example_dags/example_short_circuit_decorator.py
[2023-06-08T19:06:59.655+0000] {logging_mixin.py:149} INFO - [2023-06-08T19:06:59.655+0000] {dag.py:2726} INFO - Sync 1 DAGs
[2023-06-08T19:06:59.669+0000] {logging_mixin.py:149} INFO - [2023-06-08T19:06:59.669+0000] {dag.py:3490} INFO - Setting next_dagrun for example_short_circuit_decorator to 2023-06-07T19:06:59.669391+00:00, run_after=2023-06-08T19:06:59.669391+00:00
[2023-06-08T19:06:59.680+0000] {processor.py:179} INFO - Processing /home/airflow/.local/lib/python3.7/site-packages/airflow/example_dags/example_short_circuit_decorator.py took 0.052 seconds
[2023-06-08T19:07:29.949+0000] {processor.py:157} INFO - Started process (PID=3203) to work on /home/airflow/.local/lib/python3.7/site-packages/airflow/example_dags/example_short_circuit_decorator.py
[2023-06-08T19:07:29.950+0000] {processor.py:826} INFO - Processing file /home/airflow/.local/lib/python3.7/site-packages/airflow/example_dags/example_short_circuit_decorator.py for tasks to queue
[2023-06-08T19:07:29.950+0000] {logging_mixin.py:149} INFO - [2023-06-08T19:07:29.950+0000] {dagbag.py:541} INFO - Filling up the DagBag from /home/airflow/.local/lib/python3.7/site-packages/airflow/example_dags/example_short_circuit_decorator.py
[2023-06-08T19:07:29.956+0000] {processor.py:836} INFO - DAG(s) dict_keys(['example_short_circuit_decorator']) retrieved from /home/airflow/.local/lib/python3.7/site-packages/airflow/example_dags/example_short_circuit_decorator.py
[2023-06-08T19:07:29.974+0000] {logging_mixin.py:149} INFO - [2023-06-08T19:07:29.974+0000] {dag.py:2726} INFO - Sync 1 DAGs
[2023-06-08T19:07:29.990+0000] {logging_mixin.py:149} INFO - [2023-06-08T19:07:29.990+0000] {dag.py:3490} INFO - Setting next_dagrun for example_short_circuit_decorator to 2023-06-07T19:07:29.990219+00:00, run_after=2023-06-08T19:07:29.990219+00:00
[2023-06-08T19:07:30.000+0000] {processor.py:179} INFO - Processing /home/airflow/.local/lib/python3.7/site-packages/airflow/example_dags/example_short_circuit_decorator.py took 0.054 seconds
[2023-06-08T19:08:00.192+0000] {processor.py:157} INFO - Started process (PID=3440) to work on /home/airflow/.local/lib/python3.7/site-packages/airflow/example_dags/example_short_circuit_decorator.py
[2023-06-08T19:08:00.193+0000] {processor.py:826} INFO - Processing file /home/airflow/.local/lib/python3.7/site-packages/airflow/example_dags/example_short_circuit_decorator.py for tasks to queue
[2023-06-08T19:08:00.193+0000] {logging_mixin.py:149} INFO - [2023-06-08T19:08:00.193+0000] {dagbag.py:541} INFO - Filling up the DagBag from /home/airflow/.local/lib/python3.7/site-packages/airflow/example_dags/example_short_circuit_decorator.py
[2023-06-08T19:08:00.199+0000] {processor.py:836} INFO - DAG(s) dict_keys(['example_short_circuit_decorator']) retrieved from /home/airflow/.local/lib/python3.7/site-packages/airflow/example_dags/example_short_circuit_decorator.py
[2023-06-08T19:08:00.217+0000] {logging_mixin.py:149} INFO - [2023-06-08T19:08:00.216+0000] {dag.py:2726} INFO - Sync 1 DAGs
[2023-06-08T19:08:00.232+0000] {logging_mixin.py:149} INFO - [2023-06-08T19:08:00.232+0000] {dag.py:3490} INFO - Setting next_dagrun for example_short_circuit_decorator to 2023-06-07T19:08:00.232158+00:00, run_after=2023-06-08T19:08:00.232158+00:00
[2023-06-08T19:08:00.242+0000] {processor.py:179} INFO - Processing /home/airflow/.local/lib/python3.7/site-packages/airflow/example_dags/example_short_circuit_decorator.py took 0.053 seconds
[2023-06-08T19:08:30.549+0000] {processor.py:157} INFO - Started process (PID=3677) to work on /home/airflow/.local/lib/python3.7/site-packages/airflow/example_dags/example_short_circuit_decorator.py
[2023-06-08T19:08:30.550+0000] {processor.py:826} INFO - Processing file /home/airflow/.local/lib/python3.7/site-packages/airflow/example_dags/example_short_circuit_decorator.py for tasks to queue
[2023-06-08T19:08:30.551+0000] {logging_mixin.py:149} INFO - [2023-06-08T19:08:30.551+0000] {dagbag.py:541} INFO - Filling up the DagBag from /home/airflow/.local/lib/python3.7/site-packages/airflow/example_dags/example_short_circuit_decorator.py
[2023-06-08T19:08:30.557+0000] {processor.py:836} INFO - DAG(s) dict_keys(['example_short_circuit_decorator']) retrieved from /home/airflow/.local/lib/python3.7/site-packages/airflow/example_dags/example_short_circuit_decorator.py
[2023-06-08T19:08:30.574+0000] {logging_mixin.py:149} INFO - [2023-06-08T19:08:30.574+0000] {dag.py:2726} INFO - Sync 1 DAGs
[2023-06-08T19:08:30.590+0000] {logging_mixin.py:149} INFO - [2023-06-08T19:08:30.590+0000] {dag.py:3490} INFO - Setting next_dagrun for example_short_circuit_decorator to 2023-06-07T19:08:30.589954+00:00, run_after=2023-06-08T19:08:30.589954+00:00
[2023-06-08T19:08:30.600+0000] {processor.py:179} INFO - Processing /home/airflow/.local/lib/python3.7/site-packages/airflow/example_dags/example_short_circuit_decorator.py took 0.053 seconds
[2023-06-08T19:09:00.818+0000] {processor.py:157} INFO - Started process (PID=3914) to work on /home/airflow/.local/lib/python3.7/site-packages/airflow/example_dags/example_short_circuit_decorator.py
[2023-06-08T19:09:00.819+0000] {processor.py:826} INFO - Processing file /home/airflow/.local/lib/python3.7/site-packages/airflow/example_dags/example_short_circuit_decorator.py for tasks to queue
[2023-06-08T19:09:00.820+0000] {logging_mixin.py:149} INFO - [2023-06-08T19:09:00.820+0000] {dagbag.py:541} INFO - Filling up the DagBag from /home/airflow/.local/lib/python3.7/site-packages/airflow/example_dags/example_short_circuit_decorator.py
[2023-06-08T19:09:00.826+0000] {processor.py:836} INFO - DAG(s) dict_keys(['example_short_circuit_decorator']) retrieved from /home/airflow/.local/lib/python3.7/site-packages/airflow/example_dags/example_short_circuit_decorator.py
[2023-06-08T19:09:00.844+0000] {logging_mixin.py:149} INFO - [2023-06-08T19:09:00.844+0000] {dag.py:2726} INFO - Sync 1 DAGs
[2023-06-08T19:09:00.858+0000] {logging_mixin.py:149} INFO - [2023-06-08T19:09:00.858+0000] {dag.py:3490} INFO - Setting next_dagrun for example_short_circuit_decorator to 2023-06-07T19:09:00.858277+00:00, run_after=2023-06-08T19:09:00.858277+00:00
[2023-06-08T19:09:00.869+0000] {processor.py:179} INFO - Processing /home/airflow/.local/lib/python3.7/site-packages/airflow/example_dags/example_short_circuit_decorator.py took 0.053 seconds
[2023-06-08T19:09:31.006+0000] {processor.py:157} INFO - Started process (PID=4151) to work on /home/airflow/.local/lib/python3.7/site-packages/airflow/example_dags/example_short_circuit_decorator.py
[2023-06-08T19:09:31.007+0000] {processor.py:826} INFO - Processing file /home/airflow/.local/lib/python3.7/site-packages/airflow/example_dags/example_short_circuit_decorator.py for tasks to queue
[2023-06-08T19:09:31.008+0000] {logging_mixin.py:149} INFO - [2023-06-08T19:09:31.008+0000] {dagbag.py:541} INFO - Filling up the DagBag from /home/airflow/.local/lib/python3.7/site-packages/airflow/example_dags/example_short_circuit_decorator.py
[2023-06-08T19:09:31.014+0000] {processor.py:836} INFO - DAG(s) dict_keys(['example_short_circuit_decorator']) retrieved from /home/airflow/.local/lib/python3.7/site-packages/airflow/example_dags/example_short_circuit_decorator.py
[2023-06-08T19:09:31.032+0000] {logging_mixin.py:149} INFO - [2023-06-08T19:09:31.032+0000] {dag.py:2726} INFO - Sync 1 DAGs
[2023-06-08T19:09:31.047+0000] {logging_mixin.py:149} INFO - [2023-06-08T19:09:31.047+0000] {dag.py:3490} INFO - Setting next_dagrun for example_short_circuit_decorator to 2023-06-07T19:09:31.047364+00:00, run_after=2023-06-08T19:09:31.047364+00:00
[2023-06-08T19:09:31.057+0000] {processor.py:179} INFO - Processing /home/airflow/.local/lib/python3.7/site-packages/airflow/example_dags/example_short_circuit_decorator.py took 0.053 seconds
[2023-06-08T19:10:01.295+0000] {processor.py:157} INFO - Started process (PID=4388) to work on /home/airflow/.local/lib/python3.7/site-packages/airflow/example_dags/example_short_circuit_decorator.py
[2023-06-08T19:10:01.297+0000] {processor.py:826} INFO - Processing file /home/airflow/.local/lib/python3.7/site-packages/airflow/example_dags/example_short_circuit_decorator.py for tasks to queue
[2023-06-08T19:10:01.297+0000] {logging_mixin.py:149} INFO - [2023-06-08T19:10:01.297+0000] {dagbag.py:541} INFO - Filling up the DagBag from /home/airflow/.local/lib/python3.7/site-packages/airflow/example_dags/example_short_circuit_decorator.py
[2023-06-08T19:10:01.303+0000] {processor.py:836} INFO - DAG(s) dict_keys(['example_short_circuit_decorator']) retrieved from /home/airflow/.local/lib/python3.7/site-packages/airflow/example_dags/example_short_circuit_decorator.py
[2023-06-08T19:10:01.320+0000] {logging_mixin.py:149} INFO - [2023-06-08T19:10:01.320+0000] {dag.py:2726} INFO - Sync 1 DAGs
[2023-06-08T19:10:01.334+0000] {logging_mixin.py:149} INFO - [2023-06-08T19:10:01.334+0000] {dag.py:3490} INFO - Setting next_dagrun for example_short_circuit_decorator to 2023-06-07T19:10:01.334175+00:00, run_after=2023-06-08T19:10:01.334175+00:00
[2023-06-08T19:10:01.344+0000] {processor.py:179} INFO - Processing /home/airflow/.local/lib/python3.7/site-packages/airflow/example_dags/example_short_circuit_decorator.py took 0.051 seconds
[2023-06-08T19:10:31.547+0000] {processor.py:157} INFO - Started process (PID=4625) to work on /home/airflow/.local/lib/python3.7/site-packages/airflow/example_dags/example_short_circuit_decorator.py
[2023-06-08T19:10:31.548+0000] {processor.py:826} INFO - Processing file /home/airflow/.local/lib/python3.7/site-packages/airflow/example_dags/example_short_circuit_decorator.py for tasks to queue
[2023-06-08T19:10:31.549+0000] {logging_mixin.py:149} INFO - [2023-06-08T19:10:31.549+0000] {dagbag.py:541} INFO - Filling up the DagBag from /home/airflow/.local/lib/python3.7/site-packages/airflow/example_dags/example_short_circuit_decorator.py
[2023-06-08T19:10:31.555+0000] {processor.py:836} INFO - DAG(s) dict_keys(['example_short_circuit_decorator']) retrieved from /home/airflow/.local/lib/python3.7/site-packages/airflow/example_dags/example_short_circuit_decorator.py
[2023-06-08T19:10:31.572+0000] {logging_mixin.py:149} INFO - [2023-06-08T19:10:31.572+0000] {dag.py:2726} INFO - Sync 1 DAGs
[2023-06-08T19:10:31.587+0000] {logging_mixin.py:149} INFO - [2023-06-08T19:10:31.587+0000] {dag.py:3490} INFO - Setting next_dagrun for example_short_circuit_decorator to 2023-06-07T19:10:31.587164+00:00, run_after=2023-06-08T19:10:31.587164+00:00
[2023-06-08T19:10:31.597+0000] {processor.py:179} INFO - Processing /home/airflow/.local/lib/python3.7/site-packages/airflow/example_dags/example_short_circuit_decorator.py took 0.052 seconds
[2023-06-08T19:11:01.875+0000] {processor.py:157} INFO - Started process (PID=4862) to work on /home/airflow/.local/lib/python3.7/site-packages/airflow/example_dags/example_short_circuit_decorator.py
[2023-06-08T19:11:01.876+0000] {processor.py:826} INFO - Processing file /home/airflow/.local/lib/python3.7/site-packages/airflow/example_dags/example_short_circuit_decorator.py for tasks to queue
[2023-06-08T19:11:01.876+0000] {logging_mixin.py:149} INFO - [2023-06-08T19:11:01.876+0000] {dagbag.py:541} INFO - Filling up the DagBag from /home/airflow/.local/lib/python3.7/site-packages/airflow/example_dags/example_short_circuit_decorator.py
[2023-06-08T19:11:01.883+0000] {processor.py:836} INFO - DAG(s) dict_keys(['example_short_circuit_decorator']) retrieved from /home/airflow/.local/lib/python3.7/site-packages/airflow/example_dags/example_short_circuit_decorator.py
[2023-06-08T19:11:01.901+0000] {logging_mixin.py:149} INFO - [2023-06-08T19:11:01.901+0000] {dag.py:2726} INFO - Sync 1 DAGs
[2023-06-08T19:11:01.915+0000] {logging_mixin.py:149} INFO - [2023-06-08T19:11:01.915+0000] {dag.py:3490} INFO - Setting next_dagrun for example_short_circuit_decorator to 2023-06-07T19:11:01.915290+00:00, run_after=2023-06-08T19:11:01.915290+00:00
[2023-06-08T19:11:01.926+0000] {processor.py:179} INFO - Processing /home/airflow/.local/lib/python3.7/site-packages/airflow/example_dags/example_short_circuit_decorator.py took 0.053 seconds
[2023-06-08T19:11:32.120+0000] {processor.py:157} INFO - Started process (PID=5099) to work on /home/airflow/.local/lib/python3.7/site-packages/airflow/example_dags/example_short_circuit_decorator.py
[2023-06-08T19:11:32.121+0000] {processor.py:826} INFO - Processing file /home/airflow/.local/lib/python3.7/site-packages/airflow/example_dags/example_short_circuit_decorator.py for tasks to queue
[2023-06-08T19:11:32.122+0000] {logging_mixin.py:149} INFO - [2023-06-08T19:11:32.122+0000] {dagbag.py:541} INFO - Filling up the DagBag from /home/airflow/.local/lib/python3.7/site-packages/airflow/example_dags/example_short_circuit_decorator.py
[2023-06-08T19:11:32.128+0000] {processor.py:836} INFO - DAG(s) dict_keys(['example_short_circuit_decorator']) retrieved from /home/airflow/.local/lib/python3.7/site-packages/airflow/example_dags/example_short_circuit_decorator.py
[2023-06-08T19:11:32.146+0000] {logging_mixin.py:149} INFO - [2023-06-08T19:11:32.146+0000] {dag.py:2726} INFO - Sync 1 DAGs
[2023-06-08T19:11:32.161+0000] {logging_mixin.py:149} INFO - [2023-06-08T19:11:32.161+0000] {dag.py:3490} INFO - Setting next_dagrun for example_short_circuit_decorator to 2023-06-07T19:11:32.161278+00:00, run_after=2023-06-08T19:11:32.161278+00:00
[2023-06-08T19:11:32.171+0000] {processor.py:179} INFO - Processing /home/airflow/.local/lib/python3.7/site-packages/airflow/example_dags/example_short_circuit_decorator.py took 0.053 seconds
[2023-06-08T19:12:02.378+0000] {processor.py:157} INFO - Started process (PID=5336) to work on /home/airflow/.local/lib/python3.7/site-packages/airflow/example_dags/example_short_circuit_decorator.py
[2023-06-08T19:12:02.379+0000] {processor.py:826} INFO - Processing file /home/airflow/.local/lib/python3.7/site-packages/airflow/example_dags/example_short_circuit_decorator.py for tasks to queue
[2023-06-08T19:12:02.380+0000] {logging_mixin.py:149} INFO - [2023-06-08T19:12:02.380+0000] {dagbag.py:541} INFO - Filling up the DagBag from /home/airflow/.local/lib/python3.7/site-packages/airflow/example_dags/example_short_circuit_decorator.py
[2023-06-08T19:12:02.386+0000] {processor.py:836} INFO - DAG(s) dict_keys(['example_short_circuit_decorator']) retrieved from /home/airflow/.local/lib/python3.7/site-packages/airflow/example_dags/example_short_circuit_decorator.py
[2023-06-08T19:12:02.403+0000] {logging_mixin.py:149} INFO - [2023-06-08T19:12:02.403+0000] {dag.py:2726} INFO - Sync 1 DAGs
[2023-06-08T19:12:02.417+0000] {logging_mixin.py:149} INFO - [2023-06-08T19:12:02.417+0000] {dag.py:3490} INFO - Setting next_dagrun for example_short_circuit_decorator to 2023-06-07T19:12:02.417552+00:00, run_after=2023-06-08T19:12:02.417552+00:00
[2023-06-08T19:12:02.428+0000] {processor.py:179} INFO - Processing /home/airflow/.local/lib/python3.7/site-packages/airflow/example_dags/example_short_circuit_decorator.py took 0.052 seconds
[2023-06-08T19:12:32.600+0000] {processor.py:157} INFO - Started process (PID=5574) to work on /home/airflow/.local/lib/python3.7/site-packages/airflow/example_dags/example_short_circuit_decorator.py
[2023-06-08T19:12:32.601+0000] {processor.py:826} INFO - Processing file /home/airflow/.local/lib/python3.7/site-packages/airflow/example_dags/example_short_circuit_decorator.py for tasks to queue
[2023-06-08T19:12:32.602+0000] {logging_mixin.py:149} INFO - [2023-06-08T19:12:32.602+0000] {dagbag.py:541} INFO - Filling up the DagBag from /home/airflow/.local/lib/python3.7/site-packages/airflow/example_dags/example_short_circuit_decorator.py
[2023-06-08T19:12:32.608+0000] {processor.py:836} INFO - DAG(s) dict_keys(['example_short_circuit_decorator']) retrieved from /home/airflow/.local/lib/python3.7/site-packages/airflow/example_dags/example_short_circuit_decorator.py
[2023-06-08T19:12:32.625+0000] {logging_mixin.py:149} INFO - [2023-06-08T19:12:32.625+0000] {dag.py:2726} INFO - Sync 1 DAGs
[2023-06-08T19:12:32.640+0000] {logging_mixin.py:149} INFO - [2023-06-08T19:12:32.640+0000] {dag.py:3490} INFO - Setting next_dagrun for example_short_circuit_decorator to 2023-06-07T19:12:32.640079+00:00, run_after=2023-06-08T19:12:32.640079+00:00
[2023-06-08T19:12:32.651+0000] {processor.py:179} INFO - Processing /home/airflow/.local/lib/python3.7/site-packages/airflow/example_dags/example_short_circuit_decorator.py took 0.053 seconds
[2023-06-08T19:13:02.921+0000] {processor.py:157} INFO - Started process (PID=5811) to work on /home/airflow/.local/lib/python3.7/site-packages/airflow/example_dags/example_short_circuit_decorator.py
[2023-06-08T19:13:02.922+0000] {processor.py:826} INFO - Processing file /home/airflow/.local/lib/python3.7/site-packages/airflow/example_dags/example_short_circuit_decorator.py for tasks to queue
[2023-06-08T19:13:02.923+0000] {logging_mixin.py:149} INFO - [2023-06-08T19:13:02.923+0000] {dagbag.py:541} INFO - Filling up the DagBag from /home/airflow/.local/lib/python3.7/site-packages/airflow/example_dags/example_short_circuit_decorator.py
[2023-06-08T19:13:02.928+0000] {processor.py:836} INFO - DAG(s) dict_keys(['example_short_circuit_decorator']) retrieved from /home/airflow/.local/lib/python3.7/site-packages/airflow/example_dags/example_short_circuit_decorator.py
[2023-06-08T19:13:02.946+0000] {logging_mixin.py:149} INFO - [2023-06-08T19:13:02.946+0000] {dag.py:2726} INFO - Sync 1 DAGs
[2023-06-08T19:13:02.961+0000] {logging_mixin.py:149} INFO - [2023-06-08T19:13:02.961+0000] {dag.py:3490} INFO - Setting next_dagrun for example_short_circuit_decorator to 2023-06-07T19:13:02.960805+00:00, run_after=2023-06-08T19:13:02.960805+00:00
[2023-06-08T19:13:02.971+0000] {processor.py:179} INFO - Processing /home/airflow/.local/lib/python3.7/site-packages/airflow/example_dags/example_short_circuit_decorator.py took 0.053 seconds
[2023-06-08T19:13:33.291+0000] {processor.py:157} INFO - Started process (PID=6048) to work on /home/airflow/.local/lib/python3.7/site-packages/airflow/example_dags/example_short_circuit_decorator.py
[2023-06-08T19:13:33.292+0000] {processor.py:826} INFO - Processing file /home/airflow/.local/lib/python3.7/site-packages/airflow/example_dags/example_short_circuit_decorator.py for tasks to queue
[2023-06-08T19:13:33.292+0000] {logging_mixin.py:149} INFO - [2023-06-08T19:13:33.292+0000] {dagbag.py:541} INFO - Filling up the DagBag from /home/airflow/.local/lib/python3.7/site-packages/airflow/example_dags/example_short_circuit_decorator.py
[2023-06-08T19:13:33.299+0000] {processor.py:836} INFO - DAG(s) dict_keys(['example_short_circuit_decorator']) retrieved from /home/airflow/.local/lib/python3.7/site-packages/airflow/example_dags/example_short_circuit_decorator.py
[2023-06-08T19:13:33.317+0000] {logging_mixin.py:149} INFO - [2023-06-08T19:13:33.317+0000] {dag.py:2726} INFO - Sync 1 DAGs
[2023-06-08T19:13:33.332+0000] {logging_mixin.py:149} INFO - [2023-06-08T19:13:33.331+0000] {dag.py:3490} INFO - Setting next_dagrun for example_short_circuit_decorator to 2023-06-07T19:13:33.331753+00:00, run_after=2023-06-08T19:13:33.331753+00:00
[2023-06-08T19:13:33.342+0000] {processor.py:179} INFO - Processing /home/airflow/.local/lib/python3.7/site-packages/airflow/example_dags/example_short_circuit_decorator.py took 0.053 seconds
[2023-06-08T19:14:03.396+0000] {processor.py:157} INFO - Started process (PID=6285) to work on /home/airflow/.local/lib/python3.7/site-packages/airflow/example_dags/example_short_circuit_decorator.py
[2023-06-08T19:14:03.397+0000] {processor.py:826} INFO - Processing file /home/airflow/.local/lib/python3.7/site-packages/airflow/example_dags/example_short_circuit_decorator.py for tasks to queue
[2023-06-08T19:14:03.397+0000] {logging_mixin.py:149} INFO - [2023-06-08T19:14:03.397+0000] {dagbag.py:541} INFO - Filling up the DagBag from /home/airflow/.local/lib/python3.7/site-packages/airflow/example_dags/example_short_circuit_decorator.py
[2023-06-08T19:14:03.404+0000] {processor.py:836} INFO - DAG(s) dict_keys(['example_short_circuit_decorator']) retrieved from /home/airflow/.local/lib/python3.7/site-packages/airflow/example_dags/example_short_circuit_decorator.py
[2023-06-08T19:14:03.422+0000] {logging_mixin.py:149} INFO - [2023-06-08T19:14:03.422+0000] {dag.py:2726} INFO - Sync 1 DAGs
[2023-06-08T19:14:03.437+0000] {logging_mixin.py:149} INFO - [2023-06-08T19:14:03.437+0000] {dag.py:3490} INFO - Setting next_dagrun for example_short_circuit_decorator to 2023-06-07T19:14:03.437447+00:00, run_after=2023-06-08T19:14:03.437447+00:00
[2023-06-08T19:14:03.448+0000] {processor.py:179} INFO - Processing /home/airflow/.local/lib/python3.7/site-packages/airflow/example_dags/example_short_circuit_decorator.py took 0.054 seconds
[2023-06-08T19:14:33.712+0000] {processor.py:157} INFO - Started process (PID=6523) to work on /home/airflow/.local/lib/python3.7/site-packages/airflow/example_dags/example_short_circuit_decorator.py
[2023-06-08T19:14:33.713+0000] {processor.py:826} INFO - Processing file /home/airflow/.local/lib/python3.7/site-packages/airflow/example_dags/example_short_circuit_decorator.py for tasks to queue
[2023-06-08T19:14:33.713+0000] {logging_mixin.py:149} INFO - [2023-06-08T19:14:33.713+0000] {dagbag.py:541} INFO - Filling up the DagBag from /home/airflow/.local/lib/python3.7/site-packages/airflow/example_dags/example_short_circuit_decorator.py
[2023-06-08T19:14:33.719+0000] {processor.py:836} INFO - DAG(s) dict_keys(['example_short_circuit_decorator']) retrieved from /home/airflow/.local/lib/python3.7/site-packages/airflow/example_dags/example_short_circuit_decorator.py
[2023-06-08T19:14:33.737+0000] {logging_mixin.py:149} INFO - [2023-06-08T19:14:33.737+0000] {dag.py:2726} INFO - Sync 1 DAGs
[2023-06-08T19:14:33.753+0000] {logging_mixin.py:149} INFO - [2023-06-08T19:14:33.752+0000] {dag.py:3490} INFO - Setting next_dagrun for example_short_circuit_decorator to 2023-06-07T19:14:33.752778+00:00, run_after=2023-06-08T19:14:33.752778+00:00
[2023-06-08T19:14:33.763+0000] {processor.py:179} INFO - Processing /home/airflow/.local/lib/python3.7/site-packages/airflow/example_dags/example_short_circuit_decorator.py took 0.053 seconds
[2023-06-08T19:15:03.848+0000] {processor.py:157} INFO - Started process (PID=6760) to work on /home/airflow/.local/lib/python3.7/site-packages/airflow/example_dags/example_short_circuit_decorator.py
[2023-06-08T19:15:03.849+0000] {processor.py:826} INFO - Processing file /home/airflow/.local/lib/python3.7/site-packages/airflow/example_dags/example_short_circuit_decorator.py for tasks to queue
[2023-06-08T19:15:03.850+0000] {logging_mixin.py:149} INFO - [2023-06-08T19:15:03.850+0000] {dagbag.py:541} INFO - Filling up the DagBag from /home/airflow/.local/lib/python3.7/site-packages/airflow/example_dags/example_short_circuit_decorator.py
[2023-06-08T19:15:03.856+0000] {processor.py:836} INFO - DAG(s) dict_keys(['example_short_circuit_decorator']) retrieved from /home/airflow/.local/lib/python3.7/site-packages/airflow/example_dags/example_short_circuit_decorator.py
[2023-06-08T19:15:03.874+0000] {logging_mixin.py:149} INFO - [2023-06-08T19:15:03.874+0000] {dag.py:2726} INFO - Sync 1 DAGs
[2023-06-08T19:15:03.889+0000] {logging_mixin.py:149} INFO - [2023-06-08T19:15:03.889+0000] {dag.py:3490} INFO - Setting next_dagrun for example_short_circuit_decorator to 2023-06-07T19:15:03.888902+00:00, run_after=2023-06-08T19:15:03.888902+00:00
[2023-06-08T19:15:03.900+0000] {processor.py:179} INFO - Processing /home/airflow/.local/lib/python3.7/site-packages/airflow/example_dags/example_short_circuit_decorator.py took 0.055 seconds
