[2023-06-08T19:01:24.396+0000] {processor.py:157} INFO - Started process (PID=189) to work on /home/airflow/.local/lib/python3.7/site-packages/airflow/example_dags/example_trigger_target_dag.py
[2023-06-08T19:01:24.397+0000] {processor.py:826} INFO - Processing file /home/airflow/.local/lib/python3.7/site-packages/airflow/example_dags/example_trigger_target_dag.py for tasks to queue
[2023-06-08T19:01:24.397+0000] {logging_mixin.py:149} INFO - [2023-06-08T19:01:24.397+0000] {dagbag.py:541} INFO - Filling up the DagBag from /home/airflow/.local/lib/python3.7/site-packages/airflow/example_dags/example_trigger_target_dag.py
[2023-06-08T19:01:24.403+0000] {processor.py:836} INFO - DAG(s) dict_keys(['example_trigger_target_dag']) retrieved from /home/airflow/.local/lib/python3.7/site-packages/airflow/example_dags/example_trigger_target_dag.py
[2023-06-08T19:01:24.413+0000] {logging_mixin.py:149} INFO - [2023-06-08T19:01:24.413+0000] {dag.py:2726} INFO - Sync 1 DAGs
[2023-06-08T19:01:24.429+0000] {logging_mixin.py:149} INFO - [2023-06-08T19:01:24.429+0000] {dag.py:3490} INFO - Setting next_dagrun for example_trigger_target_dag to None, run_after=None
[2023-06-08T19:01:24.439+0000] {processor.py:179} INFO - Processing /home/airflow/.local/lib/python3.7/site-packages/airflow/example_dags/example_trigger_target_dag.py took 0.046 seconds
[2023-06-08T19:01:55.235+0000] {processor.py:157} INFO - Started process (PID=426) to work on /home/airflow/.local/lib/python3.7/site-packages/airflow/example_dags/example_trigger_target_dag.py
[2023-06-08T19:01:55.235+0000] {processor.py:826} INFO - Processing file /home/airflow/.local/lib/python3.7/site-packages/airflow/example_dags/example_trigger_target_dag.py for tasks to queue
[2023-06-08T19:01:55.236+0000] {logging_mixin.py:149} INFO - [2023-06-08T19:01:55.236+0000] {dagbag.py:541} INFO - Filling up the DagBag from /home/airflow/.local/lib/python3.7/site-packages/airflow/example_dags/example_trigger_target_dag.py
[2023-06-08T19:01:55.240+0000] {processor.py:836} INFO - DAG(s) dict_keys(['example_trigger_target_dag']) retrieved from /home/airflow/.local/lib/python3.7/site-packages/airflow/example_dags/example_trigger_target_dag.py
[2023-06-08T19:01:55.257+0000] {logging_mixin.py:149} INFO - [2023-06-08T19:01:55.257+0000] {dag.py:2726} INFO - Sync 1 DAGs
[2023-06-08T19:01:55.342+0000] {logging_mixin.py:149} INFO - [2023-06-08T19:01:55.342+0000] {dag.py:3490} INFO - Setting next_dagrun for example_trigger_target_dag to None, run_after=None
[2023-06-08T19:01:55.351+0000] {processor.py:179} INFO - Processing /home/airflow/.local/lib/python3.7/site-packages/airflow/example_dags/example_trigger_target_dag.py took 0.119 seconds
[2023-06-08T19:02:25.545+0000] {processor.py:157} INFO - Started process (PID=663) to work on /home/airflow/.local/lib/python3.7/site-packages/airflow/example_dags/example_trigger_target_dag.py
[2023-06-08T19:02:25.546+0000] {processor.py:826} INFO - Processing file /home/airflow/.local/lib/python3.7/site-packages/airflow/example_dags/example_trigger_target_dag.py for tasks to queue
[2023-06-08T19:02:25.547+0000] {logging_mixin.py:149} INFO - [2023-06-08T19:02:25.547+0000] {dagbag.py:541} INFO - Filling up the DagBag from /home/airflow/.local/lib/python3.7/site-packages/airflow/example_dags/example_trigger_target_dag.py
[2023-06-08T19:02:25.552+0000] {processor.py:836} INFO - DAG(s) dict_keys(['example_trigger_target_dag']) retrieved from /home/airflow/.local/lib/python3.7/site-packages/airflow/example_dags/example_trigger_target_dag.py
[2023-06-08T19:02:25.568+0000] {logging_mixin.py:149} INFO - [2023-06-08T19:02:25.568+0000] {dag.py:2726} INFO - Sync 1 DAGs
[2023-06-08T19:02:25.583+0000] {logging_mixin.py:149} INFO - [2023-06-08T19:02:25.583+0000] {dag.py:3490} INFO - Setting next_dagrun for example_trigger_target_dag to None, run_after=None
[2023-06-08T19:02:25.592+0000] {processor.py:179} INFO - Processing /home/airflow/.local/lib/python3.7/site-packages/airflow/example_dags/example_trigger_target_dag.py took 0.050 seconds
[2023-06-08T19:02:55.766+0000] {processor.py:157} INFO - Started process (PID=946) to work on /home/airflow/.local/lib/python3.7/site-packages/airflow/example_dags/example_trigger_target_dag.py
[2023-06-08T19:02:55.767+0000] {processor.py:826} INFO - Processing file /home/airflow/.local/lib/python3.7/site-packages/airflow/example_dags/example_trigger_target_dag.py for tasks to queue
[2023-06-08T19:02:55.767+0000] {logging_mixin.py:149} INFO - [2023-06-08T19:02:55.767+0000] {dagbag.py:541} INFO - Filling up the DagBag from /home/airflow/.local/lib/python3.7/site-packages/airflow/example_dags/example_trigger_target_dag.py
[2023-06-08T19:02:55.771+0000] {processor.py:836} INFO - DAG(s) dict_keys(['example_trigger_target_dag']) retrieved from /home/airflow/.local/lib/python3.7/site-packages/airflow/example_dags/example_trigger_target_dag.py
[2023-06-08T19:02:55.786+0000] {logging_mixin.py:149} INFO - [2023-06-08T19:02:55.786+0000] {dag.py:2726} INFO - Sync 1 DAGs
[2023-06-08T19:02:55.800+0000] {logging_mixin.py:149} INFO - [2023-06-08T19:02:55.800+0000] {dag.py:3490} INFO - Setting next_dagrun for example_trigger_target_dag to None, run_after=None
[2023-06-08T19:02:55.810+0000] {processor.py:179} INFO - Processing /home/airflow/.local/lib/python3.7/site-packages/airflow/example_dags/example_trigger_target_dag.py took 0.047 seconds
[2023-06-08T19:03:26.008+0000] {processor.py:157} INFO - Started process (PID=1231) to work on /home/airflow/.local/lib/python3.7/site-packages/airflow/example_dags/example_trigger_target_dag.py
[2023-06-08T19:03:26.009+0000] {processor.py:826} INFO - Processing file /home/airflow/.local/lib/python3.7/site-packages/airflow/example_dags/example_trigger_target_dag.py for tasks to queue
[2023-06-08T19:03:26.009+0000] {logging_mixin.py:149} INFO - [2023-06-08T19:03:26.009+0000] {dagbag.py:541} INFO - Filling up the DagBag from /home/airflow/.local/lib/python3.7/site-packages/airflow/example_dags/example_trigger_target_dag.py
[2023-06-08T19:03:26.014+0000] {processor.py:836} INFO - DAG(s) dict_keys(['example_trigger_target_dag']) retrieved from /home/airflow/.local/lib/python3.7/site-packages/airflow/example_dags/example_trigger_target_dag.py
[2023-06-08T19:03:26.030+0000] {logging_mixin.py:149} INFO - [2023-06-08T19:03:26.030+0000] {dag.py:2726} INFO - Sync 1 DAGs
[2023-06-08T19:03:26.043+0000] {logging_mixin.py:149} INFO - [2023-06-08T19:03:26.043+0000] {dag.py:3490} INFO - Setting next_dagrun for example_trigger_target_dag to None, run_after=None
[2023-06-08T19:03:26.053+0000] {processor.py:179} INFO - Processing /home/airflow/.local/lib/python3.7/site-packages/airflow/example_dags/example_trigger_target_dag.py took 0.047 seconds
[2023-06-08T19:03:56.260+0000] {processor.py:157} INFO - Started process (PID=1469) to work on /home/airflow/.local/lib/python3.7/site-packages/airflow/example_dags/example_trigger_target_dag.py
[2023-06-08T19:03:56.261+0000] {processor.py:826} INFO - Processing file /home/airflow/.local/lib/python3.7/site-packages/airflow/example_dags/example_trigger_target_dag.py for tasks to queue
[2023-06-08T19:03:56.261+0000] {logging_mixin.py:149} INFO - [2023-06-08T19:03:56.261+0000] {dagbag.py:541} INFO - Filling up the DagBag from /home/airflow/.local/lib/python3.7/site-packages/airflow/example_dags/example_trigger_target_dag.py
[2023-06-08T19:03:56.265+0000] {processor.py:836} INFO - DAG(s) dict_keys(['example_trigger_target_dag']) retrieved from /home/airflow/.local/lib/python3.7/site-packages/airflow/example_dags/example_trigger_target_dag.py
[2023-06-08T19:03:56.282+0000] {logging_mixin.py:149} INFO - [2023-06-08T19:03:56.282+0000] {dag.py:2726} INFO - Sync 1 DAGs
[2023-06-08T19:03:56.297+0000] {logging_mixin.py:149} INFO - [2023-06-08T19:03:56.297+0000] {dag.py:3490} INFO - Setting next_dagrun for example_trigger_target_dag to None, run_after=None
[2023-06-08T19:03:56.308+0000] {processor.py:179} INFO - Processing /home/airflow/.local/lib/python3.7/site-packages/airflow/example_dags/example_trigger_target_dag.py took 0.050 seconds
[2023-06-08T19:04:26.454+0000] {processor.py:157} INFO - Started process (PID=1708) to work on /home/airflow/.local/lib/python3.7/site-packages/airflow/example_dags/example_trigger_target_dag.py
[2023-06-08T19:04:26.455+0000] {processor.py:826} INFO - Processing file /home/airflow/.local/lib/python3.7/site-packages/airflow/example_dags/example_trigger_target_dag.py for tasks to queue
[2023-06-08T19:04:26.456+0000] {logging_mixin.py:149} INFO - [2023-06-08T19:04:26.456+0000] {dagbag.py:541} INFO - Filling up the DagBag from /home/airflow/.local/lib/python3.7/site-packages/airflow/example_dags/example_trigger_target_dag.py
[2023-06-08T19:04:26.460+0000] {processor.py:836} INFO - DAG(s) dict_keys(['example_trigger_target_dag']) retrieved from /home/airflow/.local/lib/python3.7/site-packages/airflow/example_dags/example_trigger_target_dag.py
[2023-06-08T19:04:26.476+0000] {logging_mixin.py:149} INFO - [2023-06-08T19:04:26.476+0000] {dag.py:2726} INFO - Sync 1 DAGs
[2023-06-08T19:04:26.490+0000] {logging_mixin.py:149} INFO - [2023-06-08T19:04:26.490+0000] {dag.py:3490} INFO - Setting next_dagrun for example_trigger_target_dag to None, run_after=None
[2023-06-08T19:04:26.500+0000] {processor.py:179} INFO - Processing /home/airflow/.local/lib/python3.7/site-packages/airflow/example_dags/example_trigger_target_dag.py took 0.048 seconds
[2023-06-08T19:04:56.825+0000] {processor.py:157} INFO - Started process (PID=1945) to work on /home/airflow/.local/lib/python3.7/site-packages/airflow/example_dags/example_trigger_target_dag.py
[2023-06-08T19:04:56.826+0000] {processor.py:826} INFO - Processing file /home/airflow/.local/lib/python3.7/site-packages/airflow/example_dags/example_trigger_target_dag.py for tasks to queue
[2023-06-08T19:04:56.826+0000] {logging_mixin.py:149} INFO - [2023-06-08T19:04:56.826+0000] {dagbag.py:541} INFO - Filling up the DagBag from /home/airflow/.local/lib/python3.7/site-packages/airflow/example_dags/example_trigger_target_dag.py
[2023-06-08T19:04:56.830+0000] {processor.py:836} INFO - DAG(s) dict_keys(['example_trigger_target_dag']) retrieved from /home/airflow/.local/lib/python3.7/site-packages/airflow/example_dags/example_trigger_target_dag.py
[2023-06-08T19:04:56.847+0000] {logging_mixin.py:149} INFO - [2023-06-08T19:04:56.847+0000] {dag.py:2726} INFO - Sync 1 DAGs
[2023-06-08T19:04:56.861+0000] {logging_mixin.py:149} INFO - [2023-06-08T19:04:56.861+0000] {dag.py:3490} INFO - Setting next_dagrun for example_trigger_target_dag to None, run_after=None
[2023-06-08T19:04:56.870+0000] {processor.py:179} INFO - Processing /home/airflow/.local/lib/python3.7/site-packages/airflow/example_dags/example_trigger_target_dag.py took 0.047 seconds
[2023-06-08T19:05:27.084+0000] {processor.py:157} INFO - Started process (PID=2182) to work on /home/airflow/.local/lib/python3.7/site-packages/airflow/example_dags/example_trigger_target_dag.py
[2023-06-08T19:05:27.085+0000] {processor.py:826} INFO - Processing file /home/airflow/.local/lib/python3.7/site-packages/airflow/example_dags/example_trigger_target_dag.py for tasks to queue
[2023-06-08T19:05:27.085+0000] {logging_mixin.py:149} INFO - [2023-06-08T19:05:27.085+0000] {dagbag.py:541} INFO - Filling up the DagBag from /home/airflow/.local/lib/python3.7/site-packages/airflow/example_dags/example_trigger_target_dag.py
[2023-06-08T19:05:27.090+0000] {processor.py:836} INFO - DAG(s) dict_keys(['example_trigger_target_dag']) retrieved from /home/airflow/.local/lib/python3.7/site-packages/airflow/example_dags/example_trigger_target_dag.py
[2023-06-08T19:05:27.106+0000] {logging_mixin.py:149} INFO - [2023-06-08T19:05:27.106+0000] {dag.py:2726} INFO - Sync 1 DAGs
[2023-06-08T19:05:27.121+0000] {logging_mixin.py:149} INFO - [2023-06-08T19:05:27.121+0000] {dag.py:3490} INFO - Setting next_dagrun for example_trigger_target_dag to None, run_after=None
[2023-06-08T19:05:27.131+0000] {processor.py:179} INFO - Processing /home/airflow/.local/lib/python3.7/site-packages/airflow/example_dags/example_trigger_target_dag.py took 0.050 seconds
[2023-06-08T19:05:57.425+0000] {processor.py:157} INFO - Started process (PID=2419) to work on /home/airflow/.local/lib/python3.7/site-packages/airflow/example_dags/example_trigger_target_dag.py
[2023-06-08T19:05:57.426+0000] {processor.py:826} INFO - Processing file /home/airflow/.local/lib/python3.7/site-packages/airflow/example_dags/example_trigger_target_dag.py for tasks to queue
[2023-06-08T19:05:57.427+0000] {logging_mixin.py:149} INFO - [2023-06-08T19:05:57.427+0000] {dagbag.py:541} INFO - Filling up the DagBag from /home/airflow/.local/lib/python3.7/site-packages/airflow/example_dags/example_trigger_target_dag.py
[2023-06-08T19:05:57.431+0000] {processor.py:836} INFO - DAG(s) dict_keys(['example_trigger_target_dag']) retrieved from /home/airflow/.local/lib/python3.7/site-packages/airflow/example_dags/example_trigger_target_dag.py
[2023-06-08T19:05:57.447+0000] {logging_mixin.py:149} INFO - [2023-06-08T19:05:57.447+0000] {dag.py:2726} INFO - Sync 1 DAGs
[2023-06-08T19:05:57.462+0000] {logging_mixin.py:149} INFO - [2023-06-08T19:05:57.461+0000] {dag.py:3490} INFO - Setting next_dagrun for example_trigger_target_dag to None, run_after=None
[2023-06-08T19:05:57.472+0000] {processor.py:179} INFO - Processing /home/airflow/.local/lib/python3.7/site-packages/airflow/example_dags/example_trigger_target_dag.py took 0.049 seconds
[2023-06-08T19:06:27.717+0000] {processor.py:157} INFO - Started process (PID=2656) to work on /home/airflow/.local/lib/python3.7/site-packages/airflow/example_dags/example_trigger_target_dag.py
[2023-06-08T19:06:27.718+0000] {processor.py:826} INFO - Processing file /home/airflow/.local/lib/python3.7/site-packages/airflow/example_dags/example_trigger_target_dag.py for tasks to queue
[2023-06-08T19:06:27.718+0000] {logging_mixin.py:149} INFO - [2023-06-08T19:06:27.718+0000] {dagbag.py:541} INFO - Filling up the DagBag from /home/airflow/.local/lib/python3.7/site-packages/airflow/example_dags/example_trigger_target_dag.py
[2023-06-08T19:06:27.722+0000] {processor.py:836} INFO - DAG(s) dict_keys(['example_trigger_target_dag']) retrieved from /home/airflow/.local/lib/python3.7/site-packages/airflow/example_dags/example_trigger_target_dag.py
[2023-06-08T19:06:27.739+0000] {logging_mixin.py:149} INFO - [2023-06-08T19:06:27.739+0000] {dag.py:2726} INFO - Sync 1 DAGs
[2023-06-08T19:06:27.754+0000] {logging_mixin.py:149} INFO - [2023-06-08T19:06:27.753+0000] {dag.py:3490} INFO - Setting next_dagrun for example_trigger_target_dag to None, run_after=None
[2023-06-08T19:06:27.763+0000] {processor.py:179} INFO - Processing /home/airflow/.local/lib/python3.7/site-packages/airflow/example_dags/example_trigger_target_dag.py took 0.048 seconds
[2023-06-08T19:06:58.016+0000] {processor.py:157} INFO - Started process (PID=2893) to work on /home/airflow/.local/lib/python3.7/site-packages/airflow/example_dags/example_trigger_target_dag.py
[2023-06-08T19:06:58.018+0000] {processor.py:826} INFO - Processing file /home/airflow/.local/lib/python3.7/site-packages/airflow/example_dags/example_trigger_target_dag.py for tasks to queue
[2023-06-08T19:06:58.018+0000] {logging_mixin.py:149} INFO - [2023-06-08T19:06:58.018+0000] {dagbag.py:541} INFO - Filling up the DagBag from /home/airflow/.local/lib/python3.7/site-packages/airflow/example_dags/example_trigger_target_dag.py
[2023-06-08T19:06:58.022+0000] {processor.py:836} INFO - DAG(s) dict_keys(['example_trigger_target_dag']) retrieved from /home/airflow/.local/lib/python3.7/site-packages/airflow/example_dags/example_trigger_target_dag.py
[2023-06-08T19:06:58.039+0000] {logging_mixin.py:149} INFO - [2023-06-08T19:06:58.039+0000] {dag.py:2726} INFO - Sync 1 DAGs
[2023-06-08T19:06:58.053+0000] {logging_mixin.py:149} INFO - [2023-06-08T19:06:58.053+0000] {dag.py:3490} INFO - Setting next_dagrun for example_trigger_target_dag to None, run_after=None
[2023-06-08T19:06:58.063+0000] {processor.py:179} INFO - Processing /home/airflow/.local/lib/python3.7/site-packages/airflow/example_dags/example_trigger_target_dag.py took 0.049 seconds
[2023-06-08T19:07:28.303+0000] {processor.py:157} INFO - Started process (PID=3130) to work on /home/airflow/.local/lib/python3.7/site-packages/airflow/example_dags/example_trigger_target_dag.py
[2023-06-08T19:07:28.304+0000] {processor.py:826} INFO - Processing file /home/airflow/.local/lib/python3.7/site-packages/airflow/example_dags/example_trigger_target_dag.py for tasks to queue
[2023-06-08T19:07:28.305+0000] {logging_mixin.py:149} INFO - [2023-06-08T19:07:28.305+0000] {dagbag.py:541} INFO - Filling up the DagBag from /home/airflow/.local/lib/python3.7/site-packages/airflow/example_dags/example_trigger_target_dag.py
[2023-06-08T19:07:28.309+0000] {processor.py:836} INFO - DAG(s) dict_keys(['example_trigger_target_dag']) retrieved from /home/airflow/.local/lib/python3.7/site-packages/airflow/example_dags/example_trigger_target_dag.py
[2023-06-08T19:07:28.325+0000] {logging_mixin.py:149} INFO - [2023-06-08T19:07:28.325+0000] {dag.py:2726} INFO - Sync 1 DAGs
[2023-06-08T19:07:28.339+0000] {logging_mixin.py:149} INFO - [2023-06-08T19:07:28.339+0000] {dag.py:3490} INFO - Setting next_dagrun for example_trigger_target_dag to None, run_after=None
[2023-06-08T19:07:28.349+0000] {processor.py:179} INFO - Processing /home/airflow/.local/lib/python3.7/site-packages/airflow/example_dags/example_trigger_target_dag.py took 0.048 seconds
[2023-06-08T19:07:58.602+0000] {processor.py:157} INFO - Started process (PID=3367) to work on /home/airflow/.local/lib/python3.7/site-packages/airflow/example_dags/example_trigger_target_dag.py
[2023-06-08T19:07:58.603+0000] {processor.py:826} INFO - Processing file /home/airflow/.local/lib/python3.7/site-packages/airflow/example_dags/example_trigger_target_dag.py for tasks to queue
[2023-06-08T19:07:58.603+0000] {logging_mixin.py:149} INFO - [2023-06-08T19:07:58.603+0000] {dagbag.py:541} INFO - Filling up the DagBag from /home/airflow/.local/lib/python3.7/site-packages/airflow/example_dags/example_trigger_target_dag.py
[2023-06-08T19:07:58.607+0000] {processor.py:836} INFO - DAG(s) dict_keys(['example_trigger_target_dag']) retrieved from /home/airflow/.local/lib/python3.7/site-packages/airflow/example_dags/example_trigger_target_dag.py
[2023-06-08T19:07:58.624+0000] {logging_mixin.py:149} INFO - [2023-06-08T19:07:58.624+0000] {dag.py:2726} INFO - Sync 1 DAGs
[2023-06-08T19:07:58.638+0000] {logging_mixin.py:149} INFO - [2023-06-08T19:07:58.638+0000] {dag.py:3490} INFO - Setting next_dagrun for example_trigger_target_dag to None, run_after=None
[2023-06-08T19:07:58.647+0000] {processor.py:179} INFO - Processing /home/airflow/.local/lib/python3.7/site-packages/airflow/example_dags/example_trigger_target_dag.py took 0.048 seconds
[2023-06-08T19:08:28.912+0000] {processor.py:157} INFO - Started process (PID=3604) to work on /home/airflow/.local/lib/python3.7/site-packages/airflow/example_dags/example_trigger_target_dag.py
[2023-06-08T19:08:28.913+0000] {processor.py:826} INFO - Processing file /home/airflow/.local/lib/python3.7/site-packages/airflow/example_dags/example_trigger_target_dag.py for tasks to queue
[2023-06-08T19:08:28.914+0000] {logging_mixin.py:149} INFO - [2023-06-08T19:08:28.914+0000] {dagbag.py:541} INFO - Filling up the DagBag from /home/airflow/.local/lib/python3.7/site-packages/airflow/example_dags/example_trigger_target_dag.py
[2023-06-08T19:08:28.918+0000] {processor.py:836} INFO - DAG(s) dict_keys(['example_trigger_target_dag']) retrieved from /home/airflow/.local/lib/python3.7/site-packages/airflow/example_dags/example_trigger_target_dag.py
[2023-06-08T19:08:28.936+0000] {logging_mixin.py:149} INFO - [2023-06-08T19:08:28.936+0000] {dag.py:2726} INFO - Sync 1 DAGs
[2023-06-08T19:08:28.950+0000] {logging_mixin.py:149} INFO - [2023-06-08T19:08:28.950+0000] {dag.py:3490} INFO - Setting next_dagrun for example_trigger_target_dag to None, run_after=None
[2023-06-08T19:08:28.960+0000] {processor.py:179} INFO - Processing /home/airflow/.local/lib/python3.7/site-packages/airflow/example_dags/example_trigger_target_dag.py took 0.050 seconds
[2023-06-08T19:08:59.266+0000] {processor.py:157} INFO - Started process (PID=3841) to work on /home/airflow/.local/lib/python3.7/site-packages/airflow/example_dags/example_trigger_target_dag.py
[2023-06-08T19:08:59.267+0000] {processor.py:826} INFO - Processing file /home/airflow/.local/lib/python3.7/site-packages/airflow/example_dags/example_trigger_target_dag.py for tasks to queue
[2023-06-08T19:08:59.268+0000] {logging_mixin.py:149} INFO - [2023-06-08T19:08:59.268+0000] {dagbag.py:541} INFO - Filling up the DagBag from /home/airflow/.local/lib/python3.7/site-packages/airflow/example_dags/example_trigger_target_dag.py
[2023-06-08T19:08:59.273+0000] {processor.py:836} INFO - DAG(s) dict_keys(['example_trigger_target_dag']) retrieved from /home/airflow/.local/lib/python3.7/site-packages/airflow/example_dags/example_trigger_target_dag.py
[2023-06-08T19:08:59.289+0000] {logging_mixin.py:149} INFO - [2023-06-08T19:08:59.289+0000] {dag.py:2726} INFO - Sync 1 DAGs
[2023-06-08T19:08:59.303+0000] {logging_mixin.py:149} INFO - [2023-06-08T19:08:59.303+0000] {dag.py:3490} INFO - Setting next_dagrun for example_trigger_target_dag to None, run_after=None
[2023-06-08T19:08:59.312+0000] {processor.py:179} INFO - Processing /home/airflow/.local/lib/python3.7/site-packages/airflow/example_dags/example_trigger_target_dag.py took 0.048 seconds
[2023-06-08T19:09:29.417+0000] {processor.py:157} INFO - Started process (PID=4078) to work on /home/airflow/.local/lib/python3.7/site-packages/airflow/example_dags/example_trigger_target_dag.py
[2023-06-08T19:09:29.418+0000] {processor.py:826} INFO - Processing file /home/airflow/.local/lib/python3.7/site-packages/airflow/example_dags/example_trigger_target_dag.py for tasks to queue
[2023-06-08T19:09:29.419+0000] {logging_mixin.py:149} INFO - [2023-06-08T19:09:29.419+0000] {dagbag.py:541} INFO - Filling up the DagBag from /home/airflow/.local/lib/python3.7/site-packages/airflow/example_dags/example_trigger_target_dag.py
[2023-06-08T19:09:29.423+0000] {processor.py:836} INFO - DAG(s) dict_keys(['example_trigger_target_dag']) retrieved from /home/airflow/.local/lib/python3.7/site-packages/airflow/example_dags/example_trigger_target_dag.py
[2023-06-08T19:09:29.439+0000] {logging_mixin.py:149} INFO - [2023-06-08T19:09:29.439+0000] {dag.py:2726} INFO - Sync 1 DAGs
[2023-06-08T19:09:29.453+0000] {logging_mixin.py:149} INFO - [2023-06-08T19:09:29.453+0000] {dag.py:3490} INFO - Setting next_dagrun for example_trigger_target_dag to None, run_after=None
[2023-06-08T19:09:29.462+0000] {processor.py:179} INFO - Processing /home/airflow/.local/lib/python3.7/site-packages/airflow/example_dags/example_trigger_target_dag.py took 0.047 seconds
[2023-06-08T19:09:59.641+0000] {processor.py:157} INFO - Started process (PID=4313) to work on /home/airflow/.local/lib/python3.7/site-packages/airflow/example_dags/example_trigger_target_dag.py
[2023-06-08T19:09:59.642+0000] {processor.py:826} INFO - Processing file /home/airflow/.local/lib/python3.7/site-packages/airflow/example_dags/example_trigger_target_dag.py for tasks to queue
[2023-06-08T19:09:59.643+0000] {logging_mixin.py:149} INFO - [2023-06-08T19:09:59.643+0000] {dagbag.py:541} INFO - Filling up the DagBag from /home/airflow/.local/lib/python3.7/site-packages/airflow/example_dags/example_trigger_target_dag.py
[2023-06-08T19:09:59.647+0000] {processor.py:836} INFO - DAG(s) dict_keys(['example_trigger_target_dag']) retrieved from /home/airflow/.local/lib/python3.7/site-packages/airflow/example_dags/example_trigger_target_dag.py
[2023-06-08T19:09:59.663+0000] {logging_mixin.py:149} INFO - [2023-06-08T19:09:59.663+0000] {dag.py:2726} INFO - Sync 1 DAGs
[2023-06-08T19:09:59.678+0000] {logging_mixin.py:149} INFO - [2023-06-08T19:09:59.678+0000] {dag.py:3490} INFO - Setting next_dagrun for example_trigger_target_dag to None, run_after=None
[2023-06-08T19:09:59.688+0000] {processor.py:179} INFO - Processing /home/airflow/.local/lib/python3.7/site-packages/airflow/example_dags/example_trigger_target_dag.py took 0.050 seconds
[2023-06-08T19:10:29.988+0000] {processor.py:157} INFO - Started process (PID=4552) to work on /home/airflow/.local/lib/python3.7/site-packages/airflow/example_dags/example_trigger_target_dag.py
[2023-06-08T19:10:29.989+0000] {processor.py:826} INFO - Processing file /home/airflow/.local/lib/python3.7/site-packages/airflow/example_dags/example_trigger_target_dag.py for tasks to queue
[2023-06-08T19:10:29.990+0000] {logging_mixin.py:149} INFO - [2023-06-08T19:10:29.990+0000] {dagbag.py:541} INFO - Filling up the DagBag from /home/airflow/.local/lib/python3.7/site-packages/airflow/example_dags/example_trigger_target_dag.py
[2023-06-08T19:10:29.993+0000] {processor.py:836} INFO - DAG(s) dict_keys(['example_trigger_target_dag']) retrieved from /home/airflow/.local/lib/python3.7/site-packages/airflow/example_dags/example_trigger_target_dag.py
[2023-06-08T19:10:30.009+0000] {logging_mixin.py:149} INFO - [2023-06-08T19:10:30.009+0000] {dag.py:2726} INFO - Sync 1 DAGs
[2023-06-08T19:10:30.023+0000] {logging_mixin.py:149} INFO - [2023-06-08T19:10:30.023+0000] {dag.py:3490} INFO - Setting next_dagrun for example_trigger_target_dag to None, run_after=None
[2023-06-08T19:10:30.033+0000] {processor.py:179} INFO - Processing /home/airflow/.local/lib/python3.7/site-packages/airflow/example_dags/example_trigger_target_dag.py took 0.047 seconds
[2023-06-08T19:11:00.201+0000] {processor.py:157} INFO - Started process (PID=4789) to work on /home/airflow/.local/lib/python3.7/site-packages/airflow/example_dags/example_trigger_target_dag.py
[2023-06-08T19:11:00.201+0000] {processor.py:826} INFO - Processing file /home/airflow/.local/lib/python3.7/site-packages/airflow/example_dags/example_trigger_target_dag.py for tasks to queue
[2023-06-08T19:11:00.202+0000] {logging_mixin.py:149} INFO - [2023-06-08T19:11:00.202+0000] {dagbag.py:541} INFO - Filling up the DagBag from /home/airflow/.local/lib/python3.7/site-packages/airflow/example_dags/example_trigger_target_dag.py
[2023-06-08T19:11:00.206+0000] {processor.py:836} INFO - DAG(s) dict_keys(['example_trigger_target_dag']) retrieved from /home/airflow/.local/lib/python3.7/site-packages/airflow/example_dags/example_trigger_target_dag.py
[2023-06-08T19:11:00.222+0000] {logging_mixin.py:149} INFO - [2023-06-08T19:11:00.222+0000] {dag.py:2726} INFO - Sync 1 DAGs
[2023-06-08T19:11:00.236+0000] {logging_mixin.py:149} INFO - [2023-06-08T19:11:00.236+0000] {dag.py:3490} INFO - Setting next_dagrun for example_trigger_target_dag to None, run_after=None
[2023-06-08T19:11:00.246+0000] {processor.py:179} INFO - Processing /home/airflow/.local/lib/python3.7/site-packages/airflow/example_dags/example_trigger_target_dag.py took 0.048 seconds
[2023-06-08T19:11:30.559+0000] {processor.py:157} INFO - Started process (PID=5026) to work on /home/airflow/.local/lib/python3.7/site-packages/airflow/example_dags/example_trigger_target_dag.py
[2023-06-08T19:11:30.560+0000] {processor.py:826} INFO - Processing file /home/airflow/.local/lib/python3.7/site-packages/airflow/example_dags/example_trigger_target_dag.py for tasks to queue
[2023-06-08T19:11:30.560+0000] {logging_mixin.py:149} INFO - [2023-06-08T19:11:30.560+0000] {dagbag.py:541} INFO - Filling up the DagBag from /home/airflow/.local/lib/python3.7/site-packages/airflow/example_dags/example_trigger_target_dag.py
[2023-06-08T19:11:30.564+0000] {processor.py:836} INFO - DAG(s) dict_keys(['example_trigger_target_dag']) retrieved from /home/airflow/.local/lib/python3.7/site-packages/airflow/example_dags/example_trigger_target_dag.py
[2023-06-08T19:11:30.581+0000] {logging_mixin.py:149} INFO - [2023-06-08T19:11:30.581+0000] {dag.py:2726} INFO - Sync 1 DAGs
[2023-06-08T19:11:30.595+0000] {logging_mixin.py:149} INFO - [2023-06-08T19:11:30.595+0000] {dag.py:3490} INFO - Setting next_dagrun for example_trigger_target_dag to None, run_after=None
[2023-06-08T19:11:30.605+0000] {processor.py:179} INFO - Processing /home/airflow/.local/lib/python3.7/site-packages/airflow/example_dags/example_trigger_target_dag.py took 0.048 seconds
[2023-06-08T19:12:00.768+0000] {processor.py:157} INFO - Started process (PID=5263) to work on /home/airflow/.local/lib/python3.7/site-packages/airflow/example_dags/example_trigger_target_dag.py
[2023-06-08T19:12:00.769+0000] {processor.py:826} INFO - Processing file /home/airflow/.local/lib/python3.7/site-packages/airflow/example_dags/example_trigger_target_dag.py for tasks to queue
[2023-06-08T19:12:00.770+0000] {logging_mixin.py:149} INFO - [2023-06-08T19:12:00.770+0000] {dagbag.py:541} INFO - Filling up the DagBag from /home/airflow/.local/lib/python3.7/site-packages/airflow/example_dags/example_trigger_target_dag.py
[2023-06-08T19:12:00.773+0000] {processor.py:836} INFO - DAG(s) dict_keys(['example_trigger_target_dag']) retrieved from /home/airflow/.local/lib/python3.7/site-packages/airflow/example_dags/example_trigger_target_dag.py
[2023-06-08T19:12:00.789+0000] {logging_mixin.py:149} INFO - [2023-06-08T19:12:00.789+0000] {dag.py:2726} INFO - Sync 1 DAGs
[2023-06-08T19:12:00.803+0000] {logging_mixin.py:149} INFO - [2023-06-08T19:12:00.803+0000] {dag.py:3490} INFO - Setting next_dagrun for example_trigger_target_dag to None, run_after=None
[2023-06-08T19:12:00.813+0000] {processor.py:179} INFO - Processing /home/airflow/.local/lib/python3.7/site-packages/airflow/example_dags/example_trigger_target_dag.py took 0.047 seconds
[2023-06-08T19:12:31.009+0000] {processor.py:157} INFO - Started process (PID=5501) to work on /home/airflow/.local/lib/python3.7/site-packages/airflow/example_dags/example_trigger_target_dag.py
[2023-06-08T19:12:31.010+0000] {processor.py:826} INFO - Processing file /home/airflow/.local/lib/python3.7/site-packages/airflow/example_dags/example_trigger_target_dag.py for tasks to queue
[2023-06-08T19:12:31.011+0000] {logging_mixin.py:149} INFO - [2023-06-08T19:12:31.011+0000] {dagbag.py:541} INFO - Filling up the DagBag from /home/airflow/.local/lib/python3.7/site-packages/airflow/example_dags/example_trigger_target_dag.py
[2023-06-08T19:12:31.014+0000] {processor.py:836} INFO - DAG(s) dict_keys(['example_trigger_target_dag']) retrieved from /home/airflow/.local/lib/python3.7/site-packages/airflow/example_dags/example_trigger_target_dag.py
[2023-06-08T19:12:31.031+0000] {logging_mixin.py:149} INFO - [2023-06-08T19:12:31.031+0000] {dag.py:2726} INFO - Sync 1 DAGs
[2023-06-08T19:12:31.045+0000] {logging_mixin.py:149} INFO - [2023-06-08T19:12:31.045+0000] {dag.py:3490} INFO - Setting next_dagrun for example_trigger_target_dag to None, run_after=None
[2023-06-08T19:12:31.055+0000] {processor.py:179} INFO - Processing /home/airflow/.local/lib/python3.7/site-packages/airflow/example_dags/example_trigger_target_dag.py took 0.048 seconds
[2023-06-08T19:13:01.296+0000] {processor.py:157} INFO - Started process (PID=5738) to work on /home/airflow/.local/lib/python3.7/site-packages/airflow/example_dags/example_trigger_target_dag.py
[2023-06-08T19:13:01.297+0000] {processor.py:826} INFO - Processing file /home/airflow/.local/lib/python3.7/site-packages/airflow/example_dags/example_trigger_target_dag.py for tasks to queue
[2023-06-08T19:13:01.297+0000] {logging_mixin.py:149} INFO - [2023-06-08T19:13:01.297+0000] {dagbag.py:541} INFO - Filling up the DagBag from /home/airflow/.local/lib/python3.7/site-packages/airflow/example_dags/example_trigger_target_dag.py
[2023-06-08T19:13:01.302+0000] {processor.py:836} INFO - DAG(s) dict_keys(['example_trigger_target_dag']) retrieved from /home/airflow/.local/lib/python3.7/site-packages/airflow/example_dags/example_trigger_target_dag.py
[2023-06-08T19:13:01.317+0000] {logging_mixin.py:149} INFO - [2023-06-08T19:13:01.317+0000] {dag.py:2726} INFO - Sync 1 DAGs
[2023-06-08T19:13:01.331+0000] {logging_mixin.py:149} INFO - [2023-06-08T19:13:01.331+0000] {dag.py:3490} INFO - Setting next_dagrun for example_trigger_target_dag to None, run_after=None
[2023-06-08T19:13:01.341+0000] {processor.py:179} INFO - Processing /home/airflow/.local/lib/python3.7/site-packages/airflow/example_dags/example_trigger_target_dag.py took 0.047 seconds
[2023-06-08T19:13:31.619+0000] {processor.py:157} INFO - Started process (PID=5975) to work on /home/airflow/.local/lib/python3.7/site-packages/airflow/example_dags/example_trigger_target_dag.py
[2023-06-08T19:13:31.620+0000] {processor.py:826} INFO - Processing file /home/airflow/.local/lib/python3.7/site-packages/airflow/example_dags/example_trigger_target_dag.py for tasks to queue
[2023-06-08T19:13:31.621+0000] {logging_mixin.py:149} INFO - [2023-06-08T19:13:31.621+0000] {dagbag.py:541} INFO - Filling up the DagBag from /home/airflow/.local/lib/python3.7/site-packages/airflow/example_dags/example_trigger_target_dag.py
[2023-06-08T19:13:31.625+0000] {processor.py:836} INFO - DAG(s) dict_keys(['example_trigger_target_dag']) retrieved from /home/airflow/.local/lib/python3.7/site-packages/airflow/example_dags/example_trigger_target_dag.py
[2023-06-08T19:13:31.641+0000] {logging_mixin.py:149} INFO - [2023-06-08T19:13:31.641+0000] {dag.py:2726} INFO - Sync 1 DAGs
[2023-06-08T19:13:31.655+0000] {logging_mixin.py:149} INFO - [2023-06-08T19:13:31.655+0000] {dag.py:3490} INFO - Setting next_dagrun for example_trigger_target_dag to None, run_after=None
[2023-06-08T19:13:31.664+0000] {processor.py:179} INFO - Processing /home/airflow/.local/lib/python3.7/site-packages/airflow/example_dags/example_trigger_target_dag.py took 0.047 seconds
[2023-06-08T19:14:01.828+0000] {processor.py:157} INFO - Started process (PID=6212) to work on /home/airflow/.local/lib/python3.7/site-packages/airflow/example_dags/example_trigger_target_dag.py
[2023-06-08T19:14:01.829+0000] {processor.py:826} INFO - Processing file /home/airflow/.local/lib/python3.7/site-packages/airflow/example_dags/example_trigger_target_dag.py for tasks to queue
[2023-06-08T19:14:01.830+0000] {logging_mixin.py:149} INFO - [2023-06-08T19:14:01.830+0000] {dagbag.py:541} INFO - Filling up the DagBag from /home/airflow/.local/lib/python3.7/site-packages/airflow/example_dags/example_trigger_target_dag.py
[2023-06-08T19:14:01.834+0000] {processor.py:836} INFO - DAG(s) dict_keys(['example_trigger_target_dag']) retrieved from /home/airflow/.local/lib/python3.7/site-packages/airflow/example_dags/example_trigger_target_dag.py
[2023-06-08T19:14:01.850+0000] {logging_mixin.py:149} INFO - [2023-06-08T19:14:01.850+0000] {dag.py:2726} INFO - Sync 1 DAGs
[2023-06-08T19:14:01.865+0000] {logging_mixin.py:149} INFO - [2023-06-08T19:14:01.865+0000] {dag.py:3490} INFO - Setting next_dagrun for example_trigger_target_dag to None, run_after=None
[2023-06-08T19:14:01.874+0000] {processor.py:179} INFO - Processing /home/airflow/.local/lib/python3.7/site-packages/airflow/example_dags/example_trigger_target_dag.py took 0.048 seconds
[2023-06-08T19:14:32.067+0000] {processor.py:157} INFO - Started process (PID=6450) to work on /home/airflow/.local/lib/python3.7/site-packages/airflow/example_dags/example_trigger_target_dag.py
[2023-06-08T19:14:32.068+0000] {processor.py:826} INFO - Processing file /home/airflow/.local/lib/python3.7/site-packages/airflow/example_dags/example_trigger_target_dag.py for tasks to queue
[2023-06-08T19:14:32.068+0000] {logging_mixin.py:149} INFO - [2023-06-08T19:14:32.068+0000] {dagbag.py:541} INFO - Filling up the DagBag from /home/airflow/.local/lib/python3.7/site-packages/airflow/example_dags/example_trigger_target_dag.py
[2023-06-08T19:14:32.073+0000] {processor.py:836} INFO - DAG(s) dict_keys(['example_trigger_target_dag']) retrieved from /home/airflow/.local/lib/python3.7/site-packages/airflow/example_dags/example_trigger_target_dag.py
[2023-06-08T19:14:32.089+0000] {logging_mixin.py:149} INFO - [2023-06-08T19:14:32.089+0000] {dag.py:2726} INFO - Sync 1 DAGs
[2023-06-08T19:14:32.103+0000] {logging_mixin.py:149} INFO - [2023-06-08T19:14:32.103+0000] {dag.py:3490} INFO - Setting next_dagrun for example_trigger_target_dag to None, run_after=None
[2023-06-08T19:14:32.114+0000] {processor.py:179} INFO - Processing /home/airflow/.local/lib/python3.7/site-packages/airflow/example_dags/example_trigger_target_dag.py took 0.050 seconds
[2023-06-08T19:15:02.287+0000] {processor.py:157} INFO - Started process (PID=6687) to work on /home/airflow/.local/lib/python3.7/site-packages/airflow/example_dags/example_trigger_target_dag.py
[2023-06-08T19:15:02.288+0000] {processor.py:826} INFO - Processing file /home/airflow/.local/lib/python3.7/site-packages/airflow/example_dags/example_trigger_target_dag.py for tasks to queue
[2023-06-08T19:15:02.288+0000] {logging_mixin.py:149} INFO - [2023-06-08T19:15:02.288+0000] {dagbag.py:541} INFO - Filling up the DagBag from /home/airflow/.local/lib/python3.7/site-packages/airflow/example_dags/example_trigger_target_dag.py
[2023-06-08T19:15:02.293+0000] {processor.py:836} INFO - DAG(s) dict_keys(['example_trigger_target_dag']) retrieved from /home/airflow/.local/lib/python3.7/site-packages/airflow/example_dags/example_trigger_target_dag.py
[2023-06-08T19:15:02.309+0000] {logging_mixin.py:149} INFO - [2023-06-08T19:15:02.309+0000] {dag.py:2726} INFO - Sync 1 DAGs
[2023-06-08T19:15:02.323+0000] {logging_mixin.py:149} INFO - [2023-06-08T19:15:02.323+0000] {dag.py:3490} INFO - Setting next_dagrun for example_trigger_target_dag to None, run_after=None
[2023-06-08T19:15:02.333+0000] {processor.py:179} INFO - Processing /home/airflow/.local/lib/python3.7/site-packages/airflow/example_dags/example_trigger_target_dag.py took 0.048 seconds
