[2023-06-08T19:01:25.105+0000] {processor.py:157} INFO - Started process (PID=277) to work on /home/airflow/.local/lib/python3.7/site-packages/airflow/example_dags/example_subdag_operator.py
[2023-06-08T19:01:25.106+0000] {processor.py:826} INFO - Processing file /home/airflow/.local/lib/python3.7/site-packages/airflow/example_dags/example_subdag_operator.py for tasks to queue
[2023-06-08T19:01:25.107+0000] {logging_mixin.py:149} INFO - [2023-06-08T19:01:25.106+0000] {dagbag.py:541} INFO - Filling up the DagBag from /home/airflow/.local/lib/python3.7/site-packages/airflow/example_dags/example_subdag_operator.py
[2023-06-08T19:01:25.126+0000] {processor.py:836} INFO - DAG(s) dict_keys(['example_subdag_operator.section-1', 'example_subdag_operator.section-2', 'example_subdag_operator']) retrieved from /home/airflow/.local/lib/python3.7/site-packages/airflow/example_dags/example_subdag_operator.py
[2023-06-08T19:01:25.131+0000] {logging_mixin.py:149} INFO - [2023-06-08T19:01:25.131+0000] {dag.py:2726} INFO - Sync 3 DAGs
[2023-06-08T19:01:25.151+0000] {logging_mixin.py:149} INFO - [2023-06-08T19:01:25.151+0000] {dag.py:3490} INFO - Setting next_dagrun for example_subdag_operator to 2022-01-01T00:00:00+00:00, run_after=2022-01-01T00:00:00+00:00
[2023-06-08T19:01:25.153+0000] {logging_mixin.py:149} INFO - [2023-06-08T19:01:25.153+0000] {dag.py:3490} INFO - Setting next_dagrun for example_subdag_operator.section-1 to None, run_after=None
[2023-06-08T19:01:25.154+0000] {logging_mixin.py:149} INFO - [2023-06-08T19:01:25.154+0000] {dag.py:3490} INFO - Setting next_dagrun for example_subdag_operator.section-2 to None, run_after=None
[2023-06-08T19:01:25.158+0000] {logging_mixin.py:149} INFO - [2023-06-08T19:01:25.158+0000] {dag.py:2726} INFO - Sync 2 DAGs
[2023-06-08T19:01:25.161+0000] {logging_mixin.py:149} INFO - [2023-06-08T19:01:25.161+0000] {dag.py:3490} INFO - Setting next_dagrun for example_subdag_operator.section-1 to None, run_after=None
[2023-06-08T19:01:25.162+0000] {logging_mixin.py:149} INFO - [2023-06-08T19:01:25.161+0000] {dag.py:3490} INFO - Setting next_dagrun for example_subdag_operator.section-2 to None, run_after=None
[2023-06-08T19:01:25.167+0000] {processor.py:179} INFO - Processing /home/airflow/.local/lib/python3.7/site-packages/airflow/example_dags/example_subdag_operator.py took 0.065 seconds
[2023-06-08T19:01:56.629+0000] {processor.py:157} INFO - Started process (PID=514) to work on /home/airflow/.local/lib/python3.7/site-packages/airflow/example_dags/example_subdag_operator.py
[2023-06-08T19:01:56.630+0000] {processor.py:826} INFO - Processing file /home/airflow/.local/lib/python3.7/site-packages/airflow/example_dags/example_subdag_operator.py for tasks to queue
[2023-06-08T19:01:56.630+0000] {logging_mixin.py:149} INFO - [2023-06-08T19:01:56.630+0000] {dagbag.py:541} INFO - Filling up the DagBag from /home/airflow/.local/lib/python3.7/site-packages/airflow/example_dags/example_subdag_operator.py
[2023-06-08T19:01:56.725+0000] {processor.py:836} INFO - DAG(s) dict_keys(['example_subdag_operator.section-1', 'example_subdag_operator.section-2', 'example_subdag_operator']) retrieved from /home/airflow/.local/lib/python3.7/site-packages/airflow/example_dags/example_subdag_operator.py
[2023-06-08T19:01:56.734+0000] {logging_mixin.py:149} INFO - [2023-06-08T19:01:56.733+0000] {dag.py:2726} INFO - Sync 3 DAGs
[2023-06-08T19:01:56.747+0000] {logging_mixin.py:149} INFO - [2023-06-08T19:01:56.747+0000] {dag.py:3490} INFO - Setting next_dagrun for example_subdag_operator to 2022-01-01T00:00:00+00:00, run_after=2022-01-01T00:00:00+00:00
[2023-06-08T19:01:56.749+0000] {logging_mixin.py:149} INFO - [2023-06-08T19:01:56.749+0000] {dag.py:3490} INFO - Setting next_dagrun for example_subdag_operator.section-1 to None, run_after=None
[2023-06-08T19:01:56.750+0000] {logging_mixin.py:149} INFO - [2023-06-08T19:01:56.750+0000] {dag.py:3490} INFO - Setting next_dagrun for example_subdag_operator.section-2 to None, run_after=None
[2023-06-08T19:01:56.754+0000] {logging_mixin.py:149} INFO - [2023-06-08T19:01:56.754+0000] {dag.py:2726} INFO - Sync 2 DAGs
[2023-06-08T19:01:56.757+0000] {logging_mixin.py:149} INFO - [2023-06-08T19:01:56.757+0000] {dag.py:3490} INFO - Setting next_dagrun for example_subdag_operator.section-1 to None, run_after=None
[2023-06-08T19:01:56.757+0000] {logging_mixin.py:149} INFO - [2023-06-08T19:01:56.757+0000] {dag.py:3490} INFO - Setting next_dagrun for example_subdag_operator.section-2 to None, run_after=None
[2023-06-08T19:01:56.762+0000] {processor.py:179} INFO - Processing /home/airflow/.local/lib/python3.7/site-packages/airflow/example_dags/example_subdag_operator.py took 0.136 seconds
[2023-06-08T19:02:27.306+0000] {processor.py:157} INFO - Started process (PID=751) to work on /home/airflow/.local/lib/python3.7/site-packages/airflow/example_dags/example_subdag_operator.py
[2023-06-08T19:02:27.307+0000] {processor.py:826} INFO - Processing file /home/airflow/.local/lib/python3.7/site-packages/airflow/example_dags/example_subdag_operator.py for tasks to queue
[2023-06-08T19:02:27.308+0000] {logging_mixin.py:149} INFO - [2023-06-08T19:02:27.308+0000] {dagbag.py:541} INFO - Filling up the DagBag from /home/airflow/.local/lib/python3.7/site-packages/airflow/example_dags/example_subdag_operator.py
[2023-06-08T19:02:27.325+0000] {processor.py:836} INFO - DAG(s) dict_keys(['example_subdag_operator.section-1', 'example_subdag_operator.section-2', 'example_subdag_operator']) retrieved from /home/airflow/.local/lib/python3.7/site-packages/airflow/example_dags/example_subdag_operator.py
[2023-06-08T19:02:27.336+0000] {logging_mixin.py:149} INFO - [2023-06-08T19:02:27.336+0000] {dag.py:2726} INFO - Sync 3 DAGs
[2023-06-08T19:02:27.350+0000] {logging_mixin.py:149} INFO - [2023-06-08T19:02:27.350+0000] {dag.py:3490} INFO - Setting next_dagrun for example_subdag_operator to 2022-01-01T00:00:00+00:00, run_after=2022-01-01T00:00:00+00:00
[2023-06-08T19:02:27.352+0000] {logging_mixin.py:149} INFO - [2023-06-08T19:02:27.352+0000] {dag.py:3490} INFO - Setting next_dagrun for example_subdag_operator.section-1 to None, run_after=None
[2023-06-08T19:02:27.353+0000] {logging_mixin.py:149} INFO - [2023-06-08T19:02:27.353+0000] {dag.py:3490} INFO - Setting next_dagrun for example_subdag_operator.section-2 to None, run_after=None
[2023-06-08T19:02:27.358+0000] {logging_mixin.py:149} INFO - [2023-06-08T19:02:27.358+0000] {dag.py:2726} INFO - Sync 2 DAGs
[2023-06-08T19:02:27.361+0000] {logging_mixin.py:149} INFO - [2023-06-08T19:02:27.361+0000] {dag.py:3490} INFO - Setting next_dagrun for example_subdag_operator.section-1 to None, run_after=None
[2023-06-08T19:02:27.362+0000] {logging_mixin.py:149} INFO - [2023-06-08T19:02:27.362+0000] {dag.py:3490} INFO - Setting next_dagrun for example_subdag_operator.section-2 to None, run_after=None
[2023-06-08T19:02:27.368+0000] {processor.py:179} INFO - Processing /home/airflow/.local/lib/python3.7/site-packages/airflow/example_dags/example_subdag_operator.py took 0.064 seconds
[2023-06-08T19:02:57.445+0000] {processor.py:157} INFO - Started process (PID=1036) to work on /home/airflow/.local/lib/python3.7/site-packages/airflow/example_dags/example_subdag_operator.py
[2023-06-08T19:02:57.446+0000] {processor.py:826} INFO - Processing file /home/airflow/.local/lib/python3.7/site-packages/airflow/example_dags/example_subdag_operator.py for tasks to queue
[2023-06-08T19:02:57.446+0000] {logging_mixin.py:149} INFO - [2023-06-08T19:02:57.446+0000] {dagbag.py:541} INFO - Filling up the DagBag from /home/airflow/.local/lib/python3.7/site-packages/airflow/example_dags/example_subdag_operator.py
[2023-06-08T19:02:57.463+0000] {processor.py:836} INFO - DAG(s) dict_keys(['example_subdag_operator.section-1', 'example_subdag_operator.section-2', 'example_subdag_operator']) retrieved from /home/airflow/.local/lib/python3.7/site-packages/airflow/example_dags/example_subdag_operator.py
[2023-06-08T19:02:57.473+0000] {logging_mixin.py:149} INFO - [2023-06-08T19:02:57.473+0000] {dag.py:2726} INFO - Sync 3 DAGs
[2023-06-08T19:02:57.487+0000] {logging_mixin.py:149} INFO - [2023-06-08T19:02:57.487+0000] {dag.py:3490} INFO - Setting next_dagrun for example_subdag_operator to 2022-01-01T00:00:00+00:00, run_after=2022-01-01T00:00:00+00:00
[2023-06-08T19:02:57.489+0000] {logging_mixin.py:149} INFO - [2023-06-08T19:02:57.489+0000] {dag.py:3490} INFO - Setting next_dagrun for example_subdag_operator.section-1 to None, run_after=None
[2023-06-08T19:02:57.490+0000] {logging_mixin.py:149} INFO - [2023-06-08T19:02:57.490+0000] {dag.py:3490} INFO - Setting next_dagrun for example_subdag_operator.section-2 to None, run_after=None
[2023-06-08T19:02:57.494+0000] {logging_mixin.py:149} INFO - [2023-06-08T19:02:57.494+0000] {dag.py:2726} INFO - Sync 2 DAGs
[2023-06-08T19:02:57.497+0000] {logging_mixin.py:149} INFO - [2023-06-08T19:02:57.497+0000] {dag.py:3490} INFO - Setting next_dagrun for example_subdag_operator.section-1 to None, run_after=None
[2023-06-08T19:02:57.498+0000] {logging_mixin.py:149} INFO - [2023-06-08T19:02:57.498+0000] {dag.py:3490} INFO - Setting next_dagrun for example_subdag_operator.section-2 to None, run_after=None
[2023-06-08T19:02:57.503+0000] {processor.py:179} INFO - Processing /home/airflow/.local/lib/python3.7/site-packages/airflow/example_dags/example_subdag_operator.py took 0.060 seconds
[2023-06-08T19:03:27.729+0000] {processor.py:157} INFO - Started process (PID=1321) to work on /home/airflow/.local/lib/python3.7/site-packages/airflow/example_dags/example_subdag_operator.py
[2023-06-08T19:03:27.730+0000] {processor.py:826} INFO - Processing file /home/airflow/.local/lib/python3.7/site-packages/airflow/example_dags/example_subdag_operator.py for tasks to queue
[2023-06-08T19:03:27.730+0000] {logging_mixin.py:149} INFO - [2023-06-08T19:03:27.730+0000] {dagbag.py:541} INFO - Filling up the DagBag from /home/airflow/.local/lib/python3.7/site-packages/airflow/example_dags/example_subdag_operator.py
[2023-06-08T19:03:27.748+0000] {processor.py:836} INFO - DAG(s) dict_keys(['example_subdag_operator.section-1', 'example_subdag_operator.section-2', 'example_subdag_operator']) retrieved from /home/airflow/.local/lib/python3.7/site-packages/airflow/example_dags/example_subdag_operator.py
[2023-06-08T19:03:27.758+0000] {logging_mixin.py:149} INFO - [2023-06-08T19:03:27.758+0000] {dag.py:2726} INFO - Sync 3 DAGs
[2023-06-08T19:03:27.772+0000] {logging_mixin.py:149} INFO - [2023-06-08T19:03:27.772+0000] {dag.py:3490} INFO - Setting next_dagrun for example_subdag_operator to 2022-01-01T00:00:00+00:00, run_after=2022-01-01T00:00:00+00:00
[2023-06-08T19:03:27.774+0000] {logging_mixin.py:149} INFO - [2023-06-08T19:03:27.774+0000] {dag.py:3490} INFO - Setting next_dagrun for example_subdag_operator.section-1 to None, run_after=None
[2023-06-08T19:03:27.775+0000] {logging_mixin.py:149} INFO - [2023-06-08T19:03:27.775+0000] {dag.py:3490} INFO - Setting next_dagrun for example_subdag_operator.section-2 to None, run_after=None
[2023-06-08T19:03:27.780+0000] {logging_mixin.py:149} INFO - [2023-06-08T19:03:27.780+0000] {dag.py:2726} INFO - Sync 2 DAGs
[2023-06-08T19:03:27.783+0000] {logging_mixin.py:149} INFO - [2023-06-08T19:03:27.783+0000] {dag.py:3490} INFO - Setting next_dagrun for example_subdag_operator.section-1 to None, run_after=None
[2023-06-08T19:03:27.784+0000] {logging_mixin.py:149} INFO - [2023-06-08T19:03:27.783+0000] {dag.py:3490} INFO - Setting next_dagrun for example_subdag_operator.section-2 to None, run_after=None
[2023-06-08T19:03:27.789+0000] {processor.py:179} INFO - Processing /home/airflow/.local/lib/python3.7/site-packages/airflow/example_dags/example_subdag_operator.py took 0.063 seconds
[2023-06-08T19:03:57.984+0000] {processor.py:157} INFO - Started process (PID=1559) to work on /home/airflow/.local/lib/python3.7/site-packages/airflow/example_dags/example_subdag_operator.py
[2023-06-08T19:03:57.985+0000] {processor.py:826} INFO - Processing file /home/airflow/.local/lib/python3.7/site-packages/airflow/example_dags/example_subdag_operator.py for tasks to queue
[2023-06-08T19:03:57.986+0000] {logging_mixin.py:149} INFO - [2023-06-08T19:03:57.986+0000] {dagbag.py:541} INFO - Filling up the DagBag from /home/airflow/.local/lib/python3.7/site-packages/airflow/example_dags/example_subdag_operator.py
[2023-06-08T19:03:58.004+0000] {processor.py:836} INFO - DAG(s) dict_keys(['example_subdag_operator.section-1', 'example_subdag_operator.section-2', 'example_subdag_operator']) retrieved from /home/airflow/.local/lib/python3.7/site-packages/airflow/example_dags/example_subdag_operator.py
[2023-06-08T19:03:58.015+0000] {logging_mixin.py:149} INFO - [2023-06-08T19:03:58.015+0000] {dag.py:2726} INFO - Sync 3 DAGs
[2023-06-08T19:03:58.029+0000] {logging_mixin.py:149} INFO - [2023-06-08T19:03:58.029+0000] {dag.py:3490} INFO - Setting next_dagrun for example_subdag_operator to 2022-01-01T00:00:00+00:00, run_after=2022-01-01T00:00:00+00:00
[2023-06-08T19:03:58.031+0000] {logging_mixin.py:149} INFO - [2023-06-08T19:03:58.031+0000] {dag.py:3490} INFO - Setting next_dagrun for example_subdag_operator.section-1 to None, run_after=None
[2023-06-08T19:03:58.032+0000] {logging_mixin.py:149} INFO - [2023-06-08T19:03:58.032+0000] {dag.py:3490} INFO - Setting next_dagrun for example_subdag_operator.section-2 to None, run_after=None
[2023-06-08T19:03:58.037+0000] {logging_mixin.py:149} INFO - [2023-06-08T19:03:58.037+0000] {dag.py:2726} INFO - Sync 2 DAGs
[2023-06-08T19:03:58.040+0000] {logging_mixin.py:149} INFO - [2023-06-08T19:03:58.040+0000] {dag.py:3490} INFO - Setting next_dagrun for example_subdag_operator.section-1 to None, run_after=None
[2023-06-08T19:03:58.040+0000] {logging_mixin.py:149} INFO - [2023-06-08T19:03:58.040+0000] {dag.py:3490} INFO - Setting next_dagrun for example_subdag_operator.section-2 to None, run_after=None
[2023-06-08T19:03:58.046+0000] {processor.py:179} INFO - Processing /home/airflow/.local/lib/python3.7/site-packages/airflow/example_dags/example_subdag_operator.py took 0.065 seconds
[2023-06-08T19:04:28.229+0000] {processor.py:157} INFO - Started process (PID=1796) to work on /home/airflow/.local/lib/python3.7/site-packages/airflow/example_dags/example_subdag_operator.py
[2023-06-08T19:04:28.230+0000] {processor.py:826} INFO - Processing file /home/airflow/.local/lib/python3.7/site-packages/airflow/example_dags/example_subdag_operator.py for tasks to queue
[2023-06-08T19:04:28.231+0000] {logging_mixin.py:149} INFO - [2023-06-08T19:04:28.230+0000] {dagbag.py:541} INFO - Filling up the DagBag from /home/airflow/.local/lib/python3.7/site-packages/airflow/example_dags/example_subdag_operator.py
[2023-06-08T19:04:28.247+0000] {processor.py:836} INFO - DAG(s) dict_keys(['example_subdag_operator.section-1', 'example_subdag_operator.section-2', 'example_subdag_operator']) retrieved from /home/airflow/.local/lib/python3.7/site-packages/airflow/example_dags/example_subdag_operator.py
[2023-06-08T19:04:28.257+0000] {logging_mixin.py:149} INFO - [2023-06-08T19:04:28.257+0000] {dag.py:2726} INFO - Sync 3 DAGs
[2023-06-08T19:04:28.271+0000] {logging_mixin.py:149} INFO - [2023-06-08T19:04:28.271+0000] {dag.py:3490} INFO - Setting next_dagrun for example_subdag_operator to 2022-01-01T00:00:00+00:00, run_after=2022-01-01T00:00:00+00:00
[2023-06-08T19:04:28.274+0000] {logging_mixin.py:149} INFO - [2023-06-08T19:04:28.274+0000] {dag.py:3490} INFO - Setting next_dagrun for example_subdag_operator.section-1 to None, run_after=None
[2023-06-08T19:04:28.275+0000] {logging_mixin.py:149} INFO - [2023-06-08T19:04:28.275+0000] {dag.py:3490} INFO - Setting next_dagrun for example_subdag_operator.section-2 to None, run_after=None
[2023-06-08T19:04:28.279+0000] {logging_mixin.py:149} INFO - [2023-06-08T19:04:28.279+0000] {dag.py:2726} INFO - Sync 2 DAGs
[2023-06-08T19:04:28.282+0000] {logging_mixin.py:149} INFO - [2023-06-08T19:04:28.282+0000] {dag.py:3490} INFO - Setting next_dagrun for example_subdag_operator.section-1 to None, run_after=None
[2023-06-08T19:04:28.283+0000] {logging_mixin.py:149} INFO - [2023-06-08T19:04:28.283+0000] {dag.py:3490} INFO - Setting next_dagrun for example_subdag_operator.section-2 to None, run_after=None
[2023-06-08T19:04:28.288+0000] {processor.py:179} INFO - Processing /home/airflow/.local/lib/python3.7/site-packages/airflow/example_dags/example_subdag_operator.py took 0.061 seconds
[2023-06-08T19:04:58.472+0000] {processor.py:157} INFO - Started process (PID=2033) to work on /home/airflow/.local/lib/python3.7/site-packages/airflow/example_dags/example_subdag_operator.py
[2023-06-08T19:04:58.473+0000] {processor.py:826} INFO - Processing file /home/airflow/.local/lib/python3.7/site-packages/airflow/example_dags/example_subdag_operator.py for tasks to queue
[2023-06-08T19:04:58.474+0000] {logging_mixin.py:149} INFO - [2023-06-08T19:04:58.474+0000] {dagbag.py:541} INFO - Filling up the DagBag from /home/airflow/.local/lib/python3.7/site-packages/airflow/example_dags/example_subdag_operator.py
[2023-06-08T19:04:58.491+0000] {processor.py:836} INFO - DAG(s) dict_keys(['example_subdag_operator.section-1', 'example_subdag_operator.section-2', 'example_subdag_operator']) retrieved from /home/airflow/.local/lib/python3.7/site-packages/airflow/example_dags/example_subdag_operator.py
[2023-06-08T19:04:58.501+0000] {logging_mixin.py:149} INFO - [2023-06-08T19:04:58.501+0000] {dag.py:2726} INFO - Sync 3 DAGs
[2023-06-08T19:04:58.516+0000] {logging_mixin.py:149} INFO - [2023-06-08T19:04:58.515+0000] {dag.py:3490} INFO - Setting next_dagrun for example_subdag_operator to 2022-01-01T00:00:00+00:00, run_after=2022-01-01T00:00:00+00:00
[2023-06-08T19:04:58.521+0000] {logging_mixin.py:149} INFO - [2023-06-08T19:04:58.521+0000] {dag.py:3490} INFO - Setting next_dagrun for example_subdag_operator.section-1 to None, run_after=None
[2023-06-08T19:04:58.522+0000] {logging_mixin.py:149} INFO - [2023-06-08T19:04:58.522+0000] {dag.py:3490} INFO - Setting next_dagrun for example_subdag_operator.section-2 to None, run_after=None
[2023-06-08T19:04:58.527+0000] {logging_mixin.py:149} INFO - [2023-06-08T19:04:58.526+0000] {dag.py:2726} INFO - Sync 2 DAGs
[2023-06-08T19:04:58.530+0000] {logging_mixin.py:149} INFO - [2023-06-08T19:04:58.530+0000] {dag.py:3490} INFO - Setting next_dagrun for example_subdag_operator.section-1 to None, run_after=None
[2023-06-08T19:04:58.530+0000] {logging_mixin.py:149} INFO - [2023-06-08T19:04:58.530+0000] {dag.py:3490} INFO - Setting next_dagrun for example_subdag_operator.section-2 to None, run_after=None
[2023-06-08T19:04:58.535+0000] {processor.py:179} INFO - Processing /home/airflow/.local/lib/python3.7/site-packages/airflow/example_dags/example_subdag_operator.py took 0.065 seconds
[2023-06-08T19:05:28.754+0000] {processor.py:157} INFO - Started process (PID=2270) to work on /home/airflow/.local/lib/python3.7/site-packages/airflow/example_dags/example_subdag_operator.py
[2023-06-08T19:05:28.755+0000] {processor.py:826} INFO - Processing file /home/airflow/.local/lib/python3.7/site-packages/airflow/example_dags/example_subdag_operator.py for tasks to queue
[2023-06-08T19:05:28.756+0000] {logging_mixin.py:149} INFO - [2023-06-08T19:05:28.756+0000] {dagbag.py:541} INFO - Filling up the DagBag from /home/airflow/.local/lib/python3.7/site-packages/airflow/example_dags/example_subdag_operator.py
[2023-06-08T19:05:28.774+0000] {processor.py:836} INFO - DAG(s) dict_keys(['example_subdag_operator.section-1', 'example_subdag_operator.section-2', 'example_subdag_operator']) retrieved from /home/airflow/.local/lib/python3.7/site-packages/airflow/example_dags/example_subdag_operator.py
[2023-06-08T19:05:28.785+0000] {logging_mixin.py:149} INFO - [2023-06-08T19:05:28.785+0000] {dag.py:2726} INFO - Sync 3 DAGs
[2023-06-08T19:05:28.802+0000] {logging_mixin.py:149} INFO - [2023-06-08T19:05:28.802+0000] {dag.py:3490} INFO - Setting next_dagrun for example_subdag_operator to 2022-01-01T00:00:00+00:00, run_after=2022-01-01T00:00:00+00:00
[2023-06-08T19:05:28.804+0000] {logging_mixin.py:149} INFO - [2023-06-08T19:05:28.804+0000] {dag.py:3490} INFO - Setting next_dagrun for example_subdag_operator.section-1 to None, run_after=None
[2023-06-08T19:05:28.805+0000] {logging_mixin.py:149} INFO - [2023-06-08T19:05:28.805+0000] {dag.py:3490} INFO - Setting next_dagrun for example_subdag_operator.section-2 to None, run_after=None
[2023-06-08T19:05:28.810+0000] {logging_mixin.py:149} INFO - [2023-06-08T19:05:28.810+0000] {dag.py:2726} INFO - Sync 2 DAGs
[2023-06-08T19:05:28.814+0000] {logging_mixin.py:149} INFO - [2023-06-08T19:05:28.814+0000] {dag.py:3490} INFO - Setting next_dagrun for example_subdag_operator.section-1 to None, run_after=None
[2023-06-08T19:05:28.814+0000] {logging_mixin.py:149} INFO - [2023-06-08T19:05:28.814+0000] {dag.py:3490} INFO - Setting next_dagrun for example_subdag_operator.section-2 to None, run_after=None
[2023-06-08T19:05:28.820+0000] {processor.py:179} INFO - Processing /home/airflow/.local/lib/python3.7/site-packages/airflow/example_dags/example_subdag_operator.py took 0.068 seconds
[2023-06-08T19:05:59.139+0000] {processor.py:157} INFO - Started process (PID=2507) to work on /home/airflow/.local/lib/python3.7/site-packages/airflow/example_dags/example_subdag_operator.py
[2023-06-08T19:05:59.140+0000] {processor.py:826} INFO - Processing file /home/airflow/.local/lib/python3.7/site-packages/airflow/example_dags/example_subdag_operator.py for tasks to queue
[2023-06-08T19:05:59.140+0000] {logging_mixin.py:149} INFO - [2023-06-08T19:05:59.140+0000] {dagbag.py:541} INFO - Filling up the DagBag from /home/airflow/.local/lib/python3.7/site-packages/airflow/example_dags/example_subdag_operator.py
[2023-06-08T19:05:59.157+0000] {processor.py:836} INFO - DAG(s) dict_keys(['example_subdag_operator.section-1', 'example_subdag_operator.section-2', 'example_subdag_operator']) retrieved from /home/airflow/.local/lib/python3.7/site-packages/airflow/example_dags/example_subdag_operator.py
[2023-06-08T19:05:59.168+0000] {logging_mixin.py:149} INFO - [2023-06-08T19:05:59.168+0000] {dag.py:2726} INFO - Sync 3 DAGs
[2023-06-08T19:05:59.183+0000] {logging_mixin.py:149} INFO - [2023-06-08T19:05:59.183+0000] {dag.py:3490} INFO - Setting next_dagrun for example_subdag_operator to 2022-01-01T00:00:00+00:00, run_after=2022-01-01T00:00:00+00:00
[2023-06-08T19:05:59.185+0000] {logging_mixin.py:149} INFO - [2023-06-08T19:05:59.185+0000] {dag.py:3490} INFO - Setting next_dagrun for example_subdag_operator.section-1 to None, run_after=None
[2023-06-08T19:05:59.186+0000] {logging_mixin.py:149} INFO - [2023-06-08T19:05:59.186+0000] {dag.py:3490} INFO - Setting next_dagrun for example_subdag_operator.section-2 to None, run_after=None
[2023-06-08T19:05:59.190+0000] {logging_mixin.py:149} INFO - [2023-06-08T19:05:59.190+0000] {dag.py:2726} INFO - Sync 2 DAGs
[2023-06-08T19:05:59.194+0000] {logging_mixin.py:149} INFO - [2023-06-08T19:05:59.194+0000] {dag.py:3490} INFO - Setting next_dagrun for example_subdag_operator.section-1 to None, run_after=None
[2023-06-08T19:05:59.194+0000] {logging_mixin.py:149} INFO - [2023-06-08T19:05:59.194+0000] {dag.py:3490} INFO - Setting next_dagrun for example_subdag_operator.section-2 to None, run_after=None
[2023-06-08T19:05:59.199+0000] {processor.py:179} INFO - Processing /home/airflow/.local/lib/python3.7/site-packages/airflow/example_dags/example_subdag_operator.py took 0.063 seconds
[2023-06-08T19:06:29.422+0000] {processor.py:157} INFO - Started process (PID=2744) to work on /home/airflow/.local/lib/python3.7/site-packages/airflow/example_dags/example_subdag_operator.py
[2023-06-08T19:06:29.423+0000] {processor.py:826} INFO - Processing file /home/airflow/.local/lib/python3.7/site-packages/airflow/example_dags/example_subdag_operator.py for tasks to queue
[2023-06-08T19:06:29.424+0000] {logging_mixin.py:149} INFO - [2023-06-08T19:06:29.424+0000] {dagbag.py:541} INFO - Filling up the DagBag from /home/airflow/.local/lib/python3.7/site-packages/airflow/example_dags/example_subdag_operator.py
[2023-06-08T19:06:29.441+0000] {processor.py:836} INFO - DAG(s) dict_keys(['example_subdag_operator.section-1', 'example_subdag_operator.section-2', 'example_subdag_operator']) retrieved from /home/airflow/.local/lib/python3.7/site-packages/airflow/example_dags/example_subdag_operator.py
[2023-06-08T19:06:29.451+0000] {logging_mixin.py:149} INFO - [2023-06-08T19:06:29.451+0000] {dag.py:2726} INFO - Sync 3 DAGs
[2023-06-08T19:06:29.466+0000] {logging_mixin.py:149} INFO - [2023-06-08T19:06:29.466+0000] {dag.py:3490} INFO - Setting next_dagrun for example_subdag_operator to 2022-01-01T00:00:00+00:00, run_after=2022-01-01T00:00:00+00:00
[2023-06-08T19:06:29.468+0000] {logging_mixin.py:149} INFO - [2023-06-08T19:06:29.468+0000] {dag.py:3490} INFO - Setting next_dagrun for example_subdag_operator.section-1 to None, run_after=None
[2023-06-08T19:06:29.469+0000] {logging_mixin.py:149} INFO - [2023-06-08T19:06:29.469+0000] {dag.py:3490} INFO - Setting next_dagrun for example_subdag_operator.section-2 to None, run_after=None
[2023-06-08T19:06:29.473+0000] {logging_mixin.py:149} INFO - [2023-06-08T19:06:29.473+0000] {dag.py:2726} INFO - Sync 2 DAGs
[2023-06-08T19:06:29.476+0000] {logging_mixin.py:149} INFO - [2023-06-08T19:06:29.476+0000] {dag.py:3490} INFO - Setting next_dagrun for example_subdag_operator.section-1 to None, run_after=None
[2023-06-08T19:06:29.477+0000] {logging_mixin.py:149} INFO - [2023-06-08T19:06:29.477+0000] {dag.py:3490} INFO - Setting next_dagrun for example_subdag_operator.section-2 to None, run_after=None
[2023-06-08T19:06:29.483+0000] {processor.py:179} INFO - Processing /home/airflow/.local/lib/python3.7/site-packages/airflow/example_dags/example_subdag_operator.py took 0.063 seconds
[2023-06-08T19:06:59.756+0000] {processor.py:157} INFO - Started process (PID=2981) to work on /home/airflow/.local/lib/python3.7/site-packages/airflow/example_dags/example_subdag_operator.py
[2023-06-08T19:06:59.757+0000] {processor.py:826} INFO - Processing file /home/airflow/.local/lib/python3.7/site-packages/airflow/example_dags/example_subdag_operator.py for tasks to queue
[2023-06-08T19:06:59.758+0000] {logging_mixin.py:149} INFO - [2023-06-08T19:06:59.758+0000] {dagbag.py:541} INFO - Filling up the DagBag from /home/airflow/.local/lib/python3.7/site-packages/airflow/example_dags/example_subdag_operator.py
[2023-06-08T19:06:59.776+0000] {processor.py:836} INFO - DAG(s) dict_keys(['example_subdag_operator.section-1', 'example_subdag_operator.section-2', 'example_subdag_operator']) retrieved from /home/airflow/.local/lib/python3.7/site-packages/airflow/example_dags/example_subdag_operator.py
[2023-06-08T19:06:59.786+0000] {logging_mixin.py:149} INFO - [2023-06-08T19:06:59.786+0000] {dag.py:2726} INFO - Sync 3 DAGs
[2023-06-08T19:06:59.801+0000] {logging_mixin.py:149} INFO - [2023-06-08T19:06:59.801+0000] {dag.py:3490} INFO - Setting next_dagrun for example_subdag_operator to 2022-01-01T00:00:00+00:00, run_after=2022-01-01T00:00:00+00:00
[2023-06-08T19:06:59.804+0000] {logging_mixin.py:149} INFO - [2023-06-08T19:06:59.804+0000] {dag.py:3490} INFO - Setting next_dagrun for example_subdag_operator.section-1 to None, run_after=None
[2023-06-08T19:06:59.805+0000] {logging_mixin.py:149} INFO - [2023-06-08T19:06:59.805+0000] {dag.py:3490} INFO - Setting next_dagrun for example_subdag_operator.section-2 to None, run_after=None
[2023-06-08T19:06:59.809+0000] {logging_mixin.py:149} INFO - [2023-06-08T19:06:59.809+0000] {dag.py:2726} INFO - Sync 2 DAGs
[2023-06-08T19:06:59.812+0000] {logging_mixin.py:149} INFO - [2023-06-08T19:06:59.812+0000] {dag.py:3490} INFO - Setting next_dagrun for example_subdag_operator.section-1 to None, run_after=None
[2023-06-08T19:06:59.812+0000] {logging_mixin.py:149} INFO - [2023-06-08T19:06:59.812+0000] {dag.py:3490} INFO - Setting next_dagrun for example_subdag_operator.section-2 to None, run_after=None
[2023-06-08T19:06:59.817+0000] {processor.py:179} INFO - Processing /home/airflow/.local/lib/python3.7/site-packages/airflow/example_dags/example_subdag_operator.py took 0.064 seconds
[2023-06-08T19:07:30.073+0000] {processor.py:157} INFO - Started process (PID=3218) to work on /home/airflow/.local/lib/python3.7/site-packages/airflow/example_dags/example_subdag_operator.py
[2023-06-08T19:07:30.074+0000] {processor.py:826} INFO - Processing file /home/airflow/.local/lib/python3.7/site-packages/airflow/example_dags/example_subdag_operator.py for tasks to queue
[2023-06-08T19:07:30.074+0000] {logging_mixin.py:149} INFO - [2023-06-08T19:07:30.074+0000] {dagbag.py:541} INFO - Filling up the DagBag from /home/airflow/.local/lib/python3.7/site-packages/airflow/example_dags/example_subdag_operator.py
[2023-06-08T19:07:30.091+0000] {processor.py:836} INFO - DAG(s) dict_keys(['example_subdag_operator.section-1', 'example_subdag_operator.section-2', 'example_subdag_operator']) retrieved from /home/airflow/.local/lib/python3.7/site-packages/airflow/example_dags/example_subdag_operator.py
[2023-06-08T19:07:30.102+0000] {logging_mixin.py:149} INFO - [2023-06-08T19:07:30.102+0000] {dag.py:2726} INFO - Sync 3 DAGs
[2023-06-08T19:07:30.117+0000] {logging_mixin.py:149} INFO - [2023-06-08T19:07:30.116+0000] {dag.py:3490} INFO - Setting next_dagrun for example_subdag_operator to 2022-01-01T00:00:00+00:00, run_after=2022-01-01T00:00:00+00:00
[2023-06-08T19:07:30.119+0000] {logging_mixin.py:149} INFO - [2023-06-08T19:07:30.119+0000] {dag.py:3490} INFO - Setting next_dagrun for example_subdag_operator.section-1 to None, run_after=None
[2023-06-08T19:07:30.120+0000] {logging_mixin.py:149} INFO - [2023-06-08T19:07:30.120+0000] {dag.py:3490} INFO - Setting next_dagrun for example_subdag_operator.section-2 to None, run_after=None
[2023-06-08T19:07:30.125+0000] {logging_mixin.py:149} INFO - [2023-06-08T19:07:30.124+0000] {dag.py:2726} INFO - Sync 2 DAGs
[2023-06-08T19:07:30.128+0000] {logging_mixin.py:149} INFO - [2023-06-08T19:07:30.128+0000] {dag.py:3490} INFO - Setting next_dagrun for example_subdag_operator.section-1 to None, run_after=None
[2023-06-08T19:07:30.128+0000] {logging_mixin.py:149} INFO - [2023-06-08T19:07:30.128+0000] {dag.py:3490} INFO - Setting next_dagrun for example_subdag_operator.section-2 to None, run_after=None
[2023-06-08T19:07:30.134+0000] {processor.py:179} INFO - Processing /home/airflow/.local/lib/python3.7/site-packages/airflow/example_dags/example_subdag_operator.py took 0.064 seconds
[2023-06-08T19:08:00.301+0000] {processor.py:157} INFO - Started process (PID=3455) to work on /home/airflow/.local/lib/python3.7/site-packages/airflow/example_dags/example_subdag_operator.py
[2023-06-08T19:08:00.301+0000] {processor.py:826} INFO - Processing file /home/airflow/.local/lib/python3.7/site-packages/airflow/example_dags/example_subdag_operator.py for tasks to queue
[2023-06-08T19:08:00.302+0000] {logging_mixin.py:149} INFO - [2023-06-08T19:08:00.302+0000] {dagbag.py:541} INFO - Filling up the DagBag from /home/airflow/.local/lib/python3.7/site-packages/airflow/example_dags/example_subdag_operator.py
[2023-06-08T19:08:00.319+0000] {processor.py:836} INFO - DAG(s) dict_keys(['example_subdag_operator.section-1', 'example_subdag_operator.section-2', 'example_subdag_operator']) retrieved from /home/airflow/.local/lib/python3.7/site-packages/airflow/example_dags/example_subdag_operator.py
[2023-06-08T19:08:00.330+0000] {logging_mixin.py:149} INFO - [2023-06-08T19:08:00.330+0000] {dag.py:2726} INFO - Sync 3 DAGs
[2023-06-08T19:08:00.344+0000] {logging_mixin.py:149} INFO - [2023-06-08T19:08:00.344+0000] {dag.py:3490} INFO - Setting next_dagrun for example_subdag_operator to 2022-01-01T00:00:00+00:00, run_after=2022-01-01T00:00:00+00:00
[2023-06-08T19:08:00.346+0000] {logging_mixin.py:149} INFO - [2023-06-08T19:08:00.346+0000] {dag.py:3490} INFO - Setting next_dagrun for example_subdag_operator.section-1 to None, run_after=None
[2023-06-08T19:08:00.347+0000] {logging_mixin.py:149} INFO - [2023-06-08T19:08:00.347+0000] {dag.py:3490} INFO - Setting next_dagrun for example_subdag_operator.section-2 to None, run_after=None
[2023-06-08T19:08:00.351+0000] {logging_mixin.py:149} INFO - [2023-06-08T19:08:00.351+0000] {dag.py:2726} INFO - Sync 2 DAGs
[2023-06-08T19:08:00.355+0000] {logging_mixin.py:149} INFO - [2023-06-08T19:08:00.355+0000] {dag.py:3490} INFO - Setting next_dagrun for example_subdag_operator.section-1 to None, run_after=None
[2023-06-08T19:08:00.355+0000] {logging_mixin.py:149} INFO - [2023-06-08T19:08:00.355+0000] {dag.py:3490} INFO - Setting next_dagrun for example_subdag_operator.section-2 to None, run_after=None
[2023-06-08T19:08:00.361+0000] {processor.py:179} INFO - Processing /home/airflow/.local/lib/python3.7/site-packages/airflow/example_dags/example_subdag_operator.py took 0.062 seconds
[2023-06-08T19:08:30.660+0000] {processor.py:157} INFO - Started process (PID=3692) to work on /home/airflow/.local/lib/python3.7/site-packages/airflow/example_dags/example_subdag_operator.py
[2023-06-08T19:08:30.661+0000] {processor.py:826} INFO - Processing file /home/airflow/.local/lib/python3.7/site-packages/airflow/example_dags/example_subdag_operator.py for tasks to queue
[2023-06-08T19:08:30.662+0000] {logging_mixin.py:149} INFO - [2023-06-08T19:08:30.662+0000] {dagbag.py:541} INFO - Filling up the DagBag from /home/airflow/.local/lib/python3.7/site-packages/airflow/example_dags/example_subdag_operator.py
[2023-06-08T19:08:30.679+0000] {processor.py:836} INFO - DAG(s) dict_keys(['example_subdag_operator.section-1', 'example_subdag_operator.section-2', 'example_subdag_operator']) retrieved from /home/airflow/.local/lib/python3.7/site-packages/airflow/example_dags/example_subdag_operator.py
[2023-06-08T19:08:30.690+0000] {logging_mixin.py:149} INFO - [2023-06-08T19:08:30.690+0000] {dag.py:2726} INFO - Sync 3 DAGs
[2023-06-08T19:08:30.704+0000] {logging_mixin.py:149} INFO - [2023-06-08T19:08:30.704+0000] {dag.py:3490} INFO - Setting next_dagrun for example_subdag_operator to 2022-01-01T00:00:00+00:00, run_after=2022-01-01T00:00:00+00:00
[2023-06-08T19:08:30.706+0000] {logging_mixin.py:149} INFO - [2023-06-08T19:08:30.706+0000] {dag.py:3490} INFO - Setting next_dagrun for example_subdag_operator.section-1 to None, run_after=None
[2023-06-08T19:08:30.707+0000] {logging_mixin.py:149} INFO - [2023-06-08T19:08:30.707+0000] {dag.py:3490} INFO - Setting next_dagrun for example_subdag_operator.section-2 to None, run_after=None
[2023-06-08T19:08:30.711+0000] {logging_mixin.py:149} INFO - [2023-06-08T19:08:30.711+0000] {dag.py:2726} INFO - Sync 2 DAGs
[2023-06-08T19:08:30.714+0000] {logging_mixin.py:149} INFO - [2023-06-08T19:08:30.714+0000] {dag.py:3490} INFO - Setting next_dagrun for example_subdag_operator.section-1 to None, run_after=None
[2023-06-08T19:08:30.715+0000] {logging_mixin.py:149} INFO - [2023-06-08T19:08:30.715+0000] {dag.py:3490} INFO - Setting next_dagrun for example_subdag_operator.section-2 to None, run_after=None
[2023-06-08T19:08:30.721+0000] {processor.py:179} INFO - Processing /home/airflow/.local/lib/python3.7/site-packages/airflow/example_dags/example_subdag_operator.py took 0.063 seconds
[2023-06-08T19:09:00.932+0000] {processor.py:157} INFO - Started process (PID=3929) to work on /home/airflow/.local/lib/python3.7/site-packages/airflow/example_dags/example_subdag_operator.py
[2023-06-08T19:09:00.933+0000] {processor.py:826} INFO - Processing file /home/airflow/.local/lib/python3.7/site-packages/airflow/example_dags/example_subdag_operator.py for tasks to queue
[2023-06-08T19:09:00.934+0000] {logging_mixin.py:149} INFO - [2023-06-08T19:09:00.934+0000] {dagbag.py:541} INFO - Filling up the DagBag from /home/airflow/.local/lib/python3.7/site-packages/airflow/example_dags/example_subdag_operator.py
[2023-06-08T19:09:00.950+0000] {processor.py:836} INFO - DAG(s) dict_keys(['example_subdag_operator.section-1', 'example_subdag_operator.section-2', 'example_subdag_operator']) retrieved from /home/airflow/.local/lib/python3.7/site-packages/airflow/example_dags/example_subdag_operator.py
[2023-06-08T19:09:00.960+0000] {logging_mixin.py:149} INFO - [2023-06-08T19:09:00.960+0000] {dag.py:2726} INFO - Sync 3 DAGs
[2023-06-08T19:09:00.974+0000] {logging_mixin.py:149} INFO - [2023-06-08T19:09:00.974+0000] {dag.py:3490} INFO - Setting next_dagrun for example_subdag_operator to 2022-01-01T00:00:00+00:00, run_after=2022-01-01T00:00:00+00:00
[2023-06-08T19:09:00.976+0000] {logging_mixin.py:149} INFO - [2023-06-08T19:09:00.976+0000] {dag.py:3490} INFO - Setting next_dagrun for example_subdag_operator.section-1 to None, run_after=None
[2023-06-08T19:09:00.977+0000] {logging_mixin.py:149} INFO - [2023-06-08T19:09:00.977+0000] {dag.py:3490} INFO - Setting next_dagrun for example_subdag_operator.section-2 to None, run_after=None
[2023-06-08T19:09:00.983+0000] {logging_mixin.py:149} INFO - [2023-06-08T19:09:00.982+0000] {dag.py:2726} INFO - Sync 2 DAGs
[2023-06-08T19:09:00.986+0000] {logging_mixin.py:149} INFO - [2023-06-08T19:09:00.986+0000] {dag.py:3490} INFO - Setting next_dagrun for example_subdag_operator.section-1 to None, run_after=None
[2023-06-08T19:09:00.986+0000] {logging_mixin.py:149} INFO - [2023-06-08T19:09:00.986+0000] {dag.py:3490} INFO - Setting next_dagrun for example_subdag_operator.section-2 to None, run_after=None
[2023-06-08T19:09:00.992+0000] {processor.py:179} INFO - Processing /home/airflow/.local/lib/python3.7/site-packages/airflow/example_dags/example_subdag_operator.py took 0.063 seconds
[2023-06-08T19:09:31.116+0000] {processor.py:157} INFO - Started process (PID=4166) to work on /home/airflow/.local/lib/python3.7/site-packages/airflow/example_dags/example_subdag_operator.py
[2023-06-08T19:09:31.117+0000] {processor.py:826} INFO - Processing file /home/airflow/.local/lib/python3.7/site-packages/airflow/example_dags/example_subdag_operator.py for tasks to queue
[2023-06-08T19:09:31.117+0000] {logging_mixin.py:149} INFO - [2023-06-08T19:09:31.117+0000] {dagbag.py:541} INFO - Filling up the DagBag from /home/airflow/.local/lib/python3.7/site-packages/airflow/example_dags/example_subdag_operator.py
[2023-06-08T19:09:31.135+0000] {processor.py:836} INFO - DAG(s) dict_keys(['example_subdag_operator.section-1', 'example_subdag_operator.section-2', 'example_subdag_operator']) retrieved from /home/airflow/.local/lib/python3.7/site-packages/airflow/example_dags/example_subdag_operator.py
[2023-06-08T19:09:31.146+0000] {logging_mixin.py:149} INFO - [2023-06-08T19:09:31.146+0000] {dag.py:2726} INFO - Sync 3 DAGs
[2023-06-08T19:09:31.160+0000] {logging_mixin.py:149} INFO - [2023-06-08T19:09:31.160+0000] {dag.py:3490} INFO - Setting next_dagrun for example_subdag_operator to 2022-01-01T00:00:00+00:00, run_after=2022-01-01T00:00:00+00:00
[2023-06-08T19:09:31.162+0000] {logging_mixin.py:149} INFO - [2023-06-08T19:09:31.162+0000] {dag.py:3490} INFO - Setting next_dagrun for example_subdag_operator.section-1 to None, run_after=None
[2023-06-08T19:09:31.163+0000] {logging_mixin.py:149} INFO - [2023-06-08T19:09:31.163+0000] {dag.py:3490} INFO - Setting next_dagrun for example_subdag_operator.section-2 to None, run_after=None
[2023-06-08T19:09:31.167+0000] {logging_mixin.py:149} INFO - [2023-06-08T19:09:31.167+0000] {dag.py:2726} INFO - Sync 2 DAGs
[2023-06-08T19:09:31.170+0000] {logging_mixin.py:149} INFO - [2023-06-08T19:09:31.170+0000] {dag.py:3490} INFO - Setting next_dagrun for example_subdag_operator.section-1 to None, run_after=None
[2023-06-08T19:09:31.171+0000] {logging_mixin.py:149} INFO - [2023-06-08T19:09:31.171+0000] {dag.py:3490} INFO - Setting next_dagrun for example_subdag_operator.section-2 to None, run_after=None
[2023-06-08T19:09:31.177+0000] {processor.py:179} INFO - Processing /home/airflow/.local/lib/python3.7/site-packages/airflow/example_dags/example_subdag_operator.py took 0.064 seconds
[2023-06-08T19:10:01.420+0000] {processor.py:157} INFO - Started process (PID=4403) to work on /home/airflow/.local/lib/python3.7/site-packages/airflow/example_dags/example_subdag_operator.py
[2023-06-08T19:10:01.421+0000] {processor.py:826} INFO - Processing file /home/airflow/.local/lib/python3.7/site-packages/airflow/example_dags/example_subdag_operator.py for tasks to queue
[2023-06-08T19:10:01.422+0000] {logging_mixin.py:149} INFO - [2023-06-08T19:10:01.422+0000] {dagbag.py:541} INFO - Filling up the DagBag from /home/airflow/.local/lib/python3.7/site-packages/airflow/example_dags/example_subdag_operator.py
[2023-06-08T19:10:01.440+0000] {processor.py:836} INFO - DAG(s) dict_keys(['example_subdag_operator.section-1', 'example_subdag_operator.section-2', 'example_subdag_operator']) retrieved from /home/airflow/.local/lib/python3.7/site-packages/airflow/example_dags/example_subdag_operator.py
[2023-06-08T19:10:01.451+0000] {logging_mixin.py:149} INFO - [2023-06-08T19:10:01.451+0000] {dag.py:2726} INFO - Sync 3 DAGs
[2023-06-08T19:10:01.465+0000] {logging_mixin.py:149} INFO - [2023-06-08T19:10:01.465+0000] {dag.py:3490} INFO - Setting next_dagrun for example_subdag_operator to 2022-01-01T00:00:00+00:00, run_after=2022-01-01T00:00:00+00:00
[2023-06-08T19:10:01.468+0000] {logging_mixin.py:149} INFO - [2023-06-08T19:10:01.468+0000] {dag.py:3490} INFO - Setting next_dagrun for example_subdag_operator.section-1 to None, run_after=None
[2023-06-08T19:10:01.469+0000] {logging_mixin.py:149} INFO - [2023-06-08T19:10:01.468+0000] {dag.py:3490} INFO - Setting next_dagrun for example_subdag_operator.section-2 to None, run_after=None
[2023-06-08T19:10:01.473+0000] {logging_mixin.py:149} INFO - [2023-06-08T19:10:01.473+0000] {dag.py:2726} INFO - Sync 2 DAGs
[2023-06-08T19:10:01.477+0000] {logging_mixin.py:149} INFO - [2023-06-08T19:10:01.476+0000] {dag.py:3490} INFO - Setting next_dagrun for example_subdag_operator.section-1 to None, run_after=None
[2023-06-08T19:10:01.477+0000] {logging_mixin.py:149} INFO - [2023-06-08T19:10:01.477+0000] {dag.py:3490} INFO - Setting next_dagrun for example_subdag_operator.section-2 to None, run_after=None
[2023-06-08T19:10:01.482+0000] {processor.py:179} INFO - Processing /home/airflow/.local/lib/python3.7/site-packages/airflow/example_dags/example_subdag_operator.py took 0.065 seconds
[2023-06-08T19:10:31.662+0000] {processor.py:157} INFO - Started process (PID=4640) to work on /home/airflow/.local/lib/python3.7/site-packages/airflow/example_dags/example_subdag_operator.py
[2023-06-08T19:10:31.663+0000] {processor.py:826} INFO - Processing file /home/airflow/.local/lib/python3.7/site-packages/airflow/example_dags/example_subdag_operator.py for tasks to queue
[2023-06-08T19:10:31.664+0000] {logging_mixin.py:149} INFO - [2023-06-08T19:10:31.664+0000] {dagbag.py:541} INFO - Filling up the DagBag from /home/airflow/.local/lib/python3.7/site-packages/airflow/example_dags/example_subdag_operator.py
[2023-06-08T19:10:31.682+0000] {processor.py:836} INFO - DAG(s) dict_keys(['example_subdag_operator.section-1', 'example_subdag_operator.section-2', 'example_subdag_operator']) retrieved from /home/airflow/.local/lib/python3.7/site-packages/airflow/example_dags/example_subdag_operator.py
[2023-06-08T19:10:31.693+0000] {logging_mixin.py:149} INFO - [2023-06-08T19:10:31.693+0000] {dag.py:2726} INFO - Sync 3 DAGs
[2023-06-08T19:10:31.707+0000] {logging_mixin.py:149} INFO - [2023-06-08T19:10:31.707+0000] {dag.py:3490} INFO - Setting next_dagrun for example_subdag_operator to 2022-01-01T00:00:00+00:00, run_after=2022-01-01T00:00:00+00:00
[2023-06-08T19:10:31.709+0000] {logging_mixin.py:149} INFO - [2023-06-08T19:10:31.709+0000] {dag.py:3490} INFO - Setting next_dagrun for example_subdag_operator.section-1 to None, run_after=None
[2023-06-08T19:10:31.710+0000] {logging_mixin.py:149} INFO - [2023-06-08T19:10:31.710+0000] {dag.py:3490} INFO - Setting next_dagrun for example_subdag_operator.section-2 to None, run_after=None
[2023-06-08T19:10:31.714+0000] {logging_mixin.py:149} INFO - [2023-06-08T19:10:31.714+0000] {dag.py:2726} INFO - Sync 2 DAGs
[2023-06-08T19:10:31.717+0000] {logging_mixin.py:149} INFO - [2023-06-08T19:10:31.717+0000] {dag.py:3490} INFO - Setting next_dagrun for example_subdag_operator.section-1 to None, run_after=None
[2023-06-08T19:10:31.718+0000] {logging_mixin.py:149} INFO - [2023-06-08T19:10:31.718+0000] {dag.py:3490} INFO - Setting next_dagrun for example_subdag_operator.section-2 to None, run_after=None
[2023-06-08T19:10:31.723+0000] {processor.py:179} INFO - Processing /home/airflow/.local/lib/python3.7/site-packages/airflow/example_dags/example_subdag_operator.py took 0.063 seconds
[2023-06-08T19:11:01.990+0000] {processor.py:157} INFO - Started process (PID=4877) to work on /home/airflow/.local/lib/python3.7/site-packages/airflow/example_dags/example_subdag_operator.py
[2023-06-08T19:11:01.991+0000] {processor.py:826} INFO - Processing file /home/airflow/.local/lib/python3.7/site-packages/airflow/example_dags/example_subdag_operator.py for tasks to queue
[2023-06-08T19:11:01.992+0000] {logging_mixin.py:149} INFO - [2023-06-08T19:11:01.992+0000] {dagbag.py:541} INFO - Filling up the DagBag from /home/airflow/.local/lib/python3.7/site-packages/airflow/example_dags/example_subdag_operator.py
[2023-06-08T19:11:02.010+0000] {processor.py:836} INFO - DAG(s) dict_keys(['example_subdag_operator.section-1', 'example_subdag_operator.section-2', 'example_subdag_operator']) retrieved from /home/airflow/.local/lib/python3.7/site-packages/airflow/example_dags/example_subdag_operator.py
[2023-06-08T19:11:02.021+0000] {logging_mixin.py:149} INFO - [2023-06-08T19:11:02.021+0000] {dag.py:2726} INFO - Sync 3 DAGs
[2023-06-08T19:11:02.034+0000] {logging_mixin.py:149} INFO - [2023-06-08T19:11:02.034+0000] {dag.py:3490} INFO - Setting next_dagrun for example_subdag_operator to 2022-01-01T00:00:00+00:00, run_after=2022-01-01T00:00:00+00:00
[2023-06-08T19:11:02.037+0000] {logging_mixin.py:149} INFO - [2023-06-08T19:11:02.036+0000] {dag.py:3490} INFO - Setting next_dagrun for example_subdag_operator.section-1 to None, run_after=None
[2023-06-08T19:11:02.037+0000] {logging_mixin.py:149} INFO - [2023-06-08T19:11:02.037+0000] {dag.py:3490} INFO - Setting next_dagrun for example_subdag_operator.section-2 to None, run_after=None
[2023-06-08T19:11:02.043+0000] {logging_mixin.py:149} INFO - [2023-06-08T19:11:02.043+0000] {dag.py:2726} INFO - Sync 2 DAGs
[2023-06-08T19:11:02.046+0000] {logging_mixin.py:149} INFO - [2023-06-08T19:11:02.046+0000] {dag.py:3490} INFO - Setting next_dagrun for example_subdag_operator.section-1 to None, run_after=None
[2023-06-08T19:11:02.047+0000] {logging_mixin.py:149} INFO - [2023-06-08T19:11:02.047+0000] {dag.py:3490} INFO - Setting next_dagrun for example_subdag_operator.section-2 to None, run_after=None
[2023-06-08T19:11:02.053+0000] {processor.py:179} INFO - Processing /home/airflow/.local/lib/python3.7/site-packages/airflow/example_dags/example_subdag_operator.py took 0.065 seconds
[2023-06-08T19:11:32.229+0000] {processor.py:157} INFO - Started process (PID=5114) to work on /home/airflow/.local/lib/python3.7/site-packages/airflow/example_dags/example_subdag_operator.py
[2023-06-08T19:11:32.230+0000] {processor.py:826} INFO - Processing file /home/airflow/.local/lib/python3.7/site-packages/airflow/example_dags/example_subdag_operator.py for tasks to queue
[2023-06-08T19:11:32.230+0000] {logging_mixin.py:149} INFO - [2023-06-08T19:11:32.230+0000] {dagbag.py:541} INFO - Filling up the DagBag from /home/airflow/.local/lib/python3.7/site-packages/airflow/example_dags/example_subdag_operator.py
[2023-06-08T19:11:32.248+0000] {processor.py:836} INFO - DAG(s) dict_keys(['example_subdag_operator.section-1', 'example_subdag_operator.section-2', 'example_subdag_operator']) retrieved from /home/airflow/.local/lib/python3.7/site-packages/airflow/example_dags/example_subdag_operator.py
[2023-06-08T19:11:32.259+0000] {logging_mixin.py:149} INFO - [2023-06-08T19:11:32.258+0000] {dag.py:2726} INFO - Sync 3 DAGs
[2023-06-08T19:11:32.273+0000] {logging_mixin.py:149} INFO - [2023-06-08T19:11:32.272+0000] {dag.py:3490} INFO - Setting next_dagrun for example_subdag_operator to 2022-01-01T00:00:00+00:00, run_after=2022-01-01T00:00:00+00:00
[2023-06-08T19:11:32.275+0000] {logging_mixin.py:149} INFO - [2023-06-08T19:11:32.275+0000] {dag.py:3490} INFO - Setting next_dagrun for example_subdag_operator.section-1 to None, run_after=None
[2023-06-08T19:11:32.276+0000] {logging_mixin.py:149} INFO - [2023-06-08T19:11:32.276+0000] {dag.py:3490} INFO - Setting next_dagrun for example_subdag_operator.section-2 to None, run_after=None
[2023-06-08T19:11:32.280+0000] {logging_mixin.py:149} INFO - [2023-06-08T19:11:32.280+0000] {dag.py:2726} INFO - Sync 2 DAGs
[2023-06-08T19:11:32.283+0000] {logging_mixin.py:149} INFO - [2023-06-08T19:11:32.283+0000] {dag.py:3490} INFO - Setting next_dagrun for example_subdag_operator.section-1 to None, run_after=None
[2023-06-08T19:11:32.283+0000] {logging_mixin.py:149} INFO - [2023-06-08T19:11:32.283+0000] {dag.py:3490} INFO - Setting next_dagrun for example_subdag_operator.section-2 to None, run_after=None
[2023-06-08T19:11:32.289+0000] {processor.py:179} INFO - Processing /home/airflow/.local/lib/python3.7/site-packages/airflow/example_dags/example_subdag_operator.py took 0.062 seconds
[2023-06-08T19:12:02.503+0000] {processor.py:157} INFO - Started process (PID=5351) to work on /home/airflow/.local/lib/python3.7/site-packages/airflow/example_dags/example_subdag_operator.py
[2023-06-08T19:12:02.504+0000] {processor.py:826} INFO - Processing file /home/airflow/.local/lib/python3.7/site-packages/airflow/example_dags/example_subdag_operator.py for tasks to queue
[2023-06-08T19:12:02.505+0000] {logging_mixin.py:149} INFO - [2023-06-08T19:12:02.505+0000] {dagbag.py:541} INFO - Filling up the DagBag from /home/airflow/.local/lib/python3.7/site-packages/airflow/example_dags/example_subdag_operator.py
[2023-06-08T19:12:02.522+0000] {processor.py:836} INFO - DAG(s) dict_keys(['example_subdag_operator.section-1', 'example_subdag_operator.section-2', 'example_subdag_operator']) retrieved from /home/airflow/.local/lib/python3.7/site-packages/airflow/example_dags/example_subdag_operator.py
[2023-06-08T19:12:02.533+0000] {logging_mixin.py:149} INFO - [2023-06-08T19:12:02.533+0000] {dag.py:2726} INFO - Sync 3 DAGs
[2023-06-08T19:12:02.548+0000] {logging_mixin.py:149} INFO - [2023-06-08T19:12:02.548+0000] {dag.py:3490} INFO - Setting next_dagrun for example_subdag_operator to 2022-01-01T00:00:00+00:00, run_after=2022-01-01T00:00:00+00:00
[2023-06-08T19:12:02.550+0000] {logging_mixin.py:149} INFO - [2023-06-08T19:12:02.550+0000] {dag.py:3490} INFO - Setting next_dagrun for example_subdag_operator.section-1 to None, run_after=None
[2023-06-08T19:12:02.551+0000] {logging_mixin.py:149} INFO - [2023-06-08T19:12:02.551+0000] {dag.py:3490} INFO - Setting next_dagrun for example_subdag_operator.section-2 to None, run_after=None
[2023-06-08T19:12:02.555+0000] {logging_mixin.py:149} INFO - [2023-06-08T19:12:02.555+0000] {dag.py:2726} INFO - Sync 2 DAGs
[2023-06-08T19:12:02.558+0000] {logging_mixin.py:149} INFO - [2023-06-08T19:12:02.558+0000] {dag.py:3490} INFO - Setting next_dagrun for example_subdag_operator.section-1 to None, run_after=None
[2023-06-08T19:12:02.559+0000] {logging_mixin.py:149} INFO - [2023-06-08T19:12:02.559+0000] {dag.py:3490} INFO - Setting next_dagrun for example_subdag_operator.section-2 to None, run_after=None
[2023-06-08T19:12:02.564+0000] {processor.py:179} INFO - Processing /home/airflow/.local/lib/python3.7/site-packages/airflow/example_dags/example_subdag_operator.py took 0.064 seconds
[2023-06-08T19:12:32.720+0000] {processor.py:157} INFO - Started process (PID=5589) to work on /home/airflow/.local/lib/python3.7/site-packages/airflow/example_dags/example_subdag_operator.py
[2023-06-08T19:12:32.721+0000] {processor.py:826} INFO - Processing file /home/airflow/.local/lib/python3.7/site-packages/airflow/example_dags/example_subdag_operator.py for tasks to queue
[2023-06-08T19:12:32.721+0000] {logging_mixin.py:149} INFO - [2023-06-08T19:12:32.721+0000] {dagbag.py:541} INFO - Filling up the DagBag from /home/airflow/.local/lib/python3.7/site-packages/airflow/example_dags/example_subdag_operator.py
[2023-06-08T19:12:32.739+0000] {processor.py:836} INFO - DAG(s) dict_keys(['example_subdag_operator.section-1', 'example_subdag_operator.section-2', 'example_subdag_operator']) retrieved from /home/airflow/.local/lib/python3.7/site-packages/airflow/example_dags/example_subdag_operator.py
[2023-06-08T19:12:32.750+0000] {logging_mixin.py:149} INFO - [2023-06-08T19:12:32.750+0000] {dag.py:2726} INFO - Sync 3 DAGs
[2023-06-08T19:12:32.764+0000] {logging_mixin.py:149} INFO - [2023-06-08T19:12:32.764+0000] {dag.py:3490} INFO - Setting next_dagrun for example_subdag_operator to 2022-01-01T00:00:00+00:00, run_after=2022-01-01T00:00:00+00:00
[2023-06-08T19:12:32.766+0000] {logging_mixin.py:149} INFO - [2023-06-08T19:12:32.766+0000] {dag.py:3490} INFO - Setting next_dagrun for example_subdag_operator.section-1 to None, run_after=None
[2023-06-08T19:12:32.767+0000] {logging_mixin.py:149} INFO - [2023-06-08T19:12:32.767+0000] {dag.py:3490} INFO - Setting next_dagrun for example_subdag_operator.section-2 to None, run_after=None
[2023-06-08T19:12:32.772+0000] {logging_mixin.py:149} INFO - [2023-06-08T19:12:32.772+0000] {dag.py:2726} INFO - Sync 2 DAGs
[2023-06-08T19:12:32.775+0000] {logging_mixin.py:149} INFO - [2023-06-08T19:12:32.775+0000] {dag.py:3490} INFO - Setting next_dagrun for example_subdag_operator.section-1 to None, run_after=None
[2023-06-08T19:12:32.776+0000] {logging_mixin.py:149} INFO - [2023-06-08T19:12:32.776+0000] {dag.py:3490} INFO - Setting next_dagrun for example_subdag_operator.section-2 to None, run_after=None
[2023-06-08T19:12:32.781+0000] {processor.py:179} INFO - Processing /home/airflow/.local/lib/python3.7/site-packages/airflow/example_dags/example_subdag_operator.py took 0.064 seconds
[2023-06-08T19:13:03.034+0000] {processor.py:157} INFO - Started process (PID=5826) to work on /home/airflow/.local/lib/python3.7/site-packages/airflow/example_dags/example_subdag_operator.py
[2023-06-08T19:13:03.035+0000] {processor.py:826} INFO - Processing file /home/airflow/.local/lib/python3.7/site-packages/airflow/example_dags/example_subdag_operator.py for tasks to queue
[2023-06-08T19:13:03.036+0000] {logging_mixin.py:149} INFO - [2023-06-08T19:13:03.035+0000] {dagbag.py:541} INFO - Filling up the DagBag from /home/airflow/.local/lib/python3.7/site-packages/airflow/example_dags/example_subdag_operator.py
[2023-06-08T19:13:03.053+0000] {processor.py:836} INFO - DAG(s) dict_keys(['example_subdag_operator.section-1', 'example_subdag_operator.section-2', 'example_subdag_operator']) retrieved from /home/airflow/.local/lib/python3.7/site-packages/airflow/example_dags/example_subdag_operator.py
[2023-06-08T19:13:03.064+0000] {logging_mixin.py:149} INFO - [2023-06-08T19:13:03.064+0000] {dag.py:2726} INFO - Sync 3 DAGs
[2023-06-08T19:13:03.077+0000] {logging_mixin.py:149} INFO - [2023-06-08T19:13:03.077+0000] {dag.py:3490} INFO - Setting next_dagrun for example_subdag_operator to 2022-01-01T00:00:00+00:00, run_after=2022-01-01T00:00:00+00:00
[2023-06-08T19:13:03.080+0000] {logging_mixin.py:149} INFO - [2023-06-08T19:13:03.080+0000] {dag.py:3490} INFO - Setting next_dagrun for example_subdag_operator.section-1 to None, run_after=None
[2023-06-08T19:13:03.081+0000] {logging_mixin.py:149} INFO - [2023-06-08T19:13:03.081+0000] {dag.py:3490} INFO - Setting next_dagrun for example_subdag_operator.section-2 to None, run_after=None
[2023-06-08T19:13:03.085+0000] {logging_mixin.py:149} INFO - [2023-06-08T19:13:03.085+0000] {dag.py:2726} INFO - Sync 2 DAGs
[2023-06-08T19:13:03.089+0000] {logging_mixin.py:149} INFO - [2023-06-08T19:13:03.088+0000] {dag.py:3490} INFO - Setting next_dagrun for example_subdag_operator.section-1 to None, run_after=None
[2023-06-08T19:13:03.089+0000] {logging_mixin.py:149} INFO - [2023-06-08T19:13:03.089+0000] {dag.py:3490} INFO - Setting next_dagrun for example_subdag_operator.section-2 to None, run_after=None
[2023-06-08T19:13:03.095+0000] {processor.py:179} INFO - Processing /home/airflow/.local/lib/python3.7/site-packages/airflow/example_dags/example_subdag_operator.py took 0.063 seconds
[2023-06-08T19:13:33.403+0000] {processor.py:157} INFO - Started process (PID=6063) to work on /home/airflow/.local/lib/python3.7/site-packages/airflow/example_dags/example_subdag_operator.py
[2023-06-08T19:13:33.404+0000] {processor.py:826} INFO - Processing file /home/airflow/.local/lib/python3.7/site-packages/airflow/example_dags/example_subdag_operator.py for tasks to queue
[2023-06-08T19:13:33.406+0000] {logging_mixin.py:149} INFO - [2023-06-08T19:13:33.406+0000] {dagbag.py:541} INFO - Filling up the DagBag from /home/airflow/.local/lib/python3.7/site-packages/airflow/example_dags/example_subdag_operator.py
[2023-06-08T19:13:33.424+0000] {processor.py:836} INFO - DAG(s) dict_keys(['example_subdag_operator.section-1', 'example_subdag_operator.section-2', 'example_subdag_operator']) retrieved from /home/airflow/.local/lib/python3.7/site-packages/airflow/example_dags/example_subdag_operator.py
[2023-06-08T19:13:33.434+0000] {logging_mixin.py:149} INFO - [2023-06-08T19:13:33.434+0000] {dag.py:2726} INFO - Sync 3 DAGs
[2023-06-08T19:13:33.449+0000] {logging_mixin.py:149} INFO - [2023-06-08T19:13:33.449+0000] {dag.py:3490} INFO - Setting next_dagrun for example_subdag_operator to 2022-01-01T00:00:00+00:00, run_after=2022-01-01T00:00:00+00:00
[2023-06-08T19:13:33.451+0000] {logging_mixin.py:149} INFO - [2023-06-08T19:13:33.451+0000] {dag.py:3490} INFO - Setting next_dagrun for example_subdag_operator.section-1 to None, run_after=None
[2023-06-08T19:13:33.452+0000] {logging_mixin.py:149} INFO - [2023-06-08T19:13:33.451+0000] {dag.py:3490} INFO - Setting next_dagrun for example_subdag_operator.section-2 to None, run_after=None
[2023-06-08T19:13:33.456+0000] {logging_mixin.py:149} INFO - [2023-06-08T19:13:33.456+0000] {dag.py:2726} INFO - Sync 2 DAGs
[2023-06-08T19:13:33.459+0000] {logging_mixin.py:149} INFO - [2023-06-08T19:13:33.459+0000] {dag.py:3490} INFO - Setting next_dagrun for example_subdag_operator.section-1 to None, run_after=None
[2023-06-08T19:13:33.460+0000] {logging_mixin.py:149} INFO - [2023-06-08T19:13:33.460+0000] {dag.py:3490} INFO - Setting next_dagrun for example_subdag_operator.section-2 to None, run_after=None
[2023-06-08T19:13:33.466+0000] {processor.py:179} INFO - Processing /home/airflow/.local/lib/python3.7/site-packages/airflow/example_dags/example_subdag_operator.py took 0.065 seconds
[2023-06-08T19:14:03.513+0000] {processor.py:157} INFO - Started process (PID=6300) to work on /home/airflow/.local/lib/python3.7/site-packages/airflow/example_dags/example_subdag_operator.py
[2023-06-08T19:14:03.514+0000] {processor.py:826} INFO - Processing file /home/airflow/.local/lib/python3.7/site-packages/airflow/example_dags/example_subdag_operator.py for tasks to queue
[2023-06-08T19:14:03.515+0000] {logging_mixin.py:149} INFO - [2023-06-08T19:14:03.515+0000] {dagbag.py:541} INFO - Filling up the DagBag from /home/airflow/.local/lib/python3.7/site-packages/airflow/example_dags/example_subdag_operator.py
[2023-06-08T19:14:03.533+0000] {processor.py:836} INFO - DAG(s) dict_keys(['example_subdag_operator.section-1', 'example_subdag_operator.section-2', 'example_subdag_operator']) retrieved from /home/airflow/.local/lib/python3.7/site-packages/airflow/example_dags/example_subdag_operator.py
[2023-06-08T19:14:03.543+0000] {logging_mixin.py:149} INFO - [2023-06-08T19:14:03.543+0000] {dag.py:2726} INFO - Sync 3 DAGs
[2023-06-08T19:14:03.557+0000] {logging_mixin.py:149} INFO - [2023-06-08T19:14:03.557+0000] {dag.py:3490} INFO - Setting next_dagrun for example_subdag_operator to 2022-01-01T00:00:00+00:00, run_after=2022-01-01T00:00:00+00:00
[2023-06-08T19:14:03.559+0000] {logging_mixin.py:149} INFO - [2023-06-08T19:14:03.559+0000] {dag.py:3490} INFO - Setting next_dagrun for example_subdag_operator.section-1 to None, run_after=None
[2023-06-08T19:14:03.560+0000] {logging_mixin.py:149} INFO - [2023-06-08T19:14:03.560+0000] {dag.py:3490} INFO - Setting next_dagrun for example_subdag_operator.section-2 to None, run_after=None
[2023-06-08T19:14:03.564+0000] {logging_mixin.py:149} INFO - [2023-06-08T19:14:03.564+0000] {dag.py:2726} INFO - Sync 2 DAGs
[2023-06-08T19:14:03.568+0000] {logging_mixin.py:149} INFO - [2023-06-08T19:14:03.567+0000] {dag.py:3490} INFO - Setting next_dagrun for example_subdag_operator.section-1 to None, run_after=None
[2023-06-08T19:14:03.568+0000] {logging_mixin.py:149} INFO - [2023-06-08T19:14:03.568+0000] {dag.py:3490} INFO - Setting next_dagrun for example_subdag_operator.section-2 to None, run_after=None
[2023-06-08T19:14:03.574+0000] {processor.py:179} INFO - Processing /home/airflow/.local/lib/python3.7/site-packages/airflow/example_dags/example_subdag_operator.py took 0.063 seconds
[2023-06-08T19:14:33.827+0000] {processor.py:157} INFO - Started process (PID=6538) to work on /home/airflow/.local/lib/python3.7/site-packages/airflow/example_dags/example_subdag_operator.py
[2023-06-08T19:14:33.828+0000] {processor.py:826} INFO - Processing file /home/airflow/.local/lib/python3.7/site-packages/airflow/example_dags/example_subdag_operator.py for tasks to queue
[2023-06-08T19:14:33.829+0000] {logging_mixin.py:149} INFO - [2023-06-08T19:14:33.829+0000] {dagbag.py:541} INFO - Filling up the DagBag from /home/airflow/.local/lib/python3.7/site-packages/airflow/example_dags/example_subdag_operator.py
[2023-06-08T19:14:33.852+0000] {processor.py:836} INFO - DAG(s) dict_keys(['example_subdag_operator.section-1', 'example_subdag_operator.section-2', 'example_subdag_operator']) retrieved from /home/airflow/.local/lib/python3.7/site-packages/airflow/example_dags/example_subdag_operator.py
[2023-06-08T19:14:33.864+0000] {logging_mixin.py:149} INFO - [2023-06-08T19:14:33.864+0000] {dag.py:2726} INFO - Sync 3 DAGs
[2023-06-08T19:14:33.878+0000] {logging_mixin.py:149} INFO - [2023-06-08T19:14:33.878+0000] {dag.py:3490} INFO - Setting next_dagrun for example_subdag_operator to 2022-01-01T00:00:00+00:00, run_after=2022-01-01T00:00:00+00:00
[2023-06-08T19:14:33.880+0000] {logging_mixin.py:149} INFO - [2023-06-08T19:14:33.880+0000] {dag.py:3490} INFO - Setting next_dagrun for example_subdag_operator.section-1 to None, run_after=None
[2023-06-08T19:14:33.881+0000] {logging_mixin.py:149} INFO - [2023-06-08T19:14:33.881+0000] {dag.py:3490} INFO - Setting next_dagrun for example_subdag_operator.section-2 to None, run_after=None
[2023-06-08T19:14:33.885+0000] {logging_mixin.py:149} INFO - [2023-06-08T19:14:33.885+0000] {dag.py:2726} INFO - Sync 2 DAGs
[2023-06-08T19:14:33.889+0000] {logging_mixin.py:149} INFO - [2023-06-08T19:14:33.888+0000] {dag.py:3490} INFO - Setting next_dagrun for example_subdag_operator.section-1 to None, run_after=None
[2023-06-08T19:14:33.889+0000] {logging_mixin.py:149} INFO - [2023-06-08T19:14:33.889+0000] {dag.py:3490} INFO - Setting next_dagrun for example_subdag_operator.section-2 to None, run_after=None
[2023-06-08T19:14:33.895+0000] {processor.py:179} INFO - Processing /home/airflow/.local/lib/python3.7/site-packages/airflow/example_dags/example_subdag_operator.py took 0.071 seconds
[2023-06-08T19:15:03.963+0000] {processor.py:157} INFO - Started process (PID=6775) to work on /home/airflow/.local/lib/python3.7/site-packages/airflow/example_dags/example_subdag_operator.py
[2023-06-08T19:15:03.964+0000] {processor.py:826} INFO - Processing file /home/airflow/.local/lib/python3.7/site-packages/airflow/example_dags/example_subdag_operator.py for tasks to queue
[2023-06-08T19:15:03.965+0000] {logging_mixin.py:149} INFO - [2023-06-08T19:15:03.965+0000] {dagbag.py:541} INFO - Filling up the DagBag from /home/airflow/.local/lib/python3.7/site-packages/airflow/example_dags/example_subdag_operator.py
[2023-06-08T19:15:03.982+0000] {processor.py:836} INFO - DAG(s) dict_keys(['example_subdag_operator.section-1', 'example_subdag_operator.section-2', 'example_subdag_operator']) retrieved from /home/airflow/.local/lib/python3.7/site-packages/airflow/example_dags/example_subdag_operator.py
[2023-06-08T19:15:03.993+0000] {logging_mixin.py:149} INFO - [2023-06-08T19:15:03.993+0000] {dag.py:2726} INFO - Sync 3 DAGs
[2023-06-08T19:15:04.007+0000] {logging_mixin.py:149} INFO - [2023-06-08T19:15:04.007+0000] {dag.py:3490} INFO - Setting next_dagrun for example_subdag_operator to 2022-01-01T00:00:00+00:00, run_after=2022-01-01T00:00:00+00:00
[2023-06-08T19:15:04.009+0000] {logging_mixin.py:149} INFO - [2023-06-08T19:15:04.009+0000] {dag.py:3490} INFO - Setting next_dagrun for example_subdag_operator.section-1 to None, run_after=None
[2023-06-08T19:15:04.010+0000] {logging_mixin.py:149} INFO - [2023-06-08T19:15:04.010+0000] {dag.py:3490} INFO - Setting next_dagrun for example_subdag_operator.section-2 to None, run_after=None
[2023-06-08T19:15:04.014+0000] {logging_mixin.py:149} INFO - [2023-06-08T19:15:04.014+0000] {dag.py:2726} INFO - Sync 2 DAGs
[2023-06-08T19:15:04.017+0000] {logging_mixin.py:149} INFO - [2023-06-08T19:15:04.017+0000] {dag.py:3490} INFO - Setting next_dagrun for example_subdag_operator.section-1 to None, run_after=None
[2023-06-08T19:15:04.018+0000] {logging_mixin.py:149} INFO - [2023-06-08T19:15:04.018+0000] {dag.py:3490} INFO - Setting next_dagrun for example_subdag_operator.section-2 to None, run_after=None
[2023-06-08T19:15:04.024+0000] {processor.py:179} INFO - Processing /home/airflow/.local/lib/python3.7/site-packages/airflow/example_dags/example_subdag_operator.py took 0.063 seconds
