[2023-06-08T19:01:24.896+0000] {processor.py:157} INFO - Started process (PID=247) to work on /home/airflow/.local/lib/python3.7/site-packages/airflow/example_dags/example_python_operator.py
[2023-06-08T19:01:24.897+0000] {processor.py:826} INFO - Processing file /home/airflow/.local/lib/python3.7/site-packages/airflow/example_dags/example_python_operator.py for tasks to queue
[2023-06-08T19:01:24.898+0000] {logging_mixin.py:149} INFO - [2023-06-08T19:01:24.898+0000] {dagbag.py:541} INFO - Filling up the DagBag from /home/airflow/.local/lib/python3.7/site-packages/airflow/example_dags/example_python_operator.py
[2023-06-08T19:01:24.904+0000] {logging_mixin.py:149} INFO - [2023-06-08T19:01:24.904+0000] {taskmixin.py:211} WARNING - Dependency <Task(_PythonDecoratedOperator): print_the_context>, log_sql_query already registered for DAG: example_python_operator
[2023-06-08T19:01:24.904+0000] {logging_mixin.py:149} INFO - [2023-06-08T19:01:24.904+0000] {taskmixin.py:211} WARNING - Dependency <Task(_PythonDecoratedOperator): log_sql_query>, print_the_context already registered for DAG: example_python_operator
[2023-06-08T19:01:24.905+0000] {logging_mixin.py:149} INFO - [2023-06-08T19:01:24.905+0000] {taskmixin.py:211} WARNING - Dependency <Task(_PythonDecoratedOperator): print_the_context>, log_sql_query already registered for DAG: example_python_operator
[2023-06-08T19:01:24.905+0000] {logging_mixin.py:149} INFO - [2023-06-08T19:01:24.905+0000] {taskmixin.py:211} WARNING - Dependency <Task(_PythonDecoratedOperator): log_sql_query>, print_the_context already registered for DAG: example_python_operator
[2023-06-08T19:01:24.906+0000] {logging_mixin.py:149} INFO - [2023-06-08T19:01:24.906+0000] {taskmixin.py:211} WARNING - Dependency <Task(_PythonDecoratedOperator): print_the_context>, log_sql_query already registered for DAG: example_python_operator
[2023-06-08T19:01:24.906+0000] {logging_mixin.py:149} INFO - [2023-06-08T19:01:24.906+0000] {taskmixin.py:211} WARNING - Dependency <Task(_PythonDecoratedOperator): log_sql_query>, print_the_context already registered for DAG: example_python_operator
[2023-06-08T19:01:24.907+0000] {logging_mixin.py:149} INFO - [2023-06-08T19:01:24.907+0000] {taskmixin.py:211} WARNING - Dependency <Task(_PythonDecoratedOperator): print_the_context>, log_sql_query already registered for DAG: example_python_operator
[2023-06-08T19:01:24.908+0000] {logging_mixin.py:149} INFO - [2023-06-08T19:01:24.908+0000] {taskmixin.py:211} WARNING - Dependency <Task(_PythonDecoratedOperator): log_sql_query>, print_the_context already registered for DAG: example_python_operator
[2023-06-08T19:01:24.911+0000] {processor.py:836} INFO - DAG(s) dict_keys(['example_python_operator']) retrieved from /home/airflow/.local/lib/python3.7/site-packages/airflow/example_dags/example_python_operator.py
[2023-06-08T19:01:24.920+0000] {logging_mixin.py:149} INFO - [2023-06-08T19:01:24.920+0000] {dag.py:2726} INFO - Sync 1 DAGs
[2023-06-08T19:01:24.935+0000] {logging_mixin.py:149} INFO - [2023-06-08T19:01:24.935+0000] {dag.py:3490} INFO - Setting next_dagrun for example_python_operator to None, run_after=None
[2023-06-08T19:01:24.945+0000] {processor.py:179} INFO - Processing /home/airflow/.local/lib/python3.7/site-packages/airflow/example_dags/example_python_operator.py took 0.052 seconds
[2023-06-08T19:01:56.221+0000] {processor.py:157} INFO - Started process (PID=484) to work on /home/airflow/.local/lib/python3.7/site-packages/airflow/example_dags/example_python_operator.py
[2023-06-08T19:01:56.222+0000] {processor.py:826} INFO - Processing file /home/airflow/.local/lib/python3.7/site-packages/airflow/example_dags/example_python_operator.py for tasks to queue
[2023-06-08T19:01:56.222+0000] {logging_mixin.py:149} INFO - [2023-06-08T19:01:56.222+0000] {dagbag.py:541} INFO - Filling up the DagBag from /home/airflow/.local/lib/python3.7/site-packages/airflow/example_dags/example_python_operator.py
[2023-06-08T19:01:56.228+0000] {logging_mixin.py:149} INFO - [2023-06-08T19:01:56.228+0000] {taskmixin.py:211} WARNING - Dependency <Task(_PythonDecoratedOperator): print_the_context>, log_sql_query already registered for DAG: example_python_operator
[2023-06-08T19:01:56.229+0000] {logging_mixin.py:149} INFO - [2023-06-08T19:01:56.229+0000] {taskmixin.py:211} WARNING - Dependency <Task(_PythonDecoratedOperator): log_sql_query>, print_the_context already registered for DAG: example_python_operator
[2023-06-08T19:01:56.229+0000] {logging_mixin.py:149} INFO - [2023-06-08T19:01:56.229+0000] {taskmixin.py:211} WARNING - Dependency <Task(_PythonDecoratedOperator): print_the_context>, log_sql_query already registered for DAG: example_python_operator
[2023-06-08T19:01:56.230+0000] {logging_mixin.py:149} INFO - [2023-06-08T19:01:56.230+0000] {taskmixin.py:211} WARNING - Dependency <Task(_PythonDecoratedOperator): log_sql_query>, print_the_context already registered for DAG: example_python_operator
[2023-06-08T19:01:56.230+0000] {logging_mixin.py:149} INFO - [2023-06-08T19:01:56.230+0000] {taskmixin.py:211} WARNING - Dependency <Task(_PythonDecoratedOperator): print_the_context>, log_sql_query already registered for DAG: example_python_operator
[2023-06-08T19:01:56.231+0000] {logging_mixin.py:149} INFO - [2023-06-08T19:01:56.231+0000] {taskmixin.py:211} WARNING - Dependency <Task(_PythonDecoratedOperator): log_sql_query>, print_the_context already registered for DAG: example_python_operator
[2023-06-08T19:01:56.231+0000] {logging_mixin.py:149} INFO - [2023-06-08T19:01:56.231+0000] {taskmixin.py:211} WARNING - Dependency <Task(_PythonDecoratedOperator): print_the_context>, log_sql_query already registered for DAG: example_python_operator
[2023-06-08T19:01:56.232+0000] {logging_mixin.py:149} INFO - [2023-06-08T19:01:56.232+0000] {taskmixin.py:211} WARNING - Dependency <Task(_PythonDecoratedOperator): log_sql_query>, print_the_context already registered for DAG: example_python_operator
[2023-06-08T19:01:56.233+0000] {processor.py:836} INFO - DAG(s) dict_keys(['example_python_operator']) retrieved from /home/airflow/.local/lib/python3.7/site-packages/airflow/example_dags/example_python_operator.py
[2023-06-08T19:01:56.349+0000] {logging_mixin.py:149} INFO - [2023-06-08T19:01:56.349+0000] {dag.py:2726} INFO - Sync 1 DAGs
[2023-06-08T19:01:56.361+0000] {logging_mixin.py:149} INFO - [2023-06-08T19:01:56.361+0000] {dag.py:3490} INFO - Setting next_dagrun for example_python_operator to None, run_after=None
[2023-06-08T19:01:56.371+0000] {processor.py:179} INFO - Processing /home/airflow/.local/lib/python3.7/site-packages/airflow/example_dags/example_python_operator.py took 0.153 seconds
[2023-06-08T19:02:27.104+0000] {processor.py:157} INFO - Started process (PID=721) to work on /home/airflow/.local/lib/python3.7/site-packages/airflow/example_dags/example_python_operator.py
[2023-06-08T19:02:27.105+0000] {processor.py:826} INFO - Processing file /home/airflow/.local/lib/python3.7/site-packages/airflow/example_dags/example_python_operator.py for tasks to queue
[2023-06-08T19:02:27.106+0000] {logging_mixin.py:149} INFO - [2023-06-08T19:02:27.106+0000] {dagbag.py:541} INFO - Filling up the DagBag from /home/airflow/.local/lib/python3.7/site-packages/airflow/example_dags/example_python_operator.py
[2023-06-08T19:02:27.110+0000] {logging_mixin.py:149} INFO - [2023-06-08T19:02:27.110+0000] {taskmixin.py:211} WARNING - Dependency <Task(_PythonDecoratedOperator): print_the_context>, log_sql_query already registered for DAG: example_python_operator
[2023-06-08T19:02:27.111+0000] {logging_mixin.py:149} INFO - [2023-06-08T19:02:27.111+0000] {taskmixin.py:211} WARNING - Dependency <Task(_PythonDecoratedOperator): log_sql_query>, print_the_context already registered for DAG: example_python_operator
[2023-06-08T19:02:27.111+0000] {logging_mixin.py:149} INFO - [2023-06-08T19:02:27.111+0000] {taskmixin.py:211} WARNING - Dependency <Task(_PythonDecoratedOperator): print_the_context>, log_sql_query already registered for DAG: example_python_operator
[2023-06-08T19:02:27.112+0000] {logging_mixin.py:149} INFO - [2023-06-08T19:02:27.112+0000] {taskmixin.py:211} WARNING - Dependency <Task(_PythonDecoratedOperator): log_sql_query>, print_the_context already registered for DAG: example_python_operator
[2023-06-08T19:02:27.113+0000] {logging_mixin.py:149} INFO - [2023-06-08T19:02:27.113+0000] {taskmixin.py:211} WARNING - Dependency <Task(_PythonDecoratedOperator): print_the_context>, log_sql_query already registered for DAG: example_python_operator
[2023-06-08T19:02:27.113+0000] {logging_mixin.py:149} INFO - [2023-06-08T19:02:27.113+0000] {taskmixin.py:211} WARNING - Dependency <Task(_PythonDecoratedOperator): log_sql_query>, print_the_context already registered for DAG: example_python_operator
[2023-06-08T19:02:27.114+0000] {logging_mixin.py:149} INFO - [2023-06-08T19:02:27.114+0000] {taskmixin.py:211} WARNING - Dependency <Task(_PythonDecoratedOperator): print_the_context>, log_sql_query already registered for DAG: example_python_operator
[2023-06-08T19:02:27.115+0000] {logging_mixin.py:149} INFO - [2023-06-08T19:02:27.115+0000] {taskmixin.py:211} WARNING - Dependency <Task(_PythonDecoratedOperator): log_sql_query>, print_the_context already registered for DAG: example_python_operator
[2023-06-08T19:02:27.117+0000] {processor.py:836} INFO - DAG(s) dict_keys(['example_python_operator']) retrieved from /home/airflow/.local/lib/python3.7/site-packages/airflow/example_dags/example_python_operator.py
[2023-06-08T19:02:27.136+0000] {logging_mixin.py:149} INFO - [2023-06-08T19:02:27.136+0000] {dag.py:2726} INFO - Sync 1 DAGs
[2023-06-08T19:02:27.152+0000] {logging_mixin.py:149} INFO - [2023-06-08T19:02:27.151+0000] {dag.py:3490} INFO - Setting next_dagrun for example_python_operator to None, run_after=None
[2023-06-08T19:02:27.162+0000] {processor.py:179} INFO - Processing /home/airflow/.local/lib/python3.7/site-packages/airflow/example_dags/example_python_operator.py took 0.061 seconds
[2023-06-08T19:02:57.265+0000] {processor.py:157} INFO - Started process (PID=1006) to work on /home/airflow/.local/lib/python3.7/site-packages/airflow/example_dags/example_python_operator.py
[2023-06-08T19:02:57.266+0000] {processor.py:826} INFO - Processing file /home/airflow/.local/lib/python3.7/site-packages/airflow/example_dags/example_python_operator.py for tasks to queue
[2023-06-08T19:02:57.267+0000] {logging_mixin.py:149} INFO - [2023-06-08T19:02:57.267+0000] {dagbag.py:541} INFO - Filling up the DagBag from /home/airflow/.local/lib/python3.7/site-packages/airflow/example_dags/example_python_operator.py
[2023-06-08T19:02:57.273+0000] {logging_mixin.py:149} INFO - [2023-06-08T19:02:57.273+0000] {taskmixin.py:211} WARNING - Dependency <Task(_PythonDecoratedOperator): print_the_context>, log_sql_query already registered for DAG: example_python_operator
[2023-06-08T19:02:57.273+0000] {logging_mixin.py:149} INFO - [2023-06-08T19:02:57.273+0000] {taskmixin.py:211} WARNING - Dependency <Task(_PythonDecoratedOperator): log_sql_query>, print_the_context already registered for DAG: example_python_operator
[2023-06-08T19:02:57.274+0000] {logging_mixin.py:149} INFO - [2023-06-08T19:02:57.274+0000] {taskmixin.py:211} WARNING - Dependency <Task(_PythonDecoratedOperator): print_the_context>, log_sql_query already registered for DAG: example_python_operator
[2023-06-08T19:02:57.274+0000] {logging_mixin.py:149} INFO - [2023-06-08T19:02:57.274+0000] {taskmixin.py:211} WARNING - Dependency <Task(_PythonDecoratedOperator): log_sql_query>, print_the_context already registered for DAG: example_python_operator
[2023-06-08T19:02:57.275+0000] {logging_mixin.py:149} INFO - [2023-06-08T19:02:57.275+0000] {taskmixin.py:211} WARNING - Dependency <Task(_PythonDecoratedOperator): print_the_context>, log_sql_query already registered for DAG: example_python_operator
[2023-06-08T19:02:57.275+0000] {logging_mixin.py:149} INFO - [2023-06-08T19:02:57.275+0000] {taskmixin.py:211} WARNING - Dependency <Task(_PythonDecoratedOperator): log_sql_query>, print_the_context already registered for DAG: example_python_operator
[2023-06-08T19:02:57.276+0000] {logging_mixin.py:149} INFO - [2023-06-08T19:02:57.276+0000] {taskmixin.py:211} WARNING - Dependency <Task(_PythonDecoratedOperator): print_the_context>, log_sql_query already registered for DAG: example_python_operator
[2023-06-08T19:02:57.276+0000] {logging_mixin.py:149} INFO - [2023-06-08T19:02:57.276+0000] {taskmixin.py:211} WARNING - Dependency <Task(_PythonDecoratedOperator): log_sql_query>, print_the_context already registered for DAG: example_python_operator
[2023-06-08T19:02:57.278+0000] {processor.py:836} INFO - DAG(s) dict_keys(['example_python_operator']) retrieved from /home/airflow/.local/lib/python3.7/site-packages/airflow/example_dags/example_python_operator.py
[2023-06-08T19:02:57.296+0000] {logging_mixin.py:149} INFO - [2023-06-08T19:02:57.296+0000] {dag.py:2726} INFO - Sync 1 DAGs
[2023-06-08T19:02:57.310+0000] {logging_mixin.py:149} INFO - [2023-06-08T19:02:57.310+0000] {dag.py:3490} INFO - Setting next_dagrun for example_python_operator to None, run_after=None
[2023-06-08T19:02:57.320+0000] {processor.py:179} INFO - Processing /home/airflow/.local/lib/python3.7/site-packages/airflow/example_dags/example_python_operator.py took 0.057 seconds
[2023-06-08T19:03:27.541+0000] {processor.py:157} INFO - Started process (PID=1291) to work on /home/airflow/.local/lib/python3.7/site-packages/airflow/example_dags/example_python_operator.py
[2023-06-08T19:03:27.542+0000] {processor.py:826} INFO - Processing file /home/airflow/.local/lib/python3.7/site-packages/airflow/example_dags/example_python_operator.py for tasks to queue
[2023-06-08T19:03:27.543+0000] {logging_mixin.py:149} INFO - [2023-06-08T19:03:27.543+0000] {dagbag.py:541} INFO - Filling up the DagBag from /home/airflow/.local/lib/python3.7/site-packages/airflow/example_dags/example_python_operator.py
[2023-06-08T19:03:27.547+0000] {logging_mixin.py:149} INFO - [2023-06-08T19:03:27.547+0000] {taskmixin.py:211} WARNING - Dependency <Task(_PythonDecoratedOperator): print_the_context>, log_sql_query already registered for DAG: example_python_operator
[2023-06-08T19:03:27.548+0000] {logging_mixin.py:149} INFO - [2023-06-08T19:03:27.548+0000] {taskmixin.py:211} WARNING - Dependency <Task(_PythonDecoratedOperator): log_sql_query>, print_the_context already registered for DAG: example_python_operator
[2023-06-08T19:03:27.549+0000] {logging_mixin.py:149} INFO - [2023-06-08T19:03:27.549+0000] {taskmixin.py:211} WARNING - Dependency <Task(_PythonDecoratedOperator): print_the_context>, log_sql_query already registered for DAG: example_python_operator
[2023-06-08T19:03:27.549+0000] {logging_mixin.py:149} INFO - [2023-06-08T19:03:27.549+0000] {taskmixin.py:211} WARNING - Dependency <Task(_PythonDecoratedOperator): log_sql_query>, print_the_context already registered for DAG: example_python_operator
[2023-06-08T19:03:27.550+0000] {logging_mixin.py:149} INFO - [2023-06-08T19:03:27.549+0000] {taskmixin.py:211} WARNING - Dependency <Task(_PythonDecoratedOperator): print_the_context>, log_sql_query already registered for DAG: example_python_operator
[2023-06-08T19:03:27.550+0000] {logging_mixin.py:149} INFO - [2023-06-08T19:03:27.550+0000] {taskmixin.py:211} WARNING - Dependency <Task(_PythonDecoratedOperator): log_sql_query>, print_the_context already registered for DAG: example_python_operator
[2023-06-08T19:03:27.550+0000] {logging_mixin.py:149} INFO - [2023-06-08T19:03:27.550+0000] {taskmixin.py:211} WARNING - Dependency <Task(_PythonDecoratedOperator): print_the_context>, log_sql_query already registered for DAG: example_python_operator
[2023-06-08T19:03:27.551+0000] {logging_mixin.py:149} INFO - [2023-06-08T19:03:27.551+0000] {taskmixin.py:211} WARNING - Dependency <Task(_PythonDecoratedOperator): log_sql_query>, print_the_context already registered for DAG: example_python_operator
[2023-06-08T19:03:27.553+0000] {processor.py:836} INFO - DAG(s) dict_keys(['example_python_operator']) retrieved from /home/airflow/.local/lib/python3.7/site-packages/airflow/example_dags/example_python_operator.py
[2023-06-08T19:03:27.570+0000] {logging_mixin.py:149} INFO - [2023-06-08T19:03:27.570+0000] {dag.py:2726} INFO - Sync 1 DAGs
[2023-06-08T19:03:27.585+0000] {logging_mixin.py:149} INFO - [2023-06-08T19:03:27.585+0000] {dag.py:3490} INFO - Setting next_dagrun for example_python_operator to None, run_after=None
[2023-06-08T19:03:27.595+0000] {processor.py:179} INFO - Processing /home/airflow/.local/lib/python3.7/site-packages/airflow/example_dags/example_python_operator.py took 0.056 seconds
[2023-06-08T19:03:57.789+0000] {processor.py:157} INFO - Started process (PID=1529) to work on /home/airflow/.local/lib/python3.7/site-packages/airflow/example_dags/example_python_operator.py
[2023-06-08T19:03:57.790+0000] {processor.py:826} INFO - Processing file /home/airflow/.local/lib/python3.7/site-packages/airflow/example_dags/example_python_operator.py for tasks to queue
[2023-06-08T19:03:57.791+0000] {logging_mixin.py:149} INFO - [2023-06-08T19:03:57.791+0000] {dagbag.py:541} INFO - Filling up the DagBag from /home/airflow/.local/lib/python3.7/site-packages/airflow/example_dags/example_python_operator.py
[2023-06-08T19:03:57.796+0000] {logging_mixin.py:149} INFO - [2023-06-08T19:03:57.796+0000] {taskmixin.py:211} WARNING - Dependency <Task(_PythonDecoratedOperator): print_the_context>, log_sql_query already registered for DAG: example_python_operator
[2023-06-08T19:03:57.796+0000] {logging_mixin.py:149} INFO - [2023-06-08T19:03:57.796+0000] {taskmixin.py:211} WARNING - Dependency <Task(_PythonDecoratedOperator): log_sql_query>, print_the_context already registered for DAG: example_python_operator
[2023-06-08T19:03:57.797+0000] {logging_mixin.py:149} INFO - [2023-06-08T19:03:57.797+0000] {taskmixin.py:211} WARNING - Dependency <Task(_PythonDecoratedOperator): print_the_context>, log_sql_query already registered for DAG: example_python_operator
[2023-06-08T19:03:57.797+0000] {logging_mixin.py:149} INFO - [2023-06-08T19:03:57.797+0000] {taskmixin.py:211} WARNING - Dependency <Task(_PythonDecoratedOperator): log_sql_query>, print_the_context already registered for DAG: example_python_operator
[2023-06-08T19:03:57.798+0000] {logging_mixin.py:149} INFO - [2023-06-08T19:03:57.798+0000] {taskmixin.py:211} WARNING - Dependency <Task(_PythonDecoratedOperator): print_the_context>, log_sql_query already registered for DAG: example_python_operator
[2023-06-08T19:03:57.799+0000] {logging_mixin.py:149} INFO - [2023-06-08T19:03:57.799+0000] {taskmixin.py:211} WARNING - Dependency <Task(_PythonDecoratedOperator): log_sql_query>, print_the_context already registered for DAG: example_python_operator
[2023-06-08T19:03:57.799+0000] {logging_mixin.py:149} INFO - [2023-06-08T19:03:57.799+0000] {taskmixin.py:211} WARNING - Dependency <Task(_PythonDecoratedOperator): print_the_context>, log_sql_query already registered for DAG: example_python_operator
[2023-06-08T19:03:57.800+0000] {logging_mixin.py:149} INFO - [2023-06-08T19:03:57.800+0000] {taskmixin.py:211} WARNING - Dependency <Task(_PythonDecoratedOperator): log_sql_query>, print_the_context already registered for DAG: example_python_operator
[2023-06-08T19:03:57.801+0000] {processor.py:836} INFO - DAG(s) dict_keys(['example_python_operator']) retrieved from /home/airflow/.local/lib/python3.7/site-packages/airflow/example_dags/example_python_operator.py
[2023-06-08T19:03:57.819+0000] {logging_mixin.py:149} INFO - [2023-06-08T19:03:57.819+0000] {dag.py:2726} INFO - Sync 1 DAGs
[2023-06-08T19:03:57.833+0000] {logging_mixin.py:149} INFO - [2023-06-08T19:03:57.833+0000] {dag.py:3490} INFO - Setting next_dagrun for example_python_operator to None, run_after=None
[2023-06-08T19:03:57.843+0000] {processor.py:179} INFO - Processing /home/airflow/.local/lib/python3.7/site-packages/airflow/example_dags/example_python_operator.py took 0.056 seconds
[2023-06-08T19:04:28.060+0000] {processor.py:157} INFO - Started process (PID=1771) to work on /home/airflow/.local/lib/python3.7/site-packages/airflow/example_dags/example_python_operator.py
[2023-06-08T19:04:28.061+0000] {processor.py:826} INFO - Processing file /home/airflow/.local/lib/python3.7/site-packages/airflow/example_dags/example_python_operator.py for tasks to queue
[2023-06-08T19:04:28.062+0000] {logging_mixin.py:149} INFO - [2023-06-08T19:04:28.062+0000] {dagbag.py:541} INFO - Filling up the DagBag from /home/airflow/.local/lib/python3.7/site-packages/airflow/example_dags/example_python_operator.py
[2023-06-08T19:04:28.067+0000] {logging_mixin.py:149} INFO - [2023-06-08T19:04:28.067+0000] {taskmixin.py:211} WARNING - Dependency <Task(_PythonDecoratedOperator): print_the_context>, log_sql_query already registered for DAG: example_python_operator
[2023-06-08T19:04:28.067+0000] {logging_mixin.py:149} INFO - [2023-06-08T19:04:28.067+0000] {taskmixin.py:211} WARNING - Dependency <Task(_PythonDecoratedOperator): log_sql_query>, print_the_context already registered for DAG: example_python_operator
[2023-06-08T19:04:28.068+0000] {logging_mixin.py:149} INFO - [2023-06-08T19:04:28.068+0000] {taskmixin.py:211} WARNING - Dependency <Task(_PythonDecoratedOperator): print_the_context>, log_sql_query already registered for DAG: example_python_operator
[2023-06-08T19:04:28.068+0000] {logging_mixin.py:149} INFO - [2023-06-08T19:04:28.068+0000] {taskmixin.py:211} WARNING - Dependency <Task(_PythonDecoratedOperator): log_sql_query>, print_the_context already registered for DAG: example_python_operator
[2023-06-08T19:04:28.069+0000] {logging_mixin.py:149} INFO - [2023-06-08T19:04:28.069+0000] {taskmixin.py:211} WARNING - Dependency <Task(_PythonDecoratedOperator): print_the_context>, log_sql_query already registered for DAG: example_python_operator
[2023-06-08T19:04:28.069+0000] {logging_mixin.py:149} INFO - [2023-06-08T19:04:28.069+0000] {taskmixin.py:211} WARNING - Dependency <Task(_PythonDecoratedOperator): log_sql_query>, print_the_context already registered for DAG: example_python_operator
[2023-06-08T19:04:28.070+0000] {logging_mixin.py:149} INFO - [2023-06-08T19:04:28.070+0000] {taskmixin.py:211} WARNING - Dependency <Task(_PythonDecoratedOperator): print_the_context>, log_sql_query already registered for DAG: example_python_operator
[2023-06-08T19:04:28.070+0000] {logging_mixin.py:149} INFO - [2023-06-08T19:04:28.070+0000] {taskmixin.py:211} WARNING - Dependency <Task(_PythonDecoratedOperator): log_sql_query>, print_the_context already registered for DAG: example_python_operator
[2023-06-08T19:04:28.072+0000] {processor.py:836} INFO - DAG(s) dict_keys(['example_python_operator']) retrieved from /home/airflow/.local/lib/python3.7/site-packages/airflow/example_dags/example_python_operator.py
[2023-06-08T19:04:28.090+0000] {logging_mixin.py:149} INFO - [2023-06-08T19:04:28.090+0000] {dag.py:2726} INFO - Sync 1 DAGs
[2023-06-08T19:04:28.104+0000] {logging_mixin.py:149} INFO - [2023-06-08T19:04:28.104+0000] {dag.py:3490} INFO - Setting next_dagrun for example_python_operator to None, run_after=None
[2023-06-08T19:04:28.113+0000] {processor.py:179} INFO - Processing /home/airflow/.local/lib/python3.7/site-packages/airflow/example_dags/example_python_operator.py took 0.055 seconds
[2023-06-08T19:04:58.272+0000] {processor.py:157} INFO - Started process (PID=2003) to work on /home/airflow/.local/lib/python3.7/site-packages/airflow/example_dags/example_python_operator.py
[2023-06-08T19:04:58.273+0000] {processor.py:826} INFO - Processing file /home/airflow/.local/lib/python3.7/site-packages/airflow/example_dags/example_python_operator.py for tasks to queue
[2023-06-08T19:04:58.274+0000] {logging_mixin.py:149} INFO - [2023-06-08T19:04:58.274+0000] {dagbag.py:541} INFO - Filling up the DagBag from /home/airflow/.local/lib/python3.7/site-packages/airflow/example_dags/example_python_operator.py
[2023-06-08T19:04:58.279+0000] {logging_mixin.py:149} INFO - [2023-06-08T19:04:58.279+0000] {taskmixin.py:211} WARNING - Dependency <Task(_PythonDecoratedOperator): print_the_context>, log_sql_query already registered for DAG: example_python_operator
[2023-06-08T19:04:58.280+0000] {logging_mixin.py:149} INFO - [2023-06-08T19:04:58.280+0000] {taskmixin.py:211} WARNING - Dependency <Task(_PythonDecoratedOperator): log_sql_query>, print_the_context already registered for DAG: example_python_operator
[2023-06-08T19:04:58.281+0000] {logging_mixin.py:149} INFO - [2023-06-08T19:04:58.280+0000] {taskmixin.py:211} WARNING - Dependency <Task(_PythonDecoratedOperator): print_the_context>, log_sql_query already registered for DAG: example_python_operator
[2023-06-08T19:04:58.281+0000] {logging_mixin.py:149} INFO - [2023-06-08T19:04:58.281+0000] {taskmixin.py:211} WARNING - Dependency <Task(_PythonDecoratedOperator): log_sql_query>, print_the_context already registered for DAG: example_python_operator
[2023-06-08T19:04:58.282+0000] {logging_mixin.py:149} INFO - [2023-06-08T19:04:58.282+0000] {taskmixin.py:211} WARNING - Dependency <Task(_PythonDecoratedOperator): print_the_context>, log_sql_query already registered for DAG: example_python_operator
[2023-06-08T19:04:58.282+0000] {logging_mixin.py:149} INFO - [2023-06-08T19:04:58.282+0000] {taskmixin.py:211} WARNING - Dependency <Task(_PythonDecoratedOperator): log_sql_query>, print_the_context already registered for DAG: example_python_operator
[2023-06-08T19:04:58.283+0000] {logging_mixin.py:149} INFO - [2023-06-08T19:04:58.283+0000] {taskmixin.py:211} WARNING - Dependency <Task(_PythonDecoratedOperator): print_the_context>, log_sql_query already registered for DAG: example_python_operator
[2023-06-08T19:04:58.283+0000] {logging_mixin.py:149} INFO - [2023-06-08T19:04:58.283+0000] {taskmixin.py:211} WARNING - Dependency <Task(_PythonDecoratedOperator): log_sql_query>, print_the_context already registered for DAG: example_python_operator
[2023-06-08T19:04:58.285+0000] {processor.py:836} INFO - DAG(s) dict_keys(['example_python_operator']) retrieved from /home/airflow/.local/lib/python3.7/site-packages/airflow/example_dags/example_python_operator.py
[2023-06-08T19:04:58.305+0000] {logging_mixin.py:149} INFO - [2023-06-08T19:04:58.305+0000] {dag.py:2726} INFO - Sync 1 DAGs
[2023-06-08T19:04:58.320+0000] {logging_mixin.py:149} INFO - [2023-06-08T19:04:58.320+0000] {dag.py:3490} INFO - Setting next_dagrun for example_python_operator to None, run_after=None
[2023-06-08T19:04:58.331+0000] {processor.py:179} INFO - Processing /home/airflow/.local/lib/python3.7/site-packages/airflow/example_dags/example_python_operator.py took 0.062 seconds
[2023-06-08T19:05:28.560+0000] {processor.py:157} INFO - Started process (PID=2240) to work on /home/airflow/.local/lib/python3.7/site-packages/airflow/example_dags/example_python_operator.py
[2023-06-08T19:05:28.561+0000] {processor.py:826} INFO - Processing file /home/airflow/.local/lib/python3.7/site-packages/airflow/example_dags/example_python_operator.py for tasks to queue
[2023-06-08T19:05:28.561+0000] {logging_mixin.py:149} INFO - [2023-06-08T19:05:28.561+0000] {dagbag.py:541} INFO - Filling up the DagBag from /home/airflow/.local/lib/python3.7/site-packages/airflow/example_dags/example_python_operator.py
[2023-06-08T19:05:28.566+0000] {logging_mixin.py:149} INFO - [2023-06-08T19:05:28.566+0000] {taskmixin.py:211} WARNING - Dependency <Task(_PythonDecoratedOperator): print_the_context>, log_sql_query already registered for DAG: example_python_operator
[2023-06-08T19:05:28.567+0000] {logging_mixin.py:149} INFO - [2023-06-08T19:05:28.567+0000] {taskmixin.py:211} WARNING - Dependency <Task(_PythonDecoratedOperator): log_sql_query>, print_the_context already registered for DAG: example_python_operator
[2023-06-08T19:05:28.567+0000] {logging_mixin.py:149} INFO - [2023-06-08T19:05:28.567+0000] {taskmixin.py:211} WARNING - Dependency <Task(_PythonDecoratedOperator): print_the_context>, log_sql_query already registered for DAG: example_python_operator
[2023-06-08T19:05:28.568+0000] {logging_mixin.py:149} INFO - [2023-06-08T19:05:28.568+0000] {taskmixin.py:211} WARNING - Dependency <Task(_PythonDecoratedOperator): log_sql_query>, print_the_context already registered for DAG: example_python_operator
[2023-06-08T19:05:28.568+0000] {logging_mixin.py:149} INFO - [2023-06-08T19:05:28.568+0000] {taskmixin.py:211} WARNING - Dependency <Task(_PythonDecoratedOperator): print_the_context>, log_sql_query already registered for DAG: example_python_operator
[2023-06-08T19:05:28.569+0000] {logging_mixin.py:149} INFO - [2023-06-08T19:05:28.569+0000] {taskmixin.py:211} WARNING - Dependency <Task(_PythonDecoratedOperator): log_sql_query>, print_the_context already registered for DAG: example_python_operator
[2023-06-08T19:05:28.570+0000] {logging_mixin.py:149} INFO - [2023-06-08T19:05:28.570+0000] {taskmixin.py:211} WARNING - Dependency <Task(_PythonDecoratedOperator): print_the_context>, log_sql_query already registered for DAG: example_python_operator
[2023-06-08T19:05:28.570+0000] {logging_mixin.py:149} INFO - [2023-06-08T19:05:28.570+0000] {taskmixin.py:211} WARNING - Dependency <Task(_PythonDecoratedOperator): log_sql_query>, print_the_context already registered for DAG: example_python_operator
[2023-06-08T19:05:28.572+0000] {processor.py:836} INFO - DAG(s) dict_keys(['example_python_operator']) retrieved from /home/airflow/.local/lib/python3.7/site-packages/airflow/example_dags/example_python_operator.py
[2023-06-08T19:05:28.590+0000] {logging_mixin.py:149} INFO - [2023-06-08T19:05:28.590+0000] {dag.py:2726} INFO - Sync 1 DAGs
[2023-06-08T19:05:28.604+0000] {logging_mixin.py:149} INFO - [2023-06-08T19:05:28.604+0000] {dag.py:3490} INFO - Setting next_dagrun for example_python_operator to None, run_after=None
[2023-06-08T19:05:28.615+0000] {processor.py:179} INFO - Processing /home/airflow/.local/lib/python3.7/site-packages/airflow/example_dags/example_python_operator.py took 0.058 seconds
[2023-06-08T19:05:58.938+0000] {processor.py:157} INFO - Started process (PID=2477) to work on /home/airflow/.local/lib/python3.7/site-packages/airflow/example_dags/example_python_operator.py
[2023-06-08T19:05:58.939+0000] {processor.py:826} INFO - Processing file /home/airflow/.local/lib/python3.7/site-packages/airflow/example_dags/example_python_operator.py for tasks to queue
[2023-06-08T19:05:58.940+0000] {logging_mixin.py:149} INFO - [2023-06-08T19:05:58.940+0000] {dagbag.py:541} INFO - Filling up the DagBag from /home/airflow/.local/lib/python3.7/site-packages/airflow/example_dags/example_python_operator.py
[2023-06-08T19:05:58.945+0000] {logging_mixin.py:149} INFO - [2023-06-08T19:05:58.944+0000] {taskmixin.py:211} WARNING - Dependency <Task(_PythonDecoratedOperator): print_the_context>, log_sql_query already registered for DAG: example_python_operator
[2023-06-08T19:05:58.945+0000] {logging_mixin.py:149} INFO - [2023-06-08T19:05:58.945+0000] {taskmixin.py:211} WARNING - Dependency <Task(_PythonDecoratedOperator): log_sql_query>, print_the_context already registered for DAG: example_python_operator
[2023-06-08T19:05:58.946+0000] {logging_mixin.py:149} INFO - [2023-06-08T19:05:58.945+0000] {taskmixin.py:211} WARNING - Dependency <Task(_PythonDecoratedOperator): print_the_context>, log_sql_query already registered for DAG: example_python_operator
[2023-06-08T19:05:58.946+0000] {logging_mixin.py:149} INFO - [2023-06-08T19:05:58.946+0000] {taskmixin.py:211} WARNING - Dependency <Task(_PythonDecoratedOperator): log_sql_query>, print_the_context already registered for DAG: example_python_operator
[2023-06-08T19:05:58.947+0000] {logging_mixin.py:149} INFO - [2023-06-08T19:05:58.947+0000] {taskmixin.py:211} WARNING - Dependency <Task(_PythonDecoratedOperator): print_the_context>, log_sql_query already registered for DAG: example_python_operator
[2023-06-08T19:05:58.947+0000] {logging_mixin.py:149} INFO - [2023-06-08T19:05:58.947+0000] {taskmixin.py:211} WARNING - Dependency <Task(_PythonDecoratedOperator): log_sql_query>, print_the_context already registered for DAG: example_python_operator
[2023-06-08T19:05:58.949+0000] {logging_mixin.py:149} INFO - [2023-06-08T19:05:58.949+0000] {taskmixin.py:211} WARNING - Dependency <Task(_PythonDecoratedOperator): print_the_context>, log_sql_query already registered for DAG: example_python_operator
[2023-06-08T19:05:58.949+0000] {logging_mixin.py:149} INFO - [2023-06-08T19:05:58.949+0000] {taskmixin.py:211} WARNING - Dependency <Task(_PythonDecoratedOperator): log_sql_query>, print_the_context already registered for DAG: example_python_operator
[2023-06-08T19:05:58.951+0000] {processor.py:836} INFO - DAG(s) dict_keys(['example_python_operator']) retrieved from /home/airflow/.local/lib/python3.7/site-packages/airflow/example_dags/example_python_operator.py
[2023-06-08T19:05:58.970+0000] {logging_mixin.py:149} INFO - [2023-06-08T19:05:58.970+0000] {dag.py:2726} INFO - Sync 1 DAGs
[2023-06-08T19:05:58.984+0000] {logging_mixin.py:149} INFO - [2023-06-08T19:05:58.984+0000] {dag.py:3490} INFO - Setting next_dagrun for example_python_operator to None, run_after=None
[2023-06-08T19:05:58.994+0000] {processor.py:179} INFO - Processing /home/airflow/.local/lib/python3.7/site-packages/airflow/example_dags/example_python_operator.py took 0.058 seconds
[2023-06-08T19:06:29.196+0000] {processor.py:157} INFO - Started process (PID=2714) to work on /home/airflow/.local/lib/python3.7/site-packages/airflow/example_dags/example_python_operator.py
[2023-06-08T19:06:29.197+0000] {processor.py:826} INFO - Processing file /home/airflow/.local/lib/python3.7/site-packages/airflow/example_dags/example_python_operator.py for tasks to queue
[2023-06-08T19:06:29.197+0000] {logging_mixin.py:149} INFO - [2023-06-08T19:06:29.197+0000] {dagbag.py:541} INFO - Filling up the DagBag from /home/airflow/.local/lib/python3.7/site-packages/airflow/example_dags/example_python_operator.py
[2023-06-08T19:06:29.202+0000] {logging_mixin.py:149} INFO - [2023-06-08T19:06:29.202+0000] {taskmixin.py:211} WARNING - Dependency <Task(_PythonDecoratedOperator): print_the_context>, log_sql_query already registered for DAG: example_python_operator
[2023-06-08T19:06:29.202+0000] {logging_mixin.py:149} INFO - [2023-06-08T19:06:29.202+0000] {taskmixin.py:211} WARNING - Dependency <Task(_PythonDecoratedOperator): log_sql_query>, print_the_context already registered for DAG: example_python_operator
[2023-06-08T19:06:29.203+0000] {logging_mixin.py:149} INFO - [2023-06-08T19:06:29.203+0000] {taskmixin.py:211} WARNING - Dependency <Task(_PythonDecoratedOperator): print_the_context>, log_sql_query already registered for DAG: example_python_operator
[2023-06-08T19:06:29.203+0000] {logging_mixin.py:149} INFO - [2023-06-08T19:06:29.203+0000] {taskmixin.py:211} WARNING - Dependency <Task(_PythonDecoratedOperator): log_sql_query>, print_the_context already registered for DAG: example_python_operator
[2023-06-08T19:06:29.204+0000] {logging_mixin.py:149} INFO - [2023-06-08T19:06:29.204+0000] {taskmixin.py:211} WARNING - Dependency <Task(_PythonDecoratedOperator): print_the_context>, log_sql_query already registered for DAG: example_python_operator
[2023-06-08T19:06:29.204+0000] {logging_mixin.py:149} INFO - [2023-06-08T19:06:29.204+0000] {taskmixin.py:211} WARNING - Dependency <Task(_PythonDecoratedOperator): log_sql_query>, print_the_context already registered for DAG: example_python_operator
[2023-06-08T19:06:29.205+0000] {logging_mixin.py:149} INFO - [2023-06-08T19:06:29.205+0000] {taskmixin.py:211} WARNING - Dependency <Task(_PythonDecoratedOperator): print_the_context>, log_sql_query already registered for DAG: example_python_operator
[2023-06-08T19:06:29.205+0000] {logging_mixin.py:149} INFO - [2023-06-08T19:06:29.205+0000] {taskmixin.py:211} WARNING - Dependency <Task(_PythonDecoratedOperator): log_sql_query>, print_the_context already registered for DAG: example_python_operator
[2023-06-08T19:06:29.207+0000] {processor.py:836} INFO - DAG(s) dict_keys(['example_python_operator']) retrieved from /home/airflow/.local/lib/python3.7/site-packages/airflow/example_dags/example_python_operator.py
[2023-06-08T19:06:29.224+0000] {logging_mixin.py:149} INFO - [2023-06-08T19:06:29.224+0000] {dag.py:2726} INFO - Sync 1 DAGs
[2023-06-08T19:06:29.238+0000] {logging_mixin.py:149} INFO - [2023-06-08T19:06:29.238+0000] {dag.py:3490} INFO - Setting next_dagrun for example_python_operator to None, run_after=None
[2023-06-08T19:06:29.248+0000] {processor.py:179} INFO - Processing /home/airflow/.local/lib/python3.7/site-packages/airflow/example_dags/example_python_operator.py took 0.055 seconds
[2023-06-08T19:06:59.523+0000] {processor.py:157} INFO - Started process (PID=2951) to work on /home/airflow/.local/lib/python3.7/site-packages/airflow/example_dags/example_python_operator.py
[2023-06-08T19:06:59.525+0000] {processor.py:826} INFO - Processing file /home/airflow/.local/lib/python3.7/site-packages/airflow/example_dags/example_python_operator.py for tasks to queue
[2023-06-08T19:06:59.525+0000] {logging_mixin.py:149} INFO - [2023-06-08T19:06:59.525+0000] {dagbag.py:541} INFO - Filling up the DagBag from /home/airflow/.local/lib/python3.7/site-packages/airflow/example_dags/example_python_operator.py
[2023-06-08T19:06:59.529+0000] {logging_mixin.py:149} INFO - [2023-06-08T19:06:59.529+0000] {taskmixin.py:211} WARNING - Dependency <Task(_PythonDecoratedOperator): print_the_context>, log_sql_query already registered for DAG: example_python_operator
[2023-06-08T19:06:59.530+0000] {logging_mixin.py:149} INFO - [2023-06-08T19:06:59.530+0000] {taskmixin.py:211} WARNING - Dependency <Task(_PythonDecoratedOperator): log_sql_query>, print_the_context already registered for DAG: example_python_operator
[2023-06-08T19:06:59.531+0000] {logging_mixin.py:149} INFO - [2023-06-08T19:06:59.531+0000] {taskmixin.py:211} WARNING - Dependency <Task(_PythonDecoratedOperator): print_the_context>, log_sql_query already registered for DAG: example_python_operator
[2023-06-08T19:06:59.531+0000] {logging_mixin.py:149} INFO - [2023-06-08T19:06:59.531+0000] {taskmixin.py:211} WARNING - Dependency <Task(_PythonDecoratedOperator): log_sql_query>, print_the_context already registered for DAG: example_python_operator
[2023-06-08T19:06:59.531+0000] {logging_mixin.py:149} INFO - [2023-06-08T19:06:59.531+0000] {taskmixin.py:211} WARNING - Dependency <Task(_PythonDecoratedOperator): print_the_context>, log_sql_query already registered for DAG: example_python_operator
[2023-06-08T19:06:59.532+0000] {logging_mixin.py:149} INFO - [2023-06-08T19:06:59.532+0000] {taskmixin.py:211} WARNING - Dependency <Task(_PythonDecoratedOperator): log_sql_query>, print_the_context already registered for DAG: example_python_operator
[2023-06-08T19:06:59.532+0000] {logging_mixin.py:149} INFO - [2023-06-08T19:06:59.532+0000] {taskmixin.py:211} WARNING - Dependency <Task(_PythonDecoratedOperator): print_the_context>, log_sql_query already registered for DAG: example_python_operator
[2023-06-08T19:06:59.533+0000] {logging_mixin.py:149} INFO - [2023-06-08T19:06:59.533+0000] {taskmixin.py:211} WARNING - Dependency <Task(_PythonDecoratedOperator): log_sql_query>, print_the_context already registered for DAG: example_python_operator
[2023-06-08T19:06:59.534+0000] {processor.py:836} INFO - DAG(s) dict_keys(['example_python_operator']) retrieved from /home/airflow/.local/lib/python3.7/site-packages/airflow/example_dags/example_python_operator.py
[2023-06-08T19:06:59.552+0000] {logging_mixin.py:149} INFO - [2023-06-08T19:06:59.552+0000] {dag.py:2726} INFO - Sync 1 DAGs
[2023-06-08T19:06:59.566+0000] {logging_mixin.py:149} INFO - [2023-06-08T19:06:59.566+0000] {dag.py:3490} INFO - Setting next_dagrun for example_python_operator to None, run_after=None
[2023-06-08T19:06:59.576+0000] {processor.py:179} INFO - Processing /home/airflow/.local/lib/python3.7/site-packages/airflow/example_dags/example_python_operator.py took 0.055 seconds
[2023-06-08T19:07:29.840+0000] {processor.py:157} INFO - Started process (PID=3188) to work on /home/airflow/.local/lib/python3.7/site-packages/airflow/example_dags/example_python_operator.py
[2023-06-08T19:07:29.841+0000] {processor.py:826} INFO - Processing file /home/airflow/.local/lib/python3.7/site-packages/airflow/example_dags/example_python_operator.py for tasks to queue
[2023-06-08T19:07:29.841+0000] {logging_mixin.py:149} INFO - [2023-06-08T19:07:29.841+0000] {dagbag.py:541} INFO - Filling up the DagBag from /home/airflow/.local/lib/python3.7/site-packages/airflow/example_dags/example_python_operator.py
[2023-06-08T19:07:29.845+0000] {logging_mixin.py:149} INFO - [2023-06-08T19:07:29.845+0000] {taskmixin.py:211} WARNING - Dependency <Task(_PythonDecoratedOperator): print_the_context>, log_sql_query already registered for DAG: example_python_operator
[2023-06-08T19:07:29.846+0000] {logging_mixin.py:149} INFO - [2023-06-08T19:07:29.846+0000] {taskmixin.py:211} WARNING - Dependency <Task(_PythonDecoratedOperator): log_sql_query>, print_the_context already registered for DAG: example_python_operator
[2023-06-08T19:07:29.847+0000] {logging_mixin.py:149} INFO - [2023-06-08T19:07:29.847+0000] {taskmixin.py:211} WARNING - Dependency <Task(_PythonDecoratedOperator): print_the_context>, log_sql_query already registered for DAG: example_python_operator
[2023-06-08T19:07:29.847+0000] {logging_mixin.py:149} INFO - [2023-06-08T19:07:29.847+0000] {taskmixin.py:211} WARNING - Dependency <Task(_PythonDecoratedOperator): log_sql_query>, print_the_context already registered for DAG: example_python_operator
[2023-06-08T19:07:29.848+0000] {logging_mixin.py:149} INFO - [2023-06-08T19:07:29.848+0000] {taskmixin.py:211} WARNING - Dependency <Task(_PythonDecoratedOperator): print_the_context>, log_sql_query already registered for DAG: example_python_operator
[2023-06-08T19:07:29.848+0000] {logging_mixin.py:149} INFO - [2023-06-08T19:07:29.848+0000] {taskmixin.py:211} WARNING - Dependency <Task(_PythonDecoratedOperator): log_sql_query>, print_the_context already registered for DAG: example_python_operator
[2023-06-08T19:07:29.849+0000] {logging_mixin.py:149} INFO - [2023-06-08T19:07:29.849+0000] {taskmixin.py:211} WARNING - Dependency <Task(_PythonDecoratedOperator): print_the_context>, log_sql_query already registered for DAG: example_python_operator
[2023-06-08T19:07:29.849+0000] {logging_mixin.py:149} INFO - [2023-06-08T19:07:29.849+0000] {taskmixin.py:211} WARNING - Dependency <Task(_PythonDecoratedOperator): log_sql_query>, print_the_context already registered for DAG: example_python_operator
[2023-06-08T19:07:29.851+0000] {processor.py:836} INFO - DAG(s) dict_keys(['example_python_operator']) retrieved from /home/airflow/.local/lib/python3.7/site-packages/airflow/example_dags/example_python_operator.py
[2023-06-08T19:07:29.868+0000] {logging_mixin.py:149} INFO - [2023-06-08T19:07:29.868+0000] {dag.py:2726} INFO - Sync 1 DAGs
[2023-06-08T19:07:29.882+0000] {logging_mixin.py:149} INFO - [2023-06-08T19:07:29.882+0000] {dag.py:3490} INFO - Setting next_dagrun for example_python_operator to None, run_after=None
[2023-06-08T19:07:29.892+0000] {processor.py:179} INFO - Processing /home/airflow/.local/lib/python3.7/site-packages/airflow/example_dags/example_python_operator.py took 0.055 seconds
[2023-06-08T19:08:00.114+0000] {processor.py:157} INFO - Started process (PID=3425) to work on /home/airflow/.local/lib/python3.7/site-packages/airflow/example_dags/example_python_operator.py
[2023-06-08T19:08:00.115+0000] {processor.py:826} INFO - Processing file /home/airflow/.local/lib/python3.7/site-packages/airflow/example_dags/example_python_operator.py for tasks to queue
[2023-06-08T19:08:00.115+0000] {logging_mixin.py:149} INFO - [2023-06-08T19:08:00.115+0000] {dagbag.py:541} INFO - Filling up the DagBag from /home/airflow/.local/lib/python3.7/site-packages/airflow/example_dags/example_python_operator.py
[2023-06-08T19:08:00.120+0000] {logging_mixin.py:149} INFO - [2023-06-08T19:08:00.120+0000] {taskmixin.py:211} WARNING - Dependency <Task(_PythonDecoratedOperator): print_the_context>, log_sql_query already registered for DAG: example_python_operator
[2023-06-08T19:08:00.121+0000] {logging_mixin.py:149} INFO - [2023-06-08T19:08:00.121+0000] {taskmixin.py:211} WARNING - Dependency <Task(_PythonDecoratedOperator): log_sql_query>, print_the_context already registered for DAG: example_python_operator
[2023-06-08T19:08:00.122+0000] {logging_mixin.py:149} INFO - [2023-06-08T19:08:00.121+0000] {taskmixin.py:211} WARNING - Dependency <Task(_PythonDecoratedOperator): print_the_context>, log_sql_query already registered for DAG: example_python_operator
[2023-06-08T19:08:00.122+0000] {logging_mixin.py:149} INFO - [2023-06-08T19:08:00.122+0000] {taskmixin.py:211} WARNING - Dependency <Task(_PythonDecoratedOperator): log_sql_query>, print_the_context already registered for DAG: example_python_operator
[2023-06-08T19:08:00.123+0000] {logging_mixin.py:149} INFO - [2023-06-08T19:08:00.123+0000] {taskmixin.py:211} WARNING - Dependency <Task(_PythonDecoratedOperator): print_the_context>, log_sql_query already registered for DAG: example_python_operator
[2023-06-08T19:08:00.124+0000] {logging_mixin.py:149} INFO - [2023-06-08T19:08:00.123+0000] {taskmixin.py:211} WARNING - Dependency <Task(_PythonDecoratedOperator): log_sql_query>, print_the_context already registered for DAG: example_python_operator
[2023-06-08T19:08:00.124+0000] {logging_mixin.py:149} INFO - [2023-06-08T19:08:00.124+0000] {taskmixin.py:211} WARNING - Dependency <Task(_PythonDecoratedOperator): print_the_context>, log_sql_query already registered for DAG: example_python_operator
[2023-06-08T19:08:00.125+0000] {logging_mixin.py:149} INFO - [2023-06-08T19:08:00.125+0000] {taskmixin.py:211} WARNING - Dependency <Task(_PythonDecoratedOperator): log_sql_query>, print_the_context already registered for DAG: example_python_operator
[2023-06-08T19:08:00.126+0000] {processor.py:836} INFO - DAG(s) dict_keys(['example_python_operator']) retrieved from /home/airflow/.local/lib/python3.7/site-packages/airflow/example_dags/example_python_operator.py
[2023-06-08T19:08:00.144+0000] {logging_mixin.py:149} INFO - [2023-06-08T19:08:00.144+0000] {dag.py:2726} INFO - Sync 1 DAGs
[2023-06-08T19:08:00.159+0000] {logging_mixin.py:149} INFO - [2023-06-08T19:08:00.159+0000] {dag.py:3490} INFO - Setting next_dagrun for example_python_operator to None, run_after=None
[2023-06-08T19:08:00.170+0000] {processor.py:179} INFO - Processing /home/airflow/.local/lib/python3.7/site-packages/airflow/example_dags/example_python_operator.py took 0.058 seconds
[2023-06-08T19:08:30.450+0000] {processor.py:157} INFO - Started process (PID=3662) to work on /home/airflow/.local/lib/python3.7/site-packages/airflow/example_dags/example_python_operator.py
[2023-06-08T19:08:30.451+0000] {processor.py:826} INFO - Processing file /home/airflow/.local/lib/python3.7/site-packages/airflow/example_dags/example_python_operator.py for tasks to queue
[2023-06-08T19:08:30.452+0000] {logging_mixin.py:149} INFO - [2023-06-08T19:08:30.452+0000] {dagbag.py:541} INFO - Filling up the DagBag from /home/airflow/.local/lib/python3.7/site-packages/airflow/example_dags/example_python_operator.py
[2023-06-08T19:08:30.456+0000] {logging_mixin.py:149} INFO - [2023-06-08T19:08:30.456+0000] {taskmixin.py:211} WARNING - Dependency <Task(_PythonDecoratedOperator): print_the_context>, log_sql_query already registered for DAG: example_python_operator
[2023-06-08T19:08:30.457+0000] {logging_mixin.py:149} INFO - [2023-06-08T19:08:30.457+0000] {taskmixin.py:211} WARNING - Dependency <Task(_PythonDecoratedOperator): log_sql_query>, print_the_context already registered for DAG: example_python_operator
[2023-06-08T19:08:30.457+0000] {logging_mixin.py:149} INFO - [2023-06-08T19:08:30.457+0000] {taskmixin.py:211} WARNING - Dependency <Task(_PythonDecoratedOperator): print_the_context>, log_sql_query already registered for DAG: example_python_operator
[2023-06-08T19:08:30.458+0000] {logging_mixin.py:149} INFO - [2023-06-08T19:08:30.458+0000] {taskmixin.py:211} WARNING - Dependency <Task(_PythonDecoratedOperator): log_sql_query>, print_the_context already registered for DAG: example_python_operator
[2023-06-08T19:08:30.458+0000] {logging_mixin.py:149} INFO - [2023-06-08T19:08:30.458+0000] {taskmixin.py:211} WARNING - Dependency <Task(_PythonDecoratedOperator): print_the_context>, log_sql_query already registered for DAG: example_python_operator
[2023-06-08T19:08:30.458+0000] {logging_mixin.py:149} INFO - [2023-06-08T19:08:30.458+0000] {taskmixin.py:211} WARNING - Dependency <Task(_PythonDecoratedOperator): log_sql_query>, print_the_context already registered for DAG: example_python_operator
[2023-06-08T19:08:30.459+0000] {logging_mixin.py:149} INFO - [2023-06-08T19:08:30.459+0000] {taskmixin.py:211} WARNING - Dependency <Task(_PythonDecoratedOperator): print_the_context>, log_sql_query already registered for DAG: example_python_operator
[2023-06-08T19:08:30.459+0000] {logging_mixin.py:149} INFO - [2023-06-08T19:08:30.459+0000] {taskmixin.py:211} WARNING - Dependency <Task(_PythonDecoratedOperator): log_sql_query>, print_the_context already registered for DAG: example_python_operator
[2023-06-08T19:08:30.461+0000] {processor.py:836} INFO - DAG(s) dict_keys(['example_python_operator']) retrieved from /home/airflow/.local/lib/python3.7/site-packages/airflow/example_dags/example_python_operator.py
[2023-06-08T19:08:30.479+0000] {logging_mixin.py:149} INFO - [2023-06-08T19:08:30.479+0000] {dag.py:2726} INFO - Sync 1 DAGs
[2023-06-08T19:08:30.493+0000] {logging_mixin.py:149} INFO - [2023-06-08T19:08:30.493+0000] {dag.py:3490} INFO - Setting next_dagrun for example_python_operator to None, run_after=None
[2023-06-08T19:08:30.503+0000] {processor.py:179} INFO - Processing /home/airflow/.local/lib/python3.7/site-packages/airflow/example_dags/example_python_operator.py took 0.055 seconds
[2023-06-08T19:09:00.744+0000] {processor.py:157} INFO - Started process (PID=3899) to work on /home/airflow/.local/lib/python3.7/site-packages/airflow/example_dags/example_python_operator.py
[2023-06-08T19:09:00.745+0000] {processor.py:826} INFO - Processing file /home/airflow/.local/lib/python3.7/site-packages/airflow/example_dags/example_python_operator.py for tasks to queue
[2023-06-08T19:09:00.745+0000] {logging_mixin.py:149} INFO - [2023-06-08T19:09:00.745+0000] {dagbag.py:541} INFO - Filling up the DagBag from /home/airflow/.local/lib/python3.7/site-packages/airflow/example_dags/example_python_operator.py
[2023-06-08T19:09:00.750+0000] {logging_mixin.py:149} INFO - [2023-06-08T19:09:00.750+0000] {taskmixin.py:211} WARNING - Dependency <Task(_PythonDecoratedOperator): print_the_context>, log_sql_query already registered for DAG: example_python_operator
[2023-06-08T19:09:00.751+0000] {logging_mixin.py:149} INFO - [2023-06-08T19:09:00.751+0000] {taskmixin.py:211} WARNING - Dependency <Task(_PythonDecoratedOperator): log_sql_query>, print_the_context already registered for DAG: example_python_operator
[2023-06-08T19:09:00.751+0000] {logging_mixin.py:149} INFO - [2023-06-08T19:09:00.751+0000] {taskmixin.py:211} WARNING - Dependency <Task(_PythonDecoratedOperator): print_the_context>, log_sql_query already registered for DAG: example_python_operator
[2023-06-08T19:09:00.752+0000] {logging_mixin.py:149} INFO - [2023-06-08T19:09:00.752+0000] {taskmixin.py:211} WARNING - Dependency <Task(_PythonDecoratedOperator): log_sql_query>, print_the_context already registered for DAG: example_python_operator
[2023-06-08T19:09:00.752+0000] {logging_mixin.py:149} INFO - [2023-06-08T19:09:00.752+0000] {taskmixin.py:211} WARNING - Dependency <Task(_PythonDecoratedOperator): print_the_context>, log_sql_query already registered for DAG: example_python_operator
[2023-06-08T19:09:00.753+0000] {logging_mixin.py:149} INFO - [2023-06-08T19:09:00.753+0000] {taskmixin.py:211} WARNING - Dependency <Task(_PythonDecoratedOperator): log_sql_query>, print_the_context already registered for DAG: example_python_operator
[2023-06-08T19:09:00.753+0000] {logging_mixin.py:149} INFO - [2023-06-08T19:09:00.753+0000] {taskmixin.py:211} WARNING - Dependency <Task(_PythonDecoratedOperator): print_the_context>, log_sql_query already registered for DAG: example_python_operator
[2023-06-08T19:09:00.754+0000] {logging_mixin.py:149} INFO - [2023-06-08T19:09:00.753+0000] {taskmixin.py:211} WARNING - Dependency <Task(_PythonDecoratedOperator): log_sql_query>, print_the_context already registered for DAG: example_python_operator
[2023-06-08T19:09:00.755+0000] {processor.py:836} INFO - DAG(s) dict_keys(['example_python_operator']) retrieved from /home/airflow/.local/lib/python3.7/site-packages/airflow/example_dags/example_python_operator.py
[2023-06-08T19:09:00.773+0000] {logging_mixin.py:149} INFO - [2023-06-08T19:09:00.773+0000] {dag.py:2726} INFO - Sync 1 DAGs
[2023-06-08T19:09:00.788+0000] {logging_mixin.py:149} INFO - [2023-06-08T19:09:00.787+0000] {dag.py:3490} INFO - Setting next_dagrun for example_python_operator to None, run_after=None
[2023-06-08T19:09:00.798+0000] {processor.py:179} INFO - Processing /home/airflow/.local/lib/python3.7/site-packages/airflow/example_dags/example_python_operator.py took 0.056 seconds
[2023-06-08T19:09:30.930+0000] {processor.py:157} INFO - Started process (PID=4136) to work on /home/airflow/.local/lib/python3.7/site-packages/airflow/example_dags/example_python_operator.py
[2023-06-08T19:09:30.931+0000] {processor.py:826} INFO - Processing file /home/airflow/.local/lib/python3.7/site-packages/airflow/example_dags/example_python_operator.py for tasks to queue
[2023-06-08T19:09:30.932+0000] {logging_mixin.py:149} INFO - [2023-06-08T19:09:30.932+0000] {dagbag.py:541} INFO - Filling up the DagBag from /home/airflow/.local/lib/python3.7/site-packages/airflow/example_dags/example_python_operator.py
[2023-06-08T19:09:30.937+0000] {logging_mixin.py:149} INFO - [2023-06-08T19:09:30.937+0000] {taskmixin.py:211} WARNING - Dependency <Task(_PythonDecoratedOperator): print_the_context>, log_sql_query already registered for DAG: example_python_operator
[2023-06-08T19:09:30.937+0000] {logging_mixin.py:149} INFO - [2023-06-08T19:09:30.937+0000] {taskmixin.py:211} WARNING - Dependency <Task(_PythonDecoratedOperator): log_sql_query>, print_the_context already registered for DAG: example_python_operator
[2023-06-08T19:09:30.938+0000] {logging_mixin.py:149} INFO - [2023-06-08T19:09:30.938+0000] {taskmixin.py:211} WARNING - Dependency <Task(_PythonDecoratedOperator): print_the_context>, log_sql_query already registered for DAG: example_python_operator
[2023-06-08T19:09:30.938+0000] {logging_mixin.py:149} INFO - [2023-06-08T19:09:30.938+0000] {taskmixin.py:211} WARNING - Dependency <Task(_PythonDecoratedOperator): log_sql_query>, print_the_context already registered for DAG: example_python_operator
[2023-06-08T19:09:30.939+0000] {logging_mixin.py:149} INFO - [2023-06-08T19:09:30.939+0000] {taskmixin.py:211} WARNING - Dependency <Task(_PythonDecoratedOperator): print_the_context>, log_sql_query already registered for DAG: example_python_operator
[2023-06-08T19:09:30.939+0000] {logging_mixin.py:149} INFO - [2023-06-08T19:09:30.939+0000] {taskmixin.py:211} WARNING - Dependency <Task(_PythonDecoratedOperator): log_sql_query>, print_the_context already registered for DAG: example_python_operator
[2023-06-08T19:09:30.940+0000] {logging_mixin.py:149} INFO - [2023-06-08T19:09:30.940+0000] {taskmixin.py:211} WARNING - Dependency <Task(_PythonDecoratedOperator): print_the_context>, log_sql_query already registered for DAG: example_python_operator
[2023-06-08T19:09:30.940+0000] {logging_mixin.py:149} INFO - [2023-06-08T19:09:30.940+0000] {taskmixin.py:211} WARNING - Dependency <Task(_PythonDecoratedOperator): log_sql_query>, print_the_context already registered for DAG: example_python_operator
[2023-06-08T19:09:30.942+0000] {processor.py:836} INFO - DAG(s) dict_keys(['example_python_operator']) retrieved from /home/airflow/.local/lib/python3.7/site-packages/airflow/example_dags/example_python_operator.py
[2023-06-08T19:09:30.960+0000] {logging_mixin.py:149} INFO - [2023-06-08T19:09:30.960+0000] {dag.py:2726} INFO - Sync 1 DAGs
[2023-06-08T19:09:30.975+0000] {logging_mixin.py:149} INFO - [2023-06-08T19:09:30.975+0000] {dag.py:3490} INFO - Setting next_dagrun for example_python_operator to None, run_after=None
[2023-06-08T19:09:30.985+0000] {processor.py:179} INFO - Processing /home/airflow/.local/lib/python3.7/site-packages/airflow/example_dags/example_python_operator.py took 0.057 seconds
[2023-06-08T19:10:01.220+0000] {processor.py:157} INFO - Started process (PID=4373) to work on /home/airflow/.local/lib/python3.7/site-packages/airflow/example_dags/example_python_operator.py
[2023-06-08T19:10:01.221+0000] {processor.py:826} INFO - Processing file /home/airflow/.local/lib/python3.7/site-packages/airflow/example_dags/example_python_operator.py for tasks to queue
[2023-06-08T19:10:01.221+0000] {logging_mixin.py:149} INFO - [2023-06-08T19:10:01.221+0000] {dagbag.py:541} INFO - Filling up the DagBag from /home/airflow/.local/lib/python3.7/site-packages/airflow/example_dags/example_python_operator.py
[2023-06-08T19:10:01.226+0000] {logging_mixin.py:149} INFO - [2023-06-08T19:10:01.226+0000] {taskmixin.py:211} WARNING - Dependency <Task(_PythonDecoratedOperator): print_the_context>, log_sql_query already registered for DAG: example_python_operator
[2023-06-08T19:10:01.227+0000] {logging_mixin.py:149} INFO - [2023-06-08T19:10:01.227+0000] {taskmixin.py:211} WARNING - Dependency <Task(_PythonDecoratedOperator): log_sql_query>, print_the_context already registered for DAG: example_python_operator
[2023-06-08T19:10:01.227+0000] {logging_mixin.py:149} INFO - [2023-06-08T19:10:01.227+0000] {taskmixin.py:211} WARNING - Dependency <Task(_PythonDecoratedOperator): print_the_context>, log_sql_query already registered for DAG: example_python_operator
[2023-06-08T19:10:01.228+0000] {logging_mixin.py:149} INFO - [2023-06-08T19:10:01.228+0000] {taskmixin.py:211} WARNING - Dependency <Task(_PythonDecoratedOperator): log_sql_query>, print_the_context already registered for DAG: example_python_operator
[2023-06-08T19:10:01.229+0000] {logging_mixin.py:149} INFO - [2023-06-08T19:10:01.228+0000] {taskmixin.py:211} WARNING - Dependency <Task(_PythonDecoratedOperator): print_the_context>, log_sql_query already registered for DAG: example_python_operator
[2023-06-08T19:10:01.229+0000] {logging_mixin.py:149} INFO - [2023-06-08T19:10:01.229+0000] {taskmixin.py:211} WARNING - Dependency <Task(_PythonDecoratedOperator): log_sql_query>, print_the_context already registered for DAG: example_python_operator
[2023-06-08T19:10:01.230+0000] {logging_mixin.py:149} INFO - [2023-06-08T19:10:01.229+0000] {taskmixin.py:211} WARNING - Dependency <Task(_PythonDecoratedOperator): print_the_context>, log_sql_query already registered for DAG: example_python_operator
[2023-06-08T19:10:01.230+0000] {logging_mixin.py:149} INFO - [2023-06-08T19:10:01.230+0000] {taskmixin.py:211} WARNING - Dependency <Task(_PythonDecoratedOperator): log_sql_query>, print_the_context already registered for DAG: example_python_operator
[2023-06-08T19:10:01.231+0000] {processor.py:836} INFO - DAG(s) dict_keys(['example_python_operator']) retrieved from /home/airflow/.local/lib/python3.7/site-packages/airflow/example_dags/example_python_operator.py
[2023-06-08T19:10:01.250+0000] {logging_mixin.py:149} INFO - [2023-06-08T19:10:01.250+0000] {dag.py:2726} INFO - Sync 1 DAGs
[2023-06-08T19:10:01.264+0000] {logging_mixin.py:149} INFO - [2023-06-08T19:10:01.264+0000] {dag.py:3490} INFO - Setting next_dagrun for example_python_operator to None, run_after=None
[2023-06-08T19:10:01.274+0000] {processor.py:179} INFO - Processing /home/airflow/.local/lib/python3.7/site-packages/airflow/example_dags/example_python_operator.py took 0.057 seconds
[2023-06-08T19:10:31.470+0000] {processor.py:157} INFO - Started process (PID=4610) to work on /home/airflow/.local/lib/python3.7/site-packages/airflow/example_dags/example_python_operator.py
[2023-06-08T19:10:31.471+0000] {processor.py:826} INFO - Processing file /home/airflow/.local/lib/python3.7/site-packages/airflow/example_dags/example_python_operator.py for tasks to queue
[2023-06-08T19:10:31.471+0000] {logging_mixin.py:149} INFO - [2023-06-08T19:10:31.471+0000] {dagbag.py:541} INFO - Filling up the DagBag from /home/airflow/.local/lib/python3.7/site-packages/airflow/example_dags/example_python_operator.py
[2023-06-08T19:10:31.476+0000] {logging_mixin.py:149} INFO - [2023-06-08T19:10:31.476+0000] {taskmixin.py:211} WARNING - Dependency <Task(_PythonDecoratedOperator): print_the_context>, log_sql_query already registered for DAG: example_python_operator
[2023-06-08T19:10:31.477+0000] {logging_mixin.py:149} INFO - [2023-06-08T19:10:31.477+0000] {taskmixin.py:211} WARNING - Dependency <Task(_PythonDecoratedOperator): log_sql_query>, print_the_context already registered for DAG: example_python_operator
[2023-06-08T19:10:31.477+0000] {logging_mixin.py:149} INFO - [2023-06-08T19:10:31.477+0000] {taskmixin.py:211} WARNING - Dependency <Task(_PythonDecoratedOperator): print_the_context>, log_sql_query already registered for DAG: example_python_operator
[2023-06-08T19:10:31.478+0000] {logging_mixin.py:149} INFO - [2023-06-08T19:10:31.477+0000] {taskmixin.py:211} WARNING - Dependency <Task(_PythonDecoratedOperator): log_sql_query>, print_the_context already registered for DAG: example_python_operator
[2023-06-08T19:10:31.478+0000] {logging_mixin.py:149} INFO - [2023-06-08T19:10:31.478+0000] {taskmixin.py:211} WARNING - Dependency <Task(_PythonDecoratedOperator): print_the_context>, log_sql_query already registered for DAG: example_python_operator
[2023-06-08T19:10:31.479+0000] {logging_mixin.py:149} INFO - [2023-06-08T19:10:31.479+0000] {taskmixin.py:211} WARNING - Dependency <Task(_PythonDecoratedOperator): log_sql_query>, print_the_context already registered for DAG: example_python_operator
[2023-06-08T19:10:31.479+0000] {logging_mixin.py:149} INFO - [2023-06-08T19:10:31.479+0000] {taskmixin.py:211} WARNING - Dependency <Task(_PythonDecoratedOperator): print_the_context>, log_sql_query already registered for DAG: example_python_operator
[2023-06-08T19:10:31.480+0000] {logging_mixin.py:149} INFO - [2023-06-08T19:10:31.480+0000] {taskmixin.py:211} WARNING - Dependency <Task(_PythonDecoratedOperator): log_sql_query>, print_the_context already registered for DAG: example_python_operator
[2023-06-08T19:10:31.481+0000] {processor.py:836} INFO - DAG(s) dict_keys(['example_python_operator']) retrieved from /home/airflow/.local/lib/python3.7/site-packages/airflow/example_dags/example_python_operator.py
[2023-06-08T19:10:31.500+0000] {logging_mixin.py:149} INFO - [2023-06-08T19:10:31.500+0000] {dag.py:2726} INFO - Sync 1 DAGs
[2023-06-08T19:10:31.514+0000] {logging_mixin.py:149} INFO - [2023-06-08T19:10:31.514+0000] {dag.py:3490} INFO - Setting next_dagrun for example_python_operator to None, run_after=None
[2023-06-08T19:10:31.524+0000] {processor.py:179} INFO - Processing /home/airflow/.local/lib/python3.7/site-packages/airflow/example_dags/example_python_operator.py took 0.057 seconds
[2023-06-08T19:11:01.777+0000] {processor.py:157} INFO - Started process (PID=4847) to work on /home/airflow/.local/lib/python3.7/site-packages/airflow/example_dags/example_python_operator.py
[2023-06-08T19:11:01.778+0000] {processor.py:826} INFO - Processing file /home/airflow/.local/lib/python3.7/site-packages/airflow/example_dags/example_python_operator.py for tasks to queue
[2023-06-08T19:11:01.779+0000] {logging_mixin.py:149} INFO - [2023-06-08T19:11:01.778+0000] {dagbag.py:541} INFO - Filling up the DagBag from /home/airflow/.local/lib/python3.7/site-packages/airflow/example_dags/example_python_operator.py
[2023-06-08T19:11:01.783+0000] {logging_mixin.py:149} INFO - [2023-06-08T19:11:01.783+0000] {taskmixin.py:211} WARNING - Dependency <Task(_PythonDecoratedOperator): print_the_context>, log_sql_query already registered for DAG: example_python_operator
[2023-06-08T19:11:01.784+0000] {logging_mixin.py:149} INFO - [2023-06-08T19:11:01.784+0000] {taskmixin.py:211} WARNING - Dependency <Task(_PythonDecoratedOperator): log_sql_query>, print_the_context already registered for DAG: example_python_operator
[2023-06-08T19:11:01.784+0000] {logging_mixin.py:149} INFO - [2023-06-08T19:11:01.784+0000] {taskmixin.py:211} WARNING - Dependency <Task(_PythonDecoratedOperator): print_the_context>, log_sql_query already registered for DAG: example_python_operator
[2023-06-08T19:11:01.785+0000] {logging_mixin.py:149} INFO - [2023-06-08T19:11:01.785+0000] {taskmixin.py:211} WARNING - Dependency <Task(_PythonDecoratedOperator): log_sql_query>, print_the_context already registered for DAG: example_python_operator
[2023-06-08T19:11:01.786+0000] {logging_mixin.py:149} INFO - [2023-06-08T19:11:01.785+0000] {taskmixin.py:211} WARNING - Dependency <Task(_PythonDecoratedOperator): print_the_context>, log_sql_query already registered for DAG: example_python_operator
[2023-06-08T19:11:01.786+0000] {logging_mixin.py:149} INFO - [2023-06-08T19:11:01.786+0000] {taskmixin.py:211} WARNING - Dependency <Task(_PythonDecoratedOperator): log_sql_query>, print_the_context already registered for DAG: example_python_operator
[2023-06-08T19:11:01.787+0000] {logging_mixin.py:149} INFO - [2023-06-08T19:11:01.787+0000] {taskmixin.py:211} WARNING - Dependency <Task(_PythonDecoratedOperator): print_the_context>, log_sql_query already registered for DAG: example_python_operator
[2023-06-08T19:11:01.787+0000] {logging_mixin.py:149} INFO - [2023-06-08T19:11:01.787+0000] {taskmixin.py:211} WARNING - Dependency <Task(_PythonDecoratedOperator): log_sql_query>, print_the_context already registered for DAG: example_python_operator
[2023-06-08T19:11:01.789+0000] {processor.py:836} INFO - DAG(s) dict_keys(['example_python_operator']) retrieved from /home/airflow/.local/lib/python3.7/site-packages/airflow/example_dags/example_python_operator.py
[2023-06-08T19:11:01.806+0000] {logging_mixin.py:149} INFO - [2023-06-08T19:11:01.806+0000] {dag.py:2726} INFO - Sync 1 DAGs
[2023-06-08T19:11:01.820+0000] {logging_mixin.py:149} INFO - [2023-06-08T19:11:01.820+0000] {dag.py:3490} INFO - Setting next_dagrun for example_python_operator to None, run_after=None
[2023-06-08T19:11:01.830+0000] {processor.py:179} INFO - Processing /home/airflow/.local/lib/python3.7/site-packages/airflow/example_dags/example_python_operator.py took 0.055 seconds
[2023-06-08T19:11:32.044+0000] {processor.py:157} INFO - Started process (PID=5084) to work on /home/airflow/.local/lib/python3.7/site-packages/airflow/example_dags/example_python_operator.py
[2023-06-08T19:11:32.045+0000] {processor.py:826} INFO - Processing file /home/airflow/.local/lib/python3.7/site-packages/airflow/example_dags/example_python_operator.py for tasks to queue
[2023-06-08T19:11:32.046+0000] {logging_mixin.py:149} INFO - [2023-06-08T19:11:32.046+0000] {dagbag.py:541} INFO - Filling up the DagBag from /home/airflow/.local/lib/python3.7/site-packages/airflow/example_dags/example_python_operator.py
[2023-06-08T19:11:32.051+0000] {logging_mixin.py:149} INFO - [2023-06-08T19:11:32.051+0000] {taskmixin.py:211} WARNING - Dependency <Task(_PythonDecoratedOperator): print_the_context>, log_sql_query already registered for DAG: example_python_operator
[2023-06-08T19:11:32.051+0000] {logging_mixin.py:149} INFO - [2023-06-08T19:11:32.051+0000] {taskmixin.py:211} WARNING - Dependency <Task(_PythonDecoratedOperator): log_sql_query>, print_the_context already registered for DAG: example_python_operator
[2023-06-08T19:11:32.052+0000] {logging_mixin.py:149} INFO - [2023-06-08T19:11:32.052+0000] {taskmixin.py:211} WARNING - Dependency <Task(_PythonDecoratedOperator): print_the_context>, log_sql_query already registered for DAG: example_python_operator
[2023-06-08T19:11:32.052+0000] {logging_mixin.py:149} INFO - [2023-06-08T19:11:32.052+0000] {taskmixin.py:211} WARNING - Dependency <Task(_PythonDecoratedOperator): log_sql_query>, print_the_context already registered for DAG: example_python_operator
[2023-06-08T19:11:32.053+0000] {logging_mixin.py:149} INFO - [2023-06-08T19:11:32.053+0000] {taskmixin.py:211} WARNING - Dependency <Task(_PythonDecoratedOperator): print_the_context>, log_sql_query already registered for DAG: example_python_operator
[2023-06-08T19:11:32.053+0000] {logging_mixin.py:149} INFO - [2023-06-08T19:11:32.053+0000] {taskmixin.py:211} WARNING - Dependency <Task(_PythonDecoratedOperator): log_sql_query>, print_the_context already registered for DAG: example_python_operator
[2023-06-08T19:11:32.054+0000] {logging_mixin.py:149} INFO - [2023-06-08T19:11:32.053+0000] {taskmixin.py:211} WARNING - Dependency <Task(_PythonDecoratedOperator): print_the_context>, log_sql_query already registered for DAG: example_python_operator
[2023-06-08T19:11:32.054+0000] {logging_mixin.py:149} INFO - [2023-06-08T19:11:32.054+0000] {taskmixin.py:211} WARNING - Dependency <Task(_PythonDecoratedOperator): log_sql_query>, print_the_context already registered for DAG: example_python_operator
[2023-06-08T19:11:32.055+0000] {processor.py:836} INFO - DAG(s) dict_keys(['example_python_operator']) retrieved from /home/airflow/.local/lib/python3.7/site-packages/airflow/example_dags/example_python_operator.py
[2023-06-08T19:11:32.073+0000] {logging_mixin.py:149} INFO - [2023-06-08T19:11:32.073+0000] {dag.py:2726} INFO - Sync 1 DAGs
[2023-06-08T19:11:32.087+0000] {logging_mixin.py:149} INFO - [2023-06-08T19:11:32.087+0000] {dag.py:3490} INFO - Setting next_dagrun for example_python_operator to None, run_after=None
[2023-06-08T19:11:32.098+0000] {processor.py:179} INFO - Processing /home/airflow/.local/lib/python3.7/site-packages/airflow/example_dags/example_python_operator.py took 0.056 seconds
[2023-06-08T19:12:02.303+0000] {processor.py:157} INFO - Started process (PID=5321) to work on /home/airflow/.local/lib/python3.7/site-packages/airflow/example_dags/example_python_operator.py
[2023-06-08T19:12:02.304+0000] {processor.py:826} INFO - Processing file /home/airflow/.local/lib/python3.7/site-packages/airflow/example_dags/example_python_operator.py for tasks to queue
[2023-06-08T19:12:02.304+0000] {logging_mixin.py:149} INFO - [2023-06-08T19:12:02.304+0000] {dagbag.py:541} INFO - Filling up the DagBag from /home/airflow/.local/lib/python3.7/site-packages/airflow/example_dags/example_python_operator.py
[2023-06-08T19:12:02.309+0000] {logging_mixin.py:149} INFO - [2023-06-08T19:12:02.309+0000] {taskmixin.py:211} WARNING - Dependency <Task(_PythonDecoratedOperator): print_the_context>, log_sql_query already registered for DAG: example_python_operator
[2023-06-08T19:12:02.310+0000] {logging_mixin.py:149} INFO - [2023-06-08T19:12:02.310+0000] {taskmixin.py:211} WARNING - Dependency <Task(_PythonDecoratedOperator): log_sql_query>, print_the_context already registered for DAG: example_python_operator
[2023-06-08T19:12:02.310+0000] {logging_mixin.py:149} INFO - [2023-06-08T19:12:02.310+0000] {taskmixin.py:211} WARNING - Dependency <Task(_PythonDecoratedOperator): print_the_context>, log_sql_query already registered for DAG: example_python_operator
[2023-06-08T19:12:02.311+0000] {logging_mixin.py:149} INFO - [2023-06-08T19:12:02.311+0000] {taskmixin.py:211} WARNING - Dependency <Task(_PythonDecoratedOperator): log_sql_query>, print_the_context already registered for DAG: example_python_operator
[2023-06-08T19:12:02.311+0000] {logging_mixin.py:149} INFO - [2023-06-08T19:12:02.311+0000] {taskmixin.py:211} WARNING - Dependency <Task(_PythonDecoratedOperator): print_the_context>, log_sql_query already registered for DAG: example_python_operator
[2023-06-08T19:12:02.312+0000] {logging_mixin.py:149} INFO - [2023-06-08T19:12:02.311+0000] {taskmixin.py:211} WARNING - Dependency <Task(_PythonDecoratedOperator): log_sql_query>, print_the_context already registered for DAG: example_python_operator
[2023-06-08T19:12:02.312+0000] {logging_mixin.py:149} INFO - [2023-06-08T19:12:02.312+0000] {taskmixin.py:211} WARNING - Dependency <Task(_PythonDecoratedOperator): print_the_context>, log_sql_query already registered for DAG: example_python_operator
[2023-06-08T19:12:02.312+0000] {logging_mixin.py:149} INFO - [2023-06-08T19:12:02.312+0000] {taskmixin.py:211} WARNING - Dependency <Task(_PythonDecoratedOperator): log_sql_query>, print_the_context already registered for DAG: example_python_operator
[2023-06-08T19:12:02.314+0000] {processor.py:836} INFO - DAG(s) dict_keys(['example_python_operator']) retrieved from /home/airflow/.local/lib/python3.7/site-packages/airflow/example_dags/example_python_operator.py
[2023-06-08T19:12:02.332+0000] {logging_mixin.py:149} INFO - [2023-06-08T19:12:02.332+0000] {dag.py:2726} INFO - Sync 1 DAGs
[2023-06-08T19:12:02.346+0000] {logging_mixin.py:149} INFO - [2023-06-08T19:12:02.346+0000] {dag.py:3490} INFO - Setting next_dagrun for example_python_operator to None, run_after=None
[2023-06-08T19:12:02.356+0000] {processor.py:179} INFO - Processing /home/airflow/.local/lib/python3.7/site-packages/airflow/example_dags/example_python_operator.py took 0.056 seconds
[2023-06-08T19:12:32.525+0000] {processor.py:157} INFO - Started process (PID=5559) to work on /home/airflow/.local/lib/python3.7/site-packages/airflow/example_dags/example_python_operator.py
[2023-06-08T19:12:32.526+0000] {processor.py:826} INFO - Processing file /home/airflow/.local/lib/python3.7/site-packages/airflow/example_dags/example_python_operator.py for tasks to queue
[2023-06-08T19:12:32.527+0000] {logging_mixin.py:149} INFO - [2023-06-08T19:12:32.527+0000] {dagbag.py:541} INFO - Filling up the DagBag from /home/airflow/.local/lib/python3.7/site-packages/airflow/example_dags/example_python_operator.py
[2023-06-08T19:12:32.532+0000] {logging_mixin.py:149} INFO - [2023-06-08T19:12:32.532+0000] {taskmixin.py:211} WARNING - Dependency <Task(_PythonDecoratedOperator): print_the_context>, log_sql_query already registered for DAG: example_python_operator
[2023-06-08T19:12:32.532+0000] {logging_mixin.py:149} INFO - [2023-06-08T19:12:32.532+0000] {taskmixin.py:211} WARNING - Dependency <Task(_PythonDecoratedOperator): log_sql_query>, print_the_context already registered for DAG: example_python_operator
[2023-06-08T19:12:32.533+0000] {logging_mixin.py:149} INFO - [2023-06-08T19:12:32.533+0000] {taskmixin.py:211} WARNING - Dependency <Task(_PythonDecoratedOperator): print_the_context>, log_sql_query already registered for DAG: example_python_operator
[2023-06-08T19:12:32.533+0000] {logging_mixin.py:149} INFO - [2023-06-08T19:12:32.533+0000] {taskmixin.py:211} WARNING - Dependency <Task(_PythonDecoratedOperator): log_sql_query>, print_the_context already registered for DAG: example_python_operator
[2023-06-08T19:12:32.534+0000] {logging_mixin.py:149} INFO - [2023-06-08T19:12:32.534+0000] {taskmixin.py:211} WARNING - Dependency <Task(_PythonDecoratedOperator): print_the_context>, log_sql_query already registered for DAG: example_python_operator
[2023-06-08T19:12:32.534+0000] {logging_mixin.py:149} INFO - [2023-06-08T19:12:32.534+0000] {taskmixin.py:211} WARNING - Dependency <Task(_PythonDecoratedOperator): log_sql_query>, print_the_context already registered for DAG: example_python_operator
[2023-06-08T19:12:32.535+0000] {logging_mixin.py:149} INFO - [2023-06-08T19:12:32.535+0000] {taskmixin.py:211} WARNING - Dependency <Task(_PythonDecoratedOperator): print_the_context>, log_sql_query already registered for DAG: example_python_operator
[2023-06-08T19:12:32.535+0000] {logging_mixin.py:149} INFO - [2023-06-08T19:12:32.535+0000] {taskmixin.py:211} WARNING - Dependency <Task(_PythonDecoratedOperator): log_sql_query>, print_the_context already registered for DAG: example_python_operator
[2023-06-08T19:12:32.537+0000] {processor.py:836} INFO - DAG(s) dict_keys(['example_python_operator']) retrieved from /home/airflow/.local/lib/python3.7/site-packages/airflow/example_dags/example_python_operator.py
[2023-06-08T19:12:32.554+0000] {logging_mixin.py:149} INFO - [2023-06-08T19:12:32.554+0000] {dag.py:2726} INFO - Sync 1 DAGs
[2023-06-08T19:12:32.569+0000] {logging_mixin.py:149} INFO - [2023-06-08T19:12:32.569+0000] {dag.py:3490} INFO - Setting next_dagrun for example_python_operator to None, run_after=None
[2023-06-08T19:12:32.579+0000] {processor.py:179} INFO - Processing /home/airflow/.local/lib/python3.7/site-packages/airflow/example_dags/example_python_operator.py took 0.056 seconds
[2023-06-08T19:13:02.825+0000] {processor.py:157} INFO - Started process (PID=5796) to work on /home/airflow/.local/lib/python3.7/site-packages/airflow/example_dags/example_python_operator.py
[2023-06-08T19:13:02.826+0000] {processor.py:826} INFO - Processing file /home/airflow/.local/lib/python3.7/site-packages/airflow/example_dags/example_python_operator.py for tasks to queue
[2023-06-08T19:13:02.826+0000] {logging_mixin.py:149} INFO - [2023-06-08T19:13:02.826+0000] {dagbag.py:541} INFO - Filling up the DagBag from /home/airflow/.local/lib/python3.7/site-packages/airflow/example_dags/example_python_operator.py
[2023-06-08T19:13:02.831+0000] {logging_mixin.py:149} INFO - [2023-06-08T19:13:02.831+0000] {taskmixin.py:211} WARNING - Dependency <Task(_PythonDecoratedOperator): print_the_context>, log_sql_query already registered for DAG: example_python_operator
[2023-06-08T19:13:02.831+0000] {logging_mixin.py:149} INFO - [2023-06-08T19:13:02.831+0000] {taskmixin.py:211} WARNING - Dependency <Task(_PythonDecoratedOperator): log_sql_query>, print_the_context already registered for DAG: example_python_operator
[2023-06-08T19:13:02.832+0000] {logging_mixin.py:149} INFO - [2023-06-08T19:13:02.832+0000] {taskmixin.py:211} WARNING - Dependency <Task(_PythonDecoratedOperator): print_the_context>, log_sql_query already registered for DAG: example_python_operator
[2023-06-08T19:13:02.832+0000] {logging_mixin.py:149} INFO - [2023-06-08T19:13:02.832+0000] {taskmixin.py:211} WARNING - Dependency <Task(_PythonDecoratedOperator): log_sql_query>, print_the_context already registered for DAG: example_python_operator
[2023-06-08T19:13:02.833+0000] {logging_mixin.py:149} INFO - [2023-06-08T19:13:02.833+0000] {taskmixin.py:211} WARNING - Dependency <Task(_PythonDecoratedOperator): print_the_context>, log_sql_query already registered for DAG: example_python_operator
[2023-06-08T19:13:02.833+0000] {logging_mixin.py:149} INFO - [2023-06-08T19:13:02.833+0000] {taskmixin.py:211} WARNING - Dependency <Task(_PythonDecoratedOperator): log_sql_query>, print_the_context already registered for DAG: example_python_operator
[2023-06-08T19:13:02.834+0000] {logging_mixin.py:149} INFO - [2023-06-08T19:13:02.834+0000] {taskmixin.py:211} WARNING - Dependency <Task(_PythonDecoratedOperator): print_the_context>, log_sql_query already registered for DAG: example_python_operator
[2023-06-08T19:13:02.834+0000] {logging_mixin.py:149} INFO - [2023-06-08T19:13:02.834+0000] {taskmixin.py:211} WARNING - Dependency <Task(_PythonDecoratedOperator): log_sql_query>, print_the_context already registered for DAG: example_python_operator
[2023-06-08T19:13:02.836+0000] {processor.py:836} INFO - DAG(s) dict_keys(['example_python_operator']) retrieved from /home/airflow/.local/lib/python3.7/site-packages/airflow/example_dags/example_python_operator.py
[2023-06-08T19:13:02.853+0000] {logging_mixin.py:149} INFO - [2023-06-08T19:13:02.853+0000] {dag.py:2726} INFO - Sync 1 DAGs
[2023-06-08T19:13:02.867+0000] {logging_mixin.py:149} INFO - [2023-06-08T19:13:02.867+0000] {dag.py:3490} INFO - Setting next_dagrun for example_python_operator to None, run_after=None
[2023-06-08T19:13:02.877+0000] {processor.py:179} INFO - Processing /home/airflow/.local/lib/python3.7/site-packages/airflow/example_dags/example_python_operator.py took 0.055 seconds
[2023-06-08T19:13:33.190+0000] {processor.py:157} INFO - Started process (PID=6033) to work on /home/airflow/.local/lib/python3.7/site-packages/airflow/example_dags/example_python_operator.py
[2023-06-08T19:13:33.191+0000] {processor.py:826} INFO - Processing file /home/airflow/.local/lib/python3.7/site-packages/airflow/example_dags/example_python_operator.py for tasks to queue
[2023-06-08T19:13:33.192+0000] {logging_mixin.py:149} INFO - [2023-06-08T19:13:33.191+0000] {dagbag.py:541} INFO - Filling up the DagBag from /home/airflow/.local/lib/python3.7/site-packages/airflow/example_dags/example_python_operator.py
[2023-06-08T19:13:33.196+0000] {logging_mixin.py:149} INFO - [2023-06-08T19:13:33.196+0000] {taskmixin.py:211} WARNING - Dependency <Task(_PythonDecoratedOperator): print_the_context>, log_sql_query already registered for DAG: example_python_operator
[2023-06-08T19:13:33.197+0000] {logging_mixin.py:149} INFO - [2023-06-08T19:13:33.197+0000] {taskmixin.py:211} WARNING - Dependency <Task(_PythonDecoratedOperator): log_sql_query>, print_the_context already registered for DAG: example_python_operator
[2023-06-08T19:13:33.197+0000] {logging_mixin.py:149} INFO - [2023-06-08T19:13:33.197+0000] {taskmixin.py:211} WARNING - Dependency <Task(_PythonDecoratedOperator): print_the_context>, log_sql_query already registered for DAG: example_python_operator
[2023-06-08T19:13:33.198+0000] {logging_mixin.py:149} INFO - [2023-06-08T19:13:33.198+0000] {taskmixin.py:211} WARNING - Dependency <Task(_PythonDecoratedOperator): log_sql_query>, print_the_context already registered for DAG: example_python_operator
[2023-06-08T19:13:33.199+0000] {logging_mixin.py:149} INFO - [2023-06-08T19:13:33.199+0000] {taskmixin.py:211} WARNING - Dependency <Task(_PythonDecoratedOperator): print_the_context>, log_sql_query already registered for DAG: example_python_operator
[2023-06-08T19:13:33.199+0000] {logging_mixin.py:149} INFO - [2023-06-08T19:13:33.199+0000] {taskmixin.py:211} WARNING - Dependency <Task(_PythonDecoratedOperator): log_sql_query>, print_the_context already registered for DAG: example_python_operator
[2023-06-08T19:13:33.200+0000] {logging_mixin.py:149} INFO - [2023-06-08T19:13:33.200+0000] {taskmixin.py:211} WARNING - Dependency <Task(_PythonDecoratedOperator): print_the_context>, log_sql_query already registered for DAG: example_python_operator
[2023-06-08T19:13:33.200+0000] {logging_mixin.py:149} INFO - [2023-06-08T19:13:33.200+0000] {taskmixin.py:211} WARNING - Dependency <Task(_PythonDecoratedOperator): log_sql_query>, print_the_context already registered for DAG: example_python_operator
[2023-06-08T19:13:33.202+0000] {processor.py:836} INFO - DAG(s) dict_keys(['example_python_operator']) retrieved from /home/airflow/.local/lib/python3.7/site-packages/airflow/example_dags/example_python_operator.py
[2023-06-08T19:13:33.220+0000] {logging_mixin.py:149} INFO - [2023-06-08T19:13:33.220+0000] {dag.py:2726} INFO - Sync 1 DAGs
[2023-06-08T19:13:33.234+0000] {logging_mixin.py:149} INFO - [2023-06-08T19:13:33.233+0000] {dag.py:3490} INFO - Setting next_dagrun for example_python_operator to None, run_after=None
[2023-06-08T19:13:33.244+0000] {processor.py:179} INFO - Processing /home/airflow/.local/lib/python3.7/site-packages/airflow/example_dags/example_python_operator.py took 0.056 seconds
[2023-06-08T19:14:03.297+0000] {processor.py:157} INFO - Started process (PID=6270) to work on /home/airflow/.local/lib/python3.7/site-packages/airflow/example_dags/example_python_operator.py
[2023-06-08T19:14:03.298+0000] {processor.py:826} INFO - Processing file /home/airflow/.local/lib/python3.7/site-packages/airflow/example_dags/example_python_operator.py for tasks to queue
[2023-06-08T19:14:03.299+0000] {logging_mixin.py:149} INFO - [2023-06-08T19:14:03.299+0000] {dagbag.py:541} INFO - Filling up the DagBag from /home/airflow/.local/lib/python3.7/site-packages/airflow/example_dags/example_python_operator.py
[2023-06-08T19:14:03.303+0000] {logging_mixin.py:149} INFO - [2023-06-08T19:14:03.303+0000] {taskmixin.py:211} WARNING - Dependency <Task(_PythonDecoratedOperator): print_the_context>, log_sql_query already registered for DAG: example_python_operator
[2023-06-08T19:14:03.304+0000] {logging_mixin.py:149} INFO - [2023-06-08T19:14:03.304+0000] {taskmixin.py:211} WARNING - Dependency <Task(_PythonDecoratedOperator): log_sql_query>, print_the_context already registered for DAG: example_python_operator
[2023-06-08T19:14:03.305+0000] {logging_mixin.py:149} INFO - [2023-06-08T19:14:03.305+0000] {taskmixin.py:211} WARNING - Dependency <Task(_PythonDecoratedOperator): print_the_context>, log_sql_query already registered for DAG: example_python_operator
[2023-06-08T19:14:03.305+0000] {logging_mixin.py:149} INFO - [2023-06-08T19:14:03.305+0000] {taskmixin.py:211} WARNING - Dependency <Task(_PythonDecoratedOperator): log_sql_query>, print_the_context already registered for DAG: example_python_operator
[2023-06-08T19:14:03.306+0000] {logging_mixin.py:149} INFO - [2023-06-08T19:14:03.306+0000] {taskmixin.py:211} WARNING - Dependency <Task(_PythonDecoratedOperator): print_the_context>, log_sql_query already registered for DAG: example_python_operator
[2023-06-08T19:14:03.306+0000] {logging_mixin.py:149} INFO - [2023-06-08T19:14:03.306+0000] {taskmixin.py:211} WARNING - Dependency <Task(_PythonDecoratedOperator): log_sql_query>, print_the_context already registered for DAG: example_python_operator
[2023-06-08T19:14:03.307+0000] {logging_mixin.py:149} INFO - [2023-06-08T19:14:03.307+0000] {taskmixin.py:211} WARNING - Dependency <Task(_PythonDecoratedOperator): print_the_context>, log_sql_query already registered for DAG: example_python_operator
[2023-06-08T19:14:03.307+0000] {logging_mixin.py:149} INFO - [2023-06-08T19:14:03.307+0000] {taskmixin.py:211} WARNING - Dependency <Task(_PythonDecoratedOperator): log_sql_query>, print_the_context already registered for DAG: example_python_operator
[2023-06-08T19:14:03.309+0000] {processor.py:836} INFO - DAG(s) dict_keys(['example_python_operator']) retrieved from /home/airflow/.local/lib/python3.7/site-packages/airflow/example_dags/example_python_operator.py
[2023-06-08T19:14:03.328+0000] {logging_mixin.py:149} INFO - [2023-06-08T19:14:03.328+0000] {dag.py:2726} INFO - Sync 1 DAGs
[2023-06-08T19:14:03.342+0000] {logging_mixin.py:149} INFO - [2023-06-08T19:14:03.342+0000] {dag.py:3490} INFO - Setting next_dagrun for example_python_operator to None, run_after=None
[2023-06-08T19:14:03.352+0000] {processor.py:179} INFO - Processing /home/airflow/.local/lib/python3.7/site-packages/airflow/example_dags/example_python_operator.py took 0.057 seconds
[2023-06-08T19:14:33.615+0000] {processor.py:157} INFO - Started process (PID=6508) to work on /home/airflow/.local/lib/python3.7/site-packages/airflow/example_dags/example_python_operator.py
[2023-06-08T19:14:33.616+0000] {processor.py:826} INFO - Processing file /home/airflow/.local/lib/python3.7/site-packages/airflow/example_dags/example_python_operator.py for tasks to queue
[2023-06-08T19:14:33.617+0000] {logging_mixin.py:149} INFO - [2023-06-08T19:14:33.617+0000] {dagbag.py:541} INFO - Filling up the DagBag from /home/airflow/.local/lib/python3.7/site-packages/airflow/example_dags/example_python_operator.py
[2023-06-08T19:14:33.622+0000] {logging_mixin.py:149} INFO - [2023-06-08T19:14:33.621+0000] {taskmixin.py:211} WARNING - Dependency <Task(_PythonDecoratedOperator): print_the_context>, log_sql_query already registered for DAG: example_python_operator
[2023-06-08T19:14:33.622+0000] {logging_mixin.py:149} INFO - [2023-06-08T19:14:33.622+0000] {taskmixin.py:211} WARNING - Dependency <Task(_PythonDecoratedOperator): log_sql_query>, print_the_context already registered for DAG: example_python_operator
[2023-06-08T19:14:33.623+0000] {logging_mixin.py:149} INFO - [2023-06-08T19:14:33.623+0000] {taskmixin.py:211} WARNING - Dependency <Task(_PythonDecoratedOperator): print_the_context>, log_sql_query already registered for DAG: example_python_operator
[2023-06-08T19:14:33.623+0000] {logging_mixin.py:149} INFO - [2023-06-08T19:14:33.623+0000] {taskmixin.py:211} WARNING - Dependency <Task(_PythonDecoratedOperator): log_sql_query>, print_the_context already registered for DAG: example_python_operator
[2023-06-08T19:14:33.624+0000] {logging_mixin.py:149} INFO - [2023-06-08T19:14:33.624+0000] {taskmixin.py:211} WARNING - Dependency <Task(_PythonDecoratedOperator): print_the_context>, log_sql_query already registered for DAG: example_python_operator
[2023-06-08T19:14:33.624+0000] {logging_mixin.py:149} INFO - [2023-06-08T19:14:33.624+0000] {taskmixin.py:211} WARNING - Dependency <Task(_PythonDecoratedOperator): log_sql_query>, print_the_context already registered for DAG: example_python_operator
[2023-06-08T19:14:33.625+0000] {logging_mixin.py:149} INFO - [2023-06-08T19:14:33.625+0000] {taskmixin.py:211} WARNING - Dependency <Task(_PythonDecoratedOperator): print_the_context>, log_sql_query already registered for DAG: example_python_operator
[2023-06-08T19:14:33.625+0000] {logging_mixin.py:149} INFO - [2023-06-08T19:14:33.625+0000] {taskmixin.py:211} WARNING - Dependency <Task(_PythonDecoratedOperator): log_sql_query>, print_the_context already registered for DAG: example_python_operator
[2023-06-08T19:14:33.627+0000] {processor.py:836} INFO - DAG(s) dict_keys(['example_python_operator']) retrieved from /home/airflow/.local/lib/python3.7/site-packages/airflow/example_dags/example_python_operator.py
[2023-06-08T19:14:33.645+0000] {logging_mixin.py:149} INFO - [2023-06-08T19:14:33.645+0000] {dag.py:2726} INFO - Sync 1 DAGs
[2023-06-08T19:14:33.660+0000] {logging_mixin.py:149} INFO - [2023-06-08T19:14:33.660+0000] {dag.py:3490} INFO - Setting next_dagrun for example_python_operator to None, run_after=None
[2023-06-08T19:14:33.669+0000] {processor.py:179} INFO - Processing /home/airflow/.local/lib/python3.7/site-packages/airflow/example_dags/example_python_operator.py took 0.056 seconds
[2023-06-08T19:15:03.768+0000] {processor.py:157} INFO - Started process (PID=6745) to work on /home/airflow/.local/lib/python3.7/site-packages/airflow/example_dags/example_python_operator.py
[2023-06-08T19:15:03.769+0000] {processor.py:826} INFO - Processing file /home/airflow/.local/lib/python3.7/site-packages/airflow/example_dags/example_python_operator.py for tasks to queue
[2023-06-08T19:15:03.770+0000] {logging_mixin.py:149} INFO - [2023-06-08T19:15:03.770+0000] {dagbag.py:541} INFO - Filling up the DagBag from /home/airflow/.local/lib/python3.7/site-packages/airflow/example_dags/example_python_operator.py
[2023-06-08T19:15:03.774+0000] {logging_mixin.py:149} INFO - [2023-06-08T19:15:03.774+0000] {taskmixin.py:211} WARNING - Dependency <Task(_PythonDecoratedOperator): print_the_context>, log_sql_query already registered for DAG: example_python_operator
[2023-06-08T19:15:03.775+0000] {logging_mixin.py:149} INFO - [2023-06-08T19:15:03.775+0000] {taskmixin.py:211} WARNING - Dependency <Task(_PythonDecoratedOperator): log_sql_query>, print_the_context already registered for DAG: example_python_operator
[2023-06-08T19:15:03.775+0000] {logging_mixin.py:149} INFO - [2023-06-08T19:15:03.775+0000] {taskmixin.py:211} WARNING - Dependency <Task(_PythonDecoratedOperator): print_the_context>, log_sql_query already registered for DAG: example_python_operator
[2023-06-08T19:15:03.776+0000] {logging_mixin.py:149} INFO - [2023-06-08T19:15:03.776+0000] {taskmixin.py:211} WARNING - Dependency <Task(_PythonDecoratedOperator): log_sql_query>, print_the_context already registered for DAG: example_python_operator
[2023-06-08T19:15:03.776+0000] {logging_mixin.py:149} INFO - [2023-06-08T19:15:03.776+0000] {taskmixin.py:211} WARNING - Dependency <Task(_PythonDecoratedOperator): print_the_context>, log_sql_query already registered for DAG: example_python_operator
[2023-06-08T19:15:03.777+0000] {logging_mixin.py:149} INFO - [2023-06-08T19:15:03.777+0000] {taskmixin.py:211} WARNING - Dependency <Task(_PythonDecoratedOperator): log_sql_query>, print_the_context already registered for DAG: example_python_operator
[2023-06-08T19:15:03.777+0000] {logging_mixin.py:149} INFO - [2023-06-08T19:15:03.777+0000] {taskmixin.py:211} WARNING - Dependency <Task(_PythonDecoratedOperator): print_the_context>, log_sql_query already registered for DAG: example_python_operator
[2023-06-08T19:15:03.778+0000] {logging_mixin.py:149} INFO - [2023-06-08T19:15:03.777+0000] {taskmixin.py:211} WARNING - Dependency <Task(_PythonDecoratedOperator): log_sql_query>, print_the_context already registered for DAG: example_python_operator
[2023-06-08T19:15:03.779+0000] {processor.py:836} INFO - DAG(s) dict_keys(['example_python_operator']) retrieved from /home/airflow/.local/lib/python3.7/site-packages/airflow/example_dags/example_python_operator.py
[2023-06-08T19:15:03.798+0000] {logging_mixin.py:149} INFO - [2023-06-08T19:15:03.798+0000] {dag.py:2726} INFO - Sync 1 DAGs
[2023-06-08T19:15:03.813+0000] {logging_mixin.py:149} INFO - [2023-06-08T19:15:03.812+0000] {dag.py:3490} INFO - Setting next_dagrun for example_python_operator to None, run_after=None
[2023-06-08T19:15:03.823+0000] {processor.py:179} INFO - Processing /home/airflow/.local/lib/python3.7/site-packages/airflow/example_dags/example_python_operator.py took 0.058 seconds
