[2023-06-08T19:01:26.052+0000] {processor.py:157} INFO - Started process (PID=337) to work on /home/airflow/.local/lib/python3.7/site-packages/airflow/example_dags/example_sla_dag.py
[2023-06-08T19:01:26.053+0000] {processor.py:826} INFO - Processing file /home/airflow/.local/lib/python3.7/site-packages/airflow/example_dags/example_sla_dag.py for tasks to queue
[2023-06-08T19:01:26.054+0000] {logging_mixin.py:149} INFO - [2023-06-08T19:01:26.054+0000] {dagbag.py:541} INFO - Filling up the DagBag from /home/airflow/.local/lib/python3.7/site-packages/airflow/example_dags/example_sla_dag.py
[2023-06-08T19:01:26.060+0000] {processor.py:836} INFO - DAG(s) dict_keys(['example_sla_dag']) retrieved from /home/airflow/.local/lib/python3.7/site-packages/airflow/example_dags/example_sla_dag.py
[2023-06-08T19:01:26.070+0000] {logging_mixin.py:149} INFO - [2023-06-08T19:01:26.070+0000] {dag.py:2726} INFO - Sync 1 DAGs
[2023-06-08T19:01:26.086+0000] {logging_mixin.py:149} INFO - [2023-06-08T19:01:26.086+0000] {dag.py:3490} INFO - Setting next_dagrun for example_sla_dag to 2023-06-08T18:58:00+00:00, run_after=2023-06-08T19:00:00+00:00
[2023-06-08T19:01:26.098+0000] {processor.py:179} INFO - Processing /home/airflow/.local/lib/python3.7/site-packages/airflow/example_dags/example_sla_dag.py took 0.048 seconds
[2023-06-08T19:01:57.575+0000] {processor.py:157} INFO - Started process (PID=574) to work on /home/airflow/.local/lib/python3.7/site-packages/airflow/example_dags/example_sla_dag.py
[2023-06-08T19:01:57.576+0000] {processor.py:826} INFO - Processing file /home/airflow/.local/lib/python3.7/site-packages/airflow/example_dags/example_sla_dag.py for tasks to queue
[2023-06-08T19:01:57.576+0000] {logging_mixin.py:149} INFO - [2023-06-08T19:01:57.576+0000] {dagbag.py:541} INFO - Filling up the DagBag from /home/airflow/.local/lib/python3.7/site-packages/airflow/example_dags/example_sla_dag.py
[2023-06-08T19:01:57.582+0000] {processor.py:836} INFO - DAG(s) dict_keys(['example_sla_dag']) retrieved from /home/airflow/.local/lib/python3.7/site-packages/airflow/example_dags/example_sla_dag.py
[2023-06-08T19:01:57.598+0000] {logging_mixin.py:149} INFO - [2023-06-08T19:01:57.598+0000] {dag.py:2726} INFO - Sync 1 DAGs
[2023-06-08T19:01:57.614+0000] {logging_mixin.py:149} INFO - [2023-06-08T19:01:57.614+0000] {dag.py:3490} INFO - Setting next_dagrun for example_sla_dag to 2023-06-08T18:58:00+00:00, run_after=2023-06-08T19:00:00+00:00
[2023-06-08T19:01:57.625+0000] {processor.py:179} INFO - Processing /home/airflow/.local/lib/python3.7/site-packages/airflow/example_dags/example_sla_dag.py took 0.052 seconds
[2023-06-08T19:02:27.890+0000] {processor.py:157} INFO - Started process (PID=811) to work on /home/airflow/.local/lib/python3.7/site-packages/airflow/example_dags/example_sla_dag.py
[2023-06-08T19:02:27.891+0000] {processor.py:826} INFO - Processing file /home/airflow/.local/lib/python3.7/site-packages/airflow/example_dags/example_sla_dag.py for tasks to queue
[2023-06-08T19:02:27.892+0000] {logging_mixin.py:149} INFO - [2023-06-08T19:02:27.892+0000] {dagbag.py:541} INFO - Filling up the DagBag from /home/airflow/.local/lib/python3.7/site-packages/airflow/example_dags/example_sla_dag.py
[2023-06-08T19:02:27.899+0000] {processor.py:836} INFO - DAG(s) dict_keys(['example_sla_dag']) retrieved from /home/airflow/.local/lib/python3.7/site-packages/airflow/example_dags/example_sla_dag.py
[2023-06-08T19:02:27.914+0000] {logging_mixin.py:149} INFO - [2023-06-08T19:02:27.914+0000] {dag.py:2726} INFO - Sync 1 DAGs
[2023-06-08T19:02:27.930+0000] {logging_mixin.py:149} INFO - [2023-06-08T19:02:27.930+0000] {dag.py:3490} INFO - Setting next_dagrun for example_sla_dag to 2023-06-08T19:00:00+00:00, run_after=2023-06-08T19:02:00+00:00
[2023-06-08T19:02:27.939+0000] {processor.py:179} INFO - Processing /home/airflow/.local/lib/python3.7/site-packages/airflow/example_dags/example_sla_dag.py took 0.051 seconds
[2023-06-08T19:02:59.093+0000] {processor.py:157} INFO - Started process (PID=1098) to work on /home/airflow/.local/lib/python3.7/site-packages/airflow/example_dags/example_sla_dag.py
[2023-06-08T19:02:59.094+0000] {processor.py:826} INFO - Processing file /home/airflow/.local/lib/python3.7/site-packages/airflow/example_dags/example_sla_dag.py for tasks to queue
[2023-06-08T19:02:59.095+0000] {logging_mixin.py:149} INFO - [2023-06-08T19:02:59.094+0000] {dagbag.py:541} INFO - Filling up the DagBag from /home/airflow/.local/lib/python3.7/site-packages/airflow/example_dags/example_sla_dag.py
[2023-06-08T19:02:59.100+0000] {processor.py:836} INFO - DAG(s) dict_keys(['example_sla_dag']) retrieved from /home/airflow/.local/lib/python3.7/site-packages/airflow/example_dags/example_sla_dag.py
[2023-06-08T19:02:59.116+0000] {logging_mixin.py:149} INFO - [2023-06-08T19:02:59.116+0000] {dag.py:2726} INFO - Sync 1 DAGs
[2023-06-08T19:02:59.132+0000] {logging_mixin.py:149} INFO - [2023-06-08T19:02:59.131+0000] {dag.py:3490} INFO - Setting next_dagrun for example_sla_dag to 2023-06-08T19:00:00+00:00, run_after=2023-06-08T19:02:00+00:00
[2023-06-08T19:02:59.141+0000] {processor.py:179} INFO - Processing /home/airflow/.local/lib/python3.7/site-packages/airflow/example_dags/example_sla_dag.py took 0.050 seconds
[2023-06-08T19:03:29.426+0000] {processor.py:157} INFO - Started process (PID=1383) to work on /home/airflow/.local/lib/python3.7/site-packages/airflow/example_dags/example_sla_dag.py
[2023-06-08T19:03:29.428+0000] {processor.py:826} INFO - Processing file /home/airflow/.local/lib/python3.7/site-packages/airflow/example_dags/example_sla_dag.py for tasks to queue
[2023-06-08T19:03:29.429+0000] {logging_mixin.py:149} INFO - [2023-06-08T19:03:29.429+0000] {dagbag.py:541} INFO - Filling up the DagBag from /home/airflow/.local/lib/python3.7/site-packages/airflow/example_dags/example_sla_dag.py
[2023-06-08T19:03:29.434+0000] {processor.py:836} INFO - DAG(s) dict_keys(['example_sla_dag']) retrieved from /home/airflow/.local/lib/python3.7/site-packages/airflow/example_dags/example_sla_dag.py
[2023-06-08T19:03:29.454+0000] {logging_mixin.py:149} INFO - [2023-06-08T19:03:29.454+0000] {dag.py:2726} INFO - Sync 1 DAGs
[2023-06-08T19:03:29.470+0000] {logging_mixin.py:149} INFO - [2023-06-08T19:03:29.470+0000] {dag.py:3490} INFO - Setting next_dagrun for example_sla_dag to 2023-06-08T19:00:00+00:00, run_after=2023-06-08T19:02:00+00:00
[2023-06-08T19:03:29.481+0000] {processor.py:179} INFO - Processing /home/airflow/.local/lib/python3.7/site-packages/airflow/example_dags/example_sla_dag.py took 0.057 seconds
[2023-06-08T19:03:59.641+0000] {processor.py:157} INFO - Started process (PID=1619) to work on /home/airflow/.local/lib/python3.7/site-packages/airflow/example_dags/example_sla_dag.py
[2023-06-08T19:03:59.642+0000] {processor.py:826} INFO - Processing file /home/airflow/.local/lib/python3.7/site-packages/airflow/example_dags/example_sla_dag.py for tasks to queue
[2023-06-08T19:03:59.643+0000] {logging_mixin.py:149} INFO - [2023-06-08T19:03:59.643+0000] {dagbag.py:541} INFO - Filling up the DagBag from /home/airflow/.local/lib/python3.7/site-packages/airflow/example_dags/example_sla_dag.py
[2023-06-08T19:03:59.649+0000] {processor.py:836} INFO - DAG(s) dict_keys(['example_sla_dag']) retrieved from /home/airflow/.local/lib/python3.7/site-packages/airflow/example_dags/example_sla_dag.py
[2023-06-08T19:03:59.664+0000] {logging_mixin.py:149} INFO - [2023-06-08T19:03:59.664+0000] {dag.py:2726} INFO - Sync 1 DAGs
[2023-06-08T19:03:59.679+0000] {logging_mixin.py:149} INFO - [2023-06-08T19:03:59.679+0000] {dag.py:3490} INFO - Setting next_dagrun for example_sla_dag to 2023-06-08T19:00:00+00:00, run_after=2023-06-08T19:02:00+00:00
[2023-06-08T19:03:59.689+0000] {processor.py:179} INFO - Processing /home/airflow/.local/lib/python3.7/site-packages/airflow/example_dags/example_sla_dag.py took 0.050 seconds
[2023-06-08T19:04:29.935+0000] {processor.py:157} INFO - Started process (PID=1858) to work on /home/airflow/.local/lib/python3.7/site-packages/airflow/example_dags/example_sla_dag.py
[2023-06-08T19:04:29.936+0000] {processor.py:826} INFO - Processing file /home/airflow/.local/lib/python3.7/site-packages/airflow/example_dags/example_sla_dag.py for tasks to queue
[2023-06-08T19:04:29.938+0000] {logging_mixin.py:149} INFO - [2023-06-08T19:04:29.937+0000] {dagbag.py:541} INFO - Filling up the DagBag from /home/airflow/.local/lib/python3.7/site-packages/airflow/example_dags/example_sla_dag.py
[2023-06-08T19:04:29.943+0000] {processor.py:836} INFO - DAG(s) dict_keys(['example_sla_dag']) retrieved from /home/airflow/.local/lib/python3.7/site-packages/airflow/example_dags/example_sla_dag.py
[2023-06-08T19:04:29.959+0000] {logging_mixin.py:149} INFO - [2023-06-08T19:04:29.959+0000] {dag.py:2726} INFO - Sync 1 DAGs
[2023-06-08T19:04:29.974+0000] {logging_mixin.py:149} INFO - [2023-06-08T19:04:29.974+0000] {dag.py:3490} INFO - Setting next_dagrun for example_sla_dag to 2023-06-08T19:02:00+00:00, run_after=2023-06-08T19:04:00+00:00
[2023-06-08T19:04:29.984+0000] {processor.py:179} INFO - Processing /home/airflow/.local/lib/python3.7/site-packages/airflow/example_dags/example_sla_dag.py took 0.051 seconds
[2023-06-08T19:05:00.167+0000] {processor.py:157} INFO - Started process (PID=2095) to work on /home/airflow/.local/lib/python3.7/site-packages/airflow/example_dags/example_sla_dag.py
[2023-06-08T19:05:00.168+0000] {processor.py:826} INFO - Processing file /home/airflow/.local/lib/python3.7/site-packages/airflow/example_dags/example_sla_dag.py for tasks to queue
[2023-06-08T19:05:00.169+0000] {logging_mixin.py:149} INFO - [2023-06-08T19:05:00.169+0000] {dagbag.py:541} INFO - Filling up the DagBag from /home/airflow/.local/lib/python3.7/site-packages/airflow/example_dags/example_sla_dag.py
[2023-06-08T19:05:00.175+0000] {processor.py:836} INFO - DAG(s) dict_keys(['example_sla_dag']) retrieved from /home/airflow/.local/lib/python3.7/site-packages/airflow/example_dags/example_sla_dag.py
[2023-06-08T19:05:00.191+0000] {logging_mixin.py:149} INFO - [2023-06-08T19:05:00.191+0000] {dag.py:2726} INFO - Sync 1 DAGs
[2023-06-08T19:05:00.207+0000] {logging_mixin.py:149} INFO - [2023-06-08T19:05:00.207+0000] {dag.py:3490} INFO - Setting next_dagrun for example_sla_dag to 2023-06-08T19:02:00+00:00, run_after=2023-06-08T19:04:00+00:00
[2023-06-08T19:05:00.216+0000] {processor.py:179} INFO - Processing /home/airflow/.local/lib/python3.7/site-packages/airflow/example_dags/example_sla_dag.py took 0.051 seconds
[2023-06-08T19:05:30.401+0000] {processor.py:157} INFO - Started process (PID=2330) to work on /home/airflow/.local/lib/python3.7/site-packages/airflow/example_dags/example_sla_dag.py
[2023-06-08T19:05:30.402+0000] {processor.py:826} INFO - Processing file /home/airflow/.local/lib/python3.7/site-packages/airflow/example_dags/example_sla_dag.py for tasks to queue
[2023-06-08T19:05:30.403+0000] {logging_mixin.py:149} INFO - [2023-06-08T19:05:30.403+0000] {dagbag.py:541} INFO - Filling up the DagBag from /home/airflow/.local/lib/python3.7/site-packages/airflow/example_dags/example_sla_dag.py
[2023-06-08T19:05:30.408+0000] {processor.py:836} INFO - DAG(s) dict_keys(['example_sla_dag']) retrieved from /home/airflow/.local/lib/python3.7/site-packages/airflow/example_dags/example_sla_dag.py
[2023-06-08T19:05:30.424+0000] {logging_mixin.py:149} INFO - [2023-06-08T19:05:30.424+0000] {dag.py:2726} INFO - Sync 1 DAGs
[2023-06-08T19:05:30.439+0000] {logging_mixin.py:149} INFO - [2023-06-08T19:05:30.438+0000] {dag.py:3490} INFO - Setting next_dagrun for example_sla_dag to 2023-06-08T19:02:00+00:00, run_after=2023-06-08T19:04:00+00:00
[2023-06-08T19:05:30.448+0000] {processor.py:179} INFO - Processing /home/airflow/.local/lib/python3.7/site-packages/airflow/example_dags/example_sla_dag.py took 0.049 seconds
[2023-06-08T19:06:00.778+0000] {processor.py:157} INFO - Started process (PID=2569) to work on /home/airflow/.local/lib/python3.7/site-packages/airflow/example_dags/example_sla_dag.py
[2023-06-08T19:06:00.779+0000] {processor.py:826} INFO - Processing file /home/airflow/.local/lib/python3.7/site-packages/airflow/example_dags/example_sla_dag.py for tasks to queue
[2023-06-08T19:06:00.779+0000] {logging_mixin.py:149} INFO - [2023-06-08T19:06:00.779+0000] {dagbag.py:541} INFO - Filling up the DagBag from /home/airflow/.local/lib/python3.7/site-packages/airflow/example_dags/example_sla_dag.py
[2023-06-08T19:06:00.785+0000] {processor.py:836} INFO - DAG(s) dict_keys(['example_sla_dag']) retrieved from /home/airflow/.local/lib/python3.7/site-packages/airflow/example_dags/example_sla_dag.py
[2023-06-08T19:06:00.802+0000] {logging_mixin.py:149} INFO - [2023-06-08T19:06:00.802+0000] {dag.py:2726} INFO - Sync 1 DAGs
[2023-06-08T19:06:00.818+0000] {logging_mixin.py:149} INFO - [2023-06-08T19:06:00.818+0000] {dag.py:3490} INFO - Setting next_dagrun for example_sla_dag to 2023-06-08T19:04:00+00:00, run_after=2023-06-08T19:06:00+00:00
[2023-06-08T19:06:00.827+0000] {processor.py:179} INFO - Processing /home/airflow/.local/lib/python3.7/site-packages/airflow/example_dags/example_sla_dag.py took 0.052 seconds
[2023-06-08T19:06:31.113+0000] {processor.py:157} INFO - Started process (PID=2806) to work on /home/airflow/.local/lib/python3.7/site-packages/airflow/example_dags/example_sla_dag.py
[2023-06-08T19:06:31.114+0000] {processor.py:826} INFO - Processing file /home/airflow/.local/lib/python3.7/site-packages/airflow/example_dags/example_sla_dag.py for tasks to queue
[2023-06-08T19:06:31.115+0000] {logging_mixin.py:149} INFO - [2023-06-08T19:06:31.115+0000] {dagbag.py:541} INFO - Filling up the DagBag from /home/airflow/.local/lib/python3.7/site-packages/airflow/example_dags/example_sla_dag.py
[2023-06-08T19:06:31.121+0000] {processor.py:836} INFO - DAG(s) dict_keys(['example_sla_dag']) retrieved from /home/airflow/.local/lib/python3.7/site-packages/airflow/example_dags/example_sla_dag.py
[2023-06-08T19:06:31.138+0000] {logging_mixin.py:149} INFO - [2023-06-08T19:06:31.138+0000] {dag.py:2726} INFO - Sync 1 DAGs
[2023-06-08T19:06:31.153+0000] {logging_mixin.py:149} INFO - [2023-06-08T19:06:31.153+0000] {dag.py:3490} INFO - Setting next_dagrun for example_sla_dag to 2023-06-08T19:04:00+00:00, run_after=2023-06-08T19:06:00+00:00
[2023-06-08T19:06:31.163+0000] {processor.py:179} INFO - Processing /home/airflow/.local/lib/python3.7/site-packages/airflow/example_dags/example_sla_dag.py took 0.052 seconds
[2023-06-08T19:07:01.416+0000] {processor.py:157} INFO - Started process (PID=3043) to work on /home/airflow/.local/lib/python3.7/site-packages/airflow/example_dags/example_sla_dag.py
[2023-06-08T19:07:01.417+0000] {processor.py:826} INFO - Processing file /home/airflow/.local/lib/python3.7/site-packages/airflow/example_dags/example_sla_dag.py for tasks to queue
[2023-06-08T19:07:01.418+0000] {logging_mixin.py:149} INFO - [2023-06-08T19:07:01.418+0000] {dagbag.py:541} INFO - Filling up the DagBag from /home/airflow/.local/lib/python3.7/site-packages/airflow/example_dags/example_sla_dag.py
[2023-06-08T19:07:01.424+0000] {processor.py:836} INFO - DAG(s) dict_keys(['example_sla_dag']) retrieved from /home/airflow/.local/lib/python3.7/site-packages/airflow/example_dags/example_sla_dag.py
[2023-06-08T19:07:01.440+0000] {logging_mixin.py:149} INFO - [2023-06-08T19:07:01.440+0000] {dag.py:2726} INFO - Sync 1 DAGs
[2023-06-08T19:07:01.456+0000] {logging_mixin.py:149} INFO - [2023-06-08T19:07:01.456+0000] {dag.py:3490} INFO - Setting next_dagrun for example_sla_dag to 2023-06-08T19:04:00+00:00, run_after=2023-06-08T19:06:00+00:00
[2023-06-08T19:07:01.466+0000] {processor.py:179} INFO - Processing /home/airflow/.local/lib/python3.7/site-packages/airflow/example_dags/example_sla_dag.py took 0.053 seconds
[2023-06-08T19:07:31.740+0000] {processor.py:157} INFO - Started process (PID=3280) to work on /home/airflow/.local/lib/python3.7/site-packages/airflow/example_dags/example_sla_dag.py
[2023-06-08T19:07:31.741+0000] {processor.py:826} INFO - Processing file /home/airflow/.local/lib/python3.7/site-packages/airflow/example_dags/example_sla_dag.py for tasks to queue
[2023-06-08T19:07:31.742+0000] {logging_mixin.py:149} INFO - [2023-06-08T19:07:31.742+0000] {dagbag.py:541} INFO - Filling up the DagBag from /home/airflow/.local/lib/python3.7/site-packages/airflow/example_dags/example_sla_dag.py
[2023-06-08T19:07:31.748+0000] {processor.py:836} INFO - DAG(s) dict_keys(['example_sla_dag']) retrieved from /home/airflow/.local/lib/python3.7/site-packages/airflow/example_dags/example_sla_dag.py
[2023-06-08T19:07:31.764+0000] {logging_mixin.py:149} INFO - [2023-06-08T19:07:31.764+0000] {dag.py:2726} INFO - Sync 1 DAGs
[2023-06-08T19:07:31.780+0000] {logging_mixin.py:149} INFO - [2023-06-08T19:07:31.780+0000] {dag.py:3490} INFO - Setting next_dagrun for example_sla_dag to 2023-06-08T19:04:00+00:00, run_after=2023-06-08T19:06:00+00:00
[2023-06-08T19:07:31.789+0000] {processor.py:179} INFO - Processing /home/airflow/.local/lib/python3.7/site-packages/airflow/example_dags/example_sla_dag.py took 0.052 seconds
[2023-06-08T19:08:01.921+0000] {processor.py:157} INFO - Started process (PID=3515) to work on /home/airflow/.local/lib/python3.7/site-packages/airflow/example_dags/example_sla_dag.py
[2023-06-08T19:08:01.921+0000] {processor.py:826} INFO - Processing file /home/airflow/.local/lib/python3.7/site-packages/airflow/example_dags/example_sla_dag.py for tasks to queue
[2023-06-08T19:08:01.922+0000] {logging_mixin.py:149} INFO - [2023-06-08T19:08:01.922+0000] {dagbag.py:541} INFO - Filling up the DagBag from /home/airflow/.local/lib/python3.7/site-packages/airflow/example_dags/example_sla_dag.py
[2023-06-08T19:08:01.927+0000] {processor.py:836} INFO - DAG(s) dict_keys(['example_sla_dag']) retrieved from /home/airflow/.local/lib/python3.7/site-packages/airflow/example_dags/example_sla_dag.py
[2023-06-08T19:08:01.944+0000] {logging_mixin.py:149} INFO - [2023-06-08T19:08:01.944+0000] {dag.py:2726} INFO - Sync 1 DAGs
[2023-06-08T19:08:01.959+0000] {logging_mixin.py:149} INFO - [2023-06-08T19:08:01.959+0000] {dag.py:3490} INFO - Setting next_dagrun for example_sla_dag to 2023-06-08T19:06:00+00:00, run_after=2023-06-08T19:08:00+00:00
[2023-06-08T19:08:01.969+0000] {processor.py:179} INFO - Processing /home/airflow/.local/lib/python3.7/site-packages/airflow/example_dags/example_sla_dag.py took 0.051 seconds
[2023-06-08T19:08:32.365+0000] {processor.py:157} INFO - Started process (PID=3754) to work on /home/airflow/.local/lib/python3.7/site-packages/airflow/example_dags/example_sla_dag.py
[2023-06-08T19:08:32.366+0000] {processor.py:826} INFO - Processing file /home/airflow/.local/lib/python3.7/site-packages/airflow/example_dags/example_sla_dag.py for tasks to queue
[2023-06-08T19:08:32.367+0000] {logging_mixin.py:149} INFO - [2023-06-08T19:08:32.367+0000] {dagbag.py:541} INFO - Filling up the DagBag from /home/airflow/.local/lib/python3.7/site-packages/airflow/example_dags/example_sla_dag.py
[2023-06-08T19:08:32.373+0000] {processor.py:836} INFO - DAG(s) dict_keys(['example_sla_dag']) retrieved from /home/airflow/.local/lib/python3.7/site-packages/airflow/example_dags/example_sla_dag.py
[2023-06-08T19:08:32.389+0000] {logging_mixin.py:149} INFO - [2023-06-08T19:08:32.389+0000] {dag.py:2726} INFO - Sync 1 DAGs
[2023-06-08T19:08:32.405+0000] {logging_mixin.py:149} INFO - [2023-06-08T19:08:32.405+0000] {dag.py:3490} INFO - Setting next_dagrun for example_sla_dag to 2023-06-08T19:06:00+00:00, run_after=2023-06-08T19:08:00+00:00
[2023-06-08T19:08:32.414+0000] {processor.py:179} INFO - Processing /home/airflow/.local/lib/python3.7/site-packages/airflow/example_dags/example_sla_dag.py took 0.052 seconds
[2023-06-08T19:09:02.569+0000] {processor.py:157} INFO - Started process (PID=3989) to work on /home/airflow/.local/lib/python3.7/site-packages/airflow/example_dags/example_sla_dag.py
[2023-06-08T19:09:02.570+0000] {processor.py:826} INFO - Processing file /home/airflow/.local/lib/python3.7/site-packages/airflow/example_dags/example_sla_dag.py for tasks to queue
[2023-06-08T19:09:02.571+0000] {logging_mixin.py:149} INFO - [2023-06-08T19:09:02.570+0000] {dagbag.py:541} INFO - Filling up the DagBag from /home/airflow/.local/lib/python3.7/site-packages/airflow/example_dags/example_sla_dag.py
[2023-06-08T19:09:02.576+0000] {processor.py:836} INFO - DAG(s) dict_keys(['example_sla_dag']) retrieved from /home/airflow/.local/lib/python3.7/site-packages/airflow/example_dags/example_sla_dag.py
[2023-06-08T19:09:02.593+0000] {logging_mixin.py:149} INFO - [2023-06-08T19:09:02.593+0000] {dag.py:2726} INFO - Sync 1 DAGs
[2023-06-08T19:09:02.608+0000] {logging_mixin.py:149} INFO - [2023-06-08T19:09:02.608+0000] {dag.py:3490} INFO - Setting next_dagrun for example_sla_dag to 2023-06-08T19:06:00+00:00, run_after=2023-06-08T19:08:00+00:00
[2023-06-08T19:09:02.619+0000] {processor.py:179} INFO - Processing /home/airflow/.local/lib/python3.7/site-packages/airflow/example_dags/example_sla_dag.py took 0.052 seconds
[2023-06-08T19:09:33.816+0000] {processor.py:157} INFO - Started process (PID=4228) to work on /home/airflow/.local/lib/python3.7/site-packages/airflow/example_dags/example_sla_dag.py
[2023-06-08T19:09:33.817+0000] {processor.py:826} INFO - Processing file /home/airflow/.local/lib/python3.7/site-packages/airflow/example_dags/example_sla_dag.py for tasks to queue
[2023-06-08T19:09:33.817+0000] {logging_mixin.py:149} INFO - [2023-06-08T19:09:33.817+0000] {dagbag.py:541} INFO - Filling up the DagBag from /home/airflow/.local/lib/python3.7/site-packages/airflow/example_dags/example_sla_dag.py
[2023-06-08T19:09:33.824+0000] {processor.py:836} INFO - DAG(s) dict_keys(['example_sla_dag']) retrieved from /home/airflow/.local/lib/python3.7/site-packages/airflow/example_dags/example_sla_dag.py
[2023-06-08T19:09:33.840+0000] {logging_mixin.py:149} INFO - [2023-06-08T19:09:33.840+0000] {dag.py:2726} INFO - Sync 1 DAGs
[2023-06-08T19:09:33.856+0000] {logging_mixin.py:149} INFO - [2023-06-08T19:09:33.856+0000] {dag.py:3490} INFO - Setting next_dagrun for example_sla_dag to 2023-06-08T19:06:00+00:00, run_after=2023-06-08T19:08:00+00:00
[2023-06-08T19:09:33.865+0000] {processor.py:179} INFO - Processing /home/airflow/.local/lib/python3.7/site-packages/airflow/example_dags/example_sla_dag.py took 0.052 seconds
[2023-06-08T19:10:04.085+0000] {processor.py:157} INFO - Started process (PID=4465) to work on /home/airflow/.local/lib/python3.7/site-packages/airflow/example_dags/example_sla_dag.py
[2023-06-08T19:10:04.086+0000] {processor.py:826} INFO - Processing file /home/airflow/.local/lib/python3.7/site-packages/airflow/example_dags/example_sla_dag.py for tasks to queue
[2023-06-08T19:10:04.087+0000] {logging_mixin.py:149} INFO - [2023-06-08T19:10:04.087+0000] {dagbag.py:541} INFO - Filling up the DagBag from /home/airflow/.local/lib/python3.7/site-packages/airflow/example_dags/example_sla_dag.py
[2023-06-08T19:10:04.093+0000] {processor.py:836} INFO - DAG(s) dict_keys(['example_sla_dag']) retrieved from /home/airflow/.local/lib/python3.7/site-packages/airflow/example_dags/example_sla_dag.py
[2023-06-08T19:10:04.109+0000] {logging_mixin.py:149} INFO - [2023-06-08T19:10:04.109+0000] {dag.py:2726} INFO - Sync 1 DAGs
[2023-06-08T19:10:04.125+0000] {logging_mixin.py:149} INFO - [2023-06-08T19:10:04.124+0000] {dag.py:3490} INFO - Setting next_dagrun for example_sla_dag to 2023-06-08T19:08:00+00:00, run_after=2023-06-08T19:10:00+00:00
[2023-06-08T19:10:04.134+0000] {processor.py:179} INFO - Processing /home/airflow/.local/lib/python3.7/site-packages/airflow/example_dags/example_sla_dag.py took 0.052 seconds
[2023-06-08T19:10:34.308+0000] {processor.py:157} INFO - Started process (PID=4700) to work on /home/airflow/.local/lib/python3.7/site-packages/airflow/example_dags/example_sla_dag.py
[2023-06-08T19:10:34.309+0000] {processor.py:826} INFO - Processing file /home/airflow/.local/lib/python3.7/site-packages/airflow/example_dags/example_sla_dag.py for tasks to queue
[2023-06-08T19:10:34.310+0000] {logging_mixin.py:149} INFO - [2023-06-08T19:10:34.310+0000] {dagbag.py:541} INFO - Filling up the DagBag from /home/airflow/.local/lib/python3.7/site-packages/airflow/example_dags/example_sla_dag.py
[2023-06-08T19:10:34.315+0000] {processor.py:836} INFO - DAG(s) dict_keys(['example_sla_dag']) retrieved from /home/airflow/.local/lib/python3.7/site-packages/airflow/example_dags/example_sla_dag.py
[2023-06-08T19:10:34.331+0000] {logging_mixin.py:149} INFO - [2023-06-08T19:10:34.331+0000] {dag.py:2726} INFO - Sync 1 DAGs
[2023-06-08T19:10:34.347+0000] {logging_mixin.py:149} INFO - [2023-06-08T19:10:34.347+0000] {dag.py:3490} INFO - Setting next_dagrun for example_sla_dag to 2023-06-08T19:08:00+00:00, run_after=2023-06-08T19:10:00+00:00
[2023-06-08T19:10:34.356+0000] {processor.py:179} INFO - Processing /home/airflow/.local/lib/python3.7/site-packages/airflow/example_dags/example_sla_dag.py took 0.050 seconds
[2023-06-08T19:11:04.625+0000] {processor.py:157} INFO - Started process (PID=4937) to work on /home/airflow/.local/lib/python3.7/site-packages/airflow/example_dags/example_sla_dag.py
[2023-06-08T19:11:04.626+0000] {processor.py:826} INFO - Processing file /home/airflow/.local/lib/python3.7/site-packages/airflow/example_dags/example_sla_dag.py for tasks to queue
[2023-06-08T19:11:04.627+0000] {logging_mixin.py:149} INFO - [2023-06-08T19:11:04.627+0000] {dagbag.py:541} INFO - Filling up the DagBag from /home/airflow/.local/lib/python3.7/site-packages/airflow/example_dags/example_sla_dag.py
[2023-06-08T19:11:04.633+0000] {processor.py:836} INFO - DAG(s) dict_keys(['example_sla_dag']) retrieved from /home/airflow/.local/lib/python3.7/site-packages/airflow/example_dags/example_sla_dag.py
[2023-06-08T19:11:04.648+0000] {logging_mixin.py:149} INFO - [2023-06-08T19:11:04.648+0000] {dag.py:2726} INFO - Sync 1 DAGs
[2023-06-08T19:11:04.664+0000] {logging_mixin.py:149} INFO - [2023-06-08T19:11:04.663+0000] {dag.py:3490} INFO - Setting next_dagrun for example_sla_dag to 2023-06-08T19:08:00+00:00, run_after=2023-06-08T19:10:00+00:00
[2023-06-08T19:11:04.674+0000] {processor.py:179} INFO - Processing /home/airflow/.local/lib/python3.7/site-packages/airflow/example_dags/example_sla_dag.py took 0.051 seconds
[2023-06-08T19:11:34.903+0000] {processor.py:157} INFO - Started process (PID=5176) to work on /home/airflow/.local/lib/python3.7/site-packages/airflow/example_dags/example_sla_dag.py
[2023-06-08T19:11:34.904+0000] {processor.py:826} INFO - Processing file /home/airflow/.local/lib/python3.7/site-packages/airflow/example_dags/example_sla_dag.py for tasks to queue
[2023-06-08T19:11:34.905+0000] {logging_mixin.py:149} INFO - [2023-06-08T19:11:34.904+0000] {dagbag.py:541} INFO - Filling up the DagBag from /home/airflow/.local/lib/python3.7/site-packages/airflow/example_dags/example_sla_dag.py
[2023-06-08T19:11:34.910+0000] {processor.py:836} INFO - DAG(s) dict_keys(['example_sla_dag']) retrieved from /home/airflow/.local/lib/python3.7/site-packages/airflow/example_dags/example_sla_dag.py
[2023-06-08T19:11:34.926+0000] {logging_mixin.py:149} INFO - [2023-06-08T19:11:34.926+0000] {dag.py:2726} INFO - Sync 1 DAGs
[2023-06-08T19:11:34.940+0000] {logging_mixin.py:149} INFO - [2023-06-08T19:11:34.940+0000] {dag.py:3490} INFO - Setting next_dagrun for example_sla_dag to 2023-06-08T19:08:00+00:00, run_after=2023-06-08T19:10:00+00:00
[2023-06-08T19:11:34.950+0000] {processor.py:179} INFO - Processing /home/airflow/.local/lib/python3.7/site-packages/airflow/example_dags/example_sla_dag.py took 0.049 seconds
[2023-06-08T19:12:05.167+0000] {processor.py:157} INFO - Started process (PID=5413) to work on /home/airflow/.local/lib/python3.7/site-packages/airflow/example_dags/example_sla_dag.py
[2023-06-08T19:12:05.168+0000] {processor.py:826} INFO - Processing file /home/airflow/.local/lib/python3.7/site-packages/airflow/example_dags/example_sla_dag.py for tasks to queue
[2023-06-08T19:12:05.169+0000] {logging_mixin.py:149} INFO - [2023-06-08T19:12:05.169+0000] {dagbag.py:541} INFO - Filling up the DagBag from /home/airflow/.local/lib/python3.7/site-packages/airflow/example_dags/example_sla_dag.py
[2023-06-08T19:12:05.174+0000] {processor.py:836} INFO - DAG(s) dict_keys(['example_sla_dag']) retrieved from /home/airflow/.local/lib/python3.7/site-packages/airflow/example_dags/example_sla_dag.py
[2023-06-08T19:12:05.191+0000] {logging_mixin.py:149} INFO - [2023-06-08T19:12:05.190+0000] {dag.py:2726} INFO - Sync 1 DAGs
[2023-06-08T19:12:05.206+0000] {logging_mixin.py:149} INFO - [2023-06-08T19:12:05.206+0000] {dag.py:3490} INFO - Setting next_dagrun for example_sla_dag to 2023-06-08T19:10:00+00:00, run_after=2023-06-08T19:12:00+00:00
[2023-06-08T19:12:05.215+0000] {processor.py:179} INFO - Processing /home/airflow/.local/lib/python3.7/site-packages/airflow/example_dags/example_sla_dag.py took 0.051 seconds
[2023-06-08T19:12:35.421+0000] {processor.py:157} INFO - Started process (PID=5651) to work on /home/airflow/.local/lib/python3.7/site-packages/airflow/example_dags/example_sla_dag.py
[2023-06-08T19:12:35.422+0000] {processor.py:826} INFO - Processing file /home/airflow/.local/lib/python3.7/site-packages/airflow/example_dags/example_sla_dag.py for tasks to queue
[2023-06-08T19:12:35.423+0000] {logging_mixin.py:149} INFO - [2023-06-08T19:12:35.423+0000] {dagbag.py:541} INFO - Filling up the DagBag from /home/airflow/.local/lib/python3.7/site-packages/airflow/example_dags/example_sla_dag.py
[2023-06-08T19:12:35.428+0000] {processor.py:836} INFO - DAG(s) dict_keys(['example_sla_dag']) retrieved from /home/airflow/.local/lib/python3.7/site-packages/airflow/example_dags/example_sla_dag.py
[2023-06-08T19:12:35.445+0000] {logging_mixin.py:149} INFO - [2023-06-08T19:12:35.445+0000] {dag.py:2726} INFO - Sync 1 DAGs
[2023-06-08T19:12:35.460+0000] {logging_mixin.py:149} INFO - [2023-06-08T19:12:35.460+0000] {dag.py:3490} INFO - Setting next_dagrun for example_sla_dag to 2023-06-08T19:10:00+00:00, run_after=2023-06-08T19:12:00+00:00
[2023-06-08T19:12:35.469+0000] {processor.py:179} INFO - Processing /home/airflow/.local/lib/python3.7/site-packages/airflow/example_dags/example_sla_dag.py took 0.051 seconds
[2023-06-08T19:13:05.737+0000] {processor.py:157} INFO - Started process (PID=5888) to work on /home/airflow/.local/lib/python3.7/site-packages/airflow/example_dags/example_sla_dag.py
[2023-06-08T19:13:05.738+0000] {processor.py:826} INFO - Processing file /home/airflow/.local/lib/python3.7/site-packages/airflow/example_dags/example_sla_dag.py for tasks to queue
[2023-06-08T19:13:05.739+0000] {logging_mixin.py:149} INFO - [2023-06-08T19:13:05.739+0000] {dagbag.py:541} INFO - Filling up the DagBag from /home/airflow/.local/lib/python3.7/site-packages/airflow/example_dags/example_sla_dag.py
[2023-06-08T19:13:05.744+0000] {processor.py:836} INFO - DAG(s) dict_keys(['example_sla_dag']) retrieved from /home/airflow/.local/lib/python3.7/site-packages/airflow/example_dags/example_sla_dag.py
[2023-06-08T19:13:05.761+0000] {logging_mixin.py:149} INFO - [2023-06-08T19:13:05.761+0000] {dag.py:2726} INFO - Sync 1 DAGs
[2023-06-08T19:13:05.777+0000] {logging_mixin.py:149} INFO - [2023-06-08T19:13:05.777+0000] {dag.py:3490} INFO - Setting next_dagrun for example_sla_dag to 2023-06-08T19:10:00+00:00, run_after=2023-06-08T19:12:00+00:00
[2023-06-08T19:13:05.787+0000] {processor.py:179} INFO - Processing /home/airflow/.local/lib/python3.7/site-packages/airflow/example_dags/example_sla_dag.py took 0.053 seconds
[2023-06-08T19:13:36.010+0000] {processor.py:157} INFO - Started process (PID=6123) to work on /home/airflow/.local/lib/python3.7/site-packages/airflow/example_dags/example_sla_dag.py
[2023-06-08T19:13:36.011+0000] {processor.py:826} INFO - Processing file /home/airflow/.local/lib/python3.7/site-packages/airflow/example_dags/example_sla_dag.py for tasks to queue
[2023-06-08T19:13:36.011+0000] {logging_mixin.py:149} INFO - [2023-06-08T19:13:36.011+0000] {dagbag.py:541} INFO - Filling up the DagBag from /home/airflow/.local/lib/python3.7/site-packages/airflow/example_dags/example_sla_dag.py
[2023-06-08T19:13:36.017+0000] {processor.py:836} INFO - DAG(s) dict_keys(['example_sla_dag']) retrieved from /home/airflow/.local/lib/python3.7/site-packages/airflow/example_dags/example_sla_dag.py
[2023-06-08T19:13:36.034+0000] {logging_mixin.py:149} INFO - [2023-06-08T19:13:36.034+0000] {dag.py:2726} INFO - Sync 1 DAGs
[2023-06-08T19:13:36.049+0000] {logging_mixin.py:149} INFO - [2023-06-08T19:13:36.049+0000] {dag.py:3490} INFO - Setting next_dagrun for example_sla_dag to 2023-06-08T19:10:00+00:00, run_after=2023-06-08T19:12:00+00:00
[2023-06-08T19:13:36.058+0000] {processor.py:179} INFO - Processing /home/airflow/.local/lib/python3.7/site-packages/airflow/example_dags/example_sla_dag.py took 0.051 seconds
[2023-06-08T19:14:07.186+0000] {processor.py:157} INFO - Started process (PID=6362) to work on /home/airflow/.local/lib/python3.7/site-packages/airflow/example_dags/example_sla_dag.py
[2023-06-08T19:14:07.187+0000] {processor.py:826} INFO - Processing file /home/airflow/.local/lib/python3.7/site-packages/airflow/example_dags/example_sla_dag.py for tasks to queue
[2023-06-08T19:14:07.188+0000] {logging_mixin.py:149} INFO - [2023-06-08T19:14:07.187+0000] {dagbag.py:541} INFO - Filling up the DagBag from /home/airflow/.local/lib/python3.7/site-packages/airflow/example_dags/example_sla_dag.py
[2023-06-08T19:14:07.194+0000] {processor.py:836} INFO - DAG(s) dict_keys(['example_sla_dag']) retrieved from /home/airflow/.local/lib/python3.7/site-packages/airflow/example_dags/example_sla_dag.py
[2023-06-08T19:14:07.210+0000] {logging_mixin.py:149} INFO - [2023-06-08T19:14:07.210+0000] {dag.py:2726} INFO - Sync 1 DAGs
[2023-06-08T19:14:07.226+0000] {logging_mixin.py:149} INFO - [2023-06-08T19:14:07.226+0000] {dag.py:3490} INFO - Setting next_dagrun for example_sla_dag to 2023-06-08T19:12:00+00:00, run_after=2023-06-08T19:14:00+00:00
[2023-06-08T19:14:07.236+0000] {processor.py:179} INFO - Processing /home/airflow/.local/lib/python3.7/site-packages/airflow/example_dags/example_sla_dag.py took 0.052 seconds
[2023-06-08T19:14:37.500+0000] {processor.py:157} INFO - Started process (PID=6600) to work on /home/airflow/.local/lib/python3.7/site-packages/airflow/example_dags/example_sla_dag.py
[2023-06-08T19:14:37.501+0000] {processor.py:826} INFO - Processing file /home/airflow/.local/lib/python3.7/site-packages/airflow/example_dags/example_sla_dag.py for tasks to queue
[2023-06-08T19:14:37.502+0000] {logging_mixin.py:149} INFO - [2023-06-08T19:14:37.502+0000] {dagbag.py:541} INFO - Filling up the DagBag from /home/airflow/.local/lib/python3.7/site-packages/airflow/example_dags/example_sla_dag.py
[2023-06-08T19:14:37.508+0000] {processor.py:836} INFO - DAG(s) dict_keys(['example_sla_dag']) retrieved from /home/airflow/.local/lib/python3.7/site-packages/airflow/example_dags/example_sla_dag.py
[2023-06-08T19:14:37.523+0000] {logging_mixin.py:149} INFO - [2023-06-08T19:14:37.523+0000] {dag.py:2726} INFO - Sync 1 DAGs
[2023-06-08T19:14:37.539+0000] {logging_mixin.py:149} INFO - [2023-06-08T19:14:37.539+0000] {dag.py:3490} INFO - Setting next_dagrun for example_sla_dag to 2023-06-08T19:12:00+00:00, run_after=2023-06-08T19:14:00+00:00
[2023-06-08T19:14:37.549+0000] {processor.py:179} INFO - Processing /home/airflow/.local/lib/python3.7/site-packages/airflow/example_dags/example_sla_dag.py took 0.050 seconds
[2023-06-08T19:15:08.701+0000] {processor.py:157} INFO - Started process (PID=6837) to work on /home/airflow/.local/lib/python3.7/site-packages/airflow/example_dags/example_sla_dag.py
[2023-06-08T19:15:08.702+0000] {processor.py:826} INFO - Processing file /home/airflow/.local/lib/python3.7/site-packages/airflow/example_dags/example_sla_dag.py for tasks to queue
[2023-06-08T19:15:08.703+0000] {logging_mixin.py:149} INFO - [2023-06-08T19:15:08.703+0000] {dagbag.py:541} INFO - Filling up the DagBag from /home/airflow/.local/lib/python3.7/site-packages/airflow/example_dags/example_sla_dag.py
[2023-06-08T19:15:08.708+0000] {processor.py:836} INFO - DAG(s) dict_keys(['example_sla_dag']) retrieved from /home/airflow/.local/lib/python3.7/site-packages/airflow/example_dags/example_sla_dag.py
[2023-06-08T19:15:08.725+0000] {logging_mixin.py:149} INFO - [2023-06-08T19:15:08.725+0000] {dag.py:2726} INFO - Sync 1 DAGs
[2023-06-08T19:15:08.742+0000] {logging_mixin.py:149} INFO - [2023-06-08T19:15:08.742+0000] {dag.py:3490} INFO - Setting next_dagrun for example_sla_dag to 2023-06-08T19:12:00+00:00, run_after=2023-06-08T19:14:00+00:00
[2023-06-08T19:15:08.752+0000] {processor.py:179} INFO - Processing /home/airflow/.local/lib/python3.7/site-packages/airflow/example_dags/example_sla_dag.py took 0.054 seconds
