[2023-06-08T19:01:24.744+0000] {processor.py:157} INFO - Started process (PID=227) to work on /home/airflow/.local/lib/python3.7/site-packages/airflow/example_dags/example_external_task_marker_dag.py
[2023-06-08T19:01:24.745+0000] {processor.py:826} INFO - Processing file /home/airflow/.local/lib/python3.7/site-packages/airflow/example_dags/example_external_task_marker_dag.py for tasks to queue
[2023-06-08T19:01:24.746+0000] {logging_mixin.py:149} INFO - [2023-06-08T19:01:24.746+0000] {dagbag.py:541} INFO - Filling up the DagBag from /home/airflow/.local/lib/python3.7/site-packages/airflow/example_dags/example_external_task_marker_dag.py
[2023-06-08T19:01:24.751+0000] {processor.py:836} INFO - DAG(s) dict_keys(['example_external_task_marker_child', 'example_external_task_marker_parent']) retrieved from /home/airflow/.local/lib/python3.7/site-packages/airflow/example_dags/example_external_task_marker_dag.py
[2023-06-08T19:01:24.762+0000] {logging_mixin.py:149} INFO - [2023-06-08T19:01:24.762+0000] {dag.py:2726} INFO - Sync 2 DAGs
[2023-06-08T19:01:24.778+0000] {logging_mixin.py:149} INFO - [2023-06-08T19:01:24.778+0000] {dag.py:3490} INFO - Setting next_dagrun for example_external_task_marker_child to None, run_after=None
[2023-06-08T19:01:24.780+0000] {logging_mixin.py:149} INFO - [2023-06-08T19:01:24.780+0000] {dag.py:3490} INFO - Setting next_dagrun for example_external_task_marker_parent to None, run_after=None
[2023-06-08T19:01:24.789+0000] {processor.py:179} INFO - Processing /home/airflow/.local/lib/python3.7/site-packages/airflow/example_dags/example_external_task_marker_dag.py took 0.046 seconds
[2023-06-08T19:01:55.859+0000] {processor.py:157} INFO - Started process (PID=464) to work on /home/airflow/.local/lib/python3.7/site-packages/airflow/example_dags/example_external_task_marker_dag.py
[2023-06-08T19:01:55.860+0000] {processor.py:826} INFO - Processing file /home/airflow/.local/lib/python3.7/site-packages/airflow/example_dags/example_external_task_marker_dag.py for tasks to queue
[2023-06-08T19:01:55.861+0000] {logging_mixin.py:149} INFO - [2023-06-08T19:01:55.861+0000] {dagbag.py:541} INFO - Filling up the DagBag from /home/airflow/.local/lib/python3.7/site-packages/airflow/example_dags/example_external_task_marker_dag.py
[2023-06-08T19:01:55.866+0000] {processor.py:836} INFO - DAG(s) dict_keys(['example_external_task_marker_parent', 'example_external_task_marker_child']) retrieved from /home/airflow/.local/lib/python3.7/site-packages/airflow/example_dags/example_external_task_marker_dag.py
[2023-06-08T19:01:55.983+0000] {logging_mixin.py:149} INFO - [2023-06-08T19:01:55.983+0000] {dag.py:2726} INFO - Sync 2 DAGs
[2023-06-08T19:01:55.995+0000] {logging_mixin.py:149} INFO - [2023-06-08T19:01:55.995+0000] {dag.py:3490} INFO - Setting next_dagrun for example_external_task_marker_child to None, run_after=None
[2023-06-08T19:01:55.997+0000] {logging_mixin.py:149} INFO - [2023-06-08T19:01:55.997+0000] {dag.py:3490} INFO - Setting next_dagrun for example_external_task_marker_parent to None, run_after=None
[2023-06-08T19:01:56.007+0000] {processor.py:179} INFO - Processing /home/airflow/.local/lib/python3.7/site-packages/airflow/example_dags/example_external_task_marker_dag.py took 0.150 seconds
[2023-06-08T19:02:26.953+0000] {processor.py:157} INFO - Started process (PID=703) to work on /home/airflow/.local/lib/python3.7/site-packages/airflow/example_dags/example_external_task_marker_dag.py
[2023-06-08T19:02:26.954+0000] {processor.py:826} INFO - Processing file /home/airflow/.local/lib/python3.7/site-packages/airflow/example_dags/example_external_task_marker_dag.py for tasks to queue
[2023-06-08T19:02:26.955+0000] {logging_mixin.py:149} INFO - [2023-06-08T19:02:26.955+0000] {dagbag.py:541} INFO - Filling up the DagBag from /home/airflow/.local/lib/python3.7/site-packages/airflow/example_dags/example_external_task_marker_dag.py
[2023-06-08T19:02:26.959+0000] {processor.py:836} INFO - DAG(s) dict_keys(['example_external_task_marker_parent', 'example_external_task_marker_child']) retrieved from /home/airflow/.local/lib/python3.7/site-packages/airflow/example_dags/example_external_task_marker_dag.py
[2023-06-08T19:02:26.979+0000] {logging_mixin.py:149} INFO - [2023-06-08T19:02:26.979+0000] {dag.py:2726} INFO - Sync 2 DAGs
[2023-06-08T19:02:26.995+0000] {logging_mixin.py:149} INFO - [2023-06-08T19:02:26.995+0000] {dag.py:3490} INFO - Setting next_dagrun for example_external_task_marker_child to None, run_after=None
[2023-06-08T19:02:26.997+0000] {logging_mixin.py:149} INFO - [2023-06-08T19:02:26.997+0000] {dag.py:3490} INFO - Setting next_dagrun for example_external_task_marker_parent to None, run_after=None
[2023-06-08T19:02:27.006+0000] {processor.py:179} INFO - Processing /home/airflow/.local/lib/python3.7/site-packages/airflow/example_dags/example_external_task_marker_dag.py took 0.056 seconds
[2023-06-08T19:02:57.097+0000] {processor.py:157} INFO - Started process (PID=986) to work on /home/airflow/.local/lib/python3.7/site-packages/airflow/example_dags/example_external_task_marker_dag.py
[2023-06-08T19:02:57.098+0000] {processor.py:826} INFO - Processing file /home/airflow/.local/lib/python3.7/site-packages/airflow/example_dags/example_external_task_marker_dag.py for tasks to queue
[2023-06-08T19:02:57.098+0000] {logging_mixin.py:149} INFO - [2023-06-08T19:02:57.098+0000] {dagbag.py:541} INFO - Filling up the DagBag from /home/airflow/.local/lib/python3.7/site-packages/airflow/example_dags/example_external_task_marker_dag.py
[2023-06-08T19:02:57.102+0000] {processor.py:836} INFO - DAG(s) dict_keys(['example_external_task_marker_child', 'example_external_task_marker_parent']) retrieved from /home/airflow/.local/lib/python3.7/site-packages/airflow/example_dags/example_external_task_marker_dag.py
[2023-06-08T19:02:57.120+0000] {logging_mixin.py:149} INFO - [2023-06-08T19:02:57.120+0000] {dag.py:2726} INFO - Sync 2 DAGs
[2023-06-08T19:02:57.134+0000] {logging_mixin.py:149} INFO - [2023-06-08T19:02:57.134+0000] {dag.py:3490} INFO - Setting next_dagrun for example_external_task_marker_child to None, run_after=None
[2023-06-08T19:02:57.136+0000] {logging_mixin.py:149} INFO - [2023-06-08T19:02:57.136+0000] {dag.py:3490} INFO - Setting next_dagrun for example_external_task_marker_parent to None, run_after=None
[2023-06-08T19:02:57.145+0000] {processor.py:179} INFO - Processing /home/airflow/.local/lib/python3.7/site-packages/airflow/example_dags/example_external_task_marker_dag.py took 0.050 seconds
[2023-06-08T19:03:27.368+0000] {processor.py:157} INFO - Started process (PID=1271) to work on /home/airflow/.local/lib/python3.7/site-packages/airflow/example_dags/example_external_task_marker_dag.py
[2023-06-08T19:03:27.369+0000] {processor.py:826} INFO - Processing file /home/airflow/.local/lib/python3.7/site-packages/airflow/example_dags/example_external_task_marker_dag.py for tasks to queue
[2023-06-08T19:03:27.370+0000] {logging_mixin.py:149} INFO - [2023-06-08T19:03:27.370+0000] {dagbag.py:541} INFO - Filling up the DagBag from /home/airflow/.local/lib/python3.7/site-packages/airflow/example_dags/example_external_task_marker_dag.py
[2023-06-08T19:03:27.373+0000] {processor.py:836} INFO - DAG(s) dict_keys(['example_external_task_marker_child', 'example_external_task_marker_parent']) retrieved from /home/airflow/.local/lib/python3.7/site-packages/airflow/example_dags/example_external_task_marker_dag.py
[2023-06-08T19:03:27.392+0000] {logging_mixin.py:149} INFO - [2023-06-08T19:03:27.392+0000] {dag.py:2726} INFO - Sync 2 DAGs
[2023-06-08T19:03:27.406+0000] {logging_mixin.py:149} INFO - [2023-06-08T19:03:27.406+0000] {dag.py:3490} INFO - Setting next_dagrun for example_external_task_marker_child to None, run_after=None
[2023-06-08T19:03:27.408+0000] {logging_mixin.py:149} INFO - [2023-06-08T19:03:27.408+0000] {dag.py:3490} INFO - Setting next_dagrun for example_external_task_marker_parent to None, run_after=None
[2023-06-08T19:03:27.417+0000] {processor.py:179} INFO - Processing /home/airflow/.local/lib/python3.7/site-packages/airflow/example_dags/example_external_task_marker_dag.py took 0.051 seconds
[2023-06-08T19:03:57.597+0000] {processor.py:157} INFO - Started process (PID=1509) to work on /home/airflow/.local/lib/python3.7/site-packages/airflow/example_dags/example_external_task_marker_dag.py
[2023-06-08T19:03:57.598+0000] {processor.py:826} INFO - Processing file /home/airflow/.local/lib/python3.7/site-packages/airflow/example_dags/example_external_task_marker_dag.py for tasks to queue
[2023-06-08T19:03:57.599+0000] {logging_mixin.py:149} INFO - [2023-06-08T19:03:57.599+0000] {dagbag.py:541} INFO - Filling up the DagBag from /home/airflow/.local/lib/python3.7/site-packages/airflow/example_dags/example_external_task_marker_dag.py
[2023-06-08T19:03:57.603+0000] {processor.py:836} INFO - DAG(s) dict_keys(['example_external_task_marker_child', 'example_external_task_marker_parent']) retrieved from /home/airflow/.local/lib/python3.7/site-packages/airflow/example_dags/example_external_task_marker_dag.py
[2023-06-08T19:03:57.630+0000] {logging_mixin.py:149} INFO - [2023-06-08T19:03:57.630+0000] {dag.py:2726} INFO - Sync 2 DAGs
[2023-06-08T19:03:57.646+0000] {logging_mixin.py:149} INFO - [2023-06-08T19:03:57.646+0000] {dag.py:3490} INFO - Setting next_dagrun for example_external_task_marker_child to None, run_after=None
[2023-06-08T19:03:57.648+0000] {logging_mixin.py:149} INFO - [2023-06-08T19:03:57.648+0000] {dag.py:3490} INFO - Setting next_dagrun for example_external_task_marker_parent to None, run_after=None
[2023-06-08T19:03:57.658+0000] {processor.py:179} INFO - Processing /home/airflow/.local/lib/python3.7/site-packages/airflow/example_dags/example_external_task_marker_dag.py took 0.063 seconds
[2023-06-08T19:04:27.857+0000] {processor.py:157} INFO - Started process (PID=1748) to work on /home/airflow/.local/lib/python3.7/site-packages/airflow/example_dags/example_external_task_marker_dag.py
[2023-06-08T19:04:27.858+0000] {processor.py:826} INFO - Processing file /home/airflow/.local/lib/python3.7/site-packages/airflow/example_dags/example_external_task_marker_dag.py for tasks to queue
[2023-06-08T19:04:27.859+0000] {logging_mixin.py:149} INFO - [2023-06-08T19:04:27.859+0000] {dagbag.py:541} INFO - Filling up the DagBag from /home/airflow/.local/lib/python3.7/site-packages/airflow/example_dags/example_external_task_marker_dag.py
[2023-06-08T19:04:27.863+0000] {processor.py:836} INFO - DAG(s) dict_keys(['example_external_task_marker_parent', 'example_external_task_marker_child']) retrieved from /home/airflow/.local/lib/python3.7/site-packages/airflow/example_dags/example_external_task_marker_dag.py
[2023-06-08T19:04:27.881+0000] {logging_mixin.py:149} INFO - [2023-06-08T19:04:27.881+0000] {dag.py:2726} INFO - Sync 2 DAGs
[2023-06-08T19:04:27.896+0000] {logging_mixin.py:149} INFO - [2023-06-08T19:04:27.896+0000] {dag.py:3490} INFO - Setting next_dagrun for example_external_task_marker_child to None, run_after=None
[2023-06-08T19:04:27.899+0000] {logging_mixin.py:149} INFO - [2023-06-08T19:04:27.899+0000] {dag.py:3490} INFO - Setting next_dagrun for example_external_task_marker_parent to None, run_after=None
[2023-06-08T19:04:27.907+0000] {processor.py:179} INFO - Processing /home/airflow/.local/lib/python3.7/site-packages/airflow/example_dags/example_external_task_marker_dag.py took 0.053 seconds
[2023-06-08T19:04:58.085+0000] {processor.py:157} INFO - Started process (PID=1983) to work on /home/airflow/.local/lib/python3.7/site-packages/airflow/example_dags/example_external_task_marker_dag.py
[2023-06-08T19:04:58.086+0000] {processor.py:826} INFO - Processing file /home/airflow/.local/lib/python3.7/site-packages/airflow/example_dags/example_external_task_marker_dag.py for tasks to queue
[2023-06-08T19:04:58.087+0000] {logging_mixin.py:149} INFO - [2023-06-08T19:04:58.087+0000] {dagbag.py:541} INFO - Filling up the DagBag from /home/airflow/.local/lib/python3.7/site-packages/airflow/example_dags/example_external_task_marker_dag.py
[2023-06-08T19:04:58.091+0000] {processor.py:836} INFO - DAG(s) dict_keys(['example_external_task_marker_child', 'example_external_task_marker_parent']) retrieved from /home/airflow/.local/lib/python3.7/site-packages/airflow/example_dags/example_external_task_marker_dag.py
[2023-06-08T19:04:58.109+0000] {logging_mixin.py:149} INFO - [2023-06-08T19:04:58.109+0000] {dag.py:2726} INFO - Sync 2 DAGs
[2023-06-08T19:04:58.123+0000] {logging_mixin.py:149} INFO - [2023-06-08T19:04:58.123+0000] {dag.py:3490} INFO - Setting next_dagrun for example_external_task_marker_child to None, run_after=None
[2023-06-08T19:04:58.125+0000] {logging_mixin.py:149} INFO - [2023-06-08T19:04:58.125+0000] {dag.py:3490} INFO - Setting next_dagrun for example_external_task_marker_parent to None, run_after=None
[2023-06-08T19:04:58.136+0000] {processor.py:179} INFO - Processing /home/airflow/.local/lib/python3.7/site-packages/airflow/example_dags/example_external_task_marker_dag.py took 0.052 seconds
[2023-06-08T19:05:28.383+0000] {processor.py:157} INFO - Started process (PID=2220) to work on /home/airflow/.local/lib/python3.7/site-packages/airflow/example_dags/example_external_task_marker_dag.py
[2023-06-08T19:05:28.384+0000] {processor.py:826} INFO - Processing file /home/airflow/.local/lib/python3.7/site-packages/airflow/example_dags/example_external_task_marker_dag.py for tasks to queue
[2023-06-08T19:05:28.384+0000] {logging_mixin.py:149} INFO - [2023-06-08T19:05:28.384+0000] {dagbag.py:541} INFO - Filling up the DagBag from /home/airflow/.local/lib/python3.7/site-packages/airflow/example_dags/example_external_task_marker_dag.py
[2023-06-08T19:05:28.388+0000] {processor.py:836} INFO - DAG(s) dict_keys(['example_external_task_marker_child', 'example_external_task_marker_parent']) retrieved from /home/airflow/.local/lib/python3.7/site-packages/airflow/example_dags/example_external_task_marker_dag.py
[2023-06-08T19:05:28.407+0000] {logging_mixin.py:149} INFO - [2023-06-08T19:05:28.407+0000] {dag.py:2726} INFO - Sync 2 DAGs
[2023-06-08T19:05:28.421+0000] {logging_mixin.py:149} INFO - [2023-06-08T19:05:28.421+0000] {dag.py:3490} INFO - Setting next_dagrun for example_external_task_marker_child to None, run_after=None
[2023-06-08T19:05:28.423+0000] {logging_mixin.py:149} INFO - [2023-06-08T19:05:28.423+0000] {dag.py:3490} INFO - Setting next_dagrun for example_external_task_marker_parent to None, run_after=None
[2023-06-08T19:05:28.432+0000] {processor.py:179} INFO - Processing /home/airflow/.local/lib/python3.7/site-packages/airflow/example_dags/example_external_task_marker_dag.py took 0.052 seconds
[2023-06-08T19:05:58.733+0000] {processor.py:157} INFO - Started process (PID=2457) to work on /home/airflow/.local/lib/python3.7/site-packages/airflow/example_dags/example_external_task_marker_dag.py
[2023-06-08T19:05:58.734+0000] {processor.py:826} INFO - Processing file /home/airflow/.local/lib/python3.7/site-packages/airflow/example_dags/example_external_task_marker_dag.py for tasks to queue
[2023-06-08T19:05:58.735+0000] {logging_mixin.py:149} INFO - [2023-06-08T19:05:58.734+0000] {dagbag.py:541} INFO - Filling up the DagBag from /home/airflow/.local/lib/python3.7/site-packages/airflow/example_dags/example_external_task_marker_dag.py
[2023-06-08T19:05:58.738+0000] {processor.py:836} INFO - DAG(s) dict_keys(['example_external_task_marker_child', 'example_external_task_marker_parent']) retrieved from /home/airflow/.local/lib/python3.7/site-packages/airflow/example_dags/example_external_task_marker_dag.py
[2023-06-08T19:05:58.757+0000] {logging_mixin.py:149} INFO - [2023-06-08T19:05:58.756+0000] {dag.py:2726} INFO - Sync 2 DAGs
[2023-06-08T19:05:58.771+0000] {logging_mixin.py:149} INFO - [2023-06-08T19:05:58.771+0000] {dag.py:3490} INFO - Setting next_dagrun for example_external_task_marker_child to None, run_after=None
[2023-06-08T19:05:58.773+0000] {logging_mixin.py:149} INFO - [2023-06-08T19:05:58.773+0000] {dag.py:3490} INFO - Setting next_dagrun for example_external_task_marker_parent to None, run_after=None
[2023-06-08T19:05:58.782+0000] {processor.py:179} INFO - Processing /home/airflow/.local/lib/python3.7/site-packages/airflow/example_dags/example_external_task_marker_dag.py took 0.051 seconds
[2023-06-08T19:06:29.056+0000] {processor.py:157} INFO - Started process (PID=2694) to work on /home/airflow/.local/lib/python3.7/site-packages/airflow/example_dags/example_external_task_marker_dag.py
[2023-06-08T19:06:29.057+0000] {processor.py:826} INFO - Processing file /home/airflow/.local/lib/python3.7/site-packages/airflow/example_dags/example_external_task_marker_dag.py for tasks to queue
[2023-06-08T19:06:29.057+0000] {logging_mixin.py:149} INFO - [2023-06-08T19:06:29.057+0000] {dagbag.py:541} INFO - Filling up the DagBag from /home/airflow/.local/lib/python3.7/site-packages/airflow/example_dags/example_external_task_marker_dag.py
[2023-06-08T19:06:29.061+0000] {processor.py:836} INFO - DAG(s) dict_keys(['example_external_task_marker_child', 'example_external_task_marker_parent']) retrieved from /home/airflow/.local/lib/python3.7/site-packages/airflow/example_dags/example_external_task_marker_dag.py
[2023-06-08T19:06:29.079+0000] {logging_mixin.py:149} INFO - [2023-06-08T19:06:29.079+0000] {dag.py:2726} INFO - Sync 2 DAGs
[2023-06-08T19:06:29.094+0000] {logging_mixin.py:149} INFO - [2023-06-08T19:06:29.094+0000] {dag.py:3490} INFO - Setting next_dagrun for example_external_task_marker_child to None, run_after=None
[2023-06-08T19:06:29.096+0000] {logging_mixin.py:149} INFO - [2023-06-08T19:06:29.096+0000] {dag.py:3490} INFO - Setting next_dagrun for example_external_task_marker_parent to None, run_after=None
[2023-06-08T19:06:29.105+0000] {processor.py:179} INFO - Processing /home/airflow/.local/lib/python3.7/site-packages/airflow/example_dags/example_external_task_marker_dag.py took 0.052 seconds
[2023-06-08T19:06:59.376+0000] {processor.py:157} INFO - Started process (PID=2933) to work on /home/airflow/.local/lib/python3.7/site-packages/airflow/example_dags/example_external_task_marker_dag.py
[2023-06-08T19:06:59.377+0000] {processor.py:826} INFO - Processing file /home/airflow/.local/lib/python3.7/site-packages/airflow/example_dags/example_external_task_marker_dag.py for tasks to queue
[2023-06-08T19:06:59.378+0000] {logging_mixin.py:149} INFO - [2023-06-08T19:06:59.378+0000] {dagbag.py:541} INFO - Filling up the DagBag from /home/airflow/.local/lib/python3.7/site-packages/airflow/example_dags/example_external_task_marker_dag.py
[2023-06-08T19:06:59.382+0000] {processor.py:836} INFO - DAG(s) dict_keys(['example_external_task_marker_child', 'example_external_task_marker_parent']) retrieved from /home/airflow/.local/lib/python3.7/site-packages/airflow/example_dags/example_external_task_marker_dag.py
[2023-06-08T19:06:59.401+0000] {logging_mixin.py:149} INFO - [2023-06-08T19:06:59.401+0000] {dag.py:2726} INFO - Sync 2 DAGs
[2023-06-08T19:06:59.415+0000] {logging_mixin.py:149} INFO - [2023-06-08T19:06:59.415+0000] {dag.py:3490} INFO - Setting next_dagrun for example_external_task_marker_child to None, run_after=None
[2023-06-08T19:06:59.418+0000] {logging_mixin.py:149} INFO - [2023-06-08T19:06:59.418+0000] {dag.py:3490} INFO - Setting next_dagrun for example_external_task_marker_parent to None, run_after=None
[2023-06-08T19:06:59.430+0000] {processor.py:179} INFO - Processing /home/airflow/.local/lib/python3.7/site-packages/airflow/example_dags/example_external_task_marker_dag.py took 0.057 seconds
[2023-06-08T19:07:29.696+0000] {processor.py:157} INFO - Started process (PID=3170) to work on /home/airflow/.local/lib/python3.7/site-packages/airflow/example_dags/example_external_task_marker_dag.py
[2023-06-08T19:07:29.697+0000] {processor.py:826} INFO - Processing file /home/airflow/.local/lib/python3.7/site-packages/airflow/example_dags/example_external_task_marker_dag.py for tasks to queue
[2023-06-08T19:07:29.698+0000] {logging_mixin.py:149} INFO - [2023-06-08T19:07:29.698+0000] {dagbag.py:541} INFO - Filling up the DagBag from /home/airflow/.local/lib/python3.7/site-packages/airflow/example_dags/example_external_task_marker_dag.py
[2023-06-08T19:07:29.702+0000] {processor.py:836} INFO - DAG(s) dict_keys(['example_external_task_marker_parent', 'example_external_task_marker_child']) retrieved from /home/airflow/.local/lib/python3.7/site-packages/airflow/example_dags/example_external_task_marker_dag.py
[2023-06-08T19:07:29.722+0000] {logging_mixin.py:149} INFO - [2023-06-08T19:07:29.722+0000] {dag.py:2726} INFO - Sync 2 DAGs
[2023-06-08T19:07:29.737+0000] {logging_mixin.py:149} INFO - [2023-06-08T19:07:29.736+0000] {dag.py:3490} INFO - Setting next_dagrun for example_external_task_marker_child to None, run_after=None
[2023-06-08T19:07:29.739+0000] {logging_mixin.py:149} INFO - [2023-06-08T19:07:29.739+0000] {dag.py:3490} INFO - Setting next_dagrun for example_external_task_marker_parent to None, run_after=None
[2023-06-08T19:07:29.747+0000] {processor.py:179} INFO - Processing /home/airflow/.local/lib/python3.7/site-packages/airflow/example_dags/example_external_task_marker_dag.py took 0.053 seconds
[2023-06-08T19:07:59.938+0000] {processor.py:157} INFO - Started process (PID=3405) to work on /home/airflow/.local/lib/python3.7/site-packages/airflow/example_dags/example_external_task_marker_dag.py
[2023-06-08T19:07:59.939+0000] {processor.py:826} INFO - Processing file /home/airflow/.local/lib/python3.7/site-packages/airflow/example_dags/example_external_task_marker_dag.py for tasks to queue
[2023-06-08T19:07:59.940+0000] {logging_mixin.py:149} INFO - [2023-06-08T19:07:59.940+0000] {dagbag.py:541} INFO - Filling up the DagBag from /home/airflow/.local/lib/python3.7/site-packages/airflow/example_dags/example_external_task_marker_dag.py
[2023-06-08T19:07:59.943+0000] {processor.py:836} INFO - DAG(s) dict_keys(['example_external_task_marker_parent', 'example_external_task_marker_child']) retrieved from /home/airflow/.local/lib/python3.7/site-packages/airflow/example_dags/example_external_task_marker_dag.py
[2023-06-08T19:07:59.961+0000] {logging_mixin.py:149} INFO - [2023-06-08T19:07:59.961+0000] {dag.py:2726} INFO - Sync 2 DAGs
[2023-06-08T19:07:59.976+0000] {logging_mixin.py:149} INFO - [2023-06-08T19:07:59.976+0000] {dag.py:3490} INFO - Setting next_dagrun for example_external_task_marker_child to None, run_after=None
[2023-06-08T19:07:59.978+0000] {logging_mixin.py:149} INFO - [2023-06-08T19:07:59.978+0000] {dag.py:3490} INFO - Setting next_dagrun for example_external_task_marker_parent to None, run_after=None
[2023-06-08T19:07:59.988+0000] {processor.py:179} INFO - Processing /home/airflow/.local/lib/python3.7/site-packages/airflow/example_dags/example_external_task_marker_dag.py took 0.052 seconds
[2023-06-08T19:08:30.276+0000] {processor.py:157} INFO - Started process (PID=3644) to work on /home/airflow/.local/lib/python3.7/site-packages/airflow/example_dags/example_external_task_marker_dag.py
[2023-06-08T19:08:30.277+0000] {processor.py:826} INFO - Processing file /home/airflow/.local/lib/python3.7/site-packages/airflow/example_dags/example_external_task_marker_dag.py for tasks to queue
[2023-06-08T19:08:30.277+0000] {logging_mixin.py:149} INFO - [2023-06-08T19:08:30.277+0000] {dagbag.py:541} INFO - Filling up the DagBag from /home/airflow/.local/lib/python3.7/site-packages/airflow/example_dags/example_external_task_marker_dag.py
[2023-06-08T19:08:30.282+0000] {processor.py:836} INFO - DAG(s) dict_keys(['example_external_task_marker_parent', 'example_external_task_marker_child']) retrieved from /home/airflow/.local/lib/python3.7/site-packages/airflow/example_dags/example_external_task_marker_dag.py
[2023-06-08T19:08:30.301+0000] {logging_mixin.py:149} INFO - [2023-06-08T19:08:30.301+0000] {dag.py:2726} INFO - Sync 2 DAGs
[2023-06-08T19:08:30.315+0000] {logging_mixin.py:149} INFO - [2023-06-08T19:08:30.315+0000] {dag.py:3490} INFO - Setting next_dagrun for example_external_task_marker_child to None, run_after=None
[2023-06-08T19:08:30.317+0000] {logging_mixin.py:149} INFO - [2023-06-08T19:08:30.317+0000] {dag.py:3490} INFO - Setting next_dagrun for example_external_task_marker_parent to None, run_after=None
[2023-06-08T19:08:30.326+0000] {processor.py:179} INFO - Processing /home/airflow/.local/lib/python3.7/site-packages/airflow/example_dags/example_external_task_marker_dag.py took 0.053 seconds
[2023-06-08T19:09:00.566+0000] {processor.py:157} INFO - Started process (PID=3879) to work on /home/airflow/.local/lib/python3.7/site-packages/airflow/example_dags/example_external_task_marker_dag.py
[2023-06-08T19:09:00.567+0000] {processor.py:826} INFO - Processing file /home/airflow/.local/lib/python3.7/site-packages/airflow/example_dags/example_external_task_marker_dag.py for tasks to queue
[2023-06-08T19:09:00.568+0000] {logging_mixin.py:149} INFO - [2023-06-08T19:09:00.568+0000] {dagbag.py:541} INFO - Filling up the DagBag from /home/airflow/.local/lib/python3.7/site-packages/airflow/example_dags/example_external_task_marker_dag.py
[2023-06-08T19:09:00.572+0000] {processor.py:836} INFO - DAG(s) dict_keys(['example_external_task_marker_child', 'example_external_task_marker_parent']) retrieved from /home/airflow/.local/lib/python3.7/site-packages/airflow/example_dags/example_external_task_marker_dag.py
[2023-06-08T19:09:00.590+0000] {logging_mixin.py:149} INFO - [2023-06-08T19:09:00.590+0000] {dag.py:2726} INFO - Sync 2 DAGs
[2023-06-08T19:09:00.604+0000] {logging_mixin.py:149} INFO - [2023-06-08T19:09:00.604+0000] {dag.py:3490} INFO - Setting next_dagrun for example_external_task_marker_child to None, run_after=None
[2023-06-08T19:09:00.607+0000] {logging_mixin.py:149} INFO - [2023-06-08T19:09:00.607+0000] {dag.py:3490} INFO - Setting next_dagrun for example_external_task_marker_parent to None, run_after=None
[2023-06-08T19:09:00.616+0000] {processor.py:179} INFO - Processing /home/airflow/.local/lib/python3.7/site-packages/airflow/example_dags/example_external_task_marker_dag.py took 0.052 seconds
[2023-06-08T19:09:30.754+0000] {processor.py:157} INFO - Started process (PID=4116) to work on /home/airflow/.local/lib/python3.7/site-packages/airflow/example_dags/example_external_task_marker_dag.py
[2023-06-08T19:09:30.755+0000] {processor.py:826} INFO - Processing file /home/airflow/.local/lib/python3.7/site-packages/airflow/example_dags/example_external_task_marker_dag.py for tasks to queue
[2023-06-08T19:09:30.756+0000] {logging_mixin.py:149} INFO - [2023-06-08T19:09:30.756+0000] {dagbag.py:541} INFO - Filling up the DagBag from /home/airflow/.local/lib/python3.7/site-packages/airflow/example_dags/example_external_task_marker_dag.py
[2023-06-08T19:09:30.759+0000] {processor.py:836} INFO - DAG(s) dict_keys(['example_external_task_marker_child', 'example_external_task_marker_parent']) retrieved from /home/airflow/.local/lib/python3.7/site-packages/airflow/example_dags/example_external_task_marker_dag.py
[2023-06-08T19:09:30.778+0000] {logging_mixin.py:149} INFO - [2023-06-08T19:09:30.778+0000] {dag.py:2726} INFO - Sync 2 DAGs
[2023-06-08T19:09:30.793+0000] {logging_mixin.py:149} INFO - [2023-06-08T19:09:30.793+0000] {dag.py:3490} INFO - Setting next_dagrun for example_external_task_marker_child to None, run_after=None
[2023-06-08T19:09:30.795+0000] {logging_mixin.py:149} INFO - [2023-06-08T19:09:30.794+0000] {dag.py:3490} INFO - Setting next_dagrun for example_external_task_marker_parent to None, run_after=None
[2023-06-08T19:09:30.803+0000] {processor.py:179} INFO - Processing /home/airflow/.local/lib/python3.7/site-packages/airflow/example_dags/example_external_task_marker_dag.py took 0.052 seconds
[2023-06-08T19:10:01.044+0000] {processor.py:157} INFO - Started process (PID=4355) to work on /home/airflow/.local/lib/python3.7/site-packages/airflow/example_dags/example_external_task_marker_dag.py
[2023-06-08T19:10:01.046+0000] {processor.py:826} INFO - Processing file /home/airflow/.local/lib/python3.7/site-packages/airflow/example_dags/example_external_task_marker_dag.py for tasks to queue
[2023-06-08T19:10:01.046+0000] {logging_mixin.py:149} INFO - [2023-06-08T19:10:01.046+0000] {dagbag.py:541} INFO - Filling up the DagBag from /home/airflow/.local/lib/python3.7/site-packages/airflow/example_dags/example_external_task_marker_dag.py
[2023-06-08T19:10:01.050+0000] {processor.py:836} INFO - DAG(s) dict_keys(['example_external_task_marker_parent', 'example_external_task_marker_child']) retrieved from /home/airflow/.local/lib/python3.7/site-packages/airflow/example_dags/example_external_task_marker_dag.py
[2023-06-08T19:10:01.069+0000] {logging_mixin.py:149} INFO - [2023-06-08T19:10:01.069+0000] {dag.py:2726} INFO - Sync 2 DAGs
[2023-06-08T19:10:01.083+0000] {logging_mixin.py:149} INFO - [2023-06-08T19:10:01.083+0000] {dag.py:3490} INFO - Setting next_dagrun for example_external_task_marker_child to None, run_after=None
[2023-06-08T19:10:01.085+0000] {logging_mixin.py:149} INFO - [2023-06-08T19:10:01.085+0000] {dag.py:3490} INFO - Setting next_dagrun for example_external_task_marker_parent to None, run_after=None
[2023-06-08T19:10:01.093+0000] {processor.py:179} INFO - Processing /home/airflow/.local/lib/python3.7/site-packages/airflow/example_dags/example_external_task_marker_dag.py took 0.051 seconds
[2023-06-08T19:10:31.295+0000] {processor.py:157} INFO - Started process (PID=4590) to work on /home/airflow/.local/lib/python3.7/site-packages/airflow/example_dags/example_external_task_marker_dag.py
[2023-06-08T19:10:31.296+0000] {processor.py:826} INFO - Processing file /home/airflow/.local/lib/python3.7/site-packages/airflow/example_dags/example_external_task_marker_dag.py for tasks to queue
[2023-06-08T19:10:31.296+0000] {logging_mixin.py:149} INFO - [2023-06-08T19:10:31.296+0000] {dagbag.py:541} INFO - Filling up the DagBag from /home/airflow/.local/lib/python3.7/site-packages/airflow/example_dags/example_external_task_marker_dag.py
[2023-06-08T19:10:31.300+0000] {processor.py:836} INFO - DAG(s) dict_keys(['example_external_task_marker_child', 'example_external_task_marker_parent']) retrieved from /home/airflow/.local/lib/python3.7/site-packages/airflow/example_dags/example_external_task_marker_dag.py
[2023-06-08T19:10:31.318+0000] {logging_mixin.py:149} INFO - [2023-06-08T19:10:31.318+0000] {dag.py:2726} INFO - Sync 2 DAGs
[2023-06-08T19:10:31.332+0000] {logging_mixin.py:149} INFO - [2023-06-08T19:10:31.332+0000] {dag.py:3490} INFO - Setting next_dagrun for example_external_task_marker_child to None, run_after=None
[2023-06-08T19:10:31.334+0000] {logging_mixin.py:149} INFO - [2023-06-08T19:10:31.334+0000] {dag.py:3490} INFO - Setting next_dagrun for example_external_task_marker_parent to None, run_after=None
[2023-06-08T19:10:31.344+0000] {processor.py:179} INFO - Processing /home/airflow/.local/lib/python3.7/site-packages/airflow/example_dags/example_external_task_marker_dag.py took 0.051 seconds
[2023-06-08T19:11:01.599+0000] {processor.py:157} INFO - Started process (PID=4829) to work on /home/airflow/.local/lib/python3.7/site-packages/airflow/example_dags/example_external_task_marker_dag.py
[2023-06-08T19:11:01.600+0000] {processor.py:826} INFO - Processing file /home/airflow/.local/lib/python3.7/site-packages/airflow/example_dags/example_external_task_marker_dag.py for tasks to queue
[2023-06-08T19:11:01.601+0000] {logging_mixin.py:149} INFO - [2023-06-08T19:11:01.600+0000] {dagbag.py:541} INFO - Filling up the DagBag from /home/airflow/.local/lib/python3.7/site-packages/airflow/example_dags/example_external_task_marker_dag.py
[2023-06-08T19:11:01.605+0000] {processor.py:836} INFO - DAG(s) dict_keys(['example_external_task_marker_child', 'example_external_task_marker_parent']) retrieved from /home/airflow/.local/lib/python3.7/site-packages/airflow/example_dags/example_external_task_marker_dag.py
[2023-06-08T19:11:01.625+0000] {logging_mixin.py:149} INFO - [2023-06-08T19:11:01.625+0000] {dag.py:2726} INFO - Sync 2 DAGs
[2023-06-08T19:11:01.639+0000] {logging_mixin.py:149} INFO - [2023-06-08T19:11:01.639+0000] {dag.py:3490} INFO - Setting next_dagrun for example_external_task_marker_child to None, run_after=None
[2023-06-08T19:11:01.641+0000] {logging_mixin.py:149} INFO - [2023-06-08T19:11:01.641+0000] {dag.py:3490} INFO - Setting next_dagrun for example_external_task_marker_parent to None, run_after=None
[2023-06-08T19:11:01.650+0000] {processor.py:179} INFO - Processing /home/airflow/.local/lib/python3.7/site-packages/airflow/example_dags/example_external_task_marker_dag.py took 0.054 seconds
[2023-06-08T19:11:31.867+0000] {processor.py:157} INFO - Started process (PID=5064) to work on /home/airflow/.local/lib/python3.7/site-packages/airflow/example_dags/example_external_task_marker_dag.py
[2023-06-08T19:11:31.869+0000] {processor.py:826} INFO - Processing file /home/airflow/.local/lib/python3.7/site-packages/airflow/example_dags/example_external_task_marker_dag.py for tasks to queue
[2023-06-08T19:11:31.869+0000] {logging_mixin.py:149} INFO - [2023-06-08T19:11:31.869+0000] {dagbag.py:541} INFO - Filling up the DagBag from /home/airflow/.local/lib/python3.7/site-packages/airflow/example_dags/example_external_task_marker_dag.py
[2023-06-08T19:11:31.874+0000] {processor.py:836} INFO - DAG(s) dict_keys(['example_external_task_marker_parent', 'example_external_task_marker_child']) retrieved from /home/airflow/.local/lib/python3.7/site-packages/airflow/example_dags/example_external_task_marker_dag.py
[2023-06-08T19:11:31.892+0000] {logging_mixin.py:149} INFO - [2023-06-08T19:11:31.892+0000] {dag.py:2726} INFO - Sync 2 DAGs
[2023-06-08T19:11:31.907+0000] {logging_mixin.py:149} INFO - [2023-06-08T19:11:31.906+0000] {dag.py:3490} INFO - Setting next_dagrun for example_external_task_marker_child to None, run_after=None
[2023-06-08T19:11:31.908+0000] {logging_mixin.py:149} INFO - [2023-06-08T19:11:31.908+0000] {dag.py:3490} INFO - Setting next_dagrun for example_external_task_marker_parent to None, run_after=None
[2023-06-08T19:11:31.918+0000] {processor.py:179} INFO - Processing /home/airflow/.local/lib/python3.7/site-packages/airflow/example_dags/example_external_task_marker_dag.py took 0.053 seconds
[2023-06-08T19:12:02.128+0000] {processor.py:157} INFO - Started process (PID=5303) to work on /home/airflow/.local/lib/python3.7/site-packages/airflow/example_dags/example_external_task_marker_dag.py
[2023-06-08T19:12:02.129+0000] {processor.py:826} INFO - Processing file /home/airflow/.local/lib/python3.7/site-packages/airflow/example_dags/example_external_task_marker_dag.py for tasks to queue
[2023-06-08T19:12:02.130+0000] {logging_mixin.py:149} INFO - [2023-06-08T19:12:02.130+0000] {dagbag.py:541} INFO - Filling up the DagBag from /home/airflow/.local/lib/python3.7/site-packages/airflow/example_dags/example_external_task_marker_dag.py
[2023-06-08T19:12:02.134+0000] {processor.py:836} INFO - DAG(s) dict_keys(['example_external_task_marker_child', 'example_external_task_marker_parent']) retrieved from /home/airflow/.local/lib/python3.7/site-packages/airflow/example_dags/example_external_task_marker_dag.py
[2023-06-08T19:12:02.152+0000] {logging_mixin.py:149} INFO - [2023-06-08T19:12:02.152+0000] {dag.py:2726} INFO - Sync 2 DAGs
[2023-06-08T19:12:02.166+0000] {logging_mixin.py:149} INFO - [2023-06-08T19:12:02.166+0000] {dag.py:3490} INFO - Setting next_dagrun for example_external_task_marker_child to None, run_after=None
[2023-06-08T19:12:02.168+0000] {logging_mixin.py:149} INFO - [2023-06-08T19:12:02.168+0000] {dag.py:3490} INFO - Setting next_dagrun for example_external_task_marker_parent to None, run_after=None
[2023-06-08T19:12:02.176+0000] {processor.py:179} INFO - Processing /home/airflow/.local/lib/python3.7/site-packages/airflow/example_dags/example_external_task_marker_dag.py took 0.050 seconds
[2023-06-08T19:12:32.348+0000] {processor.py:157} INFO - Started process (PID=5539) to work on /home/airflow/.local/lib/python3.7/site-packages/airflow/example_dags/example_external_task_marker_dag.py
[2023-06-08T19:12:32.349+0000] {processor.py:826} INFO - Processing file /home/airflow/.local/lib/python3.7/site-packages/airflow/example_dags/example_external_task_marker_dag.py for tasks to queue
[2023-06-08T19:12:32.350+0000] {logging_mixin.py:149} INFO - [2023-06-08T19:12:32.350+0000] {dagbag.py:541} INFO - Filling up the DagBag from /home/airflow/.local/lib/python3.7/site-packages/airflow/example_dags/example_external_task_marker_dag.py
[2023-06-08T19:12:32.354+0000] {processor.py:836} INFO - DAG(s) dict_keys(['example_external_task_marker_child', 'example_external_task_marker_parent']) retrieved from /home/airflow/.local/lib/python3.7/site-packages/airflow/example_dags/example_external_task_marker_dag.py
[2023-06-08T19:12:32.373+0000] {logging_mixin.py:149} INFO - [2023-06-08T19:12:32.373+0000] {dag.py:2726} INFO - Sync 2 DAGs
[2023-06-08T19:12:32.388+0000] {logging_mixin.py:149} INFO - [2023-06-08T19:12:32.387+0000] {dag.py:3490} INFO - Setting next_dagrun for example_external_task_marker_child to None, run_after=None
[2023-06-08T19:12:32.390+0000] {logging_mixin.py:149} INFO - [2023-06-08T19:12:32.390+0000] {dag.py:3490} INFO - Setting next_dagrun for example_external_task_marker_parent to None, run_after=None
[2023-06-08T19:12:32.398+0000] {processor.py:179} INFO - Processing /home/airflow/.local/lib/python3.7/site-packages/airflow/example_dags/example_external_task_marker_dag.py took 0.052 seconds
[2023-06-08T19:13:02.654+0000] {processor.py:157} INFO - Started process (PID=5778) to work on /home/airflow/.local/lib/python3.7/site-packages/airflow/example_dags/example_external_task_marker_dag.py
[2023-06-08T19:13:02.655+0000] {processor.py:826} INFO - Processing file /home/airflow/.local/lib/python3.7/site-packages/airflow/example_dags/example_external_task_marker_dag.py for tasks to queue
[2023-06-08T19:13:02.655+0000] {logging_mixin.py:149} INFO - [2023-06-08T19:13:02.655+0000] {dagbag.py:541} INFO - Filling up the DagBag from /home/airflow/.local/lib/python3.7/site-packages/airflow/example_dags/example_external_task_marker_dag.py
[2023-06-08T19:13:02.659+0000] {processor.py:836} INFO - DAG(s) dict_keys(['example_external_task_marker_parent', 'example_external_task_marker_child']) retrieved from /home/airflow/.local/lib/python3.7/site-packages/airflow/example_dags/example_external_task_marker_dag.py
[2023-06-08T19:13:02.678+0000] {logging_mixin.py:149} INFO - [2023-06-08T19:13:02.678+0000] {dag.py:2726} INFO - Sync 2 DAGs
[2023-06-08T19:13:02.692+0000] {logging_mixin.py:149} INFO - [2023-06-08T19:13:02.692+0000] {dag.py:3490} INFO - Setting next_dagrun for example_external_task_marker_child to None, run_after=None
[2023-06-08T19:13:02.694+0000] {logging_mixin.py:149} INFO - [2023-06-08T19:13:02.694+0000] {dag.py:3490} INFO - Setting next_dagrun for example_external_task_marker_parent to None, run_after=None
[2023-06-08T19:13:02.703+0000] {processor.py:179} INFO - Processing /home/airflow/.local/lib/python3.7/site-packages/airflow/example_dags/example_external_task_marker_dag.py took 0.052 seconds
[2023-06-08T19:13:33.016+0000] {processor.py:157} INFO - Started process (PID=6015) to work on /home/airflow/.local/lib/python3.7/site-packages/airflow/example_dags/example_external_task_marker_dag.py
[2023-06-08T19:13:33.017+0000] {processor.py:826} INFO - Processing file /home/airflow/.local/lib/python3.7/site-packages/airflow/example_dags/example_external_task_marker_dag.py for tasks to queue
[2023-06-08T19:13:33.017+0000] {logging_mixin.py:149} INFO - [2023-06-08T19:13:33.017+0000] {dagbag.py:541} INFO - Filling up the DagBag from /home/airflow/.local/lib/python3.7/site-packages/airflow/example_dags/example_external_task_marker_dag.py
[2023-06-08T19:13:33.022+0000] {processor.py:836} INFO - DAG(s) dict_keys(['example_external_task_marker_parent', 'example_external_task_marker_child']) retrieved from /home/airflow/.local/lib/python3.7/site-packages/airflow/example_dags/example_external_task_marker_dag.py
[2023-06-08T19:13:33.042+0000] {logging_mixin.py:149} INFO - [2023-06-08T19:13:33.042+0000] {dag.py:2726} INFO - Sync 2 DAGs
[2023-06-08T19:13:33.056+0000] {logging_mixin.py:149} INFO - [2023-06-08T19:13:33.056+0000] {dag.py:3490} INFO - Setting next_dagrun for example_external_task_marker_child to None, run_after=None
[2023-06-08T19:13:33.058+0000] {logging_mixin.py:149} INFO - [2023-06-08T19:13:33.058+0000] {dag.py:3490} INFO - Setting next_dagrun for example_external_task_marker_parent to None, run_after=None
[2023-06-08T19:13:33.066+0000] {processor.py:179} INFO - Processing /home/airflow/.local/lib/python3.7/site-packages/airflow/example_dags/example_external_task_marker_dag.py took 0.053 seconds
[2023-06-08T19:14:03.120+0000] {processor.py:157} INFO - Started process (PID=6250) to work on /home/airflow/.local/lib/python3.7/site-packages/airflow/example_dags/example_external_task_marker_dag.py
[2023-06-08T19:14:03.121+0000] {processor.py:826} INFO - Processing file /home/airflow/.local/lib/python3.7/site-packages/airflow/example_dags/example_external_task_marker_dag.py for tasks to queue
[2023-06-08T19:14:03.122+0000] {logging_mixin.py:149} INFO - [2023-06-08T19:14:03.122+0000] {dagbag.py:541} INFO - Filling up the DagBag from /home/airflow/.local/lib/python3.7/site-packages/airflow/example_dags/example_external_task_marker_dag.py
[2023-06-08T19:14:03.126+0000] {processor.py:836} INFO - DAG(s) dict_keys(['example_external_task_marker_child', 'example_external_task_marker_parent']) retrieved from /home/airflow/.local/lib/python3.7/site-packages/airflow/example_dags/example_external_task_marker_dag.py
[2023-06-08T19:14:03.145+0000] {logging_mixin.py:149} INFO - [2023-06-08T19:14:03.145+0000] {dag.py:2726} INFO - Sync 2 DAGs
[2023-06-08T19:14:03.160+0000] {logging_mixin.py:149} INFO - [2023-06-08T19:14:03.160+0000] {dag.py:3490} INFO - Setting next_dagrun for example_external_task_marker_child to None, run_after=None
[2023-06-08T19:14:03.162+0000] {logging_mixin.py:149} INFO - [2023-06-08T19:14:03.162+0000] {dag.py:3490} INFO - Setting next_dagrun for example_external_task_marker_parent to None, run_after=None
[2023-06-08T19:14:03.171+0000] {processor.py:179} INFO - Processing /home/airflow/.local/lib/python3.7/site-packages/airflow/example_dags/example_external_task_marker_dag.py took 0.053 seconds
[2023-06-08T19:14:33.431+0000] {processor.py:157} INFO - Started process (PID=6490) to work on /home/airflow/.local/lib/python3.7/site-packages/airflow/example_dags/example_external_task_marker_dag.py
[2023-06-08T19:14:33.432+0000] {processor.py:826} INFO - Processing file /home/airflow/.local/lib/python3.7/site-packages/airflow/example_dags/example_external_task_marker_dag.py for tasks to queue
[2023-06-08T19:14:33.432+0000] {logging_mixin.py:149} INFO - [2023-06-08T19:14:33.432+0000] {dagbag.py:541} INFO - Filling up the DagBag from /home/airflow/.local/lib/python3.7/site-packages/airflow/example_dags/example_external_task_marker_dag.py
[2023-06-08T19:14:33.436+0000] {processor.py:836} INFO - DAG(s) dict_keys(['example_external_task_marker_parent', 'example_external_task_marker_child']) retrieved from /home/airflow/.local/lib/python3.7/site-packages/airflow/example_dags/example_external_task_marker_dag.py
[2023-06-08T19:14:33.455+0000] {logging_mixin.py:149} INFO - [2023-06-08T19:14:33.455+0000] {dag.py:2726} INFO - Sync 2 DAGs
[2023-06-08T19:14:33.469+0000] {logging_mixin.py:149} INFO - [2023-06-08T19:14:33.469+0000] {dag.py:3490} INFO - Setting next_dagrun for example_external_task_marker_child to None, run_after=None
[2023-06-08T19:14:33.479+0000] {logging_mixin.py:149} INFO - [2023-06-08T19:14:33.479+0000] {dag.py:3490} INFO - Setting next_dagrun for example_external_task_marker_parent to None, run_after=None
[2023-06-08T19:14:33.488+0000] {processor.py:179} INFO - Processing /home/airflow/.local/lib/python3.7/site-packages/airflow/example_dags/example_external_task_marker_dag.py took 0.059 seconds
[2023-06-08T19:15:03.588+0000] {processor.py:157} INFO - Started process (PID=6725) to work on /home/airflow/.local/lib/python3.7/site-packages/airflow/example_dags/example_external_task_marker_dag.py
[2023-06-08T19:15:03.589+0000] {processor.py:826} INFO - Processing file /home/airflow/.local/lib/python3.7/site-packages/airflow/example_dags/example_external_task_marker_dag.py for tasks to queue
[2023-06-08T19:15:03.590+0000] {logging_mixin.py:149} INFO - [2023-06-08T19:15:03.590+0000] {dagbag.py:541} INFO - Filling up the DagBag from /home/airflow/.local/lib/python3.7/site-packages/airflow/example_dags/example_external_task_marker_dag.py
[2023-06-08T19:15:03.594+0000] {processor.py:836} INFO - DAG(s) dict_keys(['example_external_task_marker_child', 'example_external_task_marker_parent']) retrieved from /home/airflow/.local/lib/python3.7/site-packages/airflow/example_dags/example_external_task_marker_dag.py
[2023-06-08T19:15:03.613+0000] {logging_mixin.py:149} INFO - [2023-06-08T19:15:03.613+0000] {dag.py:2726} INFO - Sync 2 DAGs
[2023-06-08T19:15:03.628+0000] {logging_mixin.py:149} INFO - [2023-06-08T19:15:03.628+0000] {dag.py:3490} INFO - Setting next_dagrun for example_external_task_marker_child to None, run_after=None
[2023-06-08T19:15:03.630+0000] {logging_mixin.py:149} INFO - [2023-06-08T19:15:03.630+0000] {dag.py:3490} INFO - Setting next_dagrun for example_external_task_marker_parent to None, run_after=None
[2023-06-08T19:15:03.640+0000] {processor.py:179} INFO - Processing /home/airflow/.local/lib/python3.7/site-packages/airflow/example_dags/example_external_task_marker_dag.py took 0.054 seconds
