[2023-06-08T19:01:24.738+0000] {processor.py:157} INFO - Started process (PID=224) to work on /home/airflow/.local/lib/python3.7/site-packages/airflow/example_dags/example_skip_dag.py
[2023-06-08T19:01:24.739+0000] {processor.py:826} INFO - Processing file /home/airflow/.local/lib/python3.7/site-packages/airflow/example_dags/example_skip_dag.py for tasks to queue
[2023-06-08T19:01:24.739+0000] {logging_mixin.py:149} INFO - [2023-06-08T19:01:24.739+0000] {dagbag.py:541} INFO - Filling up the DagBag from /home/airflow/.local/lib/python3.7/site-packages/airflow/example_dags/example_skip_dag.py
[2023-06-08T19:01:24.746+0000] {processor.py:836} INFO - DAG(s) dict_keys(['example_skip_dag']) retrieved from /home/airflow/.local/lib/python3.7/site-packages/airflow/example_dags/example_skip_dag.py
[2023-06-08T19:01:24.756+0000] {logging_mixin.py:149} INFO - [2023-06-08T19:01:24.756+0000] {dag.py:2726} INFO - Sync 1 DAGs
[2023-06-08T19:01:24.771+0000] {logging_mixin.py:149} INFO - [2023-06-08T19:01:24.771+0000] {dag.py:3490} INFO - Setting next_dagrun for example_skip_dag to 2023-06-07T19:01:24.771551+00:00, run_after=2023-06-08T19:01:24.771551+00:00
[2023-06-08T19:01:24.781+0000] {processor.py:179} INFO - Processing /home/airflow/.local/lib/python3.7/site-packages/airflow/example_dags/example_skip_dag.py took 0.045 seconds
[2023-06-08T19:01:55.832+0000] {processor.py:157} INFO - Started process (PID=459) to work on /home/airflow/.local/lib/python3.7/site-packages/airflow/example_dags/example_skip_dag.py
[2023-06-08T19:01:55.832+0000] {processor.py:826} INFO - Processing file /home/airflow/.local/lib/python3.7/site-packages/airflow/example_dags/example_skip_dag.py for tasks to queue
[2023-06-08T19:01:55.833+0000] {logging_mixin.py:149} INFO - [2023-06-08T19:01:55.833+0000] {dagbag.py:541} INFO - Filling up the DagBag from /home/airflow/.local/lib/python3.7/site-packages/airflow/example_dags/example_skip_dag.py
[2023-06-08T19:01:55.839+0000] {processor.py:836} INFO - DAG(s) dict_keys(['example_skip_dag']) retrieved from /home/airflow/.local/lib/python3.7/site-packages/airflow/example_dags/example_skip_dag.py
[2023-06-08T19:01:55.932+0000] {logging_mixin.py:149} INFO - [2023-06-08T19:01:55.932+0000] {dag.py:2726} INFO - Sync 1 DAGs
[2023-06-08T19:01:55.949+0000] {logging_mixin.py:149} INFO - [2023-06-08T19:01:55.949+0000] {dag.py:3490} INFO - Setting next_dagrun for example_skip_dag to 2023-06-07T19:01:55.949393+00:00, run_after=2023-06-08T19:01:55.949393+00:00
[2023-06-08T19:01:55.961+0000] {processor.py:179} INFO - Processing /home/airflow/.local/lib/python3.7/site-packages/airflow/example_dags/example_skip_dag.py took 0.132 seconds
[2023-06-08T19:02:26.879+0000] {processor.py:157} INFO - Started process (PID=698) to work on /home/airflow/.local/lib/python3.7/site-packages/airflow/example_dags/example_skip_dag.py
[2023-06-08T19:02:26.880+0000] {processor.py:826} INFO - Processing file /home/airflow/.local/lib/python3.7/site-packages/airflow/example_dags/example_skip_dag.py for tasks to queue
[2023-06-08T19:02:26.881+0000] {logging_mixin.py:149} INFO - [2023-06-08T19:02:26.881+0000] {dagbag.py:541} INFO - Filling up the DagBag from /home/airflow/.local/lib/python3.7/site-packages/airflow/example_dags/example_skip_dag.py
[2023-06-08T19:02:26.886+0000] {processor.py:836} INFO - DAG(s) dict_keys(['example_skip_dag']) retrieved from /home/airflow/.local/lib/python3.7/site-packages/airflow/example_dags/example_skip_dag.py
[2023-06-08T19:02:26.904+0000] {logging_mixin.py:149} INFO - [2023-06-08T19:02:26.904+0000] {dag.py:2726} INFO - Sync 1 DAGs
[2023-06-08T19:02:26.919+0000] {logging_mixin.py:149} INFO - [2023-06-08T19:02:26.919+0000] {dag.py:3490} INFO - Setting next_dagrun for example_skip_dag to 2023-06-07T19:02:26.919600+00:00, run_after=2023-06-08T19:02:26.919600+00:00
[2023-06-08T19:02:26.930+0000] {processor.py:179} INFO - Processing /home/airflow/.local/lib/python3.7/site-packages/airflow/example_dags/example_skip_dag.py took 0.054 seconds
[2023-06-08T19:02:57.088+0000] {processor.py:157} INFO - Started process (PID=983) to work on /home/airflow/.local/lib/python3.7/site-packages/airflow/example_dags/example_skip_dag.py
[2023-06-08T19:02:57.089+0000] {processor.py:826} INFO - Processing file /home/airflow/.local/lib/python3.7/site-packages/airflow/example_dags/example_skip_dag.py for tasks to queue
[2023-06-08T19:02:57.090+0000] {logging_mixin.py:149} INFO - [2023-06-08T19:02:57.090+0000] {dagbag.py:541} INFO - Filling up the DagBag from /home/airflow/.local/lib/python3.7/site-packages/airflow/example_dags/example_skip_dag.py
[2023-06-08T19:02:57.094+0000] {processor.py:836} INFO - DAG(s) dict_keys(['example_skip_dag']) retrieved from /home/airflow/.local/lib/python3.7/site-packages/airflow/example_dags/example_skip_dag.py
[2023-06-08T19:02:57.110+0000] {logging_mixin.py:149} INFO - [2023-06-08T19:02:57.110+0000] {dag.py:2726} INFO - Sync 1 DAGs
[2023-06-08T19:02:57.124+0000] {logging_mixin.py:149} INFO - [2023-06-08T19:02:57.124+0000] {dag.py:3490} INFO - Setting next_dagrun for example_skip_dag to 2023-06-07T19:02:57.124268+00:00, run_after=2023-06-08T19:02:57.124268+00:00
[2023-06-08T19:02:57.134+0000] {processor.py:179} INFO - Processing /home/airflow/.local/lib/python3.7/site-packages/airflow/example_dags/example_skip_dag.py took 0.048 seconds
[2023-06-08T19:03:27.360+0000] {processor.py:157} INFO - Started process (PID=1268) to work on /home/airflow/.local/lib/python3.7/site-packages/airflow/example_dags/example_skip_dag.py
[2023-06-08T19:03:27.361+0000] {processor.py:826} INFO - Processing file /home/airflow/.local/lib/python3.7/site-packages/airflow/example_dags/example_skip_dag.py for tasks to queue
[2023-06-08T19:03:27.362+0000] {logging_mixin.py:149} INFO - [2023-06-08T19:03:27.361+0000] {dagbag.py:541} INFO - Filling up the DagBag from /home/airflow/.local/lib/python3.7/site-packages/airflow/example_dags/example_skip_dag.py
[2023-06-08T19:03:27.366+0000] {processor.py:836} INFO - DAG(s) dict_keys(['example_skip_dag']) retrieved from /home/airflow/.local/lib/python3.7/site-packages/airflow/example_dags/example_skip_dag.py
[2023-06-08T19:03:27.382+0000] {logging_mixin.py:149} INFO - [2023-06-08T19:03:27.382+0000] {dag.py:2726} INFO - Sync 1 DAGs
[2023-06-08T19:03:27.397+0000] {logging_mixin.py:149} INFO - [2023-06-08T19:03:27.397+0000] {dag.py:3490} INFO - Setting next_dagrun for example_skip_dag to 2023-06-07T19:03:27.396955+00:00, run_after=2023-06-08T19:03:27.396955+00:00
[2023-06-08T19:03:27.406+0000] {processor.py:179} INFO - Processing /home/airflow/.local/lib/python3.7/site-packages/airflow/example_dags/example_skip_dag.py took 0.048 seconds
[2023-06-08T19:03:57.589+0000] {processor.py:157} INFO - Started process (PID=1506) to work on /home/airflow/.local/lib/python3.7/site-packages/airflow/example_dags/example_skip_dag.py
[2023-06-08T19:03:57.590+0000] {processor.py:826} INFO - Processing file /home/airflow/.local/lib/python3.7/site-packages/airflow/example_dags/example_skip_dag.py for tasks to queue
[2023-06-08T19:03:57.591+0000] {logging_mixin.py:149} INFO - [2023-06-08T19:03:57.591+0000] {dagbag.py:541} INFO - Filling up the DagBag from /home/airflow/.local/lib/python3.7/site-packages/airflow/example_dags/example_skip_dag.py
[2023-06-08T19:03:57.595+0000] {processor.py:836} INFO - DAG(s) dict_keys(['example_skip_dag']) retrieved from /home/airflow/.local/lib/python3.7/site-packages/airflow/example_dags/example_skip_dag.py
[2023-06-08T19:03:57.616+0000] {logging_mixin.py:149} INFO - [2023-06-08T19:03:57.615+0000] {dag.py:2726} INFO - Sync 1 DAGs
[2023-06-08T19:03:57.636+0000] {logging_mixin.py:149} INFO - [2023-06-08T19:03:57.636+0000] {dag.py:3490} INFO - Setting next_dagrun for example_skip_dag to 2023-06-07T19:03:57.635948+00:00, run_after=2023-06-08T19:03:57.635948+00:00
[2023-06-08T19:03:57.647+0000] {processor.py:179} INFO - Processing /home/airflow/.local/lib/python3.7/site-packages/airflow/example_dags/example_skip_dag.py took 0.060 seconds
[2023-06-08T19:04:27.790+0000] {processor.py:157} INFO - Started process (PID=1743) to work on /home/airflow/.local/lib/python3.7/site-packages/airflow/example_dags/example_skip_dag.py
[2023-06-08T19:04:27.791+0000] {processor.py:826} INFO - Processing file /home/airflow/.local/lib/python3.7/site-packages/airflow/example_dags/example_skip_dag.py for tasks to queue
[2023-06-08T19:04:27.791+0000] {logging_mixin.py:149} INFO - [2023-06-08T19:04:27.791+0000] {dagbag.py:541} INFO - Filling up the DagBag from /home/airflow/.local/lib/python3.7/site-packages/airflow/example_dags/example_skip_dag.py
[2023-06-08T19:04:27.797+0000] {processor.py:836} INFO - DAG(s) dict_keys(['example_skip_dag']) retrieved from /home/airflow/.local/lib/python3.7/site-packages/airflow/example_dags/example_skip_dag.py
[2023-06-08T19:04:27.813+0000] {logging_mixin.py:149} INFO - [2023-06-08T19:04:27.813+0000] {dag.py:2726} INFO - Sync 1 DAGs
[2023-06-08T19:04:27.828+0000] {logging_mixin.py:149} INFO - [2023-06-08T19:04:27.828+0000] {dag.py:3490} INFO - Setting next_dagrun for example_skip_dag to 2023-06-07T19:04:27.827906+00:00, run_after=2023-06-08T19:04:27.827906+00:00
[2023-06-08T19:04:27.837+0000] {processor.py:179} INFO - Processing /home/airflow/.local/lib/python3.7/site-packages/airflow/example_dags/example_skip_dag.py took 0.050 seconds
[2023-06-08T19:04:58.078+0000] {processor.py:157} INFO - Started process (PID=1980) to work on /home/airflow/.local/lib/python3.7/site-packages/airflow/example_dags/example_skip_dag.py
[2023-06-08T19:04:58.079+0000] {processor.py:826} INFO - Processing file /home/airflow/.local/lib/python3.7/site-packages/airflow/example_dags/example_skip_dag.py for tasks to queue
[2023-06-08T19:04:58.079+0000] {logging_mixin.py:149} INFO - [2023-06-08T19:04:58.079+0000] {dagbag.py:541} INFO - Filling up the DagBag from /home/airflow/.local/lib/python3.7/site-packages/airflow/example_dags/example_skip_dag.py
[2023-06-08T19:04:58.084+0000] {processor.py:836} INFO - DAG(s) dict_keys(['example_skip_dag']) retrieved from /home/airflow/.local/lib/python3.7/site-packages/airflow/example_dags/example_skip_dag.py
[2023-06-08T19:04:58.100+0000] {logging_mixin.py:149} INFO - [2023-06-08T19:04:58.100+0000] {dag.py:2726} INFO - Sync 1 DAGs
[2023-06-08T19:04:58.115+0000] {logging_mixin.py:149} INFO - [2023-06-08T19:04:58.114+0000] {dag.py:3490} INFO - Setting next_dagrun for example_skip_dag to 2023-06-07T19:04:58.114779+00:00, run_after=2023-06-08T19:04:58.114779+00:00
[2023-06-08T19:04:58.125+0000] {processor.py:179} INFO - Processing /home/airflow/.local/lib/python3.7/site-packages/airflow/example_dags/example_skip_dag.py took 0.049 seconds
[2023-06-08T19:05:28.373+0000] {processor.py:157} INFO - Started process (PID=2217) to work on /home/airflow/.local/lib/python3.7/site-packages/airflow/example_dags/example_skip_dag.py
[2023-06-08T19:05:28.374+0000] {processor.py:826} INFO - Processing file /home/airflow/.local/lib/python3.7/site-packages/airflow/example_dags/example_skip_dag.py for tasks to queue
[2023-06-08T19:05:28.375+0000] {logging_mixin.py:149} INFO - [2023-06-08T19:05:28.375+0000] {dagbag.py:541} INFO - Filling up the DagBag from /home/airflow/.local/lib/python3.7/site-packages/airflow/example_dags/example_skip_dag.py
[2023-06-08T19:05:28.380+0000] {processor.py:836} INFO - DAG(s) dict_keys(['example_skip_dag']) retrieved from /home/airflow/.local/lib/python3.7/site-packages/airflow/example_dags/example_skip_dag.py
[2023-06-08T19:05:28.396+0000] {logging_mixin.py:149} INFO - [2023-06-08T19:05:28.396+0000] {dag.py:2726} INFO - Sync 1 DAGs
[2023-06-08T19:05:28.411+0000] {logging_mixin.py:149} INFO - [2023-06-08T19:05:28.411+0000] {dag.py:3490} INFO - Setting next_dagrun for example_skip_dag to 2023-06-07T19:05:28.411014+00:00, run_after=2023-06-08T19:05:28.411014+00:00
[2023-06-08T19:05:28.421+0000] {processor.py:179} INFO - Processing /home/airflow/.local/lib/python3.7/site-packages/airflow/example_dags/example_skip_dag.py took 0.050 seconds
[2023-06-08T19:05:58.729+0000] {processor.py:157} INFO - Started process (PID=2454) to work on /home/airflow/.local/lib/python3.7/site-packages/airflow/example_dags/example_skip_dag.py
[2023-06-08T19:05:58.730+0000] {processor.py:826} INFO - Processing file /home/airflow/.local/lib/python3.7/site-packages/airflow/example_dags/example_skip_dag.py for tasks to queue
[2023-06-08T19:05:58.731+0000] {logging_mixin.py:149} INFO - [2023-06-08T19:05:58.731+0000] {dagbag.py:541} INFO - Filling up the DagBag from /home/airflow/.local/lib/python3.7/site-packages/airflow/example_dags/example_skip_dag.py
[2023-06-08T19:05:58.736+0000] {processor.py:836} INFO - DAG(s) dict_keys(['example_skip_dag']) retrieved from /home/airflow/.local/lib/python3.7/site-packages/airflow/example_dags/example_skip_dag.py
[2023-06-08T19:05:58.754+0000] {logging_mixin.py:149} INFO - [2023-06-08T19:05:58.753+0000] {dag.py:2726} INFO - Sync 1 DAGs
[2023-06-08T19:05:58.768+0000] {logging_mixin.py:149} INFO - [2023-06-08T19:05:58.768+0000] {dag.py:3490} INFO - Setting next_dagrun for example_skip_dag to 2023-06-07T19:05:58.768221+00:00, run_after=2023-06-08T19:05:58.768221+00:00
[2023-06-08T19:05:58.778+0000] {processor.py:179} INFO - Processing /home/airflow/.local/lib/python3.7/site-packages/airflow/example_dags/example_skip_dag.py took 0.052 seconds
[2023-06-08T19:06:29.048+0000] {processor.py:157} INFO - Started process (PID=2691) to work on /home/airflow/.local/lib/python3.7/site-packages/airflow/example_dags/example_skip_dag.py
[2023-06-08T19:06:29.049+0000] {processor.py:826} INFO - Processing file /home/airflow/.local/lib/python3.7/site-packages/airflow/example_dags/example_skip_dag.py for tasks to queue
[2023-06-08T19:06:29.049+0000] {logging_mixin.py:149} INFO - [2023-06-08T19:06:29.049+0000] {dagbag.py:541} INFO - Filling up the DagBag from /home/airflow/.local/lib/python3.7/site-packages/airflow/example_dags/example_skip_dag.py
[2023-06-08T19:06:29.054+0000] {processor.py:836} INFO - DAG(s) dict_keys(['example_skip_dag']) retrieved from /home/airflow/.local/lib/python3.7/site-packages/airflow/example_dags/example_skip_dag.py
[2023-06-08T19:06:29.070+0000] {logging_mixin.py:149} INFO - [2023-06-08T19:06:29.070+0000] {dag.py:2726} INFO - Sync 1 DAGs
[2023-06-08T19:06:29.085+0000] {logging_mixin.py:149} INFO - [2023-06-08T19:06:29.085+0000] {dag.py:3490} INFO - Setting next_dagrun for example_skip_dag to 2023-06-07T19:06:29.085555+00:00, run_after=2023-06-08T19:06:29.085555+00:00
[2023-06-08T19:06:29.095+0000] {processor.py:179} INFO - Processing /home/airflow/.local/lib/python3.7/site-packages/airflow/example_dags/example_skip_dag.py took 0.050 seconds
[2023-06-08T19:06:59.308+0000] {processor.py:157} INFO - Started process (PID=2928) to work on /home/airflow/.local/lib/python3.7/site-packages/airflow/example_dags/example_skip_dag.py
[2023-06-08T19:06:59.309+0000] {processor.py:826} INFO - Processing file /home/airflow/.local/lib/python3.7/site-packages/airflow/example_dags/example_skip_dag.py for tasks to queue
[2023-06-08T19:06:59.309+0000] {logging_mixin.py:149} INFO - [2023-06-08T19:06:59.309+0000] {dagbag.py:541} INFO - Filling up the DagBag from /home/airflow/.local/lib/python3.7/site-packages/airflow/example_dags/example_skip_dag.py
[2023-06-08T19:06:59.314+0000] {processor.py:836} INFO - DAG(s) dict_keys(['example_skip_dag']) retrieved from /home/airflow/.local/lib/python3.7/site-packages/airflow/example_dags/example_skip_dag.py
[2023-06-08T19:06:59.331+0000] {logging_mixin.py:149} INFO - [2023-06-08T19:06:59.331+0000] {dag.py:2726} INFO - Sync 1 DAGs
[2023-06-08T19:06:59.345+0000] {logging_mixin.py:149} INFO - [2023-06-08T19:06:59.345+0000] {dag.py:3490} INFO - Setting next_dagrun for example_skip_dag to 2023-06-07T19:06:59.345739+00:00, run_after=2023-06-08T19:06:59.345739+00:00
[2023-06-08T19:06:59.355+0000] {processor.py:179} INFO - Processing /home/airflow/.local/lib/python3.7/site-packages/airflow/example_dags/example_skip_dag.py took 0.050 seconds
[2023-06-08T19:07:29.628+0000] {processor.py:157} INFO - Started process (PID=3165) to work on /home/airflow/.local/lib/python3.7/site-packages/airflow/example_dags/example_skip_dag.py
[2023-06-08T19:07:29.629+0000] {processor.py:826} INFO - Processing file /home/airflow/.local/lib/python3.7/site-packages/airflow/example_dags/example_skip_dag.py for tasks to queue
[2023-06-08T19:07:29.630+0000] {logging_mixin.py:149} INFO - [2023-06-08T19:07:29.630+0000] {dagbag.py:541} INFO - Filling up the DagBag from /home/airflow/.local/lib/python3.7/site-packages/airflow/example_dags/example_skip_dag.py
[2023-06-08T19:07:29.635+0000] {processor.py:836} INFO - DAG(s) dict_keys(['example_skip_dag']) retrieved from /home/airflow/.local/lib/python3.7/site-packages/airflow/example_dags/example_skip_dag.py
[2023-06-08T19:07:29.652+0000] {logging_mixin.py:149} INFO - [2023-06-08T19:07:29.652+0000] {dag.py:2726} INFO - Sync 1 DAGs
[2023-06-08T19:07:29.666+0000] {logging_mixin.py:149} INFO - [2023-06-08T19:07:29.666+0000] {dag.py:3490} INFO - Setting next_dagrun for example_skip_dag to 2023-06-07T19:07:29.666594+00:00, run_after=2023-06-08T19:07:29.666594+00:00
[2023-06-08T19:07:29.677+0000] {processor.py:179} INFO - Processing /home/airflow/.local/lib/python3.7/site-packages/airflow/example_dags/example_skip_dag.py took 0.050 seconds
[2023-06-08T19:07:59.930+0000] {processor.py:157} INFO - Started process (PID=3402) to work on /home/airflow/.local/lib/python3.7/site-packages/airflow/example_dags/example_skip_dag.py
[2023-06-08T19:07:59.931+0000] {processor.py:826} INFO - Processing file /home/airflow/.local/lib/python3.7/site-packages/airflow/example_dags/example_skip_dag.py for tasks to queue
[2023-06-08T19:07:59.932+0000] {logging_mixin.py:149} INFO - [2023-06-08T19:07:59.931+0000] {dagbag.py:541} INFO - Filling up the DagBag from /home/airflow/.local/lib/python3.7/site-packages/airflow/example_dags/example_skip_dag.py
[2023-06-08T19:07:59.936+0000] {processor.py:836} INFO - DAG(s) dict_keys(['example_skip_dag']) retrieved from /home/airflow/.local/lib/python3.7/site-packages/airflow/example_dags/example_skip_dag.py
[2023-06-08T19:07:59.952+0000] {logging_mixin.py:149} INFO - [2023-06-08T19:07:59.952+0000] {dag.py:2726} INFO - Sync 1 DAGs
[2023-06-08T19:07:59.967+0000] {logging_mixin.py:149} INFO - [2023-06-08T19:07:59.967+0000] {dag.py:3490} INFO - Setting next_dagrun for example_skip_dag to 2023-06-07T19:07:59.967080+00:00, run_after=2023-06-08T19:07:59.967080+00:00
[2023-06-08T19:07:59.977+0000] {processor.py:179} INFO - Processing /home/airflow/.local/lib/python3.7/site-packages/airflow/example_dags/example_skip_dag.py took 0.049 seconds
[2023-06-08T19:08:30.207+0000] {processor.py:157} INFO - Started process (PID=3639) to work on /home/airflow/.local/lib/python3.7/site-packages/airflow/example_dags/example_skip_dag.py
[2023-06-08T19:08:30.208+0000] {processor.py:826} INFO - Processing file /home/airflow/.local/lib/python3.7/site-packages/airflow/example_dags/example_skip_dag.py for tasks to queue
[2023-06-08T19:08:30.209+0000] {logging_mixin.py:149} INFO - [2023-06-08T19:08:30.209+0000] {dagbag.py:541} INFO - Filling up the DagBag from /home/airflow/.local/lib/python3.7/site-packages/airflow/example_dags/example_skip_dag.py
[2023-06-08T19:08:30.214+0000] {processor.py:836} INFO - DAG(s) dict_keys(['example_skip_dag']) retrieved from /home/airflow/.local/lib/python3.7/site-packages/airflow/example_dags/example_skip_dag.py
[2023-06-08T19:08:30.231+0000] {logging_mixin.py:149} INFO - [2023-06-08T19:08:30.231+0000] {dag.py:2726} INFO - Sync 1 DAGs
[2023-06-08T19:08:30.245+0000] {logging_mixin.py:149} INFO - [2023-06-08T19:08:30.245+0000] {dag.py:3490} INFO - Setting next_dagrun for example_skip_dag to 2023-06-07T19:08:30.245281+00:00, run_after=2023-06-08T19:08:30.245281+00:00
[2023-06-08T19:08:30.255+0000] {processor.py:179} INFO - Processing /home/airflow/.local/lib/python3.7/site-packages/airflow/example_dags/example_skip_dag.py took 0.050 seconds
[2023-06-08T19:09:00.558+0000] {processor.py:157} INFO - Started process (PID=3876) to work on /home/airflow/.local/lib/python3.7/site-packages/airflow/example_dags/example_skip_dag.py
[2023-06-08T19:09:00.559+0000] {processor.py:826} INFO - Processing file /home/airflow/.local/lib/python3.7/site-packages/airflow/example_dags/example_skip_dag.py for tasks to queue
[2023-06-08T19:09:00.560+0000] {logging_mixin.py:149} INFO - [2023-06-08T19:09:00.560+0000] {dagbag.py:541} INFO - Filling up the DagBag from /home/airflow/.local/lib/python3.7/site-packages/airflow/example_dags/example_skip_dag.py
[2023-06-08T19:09:00.565+0000] {processor.py:836} INFO - DAG(s) dict_keys(['example_skip_dag']) retrieved from /home/airflow/.local/lib/python3.7/site-packages/airflow/example_dags/example_skip_dag.py
[2023-06-08T19:09:00.581+0000] {logging_mixin.py:149} INFO - [2023-06-08T19:09:00.581+0000] {dag.py:2726} INFO - Sync 1 DAGs
[2023-06-08T19:09:00.595+0000] {logging_mixin.py:149} INFO - [2023-06-08T19:09:00.595+0000] {dag.py:3490} INFO - Setting next_dagrun for example_skip_dag to 2023-06-07T19:09:00.595297+00:00, run_after=2023-06-08T19:09:00.595297+00:00
[2023-06-08T19:09:00.605+0000] {processor.py:179} INFO - Processing /home/airflow/.local/lib/python3.7/site-packages/airflow/example_dags/example_skip_dag.py took 0.049 seconds
[2023-06-08T19:09:30.744+0000] {processor.py:157} INFO - Started process (PID=4113) to work on /home/airflow/.local/lib/python3.7/site-packages/airflow/example_dags/example_skip_dag.py
[2023-06-08T19:09:30.745+0000] {processor.py:826} INFO - Processing file /home/airflow/.local/lib/python3.7/site-packages/airflow/example_dags/example_skip_dag.py for tasks to queue
[2023-06-08T19:09:30.745+0000] {logging_mixin.py:149} INFO - [2023-06-08T19:09:30.745+0000] {dagbag.py:541} INFO - Filling up the DagBag from /home/airflow/.local/lib/python3.7/site-packages/airflow/example_dags/example_skip_dag.py
[2023-06-08T19:09:30.750+0000] {processor.py:836} INFO - DAG(s) dict_keys(['example_skip_dag']) retrieved from /home/airflow/.local/lib/python3.7/site-packages/airflow/example_dags/example_skip_dag.py
[2023-06-08T19:09:30.766+0000] {logging_mixin.py:149} INFO - [2023-06-08T19:09:30.766+0000] {dag.py:2726} INFO - Sync 1 DAGs
[2023-06-08T19:09:30.781+0000] {logging_mixin.py:149} INFO - [2023-06-08T19:09:30.781+0000] {dag.py:3490} INFO - Setting next_dagrun for example_skip_dag to 2023-06-07T19:09:30.780959+00:00, run_after=2023-06-08T19:09:30.780959+00:00
[2023-06-08T19:09:30.791+0000] {processor.py:179} INFO - Processing /home/airflow/.local/lib/python3.7/site-packages/airflow/example_dags/example_skip_dag.py took 0.049 seconds
[2023-06-08T19:10:00.977+0000] {processor.py:157} INFO - Started process (PID=4350) to work on /home/airflow/.local/lib/python3.7/site-packages/airflow/example_dags/example_skip_dag.py
[2023-06-08T19:10:00.978+0000] {processor.py:826} INFO - Processing file /home/airflow/.local/lib/python3.7/site-packages/airflow/example_dags/example_skip_dag.py for tasks to queue
[2023-06-08T19:10:00.978+0000] {logging_mixin.py:149} INFO - [2023-06-08T19:10:00.978+0000] {dagbag.py:541} INFO - Filling up the DagBag from /home/airflow/.local/lib/python3.7/site-packages/airflow/example_dags/example_skip_dag.py
[2023-06-08T19:10:00.983+0000] {processor.py:836} INFO - DAG(s) dict_keys(['example_skip_dag']) retrieved from /home/airflow/.local/lib/python3.7/site-packages/airflow/example_dags/example_skip_dag.py
[2023-06-08T19:10:01.000+0000] {logging_mixin.py:149} INFO - [2023-06-08T19:10:01.000+0000] {dag.py:2726} INFO - Sync 1 DAGs
[2023-06-08T19:10:01.014+0000] {logging_mixin.py:149} INFO - [2023-06-08T19:10:01.014+0000] {dag.py:3490} INFO - Setting next_dagrun for example_skip_dag to 2023-06-07T19:10:01.014404+00:00, run_after=2023-06-08T19:10:01.014404+00:00
[2023-06-08T19:10:01.024+0000] {processor.py:179} INFO - Processing /home/airflow/.local/lib/python3.7/site-packages/airflow/example_dags/example_skip_dag.py took 0.050 seconds
[2023-06-08T19:10:31.286+0000] {processor.py:157} INFO - Started process (PID=4587) to work on /home/airflow/.local/lib/python3.7/site-packages/airflow/example_dags/example_skip_dag.py
[2023-06-08T19:10:31.287+0000] {processor.py:826} INFO - Processing file /home/airflow/.local/lib/python3.7/site-packages/airflow/example_dags/example_skip_dag.py for tasks to queue
[2023-06-08T19:10:31.288+0000] {logging_mixin.py:149} INFO - [2023-06-08T19:10:31.288+0000] {dagbag.py:541} INFO - Filling up the DagBag from /home/airflow/.local/lib/python3.7/site-packages/airflow/example_dags/example_skip_dag.py
[2023-06-08T19:10:31.293+0000] {processor.py:836} INFO - DAG(s) dict_keys(['example_skip_dag']) retrieved from /home/airflow/.local/lib/python3.7/site-packages/airflow/example_dags/example_skip_dag.py
[2023-06-08T19:10:31.309+0000] {logging_mixin.py:149} INFO - [2023-06-08T19:10:31.309+0000] {dag.py:2726} INFO - Sync 1 DAGs
[2023-06-08T19:10:31.324+0000] {logging_mixin.py:149} INFO - [2023-06-08T19:10:31.324+0000] {dag.py:3490} INFO - Setting next_dagrun for example_skip_dag to 2023-06-07T19:10:31.323860+00:00, run_after=2023-06-08T19:10:31.323860+00:00
[2023-06-08T19:10:31.334+0000] {processor.py:179} INFO - Processing /home/airflow/.local/lib/python3.7/site-packages/airflow/example_dags/example_skip_dag.py took 0.049 seconds
[2023-06-08T19:11:01.532+0000] {processor.py:157} INFO - Started process (PID=4824) to work on /home/airflow/.local/lib/python3.7/site-packages/airflow/example_dags/example_skip_dag.py
[2023-06-08T19:11:01.533+0000] {processor.py:826} INFO - Processing file /home/airflow/.local/lib/python3.7/site-packages/airflow/example_dags/example_skip_dag.py for tasks to queue
[2023-06-08T19:11:01.534+0000] {logging_mixin.py:149} INFO - [2023-06-08T19:11:01.534+0000] {dagbag.py:541} INFO - Filling up the DagBag from /home/airflow/.local/lib/python3.7/site-packages/airflow/example_dags/example_skip_dag.py
[2023-06-08T19:11:01.539+0000] {processor.py:836} INFO - DAG(s) dict_keys(['example_skip_dag']) retrieved from /home/airflow/.local/lib/python3.7/site-packages/airflow/example_dags/example_skip_dag.py
[2023-06-08T19:11:01.555+0000] {logging_mixin.py:149} INFO - [2023-06-08T19:11:01.555+0000] {dag.py:2726} INFO - Sync 1 DAGs
[2023-06-08T19:11:01.569+0000] {logging_mixin.py:149} INFO - [2023-06-08T19:11:01.569+0000] {dag.py:3490} INFO - Setting next_dagrun for example_skip_dag to 2023-06-07T19:11:01.569252+00:00, run_after=2023-06-08T19:11:01.569252+00:00
[2023-06-08T19:11:01.579+0000] {processor.py:179} INFO - Processing /home/airflow/.local/lib/python3.7/site-packages/airflow/example_dags/example_skip_dag.py took 0.049 seconds
[2023-06-08T19:11:31.858+0000] {processor.py:157} INFO - Started process (PID=5061) to work on /home/airflow/.local/lib/python3.7/site-packages/airflow/example_dags/example_skip_dag.py
[2023-06-08T19:11:31.858+0000] {processor.py:826} INFO - Processing file /home/airflow/.local/lib/python3.7/site-packages/airflow/example_dags/example_skip_dag.py for tasks to queue
[2023-06-08T19:11:31.859+0000] {logging_mixin.py:149} INFO - [2023-06-08T19:11:31.859+0000] {dagbag.py:541} INFO - Filling up the DagBag from /home/airflow/.local/lib/python3.7/site-packages/airflow/example_dags/example_skip_dag.py
[2023-06-08T19:11:31.864+0000] {processor.py:836} INFO - DAG(s) dict_keys(['example_skip_dag']) retrieved from /home/airflow/.local/lib/python3.7/site-packages/airflow/example_dags/example_skip_dag.py
[2023-06-08T19:11:31.881+0000] {logging_mixin.py:149} INFO - [2023-06-08T19:11:31.881+0000] {dag.py:2726} INFO - Sync 1 DAGs
[2023-06-08T19:11:31.895+0000] {logging_mixin.py:149} INFO - [2023-06-08T19:11:31.895+0000] {dag.py:3490} INFO - Setting next_dagrun for example_skip_dag to 2023-06-07T19:11:31.895289+00:00, run_after=2023-06-08T19:11:31.895289+00:00
[2023-06-08T19:11:31.905+0000] {processor.py:179} INFO - Processing /home/airflow/.local/lib/python3.7/site-packages/airflow/example_dags/example_skip_dag.py took 0.049 seconds
[2023-06-08T19:12:02.062+0000] {processor.py:157} INFO - Started process (PID=5298) to work on /home/airflow/.local/lib/python3.7/site-packages/airflow/example_dags/example_skip_dag.py
[2023-06-08T19:12:02.062+0000] {processor.py:826} INFO - Processing file /home/airflow/.local/lib/python3.7/site-packages/airflow/example_dags/example_skip_dag.py for tasks to queue
[2023-06-08T19:12:02.063+0000] {logging_mixin.py:149} INFO - [2023-06-08T19:12:02.063+0000] {dagbag.py:541} INFO - Filling up the DagBag from /home/airflow/.local/lib/python3.7/site-packages/airflow/example_dags/example_skip_dag.py
[2023-06-08T19:12:02.068+0000] {processor.py:836} INFO - DAG(s) dict_keys(['example_skip_dag']) retrieved from /home/airflow/.local/lib/python3.7/site-packages/airflow/example_dags/example_skip_dag.py
[2023-06-08T19:12:02.085+0000] {logging_mixin.py:149} INFO - [2023-06-08T19:12:02.085+0000] {dag.py:2726} INFO - Sync 1 DAGs
[2023-06-08T19:12:02.099+0000] {logging_mixin.py:149} INFO - [2023-06-08T19:12:02.099+0000] {dag.py:3490} INFO - Setting next_dagrun for example_skip_dag to 2023-06-07T19:12:02.099387+00:00, run_after=2023-06-08T19:12:02.099387+00:00
[2023-06-08T19:12:02.109+0000] {processor.py:179} INFO - Processing /home/airflow/.local/lib/python3.7/site-packages/airflow/example_dags/example_skip_dag.py took 0.049 seconds
[2023-06-08T19:12:32.341+0000] {processor.py:157} INFO - Started process (PID=5536) to work on /home/airflow/.local/lib/python3.7/site-packages/airflow/example_dags/example_skip_dag.py
[2023-06-08T19:12:32.341+0000] {processor.py:826} INFO - Processing file /home/airflow/.local/lib/python3.7/site-packages/airflow/example_dags/example_skip_dag.py for tasks to queue
[2023-06-08T19:12:32.342+0000] {logging_mixin.py:149} INFO - [2023-06-08T19:12:32.342+0000] {dagbag.py:541} INFO - Filling up the DagBag from /home/airflow/.local/lib/python3.7/site-packages/airflow/example_dags/example_skip_dag.py
[2023-06-08T19:12:32.347+0000] {processor.py:836} INFO - DAG(s) dict_keys(['example_skip_dag']) retrieved from /home/airflow/.local/lib/python3.7/site-packages/airflow/example_dags/example_skip_dag.py
[2023-06-08T19:12:32.364+0000] {logging_mixin.py:149} INFO - [2023-06-08T19:12:32.364+0000] {dag.py:2726} INFO - Sync 1 DAGs
[2023-06-08T19:12:32.378+0000] {logging_mixin.py:149} INFO - [2023-06-08T19:12:32.378+0000] {dag.py:3490} INFO - Setting next_dagrun for example_skip_dag to 2023-06-07T19:12:32.378625+00:00, run_after=2023-06-08T19:12:32.378625+00:00
[2023-06-08T19:12:32.389+0000] {processor.py:179} INFO - Processing /home/airflow/.local/lib/python3.7/site-packages/airflow/example_dags/example_skip_dag.py took 0.051 seconds
[2023-06-08T19:13:02.587+0000] {processor.py:157} INFO - Started process (PID=5773) to work on /home/airflow/.local/lib/python3.7/site-packages/airflow/example_dags/example_skip_dag.py
[2023-06-08T19:13:02.588+0000] {processor.py:826} INFO - Processing file /home/airflow/.local/lib/python3.7/site-packages/airflow/example_dags/example_skip_dag.py for tasks to queue
[2023-06-08T19:13:02.588+0000] {logging_mixin.py:149} INFO - [2023-06-08T19:13:02.588+0000] {dagbag.py:541} INFO - Filling up the DagBag from /home/airflow/.local/lib/python3.7/site-packages/airflow/example_dags/example_skip_dag.py
[2023-06-08T19:13:02.593+0000] {processor.py:836} INFO - DAG(s) dict_keys(['example_skip_dag']) retrieved from /home/airflow/.local/lib/python3.7/site-packages/airflow/example_dags/example_skip_dag.py
[2023-06-08T19:13:02.610+0000] {logging_mixin.py:149} INFO - [2023-06-08T19:13:02.610+0000] {dag.py:2726} INFO - Sync 1 DAGs
[2023-06-08T19:13:02.624+0000] {logging_mixin.py:149} INFO - [2023-06-08T19:13:02.624+0000] {dag.py:3490} INFO - Setting next_dagrun for example_skip_dag to 2023-06-07T19:13:02.624120+00:00, run_after=2023-06-08T19:13:02.624120+00:00
[2023-06-08T19:13:02.634+0000] {processor.py:179} INFO - Processing /home/airflow/.local/lib/python3.7/site-packages/airflow/example_dags/example_skip_dag.py took 0.049 seconds
[2023-06-08T19:13:32.947+0000] {processor.py:157} INFO - Started process (PID=6010) to work on /home/airflow/.local/lib/python3.7/site-packages/airflow/example_dags/example_skip_dag.py
[2023-06-08T19:13:32.948+0000] {processor.py:826} INFO - Processing file /home/airflow/.local/lib/python3.7/site-packages/airflow/example_dags/example_skip_dag.py for tasks to queue
[2023-06-08T19:13:32.949+0000] {logging_mixin.py:149} INFO - [2023-06-08T19:13:32.949+0000] {dagbag.py:541} INFO - Filling up the DagBag from /home/airflow/.local/lib/python3.7/site-packages/airflow/example_dags/example_skip_dag.py
[2023-06-08T19:13:32.953+0000] {processor.py:836} INFO - DAG(s) dict_keys(['example_skip_dag']) retrieved from /home/airflow/.local/lib/python3.7/site-packages/airflow/example_dags/example_skip_dag.py
[2023-06-08T19:13:32.971+0000] {logging_mixin.py:149} INFO - [2023-06-08T19:13:32.971+0000] {dag.py:2726} INFO - Sync 1 DAGs
[2023-06-08T19:13:32.985+0000] {logging_mixin.py:149} INFO - [2023-06-08T19:13:32.985+0000] {dag.py:3490} INFO - Setting next_dagrun for example_skip_dag to 2023-06-07T19:13:32.985306+00:00, run_after=2023-06-08T19:13:32.985306+00:00
[2023-06-08T19:13:32.995+0000] {processor.py:179} INFO - Processing /home/airflow/.local/lib/python3.7/site-packages/airflow/example_dags/example_skip_dag.py took 0.050 seconds
[2023-06-08T19:14:03.109+0000] {processor.py:157} INFO - Started process (PID=6247) to work on /home/airflow/.local/lib/python3.7/site-packages/airflow/example_dags/example_skip_dag.py
[2023-06-08T19:14:03.109+0000] {processor.py:826} INFO - Processing file /home/airflow/.local/lib/python3.7/site-packages/airflow/example_dags/example_skip_dag.py for tasks to queue
[2023-06-08T19:14:03.110+0000] {logging_mixin.py:149} INFO - [2023-06-08T19:14:03.110+0000] {dagbag.py:541} INFO - Filling up the DagBag from /home/airflow/.local/lib/python3.7/site-packages/airflow/example_dags/example_skip_dag.py
[2023-06-08T19:14:03.114+0000] {processor.py:836} INFO - DAG(s) dict_keys(['example_skip_dag']) retrieved from /home/airflow/.local/lib/python3.7/site-packages/airflow/example_dags/example_skip_dag.py
[2023-06-08T19:14:03.131+0000] {logging_mixin.py:149} INFO - [2023-06-08T19:14:03.131+0000] {dag.py:2726} INFO - Sync 1 DAGs
[2023-06-08T19:14:03.146+0000] {logging_mixin.py:149} INFO - [2023-06-08T19:14:03.146+0000] {dag.py:3490} INFO - Setting next_dagrun for example_skip_dag to 2023-06-07T19:14:03.146308+00:00, run_after=2023-06-08T19:14:03.146308+00:00
[2023-06-08T19:14:03.156+0000] {processor.py:179} INFO - Processing /home/airflow/.local/lib/python3.7/site-packages/airflow/example_dags/example_skip_dag.py took 0.049 seconds
[2023-06-08T19:14:33.364+0000] {processor.py:157} INFO - Started process (PID=6485) to work on /home/airflow/.local/lib/python3.7/site-packages/airflow/example_dags/example_skip_dag.py
[2023-06-08T19:14:33.364+0000] {processor.py:826} INFO - Processing file /home/airflow/.local/lib/python3.7/site-packages/airflow/example_dags/example_skip_dag.py for tasks to queue
[2023-06-08T19:14:33.365+0000] {logging_mixin.py:149} INFO - [2023-06-08T19:14:33.365+0000] {dagbag.py:541} INFO - Filling up the DagBag from /home/airflow/.local/lib/python3.7/site-packages/airflow/example_dags/example_skip_dag.py
[2023-06-08T19:14:33.370+0000] {processor.py:836} INFO - DAG(s) dict_keys(['example_skip_dag']) retrieved from /home/airflow/.local/lib/python3.7/site-packages/airflow/example_dags/example_skip_dag.py
[2023-06-08T19:14:33.386+0000] {logging_mixin.py:149} INFO - [2023-06-08T19:14:33.386+0000] {dag.py:2726} INFO - Sync 1 DAGs
[2023-06-08T19:14:33.400+0000] {logging_mixin.py:149} INFO - [2023-06-08T19:14:33.400+0000] {dag.py:3490} INFO - Setting next_dagrun for example_skip_dag to 2023-06-07T19:14:33.400465+00:00, run_after=2023-06-08T19:14:33.400465+00:00
[2023-06-08T19:14:33.411+0000] {processor.py:179} INFO - Processing /home/airflow/.local/lib/python3.7/site-packages/airflow/example_dags/example_skip_dag.py took 0.049 seconds
[2023-06-08T19:15:03.579+0000] {processor.py:157} INFO - Started process (PID=6722) to work on /home/airflow/.local/lib/python3.7/site-packages/airflow/example_dags/example_skip_dag.py
[2023-06-08T19:15:03.580+0000] {processor.py:826} INFO - Processing file /home/airflow/.local/lib/python3.7/site-packages/airflow/example_dags/example_skip_dag.py for tasks to queue
[2023-06-08T19:15:03.580+0000] {logging_mixin.py:149} INFO - [2023-06-08T19:15:03.580+0000] {dagbag.py:541} INFO - Filling up the DagBag from /home/airflow/.local/lib/python3.7/site-packages/airflow/example_dags/example_skip_dag.py
[2023-06-08T19:15:03.586+0000] {processor.py:836} INFO - DAG(s) dict_keys(['example_skip_dag']) retrieved from /home/airflow/.local/lib/python3.7/site-packages/airflow/example_dags/example_skip_dag.py
[2023-06-08T19:15:03.602+0000] {logging_mixin.py:149} INFO - [2023-06-08T19:15:03.602+0000] {dag.py:2726} INFO - Sync 1 DAGs
[2023-06-08T19:15:03.617+0000] {logging_mixin.py:149} INFO - [2023-06-08T19:15:03.617+0000] {dag.py:3490} INFO - Setting next_dagrun for example_skip_dag to 2023-06-07T19:15:03.617709+00:00, run_after=2023-06-08T19:15:03.617709+00:00
[2023-06-08T19:15:03.628+0000] {processor.py:179} INFO - Processing /home/airflow/.local/lib/python3.7/site-packages/airflow/example_dags/example_skip_dag.py took 0.051 seconds
