[2023-06-08T19:01:25.517+0000] {processor.py:157} INFO - Started process (PID=312) to work on /home/airflow/.local/lib/python3.7/site-packages/airflow/example_dags/example_kubernetes_executor.py
[2023-06-08T19:01:25.518+0000] {processor.py:826} INFO - Processing file /home/airflow/.local/lib/python3.7/site-packages/airflow/example_dags/example_kubernetes_executor.py for tasks to queue
[2023-06-08T19:01:25.518+0000] {logging_mixin.py:149} INFO - [2023-06-08T19:01:25.518+0000] {dagbag.py:541} INFO - Filling up the DagBag from /home/airflow/.local/lib/python3.7/site-packages/airflow/example_dags/example_kubernetes_executor.py
[2023-06-08T19:01:25.838+0000] {processor.py:836} INFO - DAG(s) dict_keys(['example_kubernetes_executor']) retrieved from /home/airflow/.local/lib/python3.7/site-packages/airflow/example_dags/example_kubernetes_executor.py
[2023-06-08T19:01:25.845+0000] {logging_mixin.py:149} INFO - [2023-06-08T19:01:25.845+0000] {dag.py:2726} INFO - Sync 1 DAGs
[2023-06-08T19:01:25.858+0000] {logging_mixin.py:149} INFO - [2023-06-08T19:01:25.858+0000] {dag.py:3490} INFO - Setting next_dagrun for example_kubernetes_executor to None, run_after=None
[2023-06-08T19:01:25.866+0000] {processor.py:179} INFO - Processing /home/airflow/.local/lib/python3.7/site-packages/airflow/example_dags/example_kubernetes_executor.py took 0.352 seconds
[2023-06-08T19:01:57.328+0000] {processor.py:157} INFO - Started process (PID=549) to work on /home/airflow/.local/lib/python3.7/site-packages/airflow/example_dags/example_kubernetes_executor.py
[2023-06-08T19:01:57.329+0000] {processor.py:826} INFO - Processing file /home/airflow/.local/lib/python3.7/site-packages/airflow/example_dags/example_kubernetes_executor.py for tasks to queue
[2023-06-08T19:01:57.329+0000] {logging_mixin.py:149} INFO - [2023-06-08T19:01:57.329+0000] {dagbag.py:541} INFO - Filling up the DagBag from /home/airflow/.local/lib/python3.7/site-packages/airflow/example_dags/example_kubernetes_executor.py
[2023-06-08T19:01:57.433+0000] {processor.py:836} INFO - DAG(s) dict_keys(['example_kubernetes_executor']) retrieved from /home/airflow/.local/lib/python3.7/site-packages/airflow/example_dags/example_kubernetes_executor.py
[2023-06-08T19:01:57.456+0000] {logging_mixin.py:149} INFO - [2023-06-08T19:01:57.456+0000] {dag.py:2726} INFO - Sync 1 DAGs
[2023-06-08T19:01:57.469+0000] {logging_mixin.py:149} INFO - [2023-06-08T19:01:57.469+0000] {dag.py:3490} INFO - Setting next_dagrun for example_kubernetes_executor to None, run_after=None
[2023-06-08T19:01:57.478+0000] {processor.py:179} INFO - Processing /home/airflow/.local/lib/python3.7/site-packages/airflow/example_dags/example_kubernetes_executor.py took 0.153 seconds
[2023-06-08T19:02:27.595+0000] {processor.py:157} INFO - Started process (PID=786) to work on /home/airflow/.local/lib/python3.7/site-packages/airflow/example_dags/example_kubernetes_executor.py
[2023-06-08T19:02:27.596+0000] {processor.py:826} INFO - Processing file /home/airflow/.local/lib/python3.7/site-packages/airflow/example_dags/example_kubernetes_executor.py for tasks to queue
[2023-06-08T19:02:27.596+0000] {logging_mixin.py:149} INFO - [2023-06-08T19:02:27.596+0000] {dagbag.py:541} INFO - Filling up the DagBag from /home/airflow/.local/lib/python3.7/site-packages/airflow/example_dags/example_kubernetes_executor.py
[2023-06-08T19:02:27.691+0000] {processor.py:836} INFO - DAG(s) dict_keys(['example_kubernetes_executor']) retrieved from /home/airflow/.local/lib/python3.7/site-packages/airflow/example_dags/example_kubernetes_executor.py
[2023-06-08T19:02:27.717+0000] {logging_mixin.py:149} INFO - [2023-06-08T19:02:27.717+0000] {dag.py:2726} INFO - Sync 1 DAGs
[2023-06-08T19:02:27.731+0000] {logging_mixin.py:149} INFO - [2023-06-08T19:02:27.731+0000] {dag.py:3490} INFO - Setting next_dagrun for example_kubernetes_executor to None, run_after=None
[2023-06-08T19:02:27.740+0000] {processor.py:179} INFO - Processing /home/airflow/.local/lib/python3.7/site-packages/airflow/example_dags/example_kubernetes_executor.py took 0.148 seconds
[2023-06-08T19:02:58.716+0000] {processor.py:157} INFO - Started process (PID=1071) to work on /home/airflow/.local/lib/python3.7/site-packages/airflow/example_dags/example_kubernetes_executor.py
[2023-06-08T19:02:58.718+0000] {processor.py:826} INFO - Processing file /home/airflow/.local/lib/python3.7/site-packages/airflow/example_dags/example_kubernetes_executor.py for tasks to queue
[2023-06-08T19:02:58.719+0000] {logging_mixin.py:149} INFO - [2023-06-08T19:02:58.719+0000] {dagbag.py:541} INFO - Filling up the DagBag from /home/airflow/.local/lib/python3.7/site-packages/airflow/example_dags/example_kubernetes_executor.py
[2023-06-08T19:02:58.819+0000] {processor.py:836} INFO - DAG(s) dict_keys(['example_kubernetes_executor']) retrieved from /home/airflow/.local/lib/python3.7/site-packages/airflow/example_dags/example_kubernetes_executor.py
[2023-06-08T19:02:58.842+0000] {logging_mixin.py:149} INFO - [2023-06-08T19:02:58.842+0000] {dag.py:2726} INFO - Sync 1 DAGs
[2023-06-08T19:02:58.854+0000] {logging_mixin.py:149} INFO - [2023-06-08T19:02:58.854+0000] {dag.py:3490} INFO - Setting next_dagrun for example_kubernetes_executor to None, run_after=None
[2023-06-08T19:02:58.863+0000] {processor.py:179} INFO - Processing /home/airflow/.local/lib/python3.7/site-packages/airflow/example_dags/example_kubernetes_executor.py took 0.151 seconds
[2023-06-08T19:03:29.033+0000] {processor.py:157} INFO - Started process (PID=1356) to work on /home/airflow/.local/lib/python3.7/site-packages/airflow/example_dags/example_kubernetes_executor.py
[2023-06-08T19:03:29.035+0000] {processor.py:826} INFO - Processing file /home/airflow/.local/lib/python3.7/site-packages/airflow/example_dags/example_kubernetes_executor.py for tasks to queue
[2023-06-08T19:03:29.036+0000] {logging_mixin.py:149} INFO - [2023-06-08T19:03:29.036+0000] {dagbag.py:541} INFO - Filling up the DagBag from /home/airflow/.local/lib/python3.7/site-packages/airflow/example_dags/example_kubernetes_executor.py
[2023-06-08T19:03:29.144+0000] {processor.py:836} INFO - DAG(s) dict_keys(['example_kubernetes_executor']) retrieved from /home/airflow/.local/lib/python3.7/site-packages/airflow/example_dags/example_kubernetes_executor.py
[2023-06-08T19:03:29.168+0000] {logging_mixin.py:149} INFO - [2023-06-08T19:03:29.167+0000] {dag.py:2726} INFO - Sync 1 DAGs
[2023-06-08T19:03:29.182+0000] {logging_mixin.py:149} INFO - [2023-06-08T19:03:29.182+0000] {dag.py:3490} INFO - Setting next_dagrun for example_kubernetes_executor to None, run_after=None
[2023-06-08T19:03:29.192+0000] {processor.py:179} INFO - Processing /home/airflow/.local/lib/python3.7/site-packages/airflow/example_dags/example_kubernetes_executor.py took 0.163 seconds
[2023-06-08T19:03:59.296+0000] {processor.py:157} INFO - Started process (PID=1594) to work on /home/airflow/.local/lib/python3.7/site-packages/airflow/example_dags/example_kubernetes_executor.py
[2023-06-08T19:03:59.297+0000] {processor.py:826} INFO - Processing file /home/airflow/.local/lib/python3.7/site-packages/airflow/example_dags/example_kubernetes_executor.py for tasks to queue
[2023-06-08T19:03:59.299+0000] {logging_mixin.py:149} INFO - [2023-06-08T19:03:59.298+0000] {dagbag.py:541} INFO - Filling up the DagBag from /home/airflow/.local/lib/python3.7/site-packages/airflow/example_dags/example_kubernetes_executor.py
[2023-06-08T19:03:59.410+0000] {processor.py:836} INFO - DAG(s) dict_keys(['example_kubernetes_executor']) retrieved from /home/airflow/.local/lib/python3.7/site-packages/airflow/example_dags/example_kubernetes_executor.py
[2023-06-08T19:03:59.434+0000] {logging_mixin.py:149} INFO - [2023-06-08T19:03:59.434+0000] {dag.py:2726} INFO - Sync 1 DAGs
[2023-06-08T19:03:59.449+0000] {logging_mixin.py:149} INFO - [2023-06-08T19:03:59.449+0000] {dag.py:3490} INFO - Setting next_dagrun for example_kubernetes_executor to None, run_after=None
[2023-06-08T19:03:59.459+0000] {processor.py:179} INFO - Processing /home/airflow/.local/lib/python3.7/site-packages/airflow/example_dags/example_kubernetes_executor.py took 0.167 seconds
[2023-06-08T19:04:29.554+0000] {processor.py:157} INFO - Started process (PID=1831) to work on /home/airflow/.local/lib/python3.7/site-packages/airflow/example_dags/example_kubernetes_executor.py
[2023-06-08T19:04:29.556+0000] {processor.py:826} INFO - Processing file /home/airflow/.local/lib/python3.7/site-packages/airflow/example_dags/example_kubernetes_executor.py for tasks to queue
[2023-06-08T19:04:29.557+0000] {logging_mixin.py:149} INFO - [2023-06-08T19:04:29.557+0000] {dagbag.py:541} INFO - Filling up the DagBag from /home/airflow/.local/lib/python3.7/site-packages/airflow/example_dags/example_kubernetes_executor.py
[2023-06-08T19:04:29.657+0000] {processor.py:836} INFO - DAG(s) dict_keys(['example_kubernetes_executor']) retrieved from /home/airflow/.local/lib/python3.7/site-packages/airflow/example_dags/example_kubernetes_executor.py
[2023-06-08T19:04:29.680+0000] {logging_mixin.py:149} INFO - [2023-06-08T19:04:29.680+0000] {dag.py:2726} INFO - Sync 1 DAGs
[2023-06-08T19:04:29.694+0000] {logging_mixin.py:149} INFO - [2023-06-08T19:04:29.694+0000] {dag.py:3490} INFO - Setting next_dagrun for example_kubernetes_executor to None, run_after=None
[2023-06-08T19:04:29.704+0000] {processor.py:179} INFO - Processing /home/airflow/.local/lib/python3.7/site-packages/airflow/example_dags/example_kubernetes_executor.py took 0.154 seconds
[2023-06-08T19:04:59.777+0000] {processor.py:157} INFO - Started process (PID=2068) to work on /home/airflow/.local/lib/python3.7/site-packages/airflow/example_dags/example_kubernetes_executor.py
[2023-06-08T19:04:59.778+0000] {processor.py:826} INFO - Processing file /home/airflow/.local/lib/python3.7/site-packages/airflow/example_dags/example_kubernetes_executor.py for tasks to queue
[2023-06-08T19:04:59.779+0000] {logging_mixin.py:149} INFO - [2023-06-08T19:04:59.779+0000] {dagbag.py:541} INFO - Filling up the DagBag from /home/airflow/.local/lib/python3.7/site-packages/airflow/example_dags/example_kubernetes_executor.py
[2023-06-08T19:04:59.881+0000] {processor.py:836} INFO - DAG(s) dict_keys(['example_kubernetes_executor']) retrieved from /home/airflow/.local/lib/python3.7/site-packages/airflow/example_dags/example_kubernetes_executor.py
[2023-06-08T19:04:59.904+0000] {logging_mixin.py:149} INFO - [2023-06-08T19:04:59.904+0000] {dag.py:2726} INFO - Sync 1 DAGs
[2023-06-08T19:04:59.918+0000] {logging_mixin.py:149} INFO - [2023-06-08T19:04:59.917+0000] {dag.py:3490} INFO - Setting next_dagrun for example_kubernetes_executor to None, run_after=None
[2023-06-08T19:04:59.927+0000] {processor.py:179} INFO - Processing /home/airflow/.local/lib/python3.7/site-packages/airflow/example_dags/example_kubernetes_executor.py took 0.154 seconds
[2023-06-08T19:05:30.075+0000] {processor.py:157} INFO - Started process (PID=2305) to work on /home/airflow/.local/lib/python3.7/site-packages/airflow/example_dags/example_kubernetes_executor.py
[2023-06-08T19:05:30.076+0000] {processor.py:826} INFO - Processing file /home/airflow/.local/lib/python3.7/site-packages/airflow/example_dags/example_kubernetes_executor.py for tasks to queue
[2023-06-08T19:05:30.077+0000] {logging_mixin.py:149} INFO - [2023-06-08T19:05:30.077+0000] {dagbag.py:541} INFO - Filling up the DagBag from /home/airflow/.local/lib/python3.7/site-packages/airflow/example_dags/example_kubernetes_executor.py
[2023-06-08T19:05:30.179+0000] {processor.py:836} INFO - DAG(s) dict_keys(['example_kubernetes_executor']) retrieved from /home/airflow/.local/lib/python3.7/site-packages/airflow/example_dags/example_kubernetes_executor.py
[2023-06-08T19:05:30.203+0000] {logging_mixin.py:149} INFO - [2023-06-08T19:05:30.202+0000] {dag.py:2726} INFO - Sync 1 DAGs
[2023-06-08T19:05:30.216+0000] {logging_mixin.py:149} INFO - [2023-06-08T19:05:30.216+0000] {dag.py:3490} INFO - Setting next_dagrun for example_kubernetes_executor to None, run_after=None
[2023-06-08T19:05:30.227+0000] {processor.py:179} INFO - Processing /home/airflow/.local/lib/python3.7/site-packages/airflow/example_dags/example_kubernetes_executor.py took 0.155 seconds
[2023-06-08T19:06:00.373+0000] {processor.py:157} INFO - Started process (PID=2542) to work on /home/airflow/.local/lib/python3.7/site-packages/airflow/example_dags/example_kubernetes_executor.py
[2023-06-08T19:06:00.375+0000] {processor.py:826} INFO - Processing file /home/airflow/.local/lib/python3.7/site-packages/airflow/example_dags/example_kubernetes_executor.py for tasks to queue
[2023-06-08T19:06:00.375+0000] {logging_mixin.py:149} INFO - [2023-06-08T19:06:00.375+0000] {dagbag.py:541} INFO - Filling up the DagBag from /home/airflow/.local/lib/python3.7/site-packages/airflow/example_dags/example_kubernetes_executor.py
[2023-06-08T19:06:00.482+0000] {processor.py:836} INFO - DAG(s) dict_keys(['example_kubernetes_executor']) retrieved from /home/airflow/.local/lib/python3.7/site-packages/airflow/example_dags/example_kubernetes_executor.py
[2023-06-08T19:06:00.512+0000] {logging_mixin.py:149} INFO - [2023-06-08T19:06:00.512+0000] {dag.py:2726} INFO - Sync 1 DAGs
[2023-06-08T19:06:00.527+0000] {logging_mixin.py:149} INFO - [2023-06-08T19:06:00.527+0000] {dag.py:3490} INFO - Setting next_dagrun for example_kubernetes_executor to None, run_after=None
[2023-06-08T19:06:00.539+0000] {processor.py:179} INFO - Processing /home/airflow/.local/lib/python3.7/site-packages/airflow/example_dags/example_kubernetes_executor.py took 0.169 seconds
[2023-06-08T19:06:30.727+0000] {processor.py:157} INFO - Started process (PID=2779) to work on /home/airflow/.local/lib/python3.7/site-packages/airflow/example_dags/example_kubernetes_executor.py
[2023-06-08T19:06:30.728+0000] {processor.py:826} INFO - Processing file /home/airflow/.local/lib/python3.7/site-packages/airflow/example_dags/example_kubernetes_executor.py for tasks to queue
[2023-06-08T19:06:30.729+0000] {logging_mixin.py:149} INFO - [2023-06-08T19:06:30.729+0000] {dagbag.py:541} INFO - Filling up the DagBag from /home/airflow/.local/lib/python3.7/site-packages/airflow/example_dags/example_kubernetes_executor.py
[2023-06-08T19:06:30.828+0000] {processor.py:836} INFO - DAG(s) dict_keys(['example_kubernetes_executor']) retrieved from /home/airflow/.local/lib/python3.7/site-packages/airflow/example_dags/example_kubernetes_executor.py
[2023-06-08T19:06:30.852+0000] {logging_mixin.py:149} INFO - [2023-06-08T19:06:30.852+0000] {dag.py:2726} INFO - Sync 1 DAGs
[2023-06-08T19:06:30.866+0000] {logging_mixin.py:149} INFO - [2023-06-08T19:06:30.866+0000] {dag.py:3490} INFO - Setting next_dagrun for example_kubernetes_executor to None, run_after=None
[2023-06-08T19:06:30.876+0000] {processor.py:179} INFO - Processing /home/airflow/.local/lib/python3.7/site-packages/airflow/example_dags/example_kubernetes_executor.py took 0.151 seconds
[2023-06-08T19:07:01.025+0000] {processor.py:157} INFO - Started process (PID=3016) to work on /home/airflow/.local/lib/python3.7/site-packages/airflow/example_dags/example_kubernetes_executor.py
[2023-06-08T19:07:01.027+0000] {processor.py:826} INFO - Processing file /home/airflow/.local/lib/python3.7/site-packages/airflow/example_dags/example_kubernetes_executor.py for tasks to queue
[2023-06-08T19:07:01.028+0000] {logging_mixin.py:149} INFO - [2023-06-08T19:07:01.028+0000] {dagbag.py:541} INFO - Filling up the DagBag from /home/airflow/.local/lib/python3.7/site-packages/airflow/example_dags/example_kubernetes_executor.py
[2023-06-08T19:07:01.130+0000] {processor.py:836} INFO - DAG(s) dict_keys(['example_kubernetes_executor']) retrieved from /home/airflow/.local/lib/python3.7/site-packages/airflow/example_dags/example_kubernetes_executor.py
[2023-06-08T19:07:01.153+0000] {logging_mixin.py:149} INFO - [2023-06-08T19:07:01.153+0000] {dag.py:2726} INFO - Sync 1 DAGs
[2023-06-08T19:07:01.167+0000] {logging_mixin.py:149} INFO - [2023-06-08T19:07:01.167+0000] {dag.py:3490} INFO - Setting next_dagrun for example_kubernetes_executor to None, run_after=None
[2023-06-08T19:07:01.176+0000] {processor.py:179} INFO - Processing /home/airflow/.local/lib/python3.7/site-packages/airflow/example_dags/example_kubernetes_executor.py took 0.154 seconds
[2023-06-08T19:07:31.353+0000] {processor.py:157} INFO - Started process (PID=3253) to work on /home/airflow/.local/lib/python3.7/site-packages/airflow/example_dags/example_kubernetes_executor.py
[2023-06-08T19:07:31.355+0000] {processor.py:826} INFO - Processing file /home/airflow/.local/lib/python3.7/site-packages/airflow/example_dags/example_kubernetes_executor.py for tasks to queue
[2023-06-08T19:07:31.356+0000] {logging_mixin.py:149} INFO - [2023-06-08T19:07:31.356+0000] {dagbag.py:541} INFO - Filling up the DagBag from /home/airflow/.local/lib/python3.7/site-packages/airflow/example_dags/example_kubernetes_executor.py
[2023-06-08T19:07:31.457+0000] {processor.py:836} INFO - DAG(s) dict_keys(['example_kubernetes_executor']) retrieved from /home/airflow/.local/lib/python3.7/site-packages/airflow/example_dags/example_kubernetes_executor.py
[2023-06-08T19:07:31.481+0000] {logging_mixin.py:149} INFO - [2023-06-08T19:07:31.481+0000] {dag.py:2726} INFO - Sync 1 DAGs
[2023-06-08T19:07:31.494+0000] {logging_mixin.py:149} INFO - [2023-06-08T19:07:31.494+0000] {dag.py:3490} INFO - Setting next_dagrun for example_kubernetes_executor to None, run_after=None
[2023-06-08T19:07:31.504+0000] {processor.py:179} INFO - Processing /home/airflow/.local/lib/python3.7/site-packages/airflow/example_dags/example_kubernetes_executor.py took 0.155 seconds
[2023-06-08T19:08:01.597+0000] {processor.py:157} INFO - Started process (PID=3490) to work on /home/airflow/.local/lib/python3.7/site-packages/airflow/example_dags/example_kubernetes_executor.py
[2023-06-08T19:08:01.598+0000] {processor.py:826} INFO - Processing file /home/airflow/.local/lib/python3.7/site-packages/airflow/example_dags/example_kubernetes_executor.py for tasks to queue
[2023-06-08T19:08:01.599+0000] {logging_mixin.py:149} INFO - [2023-06-08T19:08:01.599+0000] {dagbag.py:541} INFO - Filling up the DagBag from /home/airflow/.local/lib/python3.7/site-packages/airflow/example_dags/example_kubernetes_executor.py
[2023-06-08T19:08:01.699+0000] {processor.py:836} INFO - DAG(s) dict_keys(['example_kubernetes_executor']) retrieved from /home/airflow/.local/lib/python3.7/site-packages/airflow/example_dags/example_kubernetes_executor.py
[2023-06-08T19:08:01.722+0000] {logging_mixin.py:149} INFO - [2023-06-08T19:08:01.722+0000] {dag.py:2726} INFO - Sync 1 DAGs
[2023-06-08T19:08:01.736+0000] {logging_mixin.py:149} INFO - [2023-06-08T19:08:01.736+0000] {dag.py:3490} INFO - Setting next_dagrun for example_kubernetes_executor to None, run_after=None
[2023-06-08T19:08:01.746+0000] {processor.py:179} INFO - Processing /home/airflow/.local/lib/python3.7/site-packages/airflow/example_dags/example_kubernetes_executor.py took 0.152 seconds
[2023-06-08T19:08:31.973+0000] {processor.py:157} INFO - Started process (PID=3727) to work on /home/airflow/.local/lib/python3.7/site-packages/airflow/example_dags/example_kubernetes_executor.py
[2023-06-08T19:08:31.974+0000] {processor.py:826} INFO - Processing file /home/airflow/.local/lib/python3.7/site-packages/airflow/example_dags/example_kubernetes_executor.py for tasks to queue
[2023-06-08T19:08:31.975+0000] {logging_mixin.py:149} INFO - [2023-06-08T19:08:31.975+0000] {dagbag.py:541} INFO - Filling up the DagBag from /home/airflow/.local/lib/python3.7/site-packages/airflow/example_dags/example_kubernetes_executor.py
[2023-06-08T19:08:32.082+0000] {processor.py:836} INFO - DAG(s) dict_keys(['example_kubernetes_executor']) retrieved from /home/airflow/.local/lib/python3.7/site-packages/airflow/example_dags/example_kubernetes_executor.py
[2023-06-08T19:08:32.106+0000] {logging_mixin.py:149} INFO - [2023-06-08T19:08:32.106+0000] {dag.py:2726} INFO - Sync 1 DAGs
[2023-06-08T19:08:32.120+0000] {logging_mixin.py:149} INFO - [2023-06-08T19:08:32.120+0000] {dag.py:3490} INFO - Setting next_dagrun for example_kubernetes_executor to None, run_after=None
[2023-06-08T19:08:32.130+0000] {processor.py:179} INFO - Processing /home/airflow/.local/lib/python3.7/site-packages/airflow/example_dags/example_kubernetes_executor.py took 0.161 seconds
[2023-06-08T19:09:02.242+0000] {processor.py:157} INFO - Started process (PID=3964) to work on /home/airflow/.local/lib/python3.7/site-packages/airflow/example_dags/example_kubernetes_executor.py
[2023-06-08T19:09:02.244+0000] {processor.py:826} INFO - Processing file /home/airflow/.local/lib/python3.7/site-packages/airflow/example_dags/example_kubernetes_executor.py for tasks to queue
[2023-06-08T19:09:02.245+0000] {logging_mixin.py:149} INFO - [2023-06-08T19:09:02.245+0000] {dagbag.py:541} INFO - Filling up the DagBag from /home/airflow/.local/lib/python3.7/site-packages/airflow/example_dags/example_kubernetes_executor.py
[2023-06-08T19:09:02.347+0000] {processor.py:836} INFO - DAG(s) dict_keys(['example_kubernetes_executor']) retrieved from /home/airflow/.local/lib/python3.7/site-packages/airflow/example_dags/example_kubernetes_executor.py
[2023-06-08T19:09:02.370+0000] {logging_mixin.py:149} INFO - [2023-06-08T19:09:02.369+0000] {dag.py:2726} INFO - Sync 1 DAGs
[2023-06-08T19:09:02.383+0000] {logging_mixin.py:149} INFO - [2023-06-08T19:09:02.383+0000] {dag.py:3490} INFO - Setting next_dagrun for example_kubernetes_executor to None, run_after=None
[2023-06-08T19:09:02.393+0000] {processor.py:179} INFO - Processing /home/airflow/.local/lib/python3.7/site-packages/airflow/example_dags/example_kubernetes_executor.py took 0.154 seconds
[2023-06-08T19:09:33.437+0000] {processor.py:157} INFO - Started process (PID=4201) to work on /home/airflow/.local/lib/python3.7/site-packages/airflow/example_dags/example_kubernetes_executor.py
[2023-06-08T19:09:33.439+0000] {processor.py:826} INFO - Processing file /home/airflow/.local/lib/python3.7/site-packages/airflow/example_dags/example_kubernetes_executor.py for tasks to queue
[2023-06-08T19:09:33.440+0000] {logging_mixin.py:149} INFO - [2023-06-08T19:09:33.440+0000] {dagbag.py:541} INFO - Filling up the DagBag from /home/airflow/.local/lib/python3.7/site-packages/airflow/example_dags/example_kubernetes_executor.py
[2023-06-08T19:09:33.542+0000] {processor.py:836} INFO - DAG(s) dict_keys(['example_kubernetes_executor']) retrieved from /home/airflow/.local/lib/python3.7/site-packages/airflow/example_dags/example_kubernetes_executor.py
[2023-06-08T19:09:33.564+0000] {logging_mixin.py:149} INFO - [2023-06-08T19:09:33.564+0000] {dag.py:2726} INFO - Sync 1 DAGs
[2023-06-08T19:09:33.578+0000] {logging_mixin.py:149} INFO - [2023-06-08T19:09:33.577+0000] {dag.py:3490} INFO - Setting next_dagrun for example_kubernetes_executor to None, run_after=None
[2023-06-08T19:09:33.587+0000] {processor.py:179} INFO - Processing /home/airflow/.local/lib/python3.7/site-packages/airflow/example_dags/example_kubernetes_executor.py took 0.153 seconds
[2023-06-08T19:10:03.703+0000] {processor.py:157} INFO - Started process (PID=4438) to work on /home/airflow/.local/lib/python3.7/site-packages/airflow/example_dags/example_kubernetes_executor.py
[2023-06-08T19:10:03.705+0000] {processor.py:826} INFO - Processing file /home/airflow/.local/lib/python3.7/site-packages/airflow/example_dags/example_kubernetes_executor.py for tasks to queue
[2023-06-08T19:10:03.706+0000] {logging_mixin.py:149} INFO - [2023-06-08T19:10:03.706+0000] {dagbag.py:541} INFO - Filling up the DagBag from /home/airflow/.local/lib/python3.7/site-packages/airflow/example_dags/example_kubernetes_executor.py
[2023-06-08T19:10:03.807+0000] {processor.py:836} INFO - DAG(s) dict_keys(['example_kubernetes_executor']) retrieved from /home/airflow/.local/lib/python3.7/site-packages/airflow/example_dags/example_kubernetes_executor.py
[2023-06-08T19:10:03.831+0000] {logging_mixin.py:149} INFO - [2023-06-08T19:10:03.830+0000] {dag.py:2726} INFO - Sync 1 DAGs
[2023-06-08T19:10:03.844+0000] {logging_mixin.py:149} INFO - [2023-06-08T19:10:03.844+0000] {dag.py:3490} INFO - Setting next_dagrun for example_kubernetes_executor to None, run_after=None
[2023-06-08T19:10:03.854+0000] {processor.py:179} INFO - Processing /home/airflow/.local/lib/python3.7/site-packages/airflow/example_dags/example_kubernetes_executor.py took 0.154 seconds
[2023-06-08T19:10:33.985+0000] {processor.py:157} INFO - Started process (PID=4675) to work on /home/airflow/.local/lib/python3.7/site-packages/airflow/example_dags/example_kubernetes_executor.py
[2023-06-08T19:10:33.987+0000] {processor.py:826} INFO - Processing file /home/airflow/.local/lib/python3.7/site-packages/airflow/example_dags/example_kubernetes_executor.py for tasks to queue
[2023-06-08T19:10:33.988+0000] {logging_mixin.py:149} INFO - [2023-06-08T19:10:33.988+0000] {dagbag.py:541} INFO - Filling up the DagBag from /home/airflow/.local/lib/python3.7/site-packages/airflow/example_dags/example_kubernetes_executor.py
[2023-06-08T19:10:34.094+0000] {processor.py:836} INFO - DAG(s) dict_keys(['example_kubernetes_executor']) retrieved from /home/airflow/.local/lib/python3.7/site-packages/airflow/example_dags/example_kubernetes_executor.py
[2023-06-08T19:10:34.117+0000] {logging_mixin.py:149} INFO - [2023-06-08T19:10:34.117+0000] {dag.py:2726} INFO - Sync 1 DAGs
[2023-06-08T19:10:34.132+0000] {logging_mixin.py:149} INFO - [2023-06-08T19:10:34.131+0000] {dag.py:3490} INFO - Setting next_dagrun for example_kubernetes_executor to None, run_after=None
[2023-06-08T19:10:34.141+0000] {processor.py:179} INFO - Processing /home/airflow/.local/lib/python3.7/site-packages/airflow/example_dags/example_kubernetes_executor.py took 0.160 seconds
[2023-06-08T19:11:04.307+0000] {processor.py:157} INFO - Started process (PID=4912) to work on /home/airflow/.local/lib/python3.7/site-packages/airflow/example_dags/example_kubernetes_executor.py
[2023-06-08T19:11:04.308+0000] {processor.py:826} INFO - Processing file /home/airflow/.local/lib/python3.7/site-packages/airflow/example_dags/example_kubernetes_executor.py for tasks to queue
[2023-06-08T19:11:04.309+0000] {logging_mixin.py:149} INFO - [2023-06-08T19:11:04.309+0000] {dagbag.py:541} INFO - Filling up the DagBag from /home/airflow/.local/lib/python3.7/site-packages/airflow/example_dags/example_kubernetes_executor.py
[2023-06-08T19:11:04.409+0000] {processor.py:836} INFO - DAG(s) dict_keys(['example_kubernetes_executor']) retrieved from /home/airflow/.local/lib/python3.7/site-packages/airflow/example_dags/example_kubernetes_executor.py
[2023-06-08T19:11:04.432+0000] {logging_mixin.py:149} INFO - [2023-06-08T19:11:04.432+0000] {dag.py:2726} INFO - Sync 1 DAGs
[2023-06-08T19:11:04.445+0000] {logging_mixin.py:149} INFO - [2023-06-08T19:11:04.445+0000] {dag.py:3490} INFO - Setting next_dagrun for example_kubernetes_executor to None, run_after=None
[2023-06-08T19:11:04.456+0000] {processor.py:179} INFO - Processing /home/airflow/.local/lib/python3.7/site-packages/airflow/example_dags/example_kubernetes_executor.py took 0.154 seconds
[2023-06-08T19:11:34.526+0000] {processor.py:157} INFO - Started process (PID=5149) to work on /home/airflow/.local/lib/python3.7/site-packages/airflow/example_dags/example_kubernetes_executor.py
[2023-06-08T19:11:34.527+0000] {processor.py:826} INFO - Processing file /home/airflow/.local/lib/python3.7/site-packages/airflow/example_dags/example_kubernetes_executor.py for tasks to queue
[2023-06-08T19:11:34.528+0000] {logging_mixin.py:149} INFO - [2023-06-08T19:11:34.528+0000] {dagbag.py:541} INFO - Filling up the DagBag from /home/airflow/.local/lib/python3.7/site-packages/airflow/example_dags/example_kubernetes_executor.py
[2023-06-08T19:11:34.628+0000] {processor.py:836} INFO - DAG(s) dict_keys(['example_kubernetes_executor']) retrieved from /home/airflow/.local/lib/python3.7/site-packages/airflow/example_dags/example_kubernetes_executor.py
[2023-06-08T19:11:34.651+0000] {logging_mixin.py:149} INFO - [2023-06-08T19:11:34.651+0000] {dag.py:2726} INFO - Sync 1 DAGs
[2023-06-08T19:11:34.665+0000] {logging_mixin.py:149} INFO - [2023-06-08T19:11:34.665+0000] {dag.py:3490} INFO - Setting next_dagrun for example_kubernetes_executor to None, run_after=None
[2023-06-08T19:11:34.675+0000] {processor.py:179} INFO - Processing /home/airflow/.local/lib/python3.7/site-packages/airflow/example_dags/example_kubernetes_executor.py took 0.152 seconds
[2023-06-08T19:12:04.772+0000] {processor.py:157} INFO - Started process (PID=5386) to work on /home/airflow/.local/lib/python3.7/site-packages/airflow/example_dags/example_kubernetes_executor.py
[2023-06-08T19:12:04.774+0000] {processor.py:826} INFO - Processing file /home/airflow/.local/lib/python3.7/site-packages/airflow/example_dags/example_kubernetes_executor.py for tasks to queue
[2023-06-08T19:12:04.776+0000] {logging_mixin.py:149} INFO - [2023-06-08T19:12:04.775+0000] {dagbag.py:541} INFO - Filling up the DagBag from /home/airflow/.local/lib/python3.7/site-packages/airflow/example_dags/example_kubernetes_executor.py
[2023-06-08T19:12:04.877+0000] {processor.py:836} INFO - DAG(s) dict_keys(['example_kubernetes_executor']) retrieved from /home/airflow/.local/lib/python3.7/site-packages/airflow/example_dags/example_kubernetes_executor.py
[2023-06-08T19:12:04.900+0000] {logging_mixin.py:149} INFO - [2023-06-08T19:12:04.900+0000] {dag.py:2726} INFO - Sync 1 DAGs
[2023-06-08T19:12:04.914+0000] {logging_mixin.py:149} INFO - [2023-06-08T19:12:04.914+0000] {dag.py:3490} INFO - Setting next_dagrun for example_kubernetes_executor to None, run_after=None
[2023-06-08T19:12:04.928+0000] {processor.py:179} INFO - Processing /home/airflow/.local/lib/python3.7/site-packages/airflow/example_dags/example_kubernetes_executor.py took 0.159 seconds
[2023-06-08T19:12:35.034+0000] {processor.py:157} INFO - Started process (PID=5624) to work on /home/airflow/.local/lib/python3.7/site-packages/airflow/example_dags/example_kubernetes_executor.py
[2023-06-08T19:12:35.035+0000] {processor.py:826} INFO - Processing file /home/airflow/.local/lib/python3.7/site-packages/airflow/example_dags/example_kubernetes_executor.py for tasks to queue
[2023-06-08T19:12:35.036+0000] {logging_mixin.py:149} INFO - [2023-06-08T19:12:35.036+0000] {dagbag.py:541} INFO - Filling up the DagBag from /home/airflow/.local/lib/python3.7/site-packages/airflow/example_dags/example_kubernetes_executor.py
[2023-06-08T19:12:35.139+0000] {processor.py:836} INFO - DAG(s) dict_keys(['example_kubernetes_executor']) retrieved from /home/airflow/.local/lib/python3.7/site-packages/airflow/example_dags/example_kubernetes_executor.py
[2023-06-08T19:12:35.162+0000] {logging_mixin.py:149} INFO - [2023-06-08T19:12:35.162+0000] {dag.py:2726} INFO - Sync 1 DAGs
[2023-06-08T19:12:35.176+0000] {logging_mixin.py:149} INFO - [2023-06-08T19:12:35.176+0000] {dag.py:3490} INFO - Setting next_dagrun for example_kubernetes_executor to None, run_after=None
[2023-06-08T19:12:35.187+0000] {processor.py:179} INFO - Processing /home/airflow/.local/lib/python3.7/site-packages/airflow/example_dags/example_kubernetes_executor.py took 0.156 seconds
[2023-06-08T19:13:05.351+0000] {processor.py:157} INFO - Started process (PID=5861) to work on /home/airflow/.local/lib/python3.7/site-packages/airflow/example_dags/example_kubernetes_executor.py
[2023-06-08T19:13:05.353+0000] {processor.py:826} INFO - Processing file /home/airflow/.local/lib/python3.7/site-packages/airflow/example_dags/example_kubernetes_executor.py for tasks to queue
[2023-06-08T19:13:05.354+0000] {logging_mixin.py:149} INFO - [2023-06-08T19:13:05.354+0000] {dagbag.py:541} INFO - Filling up the DagBag from /home/airflow/.local/lib/python3.7/site-packages/airflow/example_dags/example_kubernetes_executor.py
[2023-06-08T19:13:05.456+0000] {processor.py:836} INFO - DAG(s) dict_keys(['example_kubernetes_executor']) retrieved from /home/airflow/.local/lib/python3.7/site-packages/airflow/example_dags/example_kubernetes_executor.py
[2023-06-08T19:13:05.478+0000] {logging_mixin.py:149} INFO - [2023-06-08T19:13:05.478+0000] {dag.py:2726} INFO - Sync 1 DAGs
[2023-06-08T19:13:05.491+0000] {logging_mixin.py:149} INFO - [2023-06-08T19:13:05.491+0000] {dag.py:3490} INFO - Setting next_dagrun for example_kubernetes_executor to None, run_after=None
[2023-06-08T19:13:05.501+0000] {processor.py:179} INFO - Processing /home/airflow/.local/lib/python3.7/site-packages/airflow/example_dags/example_kubernetes_executor.py took 0.153 seconds
[2023-06-08T19:13:35.676+0000] {processor.py:157} INFO - Started process (PID=6098) to work on /home/airflow/.local/lib/python3.7/site-packages/airflow/example_dags/example_kubernetes_executor.py
[2023-06-08T19:13:35.678+0000] {processor.py:826} INFO - Processing file /home/airflow/.local/lib/python3.7/site-packages/airflow/example_dags/example_kubernetes_executor.py for tasks to queue
[2023-06-08T19:13:35.680+0000] {logging_mixin.py:149} INFO - [2023-06-08T19:13:35.679+0000] {dagbag.py:541} INFO - Filling up the DagBag from /home/airflow/.local/lib/python3.7/site-packages/airflow/example_dags/example_kubernetes_executor.py
[2023-06-08T19:13:35.782+0000] {processor.py:836} INFO - DAG(s) dict_keys(['example_kubernetes_executor']) retrieved from /home/airflow/.local/lib/python3.7/site-packages/airflow/example_dags/example_kubernetes_executor.py
[2023-06-08T19:13:35.805+0000] {logging_mixin.py:149} INFO - [2023-06-08T19:13:35.805+0000] {dag.py:2726} INFO - Sync 1 DAGs
[2023-06-08T19:13:35.819+0000] {logging_mixin.py:149} INFO - [2023-06-08T19:13:35.819+0000] {dag.py:3490} INFO - Setting next_dagrun for example_kubernetes_executor to None, run_after=None
[2023-06-08T19:13:35.828+0000] {processor.py:179} INFO - Processing /home/airflow/.local/lib/python3.7/site-packages/airflow/example_dags/example_kubernetes_executor.py took 0.157 seconds
[2023-06-08T19:14:06.795+0000] {processor.py:157} INFO - Started process (PID=6335) to work on /home/airflow/.local/lib/python3.7/site-packages/airflow/example_dags/example_kubernetes_executor.py
[2023-06-08T19:14:06.797+0000] {processor.py:826} INFO - Processing file /home/airflow/.local/lib/python3.7/site-packages/airflow/example_dags/example_kubernetes_executor.py for tasks to queue
[2023-06-08T19:14:06.798+0000] {logging_mixin.py:149} INFO - [2023-06-08T19:14:06.798+0000] {dagbag.py:541} INFO - Filling up the DagBag from /home/airflow/.local/lib/python3.7/site-packages/airflow/example_dags/example_kubernetes_executor.py
[2023-06-08T19:14:06.901+0000] {processor.py:836} INFO - DAG(s) dict_keys(['example_kubernetes_executor']) retrieved from /home/airflow/.local/lib/python3.7/site-packages/airflow/example_dags/example_kubernetes_executor.py
[2023-06-08T19:14:06.924+0000] {logging_mixin.py:149} INFO - [2023-06-08T19:14:06.924+0000] {dag.py:2726} INFO - Sync 1 DAGs
[2023-06-08T19:14:06.937+0000] {logging_mixin.py:149} INFO - [2023-06-08T19:14:06.937+0000] {dag.py:3490} INFO - Setting next_dagrun for example_kubernetes_executor to None, run_after=None
[2023-06-08T19:14:06.947+0000] {processor.py:179} INFO - Processing /home/airflow/.local/lib/python3.7/site-packages/airflow/example_dags/example_kubernetes_executor.py took 0.155 seconds
[2023-06-08T19:14:37.171+0000] {processor.py:157} INFO - Started process (PID=6573) to work on /home/airflow/.local/lib/python3.7/site-packages/airflow/example_dags/example_kubernetes_executor.py
[2023-06-08T19:14:37.173+0000] {processor.py:826} INFO - Processing file /home/airflow/.local/lib/python3.7/site-packages/airflow/example_dags/example_kubernetes_executor.py for tasks to queue
[2023-06-08T19:14:37.174+0000] {logging_mixin.py:149} INFO - [2023-06-08T19:14:37.174+0000] {dagbag.py:541} INFO - Filling up the DagBag from /home/airflow/.local/lib/python3.7/site-packages/airflow/example_dags/example_kubernetes_executor.py
[2023-06-08T19:14:37.286+0000] {processor.py:836} INFO - DAG(s) dict_keys(['example_kubernetes_executor']) retrieved from /home/airflow/.local/lib/python3.7/site-packages/airflow/example_dags/example_kubernetes_executor.py
[2023-06-08T19:14:37.309+0000] {logging_mixin.py:149} INFO - [2023-06-08T19:14:37.309+0000] {dag.py:2726} INFO - Sync 1 DAGs
[2023-06-08T19:14:37.323+0000] {logging_mixin.py:149} INFO - [2023-06-08T19:14:37.323+0000] {dag.py:3490} INFO - Setting next_dagrun for example_kubernetes_executor to None, run_after=None
[2023-06-08T19:14:37.333+0000] {processor.py:179} INFO - Processing /home/airflow/.local/lib/python3.7/site-packages/airflow/example_dags/example_kubernetes_executor.py took 0.165 seconds
[2023-06-08T19:15:08.305+0000] {processor.py:157} INFO - Started process (PID=6810) to work on /home/airflow/.local/lib/python3.7/site-packages/airflow/example_dags/example_kubernetes_executor.py
[2023-06-08T19:15:08.307+0000] {processor.py:826} INFO - Processing file /home/airflow/.local/lib/python3.7/site-packages/airflow/example_dags/example_kubernetes_executor.py for tasks to queue
[2023-06-08T19:15:08.309+0000] {logging_mixin.py:149} INFO - [2023-06-08T19:15:08.309+0000] {dagbag.py:541} INFO - Filling up the DagBag from /home/airflow/.local/lib/python3.7/site-packages/airflow/example_dags/example_kubernetes_executor.py
[2023-06-08T19:15:08.416+0000] {processor.py:836} INFO - DAG(s) dict_keys(['example_kubernetes_executor']) retrieved from /home/airflow/.local/lib/python3.7/site-packages/airflow/example_dags/example_kubernetes_executor.py
[2023-06-08T19:15:08.439+0000] {logging_mixin.py:149} INFO - [2023-06-08T19:15:08.439+0000] {dag.py:2726} INFO - Sync 1 DAGs
[2023-06-08T19:15:08.453+0000] {logging_mixin.py:149} INFO - [2023-06-08T19:15:08.453+0000] {dag.py:3490} INFO - Setting next_dagrun for example_kubernetes_executor to None, run_after=None
[2023-06-08T19:15:08.463+0000] {processor.py:179} INFO - Processing /home/airflow/.local/lib/python3.7/site-packages/airflow/example_dags/example_kubernetes_executor.py took 0.163 seconds
