[2023-06-08T19:01:26.241+0000] {processor.py:157} INFO - Started process (PID=362) to work on /home/airflow/.local/lib/python3.7/site-packages/airflow/example_dags/example_branch_operator.py
[2023-06-08T19:01:26.242+0000] {processor.py:826} INFO - Processing file /home/airflow/.local/lib/python3.7/site-packages/airflow/example_dags/example_branch_operator.py for tasks to queue
[2023-06-08T19:01:26.242+0000] {logging_mixin.py:149} INFO - [2023-06-08T19:01:26.242+0000] {dagbag.py:541} INFO - Filling up the DagBag from /home/airflow/.local/lib/python3.7/site-packages/airflow/example_dags/example_branch_operator.py
[2023-06-08T19:01:26.249+0000] {processor.py:836} INFO - DAG(s) dict_keys(['example_branch_operator']) retrieved from /home/airflow/.local/lib/python3.7/site-packages/airflow/example_dags/example_branch_operator.py
[2023-06-08T19:01:26.259+0000] {logging_mixin.py:149} INFO - [2023-06-08T19:01:26.259+0000] {dag.py:2726} INFO - Sync 1 DAGs
[2023-06-08T19:01:26.275+0000] {logging_mixin.py:149} INFO - [2023-06-08T19:01:26.275+0000] {dag.py:3490} INFO - Setting next_dagrun for example_branch_operator to 2023-06-07T00:00:00+00:00, run_after=2023-06-08T00:00:00+00:00
[2023-06-08T19:01:26.285+0000] {processor.py:179} INFO - Processing /home/airflow/.local/lib/python3.7/site-packages/airflow/example_dags/example_branch_operator.py took 0.047 seconds
[2023-06-08T19:01:57.755+0000] {processor.py:157} INFO - Started process (PID=599) to work on /home/airflow/.local/lib/python3.7/site-packages/airflow/example_dags/example_branch_operator.py
[2023-06-08T19:01:57.756+0000] {processor.py:826} INFO - Processing file /home/airflow/.local/lib/python3.7/site-packages/airflow/example_dags/example_branch_operator.py for tasks to queue
[2023-06-08T19:01:57.757+0000] {logging_mixin.py:149} INFO - [2023-06-08T19:01:57.757+0000] {dagbag.py:541} INFO - Filling up the DagBag from /home/airflow/.local/lib/python3.7/site-packages/airflow/example_dags/example_branch_operator.py
[2023-06-08T19:01:57.763+0000] {processor.py:836} INFO - DAG(s) dict_keys(['example_branch_operator']) retrieved from /home/airflow/.local/lib/python3.7/site-packages/airflow/example_dags/example_branch_operator.py
[2023-06-08T19:01:57.781+0000] {logging_mixin.py:149} INFO - [2023-06-08T19:01:57.780+0000] {dag.py:2726} INFO - Sync 1 DAGs
[2023-06-08T19:01:57.796+0000] {logging_mixin.py:149} INFO - [2023-06-08T19:01:57.796+0000] {dag.py:3490} INFO - Setting next_dagrun for example_branch_operator to 2023-06-07T00:00:00+00:00, run_after=2023-06-08T00:00:00+00:00
[2023-06-08T19:01:57.814+0000] {processor.py:179} INFO - Processing /home/airflow/.local/lib/python3.7/site-packages/airflow/example_dags/example_branch_operator.py took 0.062 seconds
[2023-06-08T19:02:28.048+0000] {processor.py:157} INFO - Started process (PID=836) to work on /home/airflow/.local/lib/python3.7/site-packages/airflow/example_dags/example_branch_operator.py
[2023-06-08T19:02:28.049+0000] {processor.py:826} INFO - Processing file /home/airflow/.local/lib/python3.7/site-packages/airflow/example_dags/example_branch_operator.py for tasks to queue
[2023-06-08T19:02:28.049+0000] {logging_mixin.py:149} INFO - [2023-06-08T19:02:28.049+0000] {dagbag.py:541} INFO - Filling up the DagBag from /home/airflow/.local/lib/python3.7/site-packages/airflow/example_dags/example_branch_operator.py
[2023-06-08T19:02:28.055+0000] {processor.py:836} INFO - DAG(s) dict_keys(['example_branch_operator']) retrieved from /home/airflow/.local/lib/python3.7/site-packages/airflow/example_dags/example_branch_operator.py
[2023-06-08T19:02:28.072+0000] {logging_mixin.py:149} INFO - [2023-06-08T19:02:28.072+0000] {dag.py:2726} INFO - Sync 1 DAGs
[2023-06-08T19:02:28.086+0000] {logging_mixin.py:149} INFO - [2023-06-08T19:02:28.086+0000] {dag.py:3490} INFO - Setting next_dagrun for example_branch_operator to 2023-06-07T00:00:00+00:00, run_after=2023-06-08T00:00:00+00:00
[2023-06-08T19:02:28.096+0000] {processor.py:179} INFO - Processing /home/airflow/.local/lib/python3.7/site-packages/airflow/example_dags/example_branch_operator.py took 0.050 seconds
[2023-06-08T19:02:59.298+0000] {processor.py:157} INFO - Started process (PID=1123) to work on /home/airflow/.local/lib/python3.7/site-packages/airflow/example_dags/example_branch_operator.py
[2023-06-08T19:02:59.299+0000] {processor.py:826} INFO - Processing file /home/airflow/.local/lib/python3.7/site-packages/airflow/example_dags/example_branch_operator.py for tasks to queue
[2023-06-08T19:02:59.300+0000] {logging_mixin.py:149} INFO - [2023-06-08T19:02:59.300+0000] {dagbag.py:541} INFO - Filling up the DagBag from /home/airflow/.local/lib/python3.7/site-packages/airflow/example_dags/example_branch_operator.py
[2023-06-08T19:02:59.306+0000] {processor.py:836} INFO - DAG(s) dict_keys(['example_branch_operator']) retrieved from /home/airflow/.local/lib/python3.7/site-packages/airflow/example_dags/example_branch_operator.py
[2023-06-08T19:02:59.324+0000] {logging_mixin.py:149} INFO - [2023-06-08T19:02:59.324+0000] {dag.py:2726} INFO - Sync 1 DAGs
[2023-06-08T19:02:59.338+0000] {logging_mixin.py:149} INFO - [2023-06-08T19:02:59.338+0000] {dag.py:3490} INFO - Setting next_dagrun for example_branch_operator to 2023-06-07T00:00:00+00:00, run_after=2023-06-08T00:00:00+00:00
[2023-06-08T19:02:59.347+0000] {processor.py:179} INFO - Processing /home/airflow/.local/lib/python3.7/site-packages/airflow/example_dags/example_branch_operator.py took 0.051 seconds
[2023-06-08T19:03:29.646+0000] {processor.py:157} INFO - Started process (PID=1408) to work on /home/airflow/.local/lib/python3.7/site-packages/airflow/example_dags/example_branch_operator.py
[2023-06-08T19:03:29.647+0000] {processor.py:826} INFO - Processing file /home/airflow/.local/lib/python3.7/site-packages/airflow/example_dags/example_branch_operator.py for tasks to queue
[2023-06-08T19:03:29.648+0000] {logging_mixin.py:149} INFO - [2023-06-08T19:03:29.648+0000] {dagbag.py:541} INFO - Filling up the DagBag from /home/airflow/.local/lib/python3.7/site-packages/airflow/example_dags/example_branch_operator.py
[2023-06-08T19:03:29.654+0000] {processor.py:836} INFO - DAG(s) dict_keys(['example_branch_operator']) retrieved from /home/airflow/.local/lib/python3.7/site-packages/airflow/example_dags/example_branch_operator.py
[2023-06-08T19:03:29.672+0000] {logging_mixin.py:149} INFO - [2023-06-08T19:03:29.672+0000] {dag.py:2726} INFO - Sync 1 DAGs
[2023-06-08T19:03:29.687+0000] {logging_mixin.py:149} INFO - [2023-06-08T19:03:29.687+0000] {dag.py:3490} INFO - Setting next_dagrun for example_branch_operator to 2023-06-07T00:00:00+00:00, run_after=2023-06-08T00:00:00+00:00
[2023-06-08T19:03:29.696+0000] {processor.py:179} INFO - Processing /home/airflow/.local/lib/python3.7/site-packages/airflow/example_dags/example_branch_operator.py took 0.052 seconds
[2023-06-08T19:03:59.840+0000] {processor.py:157} INFO - Started process (PID=1644) to work on /home/airflow/.local/lib/python3.7/site-packages/airflow/example_dags/example_branch_operator.py
[2023-06-08T19:03:59.841+0000] {processor.py:826} INFO - Processing file /home/airflow/.local/lib/python3.7/site-packages/airflow/example_dags/example_branch_operator.py for tasks to queue
[2023-06-08T19:03:59.842+0000] {logging_mixin.py:149} INFO - [2023-06-08T19:03:59.842+0000] {dagbag.py:541} INFO - Filling up the DagBag from /home/airflow/.local/lib/python3.7/site-packages/airflow/example_dags/example_branch_operator.py
[2023-06-08T19:03:59.848+0000] {processor.py:836} INFO - DAG(s) dict_keys(['example_branch_operator']) retrieved from /home/airflow/.local/lib/python3.7/site-packages/airflow/example_dags/example_branch_operator.py
[2023-06-08T19:03:59.866+0000] {logging_mixin.py:149} INFO - [2023-06-08T19:03:59.866+0000] {dag.py:2726} INFO - Sync 1 DAGs
[2023-06-08T19:03:59.882+0000] {logging_mixin.py:149} INFO - [2023-06-08T19:03:59.882+0000] {dag.py:3490} INFO - Setting next_dagrun for example_branch_operator to 2023-06-07T00:00:00+00:00, run_after=2023-06-08T00:00:00+00:00
[2023-06-08T19:03:59.893+0000] {processor.py:179} INFO - Processing /home/airflow/.local/lib/python3.7/site-packages/airflow/example_dags/example_branch_operator.py took 0.056 seconds
[2023-06-08T19:04:30.148+0000] {processor.py:157} INFO - Started process (PID=1881) to work on /home/airflow/.local/lib/python3.7/site-packages/airflow/example_dags/example_branch_operator.py
[2023-06-08T19:04:30.149+0000] {processor.py:826} INFO - Processing file /home/airflow/.local/lib/python3.7/site-packages/airflow/example_dags/example_branch_operator.py for tasks to queue
[2023-06-08T19:04:30.149+0000] {logging_mixin.py:149} INFO - [2023-06-08T19:04:30.149+0000] {dagbag.py:541} INFO - Filling up the DagBag from /home/airflow/.local/lib/python3.7/site-packages/airflow/example_dags/example_branch_operator.py
[2023-06-08T19:04:30.155+0000] {processor.py:836} INFO - DAG(s) dict_keys(['example_branch_operator']) retrieved from /home/airflow/.local/lib/python3.7/site-packages/airflow/example_dags/example_branch_operator.py
[2023-06-08T19:04:30.172+0000] {logging_mixin.py:149} INFO - [2023-06-08T19:04:30.171+0000] {dag.py:2726} INFO - Sync 1 DAGs
[2023-06-08T19:04:30.186+0000] {logging_mixin.py:149} INFO - [2023-06-08T19:04:30.186+0000] {dag.py:3490} INFO - Setting next_dagrun for example_branch_operator to 2023-06-07T00:00:00+00:00, run_after=2023-06-08T00:00:00+00:00
[2023-06-08T19:04:30.195+0000] {processor.py:179} INFO - Processing /home/airflow/.local/lib/python3.7/site-packages/airflow/example_dags/example_branch_operator.py took 0.050 seconds
[2023-06-08T19:05:00.390+0000] {processor.py:157} INFO - Started process (PID=2118) to work on /home/airflow/.local/lib/python3.7/site-packages/airflow/example_dags/example_branch_operator.py
[2023-06-08T19:05:00.391+0000] {processor.py:826} INFO - Processing file /home/airflow/.local/lib/python3.7/site-packages/airflow/example_dags/example_branch_operator.py for tasks to queue
[2023-06-08T19:05:00.391+0000] {logging_mixin.py:149} INFO - [2023-06-08T19:05:00.391+0000] {dagbag.py:541} INFO - Filling up the DagBag from /home/airflow/.local/lib/python3.7/site-packages/airflow/example_dags/example_branch_operator.py
[2023-06-08T19:05:00.396+0000] {processor.py:836} INFO - DAG(s) dict_keys(['example_branch_operator']) retrieved from /home/airflow/.local/lib/python3.7/site-packages/airflow/example_dags/example_branch_operator.py
[2023-06-08T19:05:00.413+0000] {logging_mixin.py:149} INFO - [2023-06-08T19:05:00.413+0000] {dag.py:2726} INFO - Sync 1 DAGs
[2023-06-08T19:05:00.427+0000] {logging_mixin.py:149} INFO - [2023-06-08T19:05:00.427+0000] {dag.py:3490} INFO - Setting next_dagrun for example_branch_operator to 2023-06-07T00:00:00+00:00, run_after=2023-06-08T00:00:00+00:00
[2023-06-08T19:05:00.436+0000] {processor.py:179} INFO - Processing /home/airflow/.local/lib/python3.7/site-packages/airflow/example_dags/example_branch_operator.py took 0.049 seconds
[2023-06-08T19:05:30.605+0000] {processor.py:157} INFO - Started process (PID=2355) to work on /home/airflow/.local/lib/python3.7/site-packages/airflow/example_dags/example_branch_operator.py
[2023-06-08T19:05:30.606+0000] {processor.py:826} INFO - Processing file /home/airflow/.local/lib/python3.7/site-packages/airflow/example_dags/example_branch_operator.py for tasks to queue
[2023-06-08T19:05:30.607+0000] {logging_mixin.py:149} INFO - [2023-06-08T19:05:30.607+0000] {dagbag.py:541} INFO - Filling up the DagBag from /home/airflow/.local/lib/python3.7/site-packages/airflow/example_dags/example_branch_operator.py
[2023-06-08T19:05:30.613+0000] {processor.py:836} INFO - DAG(s) dict_keys(['example_branch_operator']) retrieved from /home/airflow/.local/lib/python3.7/site-packages/airflow/example_dags/example_branch_operator.py
[2023-06-08T19:05:30.630+0000] {logging_mixin.py:149} INFO - [2023-06-08T19:05:30.630+0000] {dag.py:2726} INFO - Sync 1 DAGs
[2023-06-08T19:05:30.646+0000] {logging_mixin.py:149} INFO - [2023-06-08T19:05:30.646+0000] {dag.py:3490} INFO - Setting next_dagrun for example_branch_operator to 2023-06-07T00:00:00+00:00, run_after=2023-06-08T00:00:00+00:00
[2023-06-08T19:05:30.656+0000] {processor.py:179} INFO - Processing /home/airflow/.local/lib/python3.7/site-packages/airflow/example_dags/example_branch_operator.py took 0.053 seconds
[2023-06-08T19:06:00.992+0000] {processor.py:157} INFO - Started process (PID=2594) to work on /home/airflow/.local/lib/python3.7/site-packages/airflow/example_dags/example_branch_operator.py
[2023-06-08T19:06:00.993+0000] {processor.py:826} INFO - Processing file /home/airflow/.local/lib/python3.7/site-packages/airflow/example_dags/example_branch_operator.py for tasks to queue
[2023-06-08T19:06:00.993+0000] {logging_mixin.py:149} INFO - [2023-06-08T19:06:00.993+0000] {dagbag.py:541} INFO - Filling up the DagBag from /home/airflow/.local/lib/python3.7/site-packages/airflow/example_dags/example_branch_operator.py
[2023-06-08T19:06:00.999+0000] {processor.py:836} INFO - DAG(s) dict_keys(['example_branch_operator']) retrieved from /home/airflow/.local/lib/python3.7/site-packages/airflow/example_dags/example_branch_operator.py
[2023-06-08T19:06:01.017+0000] {logging_mixin.py:149} INFO - [2023-06-08T19:06:01.017+0000] {dag.py:2726} INFO - Sync 1 DAGs
[2023-06-08T19:06:01.031+0000] {logging_mixin.py:149} INFO - [2023-06-08T19:06:01.031+0000] {dag.py:3490} INFO - Setting next_dagrun for example_branch_operator to 2023-06-07T00:00:00+00:00, run_after=2023-06-08T00:00:00+00:00
[2023-06-08T19:06:01.041+0000] {processor.py:179} INFO - Processing /home/airflow/.local/lib/python3.7/site-packages/airflow/example_dags/example_branch_operator.py took 0.051 seconds
[2023-06-08T19:06:31.331+0000] {processor.py:157} INFO - Started process (PID=2831) to work on /home/airflow/.local/lib/python3.7/site-packages/airflow/example_dags/example_branch_operator.py
[2023-06-08T19:06:31.332+0000] {processor.py:826} INFO - Processing file /home/airflow/.local/lib/python3.7/site-packages/airflow/example_dags/example_branch_operator.py for tasks to queue
[2023-06-08T19:06:31.333+0000] {logging_mixin.py:149} INFO - [2023-06-08T19:06:31.333+0000] {dagbag.py:541} INFO - Filling up the DagBag from /home/airflow/.local/lib/python3.7/site-packages/airflow/example_dags/example_branch_operator.py
[2023-06-08T19:06:31.339+0000] {processor.py:836} INFO - DAG(s) dict_keys(['example_branch_operator']) retrieved from /home/airflow/.local/lib/python3.7/site-packages/airflow/example_dags/example_branch_operator.py
[2023-06-08T19:06:31.356+0000] {logging_mixin.py:149} INFO - [2023-06-08T19:06:31.356+0000] {dag.py:2726} INFO - Sync 1 DAGs
[2023-06-08T19:06:31.371+0000] {logging_mixin.py:149} INFO - [2023-06-08T19:06:31.371+0000] {dag.py:3490} INFO - Setting next_dagrun for example_branch_operator to 2023-06-07T00:00:00+00:00, run_after=2023-06-08T00:00:00+00:00
[2023-06-08T19:06:31.380+0000] {processor.py:179} INFO - Processing /home/airflow/.local/lib/python3.7/site-packages/airflow/example_dags/example_branch_operator.py took 0.052 seconds
[2023-06-08T19:07:01.636+0000] {processor.py:157} INFO - Started process (PID=3068) to work on /home/airflow/.local/lib/python3.7/site-packages/airflow/example_dags/example_branch_operator.py
[2023-06-08T19:07:01.637+0000] {processor.py:826} INFO - Processing file /home/airflow/.local/lib/python3.7/site-packages/airflow/example_dags/example_branch_operator.py for tasks to queue
[2023-06-08T19:07:01.638+0000] {logging_mixin.py:149} INFO - [2023-06-08T19:07:01.638+0000] {dagbag.py:541} INFO - Filling up the DagBag from /home/airflow/.local/lib/python3.7/site-packages/airflow/example_dags/example_branch_operator.py
[2023-06-08T19:07:01.644+0000] {processor.py:836} INFO - DAG(s) dict_keys(['example_branch_operator']) retrieved from /home/airflow/.local/lib/python3.7/site-packages/airflow/example_dags/example_branch_operator.py
[2023-06-08T19:07:01.661+0000] {logging_mixin.py:149} INFO - [2023-06-08T19:07:01.661+0000] {dag.py:2726} INFO - Sync 1 DAGs
[2023-06-08T19:07:01.676+0000] {logging_mixin.py:149} INFO - [2023-06-08T19:07:01.676+0000] {dag.py:3490} INFO - Setting next_dagrun for example_branch_operator to 2023-06-07T00:00:00+00:00, run_after=2023-06-08T00:00:00+00:00
[2023-06-08T19:07:01.685+0000] {processor.py:179} INFO - Processing /home/airflow/.local/lib/python3.7/site-packages/airflow/example_dags/example_branch_operator.py took 0.052 seconds
[2023-06-08T19:07:31.956+0000] {processor.py:157} INFO - Started process (PID=3305) to work on /home/airflow/.local/lib/python3.7/site-packages/airflow/example_dags/example_branch_operator.py
[2023-06-08T19:07:31.957+0000] {processor.py:826} INFO - Processing file /home/airflow/.local/lib/python3.7/site-packages/airflow/example_dags/example_branch_operator.py for tasks to queue
[2023-06-08T19:07:31.958+0000] {logging_mixin.py:149} INFO - [2023-06-08T19:07:31.958+0000] {dagbag.py:541} INFO - Filling up the DagBag from /home/airflow/.local/lib/python3.7/site-packages/airflow/example_dags/example_branch_operator.py
[2023-06-08T19:07:31.964+0000] {processor.py:836} INFO - DAG(s) dict_keys(['example_branch_operator']) retrieved from /home/airflow/.local/lib/python3.7/site-packages/airflow/example_dags/example_branch_operator.py
[2023-06-08T19:07:31.982+0000] {logging_mixin.py:149} INFO - [2023-06-08T19:07:31.982+0000] {dag.py:2726} INFO - Sync 1 DAGs
[2023-06-08T19:07:31.996+0000] {logging_mixin.py:149} INFO - [2023-06-08T19:07:31.996+0000] {dag.py:3490} INFO - Setting next_dagrun for example_branch_operator to 2023-06-07T00:00:00+00:00, run_after=2023-06-08T00:00:00+00:00
[2023-06-08T19:07:32.006+0000] {processor.py:179} INFO - Processing /home/airflow/.local/lib/python3.7/site-packages/airflow/example_dags/example_branch_operator.py took 0.052 seconds
[2023-06-08T19:08:02.119+0000] {processor.py:157} INFO - Started process (PID=3540) to work on /home/airflow/.local/lib/python3.7/site-packages/airflow/example_dags/example_branch_operator.py
[2023-06-08T19:08:02.120+0000] {processor.py:826} INFO - Processing file /home/airflow/.local/lib/python3.7/site-packages/airflow/example_dags/example_branch_operator.py for tasks to queue
[2023-06-08T19:08:02.121+0000] {logging_mixin.py:149} INFO - [2023-06-08T19:08:02.121+0000] {dagbag.py:541} INFO - Filling up the DagBag from /home/airflow/.local/lib/python3.7/site-packages/airflow/example_dags/example_branch_operator.py
[2023-06-08T19:08:02.127+0000] {processor.py:836} INFO - DAG(s) dict_keys(['example_branch_operator']) retrieved from /home/airflow/.local/lib/python3.7/site-packages/airflow/example_dags/example_branch_operator.py
[2023-06-08T19:08:02.144+0000] {logging_mixin.py:149} INFO - [2023-06-08T19:08:02.144+0000] {dag.py:2726} INFO - Sync 1 DAGs
[2023-06-08T19:08:02.160+0000] {logging_mixin.py:149} INFO - [2023-06-08T19:08:02.159+0000] {dag.py:3490} INFO - Setting next_dagrun for example_branch_operator to 2023-06-07T00:00:00+00:00, run_after=2023-06-08T00:00:00+00:00
[2023-06-08T19:08:02.169+0000] {processor.py:179} INFO - Processing /home/airflow/.local/lib/python3.7/site-packages/airflow/example_dags/example_branch_operator.py took 0.053 seconds
[2023-06-08T19:08:32.595+0000] {processor.py:157} INFO - Started process (PID=3779) to work on /home/airflow/.local/lib/python3.7/site-packages/airflow/example_dags/example_branch_operator.py
[2023-06-08T19:08:32.596+0000] {processor.py:826} INFO - Processing file /home/airflow/.local/lib/python3.7/site-packages/airflow/example_dags/example_branch_operator.py for tasks to queue
[2023-06-08T19:08:32.597+0000] {logging_mixin.py:149} INFO - [2023-06-08T19:08:32.597+0000] {dagbag.py:541} INFO - Filling up the DagBag from /home/airflow/.local/lib/python3.7/site-packages/airflow/example_dags/example_branch_operator.py
[2023-06-08T19:08:32.603+0000] {processor.py:836} INFO - DAG(s) dict_keys(['example_branch_operator']) retrieved from /home/airflow/.local/lib/python3.7/site-packages/airflow/example_dags/example_branch_operator.py
[2023-06-08T19:08:32.621+0000] {logging_mixin.py:149} INFO - [2023-06-08T19:08:32.621+0000] {dag.py:2726} INFO - Sync 1 DAGs
[2023-06-08T19:08:32.636+0000] {logging_mixin.py:149} INFO - [2023-06-08T19:08:32.636+0000] {dag.py:3490} INFO - Setting next_dagrun for example_branch_operator to 2023-06-07T00:00:00+00:00, run_after=2023-06-08T00:00:00+00:00
[2023-06-08T19:08:32.645+0000] {processor.py:179} INFO - Processing /home/airflow/.local/lib/python3.7/site-packages/airflow/example_dags/example_branch_operator.py took 0.053 seconds
[2023-06-08T19:09:02.775+0000] {processor.py:157} INFO - Started process (PID=4014) to work on /home/airflow/.local/lib/python3.7/site-packages/airflow/example_dags/example_branch_operator.py
[2023-06-08T19:09:02.775+0000] {processor.py:826} INFO - Processing file /home/airflow/.local/lib/python3.7/site-packages/airflow/example_dags/example_branch_operator.py for tasks to queue
[2023-06-08T19:09:02.776+0000] {logging_mixin.py:149} INFO - [2023-06-08T19:09:02.776+0000] {dagbag.py:541} INFO - Filling up the DagBag from /home/airflow/.local/lib/python3.7/site-packages/airflow/example_dags/example_branch_operator.py
[2023-06-08T19:09:02.782+0000] {processor.py:836} INFO - DAG(s) dict_keys(['example_branch_operator']) retrieved from /home/airflow/.local/lib/python3.7/site-packages/airflow/example_dags/example_branch_operator.py
[2023-06-08T19:09:02.800+0000] {logging_mixin.py:149} INFO - [2023-06-08T19:09:02.800+0000] {dag.py:2726} INFO - Sync 1 DAGs
[2023-06-08T19:09:02.816+0000] {logging_mixin.py:149} INFO - [2023-06-08T19:09:02.816+0000] {dag.py:3490} INFO - Setting next_dagrun for example_branch_operator to 2023-06-07T00:00:00+00:00, run_after=2023-06-08T00:00:00+00:00
[2023-06-08T19:09:02.826+0000] {processor.py:179} INFO - Processing /home/airflow/.local/lib/python3.7/site-packages/airflow/example_dags/example_branch_operator.py took 0.054 seconds
[2023-06-08T19:09:34.030+0000] {processor.py:157} INFO - Started process (PID=4253) to work on /home/airflow/.local/lib/python3.7/site-packages/airflow/example_dags/example_branch_operator.py
[2023-06-08T19:09:34.031+0000] {processor.py:826} INFO - Processing file /home/airflow/.local/lib/python3.7/site-packages/airflow/example_dags/example_branch_operator.py for tasks to queue
[2023-06-08T19:09:34.031+0000] {logging_mixin.py:149} INFO - [2023-06-08T19:09:34.031+0000] {dagbag.py:541} INFO - Filling up the DagBag from /home/airflow/.local/lib/python3.7/site-packages/airflow/example_dags/example_branch_operator.py
[2023-06-08T19:09:34.037+0000] {processor.py:836} INFO - DAG(s) dict_keys(['example_branch_operator']) retrieved from /home/airflow/.local/lib/python3.7/site-packages/airflow/example_dags/example_branch_operator.py
[2023-06-08T19:09:34.055+0000] {logging_mixin.py:149} INFO - [2023-06-08T19:09:34.055+0000] {dag.py:2726} INFO - Sync 1 DAGs
[2023-06-08T19:09:34.069+0000] {logging_mixin.py:149} INFO - [2023-06-08T19:09:34.069+0000] {dag.py:3490} INFO - Setting next_dagrun for example_branch_operator to 2023-06-07T00:00:00+00:00, run_after=2023-06-08T00:00:00+00:00
[2023-06-08T19:09:34.079+0000] {processor.py:179} INFO - Processing /home/airflow/.local/lib/python3.7/site-packages/airflow/example_dags/example_branch_operator.py took 0.052 seconds
[2023-06-08T19:10:04.297+0000] {processor.py:157} INFO - Started process (PID=4490) to work on /home/airflow/.local/lib/python3.7/site-packages/airflow/example_dags/example_branch_operator.py
[2023-06-08T19:10:04.298+0000] {processor.py:826} INFO - Processing file /home/airflow/.local/lib/python3.7/site-packages/airflow/example_dags/example_branch_operator.py for tasks to queue
[2023-06-08T19:10:04.299+0000] {logging_mixin.py:149} INFO - [2023-06-08T19:10:04.299+0000] {dagbag.py:541} INFO - Filling up the DagBag from /home/airflow/.local/lib/python3.7/site-packages/airflow/example_dags/example_branch_operator.py
[2023-06-08T19:10:04.304+0000] {processor.py:836} INFO - DAG(s) dict_keys(['example_branch_operator']) retrieved from /home/airflow/.local/lib/python3.7/site-packages/airflow/example_dags/example_branch_operator.py
[2023-06-08T19:10:04.322+0000] {logging_mixin.py:149} INFO - [2023-06-08T19:10:04.322+0000] {dag.py:2726} INFO - Sync 1 DAGs
[2023-06-08T19:10:04.336+0000] {logging_mixin.py:149} INFO - [2023-06-08T19:10:04.336+0000] {dag.py:3490} INFO - Setting next_dagrun for example_branch_operator to 2023-06-07T00:00:00+00:00, run_after=2023-06-08T00:00:00+00:00
[2023-06-08T19:10:04.346+0000] {processor.py:179} INFO - Processing /home/airflow/.local/lib/python3.7/site-packages/airflow/example_dags/example_branch_operator.py took 0.050 seconds
[2023-06-08T19:10:34.590+0000] {processor.py:157} INFO - Started process (PID=4727) to work on /home/airflow/.local/lib/python3.7/site-packages/airflow/example_dags/example_branch_operator.py
[2023-06-08T19:10:34.591+0000] {processor.py:826} INFO - Processing file /home/airflow/.local/lib/python3.7/site-packages/airflow/example_dags/example_branch_operator.py for tasks to queue
[2023-06-08T19:10:34.591+0000] {logging_mixin.py:149} INFO - [2023-06-08T19:10:34.591+0000] {dagbag.py:541} INFO - Filling up the DagBag from /home/airflow/.local/lib/python3.7/site-packages/airflow/example_dags/example_branch_operator.py
[2023-06-08T19:10:34.597+0000] {processor.py:836} INFO - DAG(s) dict_keys(['example_branch_operator']) retrieved from /home/airflow/.local/lib/python3.7/site-packages/airflow/example_dags/example_branch_operator.py
[2023-06-08T19:10:34.615+0000] {logging_mixin.py:149} INFO - [2023-06-08T19:10:34.615+0000] {dag.py:2726} INFO - Sync 1 DAGs
[2023-06-08T19:10:34.630+0000] {logging_mixin.py:149} INFO - [2023-06-08T19:10:34.630+0000] {dag.py:3490} INFO - Setting next_dagrun for example_branch_operator to 2023-06-07T00:00:00+00:00, run_after=2023-06-08T00:00:00+00:00
[2023-06-08T19:10:34.640+0000] {processor.py:179} INFO - Processing /home/airflow/.local/lib/python3.7/site-packages/airflow/example_dags/example_branch_operator.py took 0.053 seconds
[2023-06-08T19:11:04.908+0000] {processor.py:157} INFO - Started process (PID=4964) to work on /home/airflow/.local/lib/python3.7/site-packages/airflow/example_dags/example_branch_operator.py
[2023-06-08T19:11:04.917+0000] {processor.py:826} INFO - Processing file /home/airflow/.local/lib/python3.7/site-packages/airflow/example_dags/example_branch_operator.py for tasks to queue
[2023-06-08T19:11:04.921+0000] {logging_mixin.py:149} INFO - [2023-06-08T19:11:04.921+0000] {dagbag.py:541} INFO - Filling up the DagBag from /home/airflow/.local/lib/python3.7/site-packages/airflow/example_dags/example_branch_operator.py
[2023-06-08T19:11:04.928+0000] {processor.py:836} INFO - DAG(s) dict_keys(['example_branch_operator']) retrieved from /home/airflow/.local/lib/python3.7/site-packages/airflow/example_dags/example_branch_operator.py
[2023-06-08T19:11:04.953+0000] {logging_mixin.py:149} INFO - [2023-06-08T19:11:04.953+0000] {dag.py:2726} INFO - Sync 1 DAGs
[2023-06-08T19:11:04.971+0000] {logging_mixin.py:149} INFO - [2023-06-08T19:11:04.971+0000] {dag.py:3490} INFO - Setting next_dagrun for example_branch_operator to 2023-06-07T00:00:00+00:00, run_after=2023-06-08T00:00:00+00:00
[2023-06-08T19:11:04.981+0000] {processor.py:179} INFO - Processing /home/airflow/.local/lib/python3.7/site-packages/airflow/example_dags/example_branch_operator.py took 0.075 seconds
[2023-06-08T19:11:35.147+0000] {processor.py:157} INFO - Started process (PID=5204) to work on /home/airflow/.local/lib/python3.7/site-packages/airflow/example_dags/example_branch_operator.py
[2023-06-08T19:11:35.148+0000] {processor.py:826} INFO - Processing file /home/airflow/.local/lib/python3.7/site-packages/airflow/example_dags/example_branch_operator.py for tasks to queue
[2023-06-08T19:11:35.149+0000] {logging_mixin.py:149} INFO - [2023-06-08T19:11:35.149+0000] {dagbag.py:541} INFO - Filling up the DagBag from /home/airflow/.local/lib/python3.7/site-packages/airflow/example_dags/example_branch_operator.py
[2023-06-08T19:11:35.155+0000] {processor.py:836} INFO - DAG(s) dict_keys(['example_branch_operator']) retrieved from /home/airflow/.local/lib/python3.7/site-packages/airflow/example_dags/example_branch_operator.py
[2023-06-08T19:11:35.173+0000] {logging_mixin.py:149} INFO - [2023-06-08T19:11:35.173+0000] {dag.py:2726} INFO - Sync 1 DAGs
[2023-06-08T19:11:35.189+0000] {logging_mixin.py:149} INFO - [2023-06-08T19:11:35.189+0000] {dag.py:3490} INFO - Setting next_dagrun for example_branch_operator to 2023-06-07T00:00:00+00:00, run_after=2023-06-08T00:00:00+00:00
[2023-06-08T19:11:35.199+0000] {processor.py:179} INFO - Processing /home/airflow/.local/lib/python3.7/site-packages/airflow/example_dags/example_branch_operator.py took 0.055 seconds
[2023-06-08T19:12:05.377+0000] {processor.py:157} INFO - Started process (PID=5436) to work on /home/airflow/.local/lib/python3.7/site-packages/airflow/example_dags/example_branch_operator.py
[2023-06-08T19:12:05.378+0000] {processor.py:826} INFO - Processing file /home/airflow/.local/lib/python3.7/site-packages/airflow/example_dags/example_branch_operator.py for tasks to queue
[2023-06-08T19:12:05.378+0000] {logging_mixin.py:149} INFO - [2023-06-08T19:12:05.378+0000] {dagbag.py:541} INFO - Filling up the DagBag from /home/airflow/.local/lib/python3.7/site-packages/airflow/example_dags/example_branch_operator.py
[2023-06-08T19:12:05.384+0000] {processor.py:836} INFO - DAG(s) dict_keys(['example_branch_operator']) retrieved from /home/airflow/.local/lib/python3.7/site-packages/airflow/example_dags/example_branch_operator.py
[2023-06-08T19:12:05.401+0000] {logging_mixin.py:149} INFO - [2023-06-08T19:12:05.400+0000] {dag.py:2726} INFO - Sync 1 DAGs
[2023-06-08T19:12:05.414+0000] {logging_mixin.py:149} INFO - [2023-06-08T19:12:05.414+0000] {dag.py:3490} INFO - Setting next_dagrun for example_branch_operator to 2023-06-07T00:00:00+00:00, run_after=2023-06-08T00:00:00+00:00
[2023-06-08T19:12:05.424+0000] {processor.py:179} INFO - Processing /home/airflow/.local/lib/python3.7/site-packages/airflow/example_dags/example_branch_operator.py took 0.050 seconds
[2023-06-08T19:12:35.640+0000] {processor.py:157} INFO - Started process (PID=5676) to work on /home/airflow/.local/lib/python3.7/site-packages/airflow/example_dags/example_branch_operator.py
[2023-06-08T19:12:35.641+0000] {processor.py:826} INFO - Processing file /home/airflow/.local/lib/python3.7/site-packages/airflow/example_dags/example_branch_operator.py for tasks to queue
[2023-06-08T19:12:35.641+0000] {logging_mixin.py:149} INFO - [2023-06-08T19:12:35.641+0000] {dagbag.py:541} INFO - Filling up the DagBag from /home/airflow/.local/lib/python3.7/site-packages/airflow/example_dags/example_branch_operator.py
[2023-06-08T19:12:35.647+0000] {processor.py:836} INFO - DAG(s) dict_keys(['example_branch_operator']) retrieved from /home/airflow/.local/lib/python3.7/site-packages/airflow/example_dags/example_branch_operator.py
[2023-06-08T19:12:35.666+0000] {logging_mixin.py:149} INFO - [2023-06-08T19:12:35.666+0000] {dag.py:2726} INFO - Sync 1 DAGs
[2023-06-08T19:12:35.680+0000] {logging_mixin.py:149} INFO - [2023-06-08T19:12:35.680+0000] {dag.py:3490} INFO - Setting next_dagrun for example_branch_operator to 2023-06-07T00:00:00+00:00, run_after=2023-06-08T00:00:00+00:00
[2023-06-08T19:12:35.690+0000] {processor.py:179} INFO - Processing /home/airflow/.local/lib/python3.7/site-packages/airflow/example_dags/example_branch_operator.py took 0.053 seconds
[2023-06-08T19:13:05.956+0000] {processor.py:157} INFO - Started process (PID=5913) to work on /home/airflow/.local/lib/python3.7/site-packages/airflow/example_dags/example_branch_operator.py
[2023-06-08T19:13:05.957+0000] {processor.py:826} INFO - Processing file /home/airflow/.local/lib/python3.7/site-packages/airflow/example_dags/example_branch_operator.py for tasks to queue
[2023-06-08T19:13:05.958+0000] {logging_mixin.py:149} INFO - [2023-06-08T19:13:05.958+0000] {dagbag.py:541} INFO - Filling up the DagBag from /home/airflow/.local/lib/python3.7/site-packages/airflow/example_dags/example_branch_operator.py
[2023-06-08T19:13:05.963+0000] {processor.py:836} INFO - DAG(s) dict_keys(['example_branch_operator']) retrieved from /home/airflow/.local/lib/python3.7/site-packages/airflow/example_dags/example_branch_operator.py
[2023-06-08T19:13:05.982+0000] {logging_mixin.py:149} INFO - [2023-06-08T19:13:05.981+0000] {dag.py:2726} INFO - Sync 1 DAGs
[2023-06-08T19:13:05.996+0000] {logging_mixin.py:149} INFO - [2023-06-08T19:13:05.996+0000] {dag.py:3490} INFO - Setting next_dagrun for example_branch_operator to 2023-06-07T00:00:00+00:00, run_after=2023-06-08T00:00:00+00:00
[2023-06-08T19:13:06.006+0000] {processor.py:179} INFO - Processing /home/airflow/.local/lib/python3.7/site-packages/airflow/example_dags/example_branch_operator.py took 0.052 seconds
[2023-06-08T19:13:36.213+0000] {processor.py:157} INFO - Started process (PID=6148) to work on /home/airflow/.local/lib/python3.7/site-packages/airflow/example_dags/example_branch_operator.py
[2023-06-08T19:13:36.213+0000] {processor.py:826} INFO - Processing file /home/airflow/.local/lib/python3.7/site-packages/airflow/example_dags/example_branch_operator.py for tasks to queue
[2023-06-08T19:13:36.214+0000] {logging_mixin.py:149} INFO - [2023-06-08T19:13:36.214+0000] {dagbag.py:541} INFO - Filling up the DagBag from /home/airflow/.local/lib/python3.7/site-packages/airflow/example_dags/example_branch_operator.py
[2023-06-08T19:13:36.220+0000] {processor.py:836} INFO - DAG(s) dict_keys(['example_branch_operator']) retrieved from /home/airflow/.local/lib/python3.7/site-packages/airflow/example_dags/example_branch_operator.py
[2023-06-08T19:13:36.239+0000] {logging_mixin.py:149} INFO - [2023-06-08T19:13:36.238+0000] {dag.py:2726} INFO - Sync 1 DAGs
[2023-06-08T19:13:36.254+0000] {logging_mixin.py:149} INFO - [2023-06-08T19:13:36.254+0000] {dag.py:3490} INFO - Setting next_dagrun for example_branch_operator to 2023-06-07T00:00:00+00:00, run_after=2023-06-08T00:00:00+00:00
[2023-06-08T19:13:36.264+0000] {processor.py:179} INFO - Processing /home/airflow/.local/lib/python3.7/site-packages/airflow/example_dags/example_branch_operator.py took 0.054 seconds
[2023-06-08T19:14:07.403+0000] {processor.py:157} INFO - Started process (PID=6387) to work on /home/airflow/.local/lib/python3.7/site-packages/airflow/example_dags/example_branch_operator.py
[2023-06-08T19:14:07.404+0000] {processor.py:826} INFO - Processing file /home/airflow/.local/lib/python3.7/site-packages/airflow/example_dags/example_branch_operator.py for tasks to queue
[2023-06-08T19:14:07.405+0000] {logging_mixin.py:149} INFO - [2023-06-08T19:14:07.405+0000] {dagbag.py:541} INFO - Filling up the DagBag from /home/airflow/.local/lib/python3.7/site-packages/airflow/example_dags/example_branch_operator.py
[2023-06-08T19:14:07.411+0000] {processor.py:836} INFO - DAG(s) dict_keys(['example_branch_operator']) retrieved from /home/airflow/.local/lib/python3.7/site-packages/airflow/example_dags/example_branch_operator.py
[2023-06-08T19:14:07.429+0000] {logging_mixin.py:149} INFO - [2023-06-08T19:14:07.429+0000] {dag.py:2726} INFO - Sync 1 DAGs
[2023-06-08T19:14:07.444+0000] {logging_mixin.py:149} INFO - [2023-06-08T19:14:07.444+0000] {dag.py:3490} INFO - Setting next_dagrun for example_branch_operator to 2023-06-07T00:00:00+00:00, run_after=2023-06-08T00:00:00+00:00
[2023-06-08T19:14:07.454+0000] {processor.py:179} INFO - Processing /home/airflow/.local/lib/python3.7/site-packages/airflow/example_dags/example_branch_operator.py took 0.053 seconds
[2023-06-08T19:14:37.651+0000] {processor.py:157} INFO - Started process (PID=6623) to work on /home/airflow/.local/lib/python3.7/site-packages/airflow/example_dags/example_branch_operator.py
[2023-06-08T19:14:37.652+0000] {processor.py:826} INFO - Processing file /home/airflow/.local/lib/python3.7/site-packages/airflow/example_dags/example_branch_operator.py for tasks to queue
[2023-06-08T19:14:37.652+0000] {logging_mixin.py:149} INFO - [2023-06-08T19:14:37.652+0000] {dagbag.py:541} INFO - Filling up the DagBag from /home/airflow/.local/lib/python3.7/site-packages/airflow/example_dags/example_branch_operator.py
[2023-06-08T19:14:37.658+0000] {processor.py:836} INFO - DAG(s) dict_keys(['example_branch_operator']) retrieved from /home/airflow/.local/lib/python3.7/site-packages/airflow/example_dags/example_branch_operator.py
[2023-06-08T19:14:37.676+0000] {logging_mixin.py:149} INFO - [2023-06-08T19:14:37.676+0000] {dag.py:2726} INFO - Sync 1 DAGs
[2023-06-08T19:14:37.691+0000] {logging_mixin.py:149} INFO - [2023-06-08T19:14:37.691+0000] {dag.py:3490} INFO - Setting next_dagrun for example_branch_operator to 2023-06-07T00:00:00+00:00, run_after=2023-06-08T00:00:00+00:00
[2023-06-08T19:14:37.700+0000] {processor.py:179} INFO - Processing /home/airflow/.local/lib/python3.7/site-packages/airflow/example_dags/example_branch_operator.py took 0.052 seconds
[2023-06-08T19:15:08.917+0000] {processor.py:157} INFO - Started process (PID=6862) to work on /home/airflow/.local/lib/python3.7/site-packages/airflow/example_dags/example_branch_operator.py
[2023-06-08T19:15:08.918+0000] {processor.py:826} INFO - Processing file /home/airflow/.local/lib/python3.7/site-packages/airflow/example_dags/example_branch_operator.py for tasks to queue
[2023-06-08T19:15:08.919+0000] {logging_mixin.py:149} INFO - [2023-06-08T19:15:08.919+0000] {dagbag.py:541} INFO - Filling up the DagBag from /home/airflow/.local/lib/python3.7/site-packages/airflow/example_dags/example_branch_operator.py
[2023-06-08T19:15:08.925+0000] {processor.py:836} INFO - DAG(s) dict_keys(['example_branch_operator']) retrieved from /home/airflow/.local/lib/python3.7/site-packages/airflow/example_dags/example_branch_operator.py
[2023-06-08T19:15:08.942+0000] {logging_mixin.py:149} INFO - [2023-06-08T19:15:08.942+0000] {dag.py:2726} INFO - Sync 1 DAGs
[2023-06-08T19:15:08.957+0000] {logging_mixin.py:149} INFO - [2023-06-08T19:15:08.957+0000] {dag.py:3490} INFO - Setting next_dagrun for example_branch_operator to 2023-06-07T00:00:00+00:00, run_after=2023-06-08T00:00:00+00:00
[2023-06-08T19:15:08.968+0000] {processor.py:179} INFO - Processing /home/airflow/.local/lib/python3.7/site-packages/airflow/example_dags/example_branch_operator.py took 0.053 seconds
