[2023-06-08T19:01:25.281+0000] {processor.py:157} INFO - Started process (PID=292) to work on /home/airflow/.local/lib/python3.7/site-packages/airflow/example_dags/example_task_group.py
[2023-06-08T19:01:25.282+0000] {processor.py:826} INFO - Processing file /home/airflow/.local/lib/python3.7/site-packages/airflow/example_dags/example_task_group.py for tasks to queue
[2023-06-08T19:01:25.282+0000] {logging_mixin.py:149} INFO - [2023-06-08T19:01:25.282+0000] {dagbag.py:541} INFO - Filling up the DagBag from /home/airflow/.local/lib/python3.7/site-packages/airflow/example_dags/example_task_group.py
[2023-06-08T19:01:25.290+0000] {processor.py:836} INFO - DAG(s) dict_keys(['example_task_group']) retrieved from /home/airflow/.local/lib/python3.7/site-packages/airflow/example_dags/example_task_group.py
[2023-06-08T19:01:25.302+0000] {logging_mixin.py:149} INFO - [2023-06-08T19:01:25.302+0000] {dag.py:2726} INFO - Sync 1 DAGs
[2023-06-08T19:01:25.318+0000] {logging_mixin.py:149} INFO - [2023-06-08T19:01:25.318+0000] {dag.py:3490} INFO - Setting next_dagrun for example_task_group to 2023-06-07T19:01:25.317859+00:00, run_after=2023-06-08T19:01:25.317859+00:00
[2023-06-08T19:01:25.328+0000] {processor.py:179} INFO - Processing /home/airflow/.local/lib/python3.7/site-packages/airflow/example_dags/example_task_group.py took 0.050 seconds
[2023-06-08T19:01:56.793+0000] {processor.py:157} INFO - Started process (PID=524) to work on /home/airflow/.local/lib/python3.7/site-packages/airflow/example_dags/example_task_group.py
[2023-06-08T19:01:56.794+0000] {processor.py:826} INFO - Processing file /home/airflow/.local/lib/python3.7/site-packages/airflow/example_dags/example_task_group.py for tasks to queue
[2023-06-08T19:01:56.795+0000] {logging_mixin.py:149} INFO - [2023-06-08T19:01:56.795+0000] {dagbag.py:541} INFO - Filling up the DagBag from /home/airflow/.local/lib/python3.7/site-packages/airflow/example_dags/example_task_group.py
[2023-06-08T19:01:56.878+0000] {processor.py:836} INFO - DAG(s) dict_keys(['example_task_group']) retrieved from /home/airflow/.local/lib/python3.7/site-packages/airflow/example_dags/example_task_group.py
[2023-06-08T19:01:56.892+0000] {logging_mixin.py:149} INFO - [2023-06-08T19:01:56.892+0000] {dag.py:2726} INFO - Sync 1 DAGs
[2023-06-08T19:01:56.904+0000] {logging_mixin.py:149} INFO - [2023-06-08T19:01:56.904+0000] {dag.py:3490} INFO - Setting next_dagrun for example_task_group to 2023-06-07T19:01:56.904061+00:00, run_after=2023-06-08T19:01:56.904061+00:00
[2023-06-08T19:01:56.912+0000] {processor.py:179} INFO - Processing /home/airflow/.local/lib/python3.7/site-packages/airflow/example_dags/example_task_group.py took 0.122 seconds
[2023-06-08T19:02:27.388+0000] {processor.py:157} INFO - Started process (PID=761) to work on /home/airflow/.local/lib/python3.7/site-packages/airflow/example_dags/example_task_group.py
[2023-06-08T19:02:27.389+0000] {processor.py:826} INFO - Processing file /home/airflow/.local/lib/python3.7/site-packages/airflow/example_dags/example_task_group.py for tasks to queue
[2023-06-08T19:02:27.390+0000] {logging_mixin.py:149} INFO - [2023-06-08T19:02:27.390+0000] {dagbag.py:541} INFO - Filling up the DagBag from /home/airflow/.local/lib/python3.7/site-packages/airflow/example_dags/example_task_group.py
[2023-06-08T19:02:27.395+0000] {processor.py:836} INFO - DAG(s) dict_keys(['example_task_group']) retrieved from /home/airflow/.local/lib/python3.7/site-packages/airflow/example_dags/example_task_group.py
[2023-06-08T19:02:27.418+0000] {logging_mixin.py:149} INFO - [2023-06-08T19:02:27.418+0000] {dag.py:2726} INFO - Sync 1 DAGs
[2023-06-08T19:02:27.433+0000] {logging_mixin.py:149} INFO - [2023-06-08T19:02:27.432+0000] {dag.py:3490} INFO - Setting next_dagrun for example_task_group to 2023-06-07T19:02:27.432754+00:00, run_after=2023-06-08T19:02:27.432754+00:00
[2023-06-08T19:02:27.442+0000] {processor.py:179} INFO - Processing /home/airflow/.local/lib/python3.7/site-packages/airflow/example_dags/example_task_group.py took 0.056 seconds
[2023-06-08T19:02:57.524+0000] {processor.py:157} INFO - Started process (PID=1046) to work on /home/airflow/.local/lib/python3.7/site-packages/airflow/example_dags/example_task_group.py
[2023-06-08T19:02:57.525+0000] {processor.py:826} INFO - Processing file /home/airflow/.local/lib/python3.7/site-packages/airflow/example_dags/example_task_group.py for tasks to queue
[2023-06-08T19:02:57.526+0000] {logging_mixin.py:149} INFO - [2023-06-08T19:02:57.526+0000] {dagbag.py:541} INFO - Filling up the DagBag from /home/airflow/.local/lib/python3.7/site-packages/airflow/example_dags/example_task_group.py
[2023-06-08T19:02:57.531+0000] {processor.py:836} INFO - DAG(s) dict_keys(['example_task_group']) retrieved from /home/airflow/.local/lib/python3.7/site-packages/airflow/example_dags/example_task_group.py
[2023-06-08T19:02:57.547+0000] {logging_mixin.py:149} INFO - [2023-06-08T19:02:57.547+0000] {dag.py:2726} INFO - Sync 1 DAGs
[2023-06-08T19:02:57.561+0000] {logging_mixin.py:149} INFO - [2023-06-08T19:02:57.561+0000] {dag.py:3490} INFO - Setting next_dagrun for example_task_group to 2023-06-07T19:02:57.561493+00:00, run_after=2023-06-08T19:02:57.561493+00:00
[2023-06-08T19:02:57.570+0000] {processor.py:179} INFO - Processing /home/airflow/.local/lib/python3.7/site-packages/airflow/example_dags/example_task_group.py took 0.049 seconds
[2023-06-08T19:03:27.811+0000] {processor.py:157} INFO - Started process (PID=1331) to work on /home/airflow/.local/lib/python3.7/site-packages/airflow/example_dags/example_task_group.py
[2023-06-08T19:03:27.812+0000] {processor.py:826} INFO - Processing file /home/airflow/.local/lib/python3.7/site-packages/airflow/example_dags/example_task_group.py for tasks to queue
[2023-06-08T19:03:27.813+0000] {logging_mixin.py:149} INFO - [2023-06-08T19:03:27.813+0000] {dagbag.py:541} INFO - Filling up the DagBag from /home/airflow/.local/lib/python3.7/site-packages/airflow/example_dags/example_task_group.py
[2023-06-08T19:03:27.818+0000] {processor.py:836} INFO - DAG(s) dict_keys(['example_task_group']) retrieved from /home/airflow/.local/lib/python3.7/site-packages/airflow/example_dags/example_task_group.py
[2023-06-08T19:03:27.834+0000] {logging_mixin.py:149} INFO - [2023-06-08T19:03:27.834+0000] {dag.py:2726} INFO - Sync 1 DAGs
[2023-06-08T19:03:27.848+0000] {logging_mixin.py:149} INFO - [2023-06-08T19:03:27.848+0000] {dag.py:3490} INFO - Setting next_dagrun for example_task_group to 2023-06-07T19:03:27.848633+00:00, run_after=2023-06-08T19:03:27.848633+00:00
[2023-06-08T19:03:27.858+0000] {processor.py:179} INFO - Processing /home/airflow/.local/lib/python3.7/site-packages/airflow/example_dags/example_task_group.py took 0.049 seconds
[2023-06-08T19:03:58.067+0000] {processor.py:157} INFO - Started process (PID=1569) to work on /home/airflow/.local/lib/python3.7/site-packages/airflow/example_dags/example_task_group.py
[2023-06-08T19:03:58.068+0000] {processor.py:826} INFO - Processing file /home/airflow/.local/lib/python3.7/site-packages/airflow/example_dags/example_task_group.py for tasks to queue
[2023-06-08T19:03:58.069+0000] {logging_mixin.py:149} INFO - [2023-06-08T19:03:58.069+0000] {dagbag.py:541} INFO - Filling up the DagBag from /home/airflow/.local/lib/python3.7/site-packages/airflow/example_dags/example_task_group.py
[2023-06-08T19:03:58.074+0000] {processor.py:836} INFO - DAG(s) dict_keys(['example_task_group']) retrieved from /home/airflow/.local/lib/python3.7/site-packages/airflow/example_dags/example_task_group.py
[2023-06-08T19:03:58.090+0000] {logging_mixin.py:149} INFO - [2023-06-08T19:03:58.090+0000] {dag.py:2726} INFO - Sync 1 DAGs
[2023-06-08T19:03:58.104+0000] {logging_mixin.py:149} INFO - [2023-06-08T19:03:58.104+0000] {dag.py:3490} INFO - Setting next_dagrun for example_task_group to 2023-06-07T19:03:58.104267+00:00, run_after=2023-06-08T19:03:58.104267+00:00
[2023-06-08T19:03:58.113+0000] {processor.py:179} INFO - Processing /home/airflow/.local/lib/python3.7/site-packages/airflow/example_dags/example_task_group.py took 0.049 seconds
[2023-06-08T19:04:28.395+0000] {processor.py:157} INFO - Started process (PID=1808) to work on /home/airflow/.local/lib/python3.7/site-packages/airflow/example_dags/example_task_group.py
[2023-06-08T19:04:28.396+0000] {processor.py:826} INFO - Processing file /home/airflow/.local/lib/python3.7/site-packages/airflow/example_dags/example_task_group.py for tasks to queue
[2023-06-08T19:04:28.397+0000] {logging_mixin.py:149} INFO - [2023-06-08T19:04:28.397+0000] {dagbag.py:541} INFO - Filling up the DagBag from /home/airflow/.local/lib/python3.7/site-packages/airflow/example_dags/example_task_group.py
[2023-06-08T19:04:28.402+0000] {processor.py:836} INFO - DAG(s) dict_keys(['example_task_group']) retrieved from /home/airflow/.local/lib/python3.7/site-packages/airflow/example_dags/example_task_group.py
[2023-06-08T19:04:28.419+0000] {logging_mixin.py:149} INFO - [2023-06-08T19:04:28.419+0000] {dag.py:2726} INFO - Sync 1 DAGs
[2023-06-08T19:04:28.433+0000] {logging_mixin.py:149} INFO - [2023-06-08T19:04:28.433+0000] {dag.py:3490} INFO - Setting next_dagrun for example_task_group to 2023-06-07T19:04:28.433322+00:00, run_after=2023-06-08T19:04:28.433322+00:00
[2023-06-08T19:04:28.442+0000] {processor.py:179} INFO - Processing /home/airflow/.local/lib/python3.7/site-packages/airflow/example_dags/example_task_group.py took 0.050 seconds
[2023-06-08T19:04:58.556+0000] {processor.py:157} INFO - Started process (PID=2043) to work on /home/airflow/.local/lib/python3.7/site-packages/airflow/example_dags/example_task_group.py
[2023-06-08T19:04:58.557+0000] {processor.py:826} INFO - Processing file /home/airflow/.local/lib/python3.7/site-packages/airflow/example_dags/example_task_group.py for tasks to queue
[2023-06-08T19:04:58.558+0000] {logging_mixin.py:149} INFO - [2023-06-08T19:04:58.558+0000] {dagbag.py:541} INFO - Filling up the DagBag from /home/airflow/.local/lib/python3.7/site-packages/airflow/example_dags/example_task_group.py
[2023-06-08T19:04:58.563+0000] {processor.py:836} INFO - DAG(s) dict_keys(['example_task_group']) retrieved from /home/airflow/.local/lib/python3.7/site-packages/airflow/example_dags/example_task_group.py
[2023-06-08T19:04:58.579+0000] {logging_mixin.py:149} INFO - [2023-06-08T19:04:58.579+0000] {dag.py:2726} INFO - Sync 1 DAGs
[2023-06-08T19:04:58.594+0000] {logging_mixin.py:149} INFO - [2023-06-08T19:04:58.594+0000] {dag.py:3490} INFO - Setting next_dagrun for example_task_group to 2023-06-07T19:04:58.593884+00:00, run_after=2023-06-08T19:04:58.593884+00:00
[2023-06-08T19:04:58.604+0000] {processor.py:179} INFO - Processing /home/airflow/.local/lib/python3.7/site-packages/airflow/example_dags/example_task_group.py took 0.050 seconds
[2023-06-08T19:05:28.842+0000] {processor.py:157} INFO - Started process (PID=2280) to work on /home/airflow/.local/lib/python3.7/site-packages/airflow/example_dags/example_task_group.py
[2023-06-08T19:05:28.843+0000] {processor.py:826} INFO - Processing file /home/airflow/.local/lib/python3.7/site-packages/airflow/example_dags/example_task_group.py for tasks to queue
[2023-06-08T19:05:28.844+0000] {logging_mixin.py:149} INFO - [2023-06-08T19:05:28.844+0000] {dagbag.py:541} INFO - Filling up the DagBag from /home/airflow/.local/lib/python3.7/site-packages/airflow/example_dags/example_task_group.py
[2023-06-08T19:05:28.849+0000] {processor.py:836} INFO - DAG(s) dict_keys(['example_task_group']) retrieved from /home/airflow/.local/lib/python3.7/site-packages/airflow/example_dags/example_task_group.py
[2023-06-08T19:05:28.867+0000] {logging_mixin.py:149} INFO - [2023-06-08T19:05:28.866+0000] {dag.py:2726} INFO - Sync 1 DAGs
[2023-06-08T19:05:28.880+0000] {logging_mixin.py:149} INFO - [2023-06-08T19:05:28.880+0000] {dag.py:3490} INFO - Setting next_dagrun for example_task_group to 2023-06-07T19:05:28.880680+00:00, run_after=2023-06-08T19:05:28.880680+00:00
[2023-06-08T19:05:28.891+0000] {processor.py:179} INFO - Processing /home/airflow/.local/lib/python3.7/site-packages/airflow/example_dags/example_task_group.py took 0.051 seconds
[2023-06-08T19:05:59.220+0000] {processor.py:157} INFO - Started process (PID=2517) to work on /home/airflow/.local/lib/python3.7/site-packages/airflow/example_dags/example_task_group.py
[2023-06-08T19:05:59.221+0000] {processor.py:826} INFO - Processing file /home/airflow/.local/lib/python3.7/site-packages/airflow/example_dags/example_task_group.py for tasks to queue
[2023-06-08T19:05:59.222+0000] {logging_mixin.py:149} INFO - [2023-06-08T19:05:59.222+0000] {dagbag.py:541} INFO - Filling up the DagBag from /home/airflow/.local/lib/python3.7/site-packages/airflow/example_dags/example_task_group.py
[2023-06-08T19:05:59.227+0000] {processor.py:836} INFO - DAG(s) dict_keys(['example_task_group']) retrieved from /home/airflow/.local/lib/python3.7/site-packages/airflow/example_dags/example_task_group.py
[2023-06-08T19:05:59.245+0000] {logging_mixin.py:149} INFO - [2023-06-08T19:05:59.245+0000] {dag.py:2726} INFO - Sync 1 DAGs
[2023-06-08T19:05:59.258+0000] {logging_mixin.py:149} INFO - [2023-06-08T19:05:59.258+0000] {dag.py:3490} INFO - Setting next_dagrun for example_task_group to 2023-06-07T19:05:59.258547+00:00, run_after=2023-06-08T19:05:59.258547+00:00
[2023-06-08T19:05:59.268+0000] {processor.py:179} INFO - Processing /home/airflow/.local/lib/python3.7/site-packages/airflow/example_dags/example_task_group.py took 0.050 seconds
[2023-06-08T19:06:29.505+0000] {processor.py:157} INFO - Started process (PID=2754) to work on /home/airflow/.local/lib/python3.7/site-packages/airflow/example_dags/example_task_group.py
[2023-06-08T19:06:29.506+0000] {processor.py:826} INFO - Processing file /home/airflow/.local/lib/python3.7/site-packages/airflow/example_dags/example_task_group.py for tasks to queue
[2023-06-08T19:06:29.506+0000] {logging_mixin.py:149} INFO - [2023-06-08T19:06:29.506+0000] {dagbag.py:541} INFO - Filling up the DagBag from /home/airflow/.local/lib/python3.7/site-packages/airflow/example_dags/example_task_group.py
[2023-06-08T19:06:29.511+0000] {processor.py:836} INFO - DAG(s) dict_keys(['example_task_group']) retrieved from /home/airflow/.local/lib/python3.7/site-packages/airflow/example_dags/example_task_group.py
[2023-06-08T19:06:29.528+0000] {logging_mixin.py:149} INFO - [2023-06-08T19:06:29.528+0000] {dag.py:2726} INFO - Sync 1 DAGs
[2023-06-08T19:06:29.543+0000] {logging_mixin.py:149} INFO - [2023-06-08T19:06:29.543+0000] {dag.py:3490} INFO - Setting next_dagrun for example_task_group to 2023-06-07T19:06:29.543046+00:00, run_after=2023-06-08T19:06:29.543046+00:00
[2023-06-08T19:06:29.552+0000] {processor.py:179} INFO - Processing /home/airflow/.local/lib/python3.7/site-packages/airflow/example_dags/example_task_group.py took 0.050 seconds
[2023-06-08T19:06:59.838+0000] {processor.py:157} INFO - Started process (PID=2991) to work on /home/airflow/.local/lib/python3.7/site-packages/airflow/example_dags/example_task_group.py
[2023-06-08T19:06:59.839+0000] {processor.py:826} INFO - Processing file /home/airflow/.local/lib/python3.7/site-packages/airflow/example_dags/example_task_group.py for tasks to queue
[2023-06-08T19:06:59.840+0000] {logging_mixin.py:149} INFO - [2023-06-08T19:06:59.840+0000] {dagbag.py:541} INFO - Filling up the DagBag from /home/airflow/.local/lib/python3.7/site-packages/airflow/example_dags/example_task_group.py
[2023-06-08T19:06:59.845+0000] {processor.py:836} INFO - DAG(s) dict_keys(['example_task_group']) retrieved from /home/airflow/.local/lib/python3.7/site-packages/airflow/example_dags/example_task_group.py
[2023-06-08T19:06:59.863+0000] {logging_mixin.py:149} INFO - [2023-06-08T19:06:59.863+0000] {dag.py:2726} INFO - Sync 1 DAGs
[2023-06-08T19:06:59.877+0000] {logging_mixin.py:149} INFO - [2023-06-08T19:06:59.877+0000] {dag.py:3490} INFO - Setting next_dagrun for example_task_group to 2023-06-07T19:06:59.877161+00:00, run_after=2023-06-08T19:06:59.877161+00:00
[2023-06-08T19:06:59.887+0000] {processor.py:179} INFO - Processing /home/airflow/.local/lib/python3.7/site-packages/airflow/example_dags/example_task_group.py took 0.052 seconds
[2023-06-08T19:07:30.155+0000] {processor.py:157} INFO - Started process (PID=3228) to work on /home/airflow/.local/lib/python3.7/site-packages/airflow/example_dags/example_task_group.py
[2023-06-08T19:07:30.156+0000] {processor.py:826} INFO - Processing file /home/airflow/.local/lib/python3.7/site-packages/airflow/example_dags/example_task_group.py for tasks to queue
[2023-06-08T19:07:30.157+0000] {logging_mixin.py:149} INFO - [2023-06-08T19:07:30.157+0000] {dagbag.py:541} INFO - Filling up the DagBag from /home/airflow/.local/lib/python3.7/site-packages/airflow/example_dags/example_task_group.py
[2023-06-08T19:07:30.162+0000] {processor.py:836} INFO - DAG(s) dict_keys(['example_task_group']) retrieved from /home/airflow/.local/lib/python3.7/site-packages/airflow/example_dags/example_task_group.py
[2023-06-08T19:07:30.180+0000] {logging_mixin.py:149} INFO - [2023-06-08T19:07:30.180+0000] {dag.py:2726} INFO - Sync 1 DAGs
[2023-06-08T19:07:30.194+0000] {logging_mixin.py:149} INFO - [2023-06-08T19:07:30.194+0000] {dag.py:3490} INFO - Setting next_dagrun for example_task_group to 2023-06-07T19:07:30.194093+00:00, run_after=2023-06-08T19:07:30.194093+00:00
[2023-06-08T19:07:30.204+0000] {processor.py:179} INFO - Processing /home/airflow/.local/lib/python3.7/site-packages/airflow/example_dags/example_task_group.py took 0.051 seconds
[2023-06-08T19:08:00.384+0000] {processor.py:157} INFO - Started process (PID=3465) to work on /home/airflow/.local/lib/python3.7/site-packages/airflow/example_dags/example_task_group.py
[2023-06-08T19:08:00.385+0000] {processor.py:826} INFO - Processing file /home/airflow/.local/lib/python3.7/site-packages/airflow/example_dags/example_task_group.py for tasks to queue
[2023-06-08T19:08:00.386+0000] {logging_mixin.py:149} INFO - [2023-06-08T19:08:00.386+0000] {dagbag.py:541} INFO - Filling up the DagBag from /home/airflow/.local/lib/python3.7/site-packages/airflow/example_dags/example_task_group.py
[2023-06-08T19:08:00.391+0000] {processor.py:836} INFO - DAG(s) dict_keys(['example_task_group']) retrieved from /home/airflow/.local/lib/python3.7/site-packages/airflow/example_dags/example_task_group.py
[2023-06-08T19:08:00.408+0000] {logging_mixin.py:149} INFO - [2023-06-08T19:08:00.408+0000] {dag.py:2726} INFO - Sync 1 DAGs
[2023-06-08T19:08:00.422+0000] {logging_mixin.py:149} INFO - [2023-06-08T19:08:00.422+0000] {dag.py:3490} INFO - Setting next_dagrun for example_task_group to 2023-06-07T19:08:00.422524+00:00, run_after=2023-06-08T19:08:00.422524+00:00
[2023-06-08T19:08:00.432+0000] {processor.py:179} INFO - Processing /home/airflow/.local/lib/python3.7/site-packages/airflow/example_dags/example_task_group.py took 0.050 seconds
[2023-06-08T19:08:30.742+0000] {processor.py:157} INFO - Started process (PID=3702) to work on /home/airflow/.local/lib/python3.7/site-packages/airflow/example_dags/example_task_group.py
[2023-06-08T19:08:30.743+0000] {processor.py:826} INFO - Processing file /home/airflow/.local/lib/python3.7/site-packages/airflow/example_dags/example_task_group.py for tasks to queue
[2023-06-08T19:08:30.743+0000] {logging_mixin.py:149} INFO - [2023-06-08T19:08:30.743+0000] {dagbag.py:541} INFO - Filling up the DagBag from /home/airflow/.local/lib/python3.7/site-packages/airflow/example_dags/example_task_group.py
[2023-06-08T19:08:30.749+0000] {processor.py:836} INFO - DAG(s) dict_keys(['example_task_group']) retrieved from /home/airflow/.local/lib/python3.7/site-packages/airflow/example_dags/example_task_group.py
[2023-06-08T19:08:30.765+0000] {logging_mixin.py:149} INFO - [2023-06-08T19:08:30.765+0000] {dag.py:2726} INFO - Sync 1 DAGs
[2023-06-08T19:08:30.780+0000] {logging_mixin.py:149} INFO - [2023-06-08T19:08:30.780+0000] {dag.py:3490} INFO - Setting next_dagrun for example_task_group to 2023-06-07T19:08:30.780070+00:00, run_after=2023-06-08T19:08:30.780070+00:00
[2023-06-08T19:08:30.789+0000] {processor.py:179} INFO - Processing /home/airflow/.local/lib/python3.7/site-packages/airflow/example_dags/example_task_group.py took 0.050 seconds
[2023-06-08T19:09:01.014+0000] {processor.py:157} INFO - Started process (PID=3939) to work on /home/airflow/.local/lib/python3.7/site-packages/airflow/example_dags/example_task_group.py
[2023-06-08T19:09:01.015+0000] {processor.py:826} INFO - Processing file /home/airflow/.local/lib/python3.7/site-packages/airflow/example_dags/example_task_group.py for tasks to queue
[2023-06-08T19:09:01.016+0000] {logging_mixin.py:149} INFO - [2023-06-08T19:09:01.016+0000] {dagbag.py:541} INFO - Filling up the DagBag from /home/airflow/.local/lib/python3.7/site-packages/airflow/example_dags/example_task_group.py
[2023-06-08T19:09:01.021+0000] {processor.py:836} INFO - DAG(s) dict_keys(['example_task_group']) retrieved from /home/airflow/.local/lib/python3.7/site-packages/airflow/example_dags/example_task_group.py
[2023-06-08T19:09:01.038+0000] {logging_mixin.py:149} INFO - [2023-06-08T19:09:01.038+0000] {dag.py:2726} INFO - Sync 1 DAGs
[2023-06-08T19:09:01.052+0000] {logging_mixin.py:149} INFO - [2023-06-08T19:09:01.052+0000] {dag.py:3490} INFO - Setting next_dagrun for example_task_group to 2023-06-07T19:09:01.052477+00:00, run_after=2023-06-08T19:09:01.052477+00:00
[2023-06-08T19:09:01.062+0000] {processor.py:179} INFO - Processing /home/airflow/.local/lib/python3.7/site-packages/airflow/example_dags/example_task_group.py took 0.051 seconds
[2023-06-08T19:09:31.198+0000] {processor.py:157} INFO - Started process (PID=4176) to work on /home/airflow/.local/lib/python3.7/site-packages/airflow/example_dags/example_task_group.py
[2023-06-08T19:09:31.199+0000] {processor.py:826} INFO - Processing file /home/airflow/.local/lib/python3.7/site-packages/airflow/example_dags/example_task_group.py for tasks to queue
[2023-06-08T19:09:31.199+0000] {logging_mixin.py:149} INFO - [2023-06-08T19:09:31.199+0000] {dagbag.py:541} INFO - Filling up the DagBag from /home/airflow/.local/lib/python3.7/site-packages/airflow/example_dags/example_task_group.py
[2023-06-08T19:09:31.204+0000] {processor.py:836} INFO - DAG(s) dict_keys(['example_task_group']) retrieved from /home/airflow/.local/lib/python3.7/site-packages/airflow/example_dags/example_task_group.py
[2023-06-08T19:09:31.221+0000] {logging_mixin.py:149} INFO - [2023-06-08T19:09:31.221+0000] {dag.py:2726} INFO - Sync 1 DAGs
[2023-06-08T19:09:31.235+0000] {logging_mixin.py:149} INFO - [2023-06-08T19:09:31.235+0000] {dag.py:3490} INFO - Setting next_dagrun for example_task_group to 2023-06-07T19:09:31.235544+00:00, run_after=2023-06-08T19:09:31.235544+00:00
[2023-06-08T19:09:31.245+0000] {processor.py:179} INFO - Processing /home/airflow/.local/lib/python3.7/site-packages/airflow/example_dags/example_task_group.py took 0.049 seconds
[2023-06-08T19:10:01.505+0000] {processor.py:157} INFO - Started process (PID=4413) to work on /home/airflow/.local/lib/python3.7/site-packages/airflow/example_dags/example_task_group.py
[2023-06-08T19:10:01.506+0000] {processor.py:826} INFO - Processing file /home/airflow/.local/lib/python3.7/site-packages/airflow/example_dags/example_task_group.py for tasks to queue
[2023-06-08T19:10:01.506+0000] {logging_mixin.py:149} INFO - [2023-06-08T19:10:01.506+0000] {dagbag.py:541} INFO - Filling up the DagBag from /home/airflow/.local/lib/python3.7/site-packages/airflow/example_dags/example_task_group.py
[2023-06-08T19:10:01.511+0000] {processor.py:836} INFO - DAG(s) dict_keys(['example_task_group']) retrieved from /home/airflow/.local/lib/python3.7/site-packages/airflow/example_dags/example_task_group.py
[2023-06-08T19:10:01.529+0000] {logging_mixin.py:149} INFO - [2023-06-08T19:10:01.529+0000] {dag.py:2726} INFO - Sync 1 DAGs
[2023-06-08T19:10:01.542+0000] {logging_mixin.py:149} INFO - [2023-06-08T19:10:01.542+0000] {dag.py:3490} INFO - Setting next_dagrun for example_task_group to 2023-06-07T19:10:01.542693+00:00, run_after=2023-06-08T19:10:01.542693+00:00
[2023-06-08T19:10:01.553+0000] {processor.py:179} INFO - Processing /home/airflow/.local/lib/python3.7/site-packages/airflow/example_dags/example_task_group.py took 0.051 seconds
[2023-06-08T19:10:31.745+0000] {processor.py:157} INFO - Started process (PID=4650) to work on /home/airflow/.local/lib/python3.7/site-packages/airflow/example_dags/example_task_group.py
[2023-06-08T19:10:31.746+0000] {processor.py:826} INFO - Processing file /home/airflow/.local/lib/python3.7/site-packages/airflow/example_dags/example_task_group.py for tasks to queue
[2023-06-08T19:10:31.747+0000] {logging_mixin.py:149} INFO - [2023-06-08T19:10:31.747+0000] {dagbag.py:541} INFO - Filling up the DagBag from /home/airflow/.local/lib/python3.7/site-packages/airflow/example_dags/example_task_group.py
[2023-06-08T19:10:31.752+0000] {processor.py:836} INFO - DAG(s) dict_keys(['example_task_group']) retrieved from /home/airflow/.local/lib/python3.7/site-packages/airflow/example_dags/example_task_group.py
[2023-06-08T19:10:31.769+0000] {logging_mixin.py:149} INFO - [2023-06-08T19:10:31.769+0000] {dag.py:2726} INFO - Sync 1 DAGs
[2023-06-08T19:10:31.784+0000] {logging_mixin.py:149} INFO - [2023-06-08T19:10:31.784+0000] {dag.py:3490} INFO - Setting next_dagrun for example_task_group to 2023-06-07T19:10:31.784158+00:00, run_after=2023-06-08T19:10:31.784158+00:00
[2023-06-08T19:10:31.793+0000] {processor.py:179} INFO - Processing /home/airflow/.local/lib/python3.7/site-packages/airflow/example_dags/example_task_group.py took 0.050 seconds
[2023-06-08T19:11:02.075+0000] {processor.py:157} INFO - Started process (PID=4887) to work on /home/airflow/.local/lib/python3.7/site-packages/airflow/example_dags/example_task_group.py
[2023-06-08T19:11:02.076+0000] {processor.py:826} INFO - Processing file /home/airflow/.local/lib/python3.7/site-packages/airflow/example_dags/example_task_group.py for tasks to queue
[2023-06-08T19:11:02.077+0000] {logging_mixin.py:149} INFO - [2023-06-08T19:11:02.077+0000] {dagbag.py:541} INFO - Filling up the DagBag from /home/airflow/.local/lib/python3.7/site-packages/airflow/example_dags/example_task_group.py
[2023-06-08T19:11:02.082+0000] {processor.py:836} INFO - DAG(s) dict_keys(['example_task_group']) retrieved from /home/airflow/.local/lib/python3.7/site-packages/airflow/example_dags/example_task_group.py
[2023-06-08T19:11:02.099+0000] {logging_mixin.py:149} INFO - [2023-06-08T19:11:02.099+0000] {dag.py:2726} INFO - Sync 1 DAGs
[2023-06-08T19:11:02.113+0000] {logging_mixin.py:149} INFO - [2023-06-08T19:11:02.113+0000] {dag.py:3490} INFO - Setting next_dagrun for example_task_group to 2023-06-07T19:11:02.113388+00:00, run_after=2023-06-08T19:11:02.113388+00:00
[2023-06-08T19:11:02.123+0000] {processor.py:179} INFO - Processing /home/airflow/.local/lib/python3.7/site-packages/airflow/example_dags/example_task_group.py took 0.051 seconds
[2023-06-08T19:11:32.310+0000] {processor.py:157} INFO - Started process (PID=5124) to work on /home/airflow/.local/lib/python3.7/site-packages/airflow/example_dags/example_task_group.py
[2023-06-08T19:11:32.311+0000] {processor.py:826} INFO - Processing file /home/airflow/.local/lib/python3.7/site-packages/airflow/example_dags/example_task_group.py for tasks to queue
[2023-06-08T19:11:32.312+0000] {logging_mixin.py:149} INFO - [2023-06-08T19:11:32.312+0000] {dagbag.py:541} INFO - Filling up the DagBag from /home/airflow/.local/lib/python3.7/site-packages/airflow/example_dags/example_task_group.py
[2023-06-08T19:11:32.317+0000] {processor.py:836} INFO - DAG(s) dict_keys(['example_task_group']) retrieved from /home/airflow/.local/lib/python3.7/site-packages/airflow/example_dags/example_task_group.py
[2023-06-08T19:11:32.334+0000] {logging_mixin.py:149} INFO - [2023-06-08T19:11:32.334+0000] {dag.py:2726} INFO - Sync 1 DAGs
[2023-06-08T19:11:32.348+0000] {logging_mixin.py:149} INFO - [2023-06-08T19:11:32.348+0000] {dag.py:3490} INFO - Setting next_dagrun for example_task_group to 2023-06-07T19:11:32.348037+00:00, run_after=2023-06-08T19:11:32.348037+00:00
[2023-06-08T19:11:32.360+0000] {processor.py:179} INFO - Processing /home/airflow/.local/lib/python3.7/site-packages/airflow/example_dags/example_task_group.py took 0.051 seconds
[2023-06-08T19:12:02.585+0000] {processor.py:157} INFO - Started process (PID=5361) to work on /home/airflow/.local/lib/python3.7/site-packages/airflow/example_dags/example_task_group.py
[2023-06-08T19:12:02.586+0000] {processor.py:826} INFO - Processing file /home/airflow/.local/lib/python3.7/site-packages/airflow/example_dags/example_task_group.py for tasks to queue
[2023-06-08T19:12:02.587+0000] {logging_mixin.py:149} INFO - [2023-06-08T19:12:02.587+0000] {dagbag.py:541} INFO - Filling up the DagBag from /home/airflow/.local/lib/python3.7/site-packages/airflow/example_dags/example_task_group.py
[2023-06-08T19:12:02.592+0000] {processor.py:836} INFO - DAG(s) dict_keys(['example_task_group']) retrieved from /home/airflow/.local/lib/python3.7/site-packages/airflow/example_dags/example_task_group.py
[2023-06-08T19:12:02.609+0000] {logging_mixin.py:149} INFO - [2023-06-08T19:12:02.609+0000] {dag.py:2726} INFO - Sync 1 DAGs
[2023-06-08T19:12:02.623+0000] {logging_mixin.py:149} INFO - [2023-06-08T19:12:02.623+0000] {dag.py:3490} INFO - Setting next_dagrun for example_task_group to 2023-06-07T19:12:02.623051+00:00, run_after=2023-06-08T19:12:02.623051+00:00
[2023-06-08T19:12:02.633+0000] {processor.py:179} INFO - Processing /home/airflow/.local/lib/python3.7/site-packages/airflow/example_dags/example_task_group.py took 0.050 seconds
[2023-06-08T19:12:32.803+0000] {processor.py:157} INFO - Started process (PID=5599) to work on /home/airflow/.local/lib/python3.7/site-packages/airflow/example_dags/example_task_group.py
[2023-06-08T19:12:32.804+0000] {processor.py:826} INFO - Processing file /home/airflow/.local/lib/python3.7/site-packages/airflow/example_dags/example_task_group.py for tasks to queue
[2023-06-08T19:12:32.804+0000] {logging_mixin.py:149} INFO - [2023-06-08T19:12:32.804+0000] {dagbag.py:541} INFO - Filling up the DagBag from /home/airflow/.local/lib/python3.7/site-packages/airflow/example_dags/example_task_group.py
[2023-06-08T19:12:32.810+0000] {processor.py:836} INFO - DAG(s) dict_keys(['example_task_group']) retrieved from /home/airflow/.local/lib/python3.7/site-packages/airflow/example_dags/example_task_group.py
[2023-06-08T19:12:32.827+0000] {logging_mixin.py:149} INFO - [2023-06-08T19:12:32.827+0000] {dag.py:2726} INFO - Sync 1 DAGs
[2023-06-08T19:12:32.841+0000] {logging_mixin.py:149} INFO - [2023-06-08T19:12:32.841+0000] {dag.py:3490} INFO - Setting next_dagrun for example_task_group to 2023-06-07T19:12:32.841676+00:00, run_after=2023-06-08T19:12:32.841676+00:00
[2023-06-08T19:12:32.851+0000] {processor.py:179} INFO - Processing /home/airflow/.local/lib/python3.7/site-packages/airflow/example_dags/example_task_group.py took 0.051 seconds
[2023-06-08T19:13:03.116+0000] {processor.py:157} INFO - Started process (PID=5836) to work on /home/airflow/.local/lib/python3.7/site-packages/airflow/example_dags/example_task_group.py
[2023-06-08T19:13:03.117+0000] {processor.py:826} INFO - Processing file /home/airflow/.local/lib/python3.7/site-packages/airflow/example_dags/example_task_group.py for tasks to queue
[2023-06-08T19:13:03.118+0000] {logging_mixin.py:149} INFO - [2023-06-08T19:13:03.118+0000] {dagbag.py:541} INFO - Filling up the DagBag from /home/airflow/.local/lib/python3.7/site-packages/airflow/example_dags/example_task_group.py
[2023-06-08T19:13:03.122+0000] {processor.py:836} INFO - DAG(s) dict_keys(['example_task_group']) retrieved from /home/airflow/.local/lib/python3.7/site-packages/airflow/example_dags/example_task_group.py
[2023-06-08T19:13:03.139+0000] {logging_mixin.py:149} INFO - [2023-06-08T19:13:03.139+0000] {dag.py:2726} INFO - Sync 1 DAGs
[2023-06-08T19:13:03.153+0000] {logging_mixin.py:149} INFO - [2023-06-08T19:13:03.153+0000] {dag.py:3490} INFO - Setting next_dagrun for example_task_group to 2023-06-07T19:13:03.153283+00:00, run_after=2023-06-08T19:13:03.153283+00:00
[2023-06-08T19:13:03.163+0000] {processor.py:179} INFO - Processing /home/airflow/.local/lib/python3.7/site-packages/airflow/example_dags/example_task_group.py took 0.049 seconds
[2023-06-08T19:13:33.467+0000] {processor.py:157} INFO - Started process (PID=6068) to work on /home/airflow/.local/lib/python3.7/site-packages/airflow/example_dags/example_task_group.py
[2023-06-08T19:13:33.468+0000] {processor.py:826} INFO - Processing file /home/airflow/.local/lib/python3.7/site-packages/airflow/example_dags/example_task_group.py for tasks to queue
[2023-06-08T19:13:33.468+0000] {logging_mixin.py:149} INFO - [2023-06-08T19:13:33.468+0000] {dagbag.py:541} INFO - Filling up the DagBag from /home/airflow/.local/lib/python3.7/site-packages/airflow/example_dags/example_task_group.py
[2023-06-08T19:13:33.473+0000] {processor.py:836} INFO - DAG(s) dict_keys(['example_task_group']) retrieved from /home/airflow/.local/lib/python3.7/site-packages/airflow/example_dags/example_task_group.py
[2023-06-08T19:13:33.490+0000] {logging_mixin.py:149} INFO - [2023-06-08T19:13:33.490+0000] {dag.py:2726} INFO - Sync 1 DAGs
[2023-06-08T19:13:33.504+0000] {logging_mixin.py:149} INFO - [2023-06-08T19:13:33.504+0000] {dag.py:3490} INFO - Setting next_dagrun for example_task_group to 2023-06-07T19:13:33.504583+00:00, run_after=2023-06-08T19:13:33.504583+00:00
[2023-06-08T19:13:33.514+0000] {processor.py:179} INFO - Processing /home/airflow/.local/lib/python3.7/site-packages/airflow/example_dags/example_task_group.py took 0.050 seconds
[2023-06-08T19:14:03.574+0000] {processor.py:157} INFO - Started process (PID=6305) to work on /home/airflow/.local/lib/python3.7/site-packages/airflow/example_dags/example_task_group.py
[2023-06-08T19:14:03.575+0000] {processor.py:826} INFO - Processing file /home/airflow/.local/lib/python3.7/site-packages/airflow/example_dags/example_task_group.py for tasks to queue
[2023-06-08T19:14:03.576+0000] {logging_mixin.py:149} INFO - [2023-06-08T19:14:03.576+0000] {dagbag.py:541} INFO - Filling up the DagBag from /home/airflow/.local/lib/python3.7/site-packages/airflow/example_dags/example_task_group.py
[2023-06-08T19:14:03.581+0000] {processor.py:836} INFO - DAG(s) dict_keys(['example_task_group']) retrieved from /home/airflow/.local/lib/python3.7/site-packages/airflow/example_dags/example_task_group.py
[2023-06-08T19:14:03.599+0000] {logging_mixin.py:149} INFO - [2023-06-08T19:14:03.598+0000] {dag.py:2726} INFO - Sync 1 DAGs
[2023-06-08T19:14:03.613+0000] {logging_mixin.py:149} INFO - [2023-06-08T19:14:03.613+0000] {dag.py:3490} INFO - Setting next_dagrun for example_task_group to 2023-06-07T19:14:03.613187+00:00, run_after=2023-06-08T19:14:03.613187+00:00
[2023-06-08T19:14:03.623+0000] {processor.py:179} INFO - Processing /home/airflow/.local/lib/python3.7/site-packages/airflow/example_dags/example_task_group.py took 0.051 seconds
[2023-06-08T19:14:33.916+0000] {processor.py:157} INFO - Started process (PID=6548) to work on /home/airflow/.local/lib/python3.7/site-packages/airflow/example_dags/example_task_group.py
[2023-06-08T19:14:33.917+0000] {processor.py:826} INFO - Processing file /home/airflow/.local/lib/python3.7/site-packages/airflow/example_dags/example_task_group.py for tasks to queue
[2023-06-08T19:14:33.918+0000] {logging_mixin.py:149} INFO - [2023-06-08T19:14:33.918+0000] {dagbag.py:541} INFO - Filling up the DagBag from /home/airflow/.local/lib/python3.7/site-packages/airflow/example_dags/example_task_group.py
[2023-06-08T19:14:33.924+0000] {processor.py:836} INFO - DAG(s) dict_keys(['example_task_group']) retrieved from /home/airflow/.local/lib/python3.7/site-packages/airflow/example_dags/example_task_group.py
[2023-06-08T19:14:33.941+0000] {logging_mixin.py:149} INFO - [2023-06-08T19:14:33.941+0000] {dag.py:2726} INFO - Sync 1 DAGs
[2023-06-08T19:14:33.955+0000] {logging_mixin.py:149} INFO - [2023-06-08T19:14:33.955+0000] {dag.py:3490} INFO - Setting next_dagrun for example_task_group to 2023-06-07T19:14:33.955308+00:00, run_after=2023-06-08T19:14:33.955308+00:00
[2023-06-08T19:14:33.965+0000] {processor.py:179} INFO - Processing /home/airflow/.local/lib/python3.7/site-packages/airflow/example_dags/example_task_group.py took 0.051 seconds
[2023-06-08T19:15:04.047+0000] {processor.py:157} INFO - Started process (PID=6785) to work on /home/airflow/.local/lib/python3.7/site-packages/airflow/example_dags/example_task_group.py
[2023-06-08T19:15:04.048+0000] {processor.py:826} INFO - Processing file /home/airflow/.local/lib/python3.7/site-packages/airflow/example_dags/example_task_group.py for tasks to queue
[2023-06-08T19:15:04.048+0000] {logging_mixin.py:149} INFO - [2023-06-08T19:15:04.048+0000] {dagbag.py:541} INFO - Filling up the DagBag from /home/airflow/.local/lib/python3.7/site-packages/airflow/example_dags/example_task_group.py
[2023-06-08T19:15:04.053+0000] {processor.py:836} INFO - DAG(s) dict_keys(['example_task_group']) retrieved from /home/airflow/.local/lib/python3.7/site-packages/airflow/example_dags/example_task_group.py
[2023-06-08T19:15:04.070+0000] {logging_mixin.py:149} INFO - [2023-06-08T19:15:04.070+0000] {dag.py:2726} INFO - Sync 1 DAGs
[2023-06-08T19:15:04.085+0000] {logging_mixin.py:149} INFO - [2023-06-08T19:15:04.085+0000] {dag.py:3490} INFO - Setting next_dagrun for example_task_group to 2023-06-07T19:15:04.084840+00:00, run_after=2023-06-08T19:15:04.084840+00:00
[2023-06-08T19:15:04.095+0000] {processor.py:179} INFO - Processing /home/airflow/.local/lib/python3.7/site-packages/airflow/example_dags/example_task_group.py took 0.051 seconds
