[2023-06-08T19:01:24.181+0000] {processor.py:157} INFO - Started process (PID=164) to work on /home/airflow/.local/lib/python3.7/site-packages/airflow/example_dags/example_xcomargs.py
[2023-06-08T19:01:24.182+0000] {processor.py:826} INFO - Processing file /home/airflow/.local/lib/python3.7/site-packages/airflow/example_dags/example_xcomargs.py for tasks to queue
[2023-06-08T19:01:24.183+0000] {logging_mixin.py:149} INFO - [2023-06-08T19:01:24.183+0000] {dagbag.py:541} INFO - Filling up the DagBag from /home/airflow/.local/lib/python3.7/site-packages/airflow/example_dags/example_xcomargs.py
[2023-06-08T19:01:24.194+0000] {processor.py:836} INFO - DAG(s) dict_keys(['example_xcom_args_with_operators', 'example_xcom_args']) retrieved from /home/airflow/.local/lib/python3.7/site-packages/airflow/example_dags/example_xcomargs.py
[2023-06-08T19:01:24.218+0000] {logging_mixin.py:149} INFO - [2023-06-08T19:01:24.218+0000] {dag.py:2726} INFO - Sync 2 DAGs
[2023-06-08T19:01:24.237+0000] {logging_mixin.py:149} INFO - [2023-06-08T19:01:24.237+0000] {dag.py:3490} INFO - Setting next_dagrun for example_xcom_args to None, run_after=None
[2023-06-08T19:01:24.239+0000] {logging_mixin.py:149} INFO - [2023-06-08T19:01:24.239+0000] {dag.py:3490} INFO - Setting next_dagrun for example_xcom_args_with_operators to None, run_after=None
[2023-06-08T19:01:24.249+0000] {processor.py:179} INFO - Processing /home/airflow/.local/lib/python3.7/site-packages/airflow/example_dags/example_xcomargs.py took 0.071 seconds
[2023-06-08T19:01:54.765+0000] {processor.py:157} INFO - Started process (PID=401) to work on /home/airflow/.local/lib/python3.7/site-packages/airflow/example_dags/example_xcomargs.py
[2023-06-08T19:01:54.766+0000] {processor.py:826} INFO - Processing file /home/airflow/.local/lib/python3.7/site-packages/airflow/example_dags/example_xcomargs.py for tasks to queue
[2023-06-08T19:01:54.768+0000] {logging_mixin.py:149} INFO - [2023-06-08T19:01:54.767+0000] {dagbag.py:541} INFO - Filling up the DagBag from /home/airflow/.local/lib/python3.7/site-packages/airflow/example_dags/example_xcomargs.py
[2023-06-08T19:01:54.777+0000] {processor.py:836} INFO - DAG(s) dict_keys(['example_xcom_args', 'example_xcom_args_with_operators']) retrieved from /home/airflow/.local/lib/python3.7/site-packages/airflow/example_dags/example_xcomargs.py
[2023-06-08T19:01:54.809+0000] {logging_mixin.py:149} INFO - [2023-06-08T19:01:54.809+0000] {dag.py:2726} INFO - Sync 2 DAGs
[2023-06-08T19:01:54.911+0000] {logging_mixin.py:149} INFO - [2023-06-08T19:01:54.911+0000] {dag.py:3490} INFO - Setting next_dagrun for example_xcom_args to None, run_after=None
[2023-06-08T19:01:54.913+0000] {logging_mixin.py:149} INFO - [2023-06-08T19:01:54.913+0000] {dag.py:3490} INFO - Setting next_dagrun for example_xcom_args_with_operators to None, run_after=None
[2023-06-08T19:01:54.921+0000] {processor.py:179} INFO - Processing /home/airflow/.local/lib/python3.7/site-packages/airflow/example_dags/example_xcomargs.py took 0.161 seconds
[2023-06-08T19:02:25.307+0000] {processor.py:157} INFO - Started process (PID=638) to work on /home/airflow/.local/lib/python3.7/site-packages/airflow/example_dags/example_xcomargs.py
[2023-06-08T19:02:25.310+0000] {processor.py:826} INFO - Processing file /home/airflow/.local/lib/python3.7/site-packages/airflow/example_dags/example_xcomargs.py for tasks to queue
[2023-06-08T19:02:25.312+0000] {logging_mixin.py:149} INFO - [2023-06-08T19:02:25.311+0000] {dagbag.py:541} INFO - Filling up the DagBag from /home/airflow/.local/lib/python3.7/site-packages/airflow/example_dags/example_xcomargs.py
[2023-06-08T19:02:25.322+0000] {processor.py:836} INFO - DAG(s) dict_keys(['example_xcom_args', 'example_xcom_args_with_operators']) retrieved from /home/airflow/.local/lib/python3.7/site-packages/airflow/example_dags/example_xcomargs.py
[2023-06-08T19:02:25.348+0000] {logging_mixin.py:149} INFO - [2023-06-08T19:02:25.348+0000] {dag.py:2726} INFO - Sync 2 DAGs
[2023-06-08T19:02:25.365+0000] {logging_mixin.py:149} INFO - [2023-06-08T19:02:25.365+0000] {dag.py:3490} INFO - Setting next_dagrun for example_xcom_args to None, run_after=None
[2023-06-08T19:02:25.369+0000] {logging_mixin.py:149} INFO - [2023-06-08T19:02:25.368+0000] {dag.py:3490} INFO - Setting next_dagrun for example_xcom_args_with_operators to None, run_after=None
[2023-06-08T19:02:25.379+0000] {processor.py:179} INFO - Processing /home/airflow/.local/lib/python3.7/site-packages/airflow/example_dags/example_xcomargs.py took 0.078 seconds
[2023-06-08T19:02:55.550+0000] {processor.py:157} INFO - Started process (PID=923) to work on /home/airflow/.local/lib/python3.7/site-packages/airflow/example_dags/example_xcomargs.py
[2023-06-08T19:02:55.552+0000] {processor.py:826} INFO - Processing file /home/airflow/.local/lib/python3.7/site-packages/airflow/example_dags/example_xcomargs.py for tasks to queue
[2023-06-08T19:02:55.553+0000] {logging_mixin.py:149} INFO - [2023-06-08T19:02:55.553+0000] {dagbag.py:541} INFO - Filling up the DagBag from /home/airflow/.local/lib/python3.7/site-packages/airflow/example_dags/example_xcomargs.py
[2023-06-08T19:02:55.563+0000] {processor.py:836} INFO - DAG(s) dict_keys(['example_xcom_args', 'example_xcom_args_with_operators']) retrieved from /home/airflow/.local/lib/python3.7/site-packages/airflow/example_dags/example_xcomargs.py
[2023-06-08T19:02:55.589+0000] {logging_mixin.py:149} INFO - [2023-06-08T19:02:55.589+0000] {dag.py:2726} INFO - Sync 2 DAGs
[2023-06-08T19:02:55.604+0000] {logging_mixin.py:149} INFO - [2023-06-08T19:02:55.604+0000] {dag.py:3490} INFO - Setting next_dagrun for example_xcom_args to None, run_after=None
[2023-06-08T19:02:55.606+0000] {logging_mixin.py:149} INFO - [2023-06-08T19:02:55.606+0000] {dag.py:3490} INFO - Setting next_dagrun for example_xcom_args_with_operators to None, run_after=None
[2023-06-08T19:02:55.615+0000] {processor.py:179} INFO - Processing /home/airflow/.local/lib/python3.7/site-packages/airflow/example_dags/example_xcomargs.py took 0.070 seconds
[2023-06-08T19:03:25.795+0000] {processor.py:157} INFO - Started process (PID=1208) to work on /home/airflow/.local/lib/python3.7/site-packages/airflow/example_dags/example_xcomargs.py
[2023-06-08T19:03:25.796+0000] {processor.py:826} INFO - Processing file /home/airflow/.local/lib/python3.7/site-packages/airflow/example_dags/example_xcomargs.py for tasks to queue
[2023-06-08T19:03:25.797+0000] {logging_mixin.py:149} INFO - [2023-06-08T19:03:25.797+0000] {dagbag.py:541} INFO - Filling up the DagBag from /home/airflow/.local/lib/python3.7/site-packages/airflow/example_dags/example_xcomargs.py
[2023-06-08T19:03:25.805+0000] {processor.py:836} INFO - DAG(s) dict_keys(['example_xcom_args', 'example_xcom_args_with_operators']) retrieved from /home/airflow/.local/lib/python3.7/site-packages/airflow/example_dags/example_xcomargs.py
[2023-06-08T19:03:25.827+0000] {logging_mixin.py:149} INFO - [2023-06-08T19:03:25.827+0000] {dag.py:2726} INFO - Sync 2 DAGs
[2023-06-08T19:03:25.843+0000] {logging_mixin.py:149} INFO - [2023-06-08T19:03:25.842+0000] {dag.py:3490} INFO - Setting next_dagrun for example_xcom_args to None, run_after=None
[2023-06-08T19:03:25.845+0000] {logging_mixin.py:149} INFO - [2023-06-08T19:03:25.845+0000] {dag.py:3490} INFO - Setting next_dagrun for example_xcom_args_with_operators to None, run_after=None
[2023-06-08T19:03:25.855+0000] {processor.py:179} INFO - Processing /home/airflow/.local/lib/python3.7/site-packages/airflow/example_dags/example_xcomargs.py took 0.064 seconds
[2023-06-08T19:03:56.043+0000] {processor.py:157} INFO - Started process (PID=1446) to work on /home/airflow/.local/lib/python3.7/site-packages/airflow/example_dags/example_xcomargs.py
[2023-06-08T19:03:56.044+0000] {processor.py:826} INFO - Processing file /home/airflow/.local/lib/python3.7/site-packages/airflow/example_dags/example_xcomargs.py for tasks to queue
[2023-06-08T19:03:56.045+0000] {logging_mixin.py:149} INFO - [2023-06-08T19:03:56.045+0000] {dagbag.py:541} INFO - Filling up the DagBag from /home/airflow/.local/lib/python3.7/site-packages/airflow/example_dags/example_xcomargs.py
[2023-06-08T19:03:56.050+0000] {processor.py:836} INFO - DAG(s) dict_keys(['example_xcom_args', 'example_xcom_args_with_operators']) retrieved from /home/airflow/.local/lib/python3.7/site-packages/airflow/example_dags/example_xcomargs.py
[2023-06-08T19:03:56.070+0000] {logging_mixin.py:149} INFO - [2023-06-08T19:03:56.069+0000] {dag.py:2726} INFO - Sync 2 DAGs
[2023-06-08T19:03:56.084+0000] {logging_mixin.py:149} INFO - [2023-06-08T19:03:56.084+0000] {dag.py:3490} INFO - Setting next_dagrun for example_xcom_args to None, run_after=None
[2023-06-08T19:03:56.086+0000] {logging_mixin.py:149} INFO - [2023-06-08T19:03:56.086+0000] {dag.py:3490} INFO - Setting next_dagrun for example_xcom_args_with_operators to None, run_after=None
[2023-06-08T19:03:56.095+0000] {processor.py:179} INFO - Processing /home/airflow/.local/lib/python3.7/site-packages/airflow/example_dags/example_xcomargs.py took 0.055 seconds
[2023-06-08T19:04:26.242+0000] {processor.py:157} INFO - Started process (PID=1683) to work on /home/airflow/.local/lib/python3.7/site-packages/airflow/example_dags/example_xcomargs.py
[2023-06-08T19:04:26.243+0000] {processor.py:826} INFO - Processing file /home/airflow/.local/lib/python3.7/site-packages/airflow/example_dags/example_xcomargs.py for tasks to queue
[2023-06-08T19:04:26.244+0000] {logging_mixin.py:149} INFO - [2023-06-08T19:04:26.244+0000] {dagbag.py:541} INFO - Filling up the DagBag from /home/airflow/.local/lib/python3.7/site-packages/airflow/example_dags/example_xcomargs.py
[2023-06-08T19:04:26.250+0000] {processor.py:836} INFO - DAG(s) dict_keys(['example_xcom_args_with_operators', 'example_xcom_args']) retrieved from /home/airflow/.local/lib/python3.7/site-packages/airflow/example_dags/example_xcomargs.py
[2023-06-08T19:04:26.268+0000] {logging_mixin.py:149} INFO - [2023-06-08T19:04:26.268+0000] {dag.py:2726} INFO - Sync 2 DAGs
[2023-06-08T19:04:26.282+0000] {logging_mixin.py:149} INFO - [2023-06-08T19:04:26.282+0000] {dag.py:3490} INFO - Setting next_dagrun for example_xcom_args to None, run_after=None
[2023-06-08T19:04:26.285+0000] {logging_mixin.py:149} INFO - [2023-06-08T19:04:26.285+0000] {dag.py:3490} INFO - Setting next_dagrun for example_xcom_args_with_operators to None, run_after=None
[2023-06-08T19:04:26.293+0000] {processor.py:179} INFO - Processing /home/airflow/.local/lib/python3.7/site-packages/airflow/example_dags/example_xcomargs.py took 0.054 seconds
[2023-06-08T19:04:56.603+0000] {processor.py:157} INFO - Started process (PID=1920) to work on /home/airflow/.local/lib/python3.7/site-packages/airflow/example_dags/example_xcomargs.py
[2023-06-08T19:04:56.605+0000] {processor.py:826} INFO - Processing file /home/airflow/.local/lib/python3.7/site-packages/airflow/example_dags/example_xcomargs.py for tasks to queue
[2023-06-08T19:04:56.606+0000] {logging_mixin.py:149} INFO - [2023-06-08T19:04:56.606+0000] {dagbag.py:541} INFO - Filling up the DagBag from /home/airflow/.local/lib/python3.7/site-packages/airflow/example_dags/example_xcomargs.py
[2023-06-08T19:04:56.615+0000] {processor.py:836} INFO - DAG(s) dict_keys(['example_xcom_args', 'example_xcom_args_with_operators']) retrieved from /home/airflow/.local/lib/python3.7/site-packages/airflow/example_dags/example_xcomargs.py
[2023-06-08T19:04:56.639+0000] {logging_mixin.py:149} INFO - [2023-06-08T19:04:56.639+0000] {dag.py:2726} INFO - Sync 2 DAGs
[2023-06-08T19:04:56.654+0000] {logging_mixin.py:149} INFO - [2023-06-08T19:04:56.654+0000] {dag.py:3490} INFO - Setting next_dagrun for example_xcom_args to None, run_after=None
[2023-06-08T19:04:56.657+0000] {logging_mixin.py:149} INFO - [2023-06-08T19:04:56.656+0000] {dag.py:3490} INFO - Setting next_dagrun for example_xcom_args_with_operators to None, run_after=None
[2023-06-08T19:04:56.665+0000] {processor.py:179} INFO - Processing /home/airflow/.local/lib/python3.7/site-packages/airflow/example_dags/example_xcomargs.py took 0.068 seconds
[2023-06-08T19:05:26.856+0000] {processor.py:157} INFO - Started process (PID=2157) to work on /home/airflow/.local/lib/python3.7/site-packages/airflow/example_dags/example_xcomargs.py
[2023-06-08T19:05:26.858+0000] {processor.py:826} INFO - Processing file /home/airflow/.local/lib/python3.7/site-packages/airflow/example_dags/example_xcomargs.py for tasks to queue
[2023-06-08T19:05:26.859+0000] {logging_mixin.py:149} INFO - [2023-06-08T19:05:26.859+0000] {dagbag.py:541} INFO - Filling up the DagBag from /home/airflow/.local/lib/python3.7/site-packages/airflow/example_dags/example_xcomargs.py
[2023-06-08T19:05:26.869+0000] {processor.py:836} INFO - DAG(s) dict_keys(['example_xcom_args_with_operators', 'example_xcom_args']) retrieved from /home/airflow/.local/lib/python3.7/site-packages/airflow/example_dags/example_xcomargs.py
[2023-06-08T19:05:26.893+0000] {logging_mixin.py:149} INFO - [2023-06-08T19:05:26.893+0000] {dag.py:2726} INFO - Sync 2 DAGs
[2023-06-08T19:05:26.909+0000] {logging_mixin.py:149} INFO - [2023-06-08T19:05:26.908+0000] {dag.py:3490} INFO - Setting next_dagrun for example_xcom_args to None, run_after=None
[2023-06-08T19:05:26.911+0000] {logging_mixin.py:149} INFO - [2023-06-08T19:05:26.911+0000] {dag.py:3490} INFO - Setting next_dagrun for example_xcom_args_with_operators to None, run_after=None
[2023-06-08T19:05:26.920+0000] {processor.py:179} INFO - Processing /home/airflow/.local/lib/python3.7/site-packages/airflow/example_dags/example_xcomargs.py took 0.068 seconds
[2023-06-08T19:05:57.203+0000] {processor.py:157} INFO - Started process (PID=2394) to work on /home/airflow/.local/lib/python3.7/site-packages/airflow/example_dags/example_xcomargs.py
[2023-06-08T19:05:57.205+0000] {processor.py:826} INFO - Processing file /home/airflow/.local/lib/python3.7/site-packages/airflow/example_dags/example_xcomargs.py for tasks to queue
[2023-06-08T19:05:57.207+0000] {logging_mixin.py:149} INFO - [2023-06-08T19:05:57.207+0000] {dagbag.py:541} INFO - Filling up the DagBag from /home/airflow/.local/lib/python3.7/site-packages/airflow/example_dags/example_xcomargs.py
[2023-06-08T19:05:57.217+0000] {processor.py:836} INFO - DAG(s) dict_keys(['example_xcom_args', 'example_xcom_args_with_operators']) retrieved from /home/airflow/.local/lib/python3.7/site-packages/airflow/example_dags/example_xcomargs.py
[2023-06-08T19:05:57.242+0000] {logging_mixin.py:149} INFO - [2023-06-08T19:05:57.242+0000] {dag.py:2726} INFO - Sync 2 DAGs
[2023-06-08T19:05:57.258+0000] {logging_mixin.py:149} INFO - [2023-06-08T19:05:57.258+0000] {dag.py:3490} INFO - Setting next_dagrun for example_xcom_args to None, run_after=None
[2023-06-08T19:05:57.260+0000] {logging_mixin.py:149} INFO - [2023-06-08T19:05:57.260+0000] {dag.py:3490} INFO - Setting next_dagrun for example_xcom_args_with_operators to None, run_after=None
[2023-06-08T19:05:57.269+0000] {processor.py:179} INFO - Processing /home/airflow/.local/lib/python3.7/site-packages/airflow/example_dags/example_xcomargs.py took 0.072 seconds
[2023-06-08T19:06:27.498+0000] {processor.py:157} INFO - Started process (PID=2631) to work on /home/airflow/.local/lib/python3.7/site-packages/airflow/example_dags/example_xcomargs.py
[2023-06-08T19:06:27.501+0000] {processor.py:826} INFO - Processing file /home/airflow/.local/lib/python3.7/site-packages/airflow/example_dags/example_xcomargs.py for tasks to queue
[2023-06-08T19:06:27.502+0000] {logging_mixin.py:149} INFO - [2023-06-08T19:06:27.502+0000] {dagbag.py:541} INFO - Filling up the DagBag from /home/airflow/.local/lib/python3.7/site-packages/airflow/example_dags/example_xcomargs.py
[2023-06-08T19:06:27.511+0000] {processor.py:836} INFO - DAG(s) dict_keys(['example_xcom_args', 'example_xcom_args_with_operators']) retrieved from /home/airflow/.local/lib/python3.7/site-packages/airflow/example_dags/example_xcomargs.py
[2023-06-08T19:06:27.535+0000] {logging_mixin.py:149} INFO - [2023-06-08T19:06:27.535+0000] {dag.py:2726} INFO - Sync 2 DAGs
[2023-06-08T19:06:27.551+0000] {logging_mixin.py:149} INFO - [2023-06-08T19:06:27.551+0000] {dag.py:3490} INFO - Setting next_dagrun for example_xcom_args to None, run_after=None
[2023-06-08T19:06:27.553+0000] {logging_mixin.py:149} INFO - [2023-06-08T19:06:27.553+0000] {dag.py:3490} INFO - Setting next_dagrun for example_xcom_args_with_operators to None, run_after=None
[2023-06-08T19:06:27.565+0000] {processor.py:179} INFO - Processing /home/airflow/.local/lib/python3.7/site-packages/airflow/example_dags/example_xcomargs.py took 0.073 seconds
[2023-06-08T19:06:57.792+0000] {processor.py:157} INFO - Started process (PID=2868) to work on /home/airflow/.local/lib/python3.7/site-packages/airflow/example_dags/example_xcomargs.py
[2023-06-08T19:06:57.794+0000] {processor.py:826} INFO - Processing file /home/airflow/.local/lib/python3.7/site-packages/airflow/example_dags/example_xcomargs.py for tasks to queue
[2023-06-08T19:06:57.795+0000] {logging_mixin.py:149} INFO - [2023-06-08T19:06:57.794+0000] {dagbag.py:541} INFO - Filling up the DagBag from /home/airflow/.local/lib/python3.7/site-packages/airflow/example_dags/example_xcomargs.py
[2023-06-08T19:06:57.803+0000] {processor.py:836} INFO - DAG(s) dict_keys(['example_xcom_args_with_operators', 'example_xcom_args']) retrieved from /home/airflow/.local/lib/python3.7/site-packages/airflow/example_dags/example_xcomargs.py
[2023-06-08T19:06:57.827+0000] {logging_mixin.py:149} INFO - [2023-06-08T19:06:57.827+0000] {dag.py:2726} INFO - Sync 2 DAGs
[2023-06-08T19:06:57.843+0000] {logging_mixin.py:149} INFO - [2023-06-08T19:06:57.843+0000] {dag.py:3490} INFO - Setting next_dagrun for example_xcom_args to None, run_after=None
[2023-06-08T19:06:57.845+0000] {logging_mixin.py:149} INFO - [2023-06-08T19:06:57.845+0000] {dag.py:3490} INFO - Setting next_dagrun for example_xcom_args_with_operators to None, run_after=None
[2023-06-08T19:06:57.854+0000] {processor.py:179} INFO - Processing /home/airflow/.local/lib/python3.7/site-packages/airflow/example_dags/example_xcomargs.py took 0.068 seconds
[2023-06-08T19:07:28.076+0000] {processor.py:157} INFO - Started process (PID=3105) to work on /home/airflow/.local/lib/python3.7/site-packages/airflow/example_dags/example_xcomargs.py
[2023-06-08T19:07:28.079+0000] {processor.py:826} INFO - Processing file /home/airflow/.local/lib/python3.7/site-packages/airflow/example_dags/example_xcomargs.py for tasks to queue
[2023-06-08T19:07:28.080+0000] {logging_mixin.py:149} INFO - [2023-06-08T19:07:28.080+0000] {dagbag.py:541} INFO - Filling up the DagBag from /home/airflow/.local/lib/python3.7/site-packages/airflow/example_dags/example_xcomargs.py
[2023-06-08T19:07:28.090+0000] {processor.py:836} INFO - DAG(s) dict_keys(['example_xcom_args', 'example_xcom_args_with_operators']) retrieved from /home/airflow/.local/lib/python3.7/site-packages/airflow/example_dags/example_xcomargs.py
[2023-06-08T19:07:28.117+0000] {logging_mixin.py:149} INFO - [2023-06-08T19:07:28.117+0000] {dag.py:2726} INFO - Sync 2 DAGs
[2023-06-08T19:07:28.132+0000] {logging_mixin.py:149} INFO - [2023-06-08T19:07:28.132+0000] {dag.py:3490} INFO - Setting next_dagrun for example_xcom_args to None, run_after=None
[2023-06-08T19:07:28.135+0000] {logging_mixin.py:149} INFO - [2023-06-08T19:07:28.135+0000] {dag.py:3490} INFO - Setting next_dagrun for example_xcom_args_with_operators to None, run_after=None
[2023-06-08T19:07:28.144+0000] {processor.py:179} INFO - Processing /home/airflow/.local/lib/python3.7/site-packages/airflow/example_dags/example_xcomargs.py took 0.073 seconds
[2023-06-08T19:07:58.381+0000] {processor.py:157} INFO - Started process (PID=3342) to work on /home/airflow/.local/lib/python3.7/site-packages/airflow/example_dags/example_xcomargs.py
[2023-06-08T19:07:58.383+0000] {processor.py:826} INFO - Processing file /home/airflow/.local/lib/python3.7/site-packages/airflow/example_dags/example_xcomargs.py for tasks to queue
[2023-06-08T19:07:58.384+0000] {logging_mixin.py:149} INFO - [2023-06-08T19:07:58.384+0000] {dagbag.py:541} INFO - Filling up the DagBag from /home/airflow/.local/lib/python3.7/site-packages/airflow/example_dags/example_xcomargs.py
[2023-06-08T19:07:58.392+0000] {processor.py:836} INFO - DAG(s) dict_keys(['example_xcom_args', 'example_xcom_args_with_operators']) retrieved from /home/airflow/.local/lib/python3.7/site-packages/airflow/example_dags/example_xcomargs.py
[2023-06-08T19:07:58.417+0000] {logging_mixin.py:149} INFO - [2023-06-08T19:07:58.417+0000] {dag.py:2726} INFO - Sync 2 DAGs
[2023-06-08T19:07:58.433+0000] {logging_mixin.py:149} INFO - [2023-06-08T19:07:58.433+0000] {dag.py:3490} INFO - Setting next_dagrun for example_xcom_args to None, run_after=None
[2023-06-08T19:07:58.436+0000] {logging_mixin.py:149} INFO - [2023-06-08T19:07:58.436+0000] {dag.py:3490} INFO - Setting next_dagrun for example_xcom_args_with_operators to None, run_after=None
[2023-06-08T19:07:58.445+0000] {processor.py:179} INFO - Processing /home/airflow/.local/lib/python3.7/site-packages/airflow/example_dags/example_xcomargs.py took 0.069 seconds
[2023-06-08T19:08:28.681+0000] {processor.py:157} INFO - Started process (PID=3579) to work on /home/airflow/.local/lib/python3.7/site-packages/airflow/example_dags/example_xcomargs.py
[2023-06-08T19:08:28.684+0000] {processor.py:826} INFO - Processing file /home/airflow/.local/lib/python3.7/site-packages/airflow/example_dags/example_xcomargs.py for tasks to queue
[2023-06-08T19:08:28.686+0000] {logging_mixin.py:149} INFO - [2023-06-08T19:08:28.686+0000] {dagbag.py:541} INFO - Filling up the DagBag from /home/airflow/.local/lib/python3.7/site-packages/airflow/example_dags/example_xcomargs.py
[2023-06-08T19:08:28.698+0000] {processor.py:836} INFO - DAG(s) dict_keys(['example_xcom_args', 'example_xcom_args_with_operators']) retrieved from /home/airflow/.local/lib/python3.7/site-packages/airflow/example_dags/example_xcomargs.py
[2023-06-08T19:08:28.724+0000] {logging_mixin.py:149} INFO - [2023-06-08T19:08:28.724+0000] {dag.py:2726} INFO - Sync 2 DAGs
[2023-06-08T19:08:28.740+0000] {logging_mixin.py:149} INFO - [2023-06-08T19:08:28.740+0000] {dag.py:3490} INFO - Setting next_dagrun for example_xcom_args to None, run_after=None
[2023-06-08T19:08:28.743+0000] {logging_mixin.py:149} INFO - [2023-06-08T19:08:28.742+0000] {dag.py:3490} INFO - Setting next_dagrun for example_xcom_args_with_operators to None, run_after=None
[2023-06-08T19:08:28.752+0000] {processor.py:179} INFO - Processing /home/airflow/.local/lib/python3.7/site-packages/airflow/example_dags/example_xcomargs.py took 0.077 seconds
[2023-06-08T19:08:59.050+0000] {processor.py:157} INFO - Started process (PID=3816) to work on /home/airflow/.local/lib/python3.7/site-packages/airflow/example_dags/example_xcomargs.py
[2023-06-08T19:08:59.052+0000] {processor.py:826} INFO - Processing file /home/airflow/.local/lib/python3.7/site-packages/airflow/example_dags/example_xcomargs.py for tasks to queue
[2023-06-08T19:08:59.053+0000] {logging_mixin.py:149} INFO - [2023-06-08T19:08:59.053+0000] {dagbag.py:541} INFO - Filling up the DagBag from /home/airflow/.local/lib/python3.7/site-packages/airflow/example_dags/example_xcomargs.py
[2023-06-08T19:08:59.061+0000] {processor.py:836} INFO - DAG(s) dict_keys(['example_xcom_args_with_operators', 'example_xcom_args']) retrieved from /home/airflow/.local/lib/python3.7/site-packages/airflow/example_dags/example_xcomargs.py
[2023-06-08T19:08:59.086+0000] {logging_mixin.py:149} INFO - [2023-06-08T19:08:59.085+0000] {dag.py:2726} INFO - Sync 2 DAGs
[2023-06-08T19:08:59.101+0000] {logging_mixin.py:149} INFO - [2023-06-08T19:08:59.101+0000] {dag.py:3490} INFO - Setting next_dagrun for example_xcom_args to None, run_after=None
[2023-06-08T19:08:59.103+0000] {logging_mixin.py:149} INFO - [2023-06-08T19:08:59.103+0000] {dag.py:3490} INFO - Setting next_dagrun for example_xcom_args_with_operators to None, run_after=None
[2023-06-08T19:08:59.112+0000] {processor.py:179} INFO - Processing /home/airflow/.local/lib/python3.7/site-packages/airflow/example_dags/example_xcomargs.py took 0.068 seconds
[2023-06-08T19:09:29.199+0000] {processor.py:157} INFO - Started process (PID=4053) to work on /home/airflow/.local/lib/python3.7/site-packages/airflow/example_dags/example_xcomargs.py
[2023-06-08T19:09:29.200+0000] {processor.py:826} INFO - Processing file /home/airflow/.local/lib/python3.7/site-packages/airflow/example_dags/example_xcomargs.py for tasks to queue
[2023-06-08T19:09:29.201+0000] {logging_mixin.py:149} INFO - [2023-06-08T19:09:29.201+0000] {dagbag.py:541} INFO - Filling up the DagBag from /home/airflow/.local/lib/python3.7/site-packages/airflow/example_dags/example_xcomargs.py
[2023-06-08T19:09:29.210+0000] {processor.py:836} INFO - DAG(s) dict_keys(['example_xcom_args_with_operators', 'example_xcom_args']) retrieved from /home/airflow/.local/lib/python3.7/site-packages/airflow/example_dags/example_xcomargs.py
[2023-06-08T19:09:29.235+0000] {logging_mixin.py:149} INFO - [2023-06-08T19:09:29.235+0000] {dag.py:2726} INFO - Sync 2 DAGs
[2023-06-08T19:09:29.250+0000] {logging_mixin.py:149} INFO - [2023-06-08T19:09:29.250+0000] {dag.py:3490} INFO - Setting next_dagrun for example_xcom_args to None, run_after=None
[2023-06-08T19:09:29.252+0000] {logging_mixin.py:149} INFO - [2023-06-08T19:09:29.252+0000] {dag.py:3490} INFO - Setting next_dagrun for example_xcom_args_with_operators to None, run_after=None
[2023-06-08T19:09:29.261+0000] {processor.py:179} INFO - Processing /home/airflow/.local/lib/python3.7/site-packages/airflow/example_dags/example_xcomargs.py took 0.067 seconds
[2023-06-08T19:09:59.467+0000] {processor.py:157} INFO - Started process (PID=4290) to work on /home/airflow/.local/lib/python3.7/site-packages/airflow/example_dags/example_xcomargs.py
[2023-06-08T19:09:59.469+0000] {processor.py:826} INFO - Processing file /home/airflow/.local/lib/python3.7/site-packages/airflow/example_dags/example_xcomargs.py for tasks to queue
[2023-06-08T19:09:59.470+0000] {logging_mixin.py:149} INFO - [2023-06-08T19:09:59.470+0000] {dagbag.py:541} INFO - Filling up the DagBag from /home/airflow/.local/lib/python3.7/site-packages/airflow/example_dags/example_xcomargs.py
[2023-06-08T19:09:59.479+0000] {processor.py:836} INFO - DAG(s) dict_keys(['example_xcom_args_with_operators', 'example_xcom_args']) retrieved from /home/airflow/.local/lib/python3.7/site-packages/airflow/example_dags/example_xcomargs.py
[2023-06-08T19:09:59.505+0000] {logging_mixin.py:149} INFO - [2023-06-08T19:09:59.504+0000] {dag.py:2726} INFO - Sync 2 DAGs
[2023-06-08T19:09:59.521+0000] {logging_mixin.py:149} INFO - [2023-06-08T19:09:59.521+0000] {dag.py:3490} INFO - Setting next_dagrun for example_xcom_args to None, run_after=None
[2023-06-08T19:09:59.523+0000] {logging_mixin.py:149} INFO - [2023-06-08T19:09:59.523+0000] {dag.py:3490} INFO - Setting next_dagrun for example_xcom_args_with_operators to None, run_after=None
[2023-06-08T19:09:59.532+0000] {processor.py:179} INFO - Processing /home/airflow/.local/lib/python3.7/site-packages/airflow/example_dags/example_xcomargs.py took 0.070 seconds
[2023-06-08T19:10:29.765+0000] {processor.py:157} INFO - Started process (PID=4527) to work on /home/airflow/.local/lib/python3.7/site-packages/airflow/example_dags/example_xcomargs.py
[2023-06-08T19:10:29.767+0000] {processor.py:826} INFO - Processing file /home/airflow/.local/lib/python3.7/site-packages/airflow/example_dags/example_xcomargs.py for tasks to queue
[2023-06-08T19:10:29.768+0000] {logging_mixin.py:149} INFO - [2023-06-08T19:10:29.768+0000] {dagbag.py:541} INFO - Filling up the DagBag from /home/airflow/.local/lib/python3.7/site-packages/airflow/example_dags/example_xcomargs.py
[2023-06-08T19:10:29.776+0000] {processor.py:836} INFO - DAG(s) dict_keys(['example_xcom_args', 'example_xcom_args_with_operators']) retrieved from /home/airflow/.local/lib/python3.7/site-packages/airflow/example_dags/example_xcomargs.py
[2023-06-08T19:10:29.801+0000] {logging_mixin.py:149} INFO - [2023-06-08T19:10:29.801+0000] {dag.py:2726} INFO - Sync 2 DAGs
[2023-06-08T19:10:29.817+0000] {logging_mixin.py:149} INFO - [2023-06-08T19:10:29.817+0000] {dag.py:3490} INFO - Setting next_dagrun for example_xcom_args to None, run_after=None
[2023-06-08T19:10:29.819+0000] {logging_mixin.py:149} INFO - [2023-06-08T19:10:29.819+0000] {dag.py:3490} INFO - Setting next_dagrun for example_xcom_args_with_operators to None, run_after=None
[2023-06-08T19:10:29.830+0000] {processor.py:179} INFO - Processing /home/airflow/.local/lib/python3.7/site-packages/airflow/example_dags/example_xcomargs.py took 0.070 seconds
[2023-06-08T19:10:59.979+0000] {processor.py:157} INFO - Started process (PID=4764) to work on /home/airflow/.local/lib/python3.7/site-packages/airflow/example_dags/example_xcomargs.py
[2023-06-08T19:10:59.980+0000] {processor.py:826} INFO - Processing file /home/airflow/.local/lib/python3.7/site-packages/airflow/example_dags/example_xcomargs.py for tasks to queue
[2023-06-08T19:10:59.981+0000] {logging_mixin.py:149} INFO - [2023-06-08T19:10:59.981+0000] {dagbag.py:541} INFO - Filling up the DagBag from /home/airflow/.local/lib/python3.7/site-packages/airflow/example_dags/example_xcomargs.py
[2023-06-08T19:10:59.989+0000] {processor.py:836} INFO - DAG(s) dict_keys(['example_xcom_args', 'example_xcom_args_with_operators']) retrieved from /home/airflow/.local/lib/python3.7/site-packages/airflow/example_dags/example_xcomargs.py
[2023-06-08T19:11:00.014+0000] {logging_mixin.py:149} INFO - [2023-06-08T19:11:00.014+0000] {dag.py:2726} INFO - Sync 2 DAGs
[2023-06-08T19:11:00.029+0000] {logging_mixin.py:149} INFO - [2023-06-08T19:11:00.029+0000] {dag.py:3490} INFO - Setting next_dagrun for example_xcom_args to None, run_after=None
[2023-06-08T19:11:00.031+0000] {logging_mixin.py:149} INFO - [2023-06-08T19:11:00.031+0000] {dag.py:3490} INFO - Setting next_dagrun for example_xcom_args_with_operators to None, run_after=None
[2023-06-08T19:11:00.041+0000] {processor.py:179} INFO - Processing /home/airflow/.local/lib/python3.7/site-packages/airflow/example_dags/example_xcomargs.py took 0.068 seconds
[2023-06-08T19:11:30.343+0000] {processor.py:157} INFO - Started process (PID=5001) to work on /home/airflow/.local/lib/python3.7/site-packages/airflow/example_dags/example_xcomargs.py
[2023-06-08T19:11:30.345+0000] {processor.py:826} INFO - Processing file /home/airflow/.local/lib/python3.7/site-packages/airflow/example_dags/example_xcomargs.py for tasks to queue
[2023-06-08T19:11:30.346+0000] {logging_mixin.py:149} INFO - [2023-06-08T19:11:30.346+0000] {dagbag.py:541} INFO - Filling up the DagBag from /home/airflow/.local/lib/python3.7/site-packages/airflow/example_dags/example_xcomargs.py
[2023-06-08T19:11:30.355+0000] {processor.py:836} INFO - DAG(s) dict_keys(['example_xcom_args_with_operators', 'example_xcom_args']) retrieved from /home/airflow/.local/lib/python3.7/site-packages/airflow/example_dags/example_xcomargs.py
[2023-06-08T19:11:30.379+0000] {logging_mixin.py:149} INFO - [2023-06-08T19:11:30.379+0000] {dag.py:2726} INFO - Sync 2 DAGs
[2023-06-08T19:11:30.394+0000] {logging_mixin.py:149} INFO - [2023-06-08T19:11:30.394+0000] {dag.py:3490} INFO - Setting next_dagrun for example_xcom_args to None, run_after=None
[2023-06-08T19:11:30.396+0000] {logging_mixin.py:149} INFO - [2023-06-08T19:11:30.396+0000] {dag.py:3490} INFO - Setting next_dagrun for example_xcom_args_with_operators to None, run_after=None
[2023-06-08T19:11:30.405+0000] {processor.py:179} INFO - Processing /home/airflow/.local/lib/python3.7/site-packages/airflow/example_dags/example_xcomargs.py took 0.067 seconds
[2023-06-08T19:12:00.548+0000] {processor.py:157} INFO - Started process (PID=5238) to work on /home/airflow/.local/lib/python3.7/site-packages/airflow/example_dags/example_xcomargs.py
[2023-06-08T19:12:00.550+0000] {processor.py:826} INFO - Processing file /home/airflow/.local/lib/python3.7/site-packages/airflow/example_dags/example_xcomargs.py for tasks to queue
[2023-06-08T19:12:00.551+0000] {logging_mixin.py:149} INFO - [2023-06-08T19:12:00.551+0000] {dagbag.py:541} INFO - Filling up the DagBag from /home/airflow/.local/lib/python3.7/site-packages/airflow/example_dags/example_xcomargs.py
[2023-06-08T19:12:00.559+0000] {processor.py:836} INFO - DAG(s) dict_keys(['example_xcom_args', 'example_xcom_args_with_operators']) retrieved from /home/airflow/.local/lib/python3.7/site-packages/airflow/example_dags/example_xcomargs.py
[2023-06-08T19:12:00.584+0000] {logging_mixin.py:149} INFO - [2023-06-08T19:12:00.584+0000] {dag.py:2726} INFO - Sync 2 DAGs
[2023-06-08T19:12:00.600+0000] {logging_mixin.py:149} INFO - [2023-06-08T19:12:00.600+0000] {dag.py:3490} INFO - Setting next_dagrun for example_xcom_args to None, run_after=None
[2023-06-08T19:12:00.602+0000] {logging_mixin.py:149} INFO - [2023-06-08T19:12:00.602+0000] {dag.py:3490} INFO - Setting next_dagrun for example_xcom_args_with_operators to None, run_after=None
[2023-06-08T19:12:00.611+0000] {processor.py:179} INFO - Processing /home/airflow/.local/lib/python3.7/site-packages/airflow/example_dags/example_xcomargs.py took 0.068 seconds
[2023-06-08T19:12:30.789+0000] {processor.py:157} INFO - Started process (PID=5476) to work on /home/airflow/.local/lib/python3.7/site-packages/airflow/example_dags/example_xcomargs.py
[2023-06-08T19:12:30.790+0000] {processor.py:826} INFO - Processing file /home/airflow/.local/lib/python3.7/site-packages/airflow/example_dags/example_xcomargs.py for tasks to queue
[2023-06-08T19:12:30.791+0000] {logging_mixin.py:149} INFO - [2023-06-08T19:12:30.791+0000] {dagbag.py:541} INFO - Filling up the DagBag from /home/airflow/.local/lib/python3.7/site-packages/airflow/example_dags/example_xcomargs.py
[2023-06-08T19:12:30.800+0000] {processor.py:836} INFO - DAG(s) dict_keys(['example_xcom_args_with_operators', 'example_xcom_args']) retrieved from /home/airflow/.local/lib/python3.7/site-packages/airflow/example_dags/example_xcomargs.py
[2023-06-08T19:12:30.825+0000] {logging_mixin.py:149} INFO - [2023-06-08T19:12:30.825+0000] {dag.py:2726} INFO - Sync 2 DAGs
[2023-06-08T19:12:30.841+0000] {logging_mixin.py:149} INFO - [2023-06-08T19:12:30.840+0000] {dag.py:3490} INFO - Setting next_dagrun for example_xcom_args to None, run_after=None
[2023-06-08T19:12:30.843+0000] {logging_mixin.py:149} INFO - [2023-06-08T19:12:30.843+0000] {dag.py:3490} INFO - Setting next_dagrun for example_xcom_args_with_operators to None, run_after=None
[2023-06-08T19:12:30.851+0000] {processor.py:179} INFO - Processing /home/airflow/.local/lib/python3.7/site-packages/airflow/example_dags/example_xcomargs.py took 0.069 seconds
[2023-06-08T19:13:01.075+0000] {processor.py:157} INFO - Started process (PID=5713) to work on /home/airflow/.local/lib/python3.7/site-packages/airflow/example_dags/example_xcomargs.py
[2023-06-08T19:13:01.078+0000] {processor.py:826} INFO - Processing file /home/airflow/.local/lib/python3.7/site-packages/airflow/example_dags/example_xcomargs.py for tasks to queue
[2023-06-08T19:13:01.079+0000] {logging_mixin.py:149} INFO - [2023-06-08T19:13:01.078+0000] {dagbag.py:541} INFO - Filling up the DagBag from /home/airflow/.local/lib/python3.7/site-packages/airflow/example_dags/example_xcomargs.py
[2023-06-08T19:13:01.087+0000] {processor.py:836} INFO - DAG(s) dict_keys(['example_xcom_args_with_operators', 'example_xcom_args']) retrieved from /home/airflow/.local/lib/python3.7/site-packages/airflow/example_dags/example_xcomargs.py
[2023-06-08T19:13:01.112+0000] {logging_mixin.py:149} INFO - [2023-06-08T19:13:01.112+0000] {dag.py:2726} INFO - Sync 2 DAGs
[2023-06-08T19:13:01.128+0000] {logging_mixin.py:149} INFO - [2023-06-08T19:13:01.128+0000] {dag.py:3490} INFO - Setting next_dagrun for example_xcom_args to None, run_after=None
[2023-06-08T19:13:01.130+0000] {logging_mixin.py:149} INFO - [2023-06-08T19:13:01.130+0000] {dag.py:3490} INFO - Setting next_dagrun for example_xcom_args_with_operators to None, run_after=None
[2023-06-08T19:13:01.139+0000] {processor.py:179} INFO - Processing /home/airflow/.local/lib/python3.7/site-packages/airflow/example_dags/example_xcomargs.py took 0.069 seconds
[2023-06-08T19:13:31.399+0000] {processor.py:157} INFO - Started process (PID=5950) to work on /home/airflow/.local/lib/python3.7/site-packages/airflow/example_dags/example_xcomargs.py
[2023-06-08T19:13:31.402+0000] {processor.py:826} INFO - Processing file /home/airflow/.local/lib/python3.7/site-packages/airflow/example_dags/example_xcomargs.py for tasks to queue
[2023-06-08T19:13:31.403+0000] {logging_mixin.py:149} INFO - [2023-06-08T19:13:31.403+0000] {dagbag.py:541} INFO - Filling up the DagBag from /home/airflow/.local/lib/python3.7/site-packages/airflow/example_dags/example_xcomargs.py
[2023-06-08T19:13:31.412+0000] {processor.py:836} INFO - DAG(s) dict_keys(['example_xcom_args', 'example_xcom_args_with_operators']) retrieved from /home/airflow/.local/lib/python3.7/site-packages/airflow/example_dags/example_xcomargs.py
[2023-06-08T19:13:31.437+0000] {logging_mixin.py:149} INFO - [2023-06-08T19:13:31.437+0000] {dag.py:2726} INFO - Sync 2 DAGs
[2023-06-08T19:13:31.452+0000] {logging_mixin.py:149} INFO - [2023-06-08T19:13:31.452+0000] {dag.py:3490} INFO - Setting next_dagrun for example_xcom_args to None, run_after=None
[2023-06-08T19:13:31.455+0000] {logging_mixin.py:149} INFO - [2023-06-08T19:13:31.455+0000] {dag.py:3490} INFO - Setting next_dagrun for example_xcom_args_with_operators to None, run_after=None
[2023-06-08T19:13:31.464+0000] {processor.py:179} INFO - Processing /home/airflow/.local/lib/python3.7/site-packages/airflow/example_dags/example_xcomargs.py took 0.070 seconds
[2023-06-08T19:14:01.606+0000] {processor.py:157} INFO - Started process (PID=6187) to work on /home/airflow/.local/lib/python3.7/site-packages/airflow/example_dags/example_xcomargs.py
[2023-06-08T19:14:01.608+0000] {processor.py:826} INFO - Processing file /home/airflow/.local/lib/python3.7/site-packages/airflow/example_dags/example_xcomargs.py for tasks to queue
[2023-06-08T19:14:01.609+0000] {logging_mixin.py:149} INFO - [2023-06-08T19:14:01.609+0000] {dagbag.py:541} INFO - Filling up the DagBag from /home/airflow/.local/lib/python3.7/site-packages/airflow/example_dags/example_xcomargs.py
[2023-06-08T19:14:01.617+0000] {processor.py:836} INFO - DAG(s) dict_keys(['example_xcom_args', 'example_xcom_args_with_operators']) retrieved from /home/airflow/.local/lib/python3.7/site-packages/airflow/example_dags/example_xcomargs.py
[2023-06-08T19:14:01.643+0000] {logging_mixin.py:149} INFO - [2023-06-08T19:14:01.643+0000] {dag.py:2726} INFO - Sync 2 DAGs
[2023-06-08T19:14:01.660+0000] {logging_mixin.py:149} INFO - [2023-06-08T19:14:01.660+0000] {dag.py:3490} INFO - Setting next_dagrun for example_xcom_args to None, run_after=None
[2023-06-08T19:14:01.662+0000] {logging_mixin.py:149} INFO - [2023-06-08T19:14:01.662+0000] {dag.py:3490} INFO - Setting next_dagrun for example_xcom_args_with_operators to None, run_after=None
[2023-06-08T19:14:01.672+0000] {processor.py:179} INFO - Processing /home/airflow/.local/lib/python3.7/site-packages/airflow/example_dags/example_xcomargs.py took 0.071 seconds
[2023-06-08T19:14:31.832+0000] {processor.py:157} INFO - Started process (PID=6425) to work on /home/airflow/.local/lib/python3.7/site-packages/airflow/example_dags/example_xcomargs.py
[2023-06-08T19:14:31.834+0000] {processor.py:826} INFO - Processing file /home/airflow/.local/lib/python3.7/site-packages/airflow/example_dags/example_xcomargs.py for tasks to queue
[2023-06-08T19:14:31.835+0000] {logging_mixin.py:149} INFO - [2023-06-08T19:14:31.835+0000] {dagbag.py:541} INFO - Filling up the DagBag from /home/airflow/.local/lib/python3.7/site-packages/airflow/example_dags/example_xcomargs.py
[2023-06-08T19:14:31.845+0000] {processor.py:836} INFO - DAG(s) dict_keys(['example_xcom_args', 'example_xcom_args_with_operators']) retrieved from /home/airflow/.local/lib/python3.7/site-packages/airflow/example_dags/example_xcomargs.py
[2023-06-08T19:14:31.873+0000] {logging_mixin.py:149} INFO - [2023-06-08T19:14:31.873+0000] {dag.py:2726} INFO - Sync 2 DAGs
[2023-06-08T19:14:31.890+0000] {logging_mixin.py:149} INFO - [2023-06-08T19:14:31.890+0000] {dag.py:3490} INFO - Setting next_dagrun for example_xcom_args to None, run_after=None
[2023-06-08T19:14:31.893+0000] {logging_mixin.py:149} INFO - [2023-06-08T19:14:31.893+0000] {dag.py:3490} INFO - Setting next_dagrun for example_xcom_args_with_operators to None, run_after=None
[2023-06-08T19:14:31.902+0000] {processor.py:179} INFO - Processing /home/airflow/.local/lib/python3.7/site-packages/airflow/example_dags/example_xcomargs.py took 0.075 seconds
[2023-06-08T19:15:02.063+0000] {processor.py:157} INFO - Started process (PID=6662) to work on /home/airflow/.local/lib/python3.7/site-packages/airflow/example_dags/example_xcomargs.py
[2023-06-08T19:15:02.065+0000] {processor.py:826} INFO - Processing file /home/airflow/.local/lib/python3.7/site-packages/airflow/example_dags/example_xcomargs.py for tasks to queue
[2023-06-08T19:15:02.066+0000] {logging_mixin.py:149} INFO - [2023-06-08T19:15:02.066+0000] {dagbag.py:541} INFO - Filling up the DagBag from /home/airflow/.local/lib/python3.7/site-packages/airflow/example_dags/example_xcomargs.py
[2023-06-08T19:15:02.075+0000] {processor.py:836} INFO - DAG(s) dict_keys(['example_xcom_args', 'example_xcom_args_with_operators']) retrieved from /home/airflow/.local/lib/python3.7/site-packages/airflow/example_dags/example_xcomargs.py
[2023-06-08T19:15:02.101+0000] {logging_mixin.py:149} INFO - [2023-06-08T19:15:02.101+0000] {dag.py:2726} INFO - Sync 2 DAGs
[2023-06-08T19:15:02.116+0000] {logging_mixin.py:149} INFO - [2023-06-08T19:15:02.116+0000] {dag.py:3490} INFO - Setting next_dagrun for example_xcom_args to None, run_after=None
[2023-06-08T19:15:02.118+0000] {logging_mixin.py:149} INFO - [2023-06-08T19:15:02.118+0000] {dag.py:3490} INFO - Setting next_dagrun for example_xcom_args_with_operators to None, run_after=None
[2023-06-08T19:15:02.127+0000] {processor.py:179} INFO - Processing /home/airflow/.local/lib/python3.7/site-packages/airflow/example_dags/example_xcomargs.py took 0.070 seconds
