[2023-06-08T19:01:24.461+0000] {processor.py:157} INFO - Started process (PID=194) to work on /home/airflow/.local/lib/python3.7/site-packages/airflow/example_dags/example_dag_decorator.py
[2023-06-08T19:01:24.462+0000] {processor.py:826} INFO - Processing file /home/airflow/.local/lib/python3.7/site-packages/airflow/example_dags/example_dag_decorator.py for tasks to queue
[2023-06-08T19:01:24.463+0000] {logging_mixin.py:149} INFO - [2023-06-08T19:01:24.463+0000] {dagbag.py:541} INFO - Filling up the DagBag from /home/airflow/.local/lib/python3.7/site-packages/airflow/example_dags/example_dag_decorator.py
[2023-06-08T19:01:24.468+0000] {logging_mixin.py:149} INFO - [2023-06-08T19:01:24.467+0000] {taskmixin.py:211} WARNING - Dependency <Task(_PythonDecoratedOperator): prepare_email>, send_email already registered for DAG: example_dag_decorator
[2023-06-08T19:01:24.468+0000] {logging_mixin.py:149} INFO - [2023-06-08T19:01:24.468+0000] {taskmixin.py:211} WARNING - Dependency <Task(EmailOperator): send_email>, prepare_email already registered for DAG: example_dag_decorator
[2023-06-08T19:01:24.477+0000] {processor.py:836} INFO - DAG(s) dict_keys(['example_dag_decorator']) retrieved from /home/airflow/.local/lib/python3.7/site-packages/airflow/example_dags/example_dag_decorator.py
[2023-06-08T19:01:24.487+0000] {logging_mixin.py:149} INFO - [2023-06-08T19:01:24.487+0000] {dag.py:2726} INFO - Sync 1 DAGs
[2023-06-08T19:01:24.505+0000] {logging_mixin.py:149} INFO - [2023-06-08T19:01:24.505+0000] {dag.py:3490} INFO - Setting next_dagrun for example_dag_decorator to None, run_after=None
[2023-06-08T19:01:24.516+0000] {processor.py:179} INFO - Processing /home/airflow/.local/lib/python3.7/site-packages/airflow/example_dags/example_dag_decorator.py took 0.057 seconds
[2023-06-08T19:01:55.379+0000] {processor.py:157} INFO - Started process (PID=431) to work on /home/airflow/.local/lib/python3.7/site-packages/airflow/example_dags/example_dag_decorator.py
[2023-06-08T19:01:55.380+0000] {processor.py:826} INFO - Processing file /home/airflow/.local/lib/python3.7/site-packages/airflow/example_dags/example_dag_decorator.py for tasks to queue
[2023-06-08T19:01:55.381+0000] {logging_mixin.py:149} INFO - [2023-06-08T19:01:55.381+0000] {dagbag.py:541} INFO - Filling up the DagBag from /home/airflow/.local/lib/python3.7/site-packages/airflow/example_dags/example_dag_decorator.py
[2023-06-08T19:01:55.386+0000] {logging_mixin.py:149} INFO - [2023-06-08T19:01:55.386+0000] {taskmixin.py:211} WARNING - Dependency <Task(_PythonDecoratedOperator): prepare_email>, send_email already registered for DAG: example_dag_decorator
[2023-06-08T19:01:55.386+0000] {logging_mixin.py:149} INFO - [2023-06-08T19:01:55.386+0000] {taskmixin.py:211} WARNING - Dependency <Task(EmailOperator): send_email>, prepare_email already registered for DAG: example_dag_decorator
[2023-06-08T19:01:55.392+0000] {processor.py:836} INFO - DAG(s) dict_keys(['example_dag_decorator']) retrieved from /home/airflow/.local/lib/python3.7/site-packages/airflow/example_dags/example_dag_decorator.py
[2023-06-08T19:01:55.498+0000] {logging_mixin.py:149} INFO - [2023-06-08T19:01:55.498+0000] {dag.py:2726} INFO - Sync 1 DAGs
[2023-06-08T19:01:55.511+0000] {logging_mixin.py:149} INFO - [2023-06-08T19:01:55.511+0000] {dag.py:3490} INFO - Setting next_dagrun for example_dag_decorator to None, run_after=None
[2023-06-08T19:01:55.521+0000] {processor.py:179} INFO - Processing /home/airflow/.local/lib/python3.7/site-packages/airflow/example_dags/example_dag_decorator.py took 0.144 seconds
[2023-06-08T19:02:25.613+0000] {processor.py:157} INFO - Started process (PID=673) to work on /home/airflow/.local/lib/python3.7/site-packages/airflow/example_dags/example_dag_decorator.py
[2023-06-08T19:02:25.614+0000] {processor.py:826} INFO - Processing file /home/airflow/.local/lib/python3.7/site-packages/airflow/example_dags/example_dag_decorator.py for tasks to queue
[2023-06-08T19:02:25.615+0000] {logging_mixin.py:149} INFO - [2023-06-08T19:02:25.614+0000] {dagbag.py:541} INFO - Filling up the DagBag from /home/airflow/.local/lib/python3.7/site-packages/airflow/example_dags/example_dag_decorator.py
[2023-06-08T19:02:25.619+0000] {logging_mixin.py:149} INFO - [2023-06-08T19:02:25.619+0000] {taskmixin.py:211} WARNING - Dependency <Task(_PythonDecoratedOperator): prepare_email>, send_email already registered for DAG: example_dag_decorator
[2023-06-08T19:02:25.620+0000] {logging_mixin.py:149} INFO - [2023-06-08T19:02:25.620+0000] {taskmixin.py:211} WARNING - Dependency <Task(EmailOperator): send_email>, prepare_email already registered for DAG: example_dag_decorator
[2023-06-08T19:02:25.624+0000] {processor.py:836} INFO - DAG(s) dict_keys(['example_dag_decorator']) retrieved from /home/airflow/.local/lib/python3.7/site-packages/airflow/example_dags/example_dag_decorator.py
[2023-06-08T19:02:25.661+0000] {logging_mixin.py:149} INFO - [2023-06-08T19:02:25.661+0000] {dag.py:2726} INFO - Sync 1 DAGs
[2023-06-08T19:02:25.673+0000] {logging_mixin.py:149} INFO - [2023-06-08T19:02:25.673+0000] {dag.py:3490} INFO - Setting next_dagrun for example_dag_decorator to None, run_after=None
[2023-06-08T19:02:25.684+0000] {processor.py:179} INFO - Processing /home/airflow/.local/lib/python3.7/site-packages/airflow/example_dags/example_dag_decorator.py took 0.074 seconds
[2023-06-08T19:02:55.831+0000] {processor.py:157} INFO - Started process (PID=953) to work on /home/airflow/.local/lib/python3.7/site-packages/airflow/example_dags/example_dag_decorator.py
[2023-06-08T19:02:55.832+0000] {processor.py:826} INFO - Processing file /home/airflow/.local/lib/python3.7/site-packages/airflow/example_dags/example_dag_decorator.py for tasks to queue
[2023-06-08T19:02:55.833+0000] {logging_mixin.py:149} INFO - [2023-06-08T19:02:55.833+0000] {dagbag.py:541} INFO - Filling up the DagBag from /home/airflow/.local/lib/python3.7/site-packages/airflow/example_dags/example_dag_decorator.py
[2023-06-08T19:02:55.838+0000] {logging_mixin.py:149} INFO - [2023-06-08T19:02:55.838+0000] {taskmixin.py:211} WARNING - Dependency <Task(_PythonDecoratedOperator): prepare_email>, send_email already registered for DAG: example_dag_decorator
[2023-06-08T19:02:55.839+0000] {logging_mixin.py:149} INFO - [2023-06-08T19:02:55.839+0000] {taskmixin.py:211} WARNING - Dependency <Task(EmailOperator): send_email>, prepare_email already registered for DAG: example_dag_decorator
[2023-06-08T19:02:55.844+0000] {processor.py:836} INFO - DAG(s) dict_keys(['example_dag_decorator']) retrieved from /home/airflow/.local/lib/python3.7/site-packages/airflow/example_dags/example_dag_decorator.py
[2023-06-08T19:02:55.881+0000] {logging_mixin.py:149} INFO - [2023-06-08T19:02:55.881+0000] {dag.py:2726} INFO - Sync 1 DAGs
[2023-06-08T19:02:55.893+0000] {logging_mixin.py:149} INFO - [2023-06-08T19:02:55.893+0000] {dag.py:3490} INFO - Setting next_dagrun for example_dag_decorator to None, run_after=None
[2023-06-08T19:02:55.904+0000] {processor.py:179} INFO - Processing /home/airflow/.local/lib/python3.7/site-packages/airflow/example_dags/example_dag_decorator.py took 0.075 seconds
[2023-06-08T19:03:26.073+0000] {processor.py:157} INFO - Started process (PID=1238) to work on /home/airflow/.local/lib/python3.7/site-packages/airflow/example_dags/example_dag_decorator.py
[2023-06-08T19:03:26.074+0000] {processor.py:826} INFO - Processing file /home/airflow/.local/lib/python3.7/site-packages/airflow/example_dags/example_dag_decorator.py for tasks to queue
[2023-06-08T19:03:26.074+0000] {logging_mixin.py:149} INFO - [2023-06-08T19:03:26.074+0000] {dagbag.py:541} INFO - Filling up the DagBag from /home/airflow/.local/lib/python3.7/site-packages/airflow/example_dags/example_dag_decorator.py
[2023-06-08T19:03:26.079+0000] {logging_mixin.py:149} INFO - [2023-06-08T19:03:26.079+0000] {taskmixin.py:211} WARNING - Dependency <Task(_PythonDecoratedOperator): prepare_email>, send_email already registered for DAG: example_dag_decorator
[2023-06-08T19:03:26.079+0000] {logging_mixin.py:149} INFO - [2023-06-08T19:03:26.079+0000] {taskmixin.py:211} WARNING - Dependency <Task(EmailOperator): send_email>, prepare_email already registered for DAG: example_dag_decorator
[2023-06-08T19:03:26.085+0000] {processor.py:836} INFO - DAG(s) dict_keys(['example_dag_decorator']) retrieved from /home/airflow/.local/lib/python3.7/site-packages/airflow/example_dags/example_dag_decorator.py
[2023-06-08T19:03:26.122+0000] {logging_mixin.py:149} INFO - [2023-06-08T19:03:26.122+0000] {dag.py:2726} INFO - Sync 1 DAGs
[2023-06-08T19:03:26.135+0000] {logging_mixin.py:149} INFO - [2023-06-08T19:03:26.135+0000] {dag.py:3490} INFO - Setting next_dagrun for example_dag_decorator to None, run_after=None
[2023-06-08T19:03:26.145+0000] {processor.py:179} INFO - Processing /home/airflow/.local/lib/python3.7/site-packages/airflow/example_dags/example_dag_decorator.py took 0.075 seconds
[2023-06-08T19:03:56.330+0000] {processor.py:157} INFO - Started process (PID=1476) to work on /home/airflow/.local/lib/python3.7/site-packages/airflow/example_dags/example_dag_decorator.py
[2023-06-08T19:03:56.331+0000] {processor.py:826} INFO - Processing file /home/airflow/.local/lib/python3.7/site-packages/airflow/example_dags/example_dag_decorator.py for tasks to queue
[2023-06-08T19:03:56.331+0000] {logging_mixin.py:149} INFO - [2023-06-08T19:03:56.331+0000] {dagbag.py:541} INFO - Filling up the DagBag from /home/airflow/.local/lib/python3.7/site-packages/airflow/example_dags/example_dag_decorator.py
[2023-06-08T19:03:56.336+0000] {logging_mixin.py:149} INFO - [2023-06-08T19:03:56.336+0000] {taskmixin.py:211} WARNING - Dependency <Task(_PythonDecoratedOperator): prepare_email>, send_email already registered for DAG: example_dag_decorator
[2023-06-08T19:03:56.336+0000] {logging_mixin.py:149} INFO - [2023-06-08T19:03:56.336+0000] {taskmixin.py:211} WARNING - Dependency <Task(EmailOperator): send_email>, prepare_email already registered for DAG: example_dag_decorator
[2023-06-08T19:03:56.341+0000] {processor.py:836} INFO - DAG(s) dict_keys(['example_dag_decorator']) retrieved from /home/airflow/.local/lib/python3.7/site-packages/airflow/example_dags/example_dag_decorator.py
[2023-06-08T19:03:56.379+0000] {logging_mixin.py:149} INFO - [2023-06-08T19:03:56.379+0000] {dag.py:2726} INFO - Sync 1 DAGs
[2023-06-08T19:03:56.392+0000] {logging_mixin.py:149} INFO - [2023-06-08T19:03:56.392+0000] {dag.py:3490} INFO - Setting next_dagrun for example_dag_decorator to None, run_after=None
[2023-06-08T19:03:56.402+0000] {processor.py:179} INFO - Processing /home/airflow/.local/lib/python3.7/site-packages/airflow/example_dags/example_dag_decorator.py took 0.075 seconds
[2023-06-08T19:04:26.520+0000] {processor.py:157} INFO - Started process (PID=1713) to work on /home/airflow/.local/lib/python3.7/site-packages/airflow/example_dags/example_dag_decorator.py
[2023-06-08T19:04:26.521+0000] {processor.py:826} INFO - Processing file /home/airflow/.local/lib/python3.7/site-packages/airflow/example_dags/example_dag_decorator.py for tasks to queue
[2023-06-08T19:04:26.522+0000] {logging_mixin.py:149} INFO - [2023-06-08T19:04:26.522+0000] {dagbag.py:541} INFO - Filling up the DagBag from /home/airflow/.local/lib/python3.7/site-packages/airflow/example_dags/example_dag_decorator.py
[2023-06-08T19:04:26.527+0000] {logging_mixin.py:149} INFO - [2023-06-08T19:04:26.527+0000] {taskmixin.py:211} WARNING - Dependency <Task(_PythonDecoratedOperator): prepare_email>, send_email already registered for DAG: example_dag_decorator
[2023-06-08T19:04:26.527+0000] {logging_mixin.py:149} INFO - [2023-06-08T19:04:26.527+0000] {taskmixin.py:211} WARNING - Dependency <Task(EmailOperator): send_email>, prepare_email already registered for DAG: example_dag_decorator
[2023-06-08T19:04:26.532+0000] {processor.py:836} INFO - DAG(s) dict_keys(['example_dag_decorator']) retrieved from /home/airflow/.local/lib/python3.7/site-packages/airflow/example_dags/example_dag_decorator.py
[2023-06-08T19:04:26.569+0000] {logging_mixin.py:149} INFO - [2023-06-08T19:04:26.569+0000] {dag.py:2726} INFO - Sync 1 DAGs
[2023-06-08T19:04:26.582+0000] {logging_mixin.py:149} INFO - [2023-06-08T19:04:26.582+0000] {dag.py:3490} INFO - Setting next_dagrun for example_dag_decorator to None, run_after=None
[2023-06-08T19:04:26.597+0000] {processor.py:179} INFO - Processing /home/airflow/.local/lib/python3.7/site-packages/airflow/example_dags/example_dag_decorator.py took 0.079 seconds
[2023-06-08T19:04:56.832+0000] {processor.py:157} INFO - Started process (PID=1948) to work on /home/airflow/.local/lib/python3.7/site-packages/airflow/example_dags/example_dag_decorator.py
[2023-06-08T19:04:56.834+0000] {processor.py:826} INFO - Processing file /home/airflow/.local/lib/python3.7/site-packages/airflow/example_dags/example_dag_decorator.py for tasks to queue
[2023-06-08T19:04:56.834+0000] {logging_mixin.py:149} INFO - [2023-06-08T19:04:56.834+0000] {dagbag.py:541} INFO - Filling up the DagBag from /home/airflow/.local/lib/python3.7/site-packages/airflow/example_dags/example_dag_decorator.py
[2023-06-08T19:04:56.839+0000] {logging_mixin.py:149} INFO - [2023-06-08T19:04:56.839+0000] {taskmixin.py:211} WARNING - Dependency <Task(_PythonDecoratedOperator): prepare_email>, send_email already registered for DAG: example_dag_decorator
[2023-06-08T19:04:56.839+0000] {logging_mixin.py:149} INFO - [2023-06-08T19:04:56.839+0000] {taskmixin.py:211} WARNING - Dependency <Task(EmailOperator): send_email>, prepare_email already registered for DAG: example_dag_decorator
[2023-06-08T19:04:56.844+0000] {processor.py:836} INFO - DAG(s) dict_keys(['example_dag_decorator']) retrieved from /home/airflow/.local/lib/python3.7/site-packages/airflow/example_dags/example_dag_decorator.py
[2023-06-08T19:04:56.883+0000] {logging_mixin.py:149} INFO - [2023-06-08T19:04:56.882+0000] {dag.py:2726} INFO - Sync 1 DAGs
[2023-06-08T19:04:56.896+0000] {logging_mixin.py:149} INFO - [2023-06-08T19:04:56.896+0000] {dag.py:3490} INFO - Setting next_dagrun for example_dag_decorator to None, run_after=None
[2023-06-08T19:04:56.905+0000] {processor.py:179} INFO - Processing /home/airflow/.local/lib/python3.7/site-packages/airflow/example_dags/example_dag_decorator.py took 0.075 seconds
[2023-06-08T19:05:27.087+0000] {processor.py:157} INFO - Started process (PID=2185) to work on /home/airflow/.local/lib/python3.7/site-packages/airflow/example_dags/example_dag_decorator.py
[2023-06-08T19:05:27.088+0000] {processor.py:826} INFO - Processing file /home/airflow/.local/lib/python3.7/site-packages/airflow/example_dags/example_dag_decorator.py for tasks to queue
[2023-06-08T19:05:27.089+0000] {logging_mixin.py:149} INFO - [2023-06-08T19:05:27.089+0000] {dagbag.py:541} INFO - Filling up the DagBag from /home/airflow/.local/lib/python3.7/site-packages/airflow/example_dags/example_dag_decorator.py
[2023-06-08T19:05:27.093+0000] {logging_mixin.py:149} INFO - [2023-06-08T19:05:27.093+0000] {taskmixin.py:211} WARNING - Dependency <Task(_PythonDecoratedOperator): prepare_email>, send_email already registered for DAG: example_dag_decorator
[2023-06-08T19:05:27.093+0000] {logging_mixin.py:149} INFO - [2023-06-08T19:05:27.093+0000] {taskmixin.py:211} WARNING - Dependency <Task(EmailOperator): send_email>, prepare_email already registered for DAG: example_dag_decorator
[2023-06-08T19:05:27.099+0000] {processor.py:836} INFO - DAG(s) dict_keys(['example_dag_decorator']) retrieved from /home/airflow/.local/lib/python3.7/site-packages/airflow/example_dags/example_dag_decorator.py
[2023-06-08T19:05:27.137+0000] {logging_mixin.py:149} INFO - [2023-06-08T19:05:27.137+0000] {dag.py:2726} INFO - Sync 1 DAGs
[2023-06-08T19:05:27.151+0000] {logging_mixin.py:149} INFO - [2023-06-08T19:05:27.151+0000] {dag.py:3490} INFO - Setting next_dagrun for example_dag_decorator to None, run_after=None
[2023-06-08T19:05:27.161+0000] {processor.py:179} INFO - Processing /home/airflow/.local/lib/python3.7/site-packages/airflow/example_dags/example_dag_decorator.py took 0.077 seconds
[2023-06-08T19:05:57.434+0000] {processor.py:157} INFO - Started process (PID=2422) to work on /home/airflow/.local/lib/python3.7/site-packages/airflow/example_dags/example_dag_decorator.py
[2023-06-08T19:05:57.435+0000] {processor.py:826} INFO - Processing file /home/airflow/.local/lib/python3.7/site-packages/airflow/example_dags/example_dag_decorator.py for tasks to queue
[2023-06-08T19:05:57.436+0000] {logging_mixin.py:149} INFO - [2023-06-08T19:05:57.436+0000] {dagbag.py:541} INFO - Filling up the DagBag from /home/airflow/.local/lib/python3.7/site-packages/airflow/example_dags/example_dag_decorator.py
[2023-06-08T19:05:57.441+0000] {logging_mixin.py:149} INFO - [2023-06-08T19:05:57.440+0000] {taskmixin.py:211} WARNING - Dependency <Task(_PythonDecoratedOperator): prepare_email>, send_email already registered for DAG: example_dag_decorator
[2023-06-08T19:05:57.441+0000] {logging_mixin.py:149} INFO - [2023-06-08T19:05:57.441+0000] {taskmixin.py:211} WARNING - Dependency <Task(EmailOperator): send_email>, prepare_email already registered for DAG: example_dag_decorator
[2023-06-08T19:05:57.446+0000] {processor.py:836} INFO - DAG(s) dict_keys(['example_dag_decorator']) retrieved from /home/airflow/.local/lib/python3.7/site-packages/airflow/example_dags/example_dag_decorator.py
[2023-06-08T19:05:57.485+0000] {logging_mixin.py:149} INFO - [2023-06-08T19:05:57.485+0000] {dag.py:2726} INFO - Sync 1 DAGs
[2023-06-08T19:05:57.498+0000] {logging_mixin.py:149} INFO - [2023-06-08T19:05:57.498+0000] {dag.py:3490} INFO - Setting next_dagrun for example_dag_decorator to None, run_after=None
[2023-06-08T19:05:57.508+0000] {processor.py:179} INFO - Processing /home/airflow/.local/lib/python3.7/site-packages/airflow/example_dags/example_dag_decorator.py took 0.077 seconds
[2023-06-08T19:06:27.783+0000] {processor.py:157} INFO - Started process (PID=2661) to work on /home/airflow/.local/lib/python3.7/site-packages/airflow/example_dags/example_dag_decorator.py
[2023-06-08T19:06:27.784+0000] {processor.py:826} INFO - Processing file /home/airflow/.local/lib/python3.7/site-packages/airflow/example_dags/example_dag_decorator.py for tasks to queue
[2023-06-08T19:06:27.785+0000] {logging_mixin.py:149} INFO - [2023-06-08T19:06:27.785+0000] {dagbag.py:541} INFO - Filling up the DagBag from /home/airflow/.local/lib/python3.7/site-packages/airflow/example_dags/example_dag_decorator.py
[2023-06-08T19:06:27.790+0000] {logging_mixin.py:149} INFO - [2023-06-08T19:06:27.790+0000] {taskmixin.py:211} WARNING - Dependency <Task(_PythonDecoratedOperator): prepare_email>, send_email already registered for DAG: example_dag_decorator
[2023-06-08T19:06:27.790+0000] {logging_mixin.py:149} INFO - [2023-06-08T19:06:27.790+0000] {taskmixin.py:211} WARNING - Dependency <Task(EmailOperator): send_email>, prepare_email already registered for DAG: example_dag_decorator
[2023-06-08T19:06:27.795+0000] {processor.py:836} INFO - DAG(s) dict_keys(['example_dag_decorator']) retrieved from /home/airflow/.local/lib/python3.7/site-packages/airflow/example_dags/example_dag_decorator.py
[2023-06-08T19:06:27.834+0000] {logging_mixin.py:149} INFO - [2023-06-08T19:06:27.833+0000] {dag.py:2726} INFO - Sync 1 DAGs
[2023-06-08T19:06:27.846+0000] {logging_mixin.py:149} INFO - [2023-06-08T19:06:27.846+0000] {dag.py:3490} INFO - Setting next_dagrun for example_dag_decorator to None, run_after=None
[2023-06-08T19:06:27.858+0000] {processor.py:179} INFO - Processing /home/airflow/.local/lib/python3.7/site-packages/airflow/example_dags/example_dag_decorator.py took 0.077 seconds
[2023-06-08T19:06:58.019+0000] {processor.py:157} INFO - Started process (PID=2896) to work on /home/airflow/.local/lib/python3.7/site-packages/airflow/example_dags/example_dag_decorator.py
[2023-06-08T19:06:58.021+0000] {processor.py:826} INFO - Processing file /home/airflow/.local/lib/python3.7/site-packages/airflow/example_dags/example_dag_decorator.py for tasks to queue
[2023-06-08T19:06:58.021+0000] {logging_mixin.py:149} INFO - [2023-06-08T19:06:58.021+0000] {dagbag.py:541} INFO - Filling up the DagBag from /home/airflow/.local/lib/python3.7/site-packages/airflow/example_dags/example_dag_decorator.py
[2023-06-08T19:06:58.026+0000] {logging_mixin.py:149} INFO - [2023-06-08T19:06:58.026+0000] {taskmixin.py:211} WARNING - Dependency <Task(_PythonDecoratedOperator): prepare_email>, send_email already registered for DAG: example_dag_decorator
[2023-06-08T19:06:58.027+0000] {logging_mixin.py:149} INFO - [2023-06-08T19:06:58.027+0000] {taskmixin.py:211} WARNING - Dependency <Task(EmailOperator): send_email>, prepare_email already registered for DAG: example_dag_decorator
[2023-06-08T19:06:58.032+0000] {processor.py:836} INFO - DAG(s) dict_keys(['example_dag_decorator']) retrieved from /home/airflow/.local/lib/python3.7/site-packages/airflow/example_dags/example_dag_decorator.py
[2023-06-08T19:06:58.071+0000] {logging_mixin.py:149} INFO - [2023-06-08T19:06:58.071+0000] {dag.py:2726} INFO - Sync 1 DAGs
[2023-06-08T19:06:58.084+0000] {logging_mixin.py:149} INFO - [2023-06-08T19:06:58.084+0000] {dag.py:3490} INFO - Setting next_dagrun for example_dag_decorator to None, run_after=None
[2023-06-08T19:06:58.093+0000] {processor.py:179} INFO - Processing /home/airflow/.local/lib/python3.7/site-packages/airflow/example_dags/example_dag_decorator.py took 0.076 seconds
[2023-06-08T19:07:28.369+0000] {processor.py:157} INFO - Started process (PID=3135) to work on /home/airflow/.local/lib/python3.7/site-packages/airflow/example_dags/example_dag_decorator.py
[2023-06-08T19:07:28.370+0000] {processor.py:826} INFO - Processing file /home/airflow/.local/lib/python3.7/site-packages/airflow/example_dags/example_dag_decorator.py for tasks to queue
[2023-06-08T19:07:28.371+0000] {logging_mixin.py:149} INFO - [2023-06-08T19:07:28.371+0000] {dagbag.py:541} INFO - Filling up the DagBag from /home/airflow/.local/lib/python3.7/site-packages/airflow/example_dags/example_dag_decorator.py
[2023-06-08T19:07:28.375+0000] {logging_mixin.py:149} INFO - [2023-06-08T19:07:28.375+0000] {taskmixin.py:211} WARNING - Dependency <Task(_PythonDecoratedOperator): prepare_email>, send_email already registered for DAG: example_dag_decorator
[2023-06-08T19:07:28.375+0000] {logging_mixin.py:149} INFO - [2023-06-08T19:07:28.375+0000] {taskmixin.py:211} WARNING - Dependency <Task(EmailOperator): send_email>, prepare_email already registered for DAG: example_dag_decorator
[2023-06-08T19:07:28.381+0000] {processor.py:836} INFO - DAG(s) dict_keys(['example_dag_decorator']) retrieved from /home/airflow/.local/lib/python3.7/site-packages/airflow/example_dags/example_dag_decorator.py
[2023-06-08T19:07:28.419+0000] {logging_mixin.py:149} INFO - [2023-06-08T19:07:28.419+0000] {dag.py:2726} INFO - Sync 1 DAGs
[2023-06-08T19:07:28.432+0000] {logging_mixin.py:149} INFO - [2023-06-08T19:07:28.432+0000] {dag.py:3490} INFO - Setting next_dagrun for example_dag_decorator to None, run_after=None
[2023-06-08T19:07:28.444+0000] {processor.py:179} INFO - Processing /home/airflow/.local/lib/python3.7/site-packages/airflow/example_dags/example_dag_decorator.py took 0.077 seconds
[2023-06-08T19:07:58.668+0000] {processor.py:157} INFO - Started process (PID=3372) to work on /home/airflow/.local/lib/python3.7/site-packages/airflow/example_dags/example_dag_decorator.py
[2023-06-08T19:07:58.669+0000] {processor.py:826} INFO - Processing file /home/airflow/.local/lib/python3.7/site-packages/airflow/example_dags/example_dag_decorator.py for tasks to queue
[2023-06-08T19:07:58.670+0000] {logging_mixin.py:149} INFO - [2023-06-08T19:07:58.670+0000] {dagbag.py:541} INFO - Filling up the DagBag from /home/airflow/.local/lib/python3.7/site-packages/airflow/example_dags/example_dag_decorator.py
[2023-06-08T19:07:58.674+0000] {logging_mixin.py:149} INFO - [2023-06-08T19:07:58.674+0000] {taskmixin.py:211} WARNING - Dependency <Task(_PythonDecoratedOperator): prepare_email>, send_email already registered for DAG: example_dag_decorator
[2023-06-08T19:07:58.675+0000] {logging_mixin.py:149} INFO - [2023-06-08T19:07:58.675+0000] {taskmixin.py:211} WARNING - Dependency <Task(EmailOperator): send_email>, prepare_email already registered for DAG: example_dag_decorator
[2023-06-08T19:07:58.680+0000] {processor.py:836} INFO - DAG(s) dict_keys(['example_dag_decorator']) retrieved from /home/airflow/.local/lib/python3.7/site-packages/airflow/example_dags/example_dag_decorator.py
[2023-06-08T19:07:58.719+0000] {logging_mixin.py:149} INFO - [2023-06-08T19:07:58.719+0000] {dag.py:2726} INFO - Sync 1 DAGs
[2023-06-08T19:07:58.732+0000] {logging_mixin.py:149} INFO - [2023-06-08T19:07:58.732+0000] {dag.py:3490} INFO - Setting next_dagrun for example_dag_decorator to None, run_after=None
[2023-06-08T19:07:58.743+0000] {processor.py:179} INFO - Processing /home/airflow/.local/lib/python3.7/site-packages/airflow/example_dags/example_dag_decorator.py took 0.077 seconds
[2023-06-08T19:08:28.916+0000] {processor.py:157} INFO - Started process (PID=3607) to work on /home/airflow/.local/lib/python3.7/site-packages/airflow/example_dags/example_dag_decorator.py
[2023-06-08T19:08:28.917+0000] {processor.py:826} INFO - Processing file /home/airflow/.local/lib/python3.7/site-packages/airflow/example_dags/example_dag_decorator.py for tasks to queue
[2023-06-08T19:08:28.918+0000] {logging_mixin.py:149} INFO - [2023-06-08T19:08:28.918+0000] {dagbag.py:541} INFO - Filling up the DagBag from /home/airflow/.local/lib/python3.7/site-packages/airflow/example_dags/example_dag_decorator.py
[2023-06-08T19:08:28.922+0000] {logging_mixin.py:149} INFO - [2023-06-08T19:08:28.922+0000] {taskmixin.py:211} WARNING - Dependency <Task(_PythonDecoratedOperator): prepare_email>, send_email already registered for DAG: example_dag_decorator
[2023-06-08T19:08:28.922+0000] {logging_mixin.py:149} INFO - [2023-06-08T19:08:28.922+0000] {taskmixin.py:211} WARNING - Dependency <Task(EmailOperator): send_email>, prepare_email already registered for DAG: example_dag_decorator
[2023-06-08T19:08:28.928+0000] {processor.py:836} INFO - DAG(s) dict_keys(['example_dag_decorator']) retrieved from /home/airflow/.local/lib/python3.7/site-packages/airflow/example_dags/example_dag_decorator.py
[2023-06-08T19:08:28.967+0000] {logging_mixin.py:149} INFO - [2023-06-08T19:08:28.967+0000] {dag.py:2726} INFO - Sync 1 DAGs
[2023-06-08T19:08:28.980+0000] {logging_mixin.py:149} INFO - [2023-06-08T19:08:28.980+0000] {dag.py:3490} INFO - Setting next_dagrun for example_dag_decorator to None, run_after=None
[2023-06-08T19:08:28.990+0000] {processor.py:179} INFO - Processing /home/airflow/.local/lib/python3.7/site-packages/airflow/example_dags/example_dag_decorator.py took 0.077 seconds
[2023-06-08T19:08:59.276+0000] {processor.py:157} INFO - Started process (PID=3844) to work on /home/airflow/.local/lib/python3.7/site-packages/airflow/example_dags/example_dag_decorator.py
[2023-06-08T19:08:59.277+0000] {processor.py:826} INFO - Processing file /home/airflow/.local/lib/python3.7/site-packages/airflow/example_dags/example_dag_decorator.py for tasks to queue
[2023-06-08T19:08:59.278+0000] {logging_mixin.py:149} INFO - [2023-06-08T19:08:59.278+0000] {dagbag.py:541} INFO - Filling up the DagBag from /home/airflow/.local/lib/python3.7/site-packages/airflow/example_dags/example_dag_decorator.py
[2023-06-08T19:08:59.282+0000] {logging_mixin.py:149} INFO - [2023-06-08T19:08:59.282+0000] {taskmixin.py:211} WARNING - Dependency <Task(_PythonDecoratedOperator): prepare_email>, send_email already registered for DAG: example_dag_decorator
[2023-06-08T19:08:59.282+0000] {logging_mixin.py:149} INFO - [2023-06-08T19:08:59.282+0000] {taskmixin.py:211} WARNING - Dependency <Task(EmailOperator): send_email>, prepare_email already registered for DAG: example_dag_decorator
[2023-06-08T19:08:59.288+0000] {processor.py:836} INFO - DAG(s) dict_keys(['example_dag_decorator']) retrieved from /home/airflow/.local/lib/python3.7/site-packages/airflow/example_dags/example_dag_decorator.py
[2023-06-08T19:08:59.326+0000] {logging_mixin.py:149} INFO - [2023-06-08T19:08:59.326+0000] {dag.py:2726} INFO - Sync 1 DAGs
[2023-06-08T19:08:59.339+0000] {logging_mixin.py:149} INFO - [2023-06-08T19:08:59.339+0000] {dag.py:3490} INFO - Setting next_dagrun for example_dag_decorator to None, run_after=None
[2023-06-08T19:08:59.349+0000] {processor.py:179} INFO - Processing /home/airflow/.local/lib/python3.7/site-packages/airflow/example_dags/example_dag_decorator.py took 0.075 seconds
[2023-06-08T19:09:29.482+0000] {processor.py:157} INFO - Started process (PID=4083) to work on /home/airflow/.local/lib/python3.7/site-packages/airflow/example_dags/example_dag_decorator.py
[2023-06-08T19:09:29.483+0000] {processor.py:826} INFO - Processing file /home/airflow/.local/lib/python3.7/site-packages/airflow/example_dags/example_dag_decorator.py for tasks to queue
[2023-06-08T19:09:29.484+0000] {logging_mixin.py:149} INFO - [2023-06-08T19:09:29.484+0000] {dagbag.py:541} INFO - Filling up the DagBag from /home/airflow/.local/lib/python3.7/site-packages/airflow/example_dags/example_dag_decorator.py
[2023-06-08T19:09:29.489+0000] {logging_mixin.py:149} INFO - [2023-06-08T19:09:29.488+0000] {taskmixin.py:211} WARNING - Dependency <Task(_PythonDecoratedOperator): prepare_email>, send_email already registered for DAG: example_dag_decorator
[2023-06-08T19:09:29.489+0000] {logging_mixin.py:149} INFO - [2023-06-08T19:09:29.489+0000] {taskmixin.py:211} WARNING - Dependency <Task(EmailOperator): send_email>, prepare_email already registered for DAG: example_dag_decorator
[2023-06-08T19:09:29.494+0000] {processor.py:836} INFO - DAG(s) dict_keys(['example_dag_decorator']) retrieved from /home/airflow/.local/lib/python3.7/site-packages/airflow/example_dags/example_dag_decorator.py
[2023-06-08T19:09:29.533+0000] {logging_mixin.py:149} INFO - [2023-06-08T19:09:29.533+0000] {dag.py:2726} INFO - Sync 1 DAGs
[2023-06-08T19:09:29.545+0000] {logging_mixin.py:149} INFO - [2023-06-08T19:09:29.545+0000] {dag.py:3490} INFO - Setting next_dagrun for example_dag_decorator to None, run_after=None
[2023-06-08T19:09:29.556+0000] {processor.py:179} INFO - Processing /home/airflow/.local/lib/python3.7/site-packages/airflow/example_dags/example_dag_decorator.py took 0.077 seconds
[2023-06-08T19:09:59.704+0000] {processor.py:157} INFO - Started process (PID=4320) to work on /home/airflow/.local/lib/python3.7/site-packages/airflow/example_dags/example_dag_decorator.py
[2023-06-08T19:09:59.705+0000] {processor.py:826} INFO - Processing file /home/airflow/.local/lib/python3.7/site-packages/airflow/example_dags/example_dag_decorator.py for tasks to queue
[2023-06-08T19:09:59.705+0000] {logging_mixin.py:149} INFO - [2023-06-08T19:09:59.705+0000] {dagbag.py:541} INFO - Filling up the DagBag from /home/airflow/.local/lib/python3.7/site-packages/airflow/example_dags/example_dag_decorator.py
[2023-06-08T19:09:59.710+0000] {logging_mixin.py:149} INFO - [2023-06-08T19:09:59.710+0000] {taskmixin.py:211} WARNING - Dependency <Task(_PythonDecoratedOperator): prepare_email>, send_email already registered for DAG: example_dag_decorator
[2023-06-08T19:09:59.710+0000] {logging_mixin.py:149} INFO - [2023-06-08T19:09:59.710+0000] {taskmixin.py:211} WARNING - Dependency <Task(EmailOperator): send_email>, prepare_email already registered for DAG: example_dag_decorator
[2023-06-08T19:09:59.715+0000] {processor.py:836} INFO - DAG(s) dict_keys(['example_dag_decorator']) retrieved from /home/airflow/.local/lib/python3.7/site-packages/airflow/example_dags/example_dag_decorator.py
[2023-06-08T19:09:59.755+0000] {logging_mixin.py:149} INFO - [2023-06-08T19:09:59.755+0000] {dag.py:2726} INFO - Sync 1 DAGs
[2023-06-08T19:09:59.768+0000] {logging_mixin.py:149} INFO - [2023-06-08T19:09:59.768+0000] {dag.py:3490} INFO - Setting next_dagrun for example_dag_decorator to None, run_after=None
[2023-06-08T19:09:59.779+0000] {processor.py:179} INFO - Processing /home/airflow/.local/lib/python3.7/site-packages/airflow/example_dags/example_dag_decorator.py took 0.077 seconds
[2023-06-08T19:10:29.997+0000] {processor.py:157} INFO - Started process (PID=4555) to work on /home/airflow/.local/lib/python3.7/site-packages/airflow/example_dags/example_dag_decorator.py
[2023-06-08T19:10:29.998+0000] {processor.py:826} INFO - Processing file /home/airflow/.local/lib/python3.7/site-packages/airflow/example_dags/example_dag_decorator.py for tasks to queue
[2023-06-08T19:10:29.999+0000] {logging_mixin.py:149} INFO - [2023-06-08T19:10:29.999+0000] {dagbag.py:541} INFO - Filling up the DagBag from /home/airflow/.local/lib/python3.7/site-packages/airflow/example_dags/example_dag_decorator.py
[2023-06-08T19:10:30.004+0000] {logging_mixin.py:149} INFO - [2023-06-08T19:10:30.004+0000] {taskmixin.py:211} WARNING - Dependency <Task(_PythonDecoratedOperator): prepare_email>, send_email already registered for DAG: example_dag_decorator
[2023-06-08T19:10:30.004+0000] {logging_mixin.py:149} INFO - [2023-06-08T19:10:30.004+0000] {taskmixin.py:211} WARNING - Dependency <Task(EmailOperator): send_email>, prepare_email already registered for DAG: example_dag_decorator
[2023-06-08T19:10:30.010+0000] {processor.py:836} INFO - DAG(s) dict_keys(['example_dag_decorator']) retrieved from /home/airflow/.local/lib/python3.7/site-packages/airflow/example_dags/example_dag_decorator.py
[2023-06-08T19:10:30.048+0000] {logging_mixin.py:149} INFO - [2023-06-08T19:10:30.048+0000] {dag.py:2726} INFO - Sync 1 DAGs
[2023-06-08T19:10:30.062+0000] {logging_mixin.py:149} INFO - [2023-06-08T19:10:30.061+0000] {dag.py:3490} INFO - Setting next_dagrun for example_dag_decorator to None, run_after=None
[2023-06-08T19:10:30.072+0000] {processor.py:179} INFO - Processing /home/airflow/.local/lib/python3.7/site-packages/airflow/example_dags/example_dag_decorator.py took 0.077 seconds
[2023-06-08T19:11:00.266+0000] {processor.py:157} INFO - Started process (PID=4794) to work on /home/airflow/.local/lib/python3.7/site-packages/airflow/example_dags/example_dag_decorator.py
[2023-06-08T19:11:00.267+0000] {processor.py:826} INFO - Processing file /home/airflow/.local/lib/python3.7/site-packages/airflow/example_dags/example_dag_decorator.py for tasks to queue
[2023-06-08T19:11:00.268+0000] {logging_mixin.py:149} INFO - [2023-06-08T19:11:00.268+0000] {dagbag.py:541} INFO - Filling up the DagBag from /home/airflow/.local/lib/python3.7/site-packages/airflow/example_dags/example_dag_decorator.py
[2023-06-08T19:11:00.272+0000] {logging_mixin.py:149} INFO - [2023-06-08T19:11:00.272+0000] {taskmixin.py:211} WARNING - Dependency <Task(_PythonDecoratedOperator): prepare_email>, send_email already registered for DAG: example_dag_decorator
[2023-06-08T19:11:00.273+0000] {logging_mixin.py:149} INFO - [2023-06-08T19:11:00.273+0000] {taskmixin.py:211} WARNING - Dependency <Task(EmailOperator): send_email>, prepare_email already registered for DAG: example_dag_decorator
[2023-06-08T19:11:00.278+0000] {processor.py:836} INFO - DAG(s) dict_keys(['example_dag_decorator']) retrieved from /home/airflow/.local/lib/python3.7/site-packages/airflow/example_dags/example_dag_decorator.py
[2023-06-08T19:11:00.316+0000] {logging_mixin.py:149} INFO - [2023-06-08T19:11:00.316+0000] {dag.py:2726} INFO - Sync 1 DAGs
[2023-06-08T19:11:00.330+0000] {logging_mixin.py:149} INFO - [2023-06-08T19:11:00.330+0000] {dag.py:3490} INFO - Setting next_dagrun for example_dag_decorator to None, run_after=None
[2023-06-08T19:11:00.340+0000] {processor.py:179} INFO - Processing /home/airflow/.local/lib/python3.7/site-packages/airflow/example_dags/example_dag_decorator.py took 0.076 seconds
[2023-06-08T19:11:30.567+0000] {processor.py:157} INFO - Started process (PID=5029) to work on /home/airflow/.local/lib/python3.7/site-packages/airflow/example_dags/example_dag_decorator.py
[2023-06-08T19:11:30.571+0000] {processor.py:826} INFO - Processing file /home/airflow/.local/lib/python3.7/site-packages/airflow/example_dags/example_dag_decorator.py for tasks to queue
[2023-06-08T19:11:30.575+0000] {logging_mixin.py:149} INFO - [2023-06-08T19:11:30.575+0000] {dagbag.py:541} INFO - Filling up the DagBag from /home/airflow/.local/lib/python3.7/site-packages/airflow/example_dags/example_dag_decorator.py
[2023-06-08T19:11:30.580+0000] {logging_mixin.py:149} INFO - [2023-06-08T19:11:30.580+0000] {taskmixin.py:211} WARNING - Dependency <Task(_PythonDecoratedOperator): prepare_email>, send_email already registered for DAG: example_dag_decorator
[2023-06-08T19:11:30.580+0000] {logging_mixin.py:149} INFO - [2023-06-08T19:11:30.580+0000] {taskmixin.py:211} WARNING - Dependency <Task(EmailOperator): send_email>, prepare_email already registered for DAG: example_dag_decorator
[2023-06-08T19:11:30.585+0000] {processor.py:836} INFO - DAG(s) dict_keys(['example_dag_decorator']) retrieved from /home/airflow/.local/lib/python3.7/site-packages/airflow/example_dags/example_dag_decorator.py
[2023-06-08T19:11:30.625+0000] {logging_mixin.py:149} INFO - [2023-06-08T19:11:30.625+0000] {dag.py:2726} INFO - Sync 1 DAGs
[2023-06-08T19:11:30.637+0000] {logging_mixin.py:149} INFO - [2023-06-08T19:11:30.637+0000] {dag.py:3490} INFO - Setting next_dagrun for example_dag_decorator to None, run_after=None
[2023-06-08T19:11:30.647+0000] {processor.py:179} INFO - Processing /home/airflow/.local/lib/python3.7/site-packages/airflow/example_dags/example_dag_decorator.py took 0.082 seconds
[2023-06-08T19:12:00.773+0000] {processor.py:157} INFO - Started process (PID=5266) to work on /home/airflow/.local/lib/python3.7/site-packages/airflow/example_dags/example_dag_decorator.py
[2023-06-08T19:12:00.774+0000] {processor.py:826} INFO - Processing file /home/airflow/.local/lib/python3.7/site-packages/airflow/example_dags/example_dag_decorator.py for tasks to queue
[2023-06-08T19:12:00.775+0000] {logging_mixin.py:149} INFO - [2023-06-08T19:12:00.775+0000] {dagbag.py:541} INFO - Filling up the DagBag from /home/airflow/.local/lib/python3.7/site-packages/airflow/example_dags/example_dag_decorator.py
[2023-06-08T19:12:00.779+0000] {logging_mixin.py:149} INFO - [2023-06-08T19:12:00.779+0000] {taskmixin.py:211} WARNING - Dependency <Task(_PythonDecoratedOperator): prepare_email>, send_email already registered for DAG: example_dag_decorator
[2023-06-08T19:12:00.779+0000] {logging_mixin.py:149} INFO - [2023-06-08T19:12:00.779+0000] {taskmixin.py:211} WARNING - Dependency <Task(EmailOperator): send_email>, prepare_email already registered for DAG: example_dag_decorator
[2023-06-08T19:12:00.785+0000] {processor.py:836} INFO - DAG(s) dict_keys(['example_dag_decorator']) retrieved from /home/airflow/.local/lib/python3.7/site-packages/airflow/example_dags/example_dag_decorator.py
[2023-06-08T19:12:00.824+0000] {logging_mixin.py:149} INFO - [2023-06-08T19:12:00.824+0000] {dag.py:2726} INFO - Sync 1 DAGs
[2023-06-08T19:12:00.836+0000] {logging_mixin.py:149} INFO - [2023-06-08T19:12:00.836+0000] {dag.py:3490} INFO - Setting next_dagrun for example_dag_decorator to None, run_after=None
[2023-06-08T19:12:00.846+0000] {processor.py:179} INFO - Processing /home/airflow/.local/lib/python3.7/site-packages/airflow/example_dags/example_dag_decorator.py took 0.075 seconds
[2023-06-08T19:12:31.075+0000] {processor.py:157} INFO - Started process (PID=5506) to work on /home/airflow/.local/lib/python3.7/site-packages/airflow/example_dags/example_dag_decorator.py
[2023-06-08T19:12:31.076+0000] {processor.py:826} INFO - Processing file /home/airflow/.local/lib/python3.7/site-packages/airflow/example_dags/example_dag_decorator.py for tasks to queue
[2023-06-08T19:12:31.077+0000] {logging_mixin.py:149} INFO - [2023-06-08T19:12:31.077+0000] {dagbag.py:541} INFO - Filling up the DagBag from /home/airflow/.local/lib/python3.7/site-packages/airflow/example_dags/example_dag_decorator.py
[2023-06-08T19:12:31.081+0000] {logging_mixin.py:149} INFO - [2023-06-08T19:12:31.081+0000] {taskmixin.py:211} WARNING - Dependency <Task(_PythonDecoratedOperator): prepare_email>, send_email already registered for DAG: example_dag_decorator
[2023-06-08T19:12:31.082+0000] {logging_mixin.py:149} INFO - [2023-06-08T19:12:31.082+0000] {taskmixin.py:211} WARNING - Dependency <Task(EmailOperator): send_email>, prepare_email already registered for DAG: example_dag_decorator
[2023-06-08T19:12:31.087+0000] {processor.py:836} INFO - DAG(s) dict_keys(['example_dag_decorator']) retrieved from /home/airflow/.local/lib/python3.7/site-packages/airflow/example_dags/example_dag_decorator.py
[2023-06-08T19:12:31.125+0000] {logging_mixin.py:149} INFO - [2023-06-08T19:12:31.125+0000] {dag.py:2726} INFO - Sync 1 DAGs
[2023-06-08T19:12:31.138+0000] {logging_mixin.py:149} INFO - [2023-06-08T19:12:31.138+0000] {dag.py:3490} INFO - Setting next_dagrun for example_dag_decorator to None, run_after=None
[2023-06-08T19:12:31.148+0000] {processor.py:179} INFO - Processing /home/airflow/.local/lib/python3.7/site-packages/airflow/example_dags/example_dag_decorator.py took 0.075 seconds
[2023-06-08T19:13:01.304+0000] {processor.py:157} INFO - Started process (PID=5741) to work on /home/airflow/.local/lib/python3.7/site-packages/airflow/example_dags/example_dag_decorator.py
[2023-06-08T19:13:01.305+0000] {processor.py:826} INFO - Processing file /home/airflow/.local/lib/python3.7/site-packages/airflow/example_dags/example_dag_decorator.py for tasks to queue
[2023-06-08T19:13:01.305+0000] {logging_mixin.py:149} INFO - [2023-06-08T19:13:01.305+0000] {dagbag.py:541} INFO - Filling up the DagBag from /home/airflow/.local/lib/python3.7/site-packages/airflow/example_dags/example_dag_decorator.py
[2023-06-08T19:13:01.310+0000] {logging_mixin.py:149} INFO - [2023-06-08T19:13:01.309+0000] {taskmixin.py:211} WARNING - Dependency <Task(_PythonDecoratedOperator): prepare_email>, send_email already registered for DAG: example_dag_decorator
[2023-06-08T19:13:01.310+0000] {logging_mixin.py:149} INFO - [2023-06-08T19:13:01.310+0000] {taskmixin.py:211} WARNING - Dependency <Task(EmailOperator): send_email>, prepare_email already registered for DAG: example_dag_decorator
[2023-06-08T19:13:01.315+0000] {processor.py:836} INFO - DAG(s) dict_keys(['example_dag_decorator']) retrieved from /home/airflow/.local/lib/python3.7/site-packages/airflow/example_dags/example_dag_decorator.py
[2023-06-08T19:13:01.354+0000] {logging_mixin.py:149} INFO - [2023-06-08T19:13:01.354+0000] {dag.py:2726} INFO - Sync 1 DAGs
[2023-06-08T19:13:01.369+0000] {logging_mixin.py:149} INFO - [2023-06-08T19:13:01.369+0000] {dag.py:3490} INFO - Setting next_dagrun for example_dag_decorator to None, run_after=None
[2023-06-08T19:13:01.379+0000] {processor.py:179} INFO - Processing /home/airflow/.local/lib/python3.7/site-packages/airflow/example_dags/example_dag_decorator.py took 0.077 seconds
[2023-06-08T19:13:31.685+0000] {processor.py:157} INFO - Started process (PID=5980) to work on /home/airflow/.local/lib/python3.7/site-packages/airflow/example_dags/example_dag_decorator.py
[2023-06-08T19:13:31.686+0000] {processor.py:826} INFO - Processing file /home/airflow/.local/lib/python3.7/site-packages/airflow/example_dags/example_dag_decorator.py for tasks to queue
[2023-06-08T19:13:31.687+0000] {logging_mixin.py:149} INFO - [2023-06-08T19:13:31.687+0000] {dagbag.py:541} INFO - Filling up the DagBag from /home/airflow/.local/lib/python3.7/site-packages/airflow/example_dags/example_dag_decorator.py
[2023-06-08T19:13:31.691+0000] {logging_mixin.py:149} INFO - [2023-06-08T19:13:31.691+0000] {taskmixin.py:211} WARNING - Dependency <Task(_PythonDecoratedOperator): prepare_email>, send_email already registered for DAG: example_dag_decorator
[2023-06-08T19:13:31.692+0000] {logging_mixin.py:149} INFO - [2023-06-08T19:13:31.691+0000] {taskmixin.py:211} WARNING - Dependency <Task(EmailOperator): send_email>, prepare_email already registered for DAG: example_dag_decorator
[2023-06-08T19:13:31.697+0000] {processor.py:836} INFO - DAG(s) dict_keys(['example_dag_decorator']) retrieved from /home/airflow/.local/lib/python3.7/site-packages/airflow/example_dags/example_dag_decorator.py
[2023-06-08T19:13:31.734+0000] {logging_mixin.py:149} INFO - [2023-06-08T19:13:31.734+0000] {dag.py:2726} INFO - Sync 1 DAGs
[2023-06-08T19:13:31.747+0000] {logging_mixin.py:149} INFO - [2023-06-08T19:13:31.747+0000] {dag.py:3490} INFO - Setting next_dagrun for example_dag_decorator to None, run_after=None
[2023-06-08T19:13:31.758+0000] {processor.py:179} INFO - Processing /home/airflow/.local/lib/python3.7/site-packages/airflow/example_dags/example_dag_decorator.py took 0.076 seconds
[2023-06-08T19:14:01.895+0000] {processor.py:157} INFO - Started process (PID=6222) to work on /home/airflow/.local/lib/python3.7/site-packages/airflow/example_dags/example_dag_decorator.py
[2023-06-08T19:14:01.896+0000] {processor.py:826} INFO - Processing file /home/airflow/.local/lib/python3.7/site-packages/airflow/example_dags/example_dag_decorator.py for tasks to queue
[2023-06-08T19:14:01.897+0000] {logging_mixin.py:149} INFO - [2023-06-08T19:14:01.897+0000] {dagbag.py:541} INFO - Filling up the DagBag from /home/airflow/.local/lib/python3.7/site-packages/airflow/example_dags/example_dag_decorator.py
[2023-06-08T19:14:01.901+0000] {logging_mixin.py:149} INFO - [2023-06-08T19:14:01.901+0000] {taskmixin.py:211} WARNING - Dependency <Task(_PythonDecoratedOperator): prepare_email>, send_email already registered for DAG: example_dag_decorator
[2023-06-08T19:14:01.902+0000] {logging_mixin.py:149} INFO - [2023-06-08T19:14:01.902+0000] {taskmixin.py:211} WARNING - Dependency <Task(EmailOperator): send_email>, prepare_email already registered for DAG: example_dag_decorator
[2023-06-08T19:14:01.907+0000] {processor.py:836} INFO - DAG(s) dict_keys(['example_dag_decorator']) retrieved from /home/airflow/.local/lib/python3.7/site-packages/airflow/example_dags/example_dag_decorator.py
[2023-06-08T19:14:01.946+0000] {logging_mixin.py:149} INFO - [2023-06-08T19:14:01.946+0000] {dag.py:2726} INFO - Sync 1 DAGs
[2023-06-08T19:14:01.959+0000] {logging_mixin.py:149} INFO - [2023-06-08T19:14:01.958+0000] {dag.py:3490} INFO - Setting next_dagrun for example_dag_decorator to None, run_after=None
[2023-06-08T19:14:01.969+0000] {processor.py:179} INFO - Processing /home/airflow/.local/lib/python3.7/site-packages/airflow/example_dags/example_dag_decorator.py took 0.076 seconds
[2023-06-08T19:14:32.076+0000] {processor.py:157} INFO - Started process (PID=6453) to work on /home/airflow/.local/lib/python3.7/site-packages/airflow/example_dags/example_dag_decorator.py
[2023-06-08T19:14:32.077+0000] {processor.py:826} INFO - Processing file /home/airflow/.local/lib/python3.7/site-packages/airflow/example_dags/example_dag_decorator.py for tasks to queue
[2023-06-08T19:14:32.077+0000] {logging_mixin.py:149} INFO - [2023-06-08T19:14:32.077+0000] {dagbag.py:541} INFO - Filling up the DagBag from /home/airflow/.local/lib/python3.7/site-packages/airflow/example_dags/example_dag_decorator.py
[2023-06-08T19:14:32.081+0000] {logging_mixin.py:149} INFO - [2023-06-08T19:14:32.081+0000] {taskmixin.py:211} WARNING - Dependency <Task(_PythonDecoratedOperator): prepare_email>, send_email already registered for DAG: example_dag_decorator
[2023-06-08T19:14:32.082+0000] {logging_mixin.py:149} INFO - [2023-06-08T19:14:32.082+0000] {taskmixin.py:211} WARNING - Dependency <Task(EmailOperator): send_email>, prepare_email already registered for DAG: example_dag_decorator
[2023-06-08T19:14:32.088+0000] {processor.py:836} INFO - DAG(s) dict_keys(['example_dag_decorator']) retrieved from /home/airflow/.local/lib/python3.7/site-packages/airflow/example_dags/example_dag_decorator.py
[2023-06-08T19:14:32.127+0000] {logging_mixin.py:149} INFO - [2023-06-08T19:14:32.127+0000] {dag.py:2726} INFO - Sync 1 DAGs
[2023-06-08T19:14:32.140+0000] {logging_mixin.py:149} INFO - [2023-06-08T19:14:32.140+0000] {dag.py:3490} INFO - Setting next_dagrun for example_dag_decorator to None, run_after=None
[2023-06-08T19:14:32.150+0000] {processor.py:179} INFO - Processing /home/airflow/.local/lib/python3.7/site-packages/airflow/example_dags/example_dag_decorator.py took 0.077 seconds
[2023-06-08T19:15:02.295+0000] {processor.py:157} INFO - Started process (PID=6690) to work on /home/airflow/.local/lib/python3.7/site-packages/airflow/example_dags/example_dag_decorator.py
[2023-06-08T19:15:02.296+0000] {processor.py:826} INFO - Processing file /home/airflow/.local/lib/python3.7/site-packages/airflow/example_dags/example_dag_decorator.py for tasks to queue
[2023-06-08T19:15:02.297+0000] {logging_mixin.py:149} INFO - [2023-06-08T19:15:02.297+0000] {dagbag.py:541} INFO - Filling up the DagBag from /home/airflow/.local/lib/python3.7/site-packages/airflow/example_dags/example_dag_decorator.py
[2023-06-08T19:15:02.301+0000] {logging_mixin.py:149} INFO - [2023-06-08T19:15:02.301+0000] {taskmixin.py:211} WARNING - Dependency <Task(_PythonDecoratedOperator): prepare_email>, send_email already registered for DAG: example_dag_decorator
[2023-06-08T19:15:02.301+0000] {logging_mixin.py:149} INFO - [2023-06-08T19:15:02.301+0000] {taskmixin.py:211} WARNING - Dependency <Task(EmailOperator): send_email>, prepare_email already registered for DAG: example_dag_decorator
[2023-06-08T19:15:02.307+0000] {processor.py:836} INFO - DAG(s) dict_keys(['example_dag_decorator']) retrieved from /home/airflow/.local/lib/python3.7/site-packages/airflow/example_dags/example_dag_decorator.py
[2023-06-08T19:15:02.346+0000] {logging_mixin.py:149} INFO - [2023-06-08T19:15:02.346+0000] {dag.py:2726} INFO - Sync 1 DAGs
[2023-06-08T19:15:02.359+0000] {logging_mixin.py:149} INFO - [2023-06-08T19:15:02.359+0000] {dag.py:3490} INFO - Setting next_dagrun for example_dag_decorator to None, run_after=None
[2023-06-08T19:15:02.369+0000] {processor.py:179} INFO - Processing /home/airflow/.local/lib/python3.7/site-packages/airflow/example_dags/example_dag_decorator.py took 0.076 seconds
