[2023-06-08T19:01:26.192+0000] {processor.py:157} INFO - Started process (PID=357) to work on /home/airflow/.local/lib/python3.7/site-packages/airflow/example_dags/example_branch_python_dop_operator_3.py
[2023-06-08T19:01:26.193+0000] {processor.py:826} INFO - Processing file /home/airflow/.local/lib/python3.7/site-packages/airflow/example_dags/example_branch_python_dop_operator_3.py for tasks to queue
[2023-06-08T19:01:26.193+0000] {logging_mixin.py:149} INFO - [2023-06-08T19:01:26.193+0000] {dagbag.py:541} INFO - Filling up the DagBag from /home/airflow/.local/lib/python3.7/site-packages/airflow/example_dags/example_branch_python_dop_operator_3.py
[2023-06-08T19:01:26.199+0000] {processor.py:836} INFO - DAG(s) dict_keys(['example_branch_dop_operator_v3']) retrieved from /home/airflow/.local/lib/python3.7/site-packages/airflow/example_dags/example_branch_python_dop_operator_3.py
[2023-06-08T19:01:26.209+0000] {logging_mixin.py:149} INFO - [2023-06-08T19:01:26.209+0000] {dag.py:2726} INFO - Sync 1 DAGs
[2023-06-08T19:01:26.226+0000] {logging_mixin.py:149} INFO - [2023-06-08T19:01:26.226+0000] {dag.py:3490} INFO - Setting next_dagrun for example_branch_dop_operator_v3 to 2023-06-08T19:00:00+00:00, run_after=2023-06-08T19:01:00+00:00
[2023-06-08T19:01:26.237+0000] {processor.py:179} INFO - Processing /home/airflow/.local/lib/python3.7/site-packages/airflow/example_dags/example_branch_python_dop_operator_3.py took 0.047 seconds
[2023-06-08T19:01:57.717+0000] {processor.py:157} INFO - Started process (PID=594) to work on /home/airflow/.local/lib/python3.7/site-packages/airflow/example_dags/example_branch_python_dop_operator_3.py
[2023-06-08T19:01:57.718+0000] {processor.py:826} INFO - Processing file /home/airflow/.local/lib/python3.7/site-packages/airflow/example_dags/example_branch_python_dop_operator_3.py for tasks to queue
[2023-06-08T19:01:57.718+0000] {logging_mixin.py:149} INFO - [2023-06-08T19:01:57.718+0000] {dagbag.py:541} INFO - Filling up the DagBag from /home/airflow/.local/lib/python3.7/site-packages/airflow/example_dags/example_branch_python_dop_operator_3.py
[2023-06-08T19:01:57.723+0000] {processor.py:836} INFO - DAG(s) dict_keys(['example_branch_dop_operator_v3']) retrieved from /home/airflow/.local/lib/python3.7/site-packages/airflow/example_dags/example_branch_python_dop_operator_3.py
[2023-06-08T19:01:57.740+0000] {logging_mixin.py:149} INFO - [2023-06-08T19:01:57.740+0000] {dag.py:2726} INFO - Sync 1 DAGs
[2023-06-08T19:01:57.756+0000] {logging_mixin.py:149} INFO - [2023-06-08T19:01:57.756+0000] {dag.py:3490} INFO - Setting next_dagrun for example_branch_dop_operator_v3 to 2023-06-08T19:00:00+00:00, run_after=2023-06-08T19:01:00+00:00
[2023-06-08T19:01:57.766+0000] {processor.py:179} INFO - Processing /home/airflow/.local/lib/python3.7/site-packages/airflow/example_dags/example_branch_python_dop_operator_3.py took 0.052 seconds
[2023-06-08T19:02:28.029+0000] {processor.py:157} INFO - Started process (PID=831) to work on /home/airflow/.local/lib/python3.7/site-packages/airflow/example_dags/example_branch_python_dop_operator_3.py
[2023-06-08T19:02:28.030+0000] {processor.py:826} INFO - Processing file /home/airflow/.local/lib/python3.7/site-packages/airflow/example_dags/example_branch_python_dop_operator_3.py for tasks to queue
[2023-06-08T19:02:28.031+0000] {logging_mixin.py:149} INFO - [2023-06-08T19:02:28.031+0000] {dagbag.py:541} INFO - Filling up the DagBag from /home/airflow/.local/lib/python3.7/site-packages/airflow/example_dags/example_branch_python_dop_operator_3.py
[2023-06-08T19:02:28.036+0000] {processor.py:836} INFO - DAG(s) dict_keys(['example_branch_dop_operator_v3']) retrieved from /home/airflow/.local/lib/python3.7/site-packages/airflow/example_dags/example_branch_python_dop_operator_3.py
[2023-06-08T19:02:28.052+0000] {logging_mixin.py:149} INFO - [2023-06-08T19:02:28.051+0000] {dag.py:2726} INFO - Sync 1 DAGs
[2023-06-08T19:02:28.067+0000] {logging_mixin.py:149} INFO - [2023-06-08T19:02:28.067+0000] {dag.py:3490} INFO - Setting next_dagrun for example_branch_dop_operator_v3 to 2023-06-08T19:01:00+00:00, run_after=2023-06-08T19:02:00+00:00
[2023-06-08T19:02:28.077+0000] {processor.py:179} INFO - Processing /home/airflow/.local/lib/python3.7/site-packages/airflow/example_dags/example_branch_python_dop_operator_3.py took 0.050 seconds
[2023-06-08T19:02:59.233+0000] {processor.py:157} INFO - Started process (PID=1116) to work on /home/airflow/.local/lib/python3.7/site-packages/airflow/example_dags/example_branch_python_dop_operator_3.py
[2023-06-08T19:02:59.234+0000] {processor.py:826} INFO - Processing file /home/airflow/.local/lib/python3.7/site-packages/airflow/example_dags/example_branch_python_dop_operator_3.py for tasks to queue
[2023-06-08T19:02:59.234+0000] {logging_mixin.py:149} INFO - [2023-06-08T19:02:59.234+0000] {dagbag.py:541} INFO - Filling up the DagBag from /home/airflow/.local/lib/python3.7/site-packages/airflow/example_dags/example_branch_python_dop_operator_3.py
[2023-06-08T19:02:59.239+0000] {processor.py:836} INFO - DAG(s) dict_keys(['example_branch_dop_operator_v3']) retrieved from /home/airflow/.local/lib/python3.7/site-packages/airflow/example_dags/example_branch_python_dop_operator_3.py
[2023-06-08T19:02:59.254+0000] {logging_mixin.py:149} INFO - [2023-06-08T19:02:59.254+0000] {dag.py:2726} INFO - Sync 1 DAGs
[2023-06-08T19:02:59.270+0000] {logging_mixin.py:149} INFO - [2023-06-08T19:02:59.270+0000] {dag.py:3490} INFO - Setting next_dagrun for example_branch_dop_operator_v3 to 2023-06-08T19:01:00+00:00, run_after=2023-06-08T19:02:00+00:00
[2023-06-08T19:02:59.279+0000] {processor.py:179} INFO - Processing /home/airflow/.local/lib/python3.7/site-packages/airflow/example_dags/example_branch_python_dop_operator_3.py took 0.049 seconds
[2023-06-08T19:03:29.579+0000] {processor.py:157} INFO - Started process (PID=1401) to work on /home/airflow/.local/lib/python3.7/site-packages/airflow/example_dags/example_branch_python_dop_operator_3.py
[2023-06-08T19:03:29.580+0000] {processor.py:826} INFO - Processing file /home/airflow/.local/lib/python3.7/site-packages/airflow/example_dags/example_branch_python_dop_operator_3.py for tasks to queue
[2023-06-08T19:03:29.580+0000] {logging_mixin.py:149} INFO - [2023-06-08T19:03:29.580+0000] {dagbag.py:541} INFO - Filling up the DagBag from /home/airflow/.local/lib/python3.7/site-packages/airflow/example_dags/example_branch_python_dop_operator_3.py
[2023-06-08T19:03:29.585+0000] {processor.py:836} INFO - DAG(s) dict_keys(['example_branch_dop_operator_v3']) retrieved from /home/airflow/.local/lib/python3.7/site-packages/airflow/example_dags/example_branch_python_dop_operator_3.py
[2023-06-08T19:03:29.601+0000] {logging_mixin.py:149} INFO - [2023-06-08T19:03:29.601+0000] {dag.py:2726} INFO - Sync 1 DAGs
[2023-06-08T19:03:29.618+0000] {logging_mixin.py:149} INFO - [2023-06-08T19:03:29.618+0000] {dag.py:3490} INFO - Setting next_dagrun for example_branch_dop_operator_v3 to 2023-06-08T19:02:00+00:00, run_after=2023-06-08T19:03:00+00:00
[2023-06-08T19:03:29.628+0000] {processor.py:179} INFO - Processing /home/airflow/.local/lib/python3.7/site-packages/airflow/example_dags/example_branch_python_dop_operator_3.py took 0.052 seconds
[2023-06-08T19:03:59.783+0000] {processor.py:157} INFO - Started process (PID=1639) to work on /home/airflow/.local/lib/python3.7/site-packages/airflow/example_dags/example_branch_python_dop_operator_3.py
[2023-06-08T19:03:59.784+0000] {processor.py:826} INFO - Processing file /home/airflow/.local/lib/python3.7/site-packages/airflow/example_dags/example_branch_python_dop_operator_3.py for tasks to queue
[2023-06-08T19:03:59.785+0000] {logging_mixin.py:149} INFO - [2023-06-08T19:03:59.785+0000] {dagbag.py:541} INFO - Filling up the DagBag from /home/airflow/.local/lib/python3.7/site-packages/airflow/example_dags/example_branch_python_dop_operator_3.py
[2023-06-08T19:03:59.790+0000] {processor.py:836} INFO - DAG(s) dict_keys(['example_branch_dop_operator_v3']) retrieved from /home/airflow/.local/lib/python3.7/site-packages/airflow/example_dags/example_branch_python_dop_operator_3.py
[2023-06-08T19:03:59.807+0000] {logging_mixin.py:149} INFO - [2023-06-08T19:03:59.807+0000] {dag.py:2726} INFO - Sync 1 DAGs
[2023-06-08T19:03:59.823+0000] {logging_mixin.py:149} INFO - [2023-06-08T19:03:59.823+0000] {dag.py:3490} INFO - Setting next_dagrun for example_branch_dop_operator_v3 to 2023-06-08T19:02:00+00:00, run_after=2023-06-08T19:03:00+00:00
[2023-06-08T19:03:59.833+0000] {processor.py:179} INFO - Processing /home/airflow/.local/lib/python3.7/site-packages/airflow/example_dags/example_branch_python_dop_operator_3.py took 0.052 seconds
[2023-06-08T19:04:30.145+0000] {processor.py:157} INFO - Started process (PID=1878) to work on /home/airflow/.local/lib/python3.7/site-packages/airflow/example_dags/example_branch_python_dop_operator_3.py
[2023-06-08T19:04:30.146+0000] {processor.py:826} INFO - Processing file /home/airflow/.local/lib/python3.7/site-packages/airflow/example_dags/example_branch_python_dop_operator_3.py for tasks to queue
[2023-06-08T19:04:30.147+0000] {logging_mixin.py:149} INFO - [2023-06-08T19:04:30.147+0000] {dagbag.py:541} INFO - Filling up the DagBag from /home/airflow/.local/lib/python3.7/site-packages/airflow/example_dags/example_branch_python_dop_operator_3.py
[2023-06-08T19:04:30.152+0000] {processor.py:836} INFO - DAG(s) dict_keys(['example_branch_dop_operator_v3']) retrieved from /home/airflow/.local/lib/python3.7/site-packages/airflow/example_dags/example_branch_python_dop_operator_3.py
[2023-06-08T19:04:30.169+0000] {logging_mixin.py:149} INFO - [2023-06-08T19:04:30.169+0000] {dag.py:2726} INFO - Sync 1 DAGs
[2023-06-08T19:04:30.186+0000] {logging_mixin.py:149} INFO - [2023-06-08T19:04:30.186+0000] {dag.py:3490} INFO - Setting next_dagrun for example_branch_dop_operator_v3 to 2023-06-08T19:03:00+00:00, run_after=2023-06-08T19:04:00+00:00
[2023-06-08T19:04:30.196+0000] {processor.py:179} INFO - Processing /home/airflow/.local/lib/python3.7/site-packages/airflow/example_dags/example_branch_python_dop_operator_3.py took 0.053 seconds
[2023-06-08T19:05:00.386+0000] {processor.py:157} INFO - Started process (PID=2115) to work on /home/airflow/.local/lib/python3.7/site-packages/airflow/example_dags/example_branch_python_dop_operator_3.py
[2023-06-08T19:05:00.387+0000] {processor.py:826} INFO - Processing file /home/airflow/.local/lib/python3.7/site-packages/airflow/example_dags/example_branch_python_dop_operator_3.py for tasks to queue
[2023-06-08T19:05:00.387+0000] {logging_mixin.py:149} INFO - [2023-06-08T19:05:00.387+0000] {dagbag.py:541} INFO - Filling up the DagBag from /home/airflow/.local/lib/python3.7/site-packages/airflow/example_dags/example_branch_python_dop_operator_3.py
[2023-06-08T19:05:00.392+0000] {processor.py:836} INFO - DAG(s) dict_keys(['example_branch_dop_operator_v3']) retrieved from /home/airflow/.local/lib/python3.7/site-packages/airflow/example_dags/example_branch_python_dop_operator_3.py
[2023-06-08T19:05:00.409+0000] {logging_mixin.py:149} INFO - [2023-06-08T19:05:00.409+0000] {dag.py:2726} INFO - Sync 1 DAGs
[2023-06-08T19:05:00.426+0000] {logging_mixin.py:149} INFO - [2023-06-08T19:05:00.426+0000] {dag.py:3490} INFO - Setting next_dagrun for example_branch_dop_operator_v3 to 2023-06-08T19:04:00+00:00, run_after=2023-06-08T19:05:00+00:00
[2023-06-08T19:05:00.436+0000] {processor.py:179} INFO - Processing /home/airflow/.local/lib/python3.7/site-packages/airflow/example_dags/example_branch_python_dop_operator_3.py took 0.053 seconds
[2023-06-08T19:05:30.548+0000] {processor.py:157} INFO - Started process (PID=2350) to work on /home/airflow/.local/lib/python3.7/site-packages/airflow/example_dags/example_branch_python_dop_operator_3.py
[2023-06-08T19:05:30.549+0000] {processor.py:826} INFO - Processing file /home/airflow/.local/lib/python3.7/site-packages/airflow/example_dags/example_branch_python_dop_operator_3.py for tasks to queue
[2023-06-08T19:05:30.550+0000] {logging_mixin.py:149} INFO - [2023-06-08T19:05:30.550+0000] {dagbag.py:541} INFO - Filling up the DagBag from /home/airflow/.local/lib/python3.7/site-packages/airflow/example_dags/example_branch_python_dop_operator_3.py
[2023-06-08T19:05:30.555+0000] {processor.py:836} INFO - DAG(s) dict_keys(['example_branch_dop_operator_v3']) retrieved from /home/airflow/.local/lib/python3.7/site-packages/airflow/example_dags/example_branch_python_dop_operator_3.py
[2023-06-08T19:05:30.572+0000] {logging_mixin.py:149} INFO - [2023-06-08T19:05:30.572+0000] {dag.py:2726} INFO - Sync 1 DAGs
[2023-06-08T19:05:30.588+0000] {logging_mixin.py:149} INFO - [2023-06-08T19:05:30.588+0000] {dag.py:3490} INFO - Setting next_dagrun for example_branch_dop_operator_v3 to 2023-06-08T19:04:00+00:00, run_after=2023-06-08T19:05:00+00:00
[2023-06-08T19:05:30.598+0000] {processor.py:179} INFO - Processing /home/airflow/.local/lib/python3.7/site-packages/airflow/example_dags/example_branch_python_dop_operator_3.py took 0.053 seconds
[2023-06-08T19:06:00.924+0000] {processor.py:157} INFO - Started process (PID=2587) to work on /home/airflow/.local/lib/python3.7/site-packages/airflow/example_dags/example_branch_python_dop_operator_3.py
[2023-06-08T19:06:00.925+0000] {processor.py:826} INFO - Processing file /home/airflow/.local/lib/python3.7/site-packages/airflow/example_dags/example_branch_python_dop_operator_3.py for tasks to queue
[2023-06-08T19:06:00.926+0000] {logging_mixin.py:149} INFO - [2023-06-08T19:06:00.926+0000] {dagbag.py:541} INFO - Filling up the DagBag from /home/airflow/.local/lib/python3.7/site-packages/airflow/example_dags/example_branch_python_dop_operator_3.py
[2023-06-08T19:06:00.931+0000] {processor.py:836} INFO - DAG(s) dict_keys(['example_branch_dop_operator_v3']) retrieved from /home/airflow/.local/lib/python3.7/site-packages/airflow/example_dags/example_branch_python_dop_operator_3.py
[2023-06-08T19:06:00.948+0000] {logging_mixin.py:149} INFO - [2023-06-08T19:06:00.948+0000] {dag.py:2726} INFO - Sync 1 DAGs
[2023-06-08T19:06:00.964+0000] {logging_mixin.py:149} INFO - [2023-06-08T19:06:00.964+0000] {dag.py:3490} INFO - Setting next_dagrun for example_branch_dop_operator_v3 to 2023-06-08T19:05:00+00:00, run_after=2023-06-08T19:06:00+00:00
[2023-06-08T19:06:00.974+0000] {processor.py:179} INFO - Processing /home/airflow/.local/lib/python3.7/site-packages/airflow/example_dags/example_branch_python_dop_operator_3.py took 0.052 seconds
[2023-06-08T19:06:31.259+0000] {processor.py:157} INFO - Started process (PID=2824) to work on /home/airflow/.local/lib/python3.7/site-packages/airflow/example_dags/example_branch_python_dop_operator_3.py
[2023-06-08T19:06:31.260+0000] {processor.py:826} INFO - Processing file /home/airflow/.local/lib/python3.7/site-packages/airflow/example_dags/example_branch_python_dop_operator_3.py for tasks to queue
[2023-06-08T19:06:31.261+0000] {logging_mixin.py:149} INFO - [2023-06-08T19:06:31.261+0000] {dagbag.py:541} INFO - Filling up the DagBag from /home/airflow/.local/lib/python3.7/site-packages/airflow/example_dags/example_branch_python_dop_operator_3.py
[2023-06-08T19:06:31.266+0000] {processor.py:836} INFO - DAG(s) dict_keys(['example_branch_dop_operator_v3']) retrieved from /home/airflow/.local/lib/python3.7/site-packages/airflow/example_dags/example_branch_python_dop_operator_3.py
[2023-06-08T19:06:31.283+0000] {logging_mixin.py:149} INFO - [2023-06-08T19:06:31.283+0000] {dag.py:2726} INFO - Sync 1 DAGs
[2023-06-08T19:06:31.300+0000] {logging_mixin.py:149} INFO - [2023-06-08T19:06:31.300+0000] {dag.py:3490} INFO - Setting next_dagrun for example_branch_dop_operator_v3 to 2023-06-08T19:05:00+00:00, run_after=2023-06-08T19:06:00+00:00
[2023-06-08T19:06:31.310+0000] {processor.py:179} INFO - Processing /home/airflow/.local/lib/python3.7/site-packages/airflow/example_dags/example_branch_python_dop_operator_3.py took 0.053 seconds
[2023-06-08T19:07:01.568+0000] {processor.py:157} INFO - Started process (PID=3061) to work on /home/airflow/.local/lib/python3.7/site-packages/airflow/example_dags/example_branch_python_dop_operator_3.py
[2023-06-08T19:07:01.569+0000] {processor.py:826} INFO - Processing file /home/airflow/.local/lib/python3.7/site-packages/airflow/example_dags/example_branch_python_dop_operator_3.py for tasks to queue
[2023-06-08T19:07:01.569+0000] {logging_mixin.py:149} INFO - [2023-06-08T19:07:01.569+0000] {dagbag.py:541} INFO - Filling up the DagBag from /home/airflow/.local/lib/python3.7/site-packages/airflow/example_dags/example_branch_python_dop_operator_3.py
[2023-06-08T19:07:01.574+0000] {processor.py:836} INFO - DAG(s) dict_keys(['example_branch_dop_operator_v3']) retrieved from /home/airflow/.local/lib/python3.7/site-packages/airflow/example_dags/example_branch_python_dop_operator_3.py
[2023-06-08T19:07:01.591+0000] {logging_mixin.py:149} INFO - [2023-06-08T19:07:01.591+0000] {dag.py:2726} INFO - Sync 1 DAGs
[2023-06-08T19:07:01.608+0000] {logging_mixin.py:149} INFO - [2023-06-08T19:07:01.607+0000] {dag.py:3490} INFO - Setting next_dagrun for example_branch_dop_operator_v3 to 2023-06-08T19:06:00+00:00, run_after=2023-06-08T19:07:00+00:00
[2023-06-08T19:07:01.617+0000] {processor.py:179} INFO - Processing /home/airflow/.local/lib/python3.7/site-packages/airflow/example_dags/example_branch_python_dop_operator_3.py took 0.052 seconds
[2023-06-08T19:07:31.886+0000] {processor.py:157} INFO - Started process (PID=3298) to work on /home/airflow/.local/lib/python3.7/site-packages/airflow/example_dags/example_branch_python_dop_operator_3.py
[2023-06-08T19:07:31.887+0000] {processor.py:826} INFO - Processing file /home/airflow/.local/lib/python3.7/site-packages/airflow/example_dags/example_branch_python_dop_operator_3.py for tasks to queue
[2023-06-08T19:07:31.887+0000] {logging_mixin.py:149} INFO - [2023-06-08T19:07:31.887+0000] {dagbag.py:541} INFO - Filling up the DagBag from /home/airflow/.local/lib/python3.7/site-packages/airflow/example_dags/example_branch_python_dop_operator_3.py
[2023-06-08T19:07:31.892+0000] {processor.py:836} INFO - DAG(s) dict_keys(['example_branch_dop_operator_v3']) retrieved from /home/airflow/.local/lib/python3.7/site-packages/airflow/example_dags/example_branch_python_dop_operator_3.py
[2023-06-08T19:07:31.909+0000] {logging_mixin.py:149} INFO - [2023-06-08T19:07:31.908+0000] {dag.py:2726} INFO - Sync 1 DAGs
[2023-06-08T19:07:31.925+0000] {logging_mixin.py:149} INFO - [2023-06-08T19:07:31.925+0000] {dag.py:3490} INFO - Setting next_dagrun for example_branch_dop_operator_v3 to 2023-06-08T19:06:00+00:00, run_after=2023-06-08T19:07:00+00:00
[2023-06-08T19:07:31.934+0000] {processor.py:179} INFO - Processing /home/airflow/.local/lib/python3.7/site-packages/airflow/example_dags/example_branch_python_dop_operator_3.py took 0.051 seconds
[2023-06-08T19:08:02.064+0000] {processor.py:157} INFO - Started process (PID=3535) to work on /home/airflow/.local/lib/python3.7/site-packages/airflow/example_dags/example_branch_python_dop_operator_3.py
[2023-06-08T19:08:02.065+0000] {processor.py:826} INFO - Processing file /home/airflow/.local/lib/python3.7/site-packages/airflow/example_dags/example_branch_python_dop_operator_3.py for tasks to queue
[2023-06-08T19:08:02.066+0000] {logging_mixin.py:149} INFO - [2023-06-08T19:08:02.066+0000] {dagbag.py:541} INFO - Filling up the DagBag from /home/airflow/.local/lib/python3.7/site-packages/airflow/example_dags/example_branch_python_dop_operator_3.py
[2023-06-08T19:08:02.071+0000] {processor.py:836} INFO - DAG(s) dict_keys(['example_branch_dop_operator_v3']) retrieved from /home/airflow/.local/lib/python3.7/site-packages/airflow/example_dags/example_branch_python_dop_operator_3.py
[2023-06-08T19:08:02.087+0000] {logging_mixin.py:149} INFO - [2023-06-08T19:08:02.087+0000] {dag.py:2726} INFO - Sync 1 DAGs
[2023-06-08T19:08:02.104+0000] {logging_mixin.py:149} INFO - [2023-06-08T19:08:02.104+0000] {dag.py:3490} INFO - Setting next_dagrun for example_branch_dop_operator_v3 to 2023-06-08T19:07:00+00:00, run_after=2023-06-08T19:08:00+00:00
[2023-06-08T19:08:02.113+0000] {processor.py:179} INFO - Processing /home/airflow/.local/lib/python3.7/site-packages/airflow/example_dags/example_branch_python_dop_operator_3.py took 0.052 seconds
[2023-06-08T19:08:32.525+0000] {processor.py:157} INFO - Started process (PID=3772) to work on /home/airflow/.local/lib/python3.7/site-packages/airflow/example_dags/example_branch_python_dop_operator_3.py
[2023-06-08T19:08:32.526+0000] {processor.py:826} INFO - Processing file /home/airflow/.local/lib/python3.7/site-packages/airflow/example_dags/example_branch_python_dop_operator_3.py for tasks to queue
[2023-06-08T19:08:32.527+0000] {logging_mixin.py:149} INFO - [2023-06-08T19:08:32.526+0000] {dagbag.py:541} INFO - Filling up the DagBag from /home/airflow/.local/lib/python3.7/site-packages/airflow/example_dags/example_branch_python_dop_operator_3.py
[2023-06-08T19:08:32.531+0000] {processor.py:836} INFO - DAG(s) dict_keys(['example_branch_dop_operator_v3']) retrieved from /home/airflow/.local/lib/python3.7/site-packages/airflow/example_dags/example_branch_python_dop_operator_3.py
[2023-06-08T19:08:32.548+0000] {logging_mixin.py:149} INFO - [2023-06-08T19:08:32.548+0000] {dag.py:2726} INFO - Sync 1 DAGs
[2023-06-08T19:08:32.565+0000] {logging_mixin.py:149} INFO - [2023-06-08T19:08:32.565+0000] {dag.py:3490} INFO - Setting next_dagrun for example_branch_dop_operator_v3 to 2023-06-08T19:07:00+00:00, run_after=2023-06-08T19:08:00+00:00
[2023-06-08T19:08:32.575+0000] {processor.py:179} INFO - Processing /home/airflow/.local/lib/python3.7/site-packages/airflow/example_dags/example_branch_python_dop_operator_3.py took 0.053 seconds
[2023-06-08T19:09:02.716+0000] {processor.py:157} INFO - Started process (PID=4009) to work on /home/airflow/.local/lib/python3.7/site-packages/airflow/example_dags/example_branch_python_dop_operator_3.py
[2023-06-08T19:09:02.717+0000] {processor.py:826} INFO - Processing file /home/airflow/.local/lib/python3.7/site-packages/airflow/example_dags/example_branch_python_dop_operator_3.py for tasks to queue
[2023-06-08T19:09:02.718+0000] {logging_mixin.py:149} INFO - [2023-06-08T19:09:02.718+0000] {dagbag.py:541} INFO - Filling up the DagBag from /home/airflow/.local/lib/python3.7/site-packages/airflow/example_dags/example_branch_python_dop_operator_3.py
[2023-06-08T19:09:02.723+0000] {processor.py:836} INFO - DAG(s) dict_keys(['example_branch_dop_operator_v3']) retrieved from /home/airflow/.local/lib/python3.7/site-packages/airflow/example_dags/example_branch_python_dop_operator_3.py
[2023-06-08T19:09:02.739+0000] {logging_mixin.py:149} INFO - [2023-06-08T19:09:02.739+0000] {dag.py:2726} INFO - Sync 1 DAGs
[2023-06-08T19:09:02.757+0000] {logging_mixin.py:149} INFO - [2023-06-08T19:09:02.756+0000] {dag.py:3490} INFO - Setting next_dagrun for example_branch_dop_operator_v3 to 2023-06-08T19:08:00+00:00, run_after=2023-06-08T19:09:00+00:00
[2023-06-08T19:09:02.766+0000] {processor.py:179} INFO - Processing /home/airflow/.local/lib/python3.7/site-packages/airflow/example_dags/example_branch_python_dop_operator_3.py took 0.053 seconds
[2023-06-08T19:09:33.961+0000] {processor.py:157} INFO - Started process (PID=4246) to work on /home/airflow/.local/lib/python3.7/site-packages/airflow/example_dags/example_branch_python_dop_operator_3.py
[2023-06-08T19:09:33.962+0000] {processor.py:826} INFO - Processing file /home/airflow/.local/lib/python3.7/site-packages/airflow/example_dags/example_branch_python_dop_operator_3.py for tasks to queue
[2023-06-08T19:09:33.963+0000] {logging_mixin.py:149} INFO - [2023-06-08T19:09:33.963+0000] {dagbag.py:541} INFO - Filling up the DagBag from /home/airflow/.local/lib/python3.7/site-packages/airflow/example_dags/example_branch_python_dop_operator_3.py
[2023-06-08T19:09:33.968+0000] {processor.py:836} INFO - DAG(s) dict_keys(['example_branch_dop_operator_v3']) retrieved from /home/airflow/.local/lib/python3.7/site-packages/airflow/example_dags/example_branch_python_dop_operator_3.py
[2023-06-08T19:09:33.984+0000] {logging_mixin.py:149} INFO - [2023-06-08T19:09:33.984+0000] {dag.py:2726} INFO - Sync 1 DAGs
[2023-06-08T19:09:34.001+0000] {logging_mixin.py:149} INFO - [2023-06-08T19:09:34.001+0000] {dag.py:3490} INFO - Setting next_dagrun for example_branch_dop_operator_v3 to 2023-06-08T19:08:00+00:00, run_after=2023-06-08T19:09:00+00:00
[2023-06-08T19:09:34.012+0000] {processor.py:179} INFO - Processing /home/airflow/.local/lib/python3.7/site-packages/airflow/example_dags/example_branch_python_dop_operator_3.py took 0.053 seconds
[2023-06-08T19:10:04.231+0000] {processor.py:157} INFO - Started process (PID=4483) to work on /home/airflow/.local/lib/python3.7/site-packages/airflow/example_dags/example_branch_python_dop_operator_3.py
[2023-06-08T19:10:04.232+0000] {processor.py:826} INFO - Processing file /home/airflow/.local/lib/python3.7/site-packages/airflow/example_dags/example_branch_python_dop_operator_3.py for tasks to queue
[2023-06-08T19:10:04.233+0000] {logging_mixin.py:149} INFO - [2023-06-08T19:10:04.233+0000] {dagbag.py:541} INFO - Filling up the DagBag from /home/airflow/.local/lib/python3.7/site-packages/airflow/example_dags/example_branch_python_dop_operator_3.py
[2023-06-08T19:10:04.238+0000] {processor.py:836} INFO - DAG(s) dict_keys(['example_branch_dop_operator_v3']) retrieved from /home/airflow/.local/lib/python3.7/site-packages/airflow/example_dags/example_branch_python_dop_operator_3.py
[2023-06-08T19:10:04.255+0000] {logging_mixin.py:149} INFO - [2023-06-08T19:10:04.254+0000] {dag.py:2726} INFO - Sync 1 DAGs
[2023-06-08T19:10:04.270+0000] {logging_mixin.py:149} INFO - [2023-06-08T19:10:04.270+0000] {dag.py:3490} INFO - Setting next_dagrun for example_branch_dop_operator_v3 to 2023-06-08T19:09:00+00:00, run_after=2023-06-08T19:10:00+00:00
[2023-06-08T19:10:04.280+0000] {processor.py:179} INFO - Processing /home/airflow/.local/lib/python3.7/site-packages/airflow/example_dags/example_branch_python_dop_operator_3.py took 0.051 seconds
[2023-06-08T19:10:34.520+0000] {processor.py:157} INFO - Started process (PID=4722) to work on /home/airflow/.local/lib/python3.7/site-packages/airflow/example_dags/example_branch_python_dop_operator_3.py
[2023-06-08T19:10:34.521+0000] {processor.py:826} INFO - Processing file /home/airflow/.local/lib/python3.7/site-packages/airflow/example_dags/example_branch_python_dop_operator_3.py for tasks to queue
[2023-06-08T19:10:34.522+0000] {logging_mixin.py:149} INFO - [2023-06-08T19:10:34.522+0000] {dagbag.py:541} INFO - Filling up the DagBag from /home/airflow/.local/lib/python3.7/site-packages/airflow/example_dags/example_branch_python_dop_operator_3.py
[2023-06-08T19:10:34.526+0000] {processor.py:836} INFO - DAG(s) dict_keys(['example_branch_dop_operator_v3']) retrieved from /home/airflow/.local/lib/python3.7/site-packages/airflow/example_dags/example_branch_python_dop_operator_3.py
[2023-06-08T19:10:34.544+0000] {logging_mixin.py:149} INFO - [2023-06-08T19:10:34.544+0000] {dag.py:2726} INFO - Sync 1 DAGs
[2023-06-08T19:10:34.560+0000] {logging_mixin.py:149} INFO - [2023-06-08T19:10:34.560+0000] {dag.py:3490} INFO - Setting next_dagrun for example_branch_dop_operator_v3 to 2023-06-08T19:09:00+00:00, run_after=2023-06-08T19:10:00+00:00
[2023-06-08T19:10:34.570+0000] {processor.py:179} INFO - Processing /home/airflow/.local/lib/python3.7/site-packages/airflow/example_dags/example_branch_python_dop_operator_3.py took 0.052 seconds
[2023-06-08T19:11:04.837+0000] {processor.py:157} INFO - Started process (PID=4959) to work on /home/airflow/.local/lib/python3.7/site-packages/airflow/example_dags/example_branch_python_dop_operator_3.py
[2023-06-08T19:11:04.838+0000] {processor.py:826} INFO - Processing file /home/airflow/.local/lib/python3.7/site-packages/airflow/example_dags/example_branch_python_dop_operator_3.py for tasks to queue
[2023-06-08T19:11:04.838+0000] {logging_mixin.py:149} INFO - [2023-06-08T19:11:04.838+0000] {dagbag.py:541} INFO - Filling up the DagBag from /home/airflow/.local/lib/python3.7/site-packages/airflow/example_dags/example_branch_python_dop_operator_3.py
[2023-06-08T19:11:04.843+0000] {processor.py:836} INFO - DAG(s) dict_keys(['example_branch_dop_operator_v3']) retrieved from /home/airflow/.local/lib/python3.7/site-packages/airflow/example_dags/example_branch_python_dop_operator_3.py
[2023-06-08T19:11:04.861+0000] {logging_mixin.py:149} INFO - [2023-06-08T19:11:04.861+0000] {dag.py:2726} INFO - Sync 1 DAGs
[2023-06-08T19:11:04.877+0000] {logging_mixin.py:149} INFO - [2023-06-08T19:11:04.877+0000] {dag.py:3490} INFO - Setting next_dagrun for example_branch_dop_operator_v3 to 2023-06-08T19:10:00+00:00, run_after=2023-06-08T19:11:00+00:00
[2023-06-08T19:11:04.888+0000] {processor.py:179} INFO - Processing /home/airflow/.local/lib/python3.7/site-packages/airflow/example_dags/example_branch_python_dop_operator_3.py took 0.053 seconds
[2023-06-08T19:11:35.110+0000] {processor.py:157} INFO - Started process (PID=5196) to work on /home/airflow/.local/lib/python3.7/site-packages/airflow/example_dags/example_branch_python_dop_operator_3.py
[2023-06-08T19:11:35.111+0000] {processor.py:826} INFO - Processing file /home/airflow/.local/lib/python3.7/site-packages/airflow/example_dags/example_branch_python_dop_operator_3.py for tasks to queue
[2023-06-08T19:11:35.111+0000] {logging_mixin.py:149} INFO - [2023-06-08T19:11:35.111+0000] {dagbag.py:541} INFO - Filling up the DagBag from /home/airflow/.local/lib/python3.7/site-packages/airflow/example_dags/example_branch_python_dop_operator_3.py
[2023-06-08T19:11:35.117+0000] {processor.py:836} INFO - DAG(s) dict_keys(['example_branch_dop_operator_v3']) retrieved from /home/airflow/.local/lib/python3.7/site-packages/airflow/example_dags/example_branch_python_dop_operator_3.py
[2023-06-08T19:11:35.135+0000] {logging_mixin.py:149} INFO - [2023-06-08T19:11:35.135+0000] {dag.py:2726} INFO - Sync 1 DAGs
[2023-06-08T19:11:35.152+0000] {logging_mixin.py:149} INFO - [2023-06-08T19:11:35.152+0000] {dag.py:3490} INFO - Setting next_dagrun for example_branch_dop_operator_v3 to 2023-06-08T19:10:00+00:00, run_after=2023-06-08T19:11:00+00:00
[2023-06-08T19:11:35.161+0000] {processor.py:179} INFO - Processing /home/airflow/.local/lib/python3.7/site-packages/airflow/example_dags/example_branch_python_dop_operator_3.py took 0.054 seconds
[2023-06-08T19:12:05.375+0000] {processor.py:157} INFO - Started process (PID=5433) to work on /home/airflow/.local/lib/python3.7/site-packages/airflow/example_dags/example_branch_python_dop_operator_3.py
[2023-06-08T19:12:05.376+0000] {processor.py:826} INFO - Processing file /home/airflow/.local/lib/python3.7/site-packages/airflow/example_dags/example_branch_python_dop_operator_3.py for tasks to queue
[2023-06-08T19:12:05.376+0000] {logging_mixin.py:149} INFO - [2023-06-08T19:12:05.376+0000] {dagbag.py:541} INFO - Filling up the DagBag from /home/airflow/.local/lib/python3.7/site-packages/airflow/example_dags/example_branch_python_dop_operator_3.py
[2023-06-08T19:12:05.381+0000] {processor.py:836} INFO - DAG(s) dict_keys(['example_branch_dop_operator_v3']) retrieved from /home/airflow/.local/lib/python3.7/site-packages/airflow/example_dags/example_branch_python_dop_operator_3.py
[2023-06-08T19:12:05.399+0000] {logging_mixin.py:149} INFO - [2023-06-08T19:12:05.399+0000] {dag.py:2726} INFO - Sync 1 DAGs
[2023-06-08T19:12:05.415+0000] {logging_mixin.py:149} INFO - [2023-06-08T19:12:05.415+0000] {dag.py:3490} INFO - Setting next_dagrun for example_branch_dop_operator_v3 to 2023-06-08T19:11:00+00:00, run_after=2023-06-08T19:12:00+00:00
[2023-06-08T19:12:05.424+0000] {processor.py:179} INFO - Processing /home/airflow/.local/lib/python3.7/site-packages/airflow/example_dags/example_branch_python_dop_operator_3.py took 0.052 seconds
[2023-06-08T19:12:35.569+0000] {processor.py:157} INFO - Started process (PID=5669) to work on /home/airflow/.local/lib/python3.7/site-packages/airflow/example_dags/example_branch_python_dop_operator_3.py
[2023-06-08T19:12:35.570+0000] {processor.py:826} INFO - Processing file /home/airflow/.local/lib/python3.7/site-packages/airflow/example_dags/example_branch_python_dop_operator_3.py for tasks to queue
[2023-06-08T19:12:35.571+0000] {logging_mixin.py:149} INFO - [2023-06-08T19:12:35.570+0000] {dagbag.py:541} INFO - Filling up the DagBag from /home/airflow/.local/lib/python3.7/site-packages/airflow/example_dags/example_branch_python_dop_operator_3.py
[2023-06-08T19:12:35.576+0000] {processor.py:836} INFO - DAG(s) dict_keys(['example_branch_dop_operator_v3']) retrieved from /home/airflow/.local/lib/python3.7/site-packages/airflow/example_dags/example_branch_python_dop_operator_3.py
[2023-06-08T19:12:35.593+0000] {logging_mixin.py:149} INFO - [2023-06-08T19:12:35.593+0000] {dag.py:2726} INFO - Sync 1 DAGs
[2023-06-08T19:12:35.609+0000] {logging_mixin.py:149} INFO - [2023-06-08T19:12:35.609+0000] {dag.py:3490} INFO - Setting next_dagrun for example_branch_dop_operator_v3 to 2023-06-08T19:11:00+00:00, run_after=2023-06-08T19:12:00+00:00
[2023-06-08T19:12:35.619+0000] {processor.py:179} INFO - Processing /home/airflow/.local/lib/python3.7/site-packages/airflow/example_dags/example_branch_python_dop_operator_3.py took 0.052 seconds
[2023-06-08T19:13:05.888+0000] {processor.py:157} INFO - Started process (PID=5906) to work on /home/airflow/.local/lib/python3.7/site-packages/airflow/example_dags/example_branch_python_dop_operator_3.py
[2023-06-08T19:13:05.889+0000] {processor.py:826} INFO - Processing file /home/airflow/.local/lib/python3.7/site-packages/airflow/example_dags/example_branch_python_dop_operator_3.py for tasks to queue
[2023-06-08T19:13:05.890+0000] {logging_mixin.py:149} INFO - [2023-06-08T19:13:05.890+0000] {dagbag.py:541} INFO - Filling up the DagBag from /home/airflow/.local/lib/python3.7/site-packages/airflow/example_dags/example_branch_python_dop_operator_3.py
[2023-06-08T19:13:05.895+0000] {processor.py:836} INFO - DAG(s) dict_keys(['example_branch_dop_operator_v3']) retrieved from /home/airflow/.local/lib/python3.7/site-packages/airflow/example_dags/example_branch_python_dop_operator_3.py
[2023-06-08T19:13:05.911+0000] {logging_mixin.py:149} INFO - [2023-06-08T19:13:05.911+0000] {dag.py:2726} INFO - Sync 1 DAGs
[2023-06-08T19:13:05.928+0000] {logging_mixin.py:149} INFO - [2023-06-08T19:13:05.928+0000] {dag.py:3490} INFO - Setting next_dagrun for example_branch_dop_operator_v3 to 2023-06-08T19:12:00+00:00, run_after=2023-06-08T19:13:00+00:00
[2023-06-08T19:13:05.937+0000] {processor.py:179} INFO - Processing /home/airflow/.local/lib/python3.7/site-packages/airflow/example_dags/example_branch_python_dop_operator_3.py took 0.051 seconds
[2023-06-08T19:13:36.155+0000] {processor.py:157} INFO - Started process (PID=6143) to work on /home/airflow/.local/lib/python3.7/site-packages/airflow/example_dags/example_branch_python_dop_operator_3.py
[2023-06-08T19:13:36.156+0000] {processor.py:826} INFO - Processing file /home/airflow/.local/lib/python3.7/site-packages/airflow/example_dags/example_branch_python_dop_operator_3.py for tasks to queue
[2023-06-08T19:13:36.156+0000] {logging_mixin.py:149} INFO - [2023-06-08T19:13:36.156+0000] {dagbag.py:541} INFO - Filling up the DagBag from /home/airflow/.local/lib/python3.7/site-packages/airflow/example_dags/example_branch_python_dop_operator_3.py
[2023-06-08T19:13:36.162+0000] {processor.py:836} INFO - DAG(s) dict_keys(['example_branch_dop_operator_v3']) retrieved from /home/airflow/.local/lib/python3.7/site-packages/airflow/example_dags/example_branch_python_dop_operator_3.py
[2023-06-08T19:13:36.179+0000] {logging_mixin.py:149} INFO - [2023-06-08T19:13:36.179+0000] {dag.py:2726} INFO - Sync 1 DAGs
[2023-06-08T19:13:36.195+0000] {logging_mixin.py:149} INFO - [2023-06-08T19:13:36.195+0000] {dag.py:3490} INFO - Setting next_dagrun for example_branch_dop_operator_v3 to 2023-06-08T19:12:00+00:00, run_after=2023-06-08T19:13:00+00:00
[2023-06-08T19:13:36.205+0000] {processor.py:179} INFO - Processing /home/airflow/.local/lib/python3.7/site-packages/airflow/example_dags/example_branch_python_dop_operator_3.py took 0.052 seconds
[2023-06-08T19:14:07.334+0000] {processor.py:157} INFO - Started process (PID=6380) to work on /home/airflow/.local/lib/python3.7/site-packages/airflow/example_dags/example_branch_python_dop_operator_3.py
[2023-06-08T19:14:07.335+0000] {processor.py:826} INFO - Processing file /home/airflow/.local/lib/python3.7/site-packages/airflow/example_dags/example_branch_python_dop_operator_3.py for tasks to queue
[2023-06-08T19:14:07.336+0000] {logging_mixin.py:149} INFO - [2023-06-08T19:14:07.336+0000] {dagbag.py:541} INFO - Filling up the DagBag from /home/airflow/.local/lib/python3.7/site-packages/airflow/example_dags/example_branch_python_dop_operator_3.py
[2023-06-08T19:14:07.341+0000] {processor.py:836} INFO - DAG(s) dict_keys(['example_branch_dop_operator_v3']) retrieved from /home/airflow/.local/lib/python3.7/site-packages/airflow/example_dags/example_branch_python_dop_operator_3.py
[2023-06-08T19:14:07.358+0000] {logging_mixin.py:149} INFO - [2023-06-08T19:14:07.358+0000] {dag.py:2726} INFO - Sync 1 DAGs
[2023-06-08T19:14:07.375+0000] {logging_mixin.py:149} INFO - [2023-06-08T19:14:07.375+0000] {dag.py:3490} INFO - Setting next_dagrun for example_branch_dop_operator_v3 to 2023-06-08T19:13:00+00:00, run_after=2023-06-08T19:14:00+00:00
[2023-06-08T19:14:07.384+0000] {processor.py:179} INFO - Processing /home/airflow/.local/lib/python3.7/site-packages/airflow/example_dags/example_branch_python_dop_operator_3.py took 0.053 seconds
[2023-06-08T19:14:37.640+0000] {processor.py:157} INFO - Started process (PID=6620) to work on /home/airflow/.local/lib/python3.7/site-packages/airflow/example_dags/example_branch_python_dop_operator_3.py
[2023-06-08T19:14:37.641+0000] {processor.py:826} INFO - Processing file /home/airflow/.local/lib/python3.7/site-packages/airflow/example_dags/example_branch_python_dop_operator_3.py for tasks to queue
[2023-06-08T19:14:37.642+0000] {logging_mixin.py:149} INFO - [2023-06-08T19:14:37.642+0000] {dagbag.py:541} INFO - Filling up the DagBag from /home/airflow/.local/lib/python3.7/site-packages/airflow/example_dags/example_branch_python_dop_operator_3.py
[2023-06-08T19:14:37.647+0000] {processor.py:836} INFO - DAG(s) dict_keys(['example_branch_dop_operator_v3']) retrieved from /home/airflow/.local/lib/python3.7/site-packages/airflow/example_dags/example_branch_python_dop_operator_3.py
[2023-06-08T19:14:37.663+0000] {logging_mixin.py:149} INFO - [2023-06-08T19:14:37.663+0000] {dag.py:2726} INFO - Sync 1 DAGs
[2023-06-08T19:14:37.680+0000] {logging_mixin.py:149} INFO - [2023-06-08T19:14:37.680+0000] {dag.py:3490} INFO - Setting next_dagrun for example_branch_dop_operator_v3 to 2023-06-08T19:13:00+00:00, run_after=2023-06-08T19:14:00+00:00
[2023-06-08T19:14:37.690+0000] {processor.py:179} INFO - Processing /home/airflow/.local/lib/python3.7/site-packages/airflow/example_dags/example_branch_python_dop_operator_3.py took 0.051 seconds
[2023-06-08T19:15:08.849+0000] {processor.py:157} INFO - Started process (PID=6855) to work on /home/airflow/.local/lib/python3.7/site-packages/airflow/example_dags/example_branch_python_dop_operator_3.py
[2023-06-08T19:15:08.850+0000] {processor.py:826} INFO - Processing file /home/airflow/.local/lib/python3.7/site-packages/airflow/example_dags/example_branch_python_dop_operator_3.py for tasks to queue
[2023-06-08T19:15:08.851+0000] {logging_mixin.py:149} INFO - [2023-06-08T19:15:08.851+0000] {dagbag.py:541} INFO - Filling up the DagBag from /home/airflow/.local/lib/python3.7/site-packages/airflow/example_dags/example_branch_python_dop_operator_3.py
[2023-06-08T19:15:08.855+0000] {processor.py:836} INFO - DAG(s) dict_keys(['example_branch_dop_operator_v3']) retrieved from /home/airflow/.local/lib/python3.7/site-packages/airflow/example_dags/example_branch_python_dop_operator_3.py
[2023-06-08T19:15:08.872+0000] {logging_mixin.py:149} INFO - [2023-06-08T19:15:08.872+0000] {dag.py:2726} INFO - Sync 1 DAGs
[2023-06-08T19:15:08.889+0000] {logging_mixin.py:149} INFO - [2023-06-08T19:15:08.889+0000] {dag.py:3490} INFO - Setting next_dagrun for example_branch_dop_operator_v3 to 2023-06-08T19:14:00+00:00, run_after=2023-06-08T19:15:00+00:00
[2023-06-08T19:15:08.899+0000] {processor.py:179} INFO - Processing /home/airflow/.local/lib/python3.7/site-packages/airflow/example_dags/example_branch_python_dop_operator_3.py took 0.052 seconds
