[2023-06-08T19:01:26.122+0000] {processor.py:157} INFO - Started process (PID=347) to work on /home/airflow/.local/lib/python3.7/site-packages/airflow/example_dags/example_task_group_decorator.py
[2023-06-08T19:01:26.123+0000] {processor.py:826} INFO - Processing file /home/airflow/.local/lib/python3.7/site-packages/airflow/example_dags/example_task_group_decorator.py for tasks to queue
[2023-06-08T19:01:26.124+0000] {logging_mixin.py:149} INFO - [2023-06-08T19:01:26.124+0000] {dagbag.py:541} INFO - Filling up the DagBag from /home/airflow/.local/lib/python3.7/site-packages/airflow/example_dags/example_task_group_decorator.py
[2023-06-08T19:01:26.132+0000] {processor.py:836} INFO - DAG(s) dict_keys(['example_task_group_decorator']) retrieved from /home/airflow/.local/lib/python3.7/site-packages/airflow/example_dags/example_task_group_decorator.py
[2023-06-08T19:01:26.142+0000] {logging_mixin.py:149} INFO - [2023-06-08T19:01:26.142+0000] {dag.py:2726} INFO - Sync 1 DAGs
[2023-06-08T19:01:26.157+0000] {logging_mixin.py:149} INFO - [2023-06-08T19:01:26.157+0000] {dag.py:3490} INFO - Setting next_dagrun for example_task_group_decorator to 2023-06-07T19:01:26.157217+00:00, run_after=2023-06-08T19:01:26.157217+00:00
[2023-06-08T19:01:26.169+0000] {processor.py:179} INFO - Processing /home/airflow/.local/lib/python3.7/site-packages/airflow/example_dags/example_task_group_decorator.py took 0.049 seconds
[2023-06-08T19:01:57.645+0000] {processor.py:157} INFO - Started process (PID=584) to work on /home/airflow/.local/lib/python3.7/site-packages/airflow/example_dags/example_task_group_decorator.py
[2023-06-08T19:01:57.646+0000] {processor.py:826} INFO - Processing file /home/airflow/.local/lib/python3.7/site-packages/airflow/example_dags/example_task_group_decorator.py for tasks to queue
[2023-06-08T19:01:57.647+0000] {logging_mixin.py:149} INFO - [2023-06-08T19:01:57.647+0000] {dagbag.py:541} INFO - Filling up the DagBag from /home/airflow/.local/lib/python3.7/site-packages/airflow/example_dags/example_task_group_decorator.py
[2023-06-08T19:01:57.655+0000] {processor.py:836} INFO - DAG(s) dict_keys(['example_task_group_decorator']) retrieved from /home/airflow/.local/lib/python3.7/site-packages/airflow/example_dags/example_task_group_decorator.py
[2023-06-08T19:01:57.673+0000] {logging_mixin.py:149} INFO - [2023-06-08T19:01:57.673+0000] {dag.py:2726} INFO - Sync 1 DAGs
[2023-06-08T19:01:57.687+0000] {logging_mixin.py:149} INFO - [2023-06-08T19:01:57.687+0000] {dag.py:3490} INFO - Setting next_dagrun for example_task_group_decorator to 2023-06-07T19:01:57.686955+00:00, run_after=2023-06-08T19:01:57.686955+00:00
[2023-06-08T19:01:57.697+0000] {processor.py:179} INFO - Processing /home/airflow/.local/lib/python3.7/site-packages/airflow/example_dags/example_task_group_decorator.py took 0.054 seconds
[2023-06-08T19:02:27.959+0000] {processor.py:157} INFO - Started process (PID=821) to work on /home/airflow/.local/lib/python3.7/site-packages/airflow/example_dags/example_task_group_decorator.py
[2023-06-08T19:02:27.960+0000] {processor.py:826} INFO - Processing file /home/airflow/.local/lib/python3.7/site-packages/airflow/example_dags/example_task_group_decorator.py for tasks to queue
[2023-06-08T19:02:27.960+0000] {logging_mixin.py:149} INFO - [2023-06-08T19:02:27.960+0000] {dagbag.py:541} INFO - Filling up the DagBag from /home/airflow/.local/lib/python3.7/site-packages/airflow/example_dags/example_task_group_decorator.py
[2023-06-08T19:02:27.969+0000] {processor.py:836} INFO - DAG(s) dict_keys(['example_task_group_decorator']) retrieved from /home/airflow/.local/lib/python3.7/site-packages/airflow/example_dags/example_task_group_decorator.py
[2023-06-08T19:02:27.987+0000] {logging_mixin.py:149} INFO - [2023-06-08T19:02:27.986+0000] {dag.py:2726} INFO - Sync 1 DAGs
[2023-06-08T19:02:28.000+0000] {logging_mixin.py:149} INFO - [2023-06-08T19:02:28.000+0000] {dag.py:3490} INFO - Setting next_dagrun for example_task_group_decorator to 2023-06-07T19:02:28.000324+00:00, run_after=2023-06-08T19:02:28.000324+00:00
[2023-06-08T19:02:28.010+0000] {processor.py:179} INFO - Processing /home/airflow/.local/lib/python3.7/site-packages/airflow/example_dags/example_task_group_decorator.py took 0.053 seconds
[2023-06-08T19:02:59.161+0000] {processor.py:157} INFO - Started process (PID=1108) to work on /home/airflow/.local/lib/python3.7/site-packages/airflow/example_dags/example_task_group_decorator.py
[2023-06-08T19:02:59.162+0000] {processor.py:826} INFO - Processing file /home/airflow/.local/lib/python3.7/site-packages/airflow/example_dags/example_task_group_decorator.py for tasks to queue
[2023-06-08T19:02:59.162+0000] {logging_mixin.py:149} INFO - [2023-06-08T19:02:59.162+0000] {dagbag.py:541} INFO - Filling up the DagBag from /home/airflow/.local/lib/python3.7/site-packages/airflow/example_dags/example_task_group_decorator.py
[2023-06-08T19:02:59.170+0000] {processor.py:836} INFO - DAG(s) dict_keys(['example_task_group_decorator']) retrieved from /home/airflow/.local/lib/python3.7/site-packages/airflow/example_dags/example_task_group_decorator.py
[2023-06-08T19:02:59.188+0000] {logging_mixin.py:149} INFO - [2023-06-08T19:02:59.188+0000] {dag.py:2726} INFO - Sync 1 DAGs
[2023-06-08T19:02:59.202+0000] {logging_mixin.py:149} INFO - [2023-06-08T19:02:59.202+0000] {dag.py:3490} INFO - Setting next_dagrun for example_task_group_decorator to 2023-06-07T19:02:59.201921+00:00, run_after=2023-06-08T19:02:59.201921+00:00
[2023-06-08T19:02:59.211+0000] {processor.py:179} INFO - Processing /home/airflow/.local/lib/python3.7/site-packages/airflow/example_dags/example_task_group_decorator.py took 0.052 seconds
[2023-06-08T19:03:29.503+0000] {processor.py:157} INFO - Started process (PID=1393) to work on /home/airflow/.local/lib/python3.7/site-packages/airflow/example_dags/example_task_group_decorator.py
[2023-06-08T19:03:29.504+0000] {processor.py:826} INFO - Processing file /home/airflow/.local/lib/python3.7/site-packages/airflow/example_dags/example_task_group_decorator.py for tasks to queue
[2023-06-08T19:03:29.505+0000] {logging_mixin.py:149} INFO - [2023-06-08T19:03:29.505+0000] {dagbag.py:541} INFO - Filling up the DagBag from /home/airflow/.local/lib/python3.7/site-packages/airflow/example_dags/example_task_group_decorator.py
[2023-06-08T19:03:29.513+0000] {processor.py:836} INFO - DAG(s) dict_keys(['example_task_group_decorator']) retrieved from /home/airflow/.local/lib/python3.7/site-packages/airflow/example_dags/example_task_group_decorator.py
[2023-06-08T19:03:29.531+0000] {logging_mixin.py:149} INFO - [2023-06-08T19:03:29.531+0000] {dag.py:2726} INFO - Sync 1 DAGs
[2023-06-08T19:03:29.545+0000] {logging_mixin.py:149} INFO - [2023-06-08T19:03:29.545+0000] {dag.py:3490} INFO - Setting next_dagrun for example_task_group_decorator to 2023-06-07T19:03:29.545642+00:00, run_after=2023-06-08T19:03:29.545642+00:00
[2023-06-08T19:03:29.555+0000] {processor.py:179} INFO - Processing /home/airflow/.local/lib/python3.7/site-packages/airflow/example_dags/example_task_group_decorator.py took 0.054 seconds
[2023-06-08T19:03:59.710+0000] {processor.py:157} INFO - Started process (PID=1629) to work on /home/airflow/.local/lib/python3.7/site-packages/airflow/example_dags/example_task_group_decorator.py
[2023-06-08T19:03:59.711+0000] {processor.py:826} INFO - Processing file /home/airflow/.local/lib/python3.7/site-packages/airflow/example_dags/example_task_group_decorator.py for tasks to queue
[2023-06-08T19:03:59.712+0000] {logging_mixin.py:149} INFO - [2023-06-08T19:03:59.712+0000] {dagbag.py:541} INFO - Filling up the DagBag from /home/airflow/.local/lib/python3.7/site-packages/airflow/example_dags/example_task_group_decorator.py
[2023-06-08T19:03:59.720+0000] {processor.py:836} INFO - DAG(s) dict_keys(['example_task_group_decorator']) retrieved from /home/airflow/.local/lib/python3.7/site-packages/airflow/example_dags/example_task_group_decorator.py
[2023-06-08T19:03:59.738+0000] {logging_mixin.py:149} INFO - [2023-06-08T19:03:59.738+0000] {dag.py:2726} INFO - Sync 1 DAGs
[2023-06-08T19:03:59.752+0000] {logging_mixin.py:149} INFO - [2023-06-08T19:03:59.752+0000] {dag.py:3490} INFO - Setting next_dagrun for example_task_group_decorator to 2023-06-07T19:03:59.752278+00:00, run_after=2023-06-08T19:03:59.752278+00:00
[2023-06-08T19:03:59.762+0000] {processor.py:179} INFO - Processing /home/airflow/.local/lib/python3.7/site-packages/airflow/example_dags/example_task_group_decorator.py took 0.054 seconds
[2023-06-08T19:04:30.008+0000] {processor.py:157} INFO - Started process (PID=1866) to work on /home/airflow/.local/lib/python3.7/site-packages/airflow/example_dags/example_task_group_decorator.py
[2023-06-08T19:04:30.009+0000] {processor.py:826} INFO - Processing file /home/airflow/.local/lib/python3.7/site-packages/airflow/example_dags/example_task_group_decorator.py for tasks to queue
[2023-06-08T19:04:30.009+0000] {logging_mixin.py:149} INFO - [2023-06-08T19:04:30.009+0000] {dagbag.py:541} INFO - Filling up the DagBag from /home/airflow/.local/lib/python3.7/site-packages/airflow/example_dags/example_task_group_decorator.py
[2023-06-08T19:04:30.017+0000] {processor.py:836} INFO - DAG(s) dict_keys(['example_task_group_decorator']) retrieved from /home/airflow/.local/lib/python3.7/site-packages/airflow/example_dags/example_task_group_decorator.py
[2023-06-08T19:04:30.035+0000] {logging_mixin.py:149} INFO - [2023-06-08T19:04:30.035+0000] {dag.py:2726} INFO - Sync 1 DAGs
[2023-06-08T19:04:30.048+0000] {logging_mixin.py:149} INFO - [2023-06-08T19:04:30.048+0000] {dag.py:3490} INFO - Setting next_dagrun for example_task_group_decorator to 2023-06-07T19:04:30.048597+00:00, run_after=2023-06-08T19:04:30.048597+00:00
[2023-06-08T19:04:30.058+0000] {processor.py:179} INFO - Processing /home/airflow/.local/lib/python3.7/site-packages/airflow/example_dags/example_task_group_decorator.py took 0.052 seconds
[2023-06-08T19:05:00.239+0000] {processor.py:157} INFO - Started process (PID=2105) to work on /home/airflow/.local/lib/python3.7/site-packages/airflow/example_dags/example_task_group_decorator.py
[2023-06-08T19:05:00.240+0000] {processor.py:826} INFO - Processing file /home/airflow/.local/lib/python3.7/site-packages/airflow/example_dags/example_task_group_decorator.py for tasks to queue
[2023-06-08T19:05:00.241+0000] {logging_mixin.py:149} INFO - [2023-06-08T19:05:00.241+0000] {dagbag.py:541} INFO - Filling up the DagBag from /home/airflow/.local/lib/python3.7/site-packages/airflow/example_dags/example_task_group_decorator.py
[2023-06-08T19:05:00.249+0000] {processor.py:836} INFO - DAG(s) dict_keys(['example_task_group_decorator']) retrieved from /home/airflow/.local/lib/python3.7/site-packages/airflow/example_dags/example_task_group_decorator.py
[2023-06-08T19:05:00.269+0000] {logging_mixin.py:149} INFO - [2023-06-08T19:05:00.269+0000] {dag.py:2726} INFO - Sync 1 DAGs
[2023-06-08T19:05:00.283+0000] {logging_mixin.py:149} INFO - [2023-06-08T19:05:00.283+0000] {dag.py:3490} INFO - Setting next_dagrun for example_task_group_decorator to 2023-06-07T19:05:00.283609+00:00, run_after=2023-06-08T19:05:00.283609+00:00
[2023-06-08T19:05:00.293+0000] {processor.py:179} INFO - Processing /home/airflow/.local/lib/python3.7/site-packages/airflow/example_dags/example_task_group_decorator.py took 0.056 seconds
[2023-06-08T19:05:30.472+0000] {processor.py:157} INFO - Started process (PID=2340) to work on /home/airflow/.local/lib/python3.7/site-packages/airflow/example_dags/example_task_group_decorator.py
[2023-06-08T19:05:30.473+0000] {processor.py:826} INFO - Processing file /home/airflow/.local/lib/python3.7/site-packages/airflow/example_dags/example_task_group_decorator.py for tasks to queue
[2023-06-08T19:05:30.474+0000] {logging_mixin.py:149} INFO - [2023-06-08T19:05:30.474+0000] {dagbag.py:541} INFO - Filling up the DagBag from /home/airflow/.local/lib/python3.7/site-packages/airflow/example_dags/example_task_group_decorator.py
[2023-06-08T19:05:30.482+0000] {processor.py:836} INFO - DAG(s) dict_keys(['example_task_group_decorator']) retrieved from /home/airflow/.local/lib/python3.7/site-packages/airflow/example_dags/example_task_group_decorator.py
[2023-06-08T19:05:30.501+0000] {logging_mixin.py:149} INFO - [2023-06-08T19:05:30.500+0000] {dag.py:2726} INFO - Sync 1 DAGs
[2023-06-08T19:05:30.516+0000] {logging_mixin.py:149} INFO - [2023-06-08T19:05:30.515+0000] {dag.py:3490} INFO - Setting next_dagrun for example_task_group_decorator to 2023-06-07T19:05:30.515784+00:00, run_after=2023-06-08T19:05:30.515784+00:00
[2023-06-08T19:05:30.525+0000] {processor.py:179} INFO - Processing /home/airflow/.local/lib/python3.7/site-packages/airflow/example_dags/example_task_group_decorator.py took 0.056 seconds
[2023-06-08T19:06:00.848+0000] {processor.py:157} INFO - Started process (PID=2579) to work on /home/airflow/.local/lib/python3.7/site-packages/airflow/example_dags/example_task_group_decorator.py
[2023-06-08T19:06:00.849+0000] {processor.py:826} INFO - Processing file /home/airflow/.local/lib/python3.7/site-packages/airflow/example_dags/example_task_group_decorator.py for tasks to queue
[2023-06-08T19:06:00.850+0000] {logging_mixin.py:149} INFO - [2023-06-08T19:06:00.850+0000] {dagbag.py:541} INFO - Filling up the DagBag from /home/airflow/.local/lib/python3.7/site-packages/airflow/example_dags/example_task_group_decorator.py
[2023-06-08T19:06:00.858+0000] {processor.py:836} INFO - DAG(s) dict_keys(['example_task_group_decorator']) retrieved from /home/airflow/.local/lib/python3.7/site-packages/airflow/example_dags/example_task_group_decorator.py
[2023-06-08T19:06:00.877+0000] {logging_mixin.py:149} INFO - [2023-06-08T19:06:00.877+0000] {dag.py:2726} INFO - Sync 1 DAGs
[2023-06-08T19:06:00.890+0000] {logging_mixin.py:149} INFO - [2023-06-08T19:06:00.890+0000] {dag.py:3490} INFO - Setting next_dagrun for example_task_group_decorator to 2023-06-07T19:06:00.890714+00:00, run_after=2023-06-08T19:06:00.890714+00:00
[2023-06-08T19:06:00.900+0000] {processor.py:179} INFO - Processing /home/airflow/.local/lib/python3.7/site-packages/airflow/example_dags/example_task_group_decorator.py took 0.054 seconds
[2023-06-08T19:06:31.184+0000] {processor.py:157} INFO - Started process (PID=2816) to work on /home/airflow/.local/lib/python3.7/site-packages/airflow/example_dags/example_task_group_decorator.py
[2023-06-08T19:06:31.185+0000] {processor.py:826} INFO - Processing file /home/airflow/.local/lib/python3.7/site-packages/airflow/example_dags/example_task_group_decorator.py for tasks to queue
[2023-06-08T19:06:31.186+0000] {logging_mixin.py:149} INFO - [2023-06-08T19:06:31.186+0000] {dagbag.py:541} INFO - Filling up the DagBag from /home/airflow/.local/lib/python3.7/site-packages/airflow/example_dags/example_task_group_decorator.py
[2023-06-08T19:06:31.193+0000] {processor.py:836} INFO - DAG(s) dict_keys(['example_task_group_decorator']) retrieved from /home/airflow/.local/lib/python3.7/site-packages/airflow/example_dags/example_task_group_decorator.py
[2023-06-08T19:06:31.211+0000] {logging_mixin.py:149} INFO - [2023-06-08T19:06:31.211+0000] {dag.py:2726} INFO - Sync 1 DAGs
[2023-06-08T19:06:31.226+0000] {logging_mixin.py:149} INFO - [2023-06-08T19:06:31.226+0000] {dag.py:3490} INFO - Setting next_dagrun for example_task_group_decorator to 2023-06-07T19:06:31.225861+00:00, run_after=2023-06-08T19:06:31.225861+00:00
[2023-06-08T19:06:31.235+0000] {processor.py:179} INFO - Processing /home/airflow/.local/lib/python3.7/site-packages/airflow/example_dags/example_task_group_decorator.py took 0.053 seconds
[2023-06-08T19:07:01.490+0000] {processor.py:157} INFO - Started process (PID=3053) to work on /home/airflow/.local/lib/python3.7/site-packages/airflow/example_dags/example_task_group_decorator.py
[2023-06-08T19:07:01.491+0000] {processor.py:826} INFO - Processing file /home/airflow/.local/lib/python3.7/site-packages/airflow/example_dags/example_task_group_decorator.py for tasks to queue
[2023-06-08T19:07:01.492+0000] {logging_mixin.py:149} INFO - [2023-06-08T19:07:01.492+0000] {dagbag.py:541} INFO - Filling up the DagBag from /home/airflow/.local/lib/python3.7/site-packages/airflow/example_dags/example_task_group_decorator.py
[2023-06-08T19:07:01.500+0000] {processor.py:836} INFO - DAG(s) dict_keys(['example_task_group_decorator']) retrieved from /home/airflow/.local/lib/python3.7/site-packages/airflow/example_dags/example_task_group_decorator.py
[2023-06-08T19:07:01.520+0000] {logging_mixin.py:149} INFO - [2023-06-08T19:07:01.519+0000] {dag.py:2726} INFO - Sync 1 DAGs
[2023-06-08T19:07:01.534+0000] {logging_mixin.py:149} INFO - [2023-06-08T19:07:01.534+0000] {dag.py:3490} INFO - Setting next_dagrun for example_task_group_decorator to 2023-06-07T19:07:01.534278+00:00, run_after=2023-06-08T19:07:01.534278+00:00
[2023-06-08T19:07:01.544+0000] {processor.py:179} INFO - Processing /home/airflow/.local/lib/python3.7/site-packages/airflow/example_dags/example_task_group_decorator.py took 0.056 seconds
[2023-06-08T19:07:31.811+0000] {processor.py:157} INFO - Started process (PID=3290) to work on /home/airflow/.local/lib/python3.7/site-packages/airflow/example_dags/example_task_group_decorator.py
[2023-06-08T19:07:31.812+0000] {processor.py:826} INFO - Processing file /home/airflow/.local/lib/python3.7/site-packages/airflow/example_dags/example_task_group_decorator.py for tasks to queue
[2023-06-08T19:07:31.812+0000] {logging_mixin.py:149} INFO - [2023-06-08T19:07:31.812+0000] {dagbag.py:541} INFO - Filling up the DagBag from /home/airflow/.local/lib/python3.7/site-packages/airflow/example_dags/example_task_group_decorator.py
[2023-06-08T19:07:31.820+0000] {processor.py:836} INFO - DAG(s) dict_keys(['example_task_group_decorator']) retrieved from /home/airflow/.local/lib/python3.7/site-packages/airflow/example_dags/example_task_group_decorator.py
[2023-06-08T19:07:31.839+0000] {logging_mixin.py:149} INFO - [2023-06-08T19:07:31.839+0000] {dag.py:2726} INFO - Sync 1 DAGs
[2023-06-08T19:07:31.853+0000] {logging_mixin.py:149} INFO - [2023-06-08T19:07:31.853+0000] {dag.py:3490} INFO - Setting next_dagrun for example_task_group_decorator to 2023-06-07T19:07:31.853396+00:00, run_after=2023-06-08T19:07:31.853396+00:00
[2023-06-08T19:07:31.862+0000] {processor.py:179} INFO - Processing /home/airflow/.local/lib/python3.7/site-packages/airflow/example_dags/example_task_group_decorator.py took 0.054 seconds
[2023-06-08T19:08:01.990+0000] {processor.py:157} INFO - Started process (PID=3525) to work on /home/airflow/.local/lib/python3.7/site-packages/airflow/example_dags/example_task_group_decorator.py
[2023-06-08T19:08:01.991+0000] {processor.py:826} INFO - Processing file /home/airflow/.local/lib/python3.7/site-packages/airflow/example_dags/example_task_group_decorator.py for tasks to queue
[2023-06-08T19:08:01.991+0000] {logging_mixin.py:149} INFO - [2023-06-08T19:08:01.991+0000] {dagbag.py:541} INFO - Filling up the DagBag from /home/airflow/.local/lib/python3.7/site-packages/airflow/example_dags/example_task_group_decorator.py
[2023-06-08T19:08:02.000+0000] {processor.py:836} INFO - DAG(s) dict_keys(['example_task_group_decorator']) retrieved from /home/airflow/.local/lib/python3.7/site-packages/airflow/example_dags/example_task_group_decorator.py
[2023-06-08T19:08:02.017+0000] {logging_mixin.py:149} INFO - [2023-06-08T19:08:02.017+0000] {dag.py:2726} INFO - Sync 1 DAGs
[2023-06-08T19:08:02.030+0000] {logging_mixin.py:149} INFO - [2023-06-08T19:08:02.030+0000] {dag.py:3490} INFO - Setting next_dagrun for example_task_group_decorator to 2023-06-07T19:08:02.030316+00:00, run_after=2023-06-08T19:08:02.030316+00:00
[2023-06-08T19:08:02.040+0000] {processor.py:179} INFO - Processing /home/airflow/.local/lib/python3.7/site-packages/airflow/example_dags/example_task_group_decorator.py took 0.053 seconds
[2023-06-08T19:08:32.435+0000] {processor.py:157} INFO - Started process (PID=3764) to work on /home/airflow/.local/lib/python3.7/site-packages/airflow/example_dags/example_task_group_decorator.py
[2023-06-08T19:08:32.436+0000] {processor.py:826} INFO - Processing file /home/airflow/.local/lib/python3.7/site-packages/airflow/example_dags/example_task_group_decorator.py for tasks to queue
[2023-06-08T19:08:32.437+0000] {logging_mixin.py:149} INFO - [2023-06-08T19:08:32.437+0000] {dagbag.py:541} INFO - Filling up the DagBag from /home/airflow/.local/lib/python3.7/site-packages/airflow/example_dags/example_task_group_decorator.py
[2023-06-08T19:08:32.445+0000] {processor.py:836} INFO - DAG(s) dict_keys(['example_task_group_decorator']) retrieved from /home/airflow/.local/lib/python3.7/site-packages/airflow/example_dags/example_task_group_decorator.py
[2023-06-08T19:08:32.467+0000] {logging_mixin.py:149} INFO - [2023-06-08T19:08:32.466+0000] {dag.py:2726} INFO - Sync 1 DAGs
[2023-06-08T19:08:32.487+0000] {logging_mixin.py:149} INFO - [2023-06-08T19:08:32.487+0000] {dag.py:3490} INFO - Setting next_dagrun for example_task_group_decorator to 2023-06-07T19:08:32.487619+00:00, run_after=2023-06-08T19:08:32.487619+00:00
[2023-06-08T19:08:32.499+0000] {processor.py:179} INFO - Processing /home/airflow/.local/lib/python3.7/site-packages/airflow/example_dags/example_task_group_decorator.py took 0.066 seconds
[2023-06-08T19:09:02.640+0000] {processor.py:157} INFO - Started process (PID=3999) to work on /home/airflow/.local/lib/python3.7/site-packages/airflow/example_dags/example_task_group_decorator.py
[2023-06-08T19:09:02.641+0000] {processor.py:826} INFO - Processing file /home/airflow/.local/lib/python3.7/site-packages/airflow/example_dags/example_task_group_decorator.py for tasks to queue
[2023-06-08T19:09:02.641+0000] {logging_mixin.py:149} INFO - [2023-06-08T19:09:02.641+0000] {dagbag.py:541} INFO - Filling up the DagBag from /home/airflow/.local/lib/python3.7/site-packages/airflow/example_dags/example_task_group_decorator.py
[2023-06-08T19:09:02.650+0000] {processor.py:836} INFO - DAG(s) dict_keys(['example_task_group_decorator']) retrieved from /home/airflow/.local/lib/python3.7/site-packages/airflow/example_dags/example_task_group_decorator.py
[2023-06-08T19:09:02.668+0000] {logging_mixin.py:149} INFO - [2023-06-08T19:09:02.668+0000] {dag.py:2726} INFO - Sync 1 DAGs
[2023-06-08T19:09:02.683+0000] {logging_mixin.py:149} INFO - [2023-06-08T19:09:02.683+0000] {dag.py:3490} INFO - Setting next_dagrun for example_task_group_decorator to 2023-06-07T19:09:02.683256+00:00, run_after=2023-06-08T19:09:02.683256+00:00
[2023-06-08T19:09:02.693+0000] {processor.py:179} INFO - Processing /home/airflow/.local/lib/python3.7/site-packages/airflow/example_dags/example_task_group_decorator.py took 0.055 seconds
[2023-06-08T19:09:33.885+0000] {processor.py:157} INFO - Started process (PID=4238) to work on /home/airflow/.local/lib/python3.7/site-packages/airflow/example_dags/example_task_group_decorator.py
[2023-06-08T19:09:33.886+0000] {processor.py:826} INFO - Processing file /home/airflow/.local/lib/python3.7/site-packages/airflow/example_dags/example_task_group_decorator.py for tasks to queue
[2023-06-08T19:09:33.887+0000] {logging_mixin.py:149} INFO - [2023-06-08T19:09:33.887+0000] {dagbag.py:541} INFO - Filling up the DagBag from /home/airflow/.local/lib/python3.7/site-packages/airflow/example_dags/example_task_group_decorator.py
[2023-06-08T19:09:33.895+0000] {processor.py:836} INFO - DAG(s) dict_keys(['example_task_group_decorator']) retrieved from /home/airflow/.local/lib/python3.7/site-packages/airflow/example_dags/example_task_group_decorator.py
[2023-06-08T19:09:33.914+0000] {logging_mixin.py:149} INFO - [2023-06-08T19:09:33.913+0000] {dag.py:2726} INFO - Sync 1 DAGs
[2023-06-08T19:09:33.927+0000] {logging_mixin.py:149} INFO - [2023-06-08T19:09:33.927+0000] {dag.py:3490} INFO - Setting next_dagrun for example_task_group_decorator to 2023-06-07T19:09:33.927471+00:00, run_after=2023-06-08T19:09:33.927471+00:00
[2023-06-08T19:09:33.937+0000] {processor.py:179} INFO - Processing /home/airflow/.local/lib/python3.7/site-packages/airflow/example_dags/example_task_group_decorator.py took 0.054 seconds
[2023-06-08T19:10:04.156+0000] {processor.py:157} INFO - Started process (PID=4475) to work on /home/airflow/.local/lib/python3.7/site-packages/airflow/example_dags/example_task_group_decorator.py
[2023-06-08T19:10:04.157+0000] {processor.py:826} INFO - Processing file /home/airflow/.local/lib/python3.7/site-packages/airflow/example_dags/example_task_group_decorator.py for tasks to queue
[2023-06-08T19:10:04.157+0000] {logging_mixin.py:149} INFO - [2023-06-08T19:10:04.157+0000] {dagbag.py:541} INFO - Filling up the DagBag from /home/airflow/.local/lib/python3.7/site-packages/airflow/example_dags/example_task_group_decorator.py
[2023-06-08T19:10:04.166+0000] {processor.py:836} INFO - DAG(s) dict_keys(['example_task_group_decorator']) retrieved from /home/airflow/.local/lib/python3.7/site-packages/airflow/example_dags/example_task_group_decorator.py
[2023-06-08T19:10:04.185+0000] {logging_mixin.py:149} INFO - [2023-06-08T19:10:04.184+0000] {dag.py:2726} INFO - Sync 1 DAGs
[2023-06-08T19:10:04.198+0000] {logging_mixin.py:149} INFO - [2023-06-08T19:10:04.198+0000] {dag.py:3490} INFO - Setting next_dagrun for example_task_group_decorator to 2023-06-07T19:10:04.198631+00:00, run_after=2023-06-08T19:10:04.198631+00:00
[2023-06-08T19:10:04.208+0000] {processor.py:179} INFO - Processing /home/airflow/.local/lib/python3.7/site-packages/airflow/example_dags/example_task_group_decorator.py took 0.054 seconds
[2023-06-08T19:10:34.443+0000] {processor.py:157} INFO - Started process (PID=4712) to work on /home/airflow/.local/lib/python3.7/site-packages/airflow/example_dags/example_task_group_decorator.py
[2023-06-08T19:10:34.444+0000] {processor.py:826} INFO - Processing file /home/airflow/.local/lib/python3.7/site-packages/airflow/example_dags/example_task_group_decorator.py for tasks to queue
[2023-06-08T19:10:34.445+0000] {logging_mixin.py:149} INFO - [2023-06-08T19:10:34.445+0000] {dagbag.py:541} INFO - Filling up the DagBag from /home/airflow/.local/lib/python3.7/site-packages/airflow/example_dags/example_task_group_decorator.py
[2023-06-08T19:10:34.453+0000] {processor.py:836} INFO - DAG(s) dict_keys(['example_task_group_decorator']) retrieved from /home/airflow/.local/lib/python3.7/site-packages/airflow/example_dags/example_task_group_decorator.py
[2023-06-08T19:10:34.472+0000] {logging_mixin.py:149} INFO - [2023-06-08T19:10:34.472+0000] {dag.py:2726} INFO - Sync 1 DAGs
[2023-06-08T19:10:34.487+0000] {logging_mixin.py:149} INFO - [2023-06-08T19:10:34.487+0000] {dag.py:3490} INFO - Setting next_dagrun for example_task_group_decorator to 2023-06-07T19:10:34.487198+00:00, run_after=2023-06-08T19:10:34.487198+00:00
[2023-06-08T19:10:34.497+0000] {processor.py:179} INFO - Processing /home/airflow/.local/lib/python3.7/site-packages/airflow/example_dags/example_task_group_decorator.py took 0.057 seconds
[2023-06-08T19:11:04.760+0000] {processor.py:157} INFO - Started process (PID=4949) to work on /home/airflow/.local/lib/python3.7/site-packages/airflow/example_dags/example_task_group_decorator.py
[2023-06-08T19:11:04.760+0000] {processor.py:826} INFO - Processing file /home/airflow/.local/lib/python3.7/site-packages/airflow/example_dags/example_task_group_decorator.py for tasks to queue
[2023-06-08T19:11:04.761+0000] {logging_mixin.py:149} INFO - [2023-06-08T19:11:04.761+0000] {dagbag.py:541} INFO - Filling up the DagBag from /home/airflow/.local/lib/python3.7/site-packages/airflow/example_dags/example_task_group_decorator.py
[2023-06-08T19:11:04.769+0000] {processor.py:836} INFO - DAG(s) dict_keys(['example_task_group_decorator']) retrieved from /home/airflow/.local/lib/python3.7/site-packages/airflow/example_dags/example_task_group_decorator.py
[2023-06-08T19:11:04.789+0000] {logging_mixin.py:149} INFO - [2023-06-08T19:11:04.789+0000] {dag.py:2726} INFO - Sync 1 DAGs
[2023-06-08T19:11:04.804+0000] {logging_mixin.py:149} INFO - [2023-06-08T19:11:04.804+0000] {dag.py:3490} INFO - Setting next_dagrun for example_task_group_decorator to 2023-06-07T19:11:04.803962+00:00, run_after=2023-06-08T19:11:04.803962+00:00
[2023-06-08T19:11:04.814+0000] {processor.py:179} INFO - Processing /home/airflow/.local/lib/python3.7/site-packages/airflow/example_dags/example_task_group_decorator.py took 0.057 seconds
[2023-06-08T19:11:34.973+0000] {processor.py:157} INFO - Started process (PID=5184) to work on /home/airflow/.local/lib/python3.7/site-packages/airflow/example_dags/example_task_group_decorator.py
[2023-06-08T19:11:34.974+0000] {processor.py:826} INFO - Processing file /home/airflow/.local/lib/python3.7/site-packages/airflow/example_dags/example_task_group_decorator.py for tasks to queue
[2023-06-08T19:11:34.975+0000] {logging_mixin.py:149} INFO - [2023-06-08T19:11:34.975+0000] {dagbag.py:541} INFO - Filling up the DagBag from /home/airflow/.local/lib/python3.7/site-packages/airflow/example_dags/example_task_group_decorator.py
[2023-06-08T19:11:34.983+0000] {processor.py:836} INFO - DAG(s) dict_keys(['example_task_group_decorator']) retrieved from /home/airflow/.local/lib/python3.7/site-packages/airflow/example_dags/example_task_group_decorator.py
[2023-06-08T19:11:35.001+0000] {logging_mixin.py:149} INFO - [2023-06-08T19:11:35.001+0000] {dag.py:2726} INFO - Sync 1 DAGs
[2023-06-08T19:11:35.015+0000] {logging_mixin.py:149} INFO - [2023-06-08T19:11:35.015+0000] {dag.py:3490} INFO - Setting next_dagrun for example_task_group_decorator to 2023-06-07T19:11:35.015006+00:00, run_after=2023-06-08T19:11:35.015006+00:00
[2023-06-08T19:11:35.024+0000] {processor.py:179} INFO - Processing /home/airflow/.local/lib/python3.7/site-packages/airflow/example_dags/example_task_group_decorator.py took 0.053 seconds
[2023-06-08T19:12:05.239+0000] {processor.py:157} INFO - Started process (PID=5421) to work on /home/airflow/.local/lib/python3.7/site-packages/airflow/example_dags/example_task_group_decorator.py
[2023-06-08T19:12:05.240+0000] {processor.py:826} INFO - Processing file /home/airflow/.local/lib/python3.7/site-packages/airflow/example_dags/example_task_group_decorator.py for tasks to queue
[2023-06-08T19:12:05.240+0000] {logging_mixin.py:149} INFO - [2023-06-08T19:12:05.240+0000] {dagbag.py:541} INFO - Filling up the DagBag from /home/airflow/.local/lib/python3.7/site-packages/airflow/example_dags/example_task_group_decorator.py
[2023-06-08T19:12:05.248+0000] {processor.py:836} INFO - DAG(s) dict_keys(['example_task_group_decorator']) retrieved from /home/airflow/.local/lib/python3.7/site-packages/airflow/example_dags/example_task_group_decorator.py
[2023-06-08T19:12:05.265+0000] {logging_mixin.py:149} INFO - [2023-06-08T19:12:05.265+0000] {dag.py:2726} INFO - Sync 1 DAGs
[2023-06-08T19:12:05.278+0000] {logging_mixin.py:149} INFO - [2023-06-08T19:12:05.278+0000] {dag.py:3490} INFO - Setting next_dagrun for example_task_group_decorator to 2023-06-07T19:12:05.278731+00:00, run_after=2023-06-08T19:12:05.278731+00:00
[2023-06-08T19:12:05.288+0000] {processor.py:179} INFO - Processing /home/airflow/.local/lib/python3.7/site-packages/airflow/example_dags/example_task_group_decorator.py took 0.052 seconds
[2023-06-08T19:12:35.493+0000] {processor.py:157} INFO - Started process (PID=5659) to work on /home/airflow/.local/lib/python3.7/site-packages/airflow/example_dags/example_task_group_decorator.py
[2023-06-08T19:12:35.494+0000] {processor.py:826} INFO - Processing file /home/airflow/.local/lib/python3.7/site-packages/airflow/example_dags/example_task_group_decorator.py for tasks to queue
[2023-06-08T19:12:35.495+0000] {logging_mixin.py:149} INFO - [2023-06-08T19:12:35.495+0000] {dagbag.py:541} INFO - Filling up the DagBag from /home/airflow/.local/lib/python3.7/site-packages/airflow/example_dags/example_task_group_decorator.py
[2023-06-08T19:12:35.503+0000] {processor.py:836} INFO - DAG(s) dict_keys(['example_task_group_decorator']) retrieved from /home/airflow/.local/lib/python3.7/site-packages/airflow/example_dags/example_task_group_decorator.py
[2023-06-08T19:12:35.521+0000] {logging_mixin.py:149} INFO - [2023-06-08T19:12:35.521+0000] {dag.py:2726} INFO - Sync 1 DAGs
[2023-06-08T19:12:35.535+0000] {logging_mixin.py:149} INFO - [2023-06-08T19:12:35.535+0000] {dag.py:3490} INFO - Setting next_dagrun for example_task_group_decorator to 2023-06-07T19:12:35.535192+00:00, run_after=2023-06-08T19:12:35.535192+00:00
[2023-06-08T19:12:35.544+0000] {processor.py:179} INFO - Processing /home/airflow/.local/lib/python3.7/site-packages/airflow/example_dags/example_task_group_decorator.py took 0.053 seconds
[2023-06-08T19:13:05.811+0000] {processor.py:157} INFO - Started process (PID=5898) to work on /home/airflow/.local/lib/python3.7/site-packages/airflow/example_dags/example_task_group_decorator.py
[2023-06-08T19:13:05.812+0000] {processor.py:826} INFO - Processing file /home/airflow/.local/lib/python3.7/site-packages/airflow/example_dags/example_task_group_decorator.py for tasks to queue
[2023-06-08T19:13:05.813+0000] {logging_mixin.py:149} INFO - [2023-06-08T19:13:05.813+0000] {dagbag.py:541} INFO - Filling up the DagBag from /home/airflow/.local/lib/python3.7/site-packages/airflow/example_dags/example_task_group_decorator.py
[2023-06-08T19:13:05.821+0000] {processor.py:836} INFO - DAG(s) dict_keys(['example_task_group_decorator']) retrieved from /home/airflow/.local/lib/python3.7/site-packages/airflow/example_dags/example_task_group_decorator.py
[2023-06-08T19:13:05.839+0000] {logging_mixin.py:149} INFO - [2023-06-08T19:13:05.839+0000] {dag.py:2726} INFO - Sync 1 DAGs
[2023-06-08T19:13:05.854+0000] {logging_mixin.py:149} INFO - [2023-06-08T19:13:05.854+0000] {dag.py:3490} INFO - Setting next_dagrun for example_task_group_decorator to 2023-06-07T19:13:05.853899+00:00, run_after=2023-06-08T19:13:05.853899+00:00
[2023-06-08T19:13:05.863+0000] {processor.py:179} INFO - Processing /home/airflow/.local/lib/python3.7/site-packages/airflow/example_dags/example_task_group_decorator.py took 0.055 seconds
[2023-06-08T19:13:36.080+0000] {processor.py:157} INFO - Started process (PID=6133) to work on /home/airflow/.local/lib/python3.7/site-packages/airflow/example_dags/example_task_group_decorator.py
[2023-06-08T19:13:36.081+0000] {processor.py:826} INFO - Processing file /home/airflow/.local/lib/python3.7/site-packages/airflow/example_dags/example_task_group_decorator.py for tasks to queue
[2023-06-08T19:13:36.082+0000] {logging_mixin.py:149} INFO - [2023-06-08T19:13:36.082+0000] {dagbag.py:541} INFO - Filling up the DagBag from /home/airflow/.local/lib/python3.7/site-packages/airflow/example_dags/example_task_group_decorator.py
[2023-06-08T19:13:36.090+0000] {processor.py:836} INFO - DAG(s) dict_keys(['example_task_group_decorator']) retrieved from /home/airflow/.local/lib/python3.7/site-packages/airflow/example_dags/example_task_group_decorator.py
[2023-06-08T19:13:36.109+0000] {logging_mixin.py:149} INFO - [2023-06-08T19:13:36.109+0000] {dag.py:2726} INFO - Sync 1 DAGs
[2023-06-08T19:13:36.123+0000] {logging_mixin.py:149} INFO - [2023-06-08T19:13:36.123+0000] {dag.py:3490} INFO - Setting next_dagrun for example_task_group_decorator to 2023-06-07T19:13:36.123461+00:00, run_after=2023-06-08T19:13:36.123461+00:00
[2023-06-08T19:13:36.133+0000] {processor.py:179} INFO - Processing /home/airflow/.local/lib/python3.7/site-packages/airflow/example_dags/example_task_group_decorator.py took 0.055 seconds
[2023-06-08T19:14:07.257+0000] {processor.py:157} INFO - Started process (PID=6372) to work on /home/airflow/.local/lib/python3.7/site-packages/airflow/example_dags/example_task_group_decorator.py
[2023-06-08T19:14:07.258+0000] {processor.py:826} INFO - Processing file /home/airflow/.local/lib/python3.7/site-packages/airflow/example_dags/example_task_group_decorator.py for tasks to queue
[2023-06-08T19:14:07.259+0000] {logging_mixin.py:149} INFO - [2023-06-08T19:14:07.259+0000] {dagbag.py:541} INFO - Filling up the DagBag from /home/airflow/.local/lib/python3.7/site-packages/airflow/example_dags/example_task_group_decorator.py
[2023-06-08T19:14:07.267+0000] {processor.py:836} INFO - DAG(s) dict_keys(['example_task_group_decorator']) retrieved from /home/airflow/.local/lib/python3.7/site-packages/airflow/example_dags/example_task_group_decorator.py
[2023-06-08T19:14:07.286+0000] {logging_mixin.py:149} INFO - [2023-06-08T19:14:07.286+0000] {dag.py:2726} INFO - Sync 1 DAGs
[2023-06-08T19:14:07.300+0000] {logging_mixin.py:149} INFO - [2023-06-08T19:14:07.300+0000] {dag.py:3490} INFO - Setting next_dagrun for example_task_group_decorator to 2023-06-07T19:14:07.300714+00:00, run_after=2023-06-08T19:14:07.300714+00:00
[2023-06-08T19:14:07.310+0000] {processor.py:179} INFO - Processing /home/airflow/.local/lib/python3.7/site-packages/airflow/example_dags/example_task_group_decorator.py took 0.055 seconds
[2023-06-08T19:14:37.570+0000] {processor.py:157} INFO - Started process (PID=6610) to work on /home/airflow/.local/lib/python3.7/site-packages/airflow/example_dags/example_task_group_decorator.py
[2023-06-08T19:14:37.571+0000] {processor.py:826} INFO - Processing file /home/airflow/.local/lib/python3.7/site-packages/airflow/example_dags/example_task_group_decorator.py for tasks to queue
[2023-06-08T19:14:37.571+0000] {logging_mixin.py:149} INFO - [2023-06-08T19:14:37.571+0000] {dagbag.py:541} INFO - Filling up the DagBag from /home/airflow/.local/lib/python3.7/site-packages/airflow/example_dags/example_task_group_decorator.py
[2023-06-08T19:14:37.579+0000] {processor.py:836} INFO - DAG(s) dict_keys(['example_task_group_decorator']) retrieved from /home/airflow/.local/lib/python3.7/site-packages/airflow/example_dags/example_task_group_decorator.py
[2023-06-08T19:14:37.597+0000] {logging_mixin.py:149} INFO - [2023-06-08T19:14:37.597+0000] {dag.py:2726} INFO - Sync 1 DAGs
[2023-06-08T19:14:37.610+0000] {logging_mixin.py:149} INFO - [2023-06-08T19:14:37.610+0000] {dag.py:3490} INFO - Setting next_dagrun for example_task_group_decorator to 2023-06-07T19:14:37.610647+00:00, run_after=2023-06-08T19:14:37.610647+00:00
[2023-06-08T19:14:37.620+0000] {processor.py:179} INFO - Processing /home/airflow/.local/lib/python3.7/site-packages/airflow/example_dags/example_task_group_decorator.py took 0.052 seconds
[2023-06-08T19:15:08.773+0000] {processor.py:157} INFO - Started process (PID=6847) to work on /home/airflow/.local/lib/python3.7/site-packages/airflow/example_dags/example_task_group_decorator.py
[2023-06-08T19:15:08.774+0000] {processor.py:826} INFO - Processing file /home/airflow/.local/lib/python3.7/site-packages/airflow/example_dags/example_task_group_decorator.py for tasks to queue
[2023-06-08T19:15:08.774+0000] {logging_mixin.py:149} INFO - [2023-06-08T19:15:08.774+0000] {dagbag.py:541} INFO - Filling up the DagBag from /home/airflow/.local/lib/python3.7/site-packages/airflow/example_dags/example_task_group_decorator.py
[2023-06-08T19:15:08.782+0000] {processor.py:836} INFO - DAG(s) dict_keys(['example_task_group_decorator']) retrieved from /home/airflow/.local/lib/python3.7/site-packages/airflow/example_dags/example_task_group_decorator.py
[2023-06-08T19:15:08.801+0000] {logging_mixin.py:149} INFO - [2023-06-08T19:15:08.801+0000] {dag.py:2726} INFO - Sync 1 DAGs
[2023-06-08T19:15:08.815+0000] {logging_mixin.py:149} INFO - [2023-06-08T19:15:08.815+0000] {dag.py:3490} INFO - Setting next_dagrun for example_task_group_decorator to 2023-06-07T19:15:08.815623+00:00, run_after=2023-06-08T19:15:08.815623+00:00
[2023-06-08T19:15:08.825+0000] {processor.py:179} INFO - Processing /home/airflow/.local/lib/python3.7/site-packages/airflow/example_dags/example_task_group_decorator.py took 0.055 seconds
