[2023-06-08T19:01:25.040+0000] {processor.py:157} INFO - Started process (PID=267) to work on /home/airflow/.local/lib/python3.7/site-packages/airflow/example_dags/example_time_delta_sensor_async.py
[2023-06-08T19:01:25.041+0000] {processor.py:826} INFO - Processing file /home/airflow/.local/lib/python3.7/site-packages/airflow/example_dags/example_time_delta_sensor_async.py for tasks to queue
[2023-06-08T19:01:25.042+0000] {logging_mixin.py:149} INFO - [2023-06-08T19:01:25.041+0000] {dagbag.py:541} INFO - Filling up the DagBag from /home/airflow/.local/lib/python3.7/site-packages/airflow/example_dags/example_time_delta_sensor_async.py
[2023-06-08T19:01:25.047+0000] {processor.py:836} INFO - DAG(s) dict_keys(['example_time_delta_sensor_async']) retrieved from /home/airflow/.local/lib/python3.7/site-packages/airflow/example_dags/example_time_delta_sensor_async.py
[2023-06-08T19:01:25.057+0000] {logging_mixin.py:149} INFO - [2023-06-08T19:01:25.057+0000] {dag.py:2726} INFO - Sync 1 DAGs
[2023-06-08T19:01:25.072+0000] {logging_mixin.py:149} INFO - [2023-06-08T19:01:25.071+0000] {dag.py:3490} INFO - Setting next_dagrun for example_time_delta_sensor_async to None, run_after=None
[2023-06-08T19:01:25.081+0000] {processor.py:179} INFO - Processing /home/airflow/.local/lib/python3.7/site-packages/airflow/example_dags/example_time_delta_sensor_async.py took 0.044 seconds
[2023-06-08T19:01:56.478+0000] {processor.py:157} INFO - Started process (PID=504) to work on /home/airflow/.local/lib/python3.7/site-packages/airflow/example_dags/example_time_delta_sensor_async.py
[2023-06-08T19:01:56.479+0000] {processor.py:826} INFO - Processing file /home/airflow/.local/lib/python3.7/site-packages/airflow/example_dags/example_time_delta_sensor_async.py for tasks to queue
[2023-06-08T19:01:56.480+0000] {logging_mixin.py:149} INFO - [2023-06-08T19:01:56.480+0000] {dagbag.py:541} INFO - Filling up the DagBag from /home/airflow/.local/lib/python3.7/site-packages/airflow/example_dags/example_time_delta_sensor_async.py
[2023-06-08T19:01:56.483+0000] {processor.py:836} INFO - DAG(s) dict_keys(['example_time_delta_sensor_async']) retrieved from /home/airflow/.local/lib/python3.7/site-packages/airflow/example_dags/example_time_delta_sensor_async.py
[2023-06-08T19:01:56.578+0000] {logging_mixin.py:149} INFO - [2023-06-08T19:01:56.578+0000] {dag.py:2726} INFO - Sync 1 DAGs
[2023-06-08T19:01:56.591+0000] {logging_mixin.py:149} INFO - [2023-06-08T19:01:56.591+0000] {dag.py:3490} INFO - Setting next_dagrun for example_time_delta_sensor_async to None, run_after=None
[2023-06-08T19:01:56.600+0000] {processor.py:179} INFO - Processing /home/airflow/.local/lib/python3.7/site-packages/airflow/example_dags/example_time_delta_sensor_async.py took 0.124 seconds
[2023-06-08T19:02:27.239+0000] {processor.py:157} INFO - Started process (PID=741) to work on /home/airflow/.local/lib/python3.7/site-packages/airflow/example_dags/example_time_delta_sensor_async.py
[2023-06-08T19:02:27.240+0000] {processor.py:826} INFO - Processing file /home/airflow/.local/lib/python3.7/site-packages/airflow/example_dags/example_time_delta_sensor_async.py for tasks to queue
[2023-06-08T19:02:27.241+0000] {logging_mixin.py:149} INFO - [2023-06-08T19:02:27.241+0000] {dagbag.py:541} INFO - Filling up the DagBag from /home/airflow/.local/lib/python3.7/site-packages/airflow/example_dags/example_time_delta_sensor_async.py
[2023-06-08T19:02:27.244+0000] {processor.py:836} INFO - DAG(s) dict_keys(['example_time_delta_sensor_async']) retrieved from /home/airflow/.local/lib/python3.7/site-packages/airflow/example_dags/example_time_delta_sensor_async.py
[2023-06-08T19:02:27.261+0000] {logging_mixin.py:149} INFO - [2023-06-08T19:02:27.261+0000] {dag.py:2726} INFO - Sync 1 DAGs
[2023-06-08T19:02:27.275+0000] {logging_mixin.py:149} INFO - [2023-06-08T19:02:27.275+0000] {dag.py:3490} INFO - Setting next_dagrun for example_time_delta_sensor_async to None, run_after=None
[2023-06-08T19:02:27.285+0000] {processor.py:179} INFO - Processing /home/airflow/.local/lib/python3.7/site-packages/airflow/example_dags/example_time_delta_sensor_async.py took 0.048 seconds
[2023-06-08T19:02:57.382+0000] {processor.py:157} INFO - Started process (PID=1026) to work on /home/airflow/.local/lib/python3.7/site-packages/airflow/example_dags/example_time_delta_sensor_async.py
[2023-06-08T19:02:57.383+0000] {processor.py:826} INFO - Processing file /home/airflow/.local/lib/python3.7/site-packages/airflow/example_dags/example_time_delta_sensor_async.py for tasks to queue
[2023-06-08T19:02:57.383+0000] {logging_mixin.py:149} INFO - [2023-06-08T19:02:57.383+0000] {dagbag.py:541} INFO - Filling up the DagBag from /home/airflow/.local/lib/python3.7/site-packages/airflow/example_dags/example_time_delta_sensor_async.py
[2023-06-08T19:02:57.386+0000] {processor.py:836} INFO - DAG(s) dict_keys(['example_time_delta_sensor_async']) retrieved from /home/airflow/.local/lib/python3.7/site-packages/airflow/example_dags/example_time_delta_sensor_async.py
[2023-06-08T19:02:57.403+0000] {logging_mixin.py:149} INFO - [2023-06-08T19:02:57.403+0000] {dag.py:2726} INFO - Sync 1 DAGs
[2023-06-08T19:02:57.416+0000] {logging_mixin.py:149} INFO - [2023-06-08T19:02:57.416+0000] {dag.py:3490} INFO - Setting next_dagrun for example_time_delta_sensor_async to None, run_after=None
[2023-06-08T19:02:57.425+0000] {processor.py:179} INFO - Processing /home/airflow/.local/lib/python3.7/site-packages/airflow/example_dags/example_time_delta_sensor_async.py took 0.046 seconds
[2023-06-08T19:03:27.660+0000] {processor.py:157} INFO - Started process (PID=1311) to work on /home/airflow/.local/lib/python3.7/site-packages/airflow/example_dags/example_time_delta_sensor_async.py
[2023-06-08T19:03:27.661+0000] {processor.py:826} INFO - Processing file /home/airflow/.local/lib/python3.7/site-packages/airflow/example_dags/example_time_delta_sensor_async.py for tasks to queue
[2023-06-08T19:03:27.662+0000] {logging_mixin.py:149} INFO - [2023-06-08T19:03:27.662+0000] {dagbag.py:541} INFO - Filling up the DagBag from /home/airflow/.local/lib/python3.7/site-packages/airflow/example_dags/example_time_delta_sensor_async.py
[2023-06-08T19:03:27.665+0000] {processor.py:836} INFO - DAG(s) dict_keys(['example_time_delta_sensor_async']) retrieved from /home/airflow/.local/lib/python3.7/site-packages/airflow/example_dags/example_time_delta_sensor_async.py
[2023-06-08T19:03:27.682+0000] {logging_mixin.py:149} INFO - [2023-06-08T19:03:27.682+0000] {dag.py:2726} INFO - Sync 1 DAGs
[2023-06-08T19:03:27.697+0000] {logging_mixin.py:149} INFO - [2023-06-08T19:03:27.697+0000] {dag.py:3490} INFO - Setting next_dagrun for example_time_delta_sensor_async to None, run_after=None
[2023-06-08T19:03:27.706+0000] {processor.py:179} INFO - Processing /home/airflow/.local/lib/python3.7/site-packages/airflow/example_dags/example_time_delta_sensor_async.py took 0.048 seconds
[2023-06-08T19:03:57.913+0000] {processor.py:157} INFO - Started process (PID=1549) to work on /home/airflow/.local/lib/python3.7/site-packages/airflow/example_dags/example_time_delta_sensor_async.py
[2023-06-08T19:03:57.914+0000] {processor.py:826} INFO - Processing file /home/airflow/.local/lib/python3.7/site-packages/airflow/example_dags/example_time_delta_sensor_async.py for tasks to queue
[2023-06-08T19:03:57.915+0000] {logging_mixin.py:149} INFO - [2023-06-08T19:03:57.915+0000] {dagbag.py:541} INFO - Filling up the DagBag from /home/airflow/.local/lib/python3.7/site-packages/airflow/example_dags/example_time_delta_sensor_async.py
[2023-06-08T19:03:57.918+0000] {processor.py:836} INFO - DAG(s) dict_keys(['example_time_delta_sensor_async']) retrieved from /home/airflow/.local/lib/python3.7/site-packages/airflow/example_dags/example_time_delta_sensor_async.py
[2023-06-08T19:03:57.936+0000] {logging_mixin.py:149} INFO - [2023-06-08T19:03:57.936+0000] {dag.py:2726} INFO - Sync 1 DAGs
[2023-06-08T19:03:57.952+0000] {logging_mixin.py:149} INFO - [2023-06-08T19:03:57.952+0000] {dag.py:3490} INFO - Setting next_dagrun for example_time_delta_sensor_async to None, run_after=None
[2023-06-08T19:03:57.962+0000] {processor.py:179} INFO - Processing /home/airflow/.local/lib/python3.7/site-packages/airflow/example_dags/example_time_delta_sensor_async.py took 0.051 seconds
[2023-06-08T19:04:28.161+0000] {processor.py:157} INFO - Started process (PID=1786) to work on /home/airflow/.local/lib/python3.7/site-packages/airflow/example_dags/example_time_delta_sensor_async.py
[2023-06-08T19:04:28.162+0000] {processor.py:826} INFO - Processing file /home/airflow/.local/lib/python3.7/site-packages/airflow/example_dags/example_time_delta_sensor_async.py for tasks to queue
[2023-06-08T19:04:28.163+0000] {logging_mixin.py:149} INFO - [2023-06-08T19:04:28.163+0000] {dagbag.py:541} INFO - Filling up the DagBag from /home/airflow/.local/lib/python3.7/site-packages/airflow/example_dags/example_time_delta_sensor_async.py
[2023-06-08T19:04:28.166+0000] {processor.py:836} INFO - DAG(s) dict_keys(['example_time_delta_sensor_async']) retrieved from /home/airflow/.local/lib/python3.7/site-packages/airflow/example_dags/example_time_delta_sensor_async.py
[2023-06-08T19:04:28.183+0000] {logging_mixin.py:149} INFO - [2023-06-08T19:04:28.183+0000] {dag.py:2726} INFO - Sync 1 DAGs
[2023-06-08T19:04:28.198+0000] {logging_mixin.py:149} INFO - [2023-06-08T19:04:28.198+0000] {dag.py:3490} INFO - Setting next_dagrun for example_time_delta_sensor_async to None, run_after=None
[2023-06-08T19:04:28.207+0000] {processor.py:179} INFO - Processing /home/airflow/.local/lib/python3.7/site-packages/airflow/example_dags/example_time_delta_sensor_async.py took 0.048 seconds
[2023-06-08T19:04:58.404+0000] {processor.py:157} INFO - Started process (PID=2023) to work on /home/airflow/.local/lib/python3.7/site-packages/airflow/example_dags/example_time_delta_sensor_async.py
[2023-06-08T19:04:58.405+0000] {processor.py:826} INFO - Processing file /home/airflow/.local/lib/python3.7/site-packages/airflow/example_dags/example_time_delta_sensor_async.py for tasks to queue
[2023-06-08T19:04:58.406+0000] {logging_mixin.py:149} INFO - [2023-06-08T19:04:58.406+0000] {dagbag.py:541} INFO - Filling up the DagBag from /home/airflow/.local/lib/python3.7/site-packages/airflow/example_dags/example_time_delta_sensor_async.py
[2023-06-08T19:04:58.409+0000] {processor.py:836} INFO - DAG(s) dict_keys(['example_time_delta_sensor_async']) retrieved from /home/airflow/.local/lib/python3.7/site-packages/airflow/example_dags/example_time_delta_sensor_async.py
[2023-06-08T19:04:58.425+0000] {logging_mixin.py:149} INFO - [2023-06-08T19:04:58.425+0000] {dag.py:2726} INFO - Sync 1 DAGs
[2023-06-08T19:04:58.440+0000] {logging_mixin.py:149} INFO - [2023-06-08T19:04:58.440+0000] {dag.py:3490} INFO - Setting next_dagrun for example_time_delta_sensor_async to None, run_after=None
[2023-06-08T19:04:58.450+0000] {processor.py:179} INFO - Processing /home/airflow/.local/lib/python3.7/site-packages/airflow/example_dags/example_time_delta_sensor_async.py took 0.048 seconds
[2023-06-08T19:05:28.685+0000] {processor.py:157} INFO - Started process (PID=2260) to work on /home/airflow/.local/lib/python3.7/site-packages/airflow/example_dags/example_time_delta_sensor_async.py
[2023-06-08T19:05:28.686+0000] {processor.py:826} INFO - Processing file /home/airflow/.local/lib/python3.7/site-packages/airflow/example_dags/example_time_delta_sensor_async.py for tasks to queue
[2023-06-08T19:05:28.686+0000] {logging_mixin.py:149} INFO - [2023-06-08T19:05:28.686+0000] {dagbag.py:541} INFO - Filling up the DagBag from /home/airflow/.local/lib/python3.7/site-packages/airflow/example_dags/example_time_delta_sensor_async.py
[2023-06-08T19:05:28.690+0000] {processor.py:836} INFO - DAG(s) dict_keys(['example_time_delta_sensor_async']) retrieved from /home/airflow/.local/lib/python3.7/site-packages/airflow/example_dags/example_time_delta_sensor_async.py
[2023-06-08T19:05:28.707+0000] {logging_mixin.py:149} INFO - [2023-06-08T19:05:28.707+0000] {dag.py:2726} INFO - Sync 1 DAGs
[2023-06-08T19:05:28.721+0000] {logging_mixin.py:149} INFO - [2023-06-08T19:05:28.721+0000] {dag.py:3490} INFO - Setting next_dagrun for example_time_delta_sensor_async to None, run_after=None
[2023-06-08T19:05:28.731+0000] {processor.py:179} INFO - Processing /home/airflow/.local/lib/python3.7/site-packages/airflow/example_dags/example_time_delta_sensor_async.py took 0.049 seconds
[2023-06-08T19:05:59.073+0000] {processor.py:157} INFO - Started process (PID=2497) to work on /home/airflow/.local/lib/python3.7/site-packages/airflow/example_dags/example_time_delta_sensor_async.py
[2023-06-08T19:05:59.074+0000] {processor.py:826} INFO - Processing file /home/airflow/.local/lib/python3.7/site-packages/airflow/example_dags/example_time_delta_sensor_async.py for tasks to queue
[2023-06-08T19:05:59.075+0000] {logging_mixin.py:149} INFO - [2023-06-08T19:05:59.075+0000] {dagbag.py:541} INFO - Filling up the DagBag from /home/airflow/.local/lib/python3.7/site-packages/airflow/example_dags/example_time_delta_sensor_async.py
[2023-06-08T19:05:59.078+0000] {processor.py:836} INFO - DAG(s) dict_keys(['example_time_delta_sensor_async']) retrieved from /home/airflow/.local/lib/python3.7/site-packages/airflow/example_dags/example_time_delta_sensor_async.py
[2023-06-08T19:05:59.095+0000] {logging_mixin.py:149} INFO - [2023-06-08T19:05:59.095+0000] {dag.py:2726} INFO - Sync 1 DAGs
[2023-06-08T19:05:59.109+0000] {logging_mixin.py:149} INFO - [2023-06-08T19:05:59.108+0000] {dag.py:3490} INFO - Setting next_dagrun for example_time_delta_sensor_async to None, run_after=None
[2023-06-08T19:05:59.118+0000] {processor.py:179} INFO - Processing /home/airflow/.local/lib/python3.7/site-packages/airflow/example_dags/example_time_delta_sensor_async.py took 0.048 seconds
[2023-06-08T19:06:29.356+0000] {processor.py:157} INFO - Started process (PID=2734) to work on /home/airflow/.local/lib/python3.7/site-packages/airflow/example_dags/example_time_delta_sensor_async.py
[2023-06-08T19:06:29.357+0000] {processor.py:826} INFO - Processing file /home/airflow/.local/lib/python3.7/site-packages/airflow/example_dags/example_time_delta_sensor_async.py for tasks to queue
[2023-06-08T19:06:29.358+0000] {logging_mixin.py:149} INFO - [2023-06-08T19:06:29.358+0000] {dagbag.py:541} INFO - Filling up the DagBag from /home/airflow/.local/lib/python3.7/site-packages/airflow/example_dags/example_time_delta_sensor_async.py
[2023-06-08T19:06:29.361+0000] {processor.py:836} INFO - DAG(s) dict_keys(['example_time_delta_sensor_async']) retrieved from /home/airflow/.local/lib/python3.7/site-packages/airflow/example_dags/example_time_delta_sensor_async.py
[2023-06-08T19:06:29.378+0000] {logging_mixin.py:149} INFO - [2023-06-08T19:06:29.378+0000] {dag.py:2726} INFO - Sync 1 DAGs
[2023-06-08T19:06:29.392+0000] {logging_mixin.py:149} INFO - [2023-06-08T19:06:29.392+0000] {dag.py:3490} INFO - Setting next_dagrun for example_time_delta_sensor_async to None, run_after=None
[2023-06-08T19:06:29.401+0000] {processor.py:179} INFO - Processing /home/airflow/.local/lib/python3.7/site-packages/airflow/example_dags/example_time_delta_sensor_async.py took 0.048 seconds
[2023-06-08T19:06:59.690+0000] {processor.py:157} INFO - Started process (PID=2973) to work on /home/airflow/.local/lib/python3.7/site-packages/airflow/example_dags/example_time_delta_sensor_async.py
[2023-06-08T19:06:59.691+0000] {processor.py:826} INFO - Processing file /home/airflow/.local/lib/python3.7/site-packages/airflow/example_dags/example_time_delta_sensor_async.py for tasks to queue
[2023-06-08T19:06:59.691+0000] {logging_mixin.py:149} INFO - [2023-06-08T19:06:59.691+0000] {dagbag.py:541} INFO - Filling up the DagBag from /home/airflow/.local/lib/python3.7/site-packages/airflow/example_dags/example_time_delta_sensor_async.py
[2023-06-08T19:06:59.694+0000] {processor.py:836} INFO - DAG(s) dict_keys(['example_time_delta_sensor_async']) retrieved from /home/airflow/.local/lib/python3.7/site-packages/airflow/example_dags/example_time_delta_sensor_async.py
[2023-06-08T19:06:59.710+0000] {logging_mixin.py:149} INFO - [2023-06-08T19:06:59.710+0000] {dag.py:2726} INFO - Sync 1 DAGs
[2023-06-08T19:06:59.724+0000] {logging_mixin.py:149} INFO - [2023-06-08T19:06:59.724+0000] {dag.py:3490} INFO - Setting next_dagrun for example_time_delta_sensor_async to None, run_after=None
[2023-06-08T19:06:59.734+0000] {processor.py:179} INFO - Processing /home/airflow/.local/lib/python3.7/site-packages/airflow/example_dags/example_time_delta_sensor_async.py took 0.047 seconds
[2023-06-08T19:07:30.006+0000] {processor.py:157} INFO - Started process (PID=3208) to work on /home/airflow/.local/lib/python3.7/site-packages/airflow/example_dags/example_time_delta_sensor_async.py
[2023-06-08T19:07:30.007+0000] {processor.py:826} INFO - Processing file /home/airflow/.local/lib/python3.7/site-packages/airflow/example_dags/example_time_delta_sensor_async.py for tasks to queue
[2023-06-08T19:07:30.008+0000] {logging_mixin.py:149} INFO - [2023-06-08T19:07:30.008+0000] {dagbag.py:541} INFO - Filling up the DagBag from /home/airflow/.local/lib/python3.7/site-packages/airflow/example_dags/example_time_delta_sensor_async.py
[2023-06-08T19:07:30.011+0000] {processor.py:836} INFO - DAG(s) dict_keys(['example_time_delta_sensor_async']) retrieved from /home/airflow/.local/lib/python3.7/site-packages/airflow/example_dags/example_time_delta_sensor_async.py
[2023-06-08T19:07:30.028+0000] {logging_mixin.py:149} INFO - [2023-06-08T19:07:30.028+0000] {dag.py:2726} INFO - Sync 1 DAGs
[2023-06-08T19:07:30.041+0000] {logging_mixin.py:149} INFO - [2023-06-08T19:07:30.041+0000] {dag.py:3490} INFO - Setting next_dagrun for example_time_delta_sensor_async to None, run_after=None
[2023-06-08T19:07:30.051+0000] {processor.py:179} INFO - Processing /home/airflow/.local/lib/python3.7/site-packages/airflow/example_dags/example_time_delta_sensor_async.py took 0.047 seconds
[2023-06-08T19:08:00.234+0000] {processor.py:157} INFO - Started process (PID=3445) to work on /home/airflow/.local/lib/python3.7/site-packages/airflow/example_dags/example_time_delta_sensor_async.py
[2023-06-08T19:08:00.235+0000] {processor.py:826} INFO - Processing file /home/airflow/.local/lib/python3.7/site-packages/airflow/example_dags/example_time_delta_sensor_async.py for tasks to queue
[2023-06-08T19:08:00.236+0000] {logging_mixin.py:149} INFO - [2023-06-08T19:08:00.236+0000] {dagbag.py:541} INFO - Filling up the DagBag from /home/airflow/.local/lib/python3.7/site-packages/airflow/example_dags/example_time_delta_sensor_async.py
[2023-06-08T19:08:00.239+0000] {processor.py:836} INFO - DAG(s) dict_keys(['example_time_delta_sensor_async']) retrieved from /home/airflow/.local/lib/python3.7/site-packages/airflow/example_dags/example_time_delta_sensor_async.py
[2023-06-08T19:08:00.256+0000] {logging_mixin.py:149} INFO - [2023-06-08T19:08:00.256+0000] {dag.py:2726} INFO - Sync 1 DAGs
[2023-06-08T19:08:00.271+0000] {logging_mixin.py:149} INFO - [2023-06-08T19:08:00.271+0000] {dag.py:3490} INFO - Setting next_dagrun for example_time_delta_sensor_async to None, run_after=None
[2023-06-08T19:08:00.280+0000] {processor.py:179} INFO - Processing /home/airflow/.local/lib/python3.7/site-packages/airflow/example_dags/example_time_delta_sensor_async.py took 0.048 seconds
[2023-06-08T19:08:30.593+0000] {processor.py:157} INFO - Started process (PID=3682) to work on /home/airflow/.local/lib/python3.7/site-packages/airflow/example_dags/example_time_delta_sensor_async.py
[2023-06-08T19:08:30.594+0000] {processor.py:826} INFO - Processing file /home/airflow/.local/lib/python3.7/site-packages/airflow/example_dags/example_time_delta_sensor_async.py for tasks to queue
[2023-06-08T19:08:30.595+0000] {logging_mixin.py:149} INFO - [2023-06-08T19:08:30.595+0000] {dagbag.py:541} INFO - Filling up the DagBag from /home/airflow/.local/lib/python3.7/site-packages/airflow/example_dags/example_time_delta_sensor_async.py
[2023-06-08T19:08:30.598+0000] {processor.py:836} INFO - DAG(s) dict_keys(['example_time_delta_sensor_async']) retrieved from /home/airflow/.local/lib/python3.7/site-packages/airflow/example_dags/example_time_delta_sensor_async.py
[2023-06-08T19:08:30.615+0000] {logging_mixin.py:149} INFO - [2023-06-08T19:08:30.615+0000] {dag.py:2726} INFO - Sync 1 DAGs
[2023-06-08T19:08:30.629+0000] {logging_mixin.py:149} INFO - [2023-06-08T19:08:30.629+0000] {dag.py:3490} INFO - Setting next_dagrun for example_time_delta_sensor_async to None, run_after=None
[2023-06-08T19:08:30.639+0000] {processor.py:179} INFO - Processing /home/airflow/.local/lib/python3.7/site-packages/airflow/example_dags/example_time_delta_sensor_async.py took 0.048 seconds
[2023-06-08T19:09:00.864+0000] {processor.py:157} INFO - Started process (PID=3919) to work on /home/airflow/.local/lib/python3.7/site-packages/airflow/example_dags/example_time_delta_sensor_async.py
[2023-06-08T19:09:00.865+0000] {processor.py:826} INFO - Processing file /home/airflow/.local/lib/python3.7/site-packages/airflow/example_dags/example_time_delta_sensor_async.py for tasks to queue
[2023-06-08T19:09:00.866+0000] {logging_mixin.py:149} INFO - [2023-06-08T19:09:00.866+0000] {dagbag.py:541} INFO - Filling up the DagBag from /home/airflow/.local/lib/python3.7/site-packages/airflow/example_dags/example_time_delta_sensor_async.py
[2023-06-08T19:09:00.869+0000] {processor.py:836} INFO - DAG(s) dict_keys(['example_time_delta_sensor_async']) retrieved from /home/airflow/.local/lib/python3.7/site-packages/airflow/example_dags/example_time_delta_sensor_async.py
[2023-06-08T19:09:00.886+0000] {logging_mixin.py:149} INFO - [2023-06-08T19:09:00.886+0000] {dag.py:2726} INFO - Sync 1 DAGs
[2023-06-08T19:09:00.901+0000] {logging_mixin.py:149} INFO - [2023-06-08T19:09:00.901+0000] {dag.py:3490} INFO - Setting next_dagrun for example_time_delta_sensor_async to None, run_after=None
[2023-06-08T19:09:00.909+0000] {processor.py:179} INFO - Processing /home/airflow/.local/lib/python3.7/site-packages/airflow/example_dags/example_time_delta_sensor_async.py took 0.048 seconds
[2023-06-08T19:09:31.047+0000] {processor.py:157} INFO - Started process (PID=4156) to work on /home/airflow/.local/lib/python3.7/site-packages/airflow/example_dags/example_time_delta_sensor_async.py
[2023-06-08T19:09:31.048+0000] {processor.py:826} INFO - Processing file /home/airflow/.local/lib/python3.7/site-packages/airflow/example_dags/example_time_delta_sensor_async.py for tasks to queue
[2023-06-08T19:09:31.049+0000] {logging_mixin.py:149} INFO - [2023-06-08T19:09:31.049+0000] {dagbag.py:541} INFO - Filling up the DagBag from /home/airflow/.local/lib/python3.7/site-packages/airflow/example_dags/example_time_delta_sensor_async.py
[2023-06-08T19:09:31.052+0000] {processor.py:836} INFO - DAG(s) dict_keys(['example_time_delta_sensor_async']) retrieved from /home/airflow/.local/lib/python3.7/site-packages/airflow/example_dags/example_time_delta_sensor_async.py
[2023-06-08T19:09:31.069+0000] {logging_mixin.py:149} INFO - [2023-06-08T19:09:31.069+0000] {dag.py:2726} INFO - Sync 1 DAGs
[2023-06-08T19:09:31.084+0000] {logging_mixin.py:149} INFO - [2023-06-08T19:09:31.084+0000] {dag.py:3490} INFO - Setting next_dagrun for example_time_delta_sensor_async to None, run_after=None
[2023-06-08T19:09:31.093+0000] {processor.py:179} INFO - Processing /home/airflow/.local/lib/python3.7/site-packages/airflow/example_dags/example_time_delta_sensor_async.py took 0.048 seconds
[2023-06-08T19:10:01.352+0000] {processor.py:157} INFO - Started process (PID=4393) to work on /home/airflow/.local/lib/python3.7/site-packages/airflow/example_dags/example_time_delta_sensor_async.py
[2023-06-08T19:10:01.353+0000] {processor.py:826} INFO - Processing file /home/airflow/.local/lib/python3.7/site-packages/airflow/example_dags/example_time_delta_sensor_async.py for tasks to queue
[2023-06-08T19:10:01.353+0000] {logging_mixin.py:149} INFO - [2023-06-08T19:10:01.353+0000] {dagbag.py:541} INFO - Filling up the DagBag from /home/airflow/.local/lib/python3.7/site-packages/airflow/example_dags/example_time_delta_sensor_async.py
[2023-06-08T19:10:01.356+0000] {processor.py:836} INFO - DAG(s) dict_keys(['example_time_delta_sensor_async']) retrieved from /home/airflow/.local/lib/python3.7/site-packages/airflow/example_dags/example_time_delta_sensor_async.py
[2023-06-08T19:10:01.373+0000] {logging_mixin.py:149} INFO - [2023-06-08T19:10:01.373+0000] {dag.py:2726} INFO - Sync 1 DAGs
[2023-06-08T19:10:01.387+0000] {logging_mixin.py:149} INFO - [2023-06-08T19:10:01.387+0000] {dag.py:3490} INFO - Setting next_dagrun for example_time_delta_sensor_async to None, run_after=None
[2023-06-08T19:10:01.398+0000] {processor.py:179} INFO - Processing /home/airflow/.local/lib/python3.7/site-packages/airflow/example_dags/example_time_delta_sensor_async.py took 0.049 seconds
[2023-06-08T19:10:31.594+0000] {processor.py:157} INFO - Started process (PID=4630) to work on /home/airflow/.local/lib/python3.7/site-packages/airflow/example_dags/example_time_delta_sensor_async.py
[2023-06-08T19:10:31.595+0000] {processor.py:826} INFO - Processing file /home/airflow/.local/lib/python3.7/site-packages/airflow/example_dags/example_time_delta_sensor_async.py for tasks to queue
[2023-06-08T19:10:31.595+0000] {logging_mixin.py:149} INFO - [2023-06-08T19:10:31.595+0000] {dagbag.py:541} INFO - Filling up the DagBag from /home/airflow/.local/lib/python3.7/site-packages/airflow/example_dags/example_time_delta_sensor_async.py
[2023-06-08T19:10:31.598+0000] {processor.py:836} INFO - DAG(s) dict_keys(['example_time_delta_sensor_async']) retrieved from /home/airflow/.local/lib/python3.7/site-packages/airflow/example_dags/example_time_delta_sensor_async.py
[2023-06-08T19:10:31.617+0000] {logging_mixin.py:149} INFO - [2023-06-08T19:10:31.617+0000] {dag.py:2726} INFO - Sync 1 DAGs
[2023-06-08T19:10:31.631+0000] {logging_mixin.py:149} INFO - [2023-06-08T19:10:31.631+0000] {dag.py:3490} INFO - Setting next_dagrun for example_time_delta_sensor_async to None, run_after=None
[2023-06-08T19:10:31.641+0000] {processor.py:179} INFO - Processing /home/airflow/.local/lib/python3.7/site-packages/airflow/example_dags/example_time_delta_sensor_async.py took 0.050 seconds
[2023-06-08T19:11:01.922+0000] {processor.py:157} INFO - Started process (PID=4867) to work on /home/airflow/.local/lib/python3.7/site-packages/airflow/example_dags/example_time_delta_sensor_async.py
[2023-06-08T19:11:01.923+0000] {processor.py:826} INFO - Processing file /home/airflow/.local/lib/python3.7/site-packages/airflow/example_dags/example_time_delta_sensor_async.py for tasks to queue
[2023-06-08T19:11:01.924+0000] {logging_mixin.py:149} INFO - [2023-06-08T19:11:01.924+0000] {dagbag.py:541} INFO - Filling up the DagBag from /home/airflow/.local/lib/python3.7/site-packages/airflow/example_dags/example_time_delta_sensor_async.py
[2023-06-08T19:11:01.927+0000] {processor.py:836} INFO - DAG(s) dict_keys(['example_time_delta_sensor_async']) retrieved from /home/airflow/.local/lib/python3.7/site-packages/airflow/example_dags/example_time_delta_sensor_async.py
[2023-06-08T19:11:01.944+0000] {logging_mixin.py:149} INFO - [2023-06-08T19:11:01.944+0000] {dag.py:2726} INFO - Sync 1 DAGs
[2023-06-08T19:11:01.958+0000] {logging_mixin.py:149} INFO - [2023-06-08T19:11:01.958+0000] {dag.py:3490} INFO - Setting next_dagrun for example_time_delta_sensor_async to None, run_after=None
[2023-06-08T19:11:01.968+0000] {processor.py:179} INFO - Processing /home/airflow/.local/lib/python3.7/site-packages/airflow/example_dags/example_time_delta_sensor_async.py took 0.048 seconds
[2023-06-08T19:11:32.161+0000] {processor.py:157} INFO - Started process (PID=5104) to work on /home/airflow/.local/lib/python3.7/site-packages/airflow/example_dags/example_time_delta_sensor_async.py
[2023-06-08T19:11:32.163+0000] {processor.py:826} INFO - Processing file /home/airflow/.local/lib/python3.7/site-packages/airflow/example_dags/example_time_delta_sensor_async.py for tasks to queue
[2023-06-08T19:11:32.163+0000] {logging_mixin.py:149} INFO - [2023-06-08T19:11:32.163+0000] {dagbag.py:541} INFO - Filling up the DagBag from /home/airflow/.local/lib/python3.7/site-packages/airflow/example_dags/example_time_delta_sensor_async.py
[2023-06-08T19:11:32.166+0000] {processor.py:836} INFO - DAG(s) dict_keys(['example_time_delta_sensor_async']) retrieved from /home/airflow/.local/lib/python3.7/site-packages/airflow/example_dags/example_time_delta_sensor_async.py
[2023-06-08T19:11:32.183+0000] {logging_mixin.py:149} INFO - [2023-06-08T19:11:32.183+0000] {dag.py:2726} INFO - Sync 1 DAGs
[2023-06-08T19:11:32.198+0000] {logging_mixin.py:149} INFO - [2023-06-08T19:11:32.198+0000] {dag.py:3490} INFO - Setting next_dagrun for example_time_delta_sensor_async to None, run_after=None
[2023-06-08T19:11:32.208+0000] {processor.py:179} INFO - Processing /home/airflow/.local/lib/python3.7/site-packages/airflow/example_dags/example_time_delta_sensor_async.py took 0.049 seconds
[2023-06-08T19:12:02.436+0000] {processor.py:157} INFO - Started process (PID=5341) to work on /home/airflow/.local/lib/python3.7/site-packages/airflow/example_dags/example_time_delta_sensor_async.py
[2023-06-08T19:12:02.437+0000] {processor.py:826} INFO - Processing file /home/airflow/.local/lib/python3.7/site-packages/airflow/example_dags/example_time_delta_sensor_async.py for tasks to queue
[2023-06-08T19:12:02.438+0000] {logging_mixin.py:149} INFO - [2023-06-08T19:12:02.438+0000] {dagbag.py:541} INFO - Filling up the DagBag from /home/airflow/.local/lib/python3.7/site-packages/airflow/example_dags/example_time_delta_sensor_async.py
[2023-06-08T19:12:02.441+0000] {processor.py:836} INFO - DAG(s) dict_keys(['example_time_delta_sensor_async']) retrieved from /home/airflow/.local/lib/python3.7/site-packages/airflow/example_dags/example_time_delta_sensor_async.py
[2023-06-08T19:12:02.458+0000] {logging_mixin.py:149} INFO - [2023-06-08T19:12:02.458+0000] {dag.py:2726} INFO - Sync 1 DAGs
[2023-06-08T19:12:02.472+0000] {logging_mixin.py:149} INFO - [2023-06-08T19:12:02.472+0000] {dag.py:3490} INFO - Setting next_dagrun for example_time_delta_sensor_async to None, run_after=None
[2023-06-08T19:12:02.482+0000] {processor.py:179} INFO - Processing /home/airflow/.local/lib/python3.7/site-packages/airflow/example_dags/example_time_delta_sensor_async.py took 0.049 seconds
[2023-06-08T19:12:32.653+0000] {processor.py:157} INFO - Started process (PID=5579) to work on /home/airflow/.local/lib/python3.7/site-packages/airflow/example_dags/example_time_delta_sensor_async.py
[2023-06-08T19:12:32.654+0000] {processor.py:826} INFO - Processing file /home/airflow/.local/lib/python3.7/site-packages/airflow/example_dags/example_time_delta_sensor_async.py for tasks to queue
[2023-06-08T19:12:32.654+0000] {logging_mixin.py:149} INFO - [2023-06-08T19:12:32.654+0000] {dagbag.py:541} INFO - Filling up the DagBag from /home/airflow/.local/lib/python3.7/site-packages/airflow/example_dags/example_time_delta_sensor_async.py
[2023-06-08T19:12:32.658+0000] {processor.py:836} INFO - DAG(s) dict_keys(['example_time_delta_sensor_async']) retrieved from /home/airflow/.local/lib/python3.7/site-packages/airflow/example_dags/example_time_delta_sensor_async.py
[2023-06-08T19:12:32.675+0000] {logging_mixin.py:149} INFO - [2023-06-08T19:12:32.675+0000] {dag.py:2726} INFO - Sync 1 DAGs
[2023-06-08T19:12:32.689+0000] {logging_mixin.py:149} INFO - [2023-06-08T19:12:32.689+0000] {dag.py:3490} INFO - Setting next_dagrun for example_time_delta_sensor_async to None, run_after=None
[2023-06-08T19:12:32.698+0000] {processor.py:179} INFO - Processing /home/airflow/.local/lib/python3.7/site-packages/airflow/example_dags/example_time_delta_sensor_async.py took 0.048 seconds
[2023-06-08T19:13:02.967+0000] {processor.py:157} INFO - Started process (PID=5816) to work on /home/airflow/.local/lib/python3.7/site-packages/airflow/example_dags/example_time_delta_sensor_async.py
[2023-06-08T19:13:02.968+0000] {processor.py:826} INFO - Processing file /home/airflow/.local/lib/python3.7/site-packages/airflow/example_dags/example_time_delta_sensor_async.py for tasks to queue
[2023-06-08T19:13:02.969+0000] {logging_mixin.py:149} INFO - [2023-06-08T19:13:02.969+0000] {dagbag.py:541} INFO - Filling up the DagBag from /home/airflow/.local/lib/python3.7/site-packages/airflow/example_dags/example_time_delta_sensor_async.py
[2023-06-08T19:13:02.972+0000] {processor.py:836} INFO - DAG(s) dict_keys(['example_time_delta_sensor_async']) retrieved from /home/airflow/.local/lib/python3.7/site-packages/airflow/example_dags/example_time_delta_sensor_async.py
[2023-06-08T19:13:02.989+0000] {logging_mixin.py:149} INFO - [2023-06-08T19:13:02.989+0000] {dag.py:2726} INFO - Sync 1 DAGs
[2023-06-08T19:13:03.004+0000] {logging_mixin.py:149} INFO - [2023-06-08T19:13:03.004+0000] {dag.py:3490} INFO - Setting next_dagrun for example_time_delta_sensor_async to None, run_after=None
[2023-06-08T19:13:03.013+0000] {processor.py:179} INFO - Processing /home/airflow/.local/lib/python3.7/site-packages/airflow/example_dags/example_time_delta_sensor_async.py took 0.048 seconds
[2023-06-08T19:13:33.335+0000] {processor.py:157} INFO - Started process (PID=6053) to work on /home/airflow/.local/lib/python3.7/site-packages/airflow/example_dags/example_time_delta_sensor_async.py
[2023-06-08T19:13:33.336+0000] {processor.py:826} INFO - Processing file /home/airflow/.local/lib/python3.7/site-packages/airflow/example_dags/example_time_delta_sensor_async.py for tasks to queue
[2023-06-08T19:13:33.337+0000] {logging_mixin.py:149} INFO - [2023-06-08T19:13:33.336+0000] {dagbag.py:541} INFO - Filling up the DagBag from /home/airflow/.local/lib/python3.7/site-packages/airflow/example_dags/example_time_delta_sensor_async.py
[2023-06-08T19:13:33.340+0000] {processor.py:836} INFO - DAG(s) dict_keys(['example_time_delta_sensor_async']) retrieved from /home/airflow/.local/lib/python3.7/site-packages/airflow/example_dags/example_time_delta_sensor_async.py
[2023-06-08T19:13:33.357+0000] {logging_mixin.py:149} INFO - [2023-06-08T19:13:33.357+0000] {dag.py:2726} INFO - Sync 1 DAGs
[2023-06-08T19:13:33.373+0000] {logging_mixin.py:149} INFO - [2023-06-08T19:13:33.373+0000] {dag.py:3490} INFO - Setting next_dagrun for example_time_delta_sensor_async to None, run_after=None
[2023-06-08T19:13:33.382+0000] {processor.py:179} INFO - Processing /home/airflow/.local/lib/python3.7/site-packages/airflow/example_dags/example_time_delta_sensor_async.py took 0.049 seconds
[2023-06-08T19:14:03.444+0000] {processor.py:157} INFO - Started process (PID=6290) to work on /home/airflow/.local/lib/python3.7/site-packages/airflow/example_dags/example_time_delta_sensor_async.py
[2023-06-08T19:14:03.445+0000] {processor.py:826} INFO - Processing file /home/airflow/.local/lib/python3.7/site-packages/airflow/example_dags/example_time_delta_sensor_async.py for tasks to queue
[2023-06-08T19:14:03.446+0000] {logging_mixin.py:149} INFO - [2023-06-08T19:14:03.446+0000] {dagbag.py:541} INFO - Filling up the DagBag from /home/airflow/.local/lib/python3.7/site-packages/airflow/example_dags/example_time_delta_sensor_async.py
[2023-06-08T19:14:03.449+0000] {processor.py:836} INFO - DAG(s) dict_keys(['example_time_delta_sensor_async']) retrieved from /home/airflow/.local/lib/python3.7/site-packages/airflow/example_dags/example_time_delta_sensor_async.py
[2023-06-08T19:14:03.467+0000] {logging_mixin.py:149} INFO - [2023-06-08T19:14:03.467+0000] {dag.py:2726} INFO - Sync 1 DAGs
[2023-06-08T19:14:03.481+0000] {logging_mixin.py:149} INFO - [2023-06-08T19:14:03.481+0000] {dag.py:3490} INFO - Setting next_dagrun for example_time_delta_sensor_async to None, run_after=None
[2023-06-08T19:14:03.491+0000] {processor.py:179} INFO - Processing /home/airflow/.local/lib/python3.7/site-packages/airflow/example_dags/example_time_delta_sensor_async.py took 0.049 seconds
[2023-06-08T19:14:33.760+0000] {processor.py:157} INFO - Started process (PID=6528) to work on /home/airflow/.local/lib/python3.7/site-packages/airflow/example_dags/example_time_delta_sensor_async.py
[2023-06-08T19:14:33.761+0000] {processor.py:826} INFO - Processing file /home/airflow/.local/lib/python3.7/site-packages/airflow/example_dags/example_time_delta_sensor_async.py for tasks to queue
[2023-06-08T19:14:33.762+0000] {logging_mixin.py:149} INFO - [2023-06-08T19:14:33.762+0000] {dagbag.py:541} INFO - Filling up the DagBag from /home/airflow/.local/lib/python3.7/site-packages/airflow/example_dags/example_time_delta_sensor_async.py
[2023-06-08T19:14:33.765+0000] {processor.py:836} INFO - DAG(s) dict_keys(['example_time_delta_sensor_async']) retrieved from /home/airflow/.local/lib/python3.7/site-packages/airflow/example_dags/example_time_delta_sensor_async.py
[2023-06-08T19:14:33.782+0000] {logging_mixin.py:149} INFO - [2023-06-08T19:14:33.782+0000] {dag.py:2726} INFO - Sync 1 DAGs
[2023-06-08T19:14:33.797+0000] {logging_mixin.py:149} INFO - [2023-06-08T19:14:33.797+0000] {dag.py:3490} INFO - Setting next_dagrun for example_time_delta_sensor_async to None, run_after=None
[2023-06-08T19:14:33.806+0000] {processor.py:179} INFO - Processing /home/airflow/.local/lib/python3.7/site-packages/airflow/example_dags/example_time_delta_sensor_async.py took 0.048 seconds
[2023-06-08T19:15:03.894+0000] {processor.py:157} INFO - Started process (PID=6765) to work on /home/airflow/.local/lib/python3.7/site-packages/airflow/example_dags/example_time_delta_sensor_async.py
[2023-06-08T19:15:03.895+0000] {processor.py:826} INFO - Processing file /home/airflow/.local/lib/python3.7/site-packages/airflow/example_dags/example_time_delta_sensor_async.py for tasks to queue
[2023-06-08T19:15:03.896+0000] {logging_mixin.py:149} INFO - [2023-06-08T19:15:03.896+0000] {dagbag.py:541} INFO - Filling up the DagBag from /home/airflow/.local/lib/python3.7/site-packages/airflow/example_dags/example_time_delta_sensor_async.py
[2023-06-08T19:15:03.899+0000] {processor.py:836} INFO - DAG(s) dict_keys(['example_time_delta_sensor_async']) retrieved from /home/airflow/.local/lib/python3.7/site-packages/airflow/example_dags/example_time_delta_sensor_async.py
[2023-06-08T19:15:03.917+0000] {logging_mixin.py:149} INFO - [2023-06-08T19:15:03.917+0000] {dag.py:2726} INFO - Sync 1 DAGs
[2023-06-08T19:15:03.932+0000] {logging_mixin.py:149} INFO - [2023-06-08T19:15:03.932+0000] {dag.py:3490} INFO - Setting next_dagrun for example_time_delta_sensor_async to None, run_after=None
[2023-06-08T19:15:03.941+0000] {processor.py:179} INFO - Processing /home/airflow/.local/lib/python3.7/site-packages/airflow/example_dags/example_time_delta_sensor_async.py took 0.050 seconds
