[2023-06-08T19:01:24.811+0000] {processor.py:157} INFO - Started process (PID=237) to work on /home/airflow/.local/lib/python3.7/site-packages/airflow/example_dags/example_params_trigger_ui.py
[2023-06-08T19:01:24.812+0000] {processor.py:826} INFO - Processing file /home/airflow/.local/lib/python3.7/site-packages/airflow/example_dags/example_params_trigger_ui.py for tasks to queue
[2023-06-08T19:01:24.812+0000] {logging_mixin.py:149} INFO - [2023-06-08T19:01:24.812+0000] {dagbag.py:541} INFO - Filling up the DagBag from /home/airflow/.local/lib/python3.7/site-packages/airflow/example_dags/example_params_trigger_ui.py
[2023-06-08T19:01:24.828+0000] {processor.py:836} INFO - DAG(s) dict_keys(['example_params_trigger_ui']) retrieved from /home/airflow/.local/lib/python3.7/site-packages/airflow/example_dags/example_params_trigger_ui.py
[2023-06-08T19:01:24.839+0000] {logging_mixin.py:149} INFO - [2023-06-08T19:01:24.839+0000] {dag.py:2726} INFO - Sync 1 DAGs
[2023-06-08T19:01:24.856+0000] {logging_mixin.py:149} INFO - [2023-06-08T19:01:24.856+0000] {dag.py:3490} INFO - Setting next_dagrun for example_params_trigger_ui to None, run_after=None
[2023-06-08T19:01:24.868+0000] {processor.py:179} INFO - Processing /home/airflow/.local/lib/python3.7/site-packages/airflow/example_dags/example_params_trigger_ui.py took 0.059 seconds
[2023-06-08T19:01:56.035+0000] {processor.py:157} INFO - Started process (PID=474) to work on /home/airflow/.local/lib/python3.7/site-packages/airflow/example_dags/example_params_trigger_ui.py
[2023-06-08T19:01:56.036+0000] {processor.py:826} INFO - Processing file /home/airflow/.local/lib/python3.7/site-packages/airflow/example_dags/example_params_trigger_ui.py for tasks to queue
[2023-06-08T19:01:56.037+0000] {logging_mixin.py:149} INFO - [2023-06-08T19:01:56.037+0000] {dagbag.py:541} INFO - Filling up the DagBag from /home/airflow/.local/lib/python3.7/site-packages/airflow/example_dags/example_params_trigger_ui.py
[2023-06-08T19:01:56.049+0000] {processor.py:836} INFO - DAG(s) dict_keys(['example_params_trigger_ui']) retrieved from /home/airflow/.local/lib/python3.7/site-packages/airflow/example_dags/example_params_trigger_ui.py
[2023-06-08T19:01:56.169+0000] {logging_mixin.py:149} INFO - [2023-06-08T19:01:56.169+0000] {dag.py:2726} INFO - Sync 1 DAGs
[2023-06-08T19:01:56.181+0000] {logging_mixin.py:149} INFO - [2023-06-08T19:01:56.181+0000] {dag.py:3490} INFO - Setting next_dagrun for example_params_trigger_ui to None, run_after=None
[2023-06-08T19:01:56.191+0000] {processor.py:179} INFO - Processing /home/airflow/.local/lib/python3.7/site-packages/airflow/example_dags/example_params_trigger_ui.py took 0.158 seconds
[2023-06-08T19:02:27.028+0000] {processor.py:157} INFO - Started process (PID=713) to work on /home/airflow/.local/lib/python3.7/site-packages/airflow/example_dags/example_params_trigger_ui.py
[2023-06-08T19:02:27.029+0000] {processor.py:826} INFO - Processing file /home/airflow/.local/lib/python3.7/site-packages/airflow/example_dags/example_params_trigger_ui.py for tasks to queue
[2023-06-08T19:02:27.030+0000] {logging_mixin.py:149} INFO - [2023-06-08T19:02:27.030+0000] {dagbag.py:541} INFO - Filling up the DagBag from /home/airflow/.local/lib/python3.7/site-packages/airflow/example_dags/example_params_trigger_ui.py
[2023-06-08T19:02:27.043+0000] {processor.py:836} INFO - DAG(s) dict_keys(['example_params_trigger_ui']) retrieved from /home/airflow/.local/lib/python3.7/site-packages/airflow/example_dags/example_params_trigger_ui.py
[2023-06-08T19:02:27.090+0000] {logging_mixin.py:149} INFO - [2023-06-08T19:02:27.090+0000] {dag.py:2726} INFO - Sync 1 DAGs
[2023-06-08T19:02:27.106+0000] {logging_mixin.py:149} INFO - [2023-06-08T19:02:27.106+0000] {dag.py:3490} INFO - Setting next_dagrun for example_params_trigger_ui to None, run_after=None
[2023-06-08T19:02:27.117+0000] {processor.py:179} INFO - Processing /home/airflow/.local/lib/python3.7/site-packages/airflow/example_dags/example_params_trigger_ui.py took 0.092 seconds
[2023-06-08T19:02:57.166+0000] {processor.py:157} INFO - Started process (PID=996) to work on /home/airflow/.local/lib/python3.7/site-packages/airflow/example_dags/example_params_trigger_ui.py
[2023-06-08T19:02:57.167+0000] {processor.py:826} INFO - Processing file /home/airflow/.local/lib/python3.7/site-packages/airflow/example_dags/example_params_trigger_ui.py for tasks to queue
[2023-06-08T19:02:57.168+0000] {logging_mixin.py:149} INFO - [2023-06-08T19:02:57.168+0000] {dagbag.py:541} INFO - Filling up the DagBag from /home/airflow/.local/lib/python3.7/site-packages/airflow/example_dags/example_params_trigger_ui.py
[2023-06-08T19:02:57.180+0000] {processor.py:836} INFO - DAG(s) dict_keys(['example_params_trigger_ui']) retrieved from /home/airflow/.local/lib/python3.7/site-packages/airflow/example_dags/example_params_trigger_ui.py
[2023-06-08T19:02:57.222+0000] {logging_mixin.py:149} INFO - [2023-06-08T19:02:57.222+0000] {dag.py:2726} INFO - Sync 1 DAGs
[2023-06-08T19:02:57.236+0000] {logging_mixin.py:149} INFO - [2023-06-08T19:02:57.236+0000] {dag.py:3490} INFO - Setting next_dagrun for example_params_trigger_ui to None, run_after=None
[2023-06-08T19:02:57.244+0000] {processor.py:179} INFO - Processing /home/airflow/.local/lib/python3.7/site-packages/airflow/example_dags/example_params_trigger_ui.py took 0.081 seconds
[2023-06-08T19:03:27.439+0000] {processor.py:157} INFO - Started process (PID=1281) to work on /home/airflow/.local/lib/python3.7/site-packages/airflow/example_dags/example_params_trigger_ui.py
[2023-06-08T19:03:27.440+0000] {processor.py:826} INFO - Processing file /home/airflow/.local/lib/python3.7/site-packages/airflow/example_dags/example_params_trigger_ui.py for tasks to queue
[2023-06-08T19:03:27.441+0000] {logging_mixin.py:149} INFO - [2023-06-08T19:03:27.441+0000] {dagbag.py:541} INFO - Filling up the DagBag from /home/airflow/.local/lib/python3.7/site-packages/airflow/example_dags/example_params_trigger_ui.py
[2023-06-08T19:03:27.453+0000] {processor.py:836} INFO - DAG(s) dict_keys(['example_params_trigger_ui']) retrieved from /home/airflow/.local/lib/python3.7/site-packages/airflow/example_dags/example_params_trigger_ui.py
[2023-06-08T19:03:27.495+0000] {logging_mixin.py:149} INFO - [2023-06-08T19:03:27.495+0000] {dag.py:2726} INFO - Sync 1 DAGs
[2023-06-08T19:03:27.510+0000] {logging_mixin.py:149} INFO - [2023-06-08T19:03:27.510+0000] {dag.py:3490} INFO - Setting next_dagrun for example_params_trigger_ui to None, run_after=None
[2023-06-08T19:03:27.519+0000] {processor.py:179} INFO - Processing /home/airflow/.local/lib/python3.7/site-packages/airflow/example_dags/example_params_trigger_ui.py took 0.082 seconds
[2023-06-08T19:03:57.683+0000] {processor.py:157} INFO - Started process (PID=1519) to work on /home/airflow/.local/lib/python3.7/site-packages/airflow/example_dags/example_params_trigger_ui.py
[2023-06-08T19:03:57.684+0000] {processor.py:826} INFO - Processing file /home/airflow/.local/lib/python3.7/site-packages/airflow/example_dags/example_params_trigger_ui.py for tasks to queue
[2023-06-08T19:03:57.685+0000] {logging_mixin.py:149} INFO - [2023-06-08T19:03:57.684+0000] {dagbag.py:541} INFO - Filling up the DagBag from /home/airflow/.local/lib/python3.7/site-packages/airflow/example_dags/example_params_trigger_ui.py
[2023-06-08T19:03:57.697+0000] {processor.py:836} INFO - DAG(s) dict_keys(['example_params_trigger_ui']) retrieved from /home/airflow/.local/lib/python3.7/site-packages/airflow/example_dags/example_params_trigger_ui.py
[2023-06-08T19:03:57.741+0000] {logging_mixin.py:149} INFO - [2023-06-08T19:03:57.741+0000] {dag.py:2726} INFO - Sync 1 DAGs
[2023-06-08T19:03:57.756+0000] {logging_mixin.py:149} INFO - [2023-06-08T19:03:57.756+0000] {dag.py:3490} INFO - Setting next_dagrun for example_params_trigger_ui to None, run_after=None
[2023-06-08T19:03:57.767+0000] {processor.py:179} INFO - Processing /home/airflow/.local/lib/python3.7/site-packages/airflow/example_dags/example_params_trigger_ui.py took 0.087 seconds
[2023-06-08T19:04:27.926+0000] {processor.py:157} INFO - Started process (PID=1758) to work on /home/airflow/.local/lib/python3.7/site-packages/airflow/example_dags/example_params_trigger_ui.py
[2023-06-08T19:04:27.927+0000] {processor.py:826} INFO - Processing file /home/airflow/.local/lib/python3.7/site-packages/airflow/example_dags/example_params_trigger_ui.py for tasks to queue
[2023-06-08T19:04:27.928+0000] {logging_mixin.py:149} INFO - [2023-06-08T19:04:27.928+0000] {dagbag.py:541} INFO - Filling up the DagBag from /home/airflow/.local/lib/python3.7/site-packages/airflow/example_dags/example_params_trigger_ui.py
[2023-06-08T19:04:27.940+0000] {processor.py:836} INFO - DAG(s) dict_keys(['example_params_trigger_ui']) retrieved from /home/airflow/.local/lib/python3.7/site-packages/airflow/example_dags/example_params_trigger_ui.py
[2023-06-08T19:04:27.980+0000] {logging_mixin.py:149} INFO - [2023-06-08T19:04:27.980+0000] {dag.py:2726} INFO - Sync 1 DAGs
[2023-06-08T19:04:27.994+0000] {logging_mixin.py:149} INFO - [2023-06-08T19:04:27.994+0000] {dag.py:3490} INFO - Setting next_dagrun for example_params_trigger_ui to None, run_after=None
[2023-06-08T19:04:28.004+0000] {processor.py:179} INFO - Processing /home/airflow/.local/lib/python3.7/site-packages/airflow/example_dags/example_params_trigger_ui.py took 0.080 seconds
[2023-06-08T19:04:58.159+0000] {processor.py:157} INFO - Started process (PID=1993) to work on /home/airflow/.local/lib/python3.7/site-packages/airflow/example_dags/example_params_trigger_ui.py
[2023-06-08T19:04:58.161+0000] {processor.py:826} INFO - Processing file /home/airflow/.local/lib/python3.7/site-packages/airflow/example_dags/example_params_trigger_ui.py for tasks to queue
[2023-06-08T19:04:58.161+0000] {logging_mixin.py:149} INFO - [2023-06-08T19:04:58.161+0000] {dagbag.py:541} INFO - Filling up the DagBag from /home/airflow/.local/lib/python3.7/site-packages/airflow/example_dags/example_params_trigger_ui.py
[2023-06-08T19:04:58.175+0000] {processor.py:836} INFO - DAG(s) dict_keys(['example_params_trigger_ui']) retrieved from /home/airflow/.local/lib/python3.7/site-packages/airflow/example_dags/example_params_trigger_ui.py
[2023-06-08T19:04:58.220+0000] {logging_mixin.py:149} INFO - [2023-06-08T19:04:58.220+0000] {dag.py:2726} INFO - Sync 1 DAGs
[2023-06-08T19:04:58.237+0000] {logging_mixin.py:149} INFO - [2023-06-08T19:04:58.237+0000] {dag.py:3490} INFO - Setting next_dagrun for example_params_trigger_ui to None, run_after=None
[2023-06-08T19:04:58.248+0000] {processor.py:179} INFO - Processing /home/airflow/.local/lib/python3.7/site-packages/airflow/example_dags/example_params_trigger_ui.py took 0.091 seconds
[2023-06-08T19:05:28.456+0000] {processor.py:157} INFO - Started process (PID=2230) to work on /home/airflow/.local/lib/python3.7/site-packages/airflow/example_dags/example_params_trigger_ui.py
[2023-06-08T19:05:28.457+0000] {processor.py:826} INFO - Processing file /home/airflow/.local/lib/python3.7/site-packages/airflow/example_dags/example_params_trigger_ui.py for tasks to queue
[2023-06-08T19:05:28.458+0000] {logging_mixin.py:149} INFO - [2023-06-08T19:05:28.458+0000] {dagbag.py:541} INFO - Filling up the DagBag from /home/airflow/.local/lib/python3.7/site-packages/airflow/example_dags/example_params_trigger_ui.py
[2023-06-08T19:05:28.471+0000] {processor.py:836} INFO - DAG(s) dict_keys(['example_params_trigger_ui']) retrieved from /home/airflow/.local/lib/python3.7/site-packages/airflow/example_dags/example_params_trigger_ui.py
[2023-06-08T19:05:28.512+0000] {logging_mixin.py:149} INFO - [2023-06-08T19:05:28.512+0000] {dag.py:2726} INFO - Sync 1 DAGs
[2023-06-08T19:05:28.527+0000] {logging_mixin.py:149} INFO - [2023-06-08T19:05:28.527+0000] {dag.py:3490} INFO - Setting next_dagrun for example_params_trigger_ui to None, run_after=None
[2023-06-08T19:05:28.537+0000] {processor.py:179} INFO - Processing /home/airflow/.local/lib/python3.7/site-packages/airflow/example_dags/example_params_trigger_ui.py took 0.083 seconds
[2023-06-08T19:05:58.867+0000] {processor.py:157} INFO - Started process (PID=2469) to work on /home/airflow/.local/lib/python3.7/site-packages/airflow/example_dags/example_params_trigger_ui.py
[2023-06-08T19:05:58.868+0000] {processor.py:826} INFO - Processing file /home/airflow/.local/lib/python3.7/site-packages/airflow/example_dags/example_params_trigger_ui.py for tasks to queue
[2023-06-08T19:05:58.869+0000] {logging_mixin.py:149} INFO - [2023-06-08T19:05:58.869+0000] {dagbag.py:541} INFO - Filling up the DagBag from /home/airflow/.local/lib/python3.7/site-packages/airflow/example_dags/example_params_trigger_ui.py
[2023-06-08T19:05:58.881+0000] {processor.py:836} INFO - DAG(s) dict_keys(['example_params_trigger_ui']) retrieved from /home/airflow/.local/lib/python3.7/site-packages/airflow/example_dags/example_params_trigger_ui.py
[2023-06-08T19:05:58.923+0000] {logging_mixin.py:149} INFO - [2023-06-08T19:05:58.923+0000] {dag.py:2726} INFO - Sync 1 DAGs
[2023-06-08T19:05:58.937+0000] {logging_mixin.py:149} INFO - [2023-06-08T19:05:58.937+0000] {dag.py:3490} INFO - Setting next_dagrun for example_params_trigger_ui to None, run_after=None
[2023-06-08T19:05:58.948+0000] {processor.py:179} INFO - Processing /home/airflow/.local/lib/python3.7/site-packages/airflow/example_dags/example_params_trigger_ui.py took 0.084 seconds
[2023-06-08T19:06:29.184+0000] {processor.py:157} INFO - Started process (PID=2711) to work on /home/airflow/.local/lib/python3.7/site-packages/airflow/example_dags/example_params_trigger_ui.py
[2023-06-08T19:06:29.185+0000] {processor.py:826} INFO - Processing file /home/airflow/.local/lib/python3.7/site-packages/airflow/example_dags/example_params_trigger_ui.py for tasks to queue
[2023-06-08T19:06:29.186+0000] {logging_mixin.py:149} INFO - [2023-06-08T19:06:29.186+0000] {dagbag.py:541} INFO - Filling up the DagBag from /home/airflow/.local/lib/python3.7/site-packages/airflow/example_dags/example_params_trigger_ui.py
[2023-06-08T19:06:29.199+0000] {processor.py:836} INFO - DAG(s) dict_keys(['example_params_trigger_ui']) retrieved from /home/airflow/.local/lib/python3.7/site-packages/airflow/example_dags/example_params_trigger_ui.py
[2023-06-08T19:06:29.241+0000] {logging_mixin.py:149} INFO - [2023-06-08T19:06:29.241+0000] {dag.py:2726} INFO - Sync 1 DAGs
[2023-06-08T19:06:29.254+0000] {logging_mixin.py:149} INFO - [2023-06-08T19:06:29.254+0000] {dag.py:3490} INFO - Setting next_dagrun for example_params_trigger_ui to None, run_after=None
[2023-06-08T19:06:29.264+0000] {processor.py:179} INFO - Processing /home/airflow/.local/lib/python3.7/site-packages/airflow/example_dags/example_params_trigger_ui.py took 0.082 seconds
[2023-06-08T19:06:59.519+0000] {processor.py:157} INFO - Started process (PID=2948) to work on /home/airflow/.local/lib/python3.7/site-packages/airflow/example_dags/example_params_trigger_ui.py
[2023-06-08T19:06:59.520+0000] {processor.py:826} INFO - Processing file /home/airflow/.local/lib/python3.7/site-packages/airflow/example_dags/example_params_trigger_ui.py for tasks to queue
[2023-06-08T19:06:59.521+0000] {logging_mixin.py:149} INFO - [2023-06-08T19:06:59.521+0000] {dagbag.py:541} INFO - Filling up the DagBag from /home/airflow/.local/lib/python3.7/site-packages/airflow/example_dags/example_params_trigger_ui.py
[2023-06-08T19:06:59.534+0000] {processor.py:836} INFO - DAG(s) dict_keys(['example_params_trigger_ui']) retrieved from /home/airflow/.local/lib/python3.7/site-packages/airflow/example_dags/example_params_trigger_ui.py
[2023-06-08T19:06:59.575+0000] {logging_mixin.py:149} INFO - [2023-06-08T19:06:59.575+0000] {dag.py:2726} INFO - Sync 1 DAGs
[2023-06-08T19:06:59.590+0000] {logging_mixin.py:149} INFO - [2023-06-08T19:06:59.590+0000] {dag.py:3490} INFO - Setting next_dagrun for example_params_trigger_ui to None, run_after=None
[2023-06-08T19:06:59.601+0000] {processor.py:179} INFO - Processing /home/airflow/.local/lib/python3.7/site-packages/airflow/example_dags/example_params_trigger_ui.py took 0.084 seconds
[2023-06-08T19:07:29.836+0000] {processor.py:157} INFO - Started process (PID=3185) to work on /home/airflow/.local/lib/python3.7/site-packages/airflow/example_dags/example_params_trigger_ui.py
[2023-06-08T19:07:29.837+0000] {processor.py:826} INFO - Processing file /home/airflow/.local/lib/python3.7/site-packages/airflow/example_dags/example_params_trigger_ui.py for tasks to queue
[2023-06-08T19:07:29.838+0000] {logging_mixin.py:149} INFO - [2023-06-08T19:07:29.838+0000] {dagbag.py:541} INFO - Filling up the DagBag from /home/airflow/.local/lib/python3.7/site-packages/airflow/example_dags/example_params_trigger_ui.py
[2023-06-08T19:07:29.851+0000] {processor.py:836} INFO - DAG(s) dict_keys(['example_params_trigger_ui']) retrieved from /home/airflow/.local/lib/python3.7/site-packages/airflow/example_dags/example_params_trigger_ui.py
[2023-06-08T19:07:29.892+0000] {logging_mixin.py:149} INFO - [2023-06-08T19:07:29.892+0000] {dag.py:2726} INFO - Sync 1 DAGs
[2023-06-08T19:07:29.906+0000] {logging_mixin.py:149} INFO - [2023-06-08T19:07:29.906+0000] {dag.py:3490} INFO - Setting next_dagrun for example_params_trigger_ui to None, run_after=None
[2023-06-08T19:07:29.917+0000] {processor.py:179} INFO - Processing /home/airflow/.local/lib/python3.7/site-packages/airflow/example_dags/example_params_trigger_ui.py took 0.083 seconds
[2023-06-08T19:08:00.011+0000] {processor.py:157} INFO - Started process (PID=3415) to work on /home/airflow/.local/lib/python3.7/site-packages/airflow/example_dags/example_params_trigger_ui.py
[2023-06-08T19:08:00.012+0000] {processor.py:826} INFO - Processing file /home/airflow/.local/lib/python3.7/site-packages/airflow/example_dags/example_params_trigger_ui.py for tasks to queue
[2023-06-08T19:08:00.013+0000] {logging_mixin.py:149} INFO - [2023-06-08T19:08:00.013+0000] {dagbag.py:541} INFO - Filling up the DagBag from /home/airflow/.local/lib/python3.7/site-packages/airflow/example_dags/example_params_trigger_ui.py
[2023-06-08T19:08:00.026+0000] {processor.py:836} INFO - DAG(s) dict_keys(['example_params_trigger_ui']) retrieved from /home/airflow/.local/lib/python3.7/site-packages/airflow/example_dags/example_params_trigger_ui.py
[2023-06-08T19:08:00.068+0000] {logging_mixin.py:149} INFO - [2023-06-08T19:08:00.068+0000] {dag.py:2726} INFO - Sync 1 DAGs
[2023-06-08T19:08:00.082+0000] {logging_mixin.py:149} INFO - [2023-06-08T19:08:00.082+0000] {dag.py:3490} INFO - Setting next_dagrun for example_params_trigger_ui to None, run_after=None
[2023-06-08T19:08:00.092+0000] {processor.py:179} INFO - Processing /home/airflow/.local/lib/python3.7/site-packages/airflow/example_dags/example_params_trigger_ui.py took 0.083 seconds
[2023-06-08T19:08:30.346+0000] {processor.py:157} INFO - Started process (PID=3654) to work on /home/airflow/.local/lib/python3.7/site-packages/airflow/example_dags/example_params_trigger_ui.py
[2023-06-08T19:08:30.347+0000] {processor.py:826} INFO - Processing file /home/airflow/.local/lib/python3.7/site-packages/airflow/example_dags/example_params_trigger_ui.py for tasks to queue
[2023-06-08T19:08:30.348+0000] {logging_mixin.py:149} INFO - [2023-06-08T19:08:30.348+0000] {dagbag.py:541} INFO - Filling up the DagBag from /home/airflow/.local/lib/python3.7/site-packages/airflow/example_dags/example_params_trigger_ui.py
[2023-06-08T19:08:30.361+0000] {processor.py:836} INFO - DAG(s) dict_keys(['example_params_trigger_ui']) retrieved from /home/airflow/.local/lib/python3.7/site-packages/airflow/example_dags/example_params_trigger_ui.py
[2023-06-08T19:08:30.401+0000] {logging_mixin.py:149} INFO - [2023-06-08T19:08:30.401+0000] {dag.py:2726} INFO - Sync 1 DAGs
[2023-06-08T19:08:30.415+0000] {logging_mixin.py:149} INFO - [2023-06-08T19:08:30.415+0000] {dag.py:3490} INFO - Setting next_dagrun for example_params_trigger_ui to None, run_after=None
[2023-06-08T19:08:30.424+0000] {processor.py:179} INFO - Processing /home/airflow/.local/lib/python3.7/site-packages/airflow/example_dags/example_params_trigger_ui.py took 0.080 seconds
[2023-06-08T19:09:00.640+0000] {processor.py:157} INFO - Started process (PID=3889) to work on /home/airflow/.local/lib/python3.7/site-packages/airflow/example_dags/example_params_trigger_ui.py
[2023-06-08T19:09:00.641+0000] {processor.py:826} INFO - Processing file /home/airflow/.local/lib/python3.7/site-packages/airflow/example_dags/example_params_trigger_ui.py for tasks to queue
[2023-06-08T19:09:00.642+0000] {logging_mixin.py:149} INFO - [2023-06-08T19:09:00.642+0000] {dagbag.py:541} INFO - Filling up the DagBag from /home/airflow/.local/lib/python3.7/site-packages/airflow/example_dags/example_params_trigger_ui.py
[2023-06-08T19:09:00.655+0000] {processor.py:836} INFO - DAG(s) dict_keys(['example_params_trigger_ui']) retrieved from /home/airflow/.local/lib/python3.7/site-packages/airflow/example_dags/example_params_trigger_ui.py
[2023-06-08T19:09:00.697+0000] {logging_mixin.py:149} INFO - [2023-06-08T19:09:00.697+0000] {dag.py:2726} INFO - Sync 1 DAGs
[2023-06-08T19:09:00.712+0000] {logging_mixin.py:149} INFO - [2023-06-08T19:09:00.712+0000] {dag.py:3490} INFO - Setting next_dagrun for example_params_trigger_ui to None, run_after=None
[2023-06-08T19:09:00.722+0000] {processor.py:179} INFO - Processing /home/airflow/.local/lib/python3.7/site-packages/airflow/example_dags/example_params_trigger_ui.py took 0.084 seconds
[2023-06-08T19:09:30.827+0000] {processor.py:157} INFO - Started process (PID=4126) to work on /home/airflow/.local/lib/python3.7/site-packages/airflow/example_dags/example_params_trigger_ui.py
[2023-06-08T19:09:30.828+0000] {processor.py:826} INFO - Processing file /home/airflow/.local/lib/python3.7/site-packages/airflow/example_dags/example_params_trigger_ui.py for tasks to queue
[2023-06-08T19:09:30.829+0000] {logging_mixin.py:149} INFO - [2023-06-08T19:09:30.829+0000] {dagbag.py:541} INFO - Filling up the DagBag from /home/airflow/.local/lib/python3.7/site-packages/airflow/example_dags/example_params_trigger_ui.py
[2023-06-08T19:09:30.842+0000] {processor.py:836} INFO - DAG(s) dict_keys(['example_params_trigger_ui']) retrieved from /home/airflow/.local/lib/python3.7/site-packages/airflow/example_dags/example_params_trigger_ui.py
[2023-06-08T19:09:30.884+0000] {logging_mixin.py:149} INFO - [2023-06-08T19:09:30.884+0000] {dag.py:2726} INFO - Sync 1 DAGs
[2023-06-08T19:09:30.897+0000] {logging_mixin.py:149} INFO - [2023-06-08T19:09:30.897+0000] {dag.py:3490} INFO - Setting next_dagrun for example_params_trigger_ui to None, run_after=None
[2023-06-08T19:09:30.908+0000] {processor.py:179} INFO - Processing /home/airflow/.local/lib/python3.7/site-packages/airflow/example_dags/example_params_trigger_ui.py took 0.083 seconds
[2023-06-08T19:10:01.118+0000] {processor.py:157} INFO - Started process (PID=4363) to work on /home/airflow/.local/lib/python3.7/site-packages/airflow/example_dags/example_params_trigger_ui.py
[2023-06-08T19:10:01.119+0000] {processor.py:826} INFO - Processing file /home/airflow/.local/lib/python3.7/site-packages/airflow/example_dags/example_params_trigger_ui.py for tasks to queue
[2023-06-08T19:10:01.119+0000] {logging_mixin.py:149} INFO - [2023-06-08T19:10:01.119+0000] {dagbag.py:541} INFO - Filling up the DagBag from /home/airflow/.local/lib/python3.7/site-packages/airflow/example_dags/example_params_trigger_ui.py
[2023-06-08T19:10:01.132+0000] {processor.py:836} INFO - DAG(s) dict_keys(['example_params_trigger_ui']) retrieved from /home/airflow/.local/lib/python3.7/site-packages/airflow/example_dags/example_params_trigger_ui.py
[2023-06-08T19:10:01.174+0000] {logging_mixin.py:149} INFO - [2023-06-08T19:10:01.173+0000] {dag.py:2726} INFO - Sync 1 DAGs
[2023-06-08T19:10:01.188+0000] {logging_mixin.py:149} INFO - [2023-06-08T19:10:01.188+0000] {dag.py:3490} INFO - Setting next_dagrun for example_params_trigger_ui to None, run_after=None
[2023-06-08T19:10:01.197+0000] {processor.py:179} INFO - Processing /home/airflow/.local/lib/python3.7/site-packages/airflow/example_dags/example_params_trigger_ui.py took 0.082 seconds
[2023-06-08T19:10:31.366+0000] {processor.py:157} INFO - Started process (PID=4600) to work on /home/airflow/.local/lib/python3.7/site-packages/airflow/example_dags/example_params_trigger_ui.py
[2023-06-08T19:10:31.367+0000] {processor.py:826} INFO - Processing file /home/airflow/.local/lib/python3.7/site-packages/airflow/example_dags/example_params_trigger_ui.py for tasks to queue
[2023-06-08T19:10:31.368+0000] {logging_mixin.py:149} INFO - [2023-06-08T19:10:31.368+0000] {dagbag.py:541} INFO - Filling up the DagBag from /home/airflow/.local/lib/python3.7/site-packages/airflow/example_dags/example_params_trigger_ui.py
[2023-06-08T19:10:31.380+0000] {processor.py:836} INFO - DAG(s) dict_keys(['example_params_trigger_ui']) retrieved from /home/airflow/.local/lib/python3.7/site-packages/airflow/example_dags/example_params_trigger_ui.py
[2023-06-08T19:10:31.422+0000] {logging_mixin.py:149} INFO - [2023-06-08T19:10:31.422+0000] {dag.py:2726} INFO - Sync 1 DAGs
[2023-06-08T19:10:31.436+0000] {logging_mixin.py:149} INFO - [2023-06-08T19:10:31.436+0000] {dag.py:3490} INFO - Setting next_dagrun for example_params_trigger_ui to None, run_after=None
[2023-06-08T19:10:31.446+0000] {processor.py:179} INFO - Processing /home/airflow/.local/lib/python3.7/site-packages/airflow/example_dags/example_params_trigger_ui.py took 0.083 seconds
[2023-06-08T19:11:01.674+0000] {processor.py:157} INFO - Started process (PID=4839) to work on /home/airflow/.local/lib/python3.7/site-packages/airflow/example_dags/example_params_trigger_ui.py
[2023-06-08T19:11:01.675+0000] {processor.py:826} INFO - Processing file /home/airflow/.local/lib/python3.7/site-packages/airflow/example_dags/example_params_trigger_ui.py for tasks to queue
[2023-06-08T19:11:01.675+0000] {logging_mixin.py:149} INFO - [2023-06-08T19:11:01.675+0000] {dagbag.py:541} INFO - Filling up the DagBag from /home/airflow/.local/lib/python3.7/site-packages/airflow/example_dags/example_params_trigger_ui.py
[2023-06-08T19:11:01.688+0000] {processor.py:836} INFO - DAG(s) dict_keys(['example_params_trigger_ui']) retrieved from /home/airflow/.local/lib/python3.7/site-packages/airflow/example_dags/example_params_trigger_ui.py
[2023-06-08T19:11:01.728+0000] {logging_mixin.py:149} INFO - [2023-06-08T19:11:01.728+0000] {dag.py:2726} INFO - Sync 1 DAGs
[2023-06-08T19:11:01.742+0000] {logging_mixin.py:149} INFO - [2023-06-08T19:11:01.742+0000] {dag.py:3490} INFO - Setting next_dagrun for example_params_trigger_ui to None, run_after=None
[2023-06-08T19:11:01.752+0000] {processor.py:179} INFO - Processing /home/airflow/.local/lib/python3.7/site-packages/airflow/example_dags/example_params_trigger_ui.py took 0.080 seconds
[2023-06-08T19:11:31.941+0000] {processor.py:157} INFO - Started process (PID=5074) to work on /home/airflow/.local/lib/python3.7/site-packages/airflow/example_dags/example_params_trigger_ui.py
[2023-06-08T19:11:31.942+0000] {processor.py:826} INFO - Processing file /home/airflow/.local/lib/python3.7/site-packages/airflow/example_dags/example_params_trigger_ui.py for tasks to queue
[2023-06-08T19:11:31.943+0000] {logging_mixin.py:149} INFO - [2023-06-08T19:11:31.942+0000] {dagbag.py:541} INFO - Filling up the DagBag from /home/airflow/.local/lib/python3.7/site-packages/airflow/example_dags/example_params_trigger_ui.py
[2023-06-08T19:11:31.955+0000] {processor.py:836} INFO - DAG(s) dict_keys(['example_params_trigger_ui']) retrieved from /home/airflow/.local/lib/python3.7/site-packages/airflow/example_dags/example_params_trigger_ui.py
[2023-06-08T19:11:31.998+0000] {logging_mixin.py:149} INFO - [2023-06-08T19:11:31.998+0000] {dag.py:2726} INFO - Sync 1 DAGs
[2023-06-08T19:11:32.011+0000] {logging_mixin.py:149} INFO - [2023-06-08T19:11:32.011+0000] {dag.py:3490} INFO - Setting next_dagrun for example_params_trigger_ui to None, run_after=None
[2023-06-08T19:11:32.022+0000] {processor.py:179} INFO - Processing /home/airflow/.local/lib/python3.7/site-packages/airflow/example_dags/example_params_trigger_ui.py took 0.083 seconds
[2023-06-08T19:12:02.200+0000] {processor.py:157} INFO - Started process (PID=5311) to work on /home/airflow/.local/lib/python3.7/site-packages/airflow/example_dags/example_params_trigger_ui.py
[2023-06-08T19:12:02.201+0000] {processor.py:826} INFO - Processing file /home/airflow/.local/lib/python3.7/site-packages/airflow/example_dags/example_params_trigger_ui.py for tasks to queue
[2023-06-08T19:12:02.202+0000] {logging_mixin.py:149} INFO - [2023-06-08T19:12:02.202+0000] {dagbag.py:541} INFO - Filling up the DagBag from /home/airflow/.local/lib/python3.7/site-packages/airflow/example_dags/example_params_trigger_ui.py
[2023-06-08T19:12:02.215+0000] {processor.py:836} INFO - DAG(s) dict_keys(['example_params_trigger_ui']) retrieved from /home/airflow/.local/lib/python3.7/site-packages/airflow/example_dags/example_params_trigger_ui.py
[2023-06-08T19:12:02.256+0000] {logging_mixin.py:149} INFO - [2023-06-08T19:12:02.256+0000] {dag.py:2726} INFO - Sync 1 DAGs
[2023-06-08T19:12:02.270+0000] {logging_mixin.py:149} INFO - [2023-06-08T19:12:02.270+0000] {dag.py:3490} INFO - Setting next_dagrun for example_params_trigger_ui to None, run_after=None
[2023-06-08T19:12:02.281+0000] {processor.py:179} INFO - Processing /home/airflow/.local/lib/python3.7/site-packages/airflow/example_dags/example_params_trigger_ui.py took 0.083 seconds
[2023-06-08T19:12:32.422+0000] {processor.py:157} INFO - Started process (PID=5549) to work on /home/airflow/.local/lib/python3.7/site-packages/airflow/example_dags/example_params_trigger_ui.py
[2023-06-08T19:12:32.423+0000] {processor.py:826} INFO - Processing file /home/airflow/.local/lib/python3.7/site-packages/airflow/example_dags/example_params_trigger_ui.py for tasks to queue
[2023-06-08T19:12:32.424+0000] {logging_mixin.py:149} INFO - [2023-06-08T19:12:32.424+0000] {dagbag.py:541} INFO - Filling up the DagBag from /home/airflow/.local/lib/python3.7/site-packages/airflow/example_dags/example_params_trigger_ui.py
[2023-06-08T19:12:32.436+0000] {processor.py:836} INFO - DAG(s) dict_keys(['example_params_trigger_ui']) retrieved from /home/airflow/.local/lib/python3.7/site-packages/airflow/example_dags/example_params_trigger_ui.py
[2023-06-08T19:12:32.479+0000] {logging_mixin.py:149} INFO - [2023-06-08T19:12:32.479+0000] {dag.py:2726} INFO - Sync 1 DAGs
[2023-06-08T19:12:32.493+0000] {logging_mixin.py:149} INFO - [2023-06-08T19:12:32.493+0000] {dag.py:3490} INFO - Setting next_dagrun for example_params_trigger_ui to None, run_after=None
[2023-06-08T19:12:32.503+0000] {processor.py:179} INFO - Processing /home/airflow/.local/lib/python3.7/site-packages/airflow/example_dags/example_params_trigger_ui.py took 0.083 seconds
[2023-06-08T19:13:02.722+0000] {processor.py:157} INFO - Started process (PID=5788) to work on /home/airflow/.local/lib/python3.7/site-packages/airflow/example_dags/example_params_trigger_ui.py
[2023-06-08T19:13:02.723+0000] {processor.py:826} INFO - Processing file /home/airflow/.local/lib/python3.7/site-packages/airflow/example_dags/example_params_trigger_ui.py for tasks to queue
[2023-06-08T19:13:02.724+0000] {logging_mixin.py:149} INFO - [2023-06-08T19:13:02.724+0000] {dagbag.py:541} INFO - Filling up the DagBag from /home/airflow/.local/lib/python3.7/site-packages/airflow/example_dags/example_params_trigger_ui.py
[2023-06-08T19:13:02.736+0000] {processor.py:836} INFO - DAG(s) dict_keys(['example_params_trigger_ui']) retrieved from /home/airflow/.local/lib/python3.7/site-packages/airflow/example_dags/example_params_trigger_ui.py
[2023-06-08T19:13:02.776+0000] {logging_mixin.py:149} INFO - [2023-06-08T19:13:02.776+0000] {dag.py:2726} INFO - Sync 1 DAGs
[2023-06-08T19:13:02.790+0000] {logging_mixin.py:149} INFO - [2023-06-08T19:13:02.790+0000] {dag.py:3490} INFO - Setting next_dagrun for example_params_trigger_ui to None, run_after=None
[2023-06-08T19:13:02.800+0000] {processor.py:179} INFO - Processing /home/airflow/.local/lib/python3.7/site-packages/airflow/example_dags/example_params_trigger_ui.py took 0.080 seconds
[2023-06-08T19:13:33.087+0000] {processor.py:157} INFO - Started process (PID=6025) to work on /home/airflow/.local/lib/python3.7/site-packages/airflow/example_dags/example_params_trigger_ui.py
[2023-06-08T19:13:33.088+0000] {processor.py:826} INFO - Processing file /home/airflow/.local/lib/python3.7/site-packages/airflow/example_dags/example_params_trigger_ui.py for tasks to queue
[2023-06-08T19:13:33.089+0000] {logging_mixin.py:149} INFO - [2023-06-08T19:13:33.089+0000] {dagbag.py:541} INFO - Filling up the DagBag from /home/airflow/.local/lib/python3.7/site-packages/airflow/example_dags/example_params_trigger_ui.py
[2023-06-08T19:13:33.102+0000] {processor.py:836} INFO - DAG(s) dict_keys(['example_params_trigger_ui']) retrieved from /home/airflow/.local/lib/python3.7/site-packages/airflow/example_dags/example_params_trigger_ui.py
[2023-06-08T19:13:33.142+0000] {logging_mixin.py:149} INFO - [2023-06-08T19:13:33.142+0000] {dag.py:2726} INFO - Sync 1 DAGs
[2023-06-08T19:13:33.155+0000] {logging_mixin.py:149} INFO - [2023-06-08T19:13:33.155+0000] {dag.py:3490} INFO - Setting next_dagrun for example_params_trigger_ui to None, run_after=None
[2023-06-08T19:13:33.165+0000] {processor.py:179} INFO - Processing /home/airflow/.local/lib/python3.7/site-packages/airflow/example_dags/example_params_trigger_ui.py took 0.081 seconds
[2023-06-08T19:14:03.194+0000] {processor.py:157} INFO - Started process (PID=6260) to work on /home/airflow/.local/lib/python3.7/site-packages/airflow/example_dags/example_params_trigger_ui.py
[2023-06-08T19:14:03.195+0000] {processor.py:826} INFO - Processing file /home/airflow/.local/lib/python3.7/site-packages/airflow/example_dags/example_params_trigger_ui.py for tasks to queue
[2023-06-08T19:14:03.196+0000] {logging_mixin.py:149} INFO - [2023-06-08T19:14:03.195+0000] {dagbag.py:541} INFO - Filling up the DagBag from /home/airflow/.local/lib/python3.7/site-packages/airflow/example_dags/example_params_trigger_ui.py
[2023-06-08T19:14:03.209+0000] {processor.py:836} INFO - DAG(s) dict_keys(['example_params_trigger_ui']) retrieved from /home/airflow/.local/lib/python3.7/site-packages/airflow/example_dags/example_params_trigger_ui.py
[2023-06-08T19:14:03.251+0000] {logging_mixin.py:149} INFO - [2023-06-08T19:14:03.250+0000] {dag.py:2726} INFO - Sync 1 DAGs
[2023-06-08T19:14:03.264+0000] {logging_mixin.py:149} INFO - [2023-06-08T19:14:03.264+0000] {dag.py:3490} INFO - Setting next_dagrun for example_params_trigger_ui to None, run_after=None
[2023-06-08T19:14:03.274+0000] {processor.py:179} INFO - Processing /home/airflow/.local/lib/python3.7/site-packages/airflow/example_dags/example_params_trigger_ui.py took 0.082 seconds
[2023-06-08T19:14:33.511+0000] {processor.py:157} INFO - Started process (PID=6500) to work on /home/airflow/.local/lib/python3.7/site-packages/airflow/example_dags/example_params_trigger_ui.py
[2023-06-08T19:14:33.512+0000] {processor.py:826} INFO - Processing file /home/airflow/.local/lib/python3.7/site-packages/airflow/example_dags/example_params_trigger_ui.py for tasks to queue
[2023-06-08T19:14:33.512+0000] {logging_mixin.py:149} INFO - [2023-06-08T19:14:33.512+0000] {dagbag.py:541} INFO - Filling up the DagBag from /home/airflow/.local/lib/python3.7/site-packages/airflow/example_dags/example_params_trigger_ui.py
[2023-06-08T19:14:33.525+0000] {processor.py:836} INFO - DAG(s) dict_keys(['example_params_trigger_ui']) retrieved from /home/airflow/.local/lib/python3.7/site-packages/airflow/example_dags/example_params_trigger_ui.py
[2023-06-08T19:14:33.566+0000] {logging_mixin.py:149} INFO - [2023-06-08T19:14:33.566+0000] {dag.py:2726} INFO - Sync 1 DAGs
[2023-06-08T19:14:33.580+0000] {logging_mixin.py:149} INFO - [2023-06-08T19:14:33.580+0000] {dag.py:3490} INFO - Setting next_dagrun for example_params_trigger_ui to None, run_after=None
[2023-06-08T19:14:33.589+0000] {processor.py:179} INFO - Processing /home/airflow/.local/lib/python3.7/site-packages/airflow/example_dags/example_params_trigger_ui.py took 0.080 seconds
[2023-06-08T19:15:03.664+0000] {processor.py:157} INFO - Started process (PID=6735) to work on /home/airflow/.local/lib/python3.7/site-packages/airflow/example_dags/example_params_trigger_ui.py
[2023-06-08T19:15:03.665+0000] {processor.py:826} INFO - Processing file /home/airflow/.local/lib/python3.7/site-packages/airflow/example_dags/example_params_trigger_ui.py for tasks to queue
[2023-06-08T19:15:03.666+0000] {logging_mixin.py:149} INFO - [2023-06-08T19:15:03.666+0000] {dagbag.py:541} INFO - Filling up the DagBag from /home/airflow/.local/lib/python3.7/site-packages/airflow/example_dags/example_params_trigger_ui.py
[2023-06-08T19:15:03.679+0000] {processor.py:836} INFO - DAG(s) dict_keys(['example_params_trigger_ui']) retrieved from /home/airflow/.local/lib/python3.7/site-packages/airflow/example_dags/example_params_trigger_ui.py
[2023-06-08T19:15:03.721+0000] {logging_mixin.py:149} INFO - [2023-06-08T19:15:03.721+0000] {dag.py:2726} INFO - Sync 1 DAGs
[2023-06-08T19:15:03.736+0000] {logging_mixin.py:149} INFO - [2023-06-08T19:15:03.735+0000] {dag.py:3490} INFO - Setting next_dagrun for example_params_trigger_ui to None, run_after=None
[2023-06-08T19:15:03.746+0000] {processor.py:179} INFO - Processing /home/airflow/.local/lib/python3.7/site-packages/airflow/example_dags/example_params_trigger_ui.py took 0.084 seconds
