[2023-06-08T19:01:24.878+0000] {processor.py:157} INFO - Started process (PID=242) to work on /home/airflow/.local/lib/python3.7/site-packages/airflow/example_dags/example_latest_only_with_trigger.py
[2023-06-08T19:01:24.879+0000] {processor.py:826} INFO - Processing file /home/airflow/.local/lib/python3.7/site-packages/airflow/example_dags/example_latest_only_with_trigger.py for tasks to queue
[2023-06-08T19:01:24.880+0000] {logging_mixin.py:149} INFO - [2023-06-08T19:01:24.880+0000] {dagbag.py:541} INFO - Filling up the DagBag from /home/airflow/.local/lib/python3.7/site-packages/airflow/example_dags/example_latest_only_with_trigger.py
[2023-06-08T19:01:24.886+0000] {processor.py:836} INFO - DAG(s) dict_keys(['latest_only_with_trigger']) retrieved from /home/airflow/.local/lib/python3.7/site-packages/airflow/example_dags/example_latest_only_with_trigger.py
[2023-06-08T19:01:24.899+0000] {logging_mixin.py:149} INFO - [2023-06-08T19:01:24.899+0000] {dag.py:2726} INFO - Sync 1 DAGs
[2023-06-08T19:01:24.914+0000] {logging_mixin.py:149} INFO - [2023-06-08T19:01:24.914+0000] {dag.py:3490} INFO - Setting next_dagrun for latest_only_with_trigger to 2023-06-08T15:01:24.913907+00:00, run_after=2023-06-08T19:01:24.913907+00:00
[2023-06-08T19:01:24.924+0000] {processor.py:179} INFO - Processing /home/airflow/.local/lib/python3.7/site-packages/airflow/example_dags/example_latest_only_with_trigger.py took 0.048 seconds
[2023-06-08T19:01:56.142+0000] {processor.py:157} INFO - Started process (PID=479) to work on /home/airflow/.local/lib/python3.7/site-packages/airflow/example_dags/example_latest_only_with_trigger.py
[2023-06-08T19:01:56.143+0000] {processor.py:826} INFO - Processing file /home/airflow/.local/lib/python3.7/site-packages/airflow/example_dags/example_latest_only_with_trigger.py for tasks to queue
[2023-06-08T19:01:56.144+0000] {logging_mixin.py:149} INFO - [2023-06-08T19:01:56.144+0000] {dagbag.py:541} INFO - Filling up the DagBag from /home/airflow/.local/lib/python3.7/site-packages/airflow/example_dags/example_latest_only_with_trigger.py
[2023-06-08T19:01:56.148+0000] {processor.py:836} INFO - DAG(s) dict_keys(['latest_only_with_trigger']) retrieved from /home/airflow/.local/lib/python3.7/site-packages/airflow/example_dags/example_latest_only_with_trigger.py
[2023-06-08T19:01:56.239+0000] {logging_mixin.py:149} INFO - [2023-06-08T19:01:56.239+0000] {dag.py:2726} INFO - Sync 1 DAGs
[2023-06-08T19:01:56.252+0000] {logging_mixin.py:149} INFO - [2023-06-08T19:01:56.252+0000] {dag.py:3490} INFO - Setting next_dagrun for latest_only_with_trigger to 2023-06-08T15:01:56.252155+00:00, run_after=2023-06-08T19:01:56.252155+00:00
[2023-06-08T19:01:56.261+0000] {processor.py:179} INFO - Processing /home/airflow/.local/lib/python3.7/site-packages/airflow/example_dags/example_latest_only_with_trigger.py took 0.121 seconds
[2023-06-08T19:02:27.031+0000] {processor.py:157} INFO - Started process (PID=716) to work on /home/airflow/.local/lib/python3.7/site-packages/airflow/example_dags/example_latest_only_with_trigger.py
[2023-06-08T19:02:27.032+0000] {processor.py:826} INFO - Processing file /home/airflow/.local/lib/python3.7/site-packages/airflow/example_dags/example_latest_only_with_trigger.py for tasks to queue
[2023-06-08T19:02:27.033+0000] {logging_mixin.py:149} INFO - [2023-06-08T19:02:27.033+0000] {dagbag.py:541} INFO - Filling up the DagBag from /home/airflow/.local/lib/python3.7/site-packages/airflow/example_dags/example_latest_only_with_trigger.py
[2023-06-08T19:02:27.037+0000] {processor.py:836} INFO - DAG(s) dict_keys(['latest_only_with_trigger']) retrieved from /home/airflow/.local/lib/python3.7/site-packages/airflow/example_dags/example_latest_only_with_trigger.py
[2023-06-08T19:02:27.055+0000] {logging_mixin.py:149} INFO - [2023-06-08T19:02:27.055+0000] {dag.py:2726} INFO - Sync 1 DAGs
[2023-06-08T19:02:27.072+0000] {logging_mixin.py:149} INFO - [2023-06-08T19:02:27.072+0000] {dag.py:3490} INFO - Setting next_dagrun for latest_only_with_trigger to 2023-06-08T15:02:27.072013+00:00, run_after=2023-06-08T19:02:27.072013+00:00
[2023-06-08T19:02:27.082+0000] {processor.py:179} INFO - Processing /home/airflow/.local/lib/python3.7/site-packages/airflow/example_dags/example_latest_only_with_trigger.py took 0.054 seconds
[2023-06-08T19:02:57.218+0000] {processor.py:157} INFO - Started process (PID=1001) to work on /home/airflow/.local/lib/python3.7/site-packages/airflow/example_dags/example_latest_only_with_trigger.py
[2023-06-08T19:02:57.219+0000] {processor.py:826} INFO - Processing file /home/airflow/.local/lib/python3.7/site-packages/airflow/example_dags/example_latest_only_with_trigger.py for tasks to queue
[2023-06-08T19:02:57.220+0000] {logging_mixin.py:149} INFO - [2023-06-08T19:02:57.220+0000] {dagbag.py:541} INFO - Filling up the DagBag from /home/airflow/.local/lib/python3.7/site-packages/airflow/example_dags/example_latest_only_with_trigger.py
[2023-06-08T19:02:57.224+0000] {processor.py:836} INFO - DAG(s) dict_keys(['latest_only_with_trigger']) retrieved from /home/airflow/.local/lib/python3.7/site-packages/airflow/example_dags/example_latest_only_with_trigger.py
[2023-06-08T19:02:57.240+0000] {logging_mixin.py:149} INFO - [2023-06-08T19:02:57.240+0000] {dag.py:2726} INFO - Sync 1 DAGs
[2023-06-08T19:02:57.254+0000] {logging_mixin.py:149} INFO - [2023-06-08T19:02:57.254+0000] {dag.py:3490} INFO - Setting next_dagrun for latest_only_with_trigger to 2023-06-08T15:02:57.253829+00:00, run_after=2023-06-08T19:02:57.253829+00:00
[2023-06-08T19:02:57.263+0000] {processor.py:179} INFO - Processing /home/airflow/.local/lib/python3.7/site-packages/airflow/example_dags/example_latest_only_with_trigger.py took 0.047 seconds
[2023-06-08T19:03:27.492+0000] {processor.py:157} INFO - Started process (PID=1286) to work on /home/airflow/.local/lib/python3.7/site-packages/airflow/example_dags/example_latest_only_with_trigger.py
[2023-06-08T19:03:27.493+0000] {processor.py:826} INFO - Processing file /home/airflow/.local/lib/python3.7/site-packages/airflow/example_dags/example_latest_only_with_trigger.py for tasks to queue
[2023-06-08T19:03:27.493+0000] {logging_mixin.py:149} INFO - [2023-06-08T19:03:27.493+0000] {dagbag.py:541} INFO - Filling up the DagBag from /home/airflow/.local/lib/python3.7/site-packages/airflow/example_dags/example_latest_only_with_trigger.py
[2023-06-08T19:03:27.498+0000] {processor.py:836} INFO - DAG(s) dict_keys(['latest_only_with_trigger']) retrieved from /home/airflow/.local/lib/python3.7/site-packages/airflow/example_dags/example_latest_only_with_trigger.py
[2023-06-08T19:03:27.514+0000] {logging_mixin.py:149} INFO - [2023-06-08T19:03:27.514+0000] {dag.py:2726} INFO - Sync 1 DAGs
[2023-06-08T19:03:27.528+0000] {logging_mixin.py:149} INFO - [2023-06-08T19:03:27.528+0000] {dag.py:3490} INFO - Setting next_dagrun for latest_only_with_trigger to 2023-06-08T15:03:27.528651+00:00, run_after=2023-06-08T19:03:27.528651+00:00
[2023-06-08T19:03:27.538+0000] {processor.py:179} INFO - Processing /home/airflow/.local/lib/python3.7/site-packages/airflow/example_dags/example_latest_only_with_trigger.py took 0.049 seconds
[2023-06-08T19:03:57.740+0000] {processor.py:157} INFO - Started process (PID=1524) to work on /home/airflow/.local/lib/python3.7/site-packages/airflow/example_dags/example_latest_only_with_trigger.py
[2023-06-08T19:03:57.741+0000] {processor.py:826} INFO - Processing file /home/airflow/.local/lib/python3.7/site-packages/airflow/example_dags/example_latest_only_with_trigger.py for tasks to queue
[2023-06-08T19:03:57.742+0000] {logging_mixin.py:149} INFO - [2023-06-08T19:03:57.742+0000] {dagbag.py:541} INFO - Filling up the DagBag from /home/airflow/.local/lib/python3.7/site-packages/airflow/example_dags/example_latest_only_with_trigger.py
[2023-06-08T19:03:57.746+0000] {processor.py:836} INFO - DAG(s) dict_keys(['latest_only_with_trigger']) retrieved from /home/airflow/.local/lib/python3.7/site-packages/airflow/example_dags/example_latest_only_with_trigger.py
[2023-06-08T19:03:57.764+0000] {logging_mixin.py:149} INFO - [2023-06-08T19:03:57.764+0000] {dag.py:2726} INFO - Sync 1 DAGs
[2023-06-08T19:03:57.779+0000] {logging_mixin.py:149} INFO - [2023-06-08T19:03:57.779+0000] {dag.py:3490} INFO - Setting next_dagrun for latest_only_with_trigger to 2023-06-08T15:03:57.779166+00:00, run_after=2023-06-08T19:03:57.779166+00:00
[2023-06-08T19:03:57.790+0000] {processor.py:179} INFO - Processing /home/airflow/.local/lib/python3.7/site-packages/airflow/example_dags/example_latest_only_with_trigger.py took 0.052 seconds
[2023-06-08T19:04:28.024+0000] {processor.py:157} INFO - Started process (PID=1763) to work on /home/airflow/.local/lib/python3.7/site-packages/airflow/example_dags/example_latest_only_with_trigger.py
[2023-06-08T19:04:28.026+0000] {processor.py:826} INFO - Processing file /home/airflow/.local/lib/python3.7/site-packages/airflow/example_dags/example_latest_only_with_trigger.py for tasks to queue
[2023-06-08T19:04:28.026+0000] {logging_mixin.py:149} INFO - [2023-06-08T19:04:28.026+0000] {dagbag.py:541} INFO - Filling up the DagBag from /home/airflow/.local/lib/python3.7/site-packages/airflow/example_dags/example_latest_only_with_trigger.py
[2023-06-08T19:04:28.030+0000] {processor.py:836} INFO - DAG(s) dict_keys(['latest_only_with_trigger']) retrieved from /home/airflow/.local/lib/python3.7/site-packages/airflow/example_dags/example_latest_only_with_trigger.py
[2023-06-08T19:04:28.048+0000] {logging_mixin.py:149} INFO - [2023-06-08T19:04:28.047+0000] {dag.py:2726} INFO - Sync 1 DAGs
[2023-06-08T19:04:28.062+0000] {logging_mixin.py:149} INFO - [2023-06-08T19:04:28.062+0000] {dag.py:3490} INFO - Setting next_dagrun for latest_only_with_trigger to 2023-06-08T15:04:28.062509+00:00, run_after=2023-06-08T19:04:28.062509+00:00
[2023-06-08T19:04:28.072+0000] {processor.py:179} INFO - Processing /home/airflow/.local/lib/python3.7/site-packages/airflow/example_dags/example_latest_only_with_trigger.py took 0.050 seconds
[2023-06-08T19:04:58.219+0000] {processor.py:157} INFO - Started process (PID=1998) to work on /home/airflow/.local/lib/python3.7/site-packages/airflow/example_dags/example_latest_only_with_trigger.py
[2023-06-08T19:04:58.221+0000] {processor.py:826} INFO - Processing file /home/airflow/.local/lib/python3.7/site-packages/airflow/example_dags/example_latest_only_with_trigger.py for tasks to queue
[2023-06-08T19:04:58.222+0000] {logging_mixin.py:149} INFO - [2023-06-08T19:04:58.222+0000] {dagbag.py:541} INFO - Filling up the DagBag from /home/airflow/.local/lib/python3.7/site-packages/airflow/example_dags/example_latest_only_with_trigger.py
[2023-06-08T19:04:58.226+0000] {processor.py:836} INFO - DAG(s) dict_keys(['latest_only_with_trigger']) retrieved from /home/airflow/.local/lib/python3.7/site-packages/airflow/example_dags/example_latest_only_with_trigger.py
[2023-06-08T19:04:58.247+0000] {logging_mixin.py:149} INFO - [2023-06-08T19:04:58.247+0000] {dag.py:2726} INFO - Sync 1 DAGs
[2023-06-08T19:04:58.262+0000] {logging_mixin.py:149} INFO - [2023-06-08T19:04:58.262+0000] {dag.py:3490} INFO - Setting next_dagrun for latest_only_with_trigger to 2023-06-08T15:04:58.262499+00:00, run_after=2023-06-08T19:04:58.262499+00:00
[2023-06-08T19:04:58.275+0000] {processor.py:179} INFO - Processing /home/airflow/.local/lib/python3.7/site-packages/airflow/example_dags/example_latest_only_with_trigger.py took 0.058 seconds
[2023-06-08T19:05:28.509+0000] {processor.py:157} INFO - Started process (PID=2235) to work on /home/airflow/.local/lib/python3.7/site-packages/airflow/example_dags/example_latest_only_with_trigger.py
[2023-06-08T19:05:28.510+0000] {processor.py:826} INFO - Processing file /home/airflow/.local/lib/python3.7/site-packages/airflow/example_dags/example_latest_only_with_trigger.py for tasks to queue
[2023-06-08T19:05:28.510+0000] {logging_mixin.py:149} INFO - [2023-06-08T19:05:28.510+0000] {dagbag.py:541} INFO - Filling up the DagBag from /home/airflow/.local/lib/python3.7/site-packages/airflow/example_dags/example_latest_only_with_trigger.py
[2023-06-08T19:05:28.515+0000] {processor.py:836} INFO - DAG(s) dict_keys(['latest_only_with_trigger']) retrieved from /home/airflow/.local/lib/python3.7/site-packages/airflow/example_dags/example_latest_only_with_trigger.py
[2023-06-08T19:05:28.531+0000] {logging_mixin.py:149} INFO - [2023-06-08T19:05:28.531+0000] {dag.py:2726} INFO - Sync 1 DAGs
[2023-06-08T19:05:28.549+0000] {logging_mixin.py:149} INFO - [2023-06-08T19:05:28.549+0000] {dag.py:3490} INFO - Setting next_dagrun for latest_only_with_trigger to 2023-06-08T15:05:28.548858+00:00, run_after=2023-06-08T19:05:28.548858+00:00
[2023-06-08T19:05:28.559+0000] {processor.py:179} INFO - Processing /home/airflow/.local/lib/python3.7/site-packages/airflow/example_dags/example_latest_only_with_trigger.py took 0.053 seconds
[2023-06-08T19:05:58.870+0000] {processor.py:157} INFO - Started process (PID=2472) to work on /home/airflow/.local/lib/python3.7/site-packages/airflow/example_dags/example_latest_only_with_trigger.py
[2023-06-08T19:05:58.871+0000] {processor.py:826} INFO - Processing file /home/airflow/.local/lib/python3.7/site-packages/airflow/example_dags/example_latest_only_with_trigger.py for tasks to queue
[2023-06-08T19:05:58.872+0000] {logging_mixin.py:149} INFO - [2023-06-08T19:05:58.871+0000] {dagbag.py:541} INFO - Filling up the DagBag from /home/airflow/.local/lib/python3.7/site-packages/airflow/example_dags/example_latest_only_with_trigger.py
[2023-06-08T19:05:58.876+0000] {processor.py:836} INFO - DAG(s) dict_keys(['latest_only_with_trigger']) retrieved from /home/airflow/.local/lib/python3.7/site-packages/airflow/example_dags/example_latest_only_with_trigger.py
[2023-06-08T19:05:58.893+0000] {logging_mixin.py:149} INFO - [2023-06-08T19:05:58.892+0000] {dag.py:2726} INFO - Sync 1 DAGs
[2023-06-08T19:05:58.907+0000] {logging_mixin.py:149} INFO - [2023-06-08T19:05:58.907+0000] {dag.py:3490} INFO - Setting next_dagrun for latest_only_with_trigger to 2023-06-08T15:05:58.906822+00:00, run_after=2023-06-08T19:05:58.906822+00:00
[2023-06-08T19:05:58.917+0000] {processor.py:179} INFO - Processing /home/airflow/.local/lib/python3.7/site-packages/airflow/example_dags/example_latest_only_with_trigger.py took 0.049 seconds
[2023-06-08T19:06:29.127+0000] {processor.py:157} INFO - Started process (PID=2704) to work on /home/airflow/.local/lib/python3.7/site-packages/airflow/example_dags/example_latest_only_with_trigger.py
[2023-06-08T19:06:29.128+0000] {processor.py:826} INFO - Processing file /home/airflow/.local/lib/python3.7/site-packages/airflow/example_dags/example_latest_only_with_trigger.py for tasks to queue
[2023-06-08T19:06:29.128+0000] {logging_mixin.py:149} INFO - [2023-06-08T19:06:29.128+0000] {dagbag.py:541} INFO - Filling up the DagBag from /home/airflow/.local/lib/python3.7/site-packages/airflow/example_dags/example_latest_only_with_trigger.py
[2023-06-08T19:06:29.133+0000] {processor.py:836} INFO - DAG(s) dict_keys(['latest_only_with_trigger']) retrieved from /home/airflow/.local/lib/python3.7/site-packages/airflow/example_dags/example_latest_only_with_trigger.py
[2023-06-08T19:06:29.149+0000] {logging_mixin.py:149} INFO - [2023-06-08T19:06:29.149+0000] {dag.py:2726} INFO - Sync 1 DAGs
[2023-06-08T19:06:29.164+0000] {logging_mixin.py:149} INFO - [2023-06-08T19:06:29.164+0000] {dag.py:3490} INFO - Setting next_dagrun for latest_only_with_trigger to 2023-06-08T15:06:29.164197+00:00, run_after=2023-06-08T19:06:29.164197+00:00
[2023-06-08T19:06:29.174+0000] {processor.py:179} INFO - Processing /home/airflow/.local/lib/python3.7/site-packages/airflow/example_dags/example_latest_only_with_trigger.py took 0.049 seconds
[2023-06-08T19:06:59.452+0000] {processor.py:157} INFO - Started process (PID=2943) to work on /home/airflow/.local/lib/python3.7/site-packages/airflow/example_dags/example_latest_only_with_trigger.py
[2023-06-08T19:06:59.453+0000] {processor.py:826} INFO - Processing file /home/airflow/.local/lib/python3.7/site-packages/airflow/example_dags/example_latest_only_with_trigger.py for tasks to queue
[2023-06-08T19:06:59.453+0000] {logging_mixin.py:149} INFO - [2023-06-08T19:06:59.453+0000] {dagbag.py:541} INFO - Filling up the DagBag from /home/airflow/.local/lib/python3.7/site-packages/airflow/example_dags/example_latest_only_with_trigger.py
[2023-06-08T19:06:59.458+0000] {processor.py:836} INFO - DAG(s) dict_keys(['latest_only_with_trigger']) retrieved from /home/airflow/.local/lib/python3.7/site-packages/airflow/example_dags/example_latest_only_with_trigger.py
[2023-06-08T19:06:59.474+0000] {logging_mixin.py:149} INFO - [2023-06-08T19:06:59.474+0000] {dag.py:2726} INFO - Sync 1 DAGs
[2023-06-08T19:06:59.489+0000] {logging_mixin.py:149} INFO - [2023-06-08T19:06:59.489+0000] {dag.py:3490} INFO - Setting next_dagrun for latest_only_with_trigger to 2023-06-08T15:06:59.488856+00:00, run_after=2023-06-08T19:06:59.488856+00:00
[2023-06-08T19:06:59.498+0000] {processor.py:179} INFO - Processing /home/airflow/.local/lib/python3.7/site-packages/airflow/example_dags/example_latest_only_with_trigger.py took 0.049 seconds
[2023-06-08T19:07:29.769+0000] {processor.py:157} INFO - Started process (PID=3180) to work on /home/airflow/.local/lib/python3.7/site-packages/airflow/example_dags/example_latest_only_with_trigger.py
[2023-06-08T19:07:29.770+0000] {processor.py:826} INFO - Processing file /home/airflow/.local/lib/python3.7/site-packages/airflow/example_dags/example_latest_only_with_trigger.py for tasks to queue
[2023-06-08T19:07:29.770+0000] {logging_mixin.py:149} INFO - [2023-06-08T19:07:29.770+0000] {dagbag.py:541} INFO - Filling up the DagBag from /home/airflow/.local/lib/python3.7/site-packages/airflow/example_dags/example_latest_only_with_trigger.py
[2023-06-08T19:07:29.775+0000] {processor.py:836} INFO - DAG(s) dict_keys(['latest_only_with_trigger']) retrieved from /home/airflow/.local/lib/python3.7/site-packages/airflow/example_dags/example_latest_only_with_trigger.py
[2023-06-08T19:07:29.791+0000] {logging_mixin.py:149} INFO - [2023-06-08T19:07:29.791+0000] {dag.py:2726} INFO - Sync 1 DAGs
[2023-06-08T19:07:29.806+0000] {logging_mixin.py:149} INFO - [2023-06-08T19:07:29.806+0000] {dag.py:3490} INFO - Setting next_dagrun for latest_only_with_trigger to 2023-06-08T15:07:29.805861+00:00, run_after=2023-06-08T19:07:29.805861+00:00
[2023-06-08T19:07:29.815+0000] {processor.py:179} INFO - Processing /home/airflow/.local/lib/python3.7/site-packages/airflow/example_dags/example_latest_only_with_trigger.py took 0.049 seconds
[2023-06-08T19:08:00.066+0000] {processor.py:157} INFO - Started process (PID=3420) to work on /home/airflow/.local/lib/python3.7/site-packages/airflow/example_dags/example_latest_only_with_trigger.py
[2023-06-08T19:08:00.066+0000] {processor.py:826} INFO - Processing file /home/airflow/.local/lib/python3.7/site-packages/airflow/example_dags/example_latest_only_with_trigger.py for tasks to queue
[2023-06-08T19:08:00.067+0000] {logging_mixin.py:149} INFO - [2023-06-08T19:08:00.067+0000] {dagbag.py:541} INFO - Filling up the DagBag from /home/airflow/.local/lib/python3.7/site-packages/airflow/example_dags/example_latest_only_with_trigger.py
[2023-06-08T19:08:00.072+0000] {processor.py:836} INFO - DAG(s) dict_keys(['latest_only_with_trigger']) retrieved from /home/airflow/.local/lib/python3.7/site-packages/airflow/example_dags/example_latest_only_with_trigger.py
[2023-06-08T19:08:00.088+0000] {logging_mixin.py:149} INFO - [2023-06-08T19:08:00.088+0000] {dag.py:2726} INFO - Sync 1 DAGs
[2023-06-08T19:08:00.103+0000] {logging_mixin.py:149} INFO - [2023-06-08T19:08:00.103+0000] {dag.py:3490} INFO - Setting next_dagrun for latest_only_with_trigger to 2023-06-08T15:08:00.103399+00:00, run_after=2023-06-08T19:08:00.103399+00:00
[2023-06-08T19:08:00.113+0000] {processor.py:179} INFO - Processing /home/airflow/.local/lib/python3.7/site-packages/airflow/example_dags/example_latest_only_with_trigger.py took 0.050 seconds
[2023-06-08T19:08:30.446+0000] {processor.py:157} INFO - Started process (PID=3659) to work on /home/airflow/.local/lib/python3.7/site-packages/airflow/example_dags/example_latest_only_with_trigger.py
[2023-06-08T19:08:30.447+0000] {processor.py:826} INFO - Processing file /home/airflow/.local/lib/python3.7/site-packages/airflow/example_dags/example_latest_only_with_trigger.py for tasks to queue
[2023-06-08T19:08:30.448+0000] {logging_mixin.py:149} INFO - [2023-06-08T19:08:30.448+0000] {dagbag.py:541} INFO - Filling up the DagBag from /home/airflow/.local/lib/python3.7/site-packages/airflow/example_dags/example_latest_only_with_trigger.py
[2023-06-08T19:08:30.452+0000] {processor.py:836} INFO - DAG(s) dict_keys(['latest_only_with_trigger']) retrieved from /home/airflow/.local/lib/python3.7/site-packages/airflow/example_dags/example_latest_only_with_trigger.py
[2023-06-08T19:08:30.469+0000] {logging_mixin.py:149} INFO - [2023-06-08T19:08:30.469+0000] {dag.py:2726} INFO - Sync 1 DAGs
[2023-06-08T19:08:30.484+0000] {logging_mixin.py:149} INFO - [2023-06-08T19:08:30.484+0000] {dag.py:3490} INFO - Setting next_dagrun for latest_only_with_trigger to 2023-06-08T15:08:30.484081+00:00, run_after=2023-06-08T19:08:30.484081+00:00
[2023-06-08T19:08:30.494+0000] {processor.py:179} INFO - Processing /home/airflow/.local/lib/python3.7/site-packages/airflow/example_dags/example_latest_only_with_trigger.py took 0.050 seconds
[2023-06-08T19:09:00.693+0000] {processor.py:157} INFO - Started process (PID=3894) to work on /home/airflow/.local/lib/python3.7/site-packages/airflow/example_dags/example_latest_only_with_trigger.py
[2023-06-08T19:09:00.694+0000] {processor.py:826} INFO - Processing file /home/airflow/.local/lib/python3.7/site-packages/airflow/example_dags/example_latest_only_with_trigger.py for tasks to queue
[2023-06-08T19:09:00.695+0000] {logging_mixin.py:149} INFO - [2023-06-08T19:09:00.694+0000] {dagbag.py:541} INFO - Filling up the DagBag from /home/airflow/.local/lib/python3.7/site-packages/airflow/example_dags/example_latest_only_with_trigger.py
[2023-06-08T19:09:00.699+0000] {processor.py:836} INFO - DAG(s) dict_keys(['latest_only_with_trigger']) retrieved from /home/airflow/.local/lib/python3.7/site-packages/airflow/example_dags/example_latest_only_with_trigger.py
[2023-06-08T19:09:00.716+0000] {logging_mixin.py:149} INFO - [2023-06-08T19:09:00.716+0000] {dag.py:2726} INFO - Sync 1 DAGs
[2023-06-08T19:09:00.730+0000] {logging_mixin.py:149} INFO - [2023-06-08T19:09:00.730+0000] {dag.py:3490} INFO - Setting next_dagrun for latest_only_with_trigger to 2023-06-08T15:09:00.730444+00:00, run_after=2023-06-08T19:09:00.730444+00:00
[2023-06-08T19:09:00.741+0000] {processor.py:179} INFO - Processing /home/airflow/.local/lib/python3.7/site-packages/airflow/example_dags/example_latest_only_with_trigger.py took 0.050 seconds
[2023-06-08T19:09:30.880+0000] {processor.py:157} INFO - Started process (PID=4131) to work on /home/airflow/.local/lib/python3.7/site-packages/airflow/example_dags/example_latest_only_with_trigger.py
[2023-06-08T19:09:30.881+0000] {processor.py:826} INFO - Processing file /home/airflow/.local/lib/python3.7/site-packages/airflow/example_dags/example_latest_only_with_trigger.py for tasks to queue
[2023-06-08T19:09:30.881+0000] {logging_mixin.py:149} INFO - [2023-06-08T19:09:30.881+0000] {dagbag.py:541} INFO - Filling up the DagBag from /home/airflow/.local/lib/python3.7/site-packages/airflow/example_dags/example_latest_only_with_trigger.py
[2023-06-08T19:09:30.885+0000] {processor.py:836} INFO - DAG(s) dict_keys(['latest_only_with_trigger']) retrieved from /home/airflow/.local/lib/python3.7/site-packages/airflow/example_dags/example_latest_only_with_trigger.py
[2023-06-08T19:09:30.901+0000] {logging_mixin.py:149} INFO - [2023-06-08T19:09:30.901+0000] {dag.py:2726} INFO - Sync 1 DAGs
[2023-06-08T19:09:30.916+0000] {logging_mixin.py:149} INFO - [2023-06-08T19:09:30.916+0000] {dag.py:3490} INFO - Setting next_dagrun for latest_only_with_trigger to 2023-06-08T15:09:30.915895+00:00, run_after=2023-06-08T19:09:30.915895+00:00
[2023-06-08T19:09:30.926+0000] {processor.py:179} INFO - Processing /home/airflow/.local/lib/python3.7/site-packages/airflow/example_dags/example_latest_only_with_trigger.py took 0.048 seconds
[2023-06-08T19:10:01.181+0000] {processor.py:157} INFO - Started process (PID=4368) to work on /home/airflow/.local/lib/python3.7/site-packages/airflow/example_dags/example_latest_only_with_trigger.py
[2023-06-08T19:10:01.182+0000] {processor.py:826} INFO - Processing file /home/airflow/.local/lib/python3.7/site-packages/airflow/example_dags/example_latest_only_with_trigger.py for tasks to queue
[2023-06-08T19:10:01.183+0000] {logging_mixin.py:149} INFO - [2023-06-08T19:10:01.182+0000] {dagbag.py:541} INFO - Filling up the DagBag from /home/airflow/.local/lib/python3.7/site-packages/airflow/example_dags/example_latest_only_with_trigger.py
[2023-06-08T19:10:01.187+0000] {processor.py:836} INFO - DAG(s) dict_keys(['latest_only_with_trigger']) retrieved from /home/airflow/.local/lib/python3.7/site-packages/airflow/example_dags/example_latest_only_with_trigger.py
[2023-06-08T19:10:01.203+0000] {logging_mixin.py:149} INFO - [2023-06-08T19:10:01.203+0000] {dag.py:2726} INFO - Sync 1 DAGs
[2023-06-08T19:10:01.218+0000] {logging_mixin.py:149} INFO - [2023-06-08T19:10:01.218+0000] {dag.py:3490} INFO - Setting next_dagrun for latest_only_with_trigger to 2023-06-08T15:10:01.218636+00:00, run_after=2023-06-08T19:10:01.218636+00:00
[2023-06-08T19:10:01.229+0000] {processor.py:179} INFO - Processing /home/airflow/.local/lib/python3.7/site-packages/airflow/example_dags/example_latest_only_with_trigger.py took 0.051 seconds
[2023-06-08T19:10:31.422+0000] {processor.py:157} INFO - Started process (PID=4605) to work on /home/airflow/.local/lib/python3.7/site-packages/airflow/example_dags/example_latest_only_with_trigger.py
[2023-06-08T19:10:31.423+0000] {processor.py:826} INFO - Processing file /home/airflow/.local/lib/python3.7/site-packages/airflow/example_dags/example_latest_only_with_trigger.py for tasks to queue
[2023-06-08T19:10:31.424+0000] {logging_mixin.py:149} INFO - [2023-06-08T19:10:31.423+0000] {dagbag.py:541} INFO - Filling up the DagBag from /home/airflow/.local/lib/python3.7/site-packages/airflow/example_dags/example_latest_only_with_trigger.py
[2023-06-08T19:10:31.428+0000] {processor.py:836} INFO - DAG(s) dict_keys(['latest_only_with_trigger']) retrieved from /home/airflow/.local/lib/python3.7/site-packages/airflow/example_dags/example_latest_only_with_trigger.py
[2023-06-08T19:10:31.445+0000] {logging_mixin.py:149} INFO - [2023-06-08T19:10:31.445+0000] {dag.py:2726} INFO - Sync 1 DAGs
[2023-06-08T19:10:31.459+0000] {logging_mixin.py:149} INFO - [2023-06-08T19:10:31.459+0000] {dag.py:3490} INFO - Setting next_dagrun for latest_only_with_trigger to 2023-06-08T15:10:31.459595+00:00, run_after=2023-06-08T19:10:31.459595+00:00
[2023-06-08T19:10:31.470+0000] {processor.py:179} INFO - Processing /home/airflow/.local/lib/python3.7/site-packages/airflow/example_dags/example_latest_only_with_trigger.py took 0.051 seconds
[2023-06-08T19:11:01.773+0000] {processor.py:157} INFO - Started process (PID=4844) to work on /home/airflow/.local/lib/python3.7/site-packages/airflow/example_dags/example_latest_only_with_trigger.py
[2023-06-08T19:11:01.773+0000] {processor.py:826} INFO - Processing file /home/airflow/.local/lib/python3.7/site-packages/airflow/example_dags/example_latest_only_with_trigger.py for tasks to queue
[2023-06-08T19:11:01.774+0000] {logging_mixin.py:149} INFO - [2023-06-08T19:11:01.774+0000] {dagbag.py:541} INFO - Filling up the DagBag from /home/airflow/.local/lib/python3.7/site-packages/airflow/example_dags/example_latest_only_with_trigger.py
[2023-06-08T19:11:01.779+0000] {processor.py:836} INFO - DAG(s) dict_keys(['latest_only_with_trigger']) retrieved from /home/airflow/.local/lib/python3.7/site-packages/airflow/example_dags/example_latest_only_with_trigger.py
[2023-06-08T19:11:01.797+0000] {logging_mixin.py:149} INFO - [2023-06-08T19:11:01.797+0000] {dag.py:2726} INFO - Sync 1 DAGs
[2023-06-08T19:11:01.811+0000] {logging_mixin.py:149} INFO - [2023-06-08T19:11:01.811+0000] {dag.py:3490} INFO - Setting next_dagrun for latest_only_with_trigger to 2023-06-08T15:11:01.811210+00:00, run_after=2023-06-08T19:11:01.811210+00:00
[2023-06-08T19:11:01.821+0000] {processor.py:179} INFO - Processing /home/airflow/.local/lib/python3.7/site-packages/airflow/example_dags/example_latest_only_with_trigger.py took 0.051 seconds
[2023-06-08T19:11:31.992+0000] {processor.py:157} INFO - Started process (PID=5079) to work on /home/airflow/.local/lib/python3.7/site-packages/airflow/example_dags/example_latest_only_with_trigger.py
[2023-06-08T19:11:31.993+0000] {processor.py:826} INFO - Processing file /home/airflow/.local/lib/python3.7/site-packages/airflow/example_dags/example_latest_only_with_trigger.py for tasks to queue
[2023-06-08T19:11:31.994+0000] {logging_mixin.py:149} INFO - [2023-06-08T19:11:31.994+0000] {dagbag.py:541} INFO - Filling up the DagBag from /home/airflow/.local/lib/python3.7/site-packages/airflow/example_dags/example_latest_only_with_trigger.py
[2023-06-08T19:11:31.998+0000] {processor.py:836} INFO - DAG(s) dict_keys(['latest_only_with_trigger']) retrieved from /home/airflow/.local/lib/python3.7/site-packages/airflow/example_dags/example_latest_only_with_trigger.py
[2023-06-08T19:11:32.015+0000] {logging_mixin.py:149} INFO - [2023-06-08T19:11:32.015+0000] {dag.py:2726} INFO - Sync 1 DAGs
[2023-06-08T19:11:32.030+0000] {logging_mixin.py:149} INFO - [2023-06-08T19:11:32.030+0000] {dag.py:3490} INFO - Setting next_dagrun for latest_only_with_trigger to 2023-06-08T15:11:32.029956+00:00, run_after=2023-06-08T19:11:32.029956+00:00
[2023-06-08T19:11:32.040+0000] {processor.py:179} INFO - Processing /home/airflow/.local/lib/python3.7/site-packages/airflow/example_dags/example_latest_only_with_trigger.py took 0.050 seconds
[2023-06-08T19:12:02.262+0000] {processor.py:157} INFO - Started process (PID=5316) to work on /home/airflow/.local/lib/python3.7/site-packages/airflow/example_dags/example_latest_only_with_trigger.py
[2023-06-08T19:12:02.263+0000] {processor.py:826} INFO - Processing file /home/airflow/.local/lib/python3.7/site-packages/airflow/example_dags/example_latest_only_with_trigger.py for tasks to queue
[2023-06-08T19:12:02.263+0000] {logging_mixin.py:149} INFO - [2023-06-08T19:12:02.263+0000] {dagbag.py:541} INFO - Filling up the DagBag from /home/airflow/.local/lib/python3.7/site-packages/airflow/example_dags/example_latest_only_with_trigger.py
[2023-06-08T19:12:02.268+0000] {processor.py:836} INFO - DAG(s) dict_keys(['latest_only_with_trigger']) retrieved from /home/airflow/.local/lib/python3.7/site-packages/airflow/example_dags/example_latest_only_with_trigger.py
[2023-06-08T19:12:02.285+0000] {logging_mixin.py:149} INFO - [2023-06-08T19:12:02.285+0000] {dag.py:2726} INFO - Sync 1 DAGs
[2023-06-08T19:12:02.300+0000] {logging_mixin.py:149} INFO - [2023-06-08T19:12:02.300+0000] {dag.py:3490} INFO - Setting next_dagrun for latest_only_with_trigger to 2023-06-08T15:12:02.300120+00:00, run_after=2023-06-08T19:12:02.300120+00:00
[2023-06-08T19:12:02.309+0000] {processor.py:179} INFO - Processing /home/airflow/.local/lib/python3.7/site-packages/airflow/example_dags/example_latest_only_with_trigger.py took 0.050 seconds
[2023-06-08T19:12:32.478+0000] {processor.py:157} INFO - Started process (PID=5554) to work on /home/airflow/.local/lib/python3.7/site-packages/airflow/example_dags/example_latest_only_with_trigger.py
[2023-06-08T19:12:32.479+0000] {processor.py:826} INFO - Processing file /home/airflow/.local/lib/python3.7/site-packages/airflow/example_dags/example_latest_only_with_trigger.py for tasks to queue
[2023-06-08T19:12:32.480+0000] {logging_mixin.py:149} INFO - [2023-06-08T19:12:32.480+0000] {dagbag.py:541} INFO - Filling up the DagBag from /home/airflow/.local/lib/python3.7/site-packages/airflow/example_dags/example_latest_only_with_trigger.py
[2023-06-08T19:12:32.484+0000] {processor.py:836} INFO - DAG(s) dict_keys(['latest_only_with_trigger']) retrieved from /home/airflow/.local/lib/python3.7/site-packages/airflow/example_dags/example_latest_only_with_trigger.py
[2023-06-08T19:12:32.501+0000] {logging_mixin.py:149} INFO - [2023-06-08T19:12:32.501+0000] {dag.py:2726} INFO - Sync 1 DAGs
[2023-06-08T19:12:32.516+0000] {logging_mixin.py:149} INFO - [2023-06-08T19:12:32.516+0000] {dag.py:3490} INFO - Setting next_dagrun for latest_only_with_trigger to 2023-06-08T15:12:32.516146+00:00, run_after=2023-06-08T19:12:32.516146+00:00
[2023-06-08T19:12:32.526+0000] {processor.py:179} INFO - Processing /home/airflow/.local/lib/python3.7/site-packages/airflow/example_dags/example_latest_only_with_trigger.py took 0.050 seconds
[2023-06-08T19:13:02.820+0000] {processor.py:157} INFO - Started process (PID=5793) to work on /home/airflow/.local/lib/python3.7/site-packages/airflow/example_dags/example_latest_only_with_trigger.py
[2023-06-08T19:13:02.821+0000] {processor.py:826} INFO - Processing file /home/airflow/.local/lib/python3.7/site-packages/airflow/example_dags/example_latest_only_with_trigger.py for tasks to queue
[2023-06-08T19:13:02.822+0000] {logging_mixin.py:149} INFO - [2023-06-08T19:13:02.822+0000] {dagbag.py:541} INFO - Filling up the DagBag from /home/airflow/.local/lib/python3.7/site-packages/airflow/example_dags/example_latest_only_with_trigger.py
[2023-06-08T19:13:02.826+0000] {processor.py:836} INFO - DAG(s) dict_keys(['latest_only_with_trigger']) retrieved from /home/airflow/.local/lib/python3.7/site-packages/airflow/example_dags/example_latest_only_with_trigger.py
[2023-06-08T19:13:02.843+0000] {logging_mixin.py:149} INFO - [2023-06-08T19:13:02.843+0000] {dag.py:2726} INFO - Sync 1 DAGs
[2023-06-08T19:13:02.857+0000] {logging_mixin.py:149} INFO - [2023-06-08T19:13:02.857+0000] {dag.py:3490} INFO - Setting next_dagrun for latest_only_with_trigger to 2023-06-08T15:13:02.857687+00:00, run_after=2023-06-08T19:13:02.857687+00:00
[2023-06-08T19:13:02.867+0000] {processor.py:179} INFO - Processing /home/airflow/.local/lib/python3.7/site-packages/airflow/example_dags/example_latest_only_with_trigger.py took 0.049 seconds
[2023-06-08T19:13:33.186+0000] {processor.py:157} INFO - Started process (PID=6030) to work on /home/airflow/.local/lib/python3.7/site-packages/airflow/example_dags/example_latest_only_with_trigger.py
[2023-06-08T19:13:33.187+0000] {processor.py:826} INFO - Processing file /home/airflow/.local/lib/python3.7/site-packages/airflow/example_dags/example_latest_only_with_trigger.py for tasks to queue
[2023-06-08T19:13:33.188+0000] {logging_mixin.py:149} INFO - [2023-06-08T19:13:33.188+0000] {dagbag.py:541} INFO - Filling up the DagBag from /home/airflow/.local/lib/python3.7/site-packages/airflow/example_dags/example_latest_only_with_trigger.py
[2023-06-08T19:13:33.192+0000] {processor.py:836} INFO - DAG(s) dict_keys(['latest_only_with_trigger']) retrieved from /home/airflow/.local/lib/python3.7/site-packages/airflow/example_dags/example_latest_only_with_trigger.py
[2023-06-08T19:13:33.210+0000] {logging_mixin.py:149} INFO - [2023-06-08T19:13:33.210+0000] {dag.py:2726} INFO - Sync 1 DAGs
[2023-06-08T19:13:33.223+0000] {logging_mixin.py:149} INFO - [2023-06-08T19:13:33.223+0000] {dag.py:3490} INFO - Setting next_dagrun for latest_only_with_trigger to 2023-06-08T15:13:33.223515+00:00, run_after=2023-06-08T19:13:33.223515+00:00
[2023-06-08T19:13:33.233+0000] {processor.py:179} INFO - Processing /home/airflow/.local/lib/python3.7/site-packages/airflow/example_dags/example_latest_only_with_trigger.py took 0.050 seconds
[2023-06-08T19:14:03.294+0000] {processor.py:157} INFO - Started process (PID=6267) to work on /home/airflow/.local/lib/python3.7/site-packages/airflow/example_dags/example_latest_only_with_trigger.py
[2023-06-08T19:14:03.294+0000] {processor.py:826} INFO - Processing file /home/airflow/.local/lib/python3.7/site-packages/airflow/example_dags/example_latest_only_with_trigger.py for tasks to queue
[2023-06-08T19:14:03.295+0000] {logging_mixin.py:149} INFO - [2023-06-08T19:14:03.295+0000] {dagbag.py:541} INFO - Filling up the DagBag from /home/airflow/.local/lib/python3.7/site-packages/airflow/example_dags/example_latest_only_with_trigger.py
[2023-06-08T19:14:03.299+0000] {processor.py:836} INFO - DAG(s) dict_keys(['latest_only_with_trigger']) retrieved from /home/airflow/.local/lib/python3.7/site-packages/airflow/example_dags/example_latest_only_with_trigger.py
[2023-06-08T19:14:03.317+0000] {logging_mixin.py:149} INFO - [2023-06-08T19:14:03.317+0000] {dag.py:2726} INFO - Sync 1 DAGs
[2023-06-08T19:14:03.332+0000] {logging_mixin.py:149} INFO - [2023-06-08T19:14:03.332+0000] {dag.py:3490} INFO - Setting next_dagrun for latest_only_with_trigger to 2023-06-08T15:14:03.331988+00:00, run_after=2023-06-08T19:14:03.331988+00:00
[2023-06-08T19:14:03.341+0000] {processor.py:179} INFO - Processing /home/airflow/.local/lib/python3.7/site-packages/airflow/example_dags/example_latest_only_with_trigger.py took 0.050 seconds
[2023-06-08T19:14:33.610+0000] {processor.py:157} INFO - Started process (PID=6505) to work on /home/airflow/.local/lib/python3.7/site-packages/airflow/example_dags/example_latest_only_with_trigger.py
[2023-06-08T19:14:33.612+0000] {processor.py:826} INFO - Processing file /home/airflow/.local/lib/python3.7/site-packages/airflow/example_dags/example_latest_only_with_trigger.py for tasks to queue
[2023-06-08T19:14:33.612+0000] {logging_mixin.py:149} INFO - [2023-06-08T19:14:33.612+0000] {dagbag.py:541} INFO - Filling up the DagBag from /home/airflow/.local/lib/python3.7/site-packages/airflow/example_dags/example_latest_only_with_trigger.py
[2023-06-08T19:14:33.617+0000] {processor.py:836} INFO - DAG(s) dict_keys(['latest_only_with_trigger']) retrieved from /home/airflow/.local/lib/python3.7/site-packages/airflow/example_dags/example_latest_only_with_trigger.py
[2023-06-08T19:14:33.635+0000] {logging_mixin.py:149} INFO - [2023-06-08T19:14:33.634+0000] {dag.py:2726} INFO - Sync 1 DAGs
[2023-06-08T19:14:33.649+0000] {logging_mixin.py:149} INFO - [2023-06-08T19:14:33.649+0000] {dag.py:3490} INFO - Setting next_dagrun for latest_only_with_trigger to 2023-06-08T15:14:33.649700+00:00, run_after=2023-06-08T19:14:33.649700+00:00
[2023-06-08T19:14:33.659+0000] {processor.py:179} INFO - Processing /home/airflow/.local/lib/python3.7/site-packages/airflow/example_dags/example_latest_only_with_trigger.py took 0.051 seconds
[2023-06-08T19:15:03.716+0000] {processor.py:157} INFO - Started process (PID=6740) to work on /home/airflow/.local/lib/python3.7/site-packages/airflow/example_dags/example_latest_only_with_trigger.py
[2023-06-08T19:15:03.717+0000] {processor.py:826} INFO - Processing file /home/airflow/.local/lib/python3.7/site-packages/airflow/example_dags/example_latest_only_with_trigger.py for tasks to queue
[2023-06-08T19:15:03.718+0000] {logging_mixin.py:149} INFO - [2023-06-08T19:15:03.718+0000] {dagbag.py:541} INFO - Filling up the DagBag from /home/airflow/.local/lib/python3.7/site-packages/airflow/example_dags/example_latest_only_with_trigger.py
[2023-06-08T19:15:03.723+0000] {processor.py:836} INFO - DAG(s) dict_keys(['latest_only_with_trigger']) retrieved from /home/airflow/.local/lib/python3.7/site-packages/airflow/example_dags/example_latest_only_with_trigger.py
[2023-06-08T19:15:03.739+0000] {logging_mixin.py:149} INFO - [2023-06-08T19:15:03.739+0000] {dag.py:2726} INFO - Sync 1 DAGs
[2023-06-08T19:15:03.754+0000] {logging_mixin.py:149} INFO - [2023-06-08T19:15:03.754+0000] {dag.py:3490} INFO - Setting next_dagrun for latest_only_with_trigger to 2023-06-08T15:15:03.753919+00:00, run_after=2023-06-08T19:15:03.753919+00:00
[2023-06-08T19:15:03.764+0000] {processor.py:179} INFO - Processing /home/airflow/.local/lib/python3.7/site-packages/airflow/example_dags/example_latest_only_with_trigger.py took 0.050 seconds
