[2023-06-08T19:01:26.108+0000] {processor.py:157} INFO - Started process (PID=342) to work on /home/airflow/.local/lib/python3.7/site-packages/airflow/example_dags/example_short_circuit_operator.py
[2023-06-08T19:01:26.109+0000] {processor.py:826} INFO - Processing file /home/airflow/.local/lib/python3.7/site-packages/airflow/example_dags/example_short_circuit_operator.py for tasks to queue
[2023-06-08T19:01:26.110+0000] {logging_mixin.py:149} INFO - [2023-06-08T19:01:26.110+0000] {dagbag.py:541} INFO - Filling up the DagBag from /home/airflow/.local/lib/python3.7/site-packages/airflow/example_dags/example_short_circuit_operator.py
[2023-06-08T19:01:26.115+0000] {processor.py:836} INFO - DAG(s) dict_keys(['example_short_circuit_operator']) retrieved from /home/airflow/.local/lib/python3.7/site-packages/airflow/example_dags/example_short_circuit_operator.py
[2023-06-08T19:01:26.126+0000] {logging_mixin.py:149} INFO - [2023-06-08T19:01:26.126+0000] {dag.py:2726} INFO - Sync 1 DAGs
[2023-06-08T19:01:26.141+0000] {logging_mixin.py:149} INFO - [2023-06-08T19:01:26.141+0000] {dag.py:3490} INFO - Setting next_dagrun for example_short_circuit_operator to 2023-06-07T19:01:26.141680+00:00, run_after=2023-06-08T19:01:26.141680+00:00
[2023-06-08T19:01:26.151+0000] {processor.py:179} INFO - Processing /home/airflow/.local/lib/python3.7/site-packages/airflow/example_dags/example_short_circuit_operator.py took 0.046 seconds
[2023-06-08T19:01:57.615+0000] {processor.py:157} INFO - Started process (PID=579) to work on /home/airflow/.local/lib/python3.7/site-packages/airflow/example_dags/example_short_circuit_operator.py
[2023-06-08T19:01:57.616+0000] {processor.py:826} INFO - Processing file /home/airflow/.local/lib/python3.7/site-packages/airflow/example_dags/example_short_circuit_operator.py for tasks to queue
[2023-06-08T19:01:57.617+0000] {logging_mixin.py:149} INFO - [2023-06-08T19:01:57.617+0000] {dagbag.py:541} INFO - Filling up the DagBag from /home/airflow/.local/lib/python3.7/site-packages/airflow/example_dags/example_short_circuit_operator.py
[2023-06-08T19:01:57.623+0000] {processor.py:836} INFO - DAG(s) dict_keys(['example_short_circuit_operator']) retrieved from /home/airflow/.local/lib/python3.7/site-packages/airflow/example_dags/example_short_circuit_operator.py
[2023-06-08T19:01:57.640+0000] {logging_mixin.py:149} INFO - [2023-06-08T19:01:57.640+0000] {dag.py:2726} INFO - Sync 1 DAGs
[2023-06-08T19:01:57.654+0000] {logging_mixin.py:149} INFO - [2023-06-08T19:01:57.654+0000] {dag.py:3490} INFO - Setting next_dagrun for example_short_circuit_operator to 2023-06-07T19:01:57.654490+00:00, run_after=2023-06-08T19:01:57.654490+00:00
[2023-06-08T19:01:57.664+0000] {processor.py:179} INFO - Processing /home/airflow/.local/lib/python3.7/site-packages/airflow/example_dags/example_short_circuit_operator.py took 0.051 seconds
[2023-06-08T19:02:27.912+0000] {processor.py:157} INFO - Started process (PID=816) to work on /home/airflow/.local/lib/python3.7/site-packages/airflow/example_dags/example_short_circuit_operator.py
[2023-06-08T19:02:27.913+0000] {processor.py:826} INFO - Processing file /home/airflow/.local/lib/python3.7/site-packages/airflow/example_dags/example_short_circuit_operator.py for tasks to queue
[2023-06-08T19:02:27.913+0000] {logging_mixin.py:149} INFO - [2023-06-08T19:02:27.913+0000] {dagbag.py:541} INFO - Filling up the DagBag from /home/airflow/.local/lib/python3.7/site-packages/airflow/example_dags/example_short_circuit_operator.py
[2023-06-08T19:02:27.919+0000] {processor.py:836} INFO - DAG(s) dict_keys(['example_short_circuit_operator']) retrieved from /home/airflow/.local/lib/python3.7/site-packages/airflow/example_dags/example_short_circuit_operator.py
[2023-06-08T19:02:27.936+0000] {logging_mixin.py:149} INFO - [2023-06-08T19:02:27.935+0000] {dag.py:2726} INFO - Sync 1 DAGs
[2023-06-08T19:02:27.949+0000] {logging_mixin.py:149} INFO - [2023-06-08T19:02:27.949+0000] {dag.py:3490} INFO - Setting next_dagrun for example_short_circuit_operator to 2023-06-07T19:02:27.949379+00:00, run_after=2023-06-08T19:02:27.949379+00:00
[2023-06-08T19:02:27.959+0000] {processor.py:179} INFO - Processing /home/airflow/.local/lib/python3.7/site-packages/airflow/example_dags/example_short_circuit_operator.py took 0.050 seconds
[2023-06-08T19:02:59.097+0000] {processor.py:157} INFO - Started process (PID=1101) to work on /home/airflow/.local/lib/python3.7/site-packages/airflow/example_dags/example_short_circuit_operator.py
[2023-06-08T19:02:59.098+0000] {processor.py:826} INFO - Processing file /home/airflow/.local/lib/python3.7/site-packages/airflow/example_dags/example_short_circuit_operator.py for tasks to queue
[2023-06-08T19:02:59.098+0000] {logging_mixin.py:149} INFO - [2023-06-08T19:02:59.098+0000] {dagbag.py:541} INFO - Filling up the DagBag from /home/airflow/.local/lib/python3.7/site-packages/airflow/example_dags/example_short_circuit_operator.py
[2023-06-08T19:02:59.103+0000] {processor.py:836} INFO - DAG(s) dict_keys(['example_short_circuit_operator']) retrieved from /home/airflow/.local/lib/python3.7/site-packages/airflow/example_dags/example_short_circuit_operator.py
[2023-06-08T19:02:59.120+0000] {logging_mixin.py:149} INFO - [2023-06-08T19:02:59.120+0000] {dag.py:2726} INFO - Sync 1 DAGs
[2023-06-08T19:02:59.133+0000] {logging_mixin.py:149} INFO - [2023-06-08T19:02:59.133+0000] {dag.py:3490} INFO - Setting next_dagrun for example_short_circuit_operator to 2023-06-07T19:02:59.133018+00:00, run_after=2023-06-08T19:02:59.133018+00:00
[2023-06-08T19:02:59.142+0000] {processor.py:179} INFO - Processing /home/airflow/.local/lib/python3.7/site-packages/airflow/example_dags/example_short_circuit_operator.py took 0.047 seconds
[2023-06-08T19:03:29.430+0000] {processor.py:157} INFO - Started process (PID=1386) to work on /home/airflow/.local/lib/python3.7/site-packages/airflow/example_dags/example_short_circuit_operator.py
[2023-06-08T19:03:29.431+0000] {processor.py:826} INFO - Processing file /home/airflow/.local/lib/python3.7/site-packages/airflow/example_dags/example_short_circuit_operator.py for tasks to queue
[2023-06-08T19:03:29.432+0000] {logging_mixin.py:149} INFO - [2023-06-08T19:03:29.432+0000] {dagbag.py:541} INFO - Filling up the DagBag from /home/airflow/.local/lib/python3.7/site-packages/airflow/example_dags/example_short_circuit_operator.py
[2023-06-08T19:03:29.438+0000] {processor.py:836} INFO - DAG(s) dict_keys(['example_short_circuit_operator']) retrieved from /home/airflow/.local/lib/python3.7/site-packages/airflow/example_dags/example_short_circuit_operator.py
[2023-06-08T19:03:29.457+0000] {logging_mixin.py:149} INFO - [2023-06-08T19:03:29.457+0000] {dag.py:2726} INFO - Sync 1 DAGs
[2023-06-08T19:03:29.471+0000] {logging_mixin.py:149} INFO - [2023-06-08T19:03:29.471+0000] {dag.py:3490} INFO - Setting next_dagrun for example_short_circuit_operator to 2023-06-07T19:03:29.471413+00:00, run_after=2023-06-08T19:03:29.471413+00:00
[2023-06-08T19:03:29.482+0000] {processor.py:179} INFO - Processing /home/airflow/.local/lib/python3.7/site-packages/airflow/example_dags/example_short_circuit_operator.py took 0.054 seconds
[2023-06-08T19:03:59.699+0000] {processor.py:157} INFO - Started process (PID=1625) to work on /home/airflow/.local/lib/python3.7/site-packages/airflow/example_dags/example_short_circuit_operator.py
[2023-06-08T19:03:59.699+0000] {processor.py:826} INFO - Processing file /home/airflow/.local/lib/python3.7/site-packages/airflow/example_dags/example_short_circuit_operator.py for tasks to queue
[2023-06-08T19:03:59.700+0000] {logging_mixin.py:149} INFO - [2023-06-08T19:03:59.700+0000] {dagbag.py:541} INFO - Filling up the DagBag from /home/airflow/.local/lib/python3.7/site-packages/airflow/example_dags/example_short_circuit_operator.py
[2023-06-08T19:03:59.705+0000] {processor.py:836} INFO - DAG(s) dict_keys(['example_short_circuit_operator']) retrieved from /home/airflow/.local/lib/python3.7/site-packages/airflow/example_dags/example_short_circuit_operator.py
[2023-06-08T19:03:59.722+0000] {logging_mixin.py:149} INFO - [2023-06-08T19:03:59.722+0000] {dag.py:2726} INFO - Sync 1 DAGs
[2023-06-08T19:03:59.737+0000] {logging_mixin.py:149} INFO - [2023-06-08T19:03:59.737+0000] {dag.py:3490} INFO - Setting next_dagrun for example_short_circuit_operator to 2023-06-07T19:03:59.736902+00:00, run_after=2023-06-08T19:03:59.736902+00:00
[2023-06-08T19:03:59.747+0000] {processor.py:179} INFO - Processing /home/airflow/.local/lib/python3.7/site-packages/airflow/example_dags/example_short_circuit_operator.py took 0.050 seconds
[2023-06-08T19:04:30.005+0000] {processor.py:157} INFO - Started process (PID=1863) to work on /home/airflow/.local/lib/python3.7/site-packages/airflow/example_dags/example_short_circuit_operator.py
[2023-06-08T19:04:30.006+0000] {processor.py:826} INFO - Processing file /home/airflow/.local/lib/python3.7/site-packages/airflow/example_dags/example_short_circuit_operator.py for tasks to queue
[2023-06-08T19:04:30.007+0000] {logging_mixin.py:149} INFO - [2023-06-08T19:04:30.006+0000] {dagbag.py:541} INFO - Filling up the DagBag from /home/airflow/.local/lib/python3.7/site-packages/airflow/example_dags/example_short_circuit_operator.py
[2023-06-08T19:04:30.012+0000] {processor.py:836} INFO - DAG(s) dict_keys(['example_short_circuit_operator']) retrieved from /home/airflow/.local/lib/python3.7/site-packages/airflow/example_dags/example_short_circuit_operator.py
[2023-06-08T19:04:30.031+0000] {logging_mixin.py:149} INFO - [2023-06-08T19:04:30.030+0000] {dag.py:2726} INFO - Sync 1 DAGs
[2023-06-08T19:04:30.045+0000] {logging_mixin.py:149} INFO - [2023-06-08T19:04:30.045+0000] {dag.py:3490} INFO - Setting next_dagrun for example_short_circuit_operator to 2023-06-07T19:04:30.044919+00:00, run_after=2023-06-08T19:04:30.044919+00:00
[2023-06-08T19:04:30.054+0000] {processor.py:179} INFO - Processing /home/airflow/.local/lib/python3.7/site-packages/airflow/example_dags/example_short_circuit_operator.py took 0.052 seconds
[2023-06-08T19:05:00.170+0000] {processor.py:157} INFO - Started process (PID=2098) to work on /home/airflow/.local/lib/python3.7/site-packages/airflow/example_dags/example_short_circuit_operator.py
[2023-06-08T19:05:00.171+0000] {processor.py:826} INFO - Processing file /home/airflow/.local/lib/python3.7/site-packages/airflow/example_dags/example_short_circuit_operator.py for tasks to queue
[2023-06-08T19:05:00.172+0000] {logging_mixin.py:149} INFO - [2023-06-08T19:05:00.172+0000] {dagbag.py:541} INFO - Filling up the DagBag from /home/airflow/.local/lib/python3.7/site-packages/airflow/example_dags/example_short_circuit_operator.py
[2023-06-08T19:05:00.177+0000] {processor.py:836} INFO - DAG(s) dict_keys(['example_short_circuit_operator']) retrieved from /home/airflow/.local/lib/python3.7/site-packages/airflow/example_dags/example_short_circuit_operator.py
[2023-06-08T19:05:00.194+0000] {logging_mixin.py:149} INFO - [2023-06-08T19:05:00.193+0000] {dag.py:2726} INFO - Sync 1 DAGs
[2023-06-08T19:05:00.207+0000] {logging_mixin.py:149} INFO - [2023-06-08T19:05:00.207+0000] {dag.py:3490} INFO - Setting next_dagrun for example_short_circuit_operator to 2023-06-07T19:05:00.207469+00:00, run_after=2023-06-08T19:05:00.207469+00:00
[2023-06-08T19:05:00.217+0000] {processor.py:179} INFO - Processing /home/airflow/.local/lib/python3.7/site-packages/airflow/example_dags/example_short_circuit_operator.py took 0.049 seconds
[2023-06-08T19:05:30.460+0000] {processor.py:157} INFO - Started process (PID=2337) to work on /home/airflow/.local/lib/python3.7/site-packages/airflow/example_dags/example_short_circuit_operator.py
[2023-06-08T19:05:30.461+0000] {processor.py:826} INFO - Processing file /home/airflow/.local/lib/python3.7/site-packages/airflow/example_dags/example_short_circuit_operator.py for tasks to queue
[2023-06-08T19:05:30.461+0000] {logging_mixin.py:149} INFO - [2023-06-08T19:05:30.461+0000] {dagbag.py:541} INFO - Filling up the DagBag from /home/airflow/.local/lib/python3.7/site-packages/airflow/example_dags/example_short_circuit_operator.py
[2023-06-08T19:05:30.467+0000] {processor.py:836} INFO - DAG(s) dict_keys(['example_short_circuit_operator']) retrieved from /home/airflow/.local/lib/python3.7/site-packages/airflow/example_dags/example_short_circuit_operator.py
[2023-06-08T19:05:30.485+0000] {logging_mixin.py:149} INFO - [2023-06-08T19:05:30.485+0000] {dag.py:2726} INFO - Sync 1 DAGs
[2023-06-08T19:05:30.499+0000] {logging_mixin.py:149} INFO - [2023-06-08T19:05:30.499+0000] {dag.py:3490} INFO - Setting next_dagrun for example_short_circuit_operator to 2023-06-07T19:05:30.499099+00:00, run_after=2023-06-08T19:05:30.499099+00:00
[2023-06-08T19:05:30.510+0000] {processor.py:179} INFO - Processing /home/airflow/.local/lib/python3.7/site-packages/airflow/example_dags/example_short_circuit_operator.py took 0.052 seconds
[2023-06-08T19:06:00.781+0000] {processor.py:157} INFO - Started process (PID=2572) to work on /home/airflow/.local/lib/python3.7/site-packages/airflow/example_dags/example_short_circuit_operator.py
[2023-06-08T19:06:00.782+0000] {processor.py:826} INFO - Processing file /home/airflow/.local/lib/python3.7/site-packages/airflow/example_dags/example_short_circuit_operator.py for tasks to queue
[2023-06-08T19:06:00.782+0000] {logging_mixin.py:149} INFO - [2023-06-08T19:06:00.782+0000] {dagbag.py:541} INFO - Filling up the DagBag from /home/airflow/.local/lib/python3.7/site-packages/airflow/example_dags/example_short_circuit_operator.py
[2023-06-08T19:06:00.787+0000] {processor.py:836} INFO - DAG(s) dict_keys(['example_short_circuit_operator']) retrieved from /home/airflow/.local/lib/python3.7/site-packages/airflow/example_dags/example_short_circuit_operator.py
[2023-06-08T19:06:00.805+0000] {logging_mixin.py:149} INFO - [2023-06-08T19:06:00.805+0000] {dag.py:2726} INFO - Sync 1 DAGs
[2023-06-08T19:06:00.818+0000] {logging_mixin.py:149} INFO - [2023-06-08T19:06:00.818+0000] {dag.py:3490} INFO - Setting next_dagrun for example_short_circuit_operator to 2023-06-07T19:06:00.818602+00:00, run_after=2023-06-08T19:06:00.818602+00:00
[2023-06-08T19:06:00.828+0000] {processor.py:179} INFO - Processing /home/airflow/.local/lib/python3.7/site-packages/airflow/example_dags/example_short_circuit_operator.py took 0.049 seconds
[2023-06-08T19:06:31.117+0000] {processor.py:157} INFO - Started process (PID=2809) to work on /home/airflow/.local/lib/python3.7/site-packages/airflow/example_dags/example_short_circuit_operator.py
[2023-06-08T19:06:31.118+0000] {processor.py:826} INFO - Processing file /home/airflow/.local/lib/python3.7/site-packages/airflow/example_dags/example_short_circuit_operator.py for tasks to queue
[2023-06-08T19:06:31.118+0000] {logging_mixin.py:149} INFO - [2023-06-08T19:06:31.118+0000] {dagbag.py:541} INFO - Filling up the DagBag from /home/airflow/.local/lib/python3.7/site-packages/airflow/example_dags/example_short_circuit_operator.py
[2023-06-08T19:06:31.123+0000] {processor.py:836} INFO - DAG(s) dict_keys(['example_short_circuit_operator']) retrieved from /home/airflow/.local/lib/python3.7/site-packages/airflow/example_dags/example_short_circuit_operator.py
[2023-06-08T19:06:31.140+0000] {logging_mixin.py:149} INFO - [2023-06-08T19:06:31.140+0000] {dag.py:2726} INFO - Sync 1 DAGs
[2023-06-08T19:06:31.154+0000] {logging_mixin.py:149} INFO - [2023-06-08T19:06:31.153+0000] {dag.py:3490} INFO - Setting next_dagrun for example_short_circuit_operator to 2023-06-07T19:06:31.153763+00:00, run_after=2023-06-08T19:06:31.153763+00:00
[2023-06-08T19:06:31.163+0000] {processor.py:179} INFO - Processing /home/airflow/.local/lib/python3.7/site-packages/airflow/example_dags/example_short_circuit_operator.py took 0.049 seconds
[2023-06-08T19:07:01.420+0000] {processor.py:157} INFO - Started process (PID=3046) to work on /home/airflow/.local/lib/python3.7/site-packages/airflow/example_dags/example_short_circuit_operator.py
[2023-06-08T19:07:01.421+0000] {processor.py:826} INFO - Processing file /home/airflow/.local/lib/python3.7/site-packages/airflow/example_dags/example_short_circuit_operator.py for tasks to queue
[2023-06-08T19:07:01.421+0000] {logging_mixin.py:149} INFO - [2023-06-08T19:07:01.421+0000] {dagbag.py:541} INFO - Filling up the DagBag from /home/airflow/.local/lib/python3.7/site-packages/airflow/example_dags/example_short_circuit_operator.py
[2023-06-08T19:07:01.427+0000] {processor.py:836} INFO - DAG(s) dict_keys(['example_short_circuit_operator']) retrieved from /home/airflow/.local/lib/python3.7/site-packages/airflow/example_dags/example_short_circuit_operator.py
[2023-06-08T19:07:01.443+0000] {logging_mixin.py:149} INFO - [2023-06-08T19:07:01.443+0000] {dag.py:2726} INFO - Sync 1 DAGs
[2023-06-08T19:07:01.457+0000] {logging_mixin.py:149} INFO - [2023-06-08T19:07:01.457+0000] {dag.py:3490} INFO - Setting next_dagrun for example_short_circuit_operator to 2023-06-07T19:07:01.457174+00:00, run_after=2023-06-08T19:07:01.457174+00:00
[2023-06-08T19:07:01.467+0000] {processor.py:179} INFO - Processing /home/airflow/.local/lib/python3.7/site-packages/airflow/example_dags/example_short_circuit_operator.py took 0.050 seconds
[2023-06-08T19:07:31.743+0000] {processor.py:157} INFO - Started process (PID=3283) to work on /home/airflow/.local/lib/python3.7/site-packages/airflow/example_dags/example_short_circuit_operator.py
[2023-06-08T19:07:31.744+0000] {processor.py:826} INFO - Processing file /home/airflow/.local/lib/python3.7/site-packages/airflow/example_dags/example_short_circuit_operator.py for tasks to queue
[2023-06-08T19:07:31.745+0000] {logging_mixin.py:149} INFO - [2023-06-08T19:07:31.744+0000] {dagbag.py:541} INFO - Filling up the DagBag from /home/airflow/.local/lib/python3.7/site-packages/airflow/example_dags/example_short_circuit_operator.py
[2023-06-08T19:07:31.750+0000] {processor.py:836} INFO - DAG(s) dict_keys(['example_short_circuit_operator']) retrieved from /home/airflow/.local/lib/python3.7/site-packages/airflow/example_dags/example_short_circuit_operator.py
[2023-06-08T19:07:31.766+0000] {logging_mixin.py:149} INFO - [2023-06-08T19:07:31.766+0000] {dag.py:2726} INFO - Sync 1 DAGs
[2023-06-08T19:07:31.780+0000] {logging_mixin.py:149} INFO - [2023-06-08T19:07:31.779+0000] {dag.py:3490} INFO - Setting next_dagrun for example_short_circuit_operator to 2023-06-07T19:07:31.779776+00:00, run_after=2023-06-08T19:07:31.779776+00:00
[2023-06-08T19:07:31.789+0000] {processor.py:179} INFO - Processing /home/airflow/.local/lib/python3.7/site-packages/airflow/example_dags/example_short_circuit_operator.py took 0.049 seconds
[2023-06-08T19:08:01.978+0000] {processor.py:157} INFO - Started process (PID=3520) to work on /home/airflow/.local/lib/python3.7/site-packages/airflow/example_dags/example_short_circuit_operator.py
[2023-06-08T19:08:01.979+0000] {processor.py:826} INFO - Processing file /home/airflow/.local/lib/python3.7/site-packages/airflow/example_dags/example_short_circuit_operator.py for tasks to queue
[2023-06-08T19:08:01.980+0000] {logging_mixin.py:149} INFO - [2023-06-08T19:08:01.979+0000] {dagbag.py:541} INFO - Filling up the DagBag from /home/airflow/.local/lib/python3.7/site-packages/airflow/example_dags/example_short_circuit_operator.py
[2023-06-08T19:08:01.985+0000] {processor.py:836} INFO - DAG(s) dict_keys(['example_short_circuit_operator']) retrieved from /home/airflow/.local/lib/python3.7/site-packages/airflow/example_dags/example_short_circuit_operator.py
[2023-06-08T19:08:02.003+0000] {logging_mixin.py:149} INFO - [2023-06-08T19:08:02.003+0000] {dag.py:2726} INFO - Sync 1 DAGs
[2023-06-08T19:08:02.016+0000] {logging_mixin.py:149} INFO - [2023-06-08T19:08:02.016+0000] {dag.py:3490} INFO - Setting next_dagrun for example_short_circuit_operator to 2023-06-07T19:08:02.016639+00:00, run_after=2023-06-08T19:08:02.016639+00:00
[2023-06-08T19:08:02.026+0000] {processor.py:179} INFO - Processing /home/airflow/.local/lib/python3.7/site-packages/airflow/example_dags/example_short_circuit_operator.py took 0.050 seconds
[2023-06-08T19:08:32.368+0000] {processor.py:157} INFO - Started process (PID=3757) to work on /home/airflow/.local/lib/python3.7/site-packages/airflow/example_dags/example_short_circuit_operator.py
[2023-06-08T19:08:32.369+0000] {processor.py:826} INFO - Processing file /home/airflow/.local/lib/python3.7/site-packages/airflow/example_dags/example_short_circuit_operator.py for tasks to queue
[2023-06-08T19:08:32.370+0000] {logging_mixin.py:149} INFO - [2023-06-08T19:08:32.370+0000] {dagbag.py:541} INFO - Filling up the DagBag from /home/airflow/.local/lib/python3.7/site-packages/airflow/example_dags/example_short_circuit_operator.py
[2023-06-08T19:08:32.376+0000] {processor.py:836} INFO - DAG(s) dict_keys(['example_short_circuit_operator']) retrieved from /home/airflow/.local/lib/python3.7/site-packages/airflow/example_dags/example_short_circuit_operator.py
[2023-06-08T19:08:32.392+0000] {logging_mixin.py:149} INFO - [2023-06-08T19:08:32.392+0000] {dag.py:2726} INFO - Sync 1 DAGs
[2023-06-08T19:08:32.406+0000] {logging_mixin.py:149} INFO - [2023-06-08T19:08:32.406+0000] {dag.py:3490} INFO - Setting next_dagrun for example_short_circuit_operator to 2023-06-07T19:08:32.406739+00:00, run_after=2023-06-08T19:08:32.406739+00:00
[2023-06-08T19:08:32.415+0000] {processor.py:179} INFO - Processing /home/airflow/.local/lib/python3.7/site-packages/airflow/example_dags/example_short_circuit_operator.py took 0.049 seconds
[2023-06-08T19:09:02.629+0000] {processor.py:157} INFO - Started process (PID=3996) to work on /home/airflow/.local/lib/python3.7/site-packages/airflow/example_dags/example_short_circuit_operator.py
[2023-06-08T19:09:02.630+0000] {processor.py:826} INFO - Processing file /home/airflow/.local/lib/python3.7/site-packages/airflow/example_dags/example_short_circuit_operator.py for tasks to queue
[2023-06-08T19:09:02.630+0000] {logging_mixin.py:149} INFO - [2023-06-08T19:09:02.630+0000] {dagbag.py:541} INFO - Filling up the DagBag from /home/airflow/.local/lib/python3.7/site-packages/airflow/example_dags/example_short_circuit_operator.py
[2023-06-08T19:09:02.636+0000] {processor.py:836} INFO - DAG(s) dict_keys(['example_short_circuit_operator']) retrieved from /home/airflow/.local/lib/python3.7/site-packages/airflow/example_dags/example_short_circuit_operator.py
[2023-06-08T19:09:02.653+0000] {logging_mixin.py:149} INFO - [2023-06-08T19:09:02.653+0000] {dag.py:2726} INFO - Sync 1 DAGs
[2023-06-08T19:09:02.667+0000] {logging_mixin.py:149} INFO - [2023-06-08T19:09:02.667+0000] {dag.py:3490} INFO - Setting next_dagrun for example_short_circuit_operator to 2023-06-07T19:09:02.667601+00:00, run_after=2023-06-08T19:09:02.667601+00:00
[2023-06-08T19:09:02.678+0000] {processor.py:179} INFO - Processing /home/airflow/.local/lib/python3.7/site-packages/airflow/example_dags/example_short_circuit_operator.py took 0.051 seconds
[2023-06-08T19:09:33.820+0000] {processor.py:157} INFO - Started process (PID=4231) to work on /home/airflow/.local/lib/python3.7/site-packages/airflow/example_dags/example_short_circuit_operator.py
[2023-06-08T19:09:33.822+0000] {processor.py:826} INFO - Processing file /home/airflow/.local/lib/python3.7/site-packages/airflow/example_dags/example_short_circuit_operator.py for tasks to queue
[2023-06-08T19:09:33.822+0000] {logging_mixin.py:149} INFO - [2023-06-08T19:09:33.822+0000] {dagbag.py:541} INFO - Filling up the DagBag from /home/airflow/.local/lib/python3.7/site-packages/airflow/example_dags/example_short_circuit_operator.py
[2023-06-08T19:09:33.827+0000] {processor.py:836} INFO - DAG(s) dict_keys(['example_short_circuit_operator']) retrieved from /home/airflow/.local/lib/python3.7/site-packages/airflow/example_dags/example_short_circuit_operator.py
[2023-06-08T19:09:33.845+0000] {logging_mixin.py:149} INFO - [2023-06-08T19:09:33.845+0000] {dag.py:2726} INFO - Sync 1 DAGs
[2023-06-08T19:09:33.858+0000] {logging_mixin.py:149} INFO - [2023-06-08T19:09:33.858+0000] {dag.py:3490} INFO - Setting next_dagrun for example_short_circuit_operator to 2023-06-07T19:09:33.858709+00:00, run_after=2023-06-08T19:09:33.858709+00:00
[2023-06-08T19:09:33.869+0000] {processor.py:179} INFO - Processing /home/airflow/.local/lib/python3.7/site-packages/airflow/example_dags/example_short_circuit_operator.py took 0.051 seconds
[2023-06-08T19:10:04.089+0000] {processor.py:157} INFO - Started process (PID=4468) to work on /home/airflow/.local/lib/python3.7/site-packages/airflow/example_dags/example_short_circuit_operator.py
[2023-06-08T19:10:04.090+0000] {processor.py:826} INFO - Processing file /home/airflow/.local/lib/python3.7/site-packages/airflow/example_dags/example_short_circuit_operator.py for tasks to queue
[2023-06-08T19:10:04.091+0000] {logging_mixin.py:149} INFO - [2023-06-08T19:10:04.090+0000] {dagbag.py:541} INFO - Filling up the DagBag from /home/airflow/.local/lib/python3.7/site-packages/airflow/example_dags/example_short_circuit_operator.py
[2023-06-08T19:10:04.096+0000] {processor.py:836} INFO - DAG(s) dict_keys(['example_short_circuit_operator']) retrieved from /home/airflow/.local/lib/python3.7/site-packages/airflow/example_dags/example_short_circuit_operator.py
[2023-06-08T19:10:04.113+0000] {logging_mixin.py:149} INFO - [2023-06-08T19:10:04.112+0000] {dag.py:2726} INFO - Sync 1 DAGs
[2023-06-08T19:10:04.126+0000] {logging_mixin.py:149} INFO - [2023-06-08T19:10:04.126+0000] {dag.py:3490} INFO - Setting next_dagrun for example_short_circuit_operator to 2023-06-07T19:10:04.126354+00:00, run_after=2023-06-08T19:10:04.126354+00:00
[2023-06-08T19:10:04.136+0000] {processor.py:179} INFO - Processing /home/airflow/.local/lib/python3.7/site-packages/airflow/example_dags/example_short_circuit_operator.py took 0.050 seconds
[2023-06-08T19:10:34.375+0000] {processor.py:157} INFO - Started process (PID=4707) to work on /home/airflow/.local/lib/python3.7/site-packages/airflow/example_dags/example_short_circuit_operator.py
[2023-06-08T19:10:34.375+0000] {processor.py:826} INFO - Processing file /home/airflow/.local/lib/python3.7/site-packages/airflow/example_dags/example_short_circuit_operator.py for tasks to queue
[2023-06-08T19:10:34.376+0000] {logging_mixin.py:149} INFO - [2023-06-08T19:10:34.376+0000] {dagbag.py:541} INFO - Filling up the DagBag from /home/airflow/.local/lib/python3.7/site-packages/airflow/example_dags/example_short_circuit_operator.py
[2023-06-08T19:10:34.381+0000] {processor.py:836} INFO - DAG(s) dict_keys(['example_short_circuit_operator']) retrieved from /home/airflow/.local/lib/python3.7/site-packages/airflow/example_dags/example_short_circuit_operator.py
[2023-06-08T19:10:34.399+0000] {logging_mixin.py:149} INFO - [2023-06-08T19:10:34.399+0000] {dag.py:2726} INFO - Sync 1 DAGs
[2023-06-08T19:10:34.414+0000] {logging_mixin.py:149} INFO - [2023-06-08T19:10:34.414+0000] {dag.py:3490} INFO - Setting next_dagrun for example_short_circuit_operator to 2023-06-07T19:10:34.413947+00:00, run_after=2023-06-08T19:10:34.413947+00:00
[2023-06-08T19:10:34.423+0000] {processor.py:179} INFO - Processing /home/airflow/.local/lib/python3.7/site-packages/airflow/example_dags/example_short_circuit_operator.py took 0.051 seconds
[2023-06-08T19:11:04.690+0000] {processor.py:157} INFO - Started process (PID=4944) to work on /home/airflow/.local/lib/python3.7/site-packages/airflow/example_dags/example_short_circuit_operator.py
[2023-06-08T19:11:04.691+0000] {processor.py:826} INFO - Processing file /home/airflow/.local/lib/python3.7/site-packages/airflow/example_dags/example_short_circuit_operator.py for tasks to queue
[2023-06-08T19:11:04.691+0000] {logging_mixin.py:149} INFO - [2023-06-08T19:11:04.691+0000] {dagbag.py:541} INFO - Filling up the DagBag from /home/airflow/.local/lib/python3.7/site-packages/airflow/example_dags/example_short_circuit_operator.py
[2023-06-08T19:11:04.696+0000] {processor.py:836} INFO - DAG(s) dict_keys(['example_short_circuit_operator']) retrieved from /home/airflow/.local/lib/python3.7/site-packages/airflow/example_dags/example_short_circuit_operator.py
[2023-06-08T19:11:04.715+0000] {logging_mixin.py:149} INFO - [2023-06-08T19:11:04.715+0000] {dag.py:2726} INFO - Sync 1 DAGs
[2023-06-08T19:11:04.729+0000] {logging_mixin.py:149} INFO - [2023-06-08T19:11:04.729+0000] {dag.py:3490} INFO - Setting next_dagrun for example_short_circuit_operator to 2023-06-07T19:11:04.729010+00:00, run_after=2023-06-08T19:11:04.729010+00:00
[2023-06-08T19:11:04.739+0000] {processor.py:179} INFO - Processing /home/airflow/.local/lib/python3.7/site-packages/airflow/example_dags/example_short_circuit_operator.py took 0.052 seconds
[2023-06-08T19:11:34.970+0000] {processor.py:157} INFO - Started process (PID=5181) to work on /home/airflow/.local/lib/python3.7/site-packages/airflow/example_dags/example_short_circuit_operator.py
[2023-06-08T19:11:34.971+0000] {processor.py:826} INFO - Processing file /home/airflow/.local/lib/python3.7/site-packages/airflow/example_dags/example_short_circuit_operator.py for tasks to queue
[2023-06-08T19:11:34.972+0000] {logging_mixin.py:149} INFO - [2023-06-08T19:11:34.972+0000] {dagbag.py:541} INFO - Filling up the DagBag from /home/airflow/.local/lib/python3.7/site-packages/airflow/example_dags/example_short_circuit_operator.py
[2023-06-08T19:11:34.977+0000] {processor.py:836} INFO - DAG(s) dict_keys(['example_short_circuit_operator']) retrieved from /home/airflow/.local/lib/python3.7/site-packages/airflow/example_dags/example_short_circuit_operator.py
[2023-06-08T19:11:34.996+0000] {logging_mixin.py:149} INFO - [2023-06-08T19:11:34.996+0000] {dag.py:2726} INFO - Sync 1 DAGs
[2023-06-08T19:11:35.011+0000] {logging_mixin.py:149} INFO - [2023-06-08T19:11:35.010+0000] {dag.py:3490} INFO - Setting next_dagrun for example_short_circuit_operator to 2023-06-07T19:11:35.010739+00:00, run_after=2023-06-08T19:11:35.010739+00:00
[2023-06-08T19:11:35.020+0000] {processor.py:179} INFO - Processing /home/airflow/.local/lib/python3.7/site-packages/airflow/example_dags/example_short_circuit_operator.py took 0.053 seconds
[2023-06-08T19:12:05.236+0000] {processor.py:157} INFO - Started process (PID=5418) to work on /home/airflow/.local/lib/python3.7/site-packages/airflow/example_dags/example_short_circuit_operator.py
[2023-06-08T19:12:05.237+0000] {processor.py:826} INFO - Processing file /home/airflow/.local/lib/python3.7/site-packages/airflow/example_dags/example_short_circuit_operator.py for tasks to queue
[2023-06-08T19:12:05.238+0000] {logging_mixin.py:149} INFO - [2023-06-08T19:12:05.238+0000] {dagbag.py:541} INFO - Filling up the DagBag from /home/airflow/.local/lib/python3.7/site-packages/airflow/example_dags/example_short_circuit_operator.py
[2023-06-08T19:12:05.244+0000] {processor.py:836} INFO - DAG(s) dict_keys(['example_short_circuit_operator']) retrieved from /home/airflow/.local/lib/python3.7/site-packages/airflow/example_dags/example_short_circuit_operator.py
[2023-06-08T19:12:05.261+0000] {logging_mixin.py:149} INFO - [2023-06-08T19:12:05.261+0000] {dag.py:2726} INFO - Sync 1 DAGs
[2023-06-08T19:12:05.276+0000] {logging_mixin.py:149} INFO - [2023-06-08T19:12:05.276+0000] {dag.py:3490} INFO - Setting next_dagrun for example_short_circuit_operator to 2023-06-07T19:12:05.275824+00:00, run_after=2023-06-08T19:12:05.275824+00:00
[2023-06-08T19:12:05.286+0000] {processor.py:179} INFO - Processing /home/airflow/.local/lib/python3.7/site-packages/airflow/example_dags/example_short_circuit_operator.py took 0.052 seconds
[2023-06-08T19:12:35.490+0000] {processor.py:157} INFO - Started process (PID=5656) to work on /home/airflow/.local/lib/python3.7/site-packages/airflow/example_dags/example_short_circuit_operator.py
[2023-06-08T19:12:35.494+0000] {processor.py:826} INFO - Processing file /home/airflow/.local/lib/python3.7/site-packages/airflow/example_dags/example_short_circuit_operator.py for tasks to queue
[2023-06-08T19:12:35.495+0000] {logging_mixin.py:149} INFO - [2023-06-08T19:12:35.495+0000] {dagbag.py:541} INFO - Filling up the DagBag from /home/airflow/.local/lib/python3.7/site-packages/airflow/example_dags/example_short_circuit_operator.py
[2023-06-08T19:12:35.500+0000] {processor.py:836} INFO - DAG(s) dict_keys(['example_short_circuit_operator']) retrieved from /home/airflow/.local/lib/python3.7/site-packages/airflow/example_dags/example_short_circuit_operator.py
[2023-06-08T19:12:35.519+0000] {logging_mixin.py:149} INFO - [2023-06-08T19:12:35.519+0000] {dag.py:2726} INFO - Sync 1 DAGs
[2023-06-08T19:12:35.533+0000] {logging_mixin.py:149} INFO - [2023-06-08T19:12:35.533+0000] {dag.py:3490} INFO - Setting next_dagrun for example_short_circuit_operator to 2023-06-07T19:12:35.533598+00:00, run_after=2023-06-08T19:12:35.533598+00:00
[2023-06-08T19:12:35.544+0000] {processor.py:179} INFO - Processing /home/airflow/.local/lib/python3.7/site-packages/airflow/example_dags/example_short_circuit_operator.py took 0.056 seconds
[2023-06-08T19:13:05.740+0000] {processor.py:157} INFO - Started process (PID=5891) to work on /home/airflow/.local/lib/python3.7/site-packages/airflow/example_dags/example_short_circuit_operator.py
[2023-06-08T19:13:05.741+0000] {processor.py:826} INFO - Processing file /home/airflow/.local/lib/python3.7/site-packages/airflow/example_dags/example_short_circuit_operator.py for tasks to queue
[2023-06-08T19:13:05.742+0000] {logging_mixin.py:149} INFO - [2023-06-08T19:13:05.741+0000] {dagbag.py:541} INFO - Filling up the DagBag from /home/airflow/.local/lib/python3.7/site-packages/airflow/example_dags/example_short_circuit_operator.py
[2023-06-08T19:13:05.747+0000] {processor.py:836} INFO - DAG(s) dict_keys(['example_short_circuit_operator']) retrieved from /home/airflow/.local/lib/python3.7/site-packages/airflow/example_dags/example_short_circuit_operator.py
[2023-06-08T19:13:05.764+0000] {logging_mixin.py:149} INFO - [2023-06-08T19:13:05.764+0000] {dag.py:2726} INFO - Sync 1 DAGs
[2023-06-08T19:13:05.778+0000] {logging_mixin.py:149} INFO - [2023-06-08T19:13:05.778+0000] {dag.py:3490} INFO - Setting next_dagrun for example_short_circuit_operator to 2023-06-07T19:13:05.778313+00:00, run_after=2023-06-08T19:13:05.778313+00:00
[2023-06-08T19:13:05.787+0000] {processor.py:179} INFO - Processing /home/airflow/.local/lib/python3.7/site-packages/airflow/example_dags/example_short_circuit_operator.py took 0.050 seconds
[2023-06-08T19:13:36.069+0000] {processor.py:157} INFO - Started process (PID=6130) to work on /home/airflow/.local/lib/python3.7/site-packages/airflow/example_dags/example_short_circuit_operator.py
[2023-06-08T19:13:36.070+0000] {processor.py:826} INFO - Processing file /home/airflow/.local/lib/python3.7/site-packages/airflow/example_dags/example_short_circuit_operator.py for tasks to queue
[2023-06-08T19:13:36.071+0000] {logging_mixin.py:149} INFO - [2023-06-08T19:13:36.071+0000] {dagbag.py:541} INFO - Filling up the DagBag from /home/airflow/.local/lib/python3.7/site-packages/airflow/example_dags/example_short_circuit_operator.py
[2023-06-08T19:13:36.076+0000] {processor.py:836} INFO - DAG(s) dict_keys(['example_short_circuit_operator']) retrieved from /home/airflow/.local/lib/python3.7/site-packages/airflow/example_dags/example_short_circuit_operator.py
[2023-06-08T19:13:36.094+0000] {logging_mixin.py:149} INFO - [2023-06-08T19:13:36.094+0000] {dag.py:2726} INFO - Sync 1 DAGs
[2023-06-08T19:13:36.108+0000] {logging_mixin.py:149} INFO - [2023-06-08T19:13:36.108+0000] {dag.py:3490} INFO - Setting next_dagrun for example_short_circuit_operator to 2023-06-07T19:13:36.108104+00:00, run_after=2023-06-08T19:13:36.108104+00:00
[2023-06-08T19:13:36.118+0000] {processor.py:179} INFO - Processing /home/airflow/.local/lib/python3.7/site-packages/airflow/example_dags/example_short_circuit_operator.py took 0.051 seconds
[2023-06-08T19:14:07.189+0000] {processor.py:157} INFO - Started process (PID=6365) to work on /home/airflow/.local/lib/python3.7/site-packages/airflow/example_dags/example_short_circuit_operator.py
[2023-06-08T19:14:07.190+0000] {processor.py:826} INFO - Processing file /home/airflow/.local/lib/python3.7/site-packages/airflow/example_dags/example_short_circuit_operator.py for tasks to queue
[2023-06-08T19:14:07.191+0000] {logging_mixin.py:149} INFO - [2023-06-08T19:14:07.191+0000] {dagbag.py:541} INFO - Filling up the DagBag from /home/airflow/.local/lib/python3.7/site-packages/airflow/example_dags/example_short_circuit_operator.py
[2023-06-08T19:14:07.196+0000] {processor.py:836} INFO - DAG(s) dict_keys(['example_short_circuit_operator']) retrieved from /home/airflow/.local/lib/python3.7/site-packages/airflow/example_dags/example_short_circuit_operator.py
[2023-06-08T19:14:07.213+0000] {logging_mixin.py:149} INFO - [2023-06-08T19:14:07.213+0000] {dag.py:2726} INFO - Sync 1 DAGs
[2023-06-08T19:14:07.227+0000] {logging_mixin.py:149} INFO - [2023-06-08T19:14:07.227+0000] {dag.py:3490} INFO - Setting next_dagrun for example_short_circuit_operator to 2023-06-07T19:14:07.227121+00:00, run_after=2023-06-08T19:14:07.227121+00:00
[2023-06-08T19:14:07.237+0000] {processor.py:179} INFO - Processing /home/airflow/.local/lib/python3.7/site-packages/airflow/example_dags/example_short_circuit_operator.py took 0.050 seconds
[2023-06-08T19:14:37.509+0000] {processor.py:157} INFO - Started process (PID=6603) to work on /home/airflow/.local/lib/python3.7/site-packages/airflow/example_dags/example_short_circuit_operator.py
[2023-06-08T19:14:37.510+0000] {processor.py:826} INFO - Processing file /home/airflow/.local/lib/python3.7/site-packages/airflow/example_dags/example_short_circuit_operator.py for tasks to queue
[2023-06-08T19:14:37.510+0000] {logging_mixin.py:149} INFO - [2023-06-08T19:14:37.510+0000] {dagbag.py:541} INFO - Filling up the DagBag from /home/airflow/.local/lib/python3.7/site-packages/airflow/example_dags/example_short_circuit_operator.py
[2023-06-08T19:14:37.515+0000] {processor.py:836} INFO - DAG(s) dict_keys(['example_short_circuit_operator']) retrieved from /home/airflow/.local/lib/python3.7/site-packages/airflow/example_dags/example_short_circuit_operator.py
[2023-06-08T19:14:37.533+0000] {logging_mixin.py:149} INFO - [2023-06-08T19:14:37.533+0000] {dag.py:2726} INFO - Sync 1 DAGs
[2023-06-08T19:14:37.547+0000] {logging_mixin.py:149} INFO - [2023-06-08T19:14:37.547+0000] {dag.py:3490} INFO - Setting next_dagrun for example_short_circuit_operator to 2023-06-07T19:14:37.547417+00:00, run_after=2023-06-08T19:14:37.547417+00:00
[2023-06-08T19:14:37.557+0000] {processor.py:179} INFO - Processing /home/airflow/.local/lib/python3.7/site-packages/airflow/example_dags/example_short_circuit_operator.py took 0.051 seconds
[2023-06-08T19:15:08.705+0000] {processor.py:157} INFO - Started process (PID=6840) to work on /home/airflow/.local/lib/python3.7/site-packages/airflow/example_dags/example_short_circuit_operator.py
[2023-06-08T19:15:08.706+0000] {processor.py:826} INFO - Processing file /home/airflow/.local/lib/python3.7/site-packages/airflow/example_dags/example_short_circuit_operator.py for tasks to queue
[2023-06-08T19:15:08.706+0000] {logging_mixin.py:149} INFO - [2023-06-08T19:15:08.706+0000] {dagbag.py:541} INFO - Filling up the DagBag from /home/airflow/.local/lib/python3.7/site-packages/airflow/example_dags/example_short_circuit_operator.py
[2023-06-08T19:15:08.712+0000] {processor.py:836} INFO - DAG(s) dict_keys(['example_short_circuit_operator']) retrieved from /home/airflow/.local/lib/python3.7/site-packages/airflow/example_dags/example_short_circuit_operator.py
[2023-06-08T19:15:08.729+0000] {logging_mixin.py:149} INFO - [2023-06-08T19:15:08.729+0000] {dag.py:2726} INFO - Sync 1 DAGs
[2023-06-08T19:15:08.744+0000] {logging_mixin.py:149} INFO - [2023-06-08T19:15:08.744+0000] {dag.py:3490} INFO - Setting next_dagrun for example_short_circuit_operator to 2023-06-07T19:15:08.744707+00:00, run_after=2023-06-08T19:15:08.744707+00:00
[2023-06-08T19:15:08.754+0000] {processor.py:179} INFO - Processing /home/airflow/.local/lib/python3.7/site-packages/airflow/example_dags/example_short_circuit_operator.py took 0.052 seconds
