[2023-06-08T19:01:25.190+0000] {processor.py:157} INFO - Started process (PID=287) to work on /home/airflow/.local/lib/python3.7/site-packages/airflow/example_dags/example_datasets.py
[2023-06-08T19:01:25.190+0000] {processor.py:826} INFO - Processing file /home/airflow/.local/lib/python3.7/site-packages/airflow/example_dags/example_datasets.py for tasks to queue
[2023-06-08T19:01:25.191+0000] {logging_mixin.py:149} INFO - [2023-06-08T19:01:25.191+0000] {dagbag.py:541} INFO - Filling up the DagBag from /home/airflow/.local/lib/python3.7/site-packages/airflow/example_dags/example_datasets.py
[2023-06-08T19:01:25.197+0000] {processor.py:836} INFO - DAG(s) dict_keys(['dataset_produces_2', 'dataset_consumes_1_and_2', 'dataset_consumes_1_never_scheduled', 'dataset_consumes_unknown_never_scheduled', 'dataset_produces_1', 'dataset_consumes_1']) retrieved from /home/airflow/.local/lib/python3.7/site-packages/airflow/example_dags/example_datasets.py
[2023-06-08T19:01:25.210+0000] {logging_mixin.py:149} INFO - [2023-06-08T19:01:25.210+0000] {dag.py:2726} INFO - Sync 6 DAGs
[2023-06-08T19:01:25.230+0000] {logging_mixin.py:149} INFO - [2023-06-08T19:01:25.230+0000] {dag.py:3490} INFO - Setting next_dagrun for dataset_consumes_1 to None, run_after=None
[2023-06-08T19:01:25.233+0000] {logging_mixin.py:149} INFO - [2023-06-08T19:01:25.233+0000] {dag.py:3490} INFO - Setting next_dagrun for dataset_consumes_1_and_2 to None, run_after=None
[2023-06-08T19:01:25.234+0000] {logging_mixin.py:149} INFO - [2023-06-08T19:01:25.234+0000] {dag.py:3490} INFO - Setting next_dagrun for dataset_consumes_1_never_scheduled to None, run_after=None
[2023-06-08T19:01:25.236+0000] {logging_mixin.py:149} INFO - [2023-06-08T19:01:25.236+0000] {dag.py:3490} INFO - Setting next_dagrun for dataset_consumes_unknown_never_scheduled to None, run_after=None
[2023-06-08T19:01:25.238+0000] {logging_mixin.py:149} INFO - [2023-06-08T19:01:25.238+0000] {dag.py:3490} INFO - Setting next_dagrun for dataset_produces_1 to 2023-06-07T00:00:00+00:00, run_after=2023-06-08T00:00:00+00:00
[2023-06-08T19:01:25.239+0000] {logging_mixin.py:149} INFO - [2023-06-08T19:01:25.239+0000] {dag.py:3490} INFO - Setting next_dagrun for dataset_produces_2 to None, run_after=None
[2023-06-08T19:01:25.258+0000] {processor.py:179} INFO - Processing /home/airflow/.local/lib/python3.7/site-packages/airflow/example_dags/example_datasets.py took 0.071 seconds
[2023-06-08T19:01:56.745+0000] {processor.py:157} INFO - Started process (PID=519) to work on /home/airflow/.local/lib/python3.7/site-packages/airflow/example_dags/example_datasets.py
[2023-06-08T19:01:56.745+0000] {processor.py:826} INFO - Processing file /home/airflow/.local/lib/python3.7/site-packages/airflow/example_dags/example_datasets.py for tasks to queue
[2023-06-08T19:01:56.746+0000] {logging_mixin.py:149} INFO - [2023-06-08T19:01:56.746+0000] {dagbag.py:541} INFO - Filling up the DagBag from /home/airflow/.local/lib/python3.7/site-packages/airflow/example_dags/example_datasets.py
[2023-06-08T19:01:56.835+0000] {processor.py:836} INFO - DAG(s) dict_keys(['dataset_consumes_1_and_2', 'dataset_produces_1', 'dataset_produces_2', 'dataset_consumes_1', 'dataset_consumes_1_never_scheduled', 'dataset_consumes_unknown_never_scheduled']) retrieved from /home/airflow/.local/lib/python3.7/site-packages/airflow/example_dags/example_datasets.py
[2023-06-08T19:01:56.875+0000] {logging_mixin.py:149} INFO - [2023-06-08T19:01:56.875+0000] {dag.py:2726} INFO - Sync 6 DAGs
[2023-06-08T19:01:56.889+0000] {logging_mixin.py:149} INFO - [2023-06-08T19:01:56.888+0000] {dag.py:3490} INFO - Setting next_dagrun for dataset_consumes_1 to None, run_after=None
[2023-06-08T19:01:56.890+0000] {logging_mixin.py:149} INFO - [2023-06-08T19:01:56.890+0000] {dag.py:3490} INFO - Setting next_dagrun for dataset_consumes_1_and_2 to None, run_after=None
[2023-06-08T19:01:56.891+0000] {logging_mixin.py:149} INFO - [2023-06-08T19:01:56.891+0000] {dag.py:3490} INFO - Setting next_dagrun for dataset_consumes_1_never_scheduled to None, run_after=None
[2023-06-08T19:01:56.893+0000] {logging_mixin.py:149} INFO - [2023-06-08T19:01:56.892+0000] {dag.py:3490} INFO - Setting next_dagrun for dataset_consumes_unknown_never_scheduled to None, run_after=None
[2023-06-08T19:01:56.894+0000] {logging_mixin.py:149} INFO - [2023-06-08T19:01:56.894+0000] {dag.py:3490} INFO - Setting next_dagrun for dataset_produces_1 to 2023-06-07T00:00:00+00:00, run_after=2023-06-08T00:00:00+00:00
[2023-06-08T19:01:56.895+0000] {logging_mixin.py:149} INFO - [2023-06-08T19:01:56.895+0000] {dag.py:3490} INFO - Setting next_dagrun for dataset_produces_2 to None, run_after=None
[2023-06-08T19:01:56.911+0000] {processor.py:179} INFO - Processing /home/airflow/.local/lib/python3.7/site-packages/airflow/example_dags/example_datasets.py took 0.169 seconds
[2023-06-08T19:02:27.362+0000] {processor.py:157} INFO - Started process (PID=756) to work on /home/airflow/.local/lib/python3.7/site-packages/airflow/example_dags/example_datasets.py
[2023-06-08T19:02:27.363+0000] {processor.py:826} INFO - Processing file /home/airflow/.local/lib/python3.7/site-packages/airflow/example_dags/example_datasets.py for tasks to queue
[2023-06-08T19:02:27.363+0000] {logging_mixin.py:149} INFO - [2023-06-08T19:02:27.363+0000] {dagbag.py:541} INFO - Filling up the DagBag from /home/airflow/.local/lib/python3.7/site-packages/airflow/example_dags/example_datasets.py
[2023-06-08T19:02:27.369+0000] {processor.py:836} INFO - DAG(s) dict_keys(['dataset_consumes_unknown_never_scheduled', 'dataset_consumes_1_and_2', 'dataset_produces_1', 'dataset_consumes_1', 'dataset_consumes_1_never_scheduled', 'dataset_produces_2']) retrieved from /home/airflow/.local/lib/python3.7/site-packages/airflow/example_dags/example_datasets.py
[2023-06-08T19:02:27.394+0000] {logging_mixin.py:149} INFO - [2023-06-08T19:02:27.394+0000] {dag.py:2726} INFO - Sync 6 DAGs
[2023-06-08T19:02:27.413+0000] {logging_mixin.py:149} INFO - [2023-06-08T19:02:27.413+0000] {dag.py:3490} INFO - Setting next_dagrun for dataset_consumes_1 to None, run_after=None
[2023-06-08T19:02:27.416+0000] {logging_mixin.py:149} INFO - [2023-06-08T19:02:27.416+0000] {dag.py:3490} INFO - Setting next_dagrun for dataset_consumes_1_and_2 to None, run_after=None
[2023-06-08T19:02:27.417+0000] {logging_mixin.py:149} INFO - [2023-06-08T19:02:27.417+0000] {dag.py:3490} INFO - Setting next_dagrun for dataset_consumes_1_never_scheduled to None, run_after=None
[2023-06-08T19:02:27.418+0000] {logging_mixin.py:149} INFO - [2023-06-08T19:02:27.418+0000] {dag.py:3490} INFO - Setting next_dagrun for dataset_consumes_unknown_never_scheduled to None, run_after=None
[2023-06-08T19:02:27.420+0000] {logging_mixin.py:149} INFO - [2023-06-08T19:02:27.420+0000] {dag.py:3490} INFO - Setting next_dagrun for dataset_produces_1 to 2023-06-07T00:00:00+00:00, run_after=2023-06-08T00:00:00+00:00
[2023-06-08T19:02:27.421+0000] {logging_mixin.py:149} INFO - [2023-06-08T19:02:27.421+0000] {dag.py:3490} INFO - Setting next_dagrun for dataset_produces_2 to None, run_after=None
[2023-06-08T19:02:27.437+0000] {processor.py:179} INFO - Processing /home/airflow/.local/lib/python3.7/site-packages/airflow/example_dags/example_datasets.py took 0.078 seconds
[2023-06-08T19:02:57.510+0000] {processor.py:157} INFO - Started process (PID=1041) to work on /home/airflow/.local/lib/python3.7/site-packages/airflow/example_dags/example_datasets.py
[2023-06-08T19:02:57.511+0000] {processor.py:826} INFO - Processing file /home/airflow/.local/lib/python3.7/site-packages/airflow/example_dags/example_datasets.py for tasks to queue
[2023-06-08T19:02:57.512+0000] {logging_mixin.py:149} INFO - [2023-06-08T19:02:57.512+0000] {dagbag.py:541} INFO - Filling up the DagBag from /home/airflow/.local/lib/python3.7/site-packages/airflow/example_dags/example_datasets.py
[2023-06-08T19:02:57.518+0000] {processor.py:836} INFO - DAG(s) dict_keys(['dataset_produces_2', 'dataset_consumes_1_never_scheduled', 'dataset_consumes_1_and_2', 'dataset_consumes_1', 'dataset_consumes_unknown_never_scheduled', 'dataset_produces_1']) retrieved from /home/airflow/.local/lib/python3.7/site-packages/airflow/example_dags/example_datasets.py
[2023-06-08T19:02:57.541+0000] {logging_mixin.py:149} INFO - [2023-06-08T19:02:57.541+0000] {dag.py:2726} INFO - Sync 6 DAGs
[2023-06-08T19:02:57.556+0000] {logging_mixin.py:149} INFO - [2023-06-08T19:02:57.556+0000] {dag.py:3490} INFO - Setting next_dagrun for dataset_consumes_1 to None, run_after=None
[2023-06-08T19:02:57.558+0000] {logging_mixin.py:149} INFO - [2023-06-08T19:02:57.558+0000] {dag.py:3490} INFO - Setting next_dagrun for dataset_consumes_1_and_2 to None, run_after=None
[2023-06-08T19:02:57.559+0000] {logging_mixin.py:149} INFO - [2023-06-08T19:02:57.559+0000] {dag.py:3490} INFO - Setting next_dagrun for dataset_consumes_1_never_scheduled to None, run_after=None
[2023-06-08T19:02:57.560+0000] {logging_mixin.py:149} INFO - [2023-06-08T19:02:57.560+0000] {dag.py:3490} INFO - Setting next_dagrun for dataset_consumes_unknown_never_scheduled to None, run_after=None
[2023-06-08T19:02:57.561+0000] {logging_mixin.py:149} INFO - [2023-06-08T19:02:57.561+0000] {dag.py:3490} INFO - Setting next_dagrun for dataset_produces_1 to 2023-06-07T00:00:00+00:00, run_after=2023-06-08T00:00:00+00:00
[2023-06-08T19:02:57.562+0000] {logging_mixin.py:149} INFO - [2023-06-08T19:02:57.562+0000] {dag.py:3490} INFO - Setting next_dagrun for dataset_produces_2 to None, run_after=None
[2023-06-08T19:02:57.578+0000] {processor.py:179} INFO - Processing /home/airflow/.local/lib/python3.7/site-packages/airflow/example_dags/example_datasets.py took 0.070 seconds
[2023-06-08T19:03:27.792+0000] {processor.py:157} INFO - Started process (PID=1326) to work on /home/airflow/.local/lib/python3.7/site-packages/airflow/example_dags/example_datasets.py
[2023-06-08T19:03:27.793+0000] {processor.py:826} INFO - Processing file /home/airflow/.local/lib/python3.7/site-packages/airflow/example_dags/example_datasets.py for tasks to queue
[2023-06-08T19:03:27.794+0000] {logging_mixin.py:149} INFO - [2023-06-08T19:03:27.794+0000] {dagbag.py:541} INFO - Filling up the DagBag from /home/airflow/.local/lib/python3.7/site-packages/airflow/example_dags/example_datasets.py
[2023-06-08T19:03:27.800+0000] {processor.py:836} INFO - DAG(s) dict_keys(['dataset_produces_1', 'dataset_produces_2', 'dataset_consumes_unknown_never_scheduled', 'dataset_consumes_1', 'dataset_consumes_1_never_scheduled', 'dataset_consumes_1_and_2']) retrieved from /home/airflow/.local/lib/python3.7/site-packages/airflow/example_dags/example_datasets.py
[2023-06-08T19:03:27.823+0000] {logging_mixin.py:149} INFO - [2023-06-08T19:03:27.822+0000] {dag.py:2726} INFO - Sync 6 DAGs
[2023-06-08T19:03:27.837+0000] {logging_mixin.py:149} INFO - [2023-06-08T19:03:27.837+0000] {dag.py:3490} INFO - Setting next_dagrun for dataset_consumes_1 to None, run_after=None
[2023-06-08T19:03:27.840+0000] {logging_mixin.py:149} INFO - [2023-06-08T19:03:27.839+0000] {dag.py:3490} INFO - Setting next_dagrun for dataset_consumes_1_and_2 to None, run_after=None
[2023-06-08T19:03:27.840+0000] {logging_mixin.py:149} INFO - [2023-06-08T19:03:27.840+0000] {dag.py:3490} INFO - Setting next_dagrun for dataset_consumes_1_never_scheduled to None, run_after=None
[2023-06-08T19:03:27.841+0000] {logging_mixin.py:149} INFO - [2023-06-08T19:03:27.841+0000] {dag.py:3490} INFO - Setting next_dagrun for dataset_consumes_unknown_never_scheduled to None, run_after=None
[2023-06-08T19:03:27.843+0000] {logging_mixin.py:149} INFO - [2023-06-08T19:03:27.843+0000] {dag.py:3490} INFO - Setting next_dagrun for dataset_produces_1 to 2023-06-07T00:00:00+00:00, run_after=2023-06-08T00:00:00+00:00
[2023-06-08T19:03:27.843+0000] {logging_mixin.py:149} INFO - [2023-06-08T19:03:27.843+0000] {dag.py:3490} INFO - Setting next_dagrun for dataset_produces_2 to None, run_after=None
[2023-06-08T19:03:27.859+0000] {processor.py:179} INFO - Processing /home/airflow/.local/lib/python3.7/site-packages/airflow/example_dags/example_datasets.py took 0.070 seconds
[2023-06-08T19:03:58.047+0000] {processor.py:157} INFO - Started process (PID=1564) to work on /home/airflow/.local/lib/python3.7/site-packages/airflow/example_dags/example_datasets.py
[2023-06-08T19:03:58.048+0000] {processor.py:826} INFO - Processing file /home/airflow/.local/lib/python3.7/site-packages/airflow/example_dags/example_datasets.py for tasks to queue
[2023-06-08T19:03:58.049+0000] {logging_mixin.py:149} INFO - [2023-06-08T19:03:58.049+0000] {dagbag.py:541} INFO - Filling up the DagBag from /home/airflow/.local/lib/python3.7/site-packages/airflow/example_dags/example_datasets.py
[2023-06-08T19:03:58.056+0000] {processor.py:836} INFO - DAG(s) dict_keys(['dataset_consumes_1_never_scheduled', 'dataset_consumes_unknown_never_scheduled', 'dataset_consumes_1_and_2', 'dataset_consumes_1', 'dataset_produces_1', 'dataset_produces_2']) retrieved from /home/airflow/.local/lib/python3.7/site-packages/airflow/example_dags/example_datasets.py
[2023-06-08T19:03:58.079+0000] {logging_mixin.py:149} INFO - [2023-06-08T19:03:58.079+0000] {dag.py:2726} INFO - Sync 6 DAGs
[2023-06-08T19:03:58.094+0000] {logging_mixin.py:149} INFO - [2023-06-08T19:03:58.094+0000] {dag.py:3490} INFO - Setting next_dagrun for dataset_consumes_1 to None, run_after=None
[2023-06-08T19:03:58.096+0000] {logging_mixin.py:149} INFO - [2023-06-08T19:03:58.096+0000] {dag.py:3490} INFO - Setting next_dagrun for dataset_consumes_1_and_2 to None, run_after=None
[2023-06-08T19:03:58.097+0000] {logging_mixin.py:149} INFO - [2023-06-08T19:03:58.097+0000] {dag.py:3490} INFO - Setting next_dagrun for dataset_consumes_1_never_scheduled to None, run_after=None
[2023-06-08T19:03:58.098+0000] {logging_mixin.py:149} INFO - [2023-06-08T19:03:58.098+0000] {dag.py:3490} INFO - Setting next_dagrun for dataset_consumes_unknown_never_scheduled to None, run_after=None
[2023-06-08T19:03:58.099+0000] {logging_mixin.py:149} INFO - [2023-06-08T19:03:58.099+0000] {dag.py:3490} INFO - Setting next_dagrun for dataset_produces_1 to 2023-06-07T00:00:00+00:00, run_after=2023-06-08T00:00:00+00:00
[2023-06-08T19:03:58.100+0000] {logging_mixin.py:149} INFO - [2023-06-08T19:03:58.100+0000] {dag.py:3490} INFO - Setting next_dagrun for dataset_produces_2 to None, run_after=None
[2023-06-08T19:03:58.116+0000] {processor.py:179} INFO - Processing /home/airflow/.local/lib/python3.7/site-packages/airflow/example_dags/example_datasets.py took 0.071 seconds
[2023-06-08T19:04:28.307+0000] {processor.py:157} INFO - Started process (PID=1803) to work on /home/airflow/.local/lib/python3.7/site-packages/airflow/example_dags/example_datasets.py
[2023-06-08T19:04:28.308+0000] {processor.py:826} INFO - Processing file /home/airflow/.local/lib/python3.7/site-packages/airflow/example_dags/example_datasets.py for tasks to queue
[2023-06-08T19:04:28.309+0000] {logging_mixin.py:149} INFO - [2023-06-08T19:04:28.309+0000] {dagbag.py:541} INFO - Filling up the DagBag from /home/airflow/.local/lib/python3.7/site-packages/airflow/example_dags/example_datasets.py
[2023-06-08T19:04:28.315+0000] {processor.py:836} INFO - DAG(s) dict_keys(['dataset_produces_1', 'dataset_consumes_1', 'dataset_consumes_1_never_scheduled', 'dataset_produces_2', 'dataset_consumes_1_and_2', 'dataset_consumes_unknown_never_scheduled']) retrieved from /home/airflow/.local/lib/python3.7/site-packages/airflow/example_dags/example_datasets.py
[2023-06-08T19:04:28.338+0000] {logging_mixin.py:149} INFO - [2023-06-08T19:04:28.338+0000] {dag.py:2726} INFO - Sync 6 DAGs
[2023-06-08T19:04:28.352+0000] {logging_mixin.py:149} INFO - [2023-06-08T19:04:28.352+0000] {dag.py:3490} INFO - Setting next_dagrun for dataset_consumes_1 to None, run_after=None
[2023-06-08T19:04:28.354+0000] {logging_mixin.py:149} INFO - [2023-06-08T19:04:28.354+0000] {dag.py:3490} INFO - Setting next_dagrun for dataset_consumes_1_and_2 to None, run_after=None
[2023-06-08T19:04:28.355+0000] {logging_mixin.py:149} INFO - [2023-06-08T19:04:28.355+0000] {dag.py:3490} INFO - Setting next_dagrun for dataset_consumes_1_never_scheduled to None, run_after=None
[2023-06-08T19:04:28.356+0000] {logging_mixin.py:149} INFO - [2023-06-08T19:04:28.356+0000] {dag.py:3490} INFO - Setting next_dagrun for dataset_consumes_unknown_never_scheduled to None, run_after=None
[2023-06-08T19:04:28.358+0000] {logging_mixin.py:149} INFO - [2023-06-08T19:04:28.358+0000] {dag.py:3490} INFO - Setting next_dagrun for dataset_produces_1 to 2023-06-07T00:00:00+00:00, run_after=2023-06-08T00:00:00+00:00
[2023-06-08T19:04:28.359+0000] {logging_mixin.py:149} INFO - [2023-06-08T19:04:28.359+0000] {dag.py:3490} INFO - Setting next_dagrun for dataset_produces_2 to None, run_after=None
[2023-06-08T19:04:28.374+0000] {processor.py:179} INFO - Processing /home/airflow/.local/lib/python3.7/site-packages/airflow/example_dags/example_datasets.py took 0.069 seconds
[2023-06-08T19:04:58.528+0000] {processor.py:157} INFO - Started process (PID=2038) to work on /home/airflow/.local/lib/python3.7/site-packages/airflow/example_dags/example_datasets.py
[2023-06-08T19:04:58.529+0000] {processor.py:826} INFO - Processing file /home/airflow/.local/lib/python3.7/site-packages/airflow/example_dags/example_datasets.py for tasks to queue
[2023-06-08T19:04:58.530+0000] {logging_mixin.py:149} INFO - [2023-06-08T19:04:58.530+0000] {dagbag.py:541} INFO - Filling up the DagBag from /home/airflow/.local/lib/python3.7/site-packages/airflow/example_dags/example_datasets.py
[2023-06-08T19:04:58.536+0000] {processor.py:836} INFO - DAG(s) dict_keys(['dataset_consumes_1_never_scheduled', 'dataset_consumes_1', 'dataset_produces_1', 'dataset_produces_2', 'dataset_consumes_unknown_never_scheduled', 'dataset_consumes_1_and_2']) retrieved from /home/airflow/.local/lib/python3.7/site-packages/airflow/example_dags/example_datasets.py
[2023-06-08T19:04:58.560+0000] {logging_mixin.py:149} INFO - [2023-06-08T19:04:58.560+0000] {dag.py:2726} INFO - Sync 6 DAGs
[2023-06-08T19:04:58.575+0000] {logging_mixin.py:149} INFO - [2023-06-08T19:04:58.575+0000] {dag.py:3490} INFO - Setting next_dagrun for dataset_consumes_1 to None, run_after=None
[2023-06-08T19:04:58.577+0000] {logging_mixin.py:149} INFO - [2023-06-08T19:04:58.577+0000] {dag.py:3490} INFO - Setting next_dagrun for dataset_consumes_1_and_2 to None, run_after=None
[2023-06-08T19:04:58.578+0000] {logging_mixin.py:149} INFO - [2023-06-08T19:04:58.578+0000] {dag.py:3490} INFO - Setting next_dagrun for dataset_consumes_1_never_scheduled to None, run_after=None
[2023-06-08T19:04:58.579+0000] {logging_mixin.py:149} INFO - [2023-06-08T19:04:58.579+0000] {dag.py:3490} INFO - Setting next_dagrun for dataset_consumes_unknown_never_scheduled to None, run_after=None
[2023-06-08T19:04:58.581+0000] {logging_mixin.py:149} INFO - [2023-06-08T19:04:58.581+0000] {dag.py:3490} INFO - Setting next_dagrun for dataset_produces_1 to 2023-06-07T00:00:00+00:00, run_after=2023-06-08T00:00:00+00:00
[2023-06-08T19:04:58.582+0000] {logging_mixin.py:149} INFO - [2023-06-08T19:04:58.582+0000] {dag.py:3490} INFO - Setting next_dagrun for dataset_produces_2 to None, run_after=None
[2023-06-08T19:04:58.598+0000] {processor.py:179} INFO - Processing /home/airflow/.local/lib/python3.7/site-packages/airflow/example_dags/example_datasets.py took 0.072 seconds
[2023-06-08T19:05:28.813+0000] {processor.py:157} INFO - Started process (PID=2275) to work on /home/airflow/.local/lib/python3.7/site-packages/airflow/example_dags/example_datasets.py
[2023-06-08T19:05:28.814+0000] {processor.py:826} INFO - Processing file /home/airflow/.local/lib/python3.7/site-packages/airflow/example_dags/example_datasets.py for tasks to queue
[2023-06-08T19:05:28.815+0000] {logging_mixin.py:149} INFO - [2023-06-08T19:05:28.815+0000] {dagbag.py:541} INFO - Filling up the DagBag from /home/airflow/.local/lib/python3.7/site-packages/airflow/example_dags/example_datasets.py
[2023-06-08T19:05:28.821+0000] {processor.py:836} INFO - DAG(s) dict_keys(['dataset_consumes_1_and_2', 'dataset_consumes_1_never_scheduled', 'dataset_consumes_unknown_never_scheduled', 'dataset_consumes_1', 'dataset_produces_1', 'dataset_produces_2']) retrieved from /home/airflow/.local/lib/python3.7/site-packages/airflow/example_dags/example_datasets.py
[2023-06-08T19:05:28.846+0000] {logging_mixin.py:149} INFO - [2023-06-08T19:05:28.846+0000] {dag.py:2726} INFO - Sync 6 DAGs
[2023-06-08T19:05:28.861+0000] {logging_mixin.py:149} INFO - [2023-06-08T19:05:28.861+0000] {dag.py:3490} INFO - Setting next_dagrun for dataset_consumes_1 to None, run_after=None
[2023-06-08T19:05:28.865+0000] {logging_mixin.py:149} INFO - [2023-06-08T19:05:28.864+0000] {dag.py:3490} INFO - Setting next_dagrun for dataset_consumes_1_and_2 to None, run_after=None
[2023-06-08T19:05:28.866+0000] {logging_mixin.py:149} INFO - [2023-06-08T19:05:28.865+0000] {dag.py:3490} INFO - Setting next_dagrun for dataset_consumes_1_never_scheduled to None, run_after=None
[2023-06-08T19:05:28.866+0000] {logging_mixin.py:149} INFO - [2023-06-08T19:05:28.866+0000] {dag.py:3490} INFO - Setting next_dagrun for dataset_consumes_unknown_never_scheduled to None, run_after=None
[2023-06-08T19:05:28.868+0000] {logging_mixin.py:149} INFO - [2023-06-08T19:05:28.868+0000] {dag.py:3490} INFO - Setting next_dagrun for dataset_produces_1 to 2023-06-07T00:00:00+00:00, run_after=2023-06-08T00:00:00+00:00
[2023-06-08T19:05:28.869+0000] {logging_mixin.py:149} INFO - [2023-06-08T19:05:28.869+0000] {dag.py:3490} INFO - Setting next_dagrun for dataset_produces_2 to None, run_after=None
[2023-06-08T19:05:28.886+0000] {processor.py:179} INFO - Processing /home/airflow/.local/lib/python3.7/site-packages/airflow/example_dags/example_datasets.py took 0.075 seconds
[2023-06-08T19:05:59.191+0000] {processor.py:157} INFO - Started process (PID=2512) to work on /home/airflow/.local/lib/python3.7/site-packages/airflow/example_dags/example_datasets.py
[2023-06-08T19:05:59.192+0000] {processor.py:826} INFO - Processing file /home/airflow/.local/lib/python3.7/site-packages/airflow/example_dags/example_datasets.py for tasks to queue
[2023-06-08T19:05:59.192+0000] {logging_mixin.py:149} INFO - [2023-06-08T19:05:59.192+0000] {dagbag.py:541} INFO - Filling up the DagBag from /home/airflow/.local/lib/python3.7/site-packages/airflow/example_dags/example_datasets.py
[2023-06-08T19:05:59.198+0000] {processor.py:836} INFO - DAG(s) dict_keys(['dataset_produces_1', 'dataset_consumes_1', 'dataset_consumes_1_never_scheduled', 'dataset_produces_2', 'dataset_consumes_unknown_never_scheduled', 'dataset_consumes_1_and_2']) retrieved from /home/airflow/.local/lib/python3.7/site-packages/airflow/example_dags/example_datasets.py
[2023-06-08T19:05:59.223+0000] {logging_mixin.py:149} INFO - [2023-06-08T19:05:59.223+0000] {dag.py:2726} INFO - Sync 6 DAGs
[2023-06-08T19:05:59.237+0000] {logging_mixin.py:149} INFO - [2023-06-08T19:05:59.237+0000] {dag.py:3490} INFO - Setting next_dagrun for dataset_consumes_1 to None, run_after=None
[2023-06-08T19:05:59.239+0000] {logging_mixin.py:149} INFO - [2023-06-08T19:05:59.239+0000] {dag.py:3490} INFO - Setting next_dagrun for dataset_consumes_1_and_2 to None, run_after=None
[2023-06-08T19:05:59.240+0000] {logging_mixin.py:149} INFO - [2023-06-08T19:05:59.240+0000] {dag.py:3490} INFO - Setting next_dagrun for dataset_consumes_1_never_scheduled to None, run_after=None
[2023-06-08T19:05:59.241+0000] {logging_mixin.py:149} INFO - [2023-06-08T19:05:59.241+0000] {dag.py:3490} INFO - Setting next_dagrun for dataset_consumes_unknown_never_scheduled to None, run_after=None
[2023-06-08T19:05:59.243+0000] {logging_mixin.py:149} INFO - [2023-06-08T19:05:59.243+0000] {dag.py:3490} INFO - Setting next_dagrun for dataset_produces_1 to 2023-06-07T00:00:00+00:00, run_after=2023-06-08T00:00:00+00:00
[2023-06-08T19:05:59.244+0000] {logging_mixin.py:149} INFO - [2023-06-08T19:05:59.244+0000] {dag.py:3490} INFO - Setting next_dagrun for dataset_produces_2 to None, run_after=None
[2023-06-08T19:05:59.259+0000] {processor.py:179} INFO - Processing /home/airflow/.local/lib/python3.7/site-packages/airflow/example_dags/example_datasets.py took 0.071 seconds
[2023-06-08T19:06:29.478+0000] {processor.py:157} INFO - Started process (PID=2749) to work on /home/airflow/.local/lib/python3.7/site-packages/airflow/example_dags/example_datasets.py
[2023-06-08T19:06:29.479+0000] {processor.py:826} INFO - Processing file /home/airflow/.local/lib/python3.7/site-packages/airflow/example_dags/example_datasets.py for tasks to queue
[2023-06-08T19:06:29.480+0000] {logging_mixin.py:149} INFO - [2023-06-08T19:06:29.480+0000] {dagbag.py:541} INFO - Filling up the DagBag from /home/airflow/.local/lib/python3.7/site-packages/airflow/example_dags/example_datasets.py
[2023-06-08T19:06:29.487+0000] {processor.py:836} INFO - DAG(s) dict_keys(['dataset_consumes_unknown_never_scheduled', 'dataset_consumes_1', 'dataset_produces_2', 'dataset_consumes_1_and_2', 'dataset_produces_1', 'dataset_consumes_1_never_scheduled']) retrieved from /home/airflow/.local/lib/python3.7/site-packages/airflow/example_dags/example_datasets.py
[2023-06-08T19:06:29.511+0000] {logging_mixin.py:149} INFO - [2023-06-08T19:06:29.511+0000] {dag.py:2726} INFO - Sync 6 DAGs
[2023-06-08T19:06:29.526+0000] {logging_mixin.py:149} INFO - [2023-06-08T19:06:29.526+0000] {dag.py:3490} INFO - Setting next_dagrun for dataset_consumes_1 to None, run_after=None
[2023-06-08T19:06:29.528+0000] {logging_mixin.py:149} INFO - [2023-06-08T19:06:29.528+0000] {dag.py:3490} INFO - Setting next_dagrun for dataset_consumes_1_and_2 to None, run_after=None
[2023-06-08T19:06:29.529+0000] {logging_mixin.py:149} INFO - [2023-06-08T19:06:29.529+0000] {dag.py:3490} INFO - Setting next_dagrun for dataset_consumes_1_never_scheduled to None, run_after=None
[2023-06-08T19:06:29.530+0000] {logging_mixin.py:149} INFO - [2023-06-08T19:06:29.530+0000] {dag.py:3490} INFO - Setting next_dagrun for dataset_consumes_unknown_never_scheduled to None, run_after=None
[2023-06-08T19:06:29.531+0000] {logging_mixin.py:149} INFO - [2023-06-08T19:06:29.531+0000] {dag.py:3490} INFO - Setting next_dagrun for dataset_produces_1 to 2023-06-07T00:00:00+00:00, run_after=2023-06-08T00:00:00+00:00
[2023-06-08T19:06:29.532+0000] {logging_mixin.py:149} INFO - [2023-06-08T19:06:29.532+0000] {dag.py:3490} INFO - Setting next_dagrun for dataset_produces_2 to None, run_after=None
[2023-06-08T19:06:29.548+0000] {processor.py:179} INFO - Processing /home/airflow/.local/lib/python3.7/site-packages/airflow/example_dags/example_datasets.py took 0.073 seconds
[2023-06-08T19:06:59.805+0000] {processor.py:157} INFO - Started process (PID=2986) to work on /home/airflow/.local/lib/python3.7/site-packages/airflow/example_dags/example_datasets.py
[2023-06-08T19:06:59.806+0000] {processor.py:826} INFO - Processing file /home/airflow/.local/lib/python3.7/site-packages/airflow/example_dags/example_datasets.py for tasks to queue
[2023-06-08T19:06:59.807+0000] {logging_mixin.py:149} INFO - [2023-06-08T19:06:59.807+0000] {dagbag.py:541} INFO - Filling up the DagBag from /home/airflow/.local/lib/python3.7/site-packages/airflow/example_dags/example_datasets.py
[2023-06-08T19:06:59.813+0000] {processor.py:836} INFO - DAG(s) dict_keys(['dataset_consumes_1_never_scheduled', 'dataset_produces_1', 'dataset_consumes_1_and_2', 'dataset_produces_2', 'dataset_consumes_unknown_never_scheduled', 'dataset_consumes_1']) retrieved from /home/airflow/.local/lib/python3.7/site-packages/airflow/example_dags/example_datasets.py
[2023-06-08T19:06:59.837+0000] {logging_mixin.py:149} INFO - [2023-06-08T19:06:59.837+0000] {dag.py:2726} INFO - Sync 6 DAGs
[2023-06-08T19:06:59.853+0000] {logging_mixin.py:149} INFO - [2023-06-08T19:06:59.853+0000] {dag.py:3490} INFO - Setting next_dagrun for dataset_consumes_1 to None, run_after=None
[2023-06-08T19:06:59.855+0000] {logging_mixin.py:149} INFO - [2023-06-08T19:06:59.855+0000] {dag.py:3490} INFO - Setting next_dagrun for dataset_consumes_1_and_2 to None, run_after=None
[2023-06-08T19:06:59.856+0000] {logging_mixin.py:149} INFO - [2023-06-08T19:06:59.856+0000] {dag.py:3490} INFO - Setting next_dagrun for dataset_consumes_1_never_scheduled to None, run_after=None
[2023-06-08T19:06:59.857+0000] {logging_mixin.py:149} INFO - [2023-06-08T19:06:59.857+0000] {dag.py:3490} INFO - Setting next_dagrun for dataset_consumes_unknown_never_scheduled to None, run_after=None
[2023-06-08T19:06:59.858+0000] {logging_mixin.py:149} INFO - [2023-06-08T19:06:59.858+0000] {dag.py:3490} INFO - Setting next_dagrun for dataset_produces_1 to 2023-06-07T00:00:00+00:00, run_after=2023-06-08T00:00:00+00:00
[2023-06-08T19:06:59.859+0000] {logging_mixin.py:149} INFO - [2023-06-08T19:06:59.859+0000] {dag.py:3490} INFO - Setting next_dagrun for dataset_produces_2 to None, run_after=None
[2023-06-08T19:06:59.876+0000] {processor.py:179} INFO - Processing /home/airflow/.local/lib/python3.7/site-packages/airflow/example_dags/example_datasets.py took 0.073 seconds
[2023-06-08T19:07:30.127+0000] {processor.py:157} INFO - Started process (PID=3223) to work on /home/airflow/.local/lib/python3.7/site-packages/airflow/example_dags/example_datasets.py
[2023-06-08T19:07:30.128+0000] {processor.py:826} INFO - Processing file /home/airflow/.local/lib/python3.7/site-packages/airflow/example_dags/example_datasets.py for tasks to queue
[2023-06-08T19:07:30.129+0000] {logging_mixin.py:149} INFO - [2023-06-08T19:07:30.129+0000] {dagbag.py:541} INFO - Filling up the DagBag from /home/airflow/.local/lib/python3.7/site-packages/airflow/example_dags/example_datasets.py
[2023-06-08T19:07:30.136+0000] {processor.py:836} INFO - DAG(s) dict_keys(['dataset_produces_2', 'dataset_produces_1', 'dataset_consumes_1', 'dataset_consumes_unknown_never_scheduled', 'dataset_consumes_1_and_2', 'dataset_consumes_1_never_scheduled']) retrieved from /home/airflow/.local/lib/python3.7/site-packages/airflow/example_dags/example_datasets.py
[2023-06-08T19:07:30.160+0000] {logging_mixin.py:149} INFO - [2023-06-08T19:07:30.160+0000] {dag.py:2726} INFO - Sync 6 DAGs
[2023-06-08T19:07:30.175+0000] {logging_mixin.py:149} INFO - [2023-06-08T19:07:30.175+0000] {dag.py:3490} INFO - Setting next_dagrun for dataset_consumes_1 to None, run_after=None
[2023-06-08T19:07:30.177+0000] {logging_mixin.py:149} INFO - [2023-06-08T19:07:30.177+0000] {dag.py:3490} INFO - Setting next_dagrun for dataset_consumes_1_and_2 to None, run_after=None
[2023-06-08T19:07:30.178+0000] {logging_mixin.py:149} INFO - [2023-06-08T19:07:30.178+0000] {dag.py:3490} INFO - Setting next_dagrun for dataset_consumes_1_never_scheduled to None, run_after=None
[2023-06-08T19:07:30.179+0000] {logging_mixin.py:149} INFO - [2023-06-08T19:07:30.179+0000] {dag.py:3490} INFO - Setting next_dagrun for dataset_consumes_unknown_never_scheduled to None, run_after=None
[2023-06-08T19:07:30.180+0000] {logging_mixin.py:149} INFO - [2023-06-08T19:07:30.180+0000] {dag.py:3490} INFO - Setting next_dagrun for dataset_produces_1 to 2023-06-07T00:00:00+00:00, run_after=2023-06-08T00:00:00+00:00
[2023-06-08T19:07:30.181+0000] {logging_mixin.py:149} INFO - [2023-06-08T19:07:30.181+0000] {dag.py:3490} INFO - Setting next_dagrun for dataset_produces_2 to None, run_after=None
[2023-06-08T19:07:30.197+0000] {processor.py:179} INFO - Processing /home/airflow/.local/lib/python3.7/site-packages/airflow/example_dags/example_datasets.py took 0.072 seconds
[2023-06-08T19:08:00.366+0000] {processor.py:157} INFO - Started process (PID=3460) to work on /home/airflow/.local/lib/python3.7/site-packages/airflow/example_dags/example_datasets.py
[2023-06-08T19:08:00.367+0000] {processor.py:826} INFO - Processing file /home/airflow/.local/lib/python3.7/site-packages/airflow/example_dags/example_datasets.py for tasks to queue
[2023-06-08T19:08:00.368+0000] {logging_mixin.py:149} INFO - [2023-06-08T19:08:00.367+0000] {dagbag.py:541} INFO - Filling up the DagBag from /home/airflow/.local/lib/python3.7/site-packages/airflow/example_dags/example_datasets.py
[2023-06-08T19:08:00.374+0000] {processor.py:836} INFO - DAG(s) dict_keys(['dataset_produces_2', 'dataset_consumes_1_never_scheduled', 'dataset_consumes_1_and_2', 'dataset_produces_1', 'dataset_consumes_unknown_never_scheduled', 'dataset_consumes_1']) retrieved from /home/airflow/.local/lib/python3.7/site-packages/airflow/example_dags/example_datasets.py
[2023-06-08T19:08:00.398+0000] {logging_mixin.py:149} INFO - [2023-06-08T19:08:00.398+0000] {dag.py:2726} INFO - Sync 6 DAGs
[2023-06-08T19:08:00.413+0000] {logging_mixin.py:149} INFO - [2023-06-08T19:08:00.413+0000] {dag.py:3490} INFO - Setting next_dagrun for dataset_consumes_1 to None, run_after=None
[2023-06-08T19:08:00.416+0000] {logging_mixin.py:149} INFO - [2023-06-08T19:08:00.416+0000] {dag.py:3490} INFO - Setting next_dagrun for dataset_consumes_1_and_2 to None, run_after=None
[2023-06-08T19:08:00.417+0000] {logging_mixin.py:149} INFO - [2023-06-08T19:08:00.417+0000] {dag.py:3490} INFO - Setting next_dagrun for dataset_consumes_1_never_scheduled to None, run_after=None
[2023-06-08T19:08:00.418+0000] {logging_mixin.py:149} INFO - [2023-06-08T19:08:00.417+0000] {dag.py:3490} INFO - Setting next_dagrun for dataset_consumes_unknown_never_scheduled to None, run_after=None
[2023-06-08T19:08:00.419+0000] {logging_mixin.py:149} INFO - [2023-06-08T19:08:00.419+0000] {dag.py:3490} INFO - Setting next_dagrun for dataset_produces_1 to 2023-06-07T00:00:00+00:00, run_after=2023-06-08T00:00:00+00:00
[2023-06-08T19:08:00.420+0000] {logging_mixin.py:149} INFO - [2023-06-08T19:08:00.420+0000] {dag.py:3490} INFO - Setting next_dagrun for dataset_produces_2 to None, run_after=None
[2023-06-08T19:08:00.436+0000] {processor.py:179} INFO - Processing /home/airflow/.local/lib/python3.7/site-packages/airflow/example_dags/example_datasets.py took 0.072 seconds
[2023-06-08T19:08:30.724+0000] {processor.py:157} INFO - Started process (PID=3697) to work on /home/airflow/.local/lib/python3.7/site-packages/airflow/example_dags/example_datasets.py
[2023-06-08T19:08:30.725+0000] {processor.py:826} INFO - Processing file /home/airflow/.local/lib/python3.7/site-packages/airflow/example_dags/example_datasets.py for tasks to queue
[2023-06-08T19:08:30.726+0000] {logging_mixin.py:149} INFO - [2023-06-08T19:08:30.726+0000] {dagbag.py:541} INFO - Filling up the DagBag from /home/airflow/.local/lib/python3.7/site-packages/airflow/example_dags/example_datasets.py
[2023-06-08T19:08:30.732+0000] {processor.py:836} INFO - DAG(s) dict_keys(['dataset_produces_2', 'dataset_consumes_1_never_scheduled', 'dataset_consumes_1_and_2', 'dataset_consumes_unknown_never_scheduled', 'dataset_produces_1', 'dataset_consumes_1']) retrieved from /home/airflow/.local/lib/python3.7/site-packages/airflow/example_dags/example_datasets.py
[2023-06-08T19:08:30.755+0000] {logging_mixin.py:149} INFO - [2023-06-08T19:08:30.755+0000] {dag.py:2726} INFO - Sync 6 DAGs
[2023-06-08T19:08:30.771+0000] {logging_mixin.py:149} INFO - [2023-06-08T19:08:30.770+0000] {dag.py:3490} INFO - Setting next_dagrun for dataset_consumes_1 to None, run_after=None
[2023-06-08T19:08:30.773+0000] {logging_mixin.py:149} INFO - [2023-06-08T19:08:30.773+0000] {dag.py:3490} INFO - Setting next_dagrun for dataset_consumes_1_and_2 to None, run_after=None
[2023-06-08T19:08:30.774+0000] {logging_mixin.py:149} INFO - [2023-06-08T19:08:30.774+0000] {dag.py:3490} INFO - Setting next_dagrun for dataset_consumes_1_never_scheduled to None, run_after=None
[2023-06-08T19:08:30.775+0000] {logging_mixin.py:149} INFO - [2023-06-08T19:08:30.775+0000] {dag.py:3490} INFO - Setting next_dagrun for dataset_consumes_unknown_never_scheduled to None, run_after=None
[2023-06-08T19:08:30.776+0000] {logging_mixin.py:149} INFO - [2023-06-08T19:08:30.776+0000] {dag.py:3490} INFO - Setting next_dagrun for dataset_produces_1 to 2023-06-07T00:00:00+00:00, run_after=2023-06-08T00:00:00+00:00
[2023-06-08T19:08:30.777+0000] {logging_mixin.py:149} INFO - [2023-06-08T19:08:30.777+0000] {dag.py:3490} INFO - Setting next_dagrun for dataset_produces_2 to None, run_after=None
[2023-06-08T19:08:30.794+0000] {processor.py:179} INFO - Processing /home/airflow/.local/lib/python3.7/site-packages/airflow/example_dags/example_datasets.py took 0.072 seconds
[2023-06-08T19:09:00.993+0000] {processor.py:157} INFO - Started process (PID=3934) to work on /home/airflow/.local/lib/python3.7/site-packages/airflow/example_dags/example_datasets.py
[2023-06-08T19:09:00.994+0000] {processor.py:826} INFO - Processing file /home/airflow/.local/lib/python3.7/site-packages/airflow/example_dags/example_datasets.py for tasks to queue
[2023-06-08T19:09:00.994+0000] {logging_mixin.py:149} INFO - [2023-06-08T19:09:00.994+0000] {dagbag.py:541} INFO - Filling up the DagBag from /home/airflow/.local/lib/python3.7/site-packages/airflow/example_dags/example_datasets.py
[2023-06-08T19:09:01.001+0000] {processor.py:836} INFO - DAG(s) dict_keys(['dataset_consumes_1_never_scheduled', 'dataset_produces_2', 'dataset_produces_1', 'dataset_consumes_1_and_2', 'dataset_consumes_1', 'dataset_consumes_unknown_never_scheduled']) retrieved from /home/airflow/.local/lib/python3.7/site-packages/airflow/example_dags/example_datasets.py
[2023-06-08T19:09:01.024+0000] {logging_mixin.py:149} INFO - [2023-06-08T19:09:01.024+0000] {dag.py:2726} INFO - Sync 6 DAGs
[2023-06-08T19:09:01.039+0000] {logging_mixin.py:149} INFO - [2023-06-08T19:09:01.039+0000] {dag.py:3490} INFO - Setting next_dagrun for dataset_consumes_1 to None, run_after=None
[2023-06-08T19:09:01.041+0000] {logging_mixin.py:149} INFO - [2023-06-08T19:09:01.041+0000] {dag.py:3490} INFO - Setting next_dagrun for dataset_consumes_1_and_2 to None, run_after=None
[2023-06-08T19:09:01.042+0000] {logging_mixin.py:149} INFO - [2023-06-08T19:09:01.042+0000] {dag.py:3490} INFO - Setting next_dagrun for dataset_consumes_1_never_scheduled to None, run_after=None
[2023-06-08T19:09:01.043+0000] {logging_mixin.py:149} INFO - [2023-06-08T19:09:01.043+0000] {dag.py:3490} INFO - Setting next_dagrun for dataset_consumes_unknown_never_scheduled to None, run_after=None
[2023-06-08T19:09:01.044+0000] {logging_mixin.py:149} INFO - [2023-06-08T19:09:01.044+0000] {dag.py:3490} INFO - Setting next_dagrun for dataset_produces_1 to 2023-06-07T00:00:00+00:00, run_after=2023-06-08T00:00:00+00:00
[2023-06-08T19:09:01.046+0000] {logging_mixin.py:149} INFO - [2023-06-08T19:09:01.046+0000] {dag.py:3490} INFO - Setting next_dagrun for dataset_produces_2 to None, run_after=None
[2023-06-08T19:09:01.062+0000] {processor.py:179} INFO - Processing /home/airflow/.local/lib/python3.7/site-packages/airflow/example_dags/example_datasets.py took 0.072 seconds
[2023-06-08T19:09:31.180+0000] {processor.py:157} INFO - Started process (PID=4171) to work on /home/airflow/.local/lib/python3.7/site-packages/airflow/example_dags/example_datasets.py
[2023-06-08T19:09:31.181+0000] {processor.py:826} INFO - Processing file /home/airflow/.local/lib/python3.7/site-packages/airflow/example_dags/example_datasets.py for tasks to queue
[2023-06-08T19:09:31.181+0000] {logging_mixin.py:149} INFO - [2023-06-08T19:09:31.181+0000] {dagbag.py:541} INFO - Filling up the DagBag from /home/airflow/.local/lib/python3.7/site-packages/airflow/example_dags/example_datasets.py
[2023-06-08T19:09:31.188+0000] {processor.py:836} INFO - DAG(s) dict_keys(['dataset_produces_1', 'dataset_consumes_1_never_scheduled', 'dataset_consumes_unknown_never_scheduled', 'dataset_produces_2', 'dataset_consumes_1_and_2', 'dataset_consumes_1']) retrieved from /home/airflow/.local/lib/python3.7/site-packages/airflow/example_dags/example_datasets.py
[2023-06-08T19:09:31.211+0000] {logging_mixin.py:149} INFO - [2023-06-08T19:09:31.211+0000] {dag.py:2726} INFO - Sync 6 DAGs
[2023-06-08T19:09:31.226+0000] {logging_mixin.py:149} INFO - [2023-06-08T19:09:31.226+0000] {dag.py:3490} INFO - Setting next_dagrun for dataset_consumes_1 to None, run_after=None
[2023-06-08T19:09:31.228+0000] {logging_mixin.py:149} INFO - [2023-06-08T19:09:31.228+0000] {dag.py:3490} INFO - Setting next_dagrun for dataset_consumes_1_and_2 to None, run_after=None
[2023-06-08T19:09:31.229+0000] {logging_mixin.py:149} INFO - [2023-06-08T19:09:31.229+0000] {dag.py:3490} INFO - Setting next_dagrun for dataset_consumes_1_never_scheduled to None, run_after=None
[2023-06-08T19:09:31.230+0000] {logging_mixin.py:149} INFO - [2023-06-08T19:09:31.230+0000] {dag.py:3490} INFO - Setting next_dagrun for dataset_consumes_unknown_never_scheduled to None, run_after=None
[2023-06-08T19:09:31.232+0000] {logging_mixin.py:149} INFO - [2023-06-08T19:09:31.232+0000] {dag.py:3490} INFO - Setting next_dagrun for dataset_produces_1 to 2023-06-07T00:00:00+00:00, run_after=2023-06-08T00:00:00+00:00
[2023-06-08T19:09:31.233+0000] {logging_mixin.py:149} INFO - [2023-06-08T19:09:31.233+0000] {dag.py:3490} INFO - Setting next_dagrun for dataset_produces_2 to None, run_after=None
[2023-06-08T19:09:31.249+0000] {processor.py:179} INFO - Processing /home/airflow/.local/lib/python3.7/site-packages/airflow/example_dags/example_datasets.py took 0.072 seconds
[2023-06-08T19:10:01.470+0000] {processor.py:157} INFO - Started process (PID=4408) to work on /home/airflow/.local/lib/python3.7/site-packages/airflow/example_dags/example_datasets.py
[2023-06-08T19:10:01.471+0000] {processor.py:826} INFO - Processing file /home/airflow/.local/lib/python3.7/site-packages/airflow/example_dags/example_datasets.py for tasks to queue
[2023-06-08T19:10:01.472+0000] {logging_mixin.py:149} INFO - [2023-06-08T19:10:01.471+0000] {dagbag.py:541} INFO - Filling up the DagBag from /home/airflow/.local/lib/python3.7/site-packages/airflow/example_dags/example_datasets.py
[2023-06-08T19:10:01.478+0000] {processor.py:836} INFO - DAG(s) dict_keys(['dataset_consumes_1_never_scheduled', 'dataset_consumes_unknown_never_scheduled', 'dataset_consumes_1', 'dataset_produces_1', 'dataset_consumes_1_and_2', 'dataset_produces_2']) retrieved from /home/airflow/.local/lib/python3.7/site-packages/airflow/example_dags/example_datasets.py
[2023-06-08T19:10:01.504+0000] {logging_mixin.py:149} INFO - [2023-06-08T19:10:01.504+0000] {dag.py:2726} INFO - Sync 6 DAGs
[2023-06-08T19:10:01.519+0000] {logging_mixin.py:149} INFO - [2023-06-08T19:10:01.519+0000] {dag.py:3490} INFO - Setting next_dagrun for dataset_consumes_1 to None, run_after=None
[2023-06-08T19:10:01.521+0000] {logging_mixin.py:149} INFO - [2023-06-08T19:10:01.521+0000] {dag.py:3490} INFO - Setting next_dagrun for dataset_consumes_1_and_2 to None, run_after=None
[2023-06-08T19:10:01.522+0000] {logging_mixin.py:149} INFO - [2023-06-08T19:10:01.522+0000] {dag.py:3490} INFO - Setting next_dagrun for dataset_consumes_1_never_scheduled to None, run_after=None
[2023-06-08T19:10:01.523+0000] {logging_mixin.py:149} INFO - [2023-06-08T19:10:01.523+0000] {dag.py:3490} INFO - Setting next_dagrun for dataset_consumes_unknown_never_scheduled to None, run_after=None
[2023-06-08T19:10:01.524+0000] {logging_mixin.py:149} INFO - [2023-06-08T19:10:01.524+0000] {dag.py:3490} INFO - Setting next_dagrun for dataset_produces_1 to 2023-06-07T00:00:00+00:00, run_after=2023-06-08T00:00:00+00:00
[2023-06-08T19:10:01.525+0000] {logging_mixin.py:149} INFO - [2023-06-08T19:10:01.525+0000] {dag.py:3490} INFO - Setting next_dagrun for dataset_produces_2 to None, run_after=None
[2023-06-08T19:10:01.541+0000] {processor.py:179} INFO - Processing /home/airflow/.local/lib/python3.7/site-packages/airflow/example_dags/example_datasets.py took 0.074 seconds
[2023-06-08T19:10:31.723+0000] {processor.py:157} INFO - Started process (PID=4645) to work on /home/airflow/.local/lib/python3.7/site-packages/airflow/example_dags/example_datasets.py
[2023-06-08T19:10:31.724+0000] {processor.py:826} INFO - Processing file /home/airflow/.local/lib/python3.7/site-packages/airflow/example_dags/example_datasets.py for tasks to queue
[2023-06-08T19:10:31.724+0000] {logging_mixin.py:149} INFO - [2023-06-08T19:10:31.724+0000] {dagbag.py:541} INFO - Filling up the DagBag from /home/airflow/.local/lib/python3.7/site-packages/airflow/example_dags/example_datasets.py
[2023-06-08T19:10:31.731+0000] {processor.py:836} INFO - DAG(s) dict_keys(['dataset_produces_1', 'dataset_consumes_1', 'dataset_consumes_unknown_never_scheduled', 'dataset_consumes_1_and_2', 'dataset_consumes_1_never_scheduled', 'dataset_produces_2']) retrieved from /home/airflow/.local/lib/python3.7/site-packages/airflow/example_dags/example_datasets.py
[2023-06-08T19:10:31.754+0000] {logging_mixin.py:149} INFO - [2023-06-08T19:10:31.754+0000] {dag.py:2726} INFO - Sync 6 DAGs
[2023-06-08T19:10:31.769+0000] {logging_mixin.py:149} INFO - [2023-06-08T19:10:31.769+0000] {dag.py:3490} INFO - Setting next_dagrun for dataset_consumes_1 to None, run_after=None
[2023-06-08T19:10:31.771+0000] {logging_mixin.py:149} INFO - [2023-06-08T19:10:31.771+0000] {dag.py:3490} INFO - Setting next_dagrun for dataset_consumes_1_and_2 to None, run_after=None
[2023-06-08T19:10:31.772+0000] {logging_mixin.py:149} INFO - [2023-06-08T19:10:31.772+0000] {dag.py:3490} INFO - Setting next_dagrun for dataset_consumes_1_never_scheduled to None, run_after=None
[2023-06-08T19:10:31.773+0000] {logging_mixin.py:149} INFO - [2023-06-08T19:10:31.773+0000] {dag.py:3490} INFO - Setting next_dagrun for dataset_consumes_unknown_never_scheduled to None, run_after=None
[2023-06-08T19:10:31.775+0000] {logging_mixin.py:149} INFO - [2023-06-08T19:10:31.775+0000] {dag.py:3490} INFO - Setting next_dagrun for dataset_produces_1 to 2023-06-07T00:00:00+00:00, run_after=2023-06-08T00:00:00+00:00
[2023-06-08T19:10:31.776+0000] {logging_mixin.py:149} INFO - [2023-06-08T19:10:31.776+0000] {dag.py:3490} INFO - Setting next_dagrun for dataset_produces_2 to None, run_after=None
[2023-06-08T19:10:31.792+0000] {processor.py:179} INFO - Processing /home/airflow/.local/lib/python3.7/site-packages/airflow/example_dags/example_datasets.py took 0.072 seconds
[2023-06-08T19:11:02.052+0000] {processor.py:157} INFO - Started process (PID=4882) to work on /home/airflow/.local/lib/python3.7/site-packages/airflow/example_dags/example_datasets.py
[2023-06-08T19:11:02.053+0000] {processor.py:826} INFO - Processing file /home/airflow/.local/lib/python3.7/site-packages/airflow/example_dags/example_datasets.py for tasks to queue
[2023-06-08T19:11:02.054+0000] {logging_mixin.py:149} INFO - [2023-06-08T19:11:02.054+0000] {dagbag.py:541} INFO - Filling up the DagBag from /home/airflow/.local/lib/python3.7/site-packages/airflow/example_dags/example_datasets.py
[2023-06-08T19:11:02.060+0000] {processor.py:836} INFO - DAG(s) dict_keys(['dataset_produces_2', 'dataset_consumes_1_and_2', 'dataset_produces_1', 'dataset_consumes_1', 'dataset_consumes_unknown_never_scheduled', 'dataset_consumes_1_never_scheduled']) retrieved from /home/airflow/.local/lib/python3.7/site-packages/airflow/example_dags/example_datasets.py
[2023-06-08T19:11:02.083+0000] {logging_mixin.py:149} INFO - [2023-06-08T19:11:02.083+0000] {dag.py:2726} INFO - Sync 6 DAGs
[2023-06-08T19:11:02.098+0000] {logging_mixin.py:149} INFO - [2023-06-08T19:11:02.098+0000] {dag.py:3490} INFO - Setting next_dagrun for dataset_consumes_1 to None, run_after=None
[2023-06-08T19:11:02.100+0000] {logging_mixin.py:149} INFO - [2023-06-08T19:11:02.100+0000] {dag.py:3490} INFO - Setting next_dagrun for dataset_consumes_1_and_2 to None, run_after=None
[2023-06-08T19:11:02.101+0000] {logging_mixin.py:149} INFO - [2023-06-08T19:11:02.101+0000] {dag.py:3490} INFO - Setting next_dagrun for dataset_consumes_1_never_scheduled to None, run_after=None
[2023-06-08T19:11:02.102+0000] {logging_mixin.py:149} INFO - [2023-06-08T19:11:02.102+0000] {dag.py:3490} INFO - Setting next_dagrun for dataset_consumes_unknown_never_scheduled to None, run_after=None
[2023-06-08T19:11:02.103+0000] {logging_mixin.py:149} INFO - [2023-06-08T19:11:02.103+0000] {dag.py:3490} INFO - Setting next_dagrun for dataset_produces_1 to 2023-06-07T00:00:00+00:00, run_after=2023-06-08T00:00:00+00:00
[2023-06-08T19:11:02.105+0000] {logging_mixin.py:149} INFO - [2023-06-08T19:11:02.105+0000] {dag.py:3490} INFO - Setting next_dagrun for dataset_produces_2 to None, run_after=None
[2023-06-08T19:11:02.121+0000] {processor.py:179} INFO - Processing /home/airflow/.local/lib/python3.7/site-packages/airflow/example_dags/example_datasets.py took 0.071 seconds
[2023-06-08T19:11:32.294+0000] {processor.py:157} INFO - Started process (PID=5119) to work on /home/airflow/.local/lib/python3.7/site-packages/airflow/example_dags/example_datasets.py
[2023-06-08T19:11:32.295+0000] {processor.py:826} INFO - Processing file /home/airflow/.local/lib/python3.7/site-packages/airflow/example_dags/example_datasets.py for tasks to queue
[2023-06-08T19:11:32.296+0000] {logging_mixin.py:149} INFO - [2023-06-08T19:11:32.296+0000] {dagbag.py:541} INFO - Filling up the DagBag from /home/airflow/.local/lib/python3.7/site-packages/airflow/example_dags/example_datasets.py
[2023-06-08T19:11:32.302+0000] {processor.py:836} INFO - DAG(s) dict_keys(['dataset_consumes_1_never_scheduled', 'dataset_consumes_1_and_2', 'dataset_produces_1', 'dataset_consumes_1', 'dataset_consumes_unknown_never_scheduled', 'dataset_produces_2']) retrieved from /home/airflow/.local/lib/python3.7/site-packages/airflow/example_dags/example_datasets.py
[2023-06-08T19:11:32.326+0000] {logging_mixin.py:149} INFO - [2023-06-08T19:11:32.326+0000] {dag.py:2726} INFO - Sync 6 DAGs
[2023-06-08T19:11:32.340+0000] {logging_mixin.py:149} INFO - [2023-06-08T19:11:32.340+0000] {dag.py:3490} INFO - Setting next_dagrun for dataset_consumes_1 to None, run_after=None
[2023-06-08T19:11:32.342+0000] {logging_mixin.py:149} INFO - [2023-06-08T19:11:32.342+0000] {dag.py:3490} INFO - Setting next_dagrun for dataset_consumes_1_and_2 to None, run_after=None
[2023-06-08T19:11:32.343+0000] {logging_mixin.py:149} INFO - [2023-06-08T19:11:32.343+0000] {dag.py:3490} INFO - Setting next_dagrun for dataset_consumes_1_never_scheduled to None, run_after=None
[2023-06-08T19:11:32.344+0000] {logging_mixin.py:149} INFO - [2023-06-08T19:11:32.344+0000] {dag.py:3490} INFO - Setting next_dagrun for dataset_consumes_unknown_never_scheduled to None, run_after=None
[2023-06-08T19:11:32.346+0000] {logging_mixin.py:149} INFO - [2023-06-08T19:11:32.346+0000] {dag.py:3490} INFO - Setting next_dagrun for dataset_produces_1 to 2023-06-07T00:00:00+00:00, run_after=2023-06-08T00:00:00+00:00
[2023-06-08T19:11:32.347+0000] {logging_mixin.py:149} INFO - [2023-06-08T19:11:32.347+0000] {dag.py:3490} INFO - Setting next_dagrun for dataset_produces_2 to None, run_after=None
[2023-06-08T19:11:32.367+0000] {processor.py:179} INFO - Processing /home/airflow/.local/lib/python3.7/site-packages/airflow/example_dags/example_datasets.py took 0.075 seconds
[2023-06-08T19:12:02.553+0000] {processor.py:157} INFO - Started process (PID=5356) to work on /home/airflow/.local/lib/python3.7/site-packages/airflow/example_dags/example_datasets.py
[2023-06-08T19:12:02.554+0000] {processor.py:826} INFO - Processing file /home/airflow/.local/lib/python3.7/site-packages/airflow/example_dags/example_datasets.py for tasks to queue
[2023-06-08T19:12:02.554+0000] {logging_mixin.py:149} INFO - [2023-06-08T19:12:02.554+0000] {dagbag.py:541} INFO - Filling up the DagBag from /home/airflow/.local/lib/python3.7/site-packages/airflow/example_dags/example_datasets.py
[2023-06-08T19:12:02.561+0000] {processor.py:836} INFO - DAG(s) dict_keys(['dataset_produces_1', 'dataset_consumes_1_and_2', 'dataset_consumes_1', 'dataset_produces_2', 'dataset_consumes_1_never_scheduled', 'dataset_consumes_unknown_never_scheduled']) retrieved from /home/airflow/.local/lib/python3.7/site-packages/airflow/example_dags/example_datasets.py
[2023-06-08T19:12:02.584+0000] {logging_mixin.py:149} INFO - [2023-06-08T19:12:02.584+0000] {dag.py:2726} INFO - Sync 6 DAGs
[2023-06-08T19:12:02.599+0000] {logging_mixin.py:149} INFO - [2023-06-08T19:12:02.599+0000] {dag.py:3490} INFO - Setting next_dagrun for dataset_consumes_1 to None, run_after=None
[2023-06-08T19:12:02.601+0000] {logging_mixin.py:149} INFO - [2023-06-08T19:12:02.601+0000] {dag.py:3490} INFO - Setting next_dagrun for dataset_consumes_1_and_2 to None, run_after=None
[2023-06-08T19:12:02.602+0000] {logging_mixin.py:149} INFO - [2023-06-08T19:12:02.602+0000] {dag.py:3490} INFO - Setting next_dagrun for dataset_consumes_1_never_scheduled to None, run_after=None
[2023-06-08T19:12:02.603+0000] {logging_mixin.py:149} INFO - [2023-06-08T19:12:02.603+0000] {dag.py:3490} INFO - Setting next_dagrun for dataset_consumes_unknown_never_scheduled to None, run_after=None
[2023-06-08T19:12:02.605+0000] {logging_mixin.py:149} INFO - [2023-06-08T19:12:02.605+0000] {dag.py:3490} INFO - Setting next_dagrun for dataset_produces_1 to 2023-06-07T00:00:00+00:00, run_after=2023-06-08T00:00:00+00:00
[2023-06-08T19:12:02.606+0000] {logging_mixin.py:149} INFO - [2023-06-08T19:12:02.606+0000] {dag.py:3490} INFO - Setting next_dagrun for dataset_produces_2 to None, run_after=None
[2023-06-08T19:12:02.621+0000] {processor.py:179} INFO - Processing /home/airflow/.local/lib/python3.7/site-packages/airflow/example_dags/example_datasets.py took 0.071 seconds
[2023-06-08T19:12:32.775+0000] {processor.py:157} INFO - Started process (PID=5594) to work on /home/airflow/.local/lib/python3.7/site-packages/airflow/example_dags/example_datasets.py
[2023-06-08T19:12:32.775+0000] {processor.py:826} INFO - Processing file /home/airflow/.local/lib/python3.7/site-packages/airflow/example_dags/example_datasets.py for tasks to queue
[2023-06-08T19:12:32.776+0000] {logging_mixin.py:149} INFO - [2023-06-08T19:12:32.776+0000] {dagbag.py:541} INFO - Filling up the DagBag from /home/airflow/.local/lib/python3.7/site-packages/airflow/example_dags/example_datasets.py
[2023-06-08T19:12:32.783+0000] {processor.py:836} INFO - DAG(s) dict_keys(['dataset_consumes_unknown_never_scheduled', 'dataset_produces_1', 'dataset_consumes_1_and_2', 'dataset_consumes_1_never_scheduled', 'dataset_produces_2', 'dataset_consumes_1']) retrieved from /home/airflow/.local/lib/python3.7/site-packages/airflow/example_dags/example_datasets.py
[2023-06-08T19:12:32.808+0000] {logging_mixin.py:149} INFO - [2023-06-08T19:12:32.808+0000] {dag.py:2726} INFO - Sync 6 DAGs
[2023-06-08T19:12:32.823+0000] {logging_mixin.py:149} INFO - [2023-06-08T19:12:32.823+0000] {dag.py:3490} INFO - Setting next_dagrun for dataset_consumes_1 to None, run_after=None
[2023-06-08T19:12:32.825+0000] {logging_mixin.py:149} INFO - [2023-06-08T19:12:32.825+0000] {dag.py:3490} INFO - Setting next_dagrun for dataset_consumes_1_and_2 to None, run_after=None
[2023-06-08T19:12:32.826+0000] {logging_mixin.py:149} INFO - [2023-06-08T19:12:32.826+0000] {dag.py:3490} INFO - Setting next_dagrun for dataset_consumes_1_never_scheduled to None, run_after=None
[2023-06-08T19:12:32.827+0000] {logging_mixin.py:149} INFO - [2023-06-08T19:12:32.827+0000] {dag.py:3490} INFO - Setting next_dagrun for dataset_consumes_unknown_never_scheduled to None, run_after=None
[2023-06-08T19:12:32.829+0000] {logging_mixin.py:149} INFO - [2023-06-08T19:12:32.829+0000] {dag.py:3490} INFO - Setting next_dagrun for dataset_produces_1 to 2023-06-07T00:00:00+00:00, run_after=2023-06-08T00:00:00+00:00
[2023-06-08T19:12:32.830+0000] {logging_mixin.py:149} INFO - [2023-06-08T19:12:32.830+0000] {dag.py:3490} INFO - Setting next_dagrun for dataset_produces_2 to None, run_after=None
[2023-06-08T19:12:32.846+0000] {processor.py:179} INFO - Processing /home/airflow/.local/lib/python3.7/site-packages/airflow/example_dags/example_datasets.py took 0.074 seconds
[2023-06-08T19:13:03.095+0000] {processor.py:157} INFO - Started process (PID=5831) to work on /home/airflow/.local/lib/python3.7/site-packages/airflow/example_dags/example_datasets.py
[2023-06-08T19:13:03.096+0000] {processor.py:826} INFO - Processing file /home/airflow/.local/lib/python3.7/site-packages/airflow/example_dags/example_datasets.py for tasks to queue
[2023-06-08T19:13:03.096+0000] {logging_mixin.py:149} INFO - [2023-06-08T19:13:03.096+0000] {dagbag.py:541} INFO - Filling up the DagBag from /home/airflow/.local/lib/python3.7/site-packages/airflow/example_dags/example_datasets.py
[2023-06-08T19:13:03.103+0000] {processor.py:836} INFO - DAG(s) dict_keys(['dataset_produces_1', 'dataset_consumes_unknown_never_scheduled', 'dataset_produces_2', 'dataset_consumes_1_and_2', 'dataset_consumes_1_never_scheduled', 'dataset_consumes_1']) retrieved from /home/airflow/.local/lib/python3.7/site-packages/airflow/example_dags/example_datasets.py
[2023-06-08T19:13:03.125+0000] {logging_mixin.py:149} INFO - [2023-06-08T19:13:03.125+0000] {dag.py:2726} INFO - Sync 6 DAGs
[2023-06-08T19:13:03.140+0000] {logging_mixin.py:149} INFO - [2023-06-08T19:13:03.140+0000] {dag.py:3490} INFO - Setting next_dagrun for dataset_consumes_1 to None, run_after=None
[2023-06-08T19:13:03.142+0000] {logging_mixin.py:149} INFO - [2023-06-08T19:13:03.142+0000] {dag.py:3490} INFO - Setting next_dagrun for dataset_consumes_1_and_2 to None, run_after=None
[2023-06-08T19:13:03.143+0000] {logging_mixin.py:149} INFO - [2023-06-08T19:13:03.143+0000] {dag.py:3490} INFO - Setting next_dagrun for dataset_consumes_1_never_scheduled to None, run_after=None
[2023-06-08T19:13:03.145+0000] {logging_mixin.py:149} INFO - [2023-06-08T19:13:03.145+0000] {dag.py:3490} INFO - Setting next_dagrun for dataset_consumes_unknown_never_scheduled to None, run_after=None
[2023-06-08T19:13:03.146+0000] {logging_mixin.py:149} INFO - [2023-06-08T19:13:03.146+0000] {dag.py:3490} INFO - Setting next_dagrun for dataset_produces_1 to 2023-06-07T00:00:00+00:00, run_after=2023-06-08T00:00:00+00:00
[2023-06-08T19:13:03.147+0000] {logging_mixin.py:149} INFO - [2023-06-08T19:13:03.147+0000] {dag.py:3490} INFO - Setting next_dagrun for dataset_produces_2 to None, run_after=None
[2023-06-08T19:13:03.163+0000] {processor.py:179} INFO - Processing /home/airflow/.local/lib/python3.7/site-packages/airflow/example_dags/example_datasets.py took 0.071 seconds
[2023-06-08T19:13:33.488+0000] {processor.py:157} INFO - Started process (PID=6073) to work on /home/airflow/.local/lib/python3.7/site-packages/airflow/example_dags/example_datasets.py
[2023-06-08T19:13:33.489+0000] {processor.py:826} INFO - Processing file /home/airflow/.local/lib/python3.7/site-packages/airflow/example_dags/example_datasets.py for tasks to queue
[2023-06-08T19:13:33.490+0000] {logging_mixin.py:149} INFO - [2023-06-08T19:13:33.490+0000] {dagbag.py:541} INFO - Filling up the DagBag from /home/airflow/.local/lib/python3.7/site-packages/airflow/example_dags/example_datasets.py
[2023-06-08T19:13:33.496+0000] {processor.py:836} INFO - DAG(s) dict_keys(['dataset_consumes_1', 'dataset_produces_2', 'dataset_consumes_1_and_2', 'dataset_consumes_1_never_scheduled', 'dataset_consumes_unknown_never_scheduled', 'dataset_produces_1']) retrieved from /home/airflow/.local/lib/python3.7/site-packages/airflow/example_dags/example_datasets.py
[2023-06-08T19:13:33.519+0000] {logging_mixin.py:149} INFO - [2023-06-08T19:13:33.519+0000] {dag.py:2726} INFO - Sync 6 DAGs
[2023-06-08T19:13:33.535+0000] {logging_mixin.py:149} INFO - [2023-06-08T19:13:33.534+0000] {dag.py:3490} INFO - Setting next_dagrun for dataset_consumes_1 to None, run_after=None
[2023-06-08T19:13:33.537+0000] {logging_mixin.py:149} INFO - [2023-06-08T19:13:33.537+0000] {dag.py:3490} INFO - Setting next_dagrun for dataset_consumes_1_and_2 to None, run_after=None
[2023-06-08T19:13:33.538+0000] {logging_mixin.py:149} INFO - [2023-06-08T19:13:33.538+0000] {dag.py:3490} INFO - Setting next_dagrun for dataset_consumes_1_never_scheduled to None, run_after=None
[2023-06-08T19:13:33.539+0000] {logging_mixin.py:149} INFO - [2023-06-08T19:13:33.539+0000] {dag.py:3490} INFO - Setting next_dagrun for dataset_consumes_unknown_never_scheduled to None, run_after=None
[2023-06-08T19:13:33.540+0000] {logging_mixin.py:149} INFO - [2023-06-08T19:13:33.540+0000] {dag.py:3490} INFO - Setting next_dagrun for dataset_produces_1 to 2023-06-07T00:00:00+00:00, run_after=2023-06-08T00:00:00+00:00
[2023-06-08T19:13:33.541+0000] {logging_mixin.py:149} INFO - [2023-06-08T19:13:33.541+0000] {dag.py:3490} INFO - Setting next_dagrun for dataset_produces_2 to None, run_after=None
[2023-06-08T19:13:33.557+0000] {processor.py:179} INFO - Processing /home/airflow/.local/lib/python3.7/site-packages/airflow/example_dags/example_datasets.py took 0.071 seconds
[2023-06-08T19:14:03.596+0000] {processor.py:157} INFO - Started process (PID=6310) to work on /home/airflow/.local/lib/python3.7/site-packages/airflow/example_dags/example_datasets.py
[2023-06-08T19:14:03.597+0000] {processor.py:826} INFO - Processing file /home/airflow/.local/lib/python3.7/site-packages/airflow/example_dags/example_datasets.py for tasks to queue
[2023-06-08T19:14:03.598+0000] {logging_mixin.py:149} INFO - [2023-06-08T19:14:03.598+0000] {dagbag.py:541} INFO - Filling up the DagBag from /home/airflow/.local/lib/python3.7/site-packages/airflow/example_dags/example_datasets.py
[2023-06-08T19:14:03.604+0000] {processor.py:836} INFO - DAG(s) dict_keys(['dataset_consumes_1', 'dataset_consumes_unknown_never_scheduled', 'dataset_produces_2', 'dataset_consumes_1_never_scheduled', 'dataset_consumes_1_and_2', 'dataset_produces_1']) retrieved from /home/airflow/.local/lib/python3.7/site-packages/airflow/example_dags/example_datasets.py
[2023-06-08T19:14:03.629+0000] {logging_mixin.py:149} INFO - [2023-06-08T19:14:03.628+0000] {dag.py:2726} INFO - Sync 6 DAGs
[2023-06-08T19:14:03.644+0000] {logging_mixin.py:149} INFO - [2023-06-08T19:14:03.644+0000] {dag.py:3490} INFO - Setting next_dagrun for dataset_consumes_1 to None, run_after=None
[2023-06-08T19:14:03.646+0000] {logging_mixin.py:149} INFO - [2023-06-08T19:14:03.646+0000] {dag.py:3490} INFO - Setting next_dagrun for dataset_consumes_1_and_2 to None, run_after=None
[2023-06-08T19:14:03.647+0000] {logging_mixin.py:149} INFO - [2023-06-08T19:14:03.647+0000] {dag.py:3490} INFO - Setting next_dagrun for dataset_consumes_1_never_scheduled to None, run_after=None
[2023-06-08T19:14:03.648+0000] {logging_mixin.py:149} INFO - [2023-06-08T19:14:03.648+0000] {dag.py:3490} INFO - Setting next_dagrun for dataset_consumes_unknown_never_scheduled to None, run_after=None
[2023-06-08T19:14:03.650+0000] {logging_mixin.py:149} INFO - [2023-06-08T19:14:03.650+0000] {dag.py:3490} INFO - Setting next_dagrun for dataset_produces_1 to 2023-06-07T00:00:00+00:00, run_after=2023-06-08T00:00:00+00:00
[2023-06-08T19:14:03.651+0000] {logging_mixin.py:149} INFO - [2023-06-08T19:14:03.651+0000] {dag.py:3490} INFO - Setting next_dagrun for dataset_produces_2 to None, run_after=None
[2023-06-08T19:14:03.668+0000] {processor.py:179} INFO - Processing /home/airflow/.local/lib/python3.7/site-packages/airflow/example_dags/example_datasets.py took 0.074 seconds
[2023-06-08T19:14:33.891+0000] {processor.py:157} INFO - Started process (PID=6543) to work on /home/airflow/.local/lib/python3.7/site-packages/airflow/example_dags/example_datasets.py
[2023-06-08T19:14:33.892+0000] {processor.py:826} INFO - Processing file /home/airflow/.local/lib/python3.7/site-packages/airflow/example_dags/example_datasets.py for tasks to queue
[2023-06-08T19:14:33.893+0000] {logging_mixin.py:149} INFO - [2023-06-08T19:14:33.893+0000] {dagbag.py:541} INFO - Filling up the DagBag from /home/airflow/.local/lib/python3.7/site-packages/airflow/example_dags/example_datasets.py
[2023-06-08T19:14:33.899+0000] {processor.py:836} INFO - DAG(s) dict_keys(['dataset_produces_2', 'dataset_produces_1', 'dataset_consumes_1_never_scheduled', 'dataset_consumes_1', 'dataset_consumes_unknown_never_scheduled', 'dataset_consumes_1_and_2']) retrieved from /home/airflow/.local/lib/python3.7/site-packages/airflow/example_dags/example_datasets.py
[2023-06-08T19:14:33.923+0000] {logging_mixin.py:149} INFO - [2023-06-08T19:14:33.923+0000] {dag.py:2726} INFO - Sync 6 DAGs
[2023-06-08T19:14:33.938+0000] {logging_mixin.py:149} INFO - [2023-06-08T19:14:33.938+0000] {dag.py:3490} INFO - Setting next_dagrun for dataset_consumes_1 to None, run_after=None
[2023-06-08T19:14:33.940+0000] {logging_mixin.py:149} INFO - [2023-06-08T19:14:33.940+0000] {dag.py:3490} INFO - Setting next_dagrun for dataset_consumes_1_and_2 to None, run_after=None
[2023-06-08T19:14:33.941+0000] {logging_mixin.py:149} INFO - [2023-06-08T19:14:33.941+0000] {dag.py:3490} INFO - Setting next_dagrun for dataset_consumes_1_never_scheduled to None, run_after=None
[2023-06-08T19:14:33.942+0000] {logging_mixin.py:149} INFO - [2023-06-08T19:14:33.942+0000] {dag.py:3490} INFO - Setting next_dagrun for dataset_consumes_unknown_never_scheduled to None, run_after=None
[2023-06-08T19:14:33.943+0000] {logging_mixin.py:149} INFO - [2023-06-08T19:14:33.943+0000] {dag.py:3490} INFO - Setting next_dagrun for dataset_produces_1 to 2023-06-07T00:00:00+00:00, run_after=2023-06-08T00:00:00+00:00
[2023-06-08T19:14:33.944+0000] {logging_mixin.py:149} INFO - [2023-06-08T19:14:33.944+0000] {dag.py:3490} INFO - Setting next_dagrun for dataset_produces_2 to None, run_after=None
[2023-06-08T19:14:33.960+0000] {processor.py:179} INFO - Processing /home/airflow/.local/lib/python3.7/site-packages/airflow/example_dags/example_datasets.py took 0.071 seconds
[2023-06-08T19:15:04.025+0000] {processor.py:157} INFO - Started process (PID=6780) to work on /home/airflow/.local/lib/python3.7/site-packages/airflow/example_dags/example_datasets.py
[2023-06-08T19:15:04.026+0000] {processor.py:826} INFO - Processing file /home/airflow/.local/lib/python3.7/site-packages/airflow/example_dags/example_datasets.py for tasks to queue
[2023-06-08T19:15:04.027+0000] {logging_mixin.py:149} INFO - [2023-06-08T19:15:04.027+0000] {dagbag.py:541} INFO - Filling up the DagBag from /home/airflow/.local/lib/python3.7/site-packages/airflow/example_dags/example_datasets.py
[2023-06-08T19:15:04.034+0000] {processor.py:836} INFO - DAG(s) dict_keys(['dataset_consumes_unknown_never_scheduled', 'dataset_produces_1', 'dataset_consumes_1_never_scheduled', 'dataset_produces_2', 'dataset_consumes_1', 'dataset_consumes_1_and_2']) retrieved from /home/airflow/.local/lib/python3.7/site-packages/airflow/example_dags/example_datasets.py
[2023-06-08T19:15:04.056+0000] {logging_mixin.py:149} INFO - [2023-06-08T19:15:04.056+0000] {dag.py:2726} INFO - Sync 6 DAGs
[2023-06-08T19:15:04.071+0000] {logging_mixin.py:149} INFO - [2023-06-08T19:15:04.071+0000] {dag.py:3490} INFO - Setting next_dagrun for dataset_consumes_1 to None, run_after=None
[2023-06-08T19:15:04.073+0000] {logging_mixin.py:149} INFO - [2023-06-08T19:15:04.073+0000] {dag.py:3490} INFO - Setting next_dagrun for dataset_consumes_1_and_2 to None, run_after=None
[2023-06-08T19:15:04.074+0000] {logging_mixin.py:149} INFO - [2023-06-08T19:15:04.074+0000] {dag.py:3490} INFO - Setting next_dagrun for dataset_consumes_1_never_scheduled to None, run_after=None
[2023-06-08T19:15:04.075+0000] {logging_mixin.py:149} INFO - [2023-06-08T19:15:04.075+0000] {dag.py:3490} INFO - Setting next_dagrun for dataset_consumes_unknown_never_scheduled to None, run_after=None
[2023-06-08T19:15:04.077+0000] {logging_mixin.py:149} INFO - [2023-06-08T19:15:04.077+0000] {dag.py:3490} INFO - Setting next_dagrun for dataset_produces_1 to 2023-06-07T00:00:00+00:00, run_after=2023-06-08T00:00:00+00:00
[2023-06-08T19:15:04.078+0000] {logging_mixin.py:149} INFO - [2023-06-08T19:15:04.078+0000] {dag.py:3490} INFO - Setting next_dagrun for dataset_produces_2 to None, run_after=None
[2023-06-08T19:15:04.094+0000] {processor.py:179} INFO - Processing /home/airflow/.local/lib/python3.7/site-packages/airflow/example_dags/example_datasets.py took 0.071 seconds
