[2023-06-08T19:01:24.534+0000] {processor.py:157} INFO - Started process (PID=204) to work on /home/airflow/.local/lib/python3.7/site-packages/airflow/example_dags/example_branch_labels.py
[2023-06-08T19:01:24.535+0000] {processor.py:826} INFO - Processing file /home/airflow/.local/lib/python3.7/site-packages/airflow/example_dags/example_branch_labels.py for tasks to queue
[2023-06-08T19:01:24.536+0000] {logging_mixin.py:149} INFO - [2023-06-08T19:01:24.536+0000] {dagbag.py:541} INFO - Filling up the DagBag from /home/airflow/.local/lib/python3.7/site-packages/airflow/example_dags/example_branch_labels.py
[2023-06-08T19:01:24.543+0000] {processor.py:836} INFO - DAG(s) dict_keys(['example_branch_labels']) retrieved from /home/airflow/.local/lib/python3.7/site-packages/airflow/example_dags/example_branch_labels.py
[2023-06-08T19:01:24.553+0000] {logging_mixin.py:149} INFO - [2023-06-08T19:01:24.553+0000] {dag.py:2726} INFO - Sync 1 DAGs
[2023-06-08T19:01:24.570+0000] {logging_mixin.py:149} INFO - [2023-06-08T19:01:24.570+0000] {dag.py:3490} INFO - Setting next_dagrun for example_branch_labels to 2023-06-07T00:00:00+00:00, run_after=2023-06-08T00:00:00+00:00
[2023-06-08T19:01:24.579+0000] {processor.py:179} INFO - Processing /home/airflow/.local/lib/python3.7/site-packages/airflow/example_dags/example_branch_labels.py took 0.047 seconds
[2023-06-08T19:01:55.527+0000] {processor.py:157} INFO - Started process (PID=439) to work on /home/airflow/.local/lib/python3.7/site-packages/airflow/example_dags/example_branch_labels.py
[2023-06-08T19:01:55.528+0000] {processor.py:826} INFO - Processing file /home/airflow/.local/lib/python3.7/site-packages/airflow/example_dags/example_branch_labels.py for tasks to queue
[2023-06-08T19:01:55.528+0000] {logging_mixin.py:149} INFO - [2023-06-08T19:01:55.528+0000] {dagbag.py:541} INFO - Filling up the DagBag from /home/airflow/.local/lib/python3.7/site-packages/airflow/example_dags/example_branch_labels.py
[2023-06-08T19:01:55.534+0000] {processor.py:836} INFO - DAG(s) dict_keys(['example_branch_labels']) retrieved from /home/airflow/.local/lib/python3.7/site-packages/airflow/example_dags/example_branch_labels.py
[2023-06-08T19:01:55.552+0000] {logging_mixin.py:149} INFO - [2023-06-08T19:01:55.552+0000] {dag.py:2726} INFO - Sync 1 DAGs
[2023-06-08T19:01:55.640+0000] {logging_mixin.py:149} INFO - [2023-06-08T19:01:55.640+0000] {dag.py:3490} INFO - Setting next_dagrun for example_branch_labels to 2023-06-07T00:00:00+00:00, run_after=2023-06-08T00:00:00+00:00
[2023-06-08T19:01:55.650+0000] {processor.py:179} INFO - Processing /home/airflow/.local/lib/python3.7/site-packages/airflow/example_dags/example_branch_labels.py took 0.126 seconds
[2023-06-08T19:02:25.705+0000] {processor.py:157} INFO - Started process (PID=678) to work on /home/airflow/.local/lib/python3.7/site-packages/airflow/example_dags/example_branch_labels.py
[2023-06-08T19:02:25.707+0000] {processor.py:826} INFO - Processing file /home/airflow/.local/lib/python3.7/site-packages/airflow/example_dags/example_branch_labels.py for tasks to queue
[2023-06-08T19:02:25.708+0000] {logging_mixin.py:149} INFO - [2023-06-08T19:02:25.708+0000] {dagbag.py:541} INFO - Filling up the DagBag from /home/airflow/.local/lib/python3.7/site-packages/airflow/example_dags/example_branch_labels.py
[2023-06-08T19:02:25.712+0000] {processor.py:836} INFO - DAG(s) dict_keys(['example_branch_labels']) retrieved from /home/airflow/.local/lib/python3.7/site-packages/airflow/example_dags/example_branch_labels.py
[2023-06-08T19:02:25.730+0000] {logging_mixin.py:149} INFO - [2023-06-08T19:02:25.729+0000] {dag.py:2726} INFO - Sync 1 DAGs
[2023-06-08T19:02:25.744+0000] {logging_mixin.py:149} INFO - [2023-06-08T19:02:25.744+0000] {dag.py:3490} INFO - Setting next_dagrun for example_branch_labels to 2023-06-07T00:00:00+00:00, run_after=2023-06-08T00:00:00+00:00
[2023-06-08T19:02:25.754+0000] {processor.py:179} INFO - Processing /home/airflow/.local/lib/python3.7/site-packages/airflow/example_dags/example_branch_labels.py took 0.050 seconds
[2023-06-08T19:02:55.899+0000] {processor.py:157} INFO - Started process (PID=961) to work on /home/airflow/.local/lib/python3.7/site-packages/airflow/example_dags/example_branch_labels.py
[2023-06-08T19:02:55.901+0000] {processor.py:826} INFO - Processing file /home/airflow/.local/lib/python3.7/site-packages/airflow/example_dags/example_branch_labels.py for tasks to queue
[2023-06-08T19:02:55.901+0000] {logging_mixin.py:149} INFO - [2023-06-08T19:02:55.901+0000] {dagbag.py:541} INFO - Filling up the DagBag from /home/airflow/.local/lib/python3.7/site-packages/airflow/example_dags/example_branch_labels.py
[2023-06-08T19:02:55.907+0000] {processor.py:836} INFO - DAG(s) dict_keys(['example_branch_labels']) retrieved from /home/airflow/.local/lib/python3.7/site-packages/airflow/example_dags/example_branch_labels.py
[2023-06-08T19:02:55.924+0000] {logging_mixin.py:149} INFO - [2023-06-08T19:02:55.924+0000] {dag.py:2726} INFO - Sync 1 DAGs
[2023-06-08T19:02:55.939+0000] {logging_mixin.py:149} INFO - [2023-06-08T19:02:55.939+0000] {dag.py:3490} INFO - Setting next_dagrun for example_branch_labels to 2023-06-07T00:00:00+00:00, run_after=2023-06-08T00:00:00+00:00
[2023-06-08T19:02:55.948+0000] {processor.py:179} INFO - Processing /home/airflow/.local/lib/python3.7/site-packages/airflow/example_dags/example_branch_labels.py took 0.051 seconds
[2023-06-08T19:03:26.169+0000] {processor.py:157} INFO - Started process (PID=1246) to work on /home/airflow/.local/lib/python3.7/site-packages/airflow/example_dags/example_branch_labels.py
[2023-06-08T19:03:26.170+0000] {processor.py:826} INFO - Processing file /home/airflow/.local/lib/python3.7/site-packages/airflow/example_dags/example_branch_labels.py for tasks to queue
[2023-06-08T19:03:26.171+0000] {logging_mixin.py:149} INFO - [2023-06-08T19:03:26.171+0000] {dagbag.py:541} INFO - Filling up the DagBag from /home/airflow/.local/lib/python3.7/site-packages/airflow/example_dags/example_branch_labels.py
[2023-06-08T19:03:26.176+0000] {processor.py:836} INFO - DAG(s) dict_keys(['example_branch_labels']) retrieved from /home/airflow/.local/lib/python3.7/site-packages/airflow/example_dags/example_branch_labels.py
[2023-06-08T19:03:26.193+0000] {logging_mixin.py:149} INFO - [2023-06-08T19:03:26.193+0000] {dag.py:2726} INFO - Sync 1 DAGs
[2023-06-08T19:03:26.207+0000] {logging_mixin.py:149} INFO - [2023-06-08T19:03:26.207+0000] {dag.py:3490} INFO - Setting next_dagrun for example_branch_labels to 2023-06-07T00:00:00+00:00, run_after=2023-06-08T00:00:00+00:00
[2023-06-08T19:03:26.216+0000] {processor.py:179} INFO - Processing /home/airflow/.local/lib/python3.7/site-packages/airflow/example_dags/example_branch_labels.py took 0.049 seconds
[2023-06-08T19:03:56.401+0000] {processor.py:157} INFO - Started process (PID=1484) to work on /home/airflow/.local/lib/python3.7/site-packages/airflow/example_dags/example_branch_labels.py
[2023-06-08T19:03:56.402+0000] {processor.py:826} INFO - Processing file /home/airflow/.local/lib/python3.7/site-packages/airflow/example_dags/example_branch_labels.py for tasks to queue
[2023-06-08T19:03:56.403+0000] {logging_mixin.py:149} INFO - [2023-06-08T19:03:56.403+0000] {dagbag.py:541} INFO - Filling up the DagBag from /home/airflow/.local/lib/python3.7/site-packages/airflow/example_dags/example_branch_labels.py
[2023-06-08T19:03:56.408+0000] {processor.py:836} INFO - DAG(s) dict_keys(['example_branch_labels']) retrieved from /home/airflow/.local/lib/python3.7/site-packages/airflow/example_dags/example_branch_labels.py
[2023-06-08T19:03:56.426+0000] {logging_mixin.py:149} INFO - [2023-06-08T19:03:56.426+0000] {dag.py:2726} INFO - Sync 1 DAGs
[2023-06-08T19:03:56.442+0000] {logging_mixin.py:149} INFO - [2023-06-08T19:03:56.442+0000] {dag.py:3490} INFO - Setting next_dagrun for example_branch_labels to 2023-06-07T00:00:00+00:00, run_after=2023-06-08T00:00:00+00:00
[2023-06-08T19:03:56.452+0000] {processor.py:179} INFO - Processing /home/airflow/.local/lib/python3.7/site-packages/airflow/example_dags/example_branch_labels.py took 0.053 seconds
[2023-06-08T19:04:26.594+0000] {processor.py:157} INFO - Started process (PID=1721) to work on /home/airflow/.local/lib/python3.7/site-packages/airflow/example_dags/example_branch_labels.py
[2023-06-08T19:04:26.595+0000] {processor.py:826} INFO - Processing file /home/airflow/.local/lib/python3.7/site-packages/airflow/example_dags/example_branch_labels.py for tasks to queue
[2023-06-08T19:04:26.595+0000] {logging_mixin.py:149} INFO - [2023-06-08T19:04:26.595+0000] {dagbag.py:541} INFO - Filling up the DagBag from /home/airflow/.local/lib/python3.7/site-packages/airflow/example_dags/example_branch_labels.py
[2023-06-08T19:04:26.601+0000] {processor.py:836} INFO - DAG(s) dict_keys(['example_branch_labels']) retrieved from /home/airflow/.local/lib/python3.7/site-packages/airflow/example_dags/example_branch_labels.py
[2023-06-08T19:04:26.619+0000] {logging_mixin.py:149} INFO - [2023-06-08T19:04:26.619+0000] {dag.py:2726} INFO - Sync 1 DAGs
[2023-06-08T19:04:26.635+0000] {logging_mixin.py:149} INFO - [2023-06-08T19:04:26.634+0000] {dag.py:3490} INFO - Setting next_dagrun for example_branch_labels to 2023-06-07T00:00:00+00:00, run_after=2023-06-08T00:00:00+00:00
[2023-06-08T19:04:26.644+0000] {processor.py:179} INFO - Processing /home/airflow/.local/lib/python3.7/site-packages/airflow/example_dags/example_branch_labels.py took 0.053 seconds
[2023-06-08T19:04:56.927+0000] {processor.py:157} INFO - Started process (PID=1958) to work on /home/airflow/.local/lib/python3.7/site-packages/airflow/example_dags/example_branch_labels.py
[2023-06-08T19:04:56.928+0000] {processor.py:826} INFO - Processing file /home/airflow/.local/lib/python3.7/site-packages/airflow/example_dags/example_branch_labels.py for tasks to queue
[2023-06-08T19:04:56.929+0000] {logging_mixin.py:149} INFO - [2023-06-08T19:04:56.929+0000] {dagbag.py:541} INFO - Filling up the DagBag from /home/airflow/.local/lib/python3.7/site-packages/airflow/example_dags/example_branch_labels.py
[2023-06-08T19:04:56.934+0000] {processor.py:836} INFO - DAG(s) dict_keys(['example_branch_labels']) retrieved from /home/airflow/.local/lib/python3.7/site-packages/airflow/example_dags/example_branch_labels.py
[2023-06-08T19:04:56.952+0000] {logging_mixin.py:149} INFO - [2023-06-08T19:04:56.952+0000] {dag.py:2726} INFO - Sync 1 DAGs
[2023-06-08T19:04:56.968+0000] {logging_mixin.py:149} INFO - [2023-06-08T19:04:56.968+0000] {dag.py:3490} INFO - Setting next_dagrun for example_branch_labels to 2023-06-07T00:00:00+00:00, run_after=2023-06-08T00:00:00+00:00
[2023-06-08T19:04:56.978+0000] {processor.py:179} INFO - Processing /home/airflow/.local/lib/python3.7/site-packages/airflow/example_dags/example_branch_labels.py took 0.053 seconds
[2023-06-08T19:05:27.183+0000] {processor.py:157} INFO - Started process (PID=2195) to work on /home/airflow/.local/lib/python3.7/site-packages/airflow/example_dags/example_branch_labels.py
[2023-06-08T19:05:27.184+0000] {processor.py:826} INFO - Processing file /home/airflow/.local/lib/python3.7/site-packages/airflow/example_dags/example_branch_labels.py for tasks to queue
[2023-06-08T19:05:27.184+0000] {logging_mixin.py:149} INFO - [2023-06-08T19:05:27.184+0000] {dagbag.py:541} INFO - Filling up the DagBag from /home/airflow/.local/lib/python3.7/site-packages/airflow/example_dags/example_branch_labels.py
[2023-06-08T19:05:27.189+0000] {processor.py:836} INFO - DAG(s) dict_keys(['example_branch_labels']) retrieved from /home/airflow/.local/lib/python3.7/site-packages/airflow/example_dags/example_branch_labels.py
[2023-06-08T19:05:27.207+0000] {logging_mixin.py:149} INFO - [2023-06-08T19:05:27.207+0000] {dag.py:2726} INFO - Sync 1 DAGs
[2023-06-08T19:05:27.223+0000] {logging_mixin.py:149} INFO - [2023-06-08T19:05:27.222+0000] {dag.py:3490} INFO - Setting next_dagrun for example_branch_labels to 2023-06-07T00:00:00+00:00, run_after=2023-06-08T00:00:00+00:00
[2023-06-08T19:05:27.232+0000] {processor.py:179} INFO - Processing /home/airflow/.local/lib/python3.7/site-packages/airflow/example_dags/example_branch_labels.py took 0.052 seconds
[2023-06-08T19:05:57.529+0000] {processor.py:157} INFO - Started process (PID=2432) to work on /home/airflow/.local/lib/python3.7/site-packages/airflow/example_dags/example_branch_labels.py
[2023-06-08T19:05:57.531+0000] {processor.py:826} INFO - Processing file /home/airflow/.local/lib/python3.7/site-packages/airflow/example_dags/example_branch_labels.py for tasks to queue
[2023-06-08T19:05:57.531+0000] {logging_mixin.py:149} INFO - [2023-06-08T19:05:57.531+0000] {dagbag.py:541} INFO - Filling up the DagBag from /home/airflow/.local/lib/python3.7/site-packages/airflow/example_dags/example_branch_labels.py
[2023-06-08T19:05:57.536+0000] {processor.py:836} INFO - DAG(s) dict_keys(['example_branch_labels']) retrieved from /home/airflow/.local/lib/python3.7/site-packages/airflow/example_dags/example_branch_labels.py
[2023-06-08T19:05:57.554+0000] {logging_mixin.py:149} INFO - [2023-06-08T19:05:57.554+0000] {dag.py:2726} INFO - Sync 1 DAGs
[2023-06-08T19:05:57.570+0000] {logging_mixin.py:149} INFO - [2023-06-08T19:05:57.570+0000] {dag.py:3490} INFO - Setting next_dagrun for example_branch_labels to 2023-06-07T00:00:00+00:00, run_after=2023-06-08T00:00:00+00:00
[2023-06-08T19:05:57.582+0000] {processor.py:179} INFO - Processing /home/airflow/.local/lib/python3.7/site-packages/airflow/example_dags/example_branch_labels.py took 0.055 seconds
[2023-06-08T19:06:27.856+0000] {processor.py:157} INFO - Started process (PID=2669) to work on /home/airflow/.local/lib/python3.7/site-packages/airflow/example_dags/example_branch_labels.py
[2023-06-08T19:06:27.857+0000] {processor.py:826} INFO - Processing file /home/airflow/.local/lib/python3.7/site-packages/airflow/example_dags/example_branch_labels.py for tasks to queue
[2023-06-08T19:06:27.858+0000] {logging_mixin.py:149} INFO - [2023-06-08T19:06:27.858+0000] {dagbag.py:541} INFO - Filling up the DagBag from /home/airflow/.local/lib/python3.7/site-packages/airflow/example_dags/example_branch_labels.py
[2023-06-08T19:06:27.864+0000] {processor.py:836} INFO - DAG(s) dict_keys(['example_branch_labels']) retrieved from /home/airflow/.local/lib/python3.7/site-packages/airflow/example_dags/example_branch_labels.py
[2023-06-08T19:06:27.882+0000] {logging_mixin.py:149} INFO - [2023-06-08T19:06:27.882+0000] {dag.py:2726} INFO - Sync 1 DAGs
[2023-06-08T19:06:27.897+0000] {logging_mixin.py:149} INFO - [2023-06-08T19:06:27.897+0000] {dag.py:3490} INFO - Setting next_dagrun for example_branch_labels to 2023-06-07T00:00:00+00:00, run_after=2023-06-08T00:00:00+00:00
[2023-06-08T19:06:27.906+0000] {processor.py:179} INFO - Processing /home/airflow/.local/lib/python3.7/site-packages/airflow/example_dags/example_branch_labels.py took 0.053 seconds
[2023-06-08T19:06:58.115+0000] {processor.py:157} INFO - Started process (PID=2906) to work on /home/airflow/.local/lib/python3.7/site-packages/airflow/example_dags/example_branch_labels.py
[2023-06-08T19:06:58.116+0000] {processor.py:826} INFO - Processing file /home/airflow/.local/lib/python3.7/site-packages/airflow/example_dags/example_branch_labels.py for tasks to queue
[2023-06-08T19:06:58.117+0000] {logging_mixin.py:149} INFO - [2023-06-08T19:06:58.117+0000] {dagbag.py:541} INFO - Filling up the DagBag from /home/airflow/.local/lib/python3.7/site-packages/airflow/example_dags/example_branch_labels.py
[2023-06-08T19:06:58.122+0000] {processor.py:836} INFO - DAG(s) dict_keys(['example_branch_labels']) retrieved from /home/airflow/.local/lib/python3.7/site-packages/airflow/example_dags/example_branch_labels.py
[2023-06-08T19:06:58.140+0000] {logging_mixin.py:149} INFO - [2023-06-08T19:06:58.140+0000] {dag.py:2726} INFO - Sync 1 DAGs
[2023-06-08T19:06:58.154+0000] {logging_mixin.py:149} INFO - [2023-06-08T19:06:58.154+0000] {dag.py:3490} INFO - Setting next_dagrun for example_branch_labels to 2023-06-07T00:00:00+00:00, run_after=2023-06-08T00:00:00+00:00
[2023-06-08T19:06:58.164+0000] {processor.py:179} INFO - Processing /home/airflow/.local/lib/python3.7/site-packages/airflow/example_dags/example_branch_labels.py took 0.051 seconds
[2023-06-08T19:07:28.442+0000] {processor.py:157} INFO - Started process (PID=3143) to work on /home/airflow/.local/lib/python3.7/site-packages/airflow/example_dags/example_branch_labels.py
[2023-06-08T19:07:28.443+0000] {processor.py:826} INFO - Processing file /home/airflow/.local/lib/python3.7/site-packages/airflow/example_dags/example_branch_labels.py for tasks to queue
[2023-06-08T19:07:28.444+0000] {logging_mixin.py:149} INFO - [2023-06-08T19:07:28.444+0000] {dagbag.py:541} INFO - Filling up the DagBag from /home/airflow/.local/lib/python3.7/site-packages/airflow/example_dags/example_branch_labels.py
[2023-06-08T19:07:28.449+0000] {processor.py:836} INFO - DAG(s) dict_keys(['example_branch_labels']) retrieved from /home/airflow/.local/lib/python3.7/site-packages/airflow/example_dags/example_branch_labels.py
[2023-06-08T19:07:28.467+0000] {logging_mixin.py:149} INFO - [2023-06-08T19:07:28.467+0000] {dag.py:2726} INFO - Sync 1 DAGs
[2023-06-08T19:07:28.482+0000] {logging_mixin.py:149} INFO - [2023-06-08T19:07:28.482+0000] {dag.py:3490} INFO - Setting next_dagrun for example_branch_labels to 2023-06-07T00:00:00+00:00, run_after=2023-06-08T00:00:00+00:00
[2023-06-08T19:07:28.490+0000] {processor.py:179} INFO - Processing /home/airflow/.local/lib/python3.7/site-packages/airflow/example_dags/example_branch_labels.py took 0.051 seconds
[2023-06-08T19:07:58.740+0000] {processor.py:157} INFO - Started process (PID=3380) to work on /home/airflow/.local/lib/python3.7/site-packages/airflow/example_dags/example_branch_labels.py
[2023-06-08T19:07:58.741+0000] {processor.py:826} INFO - Processing file /home/airflow/.local/lib/python3.7/site-packages/airflow/example_dags/example_branch_labels.py for tasks to queue
[2023-06-08T19:07:58.742+0000] {logging_mixin.py:149} INFO - [2023-06-08T19:07:58.742+0000] {dagbag.py:541} INFO - Filling up the DagBag from /home/airflow/.local/lib/python3.7/site-packages/airflow/example_dags/example_branch_labels.py
[2023-06-08T19:07:58.747+0000] {processor.py:836} INFO - DAG(s) dict_keys(['example_branch_labels']) retrieved from /home/airflow/.local/lib/python3.7/site-packages/airflow/example_dags/example_branch_labels.py
[2023-06-08T19:07:58.765+0000] {logging_mixin.py:149} INFO - [2023-06-08T19:07:58.765+0000] {dag.py:2726} INFO - Sync 1 DAGs
[2023-06-08T19:07:58.782+0000] {logging_mixin.py:149} INFO - [2023-06-08T19:07:58.781+0000] {dag.py:3490} INFO - Setting next_dagrun for example_branch_labels to 2023-06-07T00:00:00+00:00, run_after=2023-06-08T00:00:00+00:00
[2023-06-08T19:07:58.790+0000] {processor.py:179} INFO - Processing /home/airflow/.local/lib/python3.7/site-packages/airflow/example_dags/example_branch_labels.py took 0.052 seconds
[2023-06-08T19:08:29.011+0000] {processor.py:157} INFO - Started process (PID=3617) to work on /home/airflow/.local/lib/python3.7/site-packages/airflow/example_dags/example_branch_labels.py
[2023-06-08T19:08:29.013+0000] {processor.py:826} INFO - Processing file /home/airflow/.local/lib/python3.7/site-packages/airflow/example_dags/example_branch_labels.py for tasks to queue
[2023-06-08T19:08:29.013+0000] {logging_mixin.py:149} INFO - [2023-06-08T19:08:29.013+0000] {dagbag.py:541} INFO - Filling up the DagBag from /home/airflow/.local/lib/python3.7/site-packages/airflow/example_dags/example_branch_labels.py
[2023-06-08T19:08:29.018+0000] {processor.py:836} INFO - DAG(s) dict_keys(['example_branch_labels']) retrieved from /home/airflow/.local/lib/python3.7/site-packages/airflow/example_dags/example_branch_labels.py
[2023-06-08T19:08:29.035+0000] {logging_mixin.py:149} INFO - [2023-06-08T19:08:29.035+0000] {dag.py:2726} INFO - Sync 1 DAGs
[2023-06-08T19:08:29.050+0000] {logging_mixin.py:149} INFO - [2023-06-08T19:08:29.050+0000] {dag.py:3490} INFO - Setting next_dagrun for example_branch_labels to 2023-06-07T00:00:00+00:00, run_after=2023-06-08T00:00:00+00:00
[2023-06-08T19:08:29.059+0000] {processor.py:179} INFO - Processing /home/airflow/.local/lib/python3.7/site-packages/airflow/example_dags/example_branch_labels.py took 0.050 seconds
[2023-06-08T19:08:59.370+0000] {processor.py:157} INFO - Started process (PID=3854) to work on /home/airflow/.local/lib/python3.7/site-packages/airflow/example_dags/example_branch_labels.py
[2023-06-08T19:08:59.372+0000] {processor.py:826} INFO - Processing file /home/airflow/.local/lib/python3.7/site-packages/airflow/example_dags/example_branch_labels.py for tasks to queue
[2023-06-08T19:08:59.372+0000] {logging_mixin.py:149} INFO - [2023-06-08T19:08:59.372+0000] {dagbag.py:541} INFO - Filling up the DagBag from /home/airflow/.local/lib/python3.7/site-packages/airflow/example_dags/example_branch_labels.py
[2023-06-08T19:08:59.377+0000] {processor.py:836} INFO - DAG(s) dict_keys(['example_branch_labels']) retrieved from /home/airflow/.local/lib/python3.7/site-packages/airflow/example_dags/example_branch_labels.py
[2023-06-08T19:08:59.395+0000] {logging_mixin.py:149} INFO - [2023-06-08T19:08:59.395+0000] {dag.py:2726} INFO - Sync 1 DAGs
[2023-06-08T19:08:59.411+0000] {logging_mixin.py:149} INFO - [2023-06-08T19:08:59.411+0000] {dag.py:3490} INFO - Setting next_dagrun for example_branch_labels to 2023-06-07T00:00:00+00:00, run_after=2023-06-08T00:00:00+00:00
[2023-06-08T19:08:59.420+0000] {processor.py:179} INFO - Processing /home/airflow/.local/lib/python3.7/site-packages/airflow/example_dags/example_branch_labels.py took 0.052 seconds
[2023-06-08T19:09:29.553+0000] {processor.py:157} INFO - Started process (PID=4091) to work on /home/airflow/.local/lib/python3.7/site-packages/airflow/example_dags/example_branch_labels.py
[2023-06-08T19:09:29.554+0000] {processor.py:826} INFO - Processing file /home/airflow/.local/lib/python3.7/site-packages/airflow/example_dags/example_branch_labels.py for tasks to queue
[2023-06-08T19:09:29.555+0000] {logging_mixin.py:149} INFO - [2023-06-08T19:09:29.555+0000] {dagbag.py:541} INFO - Filling up the DagBag from /home/airflow/.local/lib/python3.7/site-packages/airflow/example_dags/example_branch_labels.py
[2023-06-08T19:09:29.560+0000] {processor.py:836} INFO - DAG(s) dict_keys(['example_branch_labels']) retrieved from /home/airflow/.local/lib/python3.7/site-packages/airflow/example_dags/example_branch_labels.py
[2023-06-08T19:09:29.578+0000] {logging_mixin.py:149} INFO - [2023-06-08T19:09:29.577+0000] {dag.py:2726} INFO - Sync 1 DAGs
[2023-06-08T19:09:29.593+0000] {logging_mixin.py:149} INFO - [2023-06-08T19:09:29.593+0000] {dag.py:3490} INFO - Setting next_dagrun for example_branch_labels to 2023-06-07T00:00:00+00:00, run_after=2023-06-08T00:00:00+00:00
[2023-06-08T19:09:29.602+0000] {processor.py:179} INFO - Processing /home/airflow/.local/lib/python3.7/site-packages/airflow/example_dags/example_branch_labels.py took 0.052 seconds
[2023-06-08T19:09:59.783+0000] {processor.py:157} INFO - Started process (PID=4328) to work on /home/airflow/.local/lib/python3.7/site-packages/airflow/example_dags/example_branch_labels.py
[2023-06-08T19:09:59.784+0000] {processor.py:826} INFO - Processing file /home/airflow/.local/lib/python3.7/site-packages/airflow/example_dags/example_branch_labels.py for tasks to queue
[2023-06-08T19:09:59.785+0000] {logging_mixin.py:149} INFO - [2023-06-08T19:09:59.785+0000] {dagbag.py:541} INFO - Filling up the DagBag from /home/airflow/.local/lib/python3.7/site-packages/airflow/example_dags/example_branch_labels.py
[2023-06-08T19:09:59.790+0000] {processor.py:836} INFO - DAG(s) dict_keys(['example_branch_labels']) retrieved from /home/airflow/.local/lib/python3.7/site-packages/airflow/example_dags/example_branch_labels.py
[2023-06-08T19:09:59.808+0000] {logging_mixin.py:149} INFO - [2023-06-08T19:09:59.808+0000] {dag.py:2726} INFO - Sync 1 DAGs
[2023-06-08T19:09:59.823+0000] {logging_mixin.py:149} INFO - [2023-06-08T19:09:59.823+0000] {dag.py:3490} INFO - Setting next_dagrun for example_branch_labels to 2023-06-07T00:00:00+00:00, run_after=2023-06-08T00:00:00+00:00
[2023-06-08T19:09:59.833+0000] {processor.py:179} INFO - Processing /home/airflow/.local/lib/python3.7/site-packages/airflow/example_dags/example_branch_labels.py took 0.053 seconds
[2023-06-08T19:10:30.093+0000] {processor.py:157} INFO - Started process (PID=4565) to work on /home/airflow/.local/lib/python3.7/site-packages/airflow/example_dags/example_branch_labels.py
[2023-06-08T19:10:30.095+0000] {processor.py:826} INFO - Processing file /home/airflow/.local/lib/python3.7/site-packages/airflow/example_dags/example_branch_labels.py for tasks to queue
[2023-06-08T19:10:30.095+0000] {logging_mixin.py:149} INFO - [2023-06-08T19:10:30.095+0000] {dagbag.py:541} INFO - Filling up the DagBag from /home/airflow/.local/lib/python3.7/site-packages/airflow/example_dags/example_branch_labels.py
[2023-06-08T19:10:30.100+0000] {processor.py:836} INFO - DAG(s) dict_keys(['example_branch_labels']) retrieved from /home/airflow/.local/lib/python3.7/site-packages/airflow/example_dags/example_branch_labels.py
[2023-06-08T19:10:30.119+0000] {logging_mixin.py:149} INFO - [2023-06-08T19:10:30.118+0000] {dag.py:2726} INFO - Sync 1 DAGs
[2023-06-08T19:10:30.136+0000] {logging_mixin.py:149} INFO - [2023-06-08T19:10:30.136+0000] {dag.py:3490} INFO - Setting next_dagrun for example_branch_labels to 2023-06-07T00:00:00+00:00, run_after=2023-06-08T00:00:00+00:00
[2023-06-08T19:10:30.145+0000] {processor.py:179} INFO - Processing /home/airflow/.local/lib/python3.7/site-packages/airflow/example_dags/example_branch_labels.py took 0.054 seconds
[2023-06-08T19:11:00.340+0000] {processor.py:157} INFO - Started process (PID=4802) to work on /home/airflow/.local/lib/python3.7/site-packages/airflow/example_dags/example_branch_labels.py
[2023-06-08T19:11:00.341+0000] {processor.py:826} INFO - Processing file /home/airflow/.local/lib/python3.7/site-packages/airflow/example_dags/example_branch_labels.py for tasks to queue
[2023-06-08T19:11:00.341+0000] {logging_mixin.py:149} INFO - [2023-06-08T19:11:00.341+0000] {dagbag.py:541} INFO - Filling up the DagBag from /home/airflow/.local/lib/python3.7/site-packages/airflow/example_dags/example_branch_labels.py
[2023-06-08T19:11:00.346+0000] {processor.py:836} INFO - DAG(s) dict_keys(['example_branch_labels']) retrieved from /home/airflow/.local/lib/python3.7/site-packages/airflow/example_dags/example_branch_labels.py
[2023-06-08T19:11:00.365+0000] {logging_mixin.py:149} INFO - [2023-06-08T19:11:00.365+0000] {dag.py:2726} INFO - Sync 1 DAGs
[2023-06-08T19:11:00.381+0000] {logging_mixin.py:149} INFO - [2023-06-08T19:11:00.381+0000] {dag.py:3490} INFO - Setting next_dagrun for example_branch_labels to 2023-06-07T00:00:00+00:00, run_after=2023-06-08T00:00:00+00:00
[2023-06-08T19:11:00.390+0000] {processor.py:179} INFO - Processing /home/airflow/.local/lib/python3.7/site-packages/airflow/example_dags/example_branch_labels.py took 0.053 seconds
[2023-06-08T19:11:30.669+0000] {processor.py:157} INFO - Started process (PID=5039) to work on /home/airflow/.local/lib/python3.7/site-packages/airflow/example_dags/example_branch_labels.py
[2023-06-08T19:11:30.670+0000] {processor.py:826} INFO - Processing file /home/airflow/.local/lib/python3.7/site-packages/airflow/example_dags/example_branch_labels.py for tasks to queue
[2023-06-08T19:11:30.670+0000] {logging_mixin.py:149} INFO - [2023-06-08T19:11:30.670+0000] {dagbag.py:541} INFO - Filling up the DagBag from /home/airflow/.local/lib/python3.7/site-packages/airflow/example_dags/example_branch_labels.py
[2023-06-08T19:11:30.676+0000] {processor.py:836} INFO - DAG(s) dict_keys(['example_branch_labels']) retrieved from /home/airflow/.local/lib/python3.7/site-packages/airflow/example_dags/example_branch_labels.py
[2023-06-08T19:11:30.694+0000] {logging_mixin.py:149} INFO - [2023-06-08T19:11:30.694+0000] {dag.py:2726} INFO - Sync 1 DAGs
[2023-06-08T19:11:30.710+0000] {logging_mixin.py:149} INFO - [2023-06-08T19:11:30.710+0000] {dag.py:3490} INFO - Setting next_dagrun for example_branch_labels to 2023-06-07T00:00:00+00:00, run_after=2023-06-08T00:00:00+00:00
[2023-06-08T19:11:30.719+0000] {processor.py:179} INFO - Processing /home/airflow/.local/lib/python3.7/site-packages/airflow/example_dags/example_branch_labels.py took 0.053 seconds
[2023-06-08T19:12:00.868+0000] {processor.py:157} INFO - Started process (PID=5276) to work on /home/airflow/.local/lib/python3.7/site-packages/airflow/example_dags/example_branch_labels.py
[2023-06-08T19:12:00.869+0000] {processor.py:826} INFO - Processing file /home/airflow/.local/lib/python3.7/site-packages/airflow/example_dags/example_branch_labels.py for tasks to queue
[2023-06-08T19:12:00.870+0000] {logging_mixin.py:149} INFO - [2023-06-08T19:12:00.870+0000] {dagbag.py:541} INFO - Filling up the DagBag from /home/airflow/.local/lib/python3.7/site-packages/airflow/example_dags/example_branch_labels.py
[2023-06-08T19:12:00.874+0000] {processor.py:836} INFO - DAG(s) dict_keys(['example_branch_labels']) retrieved from /home/airflow/.local/lib/python3.7/site-packages/airflow/example_dags/example_branch_labels.py
[2023-06-08T19:12:00.893+0000] {logging_mixin.py:149} INFO - [2023-06-08T19:12:00.893+0000] {dag.py:2726} INFO - Sync 1 DAGs
[2023-06-08T19:12:00.908+0000] {logging_mixin.py:149} INFO - [2023-06-08T19:12:00.908+0000] {dag.py:3490} INFO - Setting next_dagrun for example_branch_labels to 2023-06-07T00:00:00+00:00, run_after=2023-06-08T00:00:00+00:00
[2023-06-08T19:12:00.919+0000] {processor.py:179} INFO - Processing /home/airflow/.local/lib/python3.7/site-packages/airflow/example_dags/example_branch_labels.py took 0.053 seconds
[2023-06-08T19:12:31.148+0000] {processor.py:157} INFO - Started process (PID=5514) to work on /home/airflow/.local/lib/python3.7/site-packages/airflow/example_dags/example_branch_labels.py
[2023-06-08T19:12:31.149+0000] {processor.py:826} INFO - Processing file /home/airflow/.local/lib/python3.7/site-packages/airflow/example_dags/example_branch_labels.py for tasks to queue
[2023-06-08T19:12:31.149+0000] {logging_mixin.py:149} INFO - [2023-06-08T19:12:31.149+0000] {dagbag.py:541} INFO - Filling up the DagBag from /home/airflow/.local/lib/python3.7/site-packages/airflow/example_dags/example_branch_labels.py
[2023-06-08T19:12:31.155+0000] {processor.py:836} INFO - DAG(s) dict_keys(['example_branch_labels']) retrieved from /home/airflow/.local/lib/python3.7/site-packages/airflow/example_dags/example_branch_labels.py
[2023-06-08T19:12:31.172+0000] {logging_mixin.py:149} INFO - [2023-06-08T19:12:31.172+0000] {dag.py:2726} INFO - Sync 1 DAGs
[2023-06-08T19:12:31.187+0000] {logging_mixin.py:149} INFO - [2023-06-08T19:12:31.187+0000] {dag.py:3490} INFO - Setting next_dagrun for example_branch_labels to 2023-06-07T00:00:00+00:00, run_after=2023-06-08T00:00:00+00:00
[2023-06-08T19:12:31.196+0000] {processor.py:179} INFO - Processing /home/airflow/.local/lib/python3.7/site-packages/airflow/example_dags/example_branch_labels.py took 0.051 seconds
[2023-06-08T19:13:01.401+0000] {processor.py:157} INFO - Started process (PID=5751) to work on /home/airflow/.local/lib/python3.7/site-packages/airflow/example_dags/example_branch_labels.py
[2023-06-08T19:13:01.402+0000] {processor.py:826} INFO - Processing file /home/airflow/.local/lib/python3.7/site-packages/airflow/example_dags/example_branch_labels.py for tasks to queue
[2023-06-08T19:13:01.402+0000] {logging_mixin.py:149} INFO - [2023-06-08T19:13:01.402+0000] {dagbag.py:541} INFO - Filling up the DagBag from /home/airflow/.local/lib/python3.7/site-packages/airflow/example_dags/example_branch_labels.py
[2023-06-08T19:13:01.407+0000] {processor.py:836} INFO - DAG(s) dict_keys(['example_branch_labels']) retrieved from /home/airflow/.local/lib/python3.7/site-packages/airflow/example_dags/example_branch_labels.py
[2023-06-08T19:13:01.424+0000] {logging_mixin.py:149} INFO - [2023-06-08T19:13:01.424+0000] {dag.py:2726} INFO - Sync 1 DAGs
[2023-06-08T19:13:01.439+0000] {logging_mixin.py:149} INFO - [2023-06-08T19:13:01.439+0000] {dag.py:3490} INFO - Setting next_dagrun for example_branch_labels to 2023-06-07T00:00:00+00:00, run_after=2023-06-08T00:00:00+00:00
[2023-06-08T19:13:01.448+0000] {processor.py:179} INFO - Processing /home/airflow/.local/lib/python3.7/site-packages/airflow/example_dags/example_branch_labels.py took 0.050 seconds
[2023-06-08T19:13:31.754+0000] {processor.py:157} INFO - Started process (PID=5988) to work on /home/airflow/.local/lib/python3.7/site-packages/airflow/example_dags/example_branch_labels.py
[2023-06-08T19:13:31.755+0000] {processor.py:826} INFO - Processing file /home/airflow/.local/lib/python3.7/site-packages/airflow/example_dags/example_branch_labels.py for tasks to queue
[2023-06-08T19:13:31.756+0000] {logging_mixin.py:149} INFO - [2023-06-08T19:13:31.756+0000] {dagbag.py:541} INFO - Filling up the DagBag from /home/airflow/.local/lib/python3.7/site-packages/airflow/example_dags/example_branch_labels.py
[2023-06-08T19:13:31.761+0000] {processor.py:836} INFO - DAG(s) dict_keys(['example_branch_labels']) retrieved from /home/airflow/.local/lib/python3.7/site-packages/airflow/example_dags/example_branch_labels.py
[2023-06-08T19:13:31.780+0000] {logging_mixin.py:149} INFO - [2023-06-08T19:13:31.780+0000] {dag.py:2726} INFO - Sync 1 DAGs
[2023-06-08T19:13:31.796+0000] {logging_mixin.py:149} INFO - [2023-06-08T19:13:31.796+0000] {dag.py:3490} INFO - Setting next_dagrun for example_branch_labels to 2023-06-07T00:00:00+00:00, run_after=2023-06-08T00:00:00+00:00
[2023-06-08T19:13:31.805+0000] {processor.py:179} INFO - Processing /home/airflow/.local/lib/python3.7/site-packages/airflow/example_dags/example_branch_labels.py took 0.053 seconds
[2023-06-08T19:14:01.904+0000] {processor.py:157} INFO - Started process (PID=6225) to work on /home/airflow/.local/lib/python3.7/site-packages/airflow/example_dags/example_branch_labels.py
[2023-06-08T19:14:01.905+0000] {processor.py:826} INFO - Processing file /home/airflow/.local/lib/python3.7/site-packages/airflow/example_dags/example_branch_labels.py for tasks to queue
[2023-06-08T19:14:01.905+0000] {logging_mixin.py:149} INFO - [2023-06-08T19:14:01.905+0000] {dagbag.py:541} INFO - Filling up the DagBag from /home/airflow/.local/lib/python3.7/site-packages/airflow/example_dags/example_branch_labels.py
[2023-06-08T19:14:01.910+0000] {processor.py:836} INFO - DAG(s) dict_keys(['example_branch_labels']) retrieved from /home/airflow/.local/lib/python3.7/site-packages/airflow/example_dags/example_branch_labels.py
[2023-06-08T19:14:01.928+0000] {logging_mixin.py:149} INFO - [2023-06-08T19:14:01.928+0000] {dag.py:2726} INFO - Sync 1 DAGs
[2023-06-08T19:14:01.943+0000] {logging_mixin.py:149} INFO - [2023-06-08T19:14:01.943+0000] {dag.py:3490} INFO - Setting next_dagrun for example_branch_labels to 2023-06-07T00:00:00+00:00, run_after=2023-06-08T00:00:00+00:00
[2023-06-08T19:14:01.953+0000] {processor.py:179} INFO - Processing /home/airflow/.local/lib/python3.7/site-packages/airflow/example_dags/example_branch_labels.py took 0.052 seconds
[2023-06-08T19:14:32.172+0000] {processor.py:157} INFO - Started process (PID=6463) to work on /home/airflow/.local/lib/python3.7/site-packages/airflow/example_dags/example_branch_labels.py
[2023-06-08T19:14:32.173+0000] {processor.py:826} INFO - Processing file /home/airflow/.local/lib/python3.7/site-packages/airflow/example_dags/example_branch_labels.py for tasks to queue
[2023-06-08T19:14:32.173+0000] {logging_mixin.py:149} INFO - [2023-06-08T19:14:32.173+0000] {dagbag.py:541} INFO - Filling up the DagBag from /home/airflow/.local/lib/python3.7/site-packages/airflow/example_dags/example_branch_labels.py
[2023-06-08T19:14:32.178+0000] {processor.py:836} INFO - DAG(s) dict_keys(['example_branch_labels']) retrieved from /home/airflow/.local/lib/python3.7/site-packages/airflow/example_dags/example_branch_labels.py
[2023-06-08T19:14:32.195+0000] {logging_mixin.py:149} INFO - [2023-06-08T19:14:32.195+0000] {dag.py:2726} INFO - Sync 1 DAGs
[2023-06-08T19:14:32.211+0000] {logging_mixin.py:149} INFO - [2023-06-08T19:14:32.211+0000] {dag.py:3490} INFO - Setting next_dagrun for example_branch_labels to 2023-06-07T00:00:00+00:00, run_after=2023-06-08T00:00:00+00:00
[2023-06-08T19:14:32.221+0000] {processor.py:179} INFO - Processing /home/airflow/.local/lib/python3.7/site-packages/airflow/example_dags/example_branch_labels.py took 0.052 seconds
[2023-06-08T19:15:02.391+0000] {processor.py:157} INFO - Started process (PID=6700) to work on /home/airflow/.local/lib/python3.7/site-packages/airflow/example_dags/example_branch_labels.py
[2023-06-08T19:15:02.392+0000] {processor.py:826} INFO - Processing file /home/airflow/.local/lib/python3.7/site-packages/airflow/example_dags/example_branch_labels.py for tasks to queue
[2023-06-08T19:15:02.393+0000] {logging_mixin.py:149} INFO - [2023-06-08T19:15:02.393+0000] {dagbag.py:541} INFO - Filling up the DagBag from /home/airflow/.local/lib/python3.7/site-packages/airflow/example_dags/example_branch_labels.py
[2023-06-08T19:15:02.398+0000] {processor.py:836} INFO - DAG(s) dict_keys(['example_branch_labels']) retrieved from /home/airflow/.local/lib/python3.7/site-packages/airflow/example_dags/example_branch_labels.py
[2023-06-08T19:15:02.416+0000] {logging_mixin.py:149} INFO - [2023-06-08T19:15:02.416+0000] {dag.py:2726} INFO - Sync 1 DAGs
[2023-06-08T19:15:02.431+0000] {logging_mixin.py:149} INFO - [2023-06-08T19:15:02.431+0000] {dag.py:3490} INFO - Setting next_dagrun for example_branch_labels to 2023-06-07T00:00:00+00:00, run_after=2023-06-08T00:00:00+00:00
[2023-06-08T19:15:02.440+0000] {processor.py:179} INFO - Processing /home/airflow/.local/lib/python3.7/site-packages/airflow/example_dags/example_branch_labels.py took 0.052 seconds
