[2023-06-08T19:01:24.601+0000] {processor.py:157} INFO - Started process (PID=209) to work on /home/airflow/.local/lib/python3.7/site-packages/airflow/example_dags/example_complex.py
[2023-06-08T19:01:24.602+0000] {processor.py:826} INFO - Processing file /home/airflow/.local/lib/python3.7/site-packages/airflow/example_dags/example_complex.py for tasks to queue
[2023-06-08T19:01:24.603+0000] {logging_mixin.py:149} INFO - [2023-06-08T19:01:24.603+0000] {dagbag.py:541} INFO - Filling up the DagBag from /home/airflow/.local/lib/python3.7/site-packages/airflow/example_dags/example_complex.py
[2023-06-08T19:01:24.610+0000] {logging_mixin.py:149} INFO - [2023-06-08T19:01:24.610+0000] {taskmixin.py:211} WARNING - Dependency <Task(BashOperator): create_entry_group>, delete_entry_group already registered for DAG: example_complex
[2023-06-08T19:01:24.610+0000] {logging_mixin.py:149} INFO - [2023-06-08T19:01:24.610+0000] {taskmixin.py:211} WARNING - Dependency <Task(BashOperator): delete_entry_group>, create_entry_group already registered for DAG: example_complex
[2023-06-08T19:01:24.611+0000] {logging_mixin.py:149} INFO - [2023-06-08T19:01:24.611+0000] {taskmixin.py:211} WARNING - Dependency <Task(BashOperator): create_entry_gcs>, delete_entry already registered for DAG: example_complex
[2023-06-08T19:01:24.611+0000] {logging_mixin.py:149} INFO - [2023-06-08T19:01:24.611+0000] {taskmixin.py:211} WARNING - Dependency <Task(BashOperator): delete_entry>, create_entry_gcs already registered for DAG: example_complex
[2023-06-08T19:01:24.612+0000] {logging_mixin.py:149} INFO - [2023-06-08T19:01:24.612+0000] {taskmixin.py:211} WARNING - Dependency <Task(BashOperator): create_tag>, delete_tag already registered for DAG: example_complex
[2023-06-08T19:01:24.612+0000] {logging_mixin.py:149} INFO - [2023-06-08T19:01:24.612+0000] {taskmixin.py:211} WARNING - Dependency <Task(BashOperator): delete_tag>, create_tag already registered for DAG: example_complex
[2023-06-08T19:01:24.615+0000] {processor.py:836} INFO - DAG(s) dict_keys(['example_complex']) retrieved from /home/airflow/.local/lib/python3.7/site-packages/airflow/example_dags/example_complex.py
[2023-06-08T19:01:24.625+0000] {logging_mixin.py:149} INFO - [2023-06-08T19:01:24.625+0000] {dag.py:2726} INFO - Sync 1 DAGs
[2023-06-08T19:01:24.640+0000] {logging_mixin.py:149} INFO - [2023-06-08T19:01:24.640+0000] {dag.py:3490} INFO - Setting next_dagrun for example_complex to None, run_after=None
[2023-06-08T19:01:24.652+0000] {processor.py:179} INFO - Processing /home/airflow/.local/lib/python3.7/site-packages/airflow/example_dags/example_complex.py took 0.053 seconds
[2023-06-08T19:01:55.550+0000] {processor.py:157} INFO - Started process (PID=444) to work on /home/airflow/.local/lib/python3.7/site-packages/airflow/example_dags/example_complex.py
[2023-06-08T19:01:55.551+0000] {processor.py:826} INFO - Processing file /home/airflow/.local/lib/python3.7/site-packages/airflow/example_dags/example_complex.py for tasks to queue
[2023-06-08T19:01:55.552+0000] {logging_mixin.py:149} INFO - [2023-06-08T19:01:55.552+0000] {dagbag.py:541} INFO - Filling up the DagBag from /home/airflow/.local/lib/python3.7/site-packages/airflow/example_dags/example_complex.py
[2023-06-08T19:01:55.558+0000] {logging_mixin.py:149} INFO - [2023-06-08T19:01:55.558+0000] {taskmixin.py:211} WARNING - Dependency <Task(BashOperator): create_entry_group>, delete_entry_group already registered for DAG: example_complex
[2023-06-08T19:01:55.558+0000] {logging_mixin.py:149} INFO - [2023-06-08T19:01:55.558+0000] {taskmixin.py:211} WARNING - Dependency <Task(BashOperator): delete_entry_group>, create_entry_group already registered for DAG: example_complex
[2023-06-08T19:01:55.559+0000] {logging_mixin.py:149} INFO - [2023-06-08T19:01:55.559+0000] {taskmixin.py:211} WARNING - Dependency <Task(BashOperator): create_entry_gcs>, delete_entry already registered for DAG: example_complex
[2023-06-08T19:01:55.559+0000] {logging_mixin.py:149} INFO - [2023-06-08T19:01:55.559+0000] {taskmixin.py:211} WARNING - Dependency <Task(BashOperator): delete_entry>, create_entry_gcs already registered for DAG: example_complex
[2023-06-08T19:01:55.560+0000] {logging_mixin.py:149} INFO - [2023-06-08T19:01:55.560+0000] {taskmixin.py:211} WARNING - Dependency <Task(BashOperator): create_tag>, delete_tag already registered for DAG: example_complex
[2023-06-08T19:01:55.560+0000] {logging_mixin.py:149} INFO - [2023-06-08T19:01:55.560+0000] {taskmixin.py:211} WARNING - Dependency <Task(BashOperator): delete_tag>, create_tag already registered for DAG: example_complex
[2023-06-08T19:01:55.561+0000] {processor.py:836} INFO - DAG(s) dict_keys(['example_complex']) retrieved from /home/airflow/.local/lib/python3.7/site-packages/airflow/example_dags/example_complex.py
[2023-06-08T19:01:55.656+0000] {logging_mixin.py:149} INFO - [2023-06-08T19:01:55.656+0000] {dag.py:2726} INFO - Sync 1 DAGs
[2023-06-08T19:01:55.670+0000] {logging_mixin.py:149} INFO - [2023-06-08T19:01:55.670+0000] {dag.py:3490} INFO - Setting next_dagrun for example_complex to None, run_after=None
[2023-06-08T19:01:55.678+0000] {processor.py:179} INFO - Processing /home/airflow/.local/lib/python3.7/site-packages/airflow/example_dags/example_complex.py took 0.130 seconds
[2023-06-08T19:02:25.710+0000] {processor.py:157} INFO - Started process (PID=681) to work on /home/airflow/.local/lib/python3.7/site-packages/airflow/example_dags/example_complex.py
[2023-06-08T19:02:25.711+0000] {processor.py:826} INFO - Processing file /home/airflow/.local/lib/python3.7/site-packages/airflow/example_dags/example_complex.py for tasks to queue
[2023-06-08T19:02:25.711+0000] {logging_mixin.py:149} INFO - [2023-06-08T19:02:25.711+0000] {dagbag.py:541} INFO - Filling up the DagBag from /home/airflow/.local/lib/python3.7/site-packages/airflow/example_dags/example_complex.py
[2023-06-08T19:02:25.717+0000] {logging_mixin.py:149} INFO - [2023-06-08T19:02:25.717+0000] {taskmixin.py:211} WARNING - Dependency <Task(BashOperator): create_entry_group>, delete_entry_group already registered for DAG: example_complex
[2023-06-08T19:02:25.717+0000] {logging_mixin.py:149} INFO - [2023-06-08T19:02:25.717+0000] {taskmixin.py:211} WARNING - Dependency <Task(BashOperator): delete_entry_group>, create_entry_group already registered for DAG: example_complex
[2023-06-08T19:02:25.718+0000] {logging_mixin.py:149} INFO - [2023-06-08T19:02:25.718+0000] {taskmixin.py:211} WARNING - Dependency <Task(BashOperator): create_entry_gcs>, delete_entry already registered for DAG: example_complex
[2023-06-08T19:02:25.718+0000] {logging_mixin.py:149} INFO - [2023-06-08T19:02:25.718+0000] {taskmixin.py:211} WARNING - Dependency <Task(BashOperator): delete_entry>, create_entry_gcs already registered for DAG: example_complex
[2023-06-08T19:02:25.719+0000] {logging_mixin.py:149} INFO - [2023-06-08T19:02:25.719+0000] {taskmixin.py:211} WARNING - Dependency <Task(BashOperator): create_tag>, delete_tag already registered for DAG: example_complex
[2023-06-08T19:02:25.719+0000] {logging_mixin.py:149} INFO - [2023-06-08T19:02:25.719+0000] {taskmixin.py:211} WARNING - Dependency <Task(BashOperator): delete_tag>, create_tag already registered for DAG: example_complex
[2023-06-08T19:02:25.720+0000] {processor.py:836} INFO - DAG(s) dict_keys(['example_complex']) retrieved from /home/airflow/.local/lib/python3.7/site-packages/airflow/example_dags/example_complex.py
[2023-06-08T19:02:25.740+0000] {logging_mixin.py:149} INFO - [2023-06-08T19:02:25.740+0000] {dag.py:2726} INFO - Sync 1 DAGs
[2023-06-08T19:02:25.754+0000] {logging_mixin.py:149} INFO - [2023-06-08T19:02:25.754+0000] {dag.py:3490} INFO - Setting next_dagrun for example_complex to None, run_after=None
[2023-06-08T19:02:25.764+0000] {processor.py:179} INFO - Processing /home/airflow/.local/lib/python3.7/site-packages/airflow/example_dags/example_complex.py took 0.056 seconds
[2023-06-08T19:02:55.925+0000] {processor.py:157} INFO - Started process (PID=966) to work on /home/airflow/.local/lib/python3.7/site-packages/airflow/example_dags/example_complex.py
[2023-06-08T19:02:55.926+0000] {processor.py:826} INFO - Processing file /home/airflow/.local/lib/python3.7/site-packages/airflow/example_dags/example_complex.py for tasks to queue
[2023-06-08T19:02:55.927+0000] {logging_mixin.py:149} INFO - [2023-06-08T19:02:55.927+0000] {dagbag.py:541} INFO - Filling up the DagBag from /home/airflow/.local/lib/python3.7/site-packages/airflow/example_dags/example_complex.py
[2023-06-08T19:02:55.933+0000] {logging_mixin.py:149} INFO - [2023-06-08T19:02:55.933+0000] {taskmixin.py:211} WARNING - Dependency <Task(BashOperator): create_entry_group>, delete_entry_group already registered for DAG: example_complex
[2023-06-08T19:02:55.934+0000] {logging_mixin.py:149} INFO - [2023-06-08T19:02:55.934+0000] {taskmixin.py:211} WARNING - Dependency <Task(BashOperator): delete_entry_group>, create_entry_group already registered for DAG: example_complex
[2023-06-08T19:02:55.934+0000] {logging_mixin.py:149} INFO - [2023-06-08T19:02:55.934+0000] {taskmixin.py:211} WARNING - Dependency <Task(BashOperator): create_entry_gcs>, delete_entry already registered for DAG: example_complex
[2023-06-08T19:02:55.935+0000] {logging_mixin.py:149} INFO - [2023-06-08T19:02:55.935+0000] {taskmixin.py:211} WARNING - Dependency <Task(BashOperator): delete_entry>, create_entry_gcs already registered for DAG: example_complex
[2023-06-08T19:02:55.935+0000] {logging_mixin.py:149} INFO - [2023-06-08T19:02:55.935+0000] {taskmixin.py:211} WARNING - Dependency <Task(BashOperator): create_tag>, delete_tag already registered for DAG: example_complex
[2023-06-08T19:02:55.936+0000] {logging_mixin.py:149} INFO - [2023-06-08T19:02:55.935+0000] {taskmixin.py:211} WARNING - Dependency <Task(BashOperator): delete_tag>, create_tag already registered for DAG: example_complex
[2023-06-08T19:02:55.937+0000] {processor.py:836} INFO - DAG(s) dict_keys(['example_complex']) retrieved from /home/airflow/.local/lib/python3.7/site-packages/airflow/example_dags/example_complex.py
[2023-06-08T19:02:55.958+0000] {logging_mixin.py:149} INFO - [2023-06-08T19:02:55.958+0000] {dag.py:2726} INFO - Sync 1 DAGs
[2023-06-08T19:02:55.971+0000] {logging_mixin.py:149} INFO - [2023-06-08T19:02:55.971+0000] {dag.py:3490} INFO - Setting next_dagrun for example_complex to None, run_after=None
[2023-06-08T19:02:55.980+0000] {processor.py:179} INFO - Processing /home/airflow/.local/lib/python3.7/site-packages/airflow/example_dags/example_complex.py took 0.057 seconds
[2023-06-08T19:03:26.236+0000] {processor.py:157} INFO - Started process (PID=1253) to work on /home/airflow/.local/lib/python3.7/site-packages/airflow/example_dags/example_complex.py
[2023-06-08T19:03:26.237+0000] {processor.py:826} INFO - Processing file /home/airflow/.local/lib/python3.7/site-packages/airflow/example_dags/example_complex.py for tasks to queue
[2023-06-08T19:03:26.238+0000] {logging_mixin.py:149} INFO - [2023-06-08T19:03:26.238+0000] {dagbag.py:541} INFO - Filling up the DagBag from /home/airflow/.local/lib/python3.7/site-packages/airflow/example_dags/example_complex.py
[2023-06-08T19:03:26.243+0000] {logging_mixin.py:149} INFO - [2023-06-08T19:03:26.243+0000] {taskmixin.py:211} WARNING - Dependency <Task(BashOperator): create_entry_group>, delete_entry_group already registered for DAG: example_complex
[2023-06-08T19:03:26.244+0000] {logging_mixin.py:149} INFO - [2023-06-08T19:03:26.244+0000] {taskmixin.py:211} WARNING - Dependency <Task(BashOperator): delete_entry_group>, create_entry_group already registered for DAG: example_complex
[2023-06-08T19:03:26.244+0000] {logging_mixin.py:149} INFO - [2023-06-08T19:03:26.244+0000] {taskmixin.py:211} WARNING - Dependency <Task(BashOperator): create_entry_gcs>, delete_entry already registered for DAG: example_complex
[2023-06-08T19:03:26.244+0000] {logging_mixin.py:149} INFO - [2023-06-08T19:03:26.244+0000] {taskmixin.py:211} WARNING - Dependency <Task(BashOperator): delete_entry>, create_entry_gcs already registered for DAG: example_complex
[2023-06-08T19:03:26.245+0000] {logging_mixin.py:149} INFO - [2023-06-08T19:03:26.245+0000] {taskmixin.py:211} WARNING - Dependency <Task(BashOperator): create_tag>, delete_tag already registered for DAG: example_complex
[2023-06-08T19:03:26.245+0000] {logging_mixin.py:149} INFO - [2023-06-08T19:03:26.245+0000] {taskmixin.py:211} WARNING - Dependency <Task(BashOperator): delete_tag>, create_tag already registered for DAG: example_complex
[2023-06-08T19:03:26.246+0000] {processor.py:836} INFO - DAG(s) dict_keys(['example_complex']) retrieved from /home/airflow/.local/lib/python3.7/site-packages/airflow/example_dags/example_complex.py
[2023-06-08T19:03:26.267+0000] {logging_mixin.py:149} INFO - [2023-06-08T19:03:26.267+0000] {dag.py:2726} INFO - Sync 1 DAGs
[2023-06-08T19:03:26.281+0000] {logging_mixin.py:149} INFO - [2023-06-08T19:03:26.281+0000] {dag.py:3490} INFO - Setting next_dagrun for example_complex to None, run_after=None
[2023-06-08T19:03:26.290+0000] {processor.py:179} INFO - Processing /home/airflow/.local/lib/python3.7/site-packages/airflow/example_dags/example_complex.py took 0.057 seconds
[2023-06-08T19:03:56.424+0000] {processor.py:157} INFO - Started process (PID=1489) to work on /home/airflow/.local/lib/python3.7/site-packages/airflow/example_dags/example_complex.py
[2023-06-08T19:03:56.425+0000] {processor.py:826} INFO - Processing file /home/airflow/.local/lib/python3.7/site-packages/airflow/example_dags/example_complex.py for tasks to queue
[2023-06-08T19:03:56.426+0000] {logging_mixin.py:149} INFO - [2023-06-08T19:03:56.426+0000] {dagbag.py:541} INFO - Filling up the DagBag from /home/airflow/.local/lib/python3.7/site-packages/airflow/example_dags/example_complex.py
[2023-06-08T19:03:56.432+0000] {logging_mixin.py:149} INFO - [2023-06-08T19:03:56.431+0000] {taskmixin.py:211} WARNING - Dependency <Task(BashOperator): create_entry_group>, delete_entry_group already registered for DAG: example_complex
[2023-06-08T19:03:56.432+0000] {logging_mixin.py:149} INFO - [2023-06-08T19:03:56.432+0000] {taskmixin.py:211} WARNING - Dependency <Task(BashOperator): delete_entry_group>, create_entry_group already registered for DAG: example_complex
[2023-06-08T19:03:56.432+0000] {logging_mixin.py:149} INFO - [2023-06-08T19:03:56.432+0000] {taskmixin.py:211} WARNING - Dependency <Task(BashOperator): create_entry_gcs>, delete_entry already registered for DAG: example_complex
[2023-06-08T19:03:56.432+0000] {logging_mixin.py:149} INFO - [2023-06-08T19:03:56.432+0000] {taskmixin.py:211} WARNING - Dependency <Task(BashOperator): delete_entry>, create_entry_gcs already registered for DAG: example_complex
[2023-06-08T19:03:56.433+0000] {logging_mixin.py:149} INFO - [2023-06-08T19:03:56.433+0000] {taskmixin.py:211} WARNING - Dependency <Task(BashOperator): create_tag>, delete_tag already registered for DAG: example_complex
[2023-06-08T19:03:56.433+0000] {logging_mixin.py:149} INFO - [2023-06-08T19:03:56.433+0000] {taskmixin.py:211} WARNING - Dependency <Task(BashOperator): delete_tag>, create_tag already registered for DAG: example_complex
[2023-06-08T19:03:56.434+0000] {processor.py:836} INFO - DAG(s) dict_keys(['example_complex']) retrieved from /home/airflow/.local/lib/python3.7/site-packages/airflow/example_dags/example_complex.py
[2023-06-08T19:03:56.456+0000] {logging_mixin.py:149} INFO - [2023-06-08T19:03:56.456+0000] {dag.py:2726} INFO - Sync 1 DAGs
[2023-06-08T19:03:56.471+0000] {logging_mixin.py:149} INFO - [2023-06-08T19:03:56.471+0000] {dag.py:3490} INFO - Setting next_dagrun for example_complex to None, run_after=None
[2023-06-08T19:03:56.480+0000] {processor.py:179} INFO - Processing /home/airflow/.local/lib/python3.7/site-packages/airflow/example_dags/example_complex.py took 0.058 seconds
[2023-06-08T19:04:26.619+0000] {processor.py:157} INFO - Started process (PID=1726) to work on /home/airflow/.local/lib/python3.7/site-packages/airflow/example_dags/example_complex.py
[2023-06-08T19:04:26.620+0000] {processor.py:826} INFO - Processing file /home/airflow/.local/lib/python3.7/site-packages/airflow/example_dags/example_complex.py for tasks to queue
[2023-06-08T19:04:26.621+0000] {logging_mixin.py:149} INFO - [2023-06-08T19:04:26.621+0000] {dagbag.py:541} INFO - Filling up the DagBag from /home/airflow/.local/lib/python3.7/site-packages/airflow/example_dags/example_complex.py
[2023-06-08T19:04:26.627+0000] {logging_mixin.py:149} INFO - [2023-06-08T19:04:26.627+0000] {taskmixin.py:211} WARNING - Dependency <Task(BashOperator): create_entry_group>, delete_entry_group already registered for DAG: example_complex
[2023-06-08T19:04:26.628+0000] {logging_mixin.py:149} INFO - [2023-06-08T19:04:26.628+0000] {taskmixin.py:211} WARNING - Dependency <Task(BashOperator): delete_entry_group>, create_entry_group already registered for DAG: example_complex
[2023-06-08T19:04:26.628+0000] {logging_mixin.py:149} INFO - [2023-06-08T19:04:26.628+0000] {taskmixin.py:211} WARNING - Dependency <Task(BashOperator): create_entry_gcs>, delete_entry already registered for DAG: example_complex
[2023-06-08T19:04:26.628+0000] {logging_mixin.py:149} INFO - [2023-06-08T19:04:26.628+0000] {taskmixin.py:211} WARNING - Dependency <Task(BashOperator): delete_entry>, create_entry_gcs already registered for DAG: example_complex
[2023-06-08T19:04:26.629+0000] {logging_mixin.py:149} INFO - [2023-06-08T19:04:26.629+0000] {taskmixin.py:211} WARNING - Dependency <Task(BashOperator): create_tag>, delete_tag already registered for DAG: example_complex
[2023-06-08T19:04:26.629+0000] {logging_mixin.py:149} INFO - [2023-06-08T19:04:26.629+0000] {taskmixin.py:211} WARNING - Dependency <Task(BashOperator): delete_tag>, create_tag already registered for DAG: example_complex
[2023-06-08T19:04:26.630+0000] {processor.py:836} INFO - DAG(s) dict_keys(['example_complex']) retrieved from /home/airflow/.local/lib/python3.7/site-packages/airflow/example_dags/example_complex.py
[2023-06-08T19:04:26.653+0000] {logging_mixin.py:149} INFO - [2023-06-08T19:04:26.653+0000] {dag.py:2726} INFO - Sync 1 DAGs
[2023-06-08T19:04:26.667+0000] {logging_mixin.py:149} INFO - [2023-06-08T19:04:26.667+0000] {dag.py:3490} INFO - Setting next_dagrun for example_complex to None, run_after=None
[2023-06-08T19:04:26.678+0000] {processor.py:179} INFO - Processing /home/airflow/.local/lib/python3.7/site-packages/airflow/example_dags/example_complex.py took 0.061 seconds
[2023-06-08T19:04:56.963+0000] {processor.py:157} INFO - Started process (PID=1963) to work on /home/airflow/.local/lib/python3.7/site-packages/airflow/example_dags/example_complex.py
[2023-06-08T19:04:56.964+0000] {processor.py:826} INFO - Processing file /home/airflow/.local/lib/python3.7/site-packages/airflow/example_dags/example_complex.py for tasks to queue
[2023-06-08T19:04:56.965+0000] {logging_mixin.py:149} INFO - [2023-06-08T19:04:56.965+0000] {dagbag.py:541} INFO - Filling up the DagBag from /home/airflow/.local/lib/python3.7/site-packages/airflow/example_dags/example_complex.py
[2023-06-08T19:04:56.971+0000] {logging_mixin.py:149} INFO - [2023-06-08T19:04:56.971+0000] {taskmixin.py:211} WARNING - Dependency <Task(BashOperator): create_entry_group>, delete_entry_group already registered for DAG: example_complex
[2023-06-08T19:04:56.971+0000] {logging_mixin.py:149} INFO - [2023-06-08T19:04:56.971+0000] {taskmixin.py:211} WARNING - Dependency <Task(BashOperator): delete_entry_group>, create_entry_group already registered for DAG: example_complex
[2023-06-08T19:04:56.972+0000] {logging_mixin.py:149} INFO - [2023-06-08T19:04:56.972+0000] {taskmixin.py:211} WARNING - Dependency <Task(BashOperator): create_entry_gcs>, delete_entry already registered for DAG: example_complex
[2023-06-08T19:04:56.972+0000] {logging_mixin.py:149} INFO - [2023-06-08T19:04:56.972+0000] {taskmixin.py:211} WARNING - Dependency <Task(BashOperator): delete_entry>, create_entry_gcs already registered for DAG: example_complex
[2023-06-08T19:04:56.973+0000] {logging_mixin.py:149} INFO - [2023-06-08T19:04:56.973+0000] {taskmixin.py:211} WARNING - Dependency <Task(BashOperator): create_tag>, delete_tag already registered for DAG: example_complex
[2023-06-08T19:04:56.973+0000] {logging_mixin.py:149} INFO - [2023-06-08T19:04:56.973+0000] {taskmixin.py:211} WARNING - Dependency <Task(BashOperator): delete_tag>, create_tag already registered for DAG: example_complex
[2023-06-08T19:04:56.974+0000] {processor.py:836} INFO - DAG(s) dict_keys(['example_complex']) retrieved from /home/airflow/.local/lib/python3.7/site-packages/airflow/example_dags/example_complex.py
[2023-06-08T19:04:56.997+0000] {logging_mixin.py:149} INFO - [2023-06-08T19:04:56.997+0000] {dag.py:2726} INFO - Sync 1 DAGs
[2023-06-08T19:04:57.011+0000] {logging_mixin.py:149} INFO - [2023-06-08T19:04:57.011+0000] {dag.py:3490} INFO - Setting next_dagrun for example_complex to None, run_after=None
[2023-06-08T19:04:57.021+0000] {processor.py:179} INFO - Processing /home/airflow/.local/lib/python3.7/site-packages/airflow/example_dags/example_complex.py took 0.061 seconds
[2023-06-08T19:05:27.221+0000] {processor.py:157} INFO - Started process (PID=2200) to work on /home/airflow/.local/lib/python3.7/site-packages/airflow/example_dags/example_complex.py
[2023-06-08T19:05:27.223+0000] {processor.py:826} INFO - Processing file /home/airflow/.local/lib/python3.7/site-packages/airflow/example_dags/example_complex.py for tasks to queue
[2023-06-08T19:05:27.223+0000] {logging_mixin.py:149} INFO - [2023-06-08T19:05:27.223+0000] {dagbag.py:541} INFO - Filling up the DagBag from /home/airflow/.local/lib/python3.7/site-packages/airflow/example_dags/example_complex.py
[2023-06-08T19:05:27.230+0000] {logging_mixin.py:149} INFO - [2023-06-08T19:05:27.230+0000] {taskmixin.py:211} WARNING - Dependency <Task(BashOperator): create_entry_group>, delete_entry_group already registered for DAG: example_complex
[2023-06-08T19:05:27.230+0000] {logging_mixin.py:149} INFO - [2023-06-08T19:05:27.230+0000] {taskmixin.py:211} WARNING - Dependency <Task(BashOperator): delete_entry_group>, create_entry_group already registered for DAG: example_complex
[2023-06-08T19:05:27.231+0000] {logging_mixin.py:149} INFO - [2023-06-08T19:05:27.231+0000] {taskmixin.py:211} WARNING - Dependency <Task(BashOperator): create_entry_gcs>, delete_entry already registered for DAG: example_complex
[2023-06-08T19:05:27.231+0000] {logging_mixin.py:149} INFO - [2023-06-08T19:05:27.231+0000] {taskmixin.py:211} WARNING - Dependency <Task(BashOperator): delete_entry>, create_entry_gcs already registered for DAG: example_complex
[2023-06-08T19:05:27.231+0000] {logging_mixin.py:149} INFO - [2023-06-08T19:05:27.231+0000] {taskmixin.py:211} WARNING - Dependency <Task(BashOperator): create_tag>, delete_tag already registered for DAG: example_complex
[2023-06-08T19:05:27.232+0000] {logging_mixin.py:149} INFO - [2023-06-08T19:05:27.232+0000] {taskmixin.py:211} WARNING - Dependency <Task(BashOperator): delete_tag>, create_tag already registered for DAG: example_complex
[2023-06-08T19:05:27.233+0000] {processor.py:836} INFO - DAG(s) dict_keys(['example_complex']) retrieved from /home/airflow/.local/lib/python3.7/site-packages/airflow/example_dags/example_complex.py
[2023-06-08T19:05:27.254+0000] {logging_mixin.py:149} INFO - [2023-06-08T19:05:27.254+0000] {dag.py:2726} INFO - Sync 1 DAGs
[2023-06-08T19:05:27.268+0000] {logging_mixin.py:149} INFO - [2023-06-08T19:05:27.268+0000] {dag.py:3490} INFO - Setting next_dagrun for example_complex to None, run_after=None
[2023-06-08T19:05:27.277+0000] {processor.py:179} INFO - Processing /home/airflow/.local/lib/python3.7/site-packages/airflow/example_dags/example_complex.py took 0.058 seconds
[2023-06-08T19:05:57.562+0000] {processor.py:157} INFO - Started process (PID=2437) to work on /home/airflow/.local/lib/python3.7/site-packages/airflow/example_dags/example_complex.py
[2023-06-08T19:05:57.563+0000] {processor.py:826} INFO - Processing file /home/airflow/.local/lib/python3.7/site-packages/airflow/example_dags/example_complex.py for tasks to queue
[2023-06-08T19:05:57.564+0000] {logging_mixin.py:149} INFO - [2023-06-08T19:05:57.564+0000] {dagbag.py:541} INFO - Filling up the DagBag from /home/airflow/.local/lib/python3.7/site-packages/airflow/example_dags/example_complex.py
[2023-06-08T19:05:57.570+0000] {logging_mixin.py:149} INFO - [2023-06-08T19:05:57.570+0000] {taskmixin.py:211} WARNING - Dependency <Task(BashOperator): create_entry_group>, delete_entry_group already registered for DAG: example_complex
[2023-06-08T19:05:57.571+0000] {logging_mixin.py:149} INFO - [2023-06-08T19:05:57.571+0000] {taskmixin.py:211} WARNING - Dependency <Task(BashOperator): delete_entry_group>, create_entry_group already registered for DAG: example_complex
[2023-06-08T19:05:57.571+0000] {logging_mixin.py:149} INFO - [2023-06-08T19:05:57.571+0000] {taskmixin.py:211} WARNING - Dependency <Task(BashOperator): create_entry_gcs>, delete_entry already registered for DAG: example_complex
[2023-06-08T19:05:57.571+0000] {logging_mixin.py:149} INFO - [2023-06-08T19:05:57.571+0000] {taskmixin.py:211} WARNING - Dependency <Task(BashOperator): delete_entry>, create_entry_gcs already registered for DAG: example_complex
[2023-06-08T19:05:57.572+0000] {logging_mixin.py:149} INFO - [2023-06-08T19:05:57.572+0000] {taskmixin.py:211} WARNING - Dependency <Task(BashOperator): create_tag>, delete_tag already registered for DAG: example_complex
[2023-06-08T19:05:57.572+0000] {logging_mixin.py:149} INFO - [2023-06-08T19:05:57.572+0000] {taskmixin.py:211} WARNING - Dependency <Task(BashOperator): delete_tag>, create_tag already registered for DAG: example_complex
[2023-06-08T19:05:57.573+0000] {processor.py:836} INFO - DAG(s) dict_keys(['example_complex']) retrieved from /home/airflow/.local/lib/python3.7/site-packages/airflow/example_dags/example_complex.py
[2023-06-08T19:05:57.599+0000] {logging_mixin.py:149} INFO - [2023-06-08T19:05:57.599+0000] {dag.py:2726} INFO - Sync 1 DAGs
[2023-06-08T19:05:57.614+0000] {logging_mixin.py:149} INFO - [2023-06-08T19:05:57.614+0000] {dag.py:3490} INFO - Setting next_dagrun for example_complex to None, run_after=None
[2023-06-08T19:05:57.625+0000] {processor.py:179} INFO - Processing /home/airflow/.local/lib/python3.7/site-packages/airflow/example_dags/example_complex.py took 0.065 seconds
[2023-06-08T19:06:27.880+0000] {processor.py:157} INFO - Started process (PID=2674) to work on /home/airflow/.local/lib/python3.7/site-packages/airflow/example_dags/example_complex.py
[2023-06-08T19:06:27.881+0000] {processor.py:826} INFO - Processing file /home/airflow/.local/lib/python3.7/site-packages/airflow/example_dags/example_complex.py for tasks to queue
[2023-06-08T19:06:27.882+0000] {logging_mixin.py:149} INFO - [2023-06-08T19:06:27.882+0000] {dagbag.py:541} INFO - Filling up the DagBag from /home/airflow/.local/lib/python3.7/site-packages/airflow/example_dags/example_complex.py
[2023-06-08T19:06:27.888+0000] {logging_mixin.py:149} INFO - [2023-06-08T19:06:27.888+0000] {taskmixin.py:211} WARNING - Dependency <Task(BashOperator): create_entry_group>, delete_entry_group already registered for DAG: example_complex
[2023-06-08T19:06:27.888+0000] {logging_mixin.py:149} INFO - [2023-06-08T19:06:27.888+0000] {taskmixin.py:211} WARNING - Dependency <Task(BashOperator): delete_entry_group>, create_entry_group already registered for DAG: example_complex
[2023-06-08T19:06:27.889+0000] {logging_mixin.py:149} INFO - [2023-06-08T19:06:27.889+0000] {taskmixin.py:211} WARNING - Dependency <Task(BashOperator): create_entry_gcs>, delete_entry already registered for DAG: example_complex
[2023-06-08T19:06:27.889+0000] {logging_mixin.py:149} INFO - [2023-06-08T19:06:27.889+0000] {taskmixin.py:211} WARNING - Dependency <Task(BashOperator): delete_entry>, create_entry_gcs already registered for DAG: example_complex
[2023-06-08T19:06:27.890+0000] {logging_mixin.py:149} INFO - [2023-06-08T19:06:27.890+0000] {taskmixin.py:211} WARNING - Dependency <Task(BashOperator): create_tag>, delete_tag already registered for DAG: example_complex
[2023-06-08T19:06:27.890+0000] {logging_mixin.py:149} INFO - [2023-06-08T19:06:27.890+0000] {taskmixin.py:211} WARNING - Dependency <Task(BashOperator): delete_tag>, create_tag already registered for DAG: example_complex
[2023-06-08T19:06:27.891+0000] {processor.py:836} INFO - DAG(s) dict_keys(['example_complex']) retrieved from /home/airflow/.local/lib/python3.7/site-packages/airflow/example_dags/example_complex.py
[2023-06-08T19:06:27.913+0000] {logging_mixin.py:149} INFO - [2023-06-08T19:06:27.913+0000] {dag.py:2726} INFO - Sync 1 DAGs
[2023-06-08T19:06:27.927+0000] {logging_mixin.py:149} INFO - [2023-06-08T19:06:27.927+0000] {dag.py:3490} INFO - Setting next_dagrun for example_complex to None, run_after=None
[2023-06-08T19:06:27.937+0000] {processor.py:179} INFO - Processing /home/airflow/.local/lib/python3.7/site-packages/airflow/example_dags/example_complex.py took 0.059 seconds
[2023-06-08T19:06:58.151+0000] {processor.py:157} INFO - Started process (PID=2911) to work on /home/airflow/.local/lib/python3.7/site-packages/airflow/example_dags/example_complex.py
[2023-06-08T19:06:58.152+0000] {processor.py:826} INFO - Processing file /home/airflow/.local/lib/python3.7/site-packages/airflow/example_dags/example_complex.py for tasks to queue
[2023-06-08T19:06:58.153+0000] {logging_mixin.py:149} INFO - [2023-06-08T19:06:58.153+0000] {dagbag.py:541} INFO - Filling up the DagBag from /home/airflow/.local/lib/python3.7/site-packages/airflow/example_dags/example_complex.py
[2023-06-08T19:06:58.159+0000] {logging_mixin.py:149} INFO - [2023-06-08T19:06:58.159+0000] {taskmixin.py:211} WARNING - Dependency <Task(BashOperator): create_entry_group>, delete_entry_group already registered for DAG: example_complex
[2023-06-08T19:06:58.159+0000] {logging_mixin.py:149} INFO - [2023-06-08T19:06:58.159+0000] {taskmixin.py:211} WARNING - Dependency <Task(BashOperator): delete_entry_group>, create_entry_group already registered for DAG: example_complex
[2023-06-08T19:06:58.160+0000] {logging_mixin.py:149} INFO - [2023-06-08T19:06:58.160+0000] {taskmixin.py:211} WARNING - Dependency <Task(BashOperator): create_entry_gcs>, delete_entry already registered for DAG: example_complex
[2023-06-08T19:06:58.160+0000] {logging_mixin.py:149} INFO - [2023-06-08T19:06:58.160+0000] {taskmixin.py:211} WARNING - Dependency <Task(BashOperator): delete_entry>, create_entry_gcs already registered for DAG: example_complex
[2023-06-08T19:06:58.160+0000] {logging_mixin.py:149} INFO - [2023-06-08T19:06:58.160+0000] {taskmixin.py:211} WARNING - Dependency <Task(BashOperator): create_tag>, delete_tag already registered for DAG: example_complex
[2023-06-08T19:06:58.161+0000] {logging_mixin.py:149} INFO - [2023-06-08T19:06:58.161+0000] {taskmixin.py:211} WARNING - Dependency <Task(BashOperator): delete_tag>, create_tag already registered for DAG: example_complex
[2023-06-08T19:06:58.162+0000] {processor.py:836} INFO - DAG(s) dict_keys(['example_complex']) retrieved from /home/airflow/.local/lib/python3.7/site-packages/airflow/example_dags/example_complex.py
[2023-06-08T19:06:58.183+0000] {logging_mixin.py:149} INFO - [2023-06-08T19:06:58.183+0000] {dag.py:2726} INFO - Sync 1 DAGs
[2023-06-08T19:06:58.196+0000] {logging_mixin.py:149} INFO - [2023-06-08T19:06:58.196+0000] {dag.py:3490} INFO - Setting next_dagrun for example_complex to None, run_after=None
[2023-06-08T19:06:58.206+0000] {processor.py:179} INFO - Processing /home/airflow/.local/lib/python3.7/site-packages/airflow/example_dags/example_complex.py took 0.057 seconds
[2023-06-08T19:07:28.467+0000] {processor.py:157} INFO - Started process (PID=3148) to work on /home/airflow/.local/lib/python3.7/site-packages/airflow/example_dags/example_complex.py
[2023-06-08T19:07:28.468+0000] {processor.py:826} INFO - Processing file /home/airflow/.local/lib/python3.7/site-packages/airflow/example_dags/example_complex.py for tasks to queue
[2023-06-08T19:07:28.469+0000] {logging_mixin.py:149} INFO - [2023-06-08T19:07:28.469+0000] {dagbag.py:541} INFO - Filling up the DagBag from /home/airflow/.local/lib/python3.7/site-packages/airflow/example_dags/example_complex.py
[2023-06-08T19:07:28.475+0000] {logging_mixin.py:149} INFO - [2023-06-08T19:07:28.475+0000] {taskmixin.py:211} WARNING - Dependency <Task(BashOperator): create_entry_group>, delete_entry_group already registered for DAG: example_complex
[2023-06-08T19:07:28.475+0000] {logging_mixin.py:149} INFO - [2023-06-08T19:07:28.475+0000] {taskmixin.py:211} WARNING - Dependency <Task(BashOperator): delete_entry_group>, create_entry_group already registered for DAG: example_complex
[2023-06-08T19:07:28.476+0000] {logging_mixin.py:149} INFO - [2023-06-08T19:07:28.476+0000] {taskmixin.py:211} WARNING - Dependency <Task(BashOperator): create_entry_gcs>, delete_entry already registered for DAG: example_complex
[2023-06-08T19:07:28.476+0000] {logging_mixin.py:149} INFO - [2023-06-08T19:07:28.476+0000] {taskmixin.py:211} WARNING - Dependency <Task(BashOperator): delete_entry>, create_entry_gcs already registered for DAG: example_complex
[2023-06-08T19:07:28.477+0000] {logging_mixin.py:149} INFO - [2023-06-08T19:07:28.477+0000] {taskmixin.py:211} WARNING - Dependency <Task(BashOperator): create_tag>, delete_tag already registered for DAG: example_complex
[2023-06-08T19:07:28.477+0000] {logging_mixin.py:149} INFO - [2023-06-08T19:07:28.477+0000] {taskmixin.py:211} WARNING - Dependency <Task(BashOperator): delete_tag>, create_tag already registered for DAG: example_complex
[2023-06-08T19:07:28.478+0000] {processor.py:836} INFO - DAG(s) dict_keys(['example_complex']) retrieved from /home/airflow/.local/lib/python3.7/site-packages/airflow/example_dags/example_complex.py
[2023-06-08T19:07:28.501+0000] {logging_mixin.py:149} INFO - [2023-06-08T19:07:28.501+0000] {dag.py:2726} INFO - Sync 1 DAGs
[2023-06-08T19:07:28.515+0000] {logging_mixin.py:149} INFO - [2023-06-08T19:07:28.514+0000] {dag.py:3490} INFO - Setting next_dagrun for example_complex to None, run_after=None
[2023-06-08T19:07:28.524+0000] {processor.py:179} INFO - Processing /home/airflow/.local/lib/python3.7/site-packages/airflow/example_dags/example_complex.py took 0.060 seconds
[2023-06-08T19:07:58.765+0000] {processor.py:157} INFO - Started process (PID=3385) to work on /home/airflow/.local/lib/python3.7/site-packages/airflow/example_dags/example_complex.py
[2023-06-08T19:07:58.766+0000] {processor.py:826} INFO - Processing file /home/airflow/.local/lib/python3.7/site-packages/airflow/example_dags/example_complex.py for tasks to queue
[2023-06-08T19:07:58.766+0000] {logging_mixin.py:149} INFO - [2023-06-08T19:07:58.766+0000] {dagbag.py:541} INFO - Filling up the DagBag from /home/airflow/.local/lib/python3.7/site-packages/airflow/example_dags/example_complex.py
[2023-06-08T19:07:58.773+0000] {logging_mixin.py:149} INFO - [2023-06-08T19:07:58.773+0000] {taskmixin.py:211} WARNING - Dependency <Task(BashOperator): create_entry_group>, delete_entry_group already registered for DAG: example_complex
[2023-06-08T19:07:58.773+0000] {logging_mixin.py:149} INFO - [2023-06-08T19:07:58.773+0000] {taskmixin.py:211} WARNING - Dependency <Task(BashOperator): delete_entry_group>, create_entry_group already registered for DAG: example_complex
[2023-06-08T19:07:58.774+0000] {logging_mixin.py:149} INFO - [2023-06-08T19:07:58.774+0000] {taskmixin.py:211} WARNING - Dependency <Task(BashOperator): create_entry_gcs>, delete_entry already registered for DAG: example_complex
[2023-06-08T19:07:58.774+0000] {logging_mixin.py:149} INFO - [2023-06-08T19:07:58.774+0000] {taskmixin.py:211} WARNING - Dependency <Task(BashOperator): delete_entry>, create_entry_gcs already registered for DAG: example_complex
[2023-06-08T19:07:58.774+0000] {logging_mixin.py:149} INFO - [2023-06-08T19:07:58.774+0000] {taskmixin.py:211} WARNING - Dependency <Task(BashOperator): create_tag>, delete_tag already registered for DAG: example_complex
[2023-06-08T19:07:58.775+0000] {logging_mixin.py:149} INFO - [2023-06-08T19:07:58.775+0000] {taskmixin.py:211} WARNING - Dependency <Task(BashOperator): delete_tag>, create_tag already registered for DAG: example_complex
[2023-06-08T19:07:58.776+0000] {processor.py:836} INFO - DAG(s) dict_keys(['example_complex']) retrieved from /home/airflow/.local/lib/python3.7/site-packages/airflow/example_dags/example_complex.py
[2023-06-08T19:07:58.798+0000] {logging_mixin.py:149} INFO - [2023-06-08T19:07:58.798+0000] {dag.py:2726} INFO - Sync 1 DAGs
[2023-06-08T19:07:58.812+0000] {logging_mixin.py:149} INFO - [2023-06-08T19:07:58.812+0000] {dag.py:3490} INFO - Setting next_dagrun for example_complex to None, run_after=None
[2023-06-08T19:07:58.822+0000] {processor.py:179} INFO - Processing /home/airflow/.local/lib/python3.7/site-packages/airflow/example_dags/example_complex.py took 0.060 seconds
[2023-06-08T19:08:29.051+0000] {processor.py:157} INFO - Started process (PID=3622) to work on /home/airflow/.local/lib/python3.7/site-packages/airflow/example_dags/example_complex.py
[2023-06-08T19:08:29.052+0000] {processor.py:826} INFO - Processing file /home/airflow/.local/lib/python3.7/site-packages/airflow/example_dags/example_complex.py for tasks to queue
[2023-06-08T19:08:29.053+0000] {logging_mixin.py:149} INFO - [2023-06-08T19:08:29.053+0000] {dagbag.py:541} INFO - Filling up the DagBag from /home/airflow/.local/lib/python3.7/site-packages/airflow/example_dags/example_complex.py
[2023-06-08T19:08:29.059+0000] {logging_mixin.py:149} INFO - [2023-06-08T19:08:29.059+0000] {taskmixin.py:211} WARNING - Dependency <Task(BashOperator): create_entry_group>, delete_entry_group already registered for DAG: example_complex
[2023-06-08T19:08:29.060+0000] {logging_mixin.py:149} INFO - [2023-06-08T19:08:29.060+0000] {taskmixin.py:211} WARNING - Dependency <Task(BashOperator): delete_entry_group>, create_entry_group already registered for DAG: example_complex
[2023-06-08T19:08:29.060+0000] {logging_mixin.py:149} INFO - [2023-06-08T19:08:29.060+0000] {taskmixin.py:211} WARNING - Dependency <Task(BashOperator): create_entry_gcs>, delete_entry already registered for DAG: example_complex
[2023-06-08T19:08:29.061+0000] {logging_mixin.py:149} INFO - [2023-06-08T19:08:29.061+0000] {taskmixin.py:211} WARNING - Dependency <Task(BashOperator): delete_entry>, create_entry_gcs already registered for DAG: example_complex
[2023-06-08T19:08:29.061+0000] {logging_mixin.py:149} INFO - [2023-06-08T19:08:29.061+0000] {taskmixin.py:211} WARNING - Dependency <Task(BashOperator): create_tag>, delete_tag already registered for DAG: example_complex
[2023-06-08T19:08:29.061+0000] {logging_mixin.py:149} INFO - [2023-06-08T19:08:29.061+0000] {taskmixin.py:211} WARNING - Dependency <Task(BashOperator): delete_tag>, create_tag already registered for DAG: example_complex
[2023-06-08T19:08:29.063+0000] {processor.py:836} INFO - DAG(s) dict_keys(['example_complex']) retrieved from /home/airflow/.local/lib/python3.7/site-packages/airflow/example_dags/example_complex.py
[2023-06-08T19:08:29.084+0000] {logging_mixin.py:149} INFO - [2023-06-08T19:08:29.084+0000] {dag.py:2726} INFO - Sync 1 DAGs
[2023-06-08T19:08:29.097+0000] {logging_mixin.py:149} INFO - [2023-06-08T19:08:29.097+0000] {dag.py:3490} INFO - Setting next_dagrun for example_complex to None, run_after=None
[2023-06-08T19:08:29.107+0000] {processor.py:179} INFO - Processing /home/airflow/.local/lib/python3.7/site-packages/airflow/example_dags/example_complex.py took 0.058 seconds
[2023-06-08T19:08:59.401+0000] {processor.py:157} INFO - Started process (PID=3859) to work on /home/airflow/.local/lib/python3.7/site-packages/airflow/example_dags/example_complex.py
[2023-06-08T19:08:59.402+0000] {processor.py:826} INFO - Processing file /home/airflow/.local/lib/python3.7/site-packages/airflow/example_dags/example_complex.py for tasks to queue
[2023-06-08T19:08:59.403+0000] {logging_mixin.py:149} INFO - [2023-06-08T19:08:59.403+0000] {dagbag.py:541} INFO - Filling up the DagBag from /home/airflow/.local/lib/python3.7/site-packages/airflow/example_dags/example_complex.py
[2023-06-08T19:08:59.409+0000] {logging_mixin.py:149} INFO - [2023-06-08T19:08:59.409+0000] {taskmixin.py:211} WARNING - Dependency <Task(BashOperator): create_entry_group>, delete_entry_group already registered for DAG: example_complex
[2023-06-08T19:08:59.410+0000] {logging_mixin.py:149} INFO - [2023-06-08T19:08:59.410+0000] {taskmixin.py:211} WARNING - Dependency <Task(BashOperator): delete_entry_group>, create_entry_group already registered for DAG: example_complex
[2023-06-08T19:08:59.410+0000] {logging_mixin.py:149} INFO - [2023-06-08T19:08:59.410+0000] {taskmixin.py:211} WARNING - Dependency <Task(BashOperator): create_entry_gcs>, delete_entry already registered for DAG: example_complex
[2023-06-08T19:08:59.411+0000] {logging_mixin.py:149} INFO - [2023-06-08T19:08:59.411+0000] {taskmixin.py:211} WARNING - Dependency <Task(BashOperator): delete_entry>, create_entry_gcs already registered for DAG: example_complex
[2023-06-08T19:08:59.411+0000] {logging_mixin.py:149} INFO - [2023-06-08T19:08:59.411+0000] {taskmixin.py:211} WARNING - Dependency <Task(BashOperator): create_tag>, delete_tag already registered for DAG: example_complex
[2023-06-08T19:08:59.412+0000] {logging_mixin.py:149} INFO - [2023-06-08T19:08:59.411+0000] {taskmixin.py:211} WARNING - Dependency <Task(BashOperator): delete_tag>, create_tag already registered for DAG: example_complex
[2023-06-08T19:08:59.413+0000] {processor.py:836} INFO - DAG(s) dict_keys(['example_complex']) retrieved from /home/airflow/.local/lib/python3.7/site-packages/airflow/example_dags/example_complex.py
[2023-06-08T19:08:59.435+0000] {logging_mixin.py:149} INFO - [2023-06-08T19:08:59.435+0000] {dag.py:2726} INFO - Sync 1 DAGs
[2023-06-08T19:08:59.449+0000] {logging_mixin.py:149} INFO - [2023-06-08T19:08:59.449+0000] {dag.py:3490} INFO - Setting next_dagrun for example_complex to None, run_after=None
[2023-06-08T19:08:59.459+0000] {processor.py:179} INFO - Processing /home/airflow/.local/lib/python3.7/site-packages/airflow/example_dags/example_complex.py took 0.060 seconds
[2023-06-08T19:09:29.579+0000] {processor.py:157} INFO - Started process (PID=4096) to work on /home/airflow/.local/lib/python3.7/site-packages/airflow/example_dags/example_complex.py
[2023-06-08T19:09:29.580+0000] {processor.py:826} INFO - Processing file /home/airflow/.local/lib/python3.7/site-packages/airflow/example_dags/example_complex.py for tasks to queue
[2023-06-08T19:09:29.580+0000] {logging_mixin.py:149} INFO - [2023-06-08T19:09:29.580+0000] {dagbag.py:541} INFO - Filling up the DagBag from /home/airflow/.local/lib/python3.7/site-packages/airflow/example_dags/example_complex.py
[2023-06-08T19:09:29.587+0000] {logging_mixin.py:149} INFO - [2023-06-08T19:09:29.586+0000] {taskmixin.py:211} WARNING - Dependency <Task(BashOperator): create_entry_group>, delete_entry_group already registered for DAG: example_complex
[2023-06-08T19:09:29.587+0000] {logging_mixin.py:149} INFO - [2023-06-08T19:09:29.587+0000] {taskmixin.py:211} WARNING - Dependency <Task(BashOperator): delete_entry_group>, create_entry_group already registered for DAG: example_complex
[2023-06-08T19:09:29.587+0000] {logging_mixin.py:149} INFO - [2023-06-08T19:09:29.587+0000] {taskmixin.py:211} WARNING - Dependency <Task(BashOperator): create_entry_gcs>, delete_entry already registered for DAG: example_complex
[2023-06-08T19:09:29.588+0000] {logging_mixin.py:149} INFO - [2023-06-08T19:09:29.588+0000] {taskmixin.py:211} WARNING - Dependency <Task(BashOperator): delete_entry>, create_entry_gcs already registered for DAG: example_complex
[2023-06-08T19:09:29.588+0000] {logging_mixin.py:149} INFO - [2023-06-08T19:09:29.588+0000] {taskmixin.py:211} WARNING - Dependency <Task(BashOperator): create_tag>, delete_tag already registered for DAG: example_complex
[2023-06-08T19:09:29.589+0000] {logging_mixin.py:149} INFO - [2023-06-08T19:09:29.589+0000] {taskmixin.py:211} WARNING - Dependency <Task(BashOperator): delete_tag>, create_tag already registered for DAG: example_complex
[2023-06-08T19:09:29.590+0000] {processor.py:836} INFO - DAG(s) dict_keys(['example_complex']) retrieved from /home/airflow/.local/lib/python3.7/site-packages/airflow/example_dags/example_complex.py
[2023-06-08T19:09:29.611+0000] {logging_mixin.py:149} INFO - [2023-06-08T19:09:29.611+0000] {dag.py:2726} INFO - Sync 1 DAGs
[2023-06-08T19:09:29.625+0000] {logging_mixin.py:149} INFO - [2023-06-08T19:09:29.625+0000] {dag.py:3490} INFO - Setting next_dagrun for example_complex to None, run_after=None
[2023-06-08T19:09:29.634+0000] {processor.py:179} INFO - Processing /home/airflow/.local/lib/python3.7/site-packages/airflow/example_dags/example_complex.py took 0.058 seconds
[2023-06-08T19:09:59.805+0000] {processor.py:157} INFO - Started process (PID=4333) to work on /home/airflow/.local/lib/python3.7/site-packages/airflow/example_dags/example_complex.py
[2023-06-08T19:09:59.806+0000] {processor.py:826} INFO - Processing file /home/airflow/.local/lib/python3.7/site-packages/airflow/example_dags/example_complex.py for tasks to queue
[2023-06-08T19:09:59.807+0000] {logging_mixin.py:149} INFO - [2023-06-08T19:09:59.807+0000] {dagbag.py:541} INFO - Filling up the DagBag from /home/airflow/.local/lib/python3.7/site-packages/airflow/example_dags/example_complex.py
[2023-06-08T19:09:59.813+0000] {logging_mixin.py:149} INFO - [2023-06-08T19:09:59.812+0000] {taskmixin.py:211} WARNING - Dependency <Task(BashOperator): create_entry_group>, delete_entry_group already registered for DAG: example_complex
[2023-06-08T19:09:59.813+0000] {logging_mixin.py:149} INFO - [2023-06-08T19:09:59.813+0000] {taskmixin.py:211} WARNING - Dependency <Task(BashOperator): delete_entry_group>, create_entry_group already registered for DAG: example_complex
[2023-06-08T19:09:59.813+0000] {logging_mixin.py:149} INFO - [2023-06-08T19:09:59.813+0000] {taskmixin.py:211} WARNING - Dependency <Task(BashOperator): create_entry_gcs>, delete_entry already registered for DAG: example_complex
[2023-06-08T19:09:59.814+0000] {logging_mixin.py:149} INFO - [2023-06-08T19:09:59.814+0000] {taskmixin.py:211} WARNING - Dependency <Task(BashOperator): delete_entry>, create_entry_gcs already registered for DAG: example_complex
[2023-06-08T19:09:59.814+0000] {logging_mixin.py:149} INFO - [2023-06-08T19:09:59.814+0000] {taskmixin.py:211} WARNING - Dependency <Task(BashOperator): create_tag>, delete_tag already registered for DAG: example_complex
[2023-06-08T19:09:59.815+0000] {logging_mixin.py:149} INFO - [2023-06-08T19:09:59.815+0000] {taskmixin.py:211} WARNING - Dependency <Task(BashOperator): delete_tag>, create_tag already registered for DAG: example_complex
[2023-06-08T19:09:59.816+0000] {processor.py:836} INFO - DAG(s) dict_keys(['example_complex']) retrieved from /home/airflow/.local/lib/python3.7/site-packages/airflow/example_dags/example_complex.py
[2023-06-08T19:09:59.839+0000] {logging_mixin.py:149} INFO - [2023-06-08T19:09:59.839+0000] {dag.py:2726} INFO - Sync 1 DAGs
[2023-06-08T19:09:59.853+0000] {logging_mixin.py:149} INFO - [2023-06-08T19:09:59.853+0000] {dag.py:3490} INFO - Setting next_dagrun for example_complex to None, run_after=None
[2023-06-08T19:09:59.864+0000] {processor.py:179} INFO - Processing /home/airflow/.local/lib/python3.7/site-packages/airflow/example_dags/example_complex.py took 0.062 seconds
[2023-06-08T19:10:30.124+0000] {processor.py:157} INFO - Started process (PID=4570) to work on /home/airflow/.local/lib/python3.7/site-packages/airflow/example_dags/example_complex.py
[2023-06-08T19:10:30.125+0000] {processor.py:826} INFO - Processing file /home/airflow/.local/lib/python3.7/site-packages/airflow/example_dags/example_complex.py for tasks to queue
[2023-06-08T19:10:30.126+0000] {logging_mixin.py:149} INFO - [2023-06-08T19:10:30.126+0000] {dagbag.py:541} INFO - Filling up the DagBag from /home/airflow/.local/lib/python3.7/site-packages/airflow/example_dags/example_complex.py
[2023-06-08T19:10:30.132+0000] {logging_mixin.py:149} INFO - [2023-06-08T19:10:30.132+0000] {taskmixin.py:211} WARNING - Dependency <Task(BashOperator): create_entry_group>, delete_entry_group already registered for DAG: example_complex
[2023-06-08T19:10:30.132+0000] {logging_mixin.py:149} INFO - [2023-06-08T19:10:30.132+0000] {taskmixin.py:211} WARNING - Dependency <Task(BashOperator): delete_entry_group>, create_entry_group already registered for DAG: example_complex
[2023-06-08T19:10:30.133+0000] {logging_mixin.py:149} INFO - [2023-06-08T19:10:30.133+0000] {taskmixin.py:211} WARNING - Dependency <Task(BashOperator): create_entry_gcs>, delete_entry already registered for DAG: example_complex
[2023-06-08T19:10:30.133+0000] {logging_mixin.py:149} INFO - [2023-06-08T19:10:30.133+0000] {taskmixin.py:211} WARNING - Dependency <Task(BashOperator): delete_entry>, create_entry_gcs already registered for DAG: example_complex
[2023-06-08T19:10:30.134+0000] {logging_mixin.py:149} INFO - [2023-06-08T19:10:30.134+0000] {taskmixin.py:211} WARNING - Dependency <Task(BashOperator): create_tag>, delete_tag already registered for DAG: example_complex
[2023-06-08T19:10:30.134+0000] {logging_mixin.py:149} INFO - [2023-06-08T19:10:30.134+0000] {taskmixin.py:211} WARNING - Dependency <Task(BashOperator): delete_tag>, create_tag already registered for DAG: example_complex
[2023-06-08T19:10:30.135+0000] {processor.py:836} INFO - DAG(s) dict_keys(['example_complex']) retrieved from /home/airflow/.local/lib/python3.7/site-packages/airflow/example_dags/example_complex.py
[2023-06-08T19:10:30.157+0000] {logging_mixin.py:149} INFO - [2023-06-08T19:10:30.157+0000] {dag.py:2726} INFO - Sync 1 DAGs
[2023-06-08T19:10:30.171+0000] {logging_mixin.py:149} INFO - [2023-06-08T19:10:30.171+0000] {dag.py:3490} INFO - Setting next_dagrun for example_complex to None, run_after=None
[2023-06-08T19:10:30.181+0000] {processor.py:179} INFO - Processing /home/airflow/.local/lib/python3.7/site-packages/airflow/example_dags/example_complex.py took 0.059 seconds
[2023-06-08T19:11:00.363+0000] {processor.py:157} INFO - Started process (PID=4807) to work on /home/airflow/.local/lib/python3.7/site-packages/airflow/example_dags/example_complex.py
[2023-06-08T19:11:00.364+0000] {processor.py:826} INFO - Processing file /home/airflow/.local/lib/python3.7/site-packages/airflow/example_dags/example_complex.py for tasks to queue
[2023-06-08T19:11:00.365+0000] {logging_mixin.py:149} INFO - [2023-06-08T19:11:00.365+0000] {dagbag.py:541} INFO - Filling up the DagBag from /home/airflow/.local/lib/python3.7/site-packages/airflow/example_dags/example_complex.py
[2023-06-08T19:11:00.372+0000] {logging_mixin.py:149} INFO - [2023-06-08T19:11:00.371+0000] {taskmixin.py:211} WARNING - Dependency <Task(BashOperator): create_entry_group>, delete_entry_group already registered for DAG: example_complex
[2023-06-08T19:11:00.372+0000] {logging_mixin.py:149} INFO - [2023-06-08T19:11:00.372+0000] {taskmixin.py:211} WARNING - Dependency <Task(BashOperator): delete_entry_group>, create_entry_group already registered for DAG: example_complex
[2023-06-08T19:11:00.372+0000] {logging_mixin.py:149} INFO - [2023-06-08T19:11:00.372+0000] {taskmixin.py:211} WARNING - Dependency <Task(BashOperator): create_entry_gcs>, delete_entry already registered for DAG: example_complex
[2023-06-08T19:11:00.373+0000] {logging_mixin.py:149} INFO - [2023-06-08T19:11:00.373+0000] {taskmixin.py:211} WARNING - Dependency <Task(BashOperator): delete_entry>, create_entry_gcs already registered for DAG: example_complex
[2023-06-08T19:11:00.373+0000] {logging_mixin.py:149} INFO - [2023-06-08T19:11:00.373+0000] {taskmixin.py:211} WARNING - Dependency <Task(BashOperator): create_tag>, delete_tag already registered for DAG: example_complex
[2023-06-08T19:11:00.374+0000] {logging_mixin.py:149} INFO - [2023-06-08T19:11:00.374+0000] {taskmixin.py:211} WARNING - Dependency <Task(BashOperator): delete_tag>, create_tag already registered for DAG: example_complex
[2023-06-08T19:11:00.375+0000] {processor.py:836} INFO - DAG(s) dict_keys(['example_complex']) retrieved from /home/airflow/.local/lib/python3.7/site-packages/airflow/example_dags/example_complex.py
[2023-06-08T19:11:00.397+0000] {logging_mixin.py:149} INFO - [2023-06-08T19:11:00.397+0000] {dag.py:2726} INFO - Sync 1 DAGs
[2023-06-08T19:11:00.411+0000] {logging_mixin.py:149} INFO - [2023-06-08T19:11:00.411+0000] {dag.py:3490} INFO - Setting next_dagrun for example_complex to None, run_after=None
[2023-06-08T19:11:00.421+0000] {processor.py:179} INFO - Processing /home/airflow/.local/lib/python3.7/site-packages/airflow/example_dags/example_complex.py took 0.060 seconds
[2023-06-08T19:11:30.695+0000] {processor.py:157} INFO - Started process (PID=5044) to work on /home/airflow/.local/lib/python3.7/site-packages/airflow/example_dags/example_complex.py
[2023-06-08T19:11:30.695+0000] {processor.py:826} INFO - Processing file /home/airflow/.local/lib/python3.7/site-packages/airflow/example_dags/example_complex.py for tasks to queue
[2023-06-08T19:11:30.696+0000] {logging_mixin.py:149} INFO - [2023-06-08T19:11:30.696+0000] {dagbag.py:541} INFO - Filling up the DagBag from /home/airflow/.local/lib/python3.7/site-packages/airflow/example_dags/example_complex.py
[2023-06-08T19:11:30.702+0000] {logging_mixin.py:149} INFO - [2023-06-08T19:11:30.702+0000] {taskmixin.py:211} WARNING - Dependency <Task(BashOperator): create_entry_group>, delete_entry_group already registered for DAG: example_complex
[2023-06-08T19:11:30.702+0000] {logging_mixin.py:149} INFO - [2023-06-08T19:11:30.702+0000] {taskmixin.py:211} WARNING - Dependency <Task(BashOperator): delete_entry_group>, create_entry_group already registered for DAG: example_complex
[2023-06-08T19:11:30.703+0000] {logging_mixin.py:149} INFO - [2023-06-08T19:11:30.703+0000] {taskmixin.py:211} WARNING - Dependency <Task(BashOperator): create_entry_gcs>, delete_entry already registered for DAG: example_complex
[2023-06-08T19:11:30.703+0000] {logging_mixin.py:149} INFO - [2023-06-08T19:11:30.703+0000] {taskmixin.py:211} WARNING - Dependency <Task(BashOperator): delete_entry>, create_entry_gcs already registered for DAG: example_complex
[2023-06-08T19:11:30.704+0000] {logging_mixin.py:149} INFO - [2023-06-08T19:11:30.704+0000] {taskmixin.py:211} WARNING - Dependency <Task(BashOperator): create_tag>, delete_tag already registered for DAG: example_complex
[2023-06-08T19:11:30.704+0000] {logging_mixin.py:149} INFO - [2023-06-08T19:11:30.704+0000] {taskmixin.py:211} WARNING - Dependency <Task(BashOperator): delete_tag>, create_tag already registered for DAG: example_complex
[2023-06-08T19:11:30.705+0000] {processor.py:836} INFO - DAG(s) dict_keys(['example_complex']) retrieved from /home/airflow/.local/lib/python3.7/site-packages/airflow/example_dags/example_complex.py
[2023-06-08T19:11:30.728+0000] {logging_mixin.py:149} INFO - [2023-06-08T19:11:30.728+0000] {dag.py:2726} INFO - Sync 1 DAGs
[2023-06-08T19:11:30.741+0000] {logging_mixin.py:149} INFO - [2023-06-08T19:11:30.741+0000] {dag.py:3490} INFO - Setting next_dagrun for example_complex to None, run_after=None
[2023-06-08T19:11:30.750+0000] {processor.py:179} INFO - Processing /home/airflow/.local/lib/python3.7/site-packages/airflow/example_dags/example_complex.py took 0.058 seconds
[2023-06-08T19:12:00.903+0000] {processor.py:157} INFO - Started process (PID=5281) to work on /home/airflow/.local/lib/python3.7/site-packages/airflow/example_dags/example_complex.py
[2023-06-08T19:12:00.904+0000] {processor.py:826} INFO - Processing file /home/airflow/.local/lib/python3.7/site-packages/airflow/example_dags/example_complex.py for tasks to queue
[2023-06-08T19:12:00.905+0000] {logging_mixin.py:149} INFO - [2023-06-08T19:12:00.905+0000] {dagbag.py:541} INFO - Filling up the DagBag from /home/airflow/.local/lib/python3.7/site-packages/airflow/example_dags/example_complex.py
[2023-06-08T19:12:00.910+0000] {logging_mixin.py:149} INFO - [2023-06-08T19:12:00.910+0000] {taskmixin.py:211} WARNING - Dependency <Task(BashOperator): create_entry_group>, delete_entry_group already registered for DAG: example_complex
[2023-06-08T19:12:00.911+0000] {logging_mixin.py:149} INFO - [2023-06-08T19:12:00.911+0000] {taskmixin.py:211} WARNING - Dependency <Task(BashOperator): delete_entry_group>, create_entry_group already registered for DAG: example_complex
[2023-06-08T19:12:00.911+0000] {logging_mixin.py:149} INFO - [2023-06-08T19:12:00.911+0000] {taskmixin.py:211} WARNING - Dependency <Task(BashOperator): create_entry_gcs>, delete_entry already registered for DAG: example_complex
[2023-06-08T19:12:00.911+0000] {logging_mixin.py:149} INFO - [2023-06-08T19:12:00.911+0000] {taskmixin.py:211} WARNING - Dependency <Task(BashOperator): delete_entry>, create_entry_gcs already registered for DAG: example_complex
[2023-06-08T19:12:00.912+0000] {logging_mixin.py:149} INFO - [2023-06-08T19:12:00.912+0000] {taskmixin.py:211} WARNING - Dependency <Task(BashOperator): create_tag>, delete_tag already registered for DAG: example_complex
[2023-06-08T19:12:00.912+0000] {logging_mixin.py:149} INFO - [2023-06-08T19:12:00.912+0000] {taskmixin.py:211} WARNING - Dependency <Task(BashOperator): delete_tag>, create_tag already registered for DAG: example_complex
[2023-06-08T19:12:00.913+0000] {processor.py:836} INFO - DAG(s) dict_keys(['example_complex']) retrieved from /home/airflow/.local/lib/python3.7/site-packages/airflow/example_dags/example_complex.py
[2023-06-08T19:12:00.935+0000] {logging_mixin.py:149} INFO - [2023-06-08T19:12:00.935+0000] {dag.py:2726} INFO - Sync 1 DAGs
[2023-06-08T19:12:00.949+0000] {logging_mixin.py:149} INFO - [2023-06-08T19:12:00.949+0000] {dag.py:3490} INFO - Setting next_dagrun for example_complex to None, run_after=None
[2023-06-08T19:12:00.959+0000] {processor.py:179} INFO - Processing /home/airflow/.local/lib/python3.7/site-packages/airflow/example_dags/example_complex.py took 0.058 seconds
[2023-06-08T19:12:31.171+0000] {processor.py:157} INFO - Started process (PID=5519) to work on /home/airflow/.local/lib/python3.7/site-packages/airflow/example_dags/example_complex.py
[2023-06-08T19:12:31.172+0000] {processor.py:826} INFO - Processing file /home/airflow/.local/lib/python3.7/site-packages/airflow/example_dags/example_complex.py for tasks to queue
[2023-06-08T19:12:31.173+0000] {logging_mixin.py:149} INFO - [2023-06-08T19:12:31.172+0000] {dagbag.py:541} INFO - Filling up the DagBag from /home/airflow/.local/lib/python3.7/site-packages/airflow/example_dags/example_complex.py
[2023-06-08T19:12:31.178+0000] {logging_mixin.py:149} INFO - [2023-06-08T19:12:31.178+0000] {taskmixin.py:211} WARNING - Dependency <Task(BashOperator): create_entry_group>, delete_entry_group already registered for DAG: example_complex
[2023-06-08T19:12:31.179+0000] {logging_mixin.py:149} INFO - [2023-06-08T19:12:31.179+0000] {taskmixin.py:211} WARNING - Dependency <Task(BashOperator): delete_entry_group>, create_entry_group already registered for DAG: example_complex
[2023-06-08T19:12:31.179+0000] {logging_mixin.py:149} INFO - [2023-06-08T19:12:31.179+0000] {taskmixin.py:211} WARNING - Dependency <Task(BashOperator): create_entry_gcs>, delete_entry already registered for DAG: example_complex
[2023-06-08T19:12:31.180+0000] {logging_mixin.py:149} INFO - [2023-06-08T19:12:31.180+0000] {taskmixin.py:211} WARNING - Dependency <Task(BashOperator): delete_entry>, create_entry_gcs already registered for DAG: example_complex
[2023-06-08T19:12:31.180+0000] {logging_mixin.py:149} INFO - [2023-06-08T19:12:31.180+0000] {taskmixin.py:211} WARNING - Dependency <Task(BashOperator): create_tag>, delete_tag already registered for DAG: example_complex
[2023-06-08T19:12:31.180+0000] {logging_mixin.py:149} INFO - [2023-06-08T19:12:31.180+0000] {taskmixin.py:211} WARNING - Dependency <Task(BashOperator): delete_tag>, create_tag already registered for DAG: example_complex
[2023-06-08T19:12:31.181+0000] {processor.py:836} INFO - DAG(s) dict_keys(['example_complex']) retrieved from /home/airflow/.local/lib/python3.7/site-packages/airflow/example_dags/example_complex.py
[2023-06-08T19:12:31.204+0000] {logging_mixin.py:149} INFO - [2023-06-08T19:12:31.203+0000] {dag.py:2726} INFO - Sync 1 DAGs
[2023-06-08T19:12:31.218+0000] {logging_mixin.py:149} INFO - [2023-06-08T19:12:31.217+0000] {dag.py:3490} INFO - Setting next_dagrun for example_complex to None, run_after=None
[2023-06-08T19:12:31.228+0000] {processor.py:179} INFO - Processing /home/airflow/.local/lib/python3.7/site-packages/airflow/example_dags/example_complex.py took 0.059 seconds
[2023-06-08T19:13:01.429+0000] {processor.py:157} INFO - Started process (PID=5756) to work on /home/airflow/.local/lib/python3.7/site-packages/airflow/example_dags/example_complex.py
[2023-06-08T19:13:01.430+0000] {processor.py:826} INFO - Processing file /home/airflow/.local/lib/python3.7/site-packages/airflow/example_dags/example_complex.py for tasks to queue
[2023-06-08T19:13:01.431+0000] {logging_mixin.py:149} INFO - [2023-06-08T19:13:01.431+0000] {dagbag.py:541} INFO - Filling up the DagBag from /home/airflow/.local/lib/python3.7/site-packages/airflow/example_dags/example_complex.py
[2023-06-08T19:13:01.437+0000] {logging_mixin.py:149} INFO - [2023-06-08T19:13:01.437+0000] {taskmixin.py:211} WARNING - Dependency <Task(BashOperator): create_entry_group>, delete_entry_group already registered for DAG: example_complex
[2023-06-08T19:13:01.438+0000] {logging_mixin.py:149} INFO - [2023-06-08T19:13:01.438+0000] {taskmixin.py:211} WARNING - Dependency <Task(BashOperator): delete_entry_group>, create_entry_group already registered for DAG: example_complex
[2023-06-08T19:13:01.438+0000] {logging_mixin.py:149} INFO - [2023-06-08T19:13:01.438+0000] {taskmixin.py:211} WARNING - Dependency <Task(BashOperator): create_entry_gcs>, delete_entry already registered for DAG: example_complex
[2023-06-08T19:13:01.439+0000] {logging_mixin.py:149} INFO - [2023-06-08T19:13:01.439+0000] {taskmixin.py:211} WARNING - Dependency <Task(BashOperator): delete_entry>, create_entry_gcs already registered for DAG: example_complex
[2023-06-08T19:13:01.439+0000] {logging_mixin.py:149} INFO - [2023-06-08T19:13:01.439+0000] {taskmixin.py:211} WARNING - Dependency <Task(BashOperator): create_tag>, delete_tag already registered for DAG: example_complex
[2023-06-08T19:13:01.440+0000] {logging_mixin.py:149} INFO - [2023-06-08T19:13:01.440+0000] {taskmixin.py:211} WARNING - Dependency <Task(BashOperator): delete_tag>, create_tag already registered for DAG: example_complex
[2023-06-08T19:13:01.441+0000] {processor.py:836} INFO - DAG(s) dict_keys(['example_complex']) retrieved from /home/airflow/.local/lib/python3.7/site-packages/airflow/example_dags/example_complex.py
[2023-06-08T19:13:01.463+0000] {logging_mixin.py:149} INFO - [2023-06-08T19:13:01.463+0000] {dag.py:2726} INFO - Sync 1 DAGs
[2023-06-08T19:13:01.477+0000] {logging_mixin.py:149} INFO - [2023-06-08T19:13:01.477+0000] {dag.py:3490} INFO - Setting next_dagrun for example_complex to None, run_after=None
[2023-06-08T19:13:01.486+0000] {processor.py:179} INFO - Processing /home/airflow/.local/lib/python3.7/site-packages/airflow/example_dags/example_complex.py took 0.059 seconds
[2023-06-08T19:13:31.782+0000] {processor.py:157} INFO - Started process (PID=5993) to work on /home/airflow/.local/lib/python3.7/site-packages/airflow/example_dags/example_complex.py
[2023-06-08T19:13:31.783+0000] {processor.py:826} INFO - Processing file /home/airflow/.local/lib/python3.7/site-packages/airflow/example_dags/example_complex.py for tasks to queue
[2023-06-08T19:13:31.784+0000] {logging_mixin.py:149} INFO - [2023-06-08T19:13:31.784+0000] {dagbag.py:541} INFO - Filling up the DagBag from /home/airflow/.local/lib/python3.7/site-packages/airflow/example_dags/example_complex.py
[2023-06-08T19:13:31.790+0000] {logging_mixin.py:149} INFO - [2023-06-08T19:13:31.790+0000] {taskmixin.py:211} WARNING - Dependency <Task(BashOperator): create_entry_group>, delete_entry_group already registered for DAG: example_complex
[2023-06-08T19:13:31.790+0000] {logging_mixin.py:149} INFO - [2023-06-08T19:13:31.790+0000] {taskmixin.py:211} WARNING - Dependency <Task(BashOperator): delete_entry_group>, create_entry_group already registered for DAG: example_complex
[2023-06-08T19:13:31.790+0000] {logging_mixin.py:149} INFO - [2023-06-08T19:13:31.790+0000] {taskmixin.py:211} WARNING - Dependency <Task(BashOperator): create_entry_gcs>, delete_entry already registered for DAG: example_complex
[2023-06-08T19:13:31.791+0000] {logging_mixin.py:149} INFO - [2023-06-08T19:13:31.791+0000] {taskmixin.py:211} WARNING - Dependency <Task(BashOperator): delete_entry>, create_entry_gcs already registered for DAG: example_complex
[2023-06-08T19:13:31.791+0000] {logging_mixin.py:149} INFO - [2023-06-08T19:13:31.791+0000] {taskmixin.py:211} WARNING - Dependency <Task(BashOperator): create_tag>, delete_tag already registered for DAG: example_complex
[2023-06-08T19:13:31.792+0000] {logging_mixin.py:149} INFO - [2023-06-08T19:13:31.792+0000] {taskmixin.py:211} WARNING - Dependency <Task(BashOperator): delete_tag>, create_tag already registered for DAG: example_complex
[2023-06-08T19:13:31.793+0000] {processor.py:836} INFO - DAG(s) dict_keys(['example_complex']) retrieved from /home/airflow/.local/lib/python3.7/site-packages/airflow/example_dags/example_complex.py
[2023-06-08T19:13:31.815+0000] {logging_mixin.py:149} INFO - [2023-06-08T19:13:31.815+0000] {dag.py:2726} INFO - Sync 1 DAGs
[2023-06-08T19:13:31.829+0000] {logging_mixin.py:149} INFO - [2023-06-08T19:13:31.829+0000] {dag.py:3490} INFO - Setting next_dagrun for example_complex to None, run_after=None
[2023-06-08T19:13:31.838+0000] {processor.py:179} INFO - Processing /home/airflow/.local/lib/python3.7/site-packages/airflow/example_dags/example_complex.py took 0.059 seconds
[2023-06-08T19:14:01.976+0000] {processor.py:157} INFO - Started process (PID=6230) to work on /home/airflow/.local/lib/python3.7/site-packages/airflow/example_dags/example_complex.py
[2023-06-08T19:14:01.977+0000] {processor.py:826} INFO - Processing file /home/airflow/.local/lib/python3.7/site-packages/airflow/example_dags/example_complex.py for tasks to queue
[2023-06-08T19:14:01.978+0000] {logging_mixin.py:149} INFO - [2023-06-08T19:14:01.978+0000] {dagbag.py:541} INFO - Filling up the DagBag from /home/airflow/.local/lib/python3.7/site-packages/airflow/example_dags/example_complex.py
[2023-06-08T19:14:01.984+0000] {logging_mixin.py:149} INFO - [2023-06-08T19:14:01.984+0000] {taskmixin.py:211} WARNING - Dependency <Task(BashOperator): create_entry_group>, delete_entry_group already registered for DAG: example_complex
[2023-06-08T19:14:01.984+0000] {logging_mixin.py:149} INFO - [2023-06-08T19:14:01.984+0000] {taskmixin.py:211} WARNING - Dependency <Task(BashOperator): delete_entry_group>, create_entry_group already registered for DAG: example_complex
[2023-06-08T19:14:01.984+0000] {logging_mixin.py:149} INFO - [2023-06-08T19:14:01.984+0000] {taskmixin.py:211} WARNING - Dependency <Task(BashOperator): create_entry_gcs>, delete_entry already registered for DAG: example_complex
[2023-06-08T19:14:01.985+0000] {logging_mixin.py:149} INFO - [2023-06-08T19:14:01.985+0000] {taskmixin.py:211} WARNING - Dependency <Task(BashOperator): delete_entry>, create_entry_gcs already registered for DAG: example_complex
[2023-06-08T19:14:01.985+0000] {logging_mixin.py:149} INFO - [2023-06-08T19:14:01.985+0000] {taskmixin.py:211} WARNING - Dependency <Task(BashOperator): create_tag>, delete_tag already registered for DAG: example_complex
[2023-06-08T19:14:01.985+0000] {logging_mixin.py:149} INFO - [2023-06-08T19:14:01.985+0000] {taskmixin.py:211} WARNING - Dependency <Task(BashOperator): delete_tag>, create_tag already registered for DAG: example_complex
[2023-06-08T19:14:01.986+0000] {processor.py:836} INFO - DAG(s) dict_keys(['example_complex']) retrieved from /home/airflow/.local/lib/python3.7/site-packages/airflow/example_dags/example_complex.py
[2023-06-08T19:14:02.007+0000] {logging_mixin.py:149} INFO - [2023-06-08T19:14:02.007+0000] {dag.py:2726} INFO - Sync 1 DAGs
[2023-06-08T19:14:02.021+0000] {logging_mixin.py:149} INFO - [2023-06-08T19:14:02.021+0000] {dag.py:3490} INFO - Setting next_dagrun for example_complex to None, run_after=None
[2023-06-08T19:14:02.030+0000] {processor.py:179} INFO - Processing /home/airflow/.local/lib/python3.7/site-packages/airflow/example_dags/example_complex.py took 0.057 seconds
[2023-06-08T19:14:32.203+0000] {processor.py:157} INFO - Started process (PID=6468) to work on /home/airflow/.local/lib/python3.7/site-packages/airflow/example_dags/example_complex.py
[2023-06-08T19:14:32.204+0000] {processor.py:826} INFO - Processing file /home/airflow/.local/lib/python3.7/site-packages/airflow/example_dags/example_complex.py for tasks to queue
[2023-06-08T19:14:32.205+0000] {logging_mixin.py:149} INFO - [2023-06-08T19:14:32.205+0000] {dagbag.py:541} INFO - Filling up the DagBag from /home/airflow/.local/lib/python3.7/site-packages/airflow/example_dags/example_complex.py
[2023-06-08T19:14:32.211+0000] {logging_mixin.py:149} INFO - [2023-06-08T19:14:32.211+0000] {taskmixin.py:211} WARNING - Dependency <Task(BashOperator): create_entry_group>, delete_entry_group already registered for DAG: example_complex
[2023-06-08T19:14:32.212+0000] {logging_mixin.py:149} INFO - [2023-06-08T19:14:32.212+0000] {taskmixin.py:211} WARNING - Dependency <Task(BashOperator): delete_entry_group>, create_entry_group already registered for DAG: example_complex
[2023-06-08T19:14:32.212+0000] {logging_mixin.py:149} INFO - [2023-06-08T19:14:32.212+0000] {taskmixin.py:211} WARNING - Dependency <Task(BashOperator): create_entry_gcs>, delete_entry already registered for DAG: example_complex
[2023-06-08T19:14:32.213+0000] {logging_mixin.py:149} INFO - [2023-06-08T19:14:32.213+0000] {taskmixin.py:211} WARNING - Dependency <Task(BashOperator): delete_entry>, create_entry_gcs already registered for DAG: example_complex
[2023-06-08T19:14:32.213+0000] {logging_mixin.py:149} INFO - [2023-06-08T19:14:32.213+0000] {taskmixin.py:211} WARNING - Dependency <Task(BashOperator): create_tag>, delete_tag already registered for DAG: example_complex
[2023-06-08T19:14:32.213+0000] {logging_mixin.py:149} INFO - [2023-06-08T19:14:32.213+0000] {taskmixin.py:211} WARNING - Dependency <Task(BashOperator): delete_tag>, create_tag already registered for DAG: example_complex
[2023-06-08T19:14:32.214+0000] {processor.py:836} INFO - DAG(s) dict_keys(['example_complex']) retrieved from /home/airflow/.local/lib/python3.7/site-packages/airflow/example_dags/example_complex.py
[2023-06-08T19:14:32.237+0000] {logging_mixin.py:149} INFO - [2023-06-08T19:14:32.237+0000] {dag.py:2726} INFO - Sync 1 DAGs
[2023-06-08T19:14:32.250+0000] {logging_mixin.py:149} INFO - [2023-06-08T19:14:32.250+0000] {dag.py:3490} INFO - Setting next_dagrun for example_complex to None, run_after=None
[2023-06-08T19:14:32.260+0000] {processor.py:179} INFO - Processing /home/airflow/.local/lib/python3.7/site-packages/airflow/example_dags/example_complex.py took 0.059 seconds
[2023-06-08T19:15:02.424+0000] {processor.py:157} INFO - Started process (PID=6705) to work on /home/airflow/.local/lib/python3.7/site-packages/airflow/example_dags/example_complex.py
[2023-06-08T19:15:02.425+0000] {processor.py:826} INFO - Processing file /home/airflow/.local/lib/python3.7/site-packages/airflow/example_dags/example_complex.py for tasks to queue
[2023-06-08T19:15:02.426+0000] {logging_mixin.py:149} INFO - [2023-06-08T19:15:02.425+0000] {dagbag.py:541} INFO - Filling up the DagBag from /home/airflow/.local/lib/python3.7/site-packages/airflow/example_dags/example_complex.py
[2023-06-08T19:15:02.431+0000] {logging_mixin.py:149} INFO - [2023-06-08T19:15:02.431+0000] {taskmixin.py:211} WARNING - Dependency <Task(BashOperator): create_entry_group>, delete_entry_group already registered for DAG: example_complex
[2023-06-08T19:15:02.432+0000] {logging_mixin.py:149} INFO - [2023-06-08T19:15:02.432+0000] {taskmixin.py:211} WARNING - Dependency <Task(BashOperator): delete_entry_group>, create_entry_group already registered for DAG: example_complex
[2023-06-08T19:15:02.432+0000] {logging_mixin.py:149} INFO - [2023-06-08T19:15:02.432+0000] {taskmixin.py:211} WARNING - Dependency <Task(BashOperator): create_entry_gcs>, delete_entry already registered for DAG: example_complex
[2023-06-08T19:15:02.433+0000] {logging_mixin.py:149} INFO - [2023-06-08T19:15:02.433+0000] {taskmixin.py:211} WARNING - Dependency <Task(BashOperator): delete_entry>, create_entry_gcs already registered for DAG: example_complex
[2023-06-08T19:15:02.433+0000] {logging_mixin.py:149} INFO - [2023-06-08T19:15:02.433+0000] {taskmixin.py:211} WARNING - Dependency <Task(BashOperator): create_tag>, delete_tag already registered for DAG: example_complex
[2023-06-08T19:15:02.433+0000] {logging_mixin.py:149} INFO - [2023-06-08T19:15:02.433+0000] {taskmixin.py:211} WARNING - Dependency <Task(BashOperator): delete_tag>, create_tag already registered for DAG: example_complex
[2023-06-08T19:15:02.434+0000] {processor.py:836} INFO - DAG(s) dict_keys(['example_complex']) retrieved from /home/airflow/.local/lib/python3.7/site-packages/airflow/example_dags/example_complex.py
[2023-06-08T19:15:02.456+0000] {logging_mixin.py:149} INFO - [2023-06-08T19:15:02.456+0000] {dag.py:2726} INFO - Sync 1 DAGs
[2023-06-08T19:15:02.471+0000] {logging_mixin.py:149} INFO - [2023-06-08T19:15:02.471+0000] {dag.py:3490} INFO - Setting next_dagrun for example_complex to None, run_after=None
[2023-06-08T19:15:02.480+0000] {processor.py:179} INFO - Processing /home/airflow/.local/lib/python3.7/site-packages/airflow/example_dags/example_complex.py took 0.059 seconds
