[2023-06-08T19:01:24.465+0000] {processor.py:157} INFO - Started process (PID=197) to work on /home/airflow/.local/lib/python3.7/site-packages/airflow/example_dags/tutorial_taskflow_api_virtualenv.py
[2023-06-08T19:01:24.465+0000] {processor.py:826} INFO - Processing file /home/airflow/.local/lib/python3.7/site-packages/airflow/example_dags/tutorial_taskflow_api_virtualenv.py for tasks to queue
[2023-06-08T19:01:24.466+0000] {logging_mixin.py:149} INFO - [2023-06-08T19:01:24.466+0000] {dagbag.py:541} INFO - Filling up the DagBag from /home/airflow/.local/lib/python3.7/site-packages/airflow/example_dags/tutorial_taskflow_api_virtualenv.py
[2023-06-08T19:01:24.472+0000] {processor.py:836} INFO - DAG(s) dict_keys(['tutorial_taskflow_api_virtualenv']) retrieved from /home/airflow/.local/lib/python3.7/site-packages/airflow/example_dags/tutorial_taskflow_api_virtualenv.py
[2023-06-08T19:01:24.483+0000] {logging_mixin.py:149} INFO - [2023-06-08T19:01:24.483+0000] {dag.py:2726} INFO - Sync 1 DAGs
[2023-06-08T19:01:24.500+0000] {logging_mixin.py:149} INFO - [2023-06-08T19:01:24.500+0000] {dag.py:3490} INFO - Setting next_dagrun for tutorial_taskflow_api_virtualenv to None, run_after=None
[2023-06-08T19:01:24.513+0000] {processor.py:179} INFO - Processing /home/airflow/.local/lib/python3.7/site-packages/airflow/example_dags/tutorial_taskflow_api_virtualenv.py took 0.050 seconds
[2023-06-08T19:01:55.383+0000] {processor.py:157} INFO - Started process (PID=434) to work on /home/airflow/.local/lib/python3.7/site-packages/airflow/example_dags/tutorial_taskflow_api_virtualenv.py
[2023-06-08T19:01:55.384+0000] {processor.py:826} INFO - Processing file /home/airflow/.local/lib/python3.7/site-packages/airflow/example_dags/tutorial_taskflow_api_virtualenv.py for tasks to queue
[2023-06-08T19:01:55.384+0000] {logging_mixin.py:149} INFO - [2023-06-08T19:01:55.384+0000] {dagbag.py:541} INFO - Filling up the DagBag from /home/airflow/.local/lib/python3.7/site-packages/airflow/example_dags/tutorial_taskflow_api_virtualenv.py
[2023-06-08T19:01:55.389+0000] {processor.py:836} INFO - DAG(s) dict_keys(['tutorial_taskflow_api_virtualenv']) retrieved from /home/airflow/.local/lib/python3.7/site-packages/airflow/example_dags/tutorial_taskflow_api_virtualenv.py
[2023-06-08T19:01:55.405+0000] {logging_mixin.py:149} INFO - [2023-06-08T19:01:55.405+0000] {dag.py:2726} INFO - Sync 1 DAGs
[2023-06-08T19:01:55.489+0000] {logging_mixin.py:149} INFO - [2023-06-08T19:01:55.489+0000] {dag.py:3490} INFO - Setting next_dagrun for tutorial_taskflow_api_virtualenv to None, run_after=None
[2023-06-08T19:01:55.499+0000] {processor.py:179} INFO - Processing /home/airflow/.local/lib/python3.7/site-packages/airflow/example_dags/tutorial_taskflow_api_virtualenv.py took 0.119 seconds
[2023-06-08T19:02:25.549+0000] {processor.py:157} INFO - Started process (PID=666) to work on /home/airflow/.local/lib/python3.7/site-packages/airflow/example_dags/tutorial_taskflow_api_virtualenv.py
[2023-06-08T19:02:25.550+0000] {processor.py:826} INFO - Processing file /home/airflow/.local/lib/python3.7/site-packages/airflow/example_dags/tutorial_taskflow_api_virtualenv.py for tasks to queue
[2023-06-08T19:02:25.551+0000] {logging_mixin.py:149} INFO - [2023-06-08T19:02:25.551+0000] {dagbag.py:541} INFO - Filling up the DagBag from /home/airflow/.local/lib/python3.7/site-packages/airflow/example_dags/tutorial_taskflow_api_virtualenv.py
[2023-06-08T19:02:25.555+0000] {processor.py:836} INFO - DAG(s) dict_keys(['tutorial_taskflow_api_virtualenv']) retrieved from /home/airflow/.local/lib/python3.7/site-packages/airflow/example_dags/tutorial_taskflow_api_virtualenv.py
[2023-06-08T19:02:25.572+0000] {logging_mixin.py:149} INFO - [2023-06-08T19:02:25.572+0000] {dag.py:2726} INFO - Sync 1 DAGs
[2023-06-08T19:02:25.586+0000] {logging_mixin.py:149} INFO - [2023-06-08T19:02:25.586+0000] {dag.py:3490} INFO - Setting next_dagrun for tutorial_taskflow_api_virtualenv to None, run_after=None
[2023-06-08T19:02:25.596+0000] {processor.py:179} INFO - Processing /home/airflow/.local/lib/python3.7/site-packages/airflow/example_dags/tutorial_taskflow_api_virtualenv.py took 0.049 seconds
[2023-06-08T19:02:55.835+0000] {processor.py:157} INFO - Started process (PID=956) to work on /home/airflow/.local/lib/python3.7/site-packages/airflow/example_dags/tutorial_taskflow_api_virtualenv.py
[2023-06-08T19:02:55.836+0000] {processor.py:826} INFO - Processing file /home/airflow/.local/lib/python3.7/site-packages/airflow/example_dags/tutorial_taskflow_api_virtualenv.py for tasks to queue
[2023-06-08T19:02:55.837+0000] {logging_mixin.py:149} INFO - [2023-06-08T19:02:55.837+0000] {dagbag.py:541} INFO - Filling up the DagBag from /home/airflow/.local/lib/python3.7/site-packages/airflow/example_dags/tutorial_taskflow_api_virtualenv.py
[2023-06-08T19:02:55.841+0000] {processor.py:836} INFO - DAG(s) dict_keys(['tutorial_taskflow_api_virtualenv']) retrieved from /home/airflow/.local/lib/python3.7/site-packages/airflow/example_dags/tutorial_taskflow_api_virtualenv.py
[2023-06-08T19:02:55.857+0000] {logging_mixin.py:149} INFO - [2023-06-08T19:02:55.857+0000] {dag.py:2726} INFO - Sync 1 DAGs
[2023-06-08T19:02:55.870+0000] {logging_mixin.py:149} INFO - [2023-06-08T19:02:55.870+0000] {dag.py:3490} INFO - Setting next_dagrun for tutorial_taskflow_api_virtualenv to None, run_after=None
[2023-06-08T19:02:55.880+0000] {processor.py:179} INFO - Processing /home/airflow/.local/lib/python3.7/site-packages/airflow/example_dags/tutorial_taskflow_api_virtualenv.py took 0.048 seconds
[2023-06-08T19:03:26.167+0000] {processor.py:157} INFO - Started process (PID=1243) to work on /home/airflow/.local/lib/python3.7/site-packages/airflow/example_dags/tutorial_taskflow_api_virtualenv.py
[2023-06-08T19:03:26.168+0000] {processor.py:826} INFO - Processing file /home/airflow/.local/lib/python3.7/site-packages/airflow/example_dags/tutorial_taskflow_api_virtualenv.py for tasks to queue
[2023-06-08T19:03:26.169+0000] {logging_mixin.py:149} INFO - [2023-06-08T19:03:26.168+0000] {dagbag.py:541} INFO - Filling up the DagBag from /home/airflow/.local/lib/python3.7/site-packages/airflow/example_dags/tutorial_taskflow_api_virtualenv.py
[2023-06-08T19:03:26.173+0000] {processor.py:836} INFO - DAG(s) dict_keys(['tutorial_taskflow_api_virtualenv']) retrieved from /home/airflow/.local/lib/python3.7/site-packages/airflow/example_dags/tutorial_taskflow_api_virtualenv.py
[2023-06-08T19:03:26.190+0000] {logging_mixin.py:149} INFO - [2023-06-08T19:03:26.190+0000] {dag.py:2726} INFO - Sync 1 DAGs
[2023-06-08T19:03:26.204+0000] {logging_mixin.py:149} INFO - [2023-06-08T19:03:26.203+0000] {dag.py:3490} INFO - Setting next_dagrun for tutorial_taskflow_api_virtualenv to None, run_after=None
[2023-06-08T19:03:26.214+0000] {processor.py:179} INFO - Processing /home/airflow/.local/lib/python3.7/site-packages/airflow/example_dags/tutorial_taskflow_api_virtualenv.py took 0.050 seconds
[2023-06-08T19:03:56.333+0000] {processor.py:157} INFO - Started process (PID=1479) to work on /home/airflow/.local/lib/python3.7/site-packages/airflow/example_dags/tutorial_taskflow_api_virtualenv.py
[2023-06-08T19:03:56.333+0000] {processor.py:826} INFO - Processing file /home/airflow/.local/lib/python3.7/site-packages/airflow/example_dags/tutorial_taskflow_api_virtualenv.py for tasks to queue
[2023-06-08T19:03:56.334+0000] {logging_mixin.py:149} INFO - [2023-06-08T19:03:56.334+0000] {dagbag.py:541} INFO - Filling up the DagBag from /home/airflow/.local/lib/python3.7/site-packages/airflow/example_dags/tutorial_taskflow_api_virtualenv.py
[2023-06-08T19:03:56.338+0000] {processor.py:836} INFO - DAG(s) dict_keys(['tutorial_taskflow_api_virtualenv']) retrieved from /home/airflow/.local/lib/python3.7/site-packages/airflow/example_dags/tutorial_taskflow_api_virtualenv.py
[2023-06-08T19:03:56.356+0000] {logging_mixin.py:149} INFO - [2023-06-08T19:03:56.356+0000] {dag.py:2726} INFO - Sync 1 DAGs
[2023-06-08T19:03:56.371+0000] {logging_mixin.py:149} INFO - [2023-06-08T19:03:56.371+0000] {dag.py:3490} INFO - Setting next_dagrun for tutorial_taskflow_api_virtualenv to None, run_after=None
[2023-06-08T19:03:56.381+0000] {processor.py:179} INFO - Processing /home/airflow/.local/lib/python3.7/site-packages/airflow/example_dags/tutorial_taskflow_api_virtualenv.py took 0.051 seconds
[2023-06-08T19:04:26.524+0000] {processor.py:157} INFO - Started process (PID=1716) to work on /home/airflow/.local/lib/python3.7/site-packages/airflow/example_dags/tutorial_taskflow_api_virtualenv.py
[2023-06-08T19:04:26.525+0000] {processor.py:826} INFO - Processing file /home/airflow/.local/lib/python3.7/site-packages/airflow/example_dags/tutorial_taskflow_api_virtualenv.py for tasks to queue
[2023-06-08T19:04:26.526+0000] {logging_mixin.py:149} INFO - [2023-06-08T19:04:26.525+0000] {dagbag.py:541} INFO - Filling up the DagBag from /home/airflow/.local/lib/python3.7/site-packages/airflow/example_dags/tutorial_taskflow_api_virtualenv.py
[2023-06-08T19:04:26.530+0000] {processor.py:836} INFO - DAG(s) dict_keys(['tutorial_taskflow_api_virtualenv']) retrieved from /home/airflow/.local/lib/python3.7/site-packages/airflow/example_dags/tutorial_taskflow_api_virtualenv.py
[2023-06-08T19:04:26.547+0000] {logging_mixin.py:149} INFO - [2023-06-08T19:04:26.547+0000] {dag.py:2726} INFO - Sync 1 DAGs
[2023-06-08T19:04:26.561+0000] {logging_mixin.py:149} INFO - [2023-06-08T19:04:26.561+0000] {dag.py:3490} INFO - Setting next_dagrun for tutorial_taskflow_api_virtualenv to None, run_after=None
[2023-06-08T19:04:26.572+0000] {processor.py:179} INFO - Processing /home/airflow/.local/lib/python3.7/site-packages/airflow/example_dags/tutorial_taskflow_api_virtualenv.py took 0.050 seconds
[2023-06-08T19:04:56.892+0000] {processor.py:157} INFO - Started process (PID=1953) to work on /home/airflow/.local/lib/python3.7/site-packages/airflow/example_dags/tutorial_taskflow_api_virtualenv.py
[2023-06-08T19:04:56.893+0000] {processor.py:826} INFO - Processing file /home/airflow/.local/lib/python3.7/site-packages/airflow/example_dags/tutorial_taskflow_api_virtualenv.py for tasks to queue
[2023-06-08T19:04:56.894+0000] {logging_mixin.py:149} INFO - [2023-06-08T19:04:56.894+0000] {dagbag.py:541} INFO - Filling up the DagBag from /home/airflow/.local/lib/python3.7/site-packages/airflow/example_dags/tutorial_taskflow_api_virtualenv.py
[2023-06-08T19:04:56.898+0000] {processor.py:836} INFO - DAG(s) dict_keys(['tutorial_taskflow_api_virtualenv']) retrieved from /home/airflow/.local/lib/python3.7/site-packages/airflow/example_dags/tutorial_taskflow_api_virtualenv.py
[2023-06-08T19:04:56.916+0000] {logging_mixin.py:149} INFO - [2023-06-08T19:04:56.916+0000] {dag.py:2726} INFO - Sync 1 DAGs
[2023-06-08T19:04:56.930+0000] {logging_mixin.py:149} INFO - [2023-06-08T19:04:56.930+0000] {dag.py:3490} INFO - Setting next_dagrun for tutorial_taskflow_api_virtualenv to None, run_after=None
[2023-06-08T19:04:56.940+0000] {processor.py:179} INFO - Processing /home/airflow/.local/lib/python3.7/site-packages/airflow/example_dags/tutorial_taskflow_api_virtualenv.py took 0.050 seconds
[2023-06-08T19:05:27.152+0000] {processor.py:157} INFO - Started process (PID=2190) to work on /home/airflow/.local/lib/python3.7/site-packages/airflow/example_dags/tutorial_taskflow_api_virtualenv.py
[2023-06-08T19:05:27.153+0000] {processor.py:826} INFO - Processing file /home/airflow/.local/lib/python3.7/site-packages/airflow/example_dags/tutorial_taskflow_api_virtualenv.py for tasks to queue
[2023-06-08T19:05:27.154+0000] {logging_mixin.py:149} INFO - [2023-06-08T19:05:27.154+0000] {dagbag.py:541} INFO - Filling up the DagBag from /home/airflow/.local/lib/python3.7/site-packages/airflow/example_dags/tutorial_taskflow_api_virtualenv.py
[2023-06-08T19:05:27.158+0000] {processor.py:836} INFO - DAG(s) dict_keys(['tutorial_taskflow_api_virtualenv']) retrieved from /home/airflow/.local/lib/python3.7/site-packages/airflow/example_dags/tutorial_taskflow_api_virtualenv.py
[2023-06-08T19:05:27.176+0000] {logging_mixin.py:149} INFO - [2023-06-08T19:05:27.176+0000] {dag.py:2726} INFO - Sync 1 DAGs
[2023-06-08T19:05:27.190+0000] {logging_mixin.py:149} INFO - [2023-06-08T19:05:27.190+0000] {dag.py:3490} INFO - Setting next_dagrun for tutorial_taskflow_api_virtualenv to None, run_after=None
[2023-06-08T19:05:27.200+0000] {processor.py:179} INFO - Processing /home/airflow/.local/lib/python3.7/site-packages/airflow/example_dags/tutorial_taskflow_api_virtualenv.py took 0.050 seconds
[2023-06-08T19:05:57.492+0000] {processor.py:157} INFO - Started process (PID=2427) to work on /home/airflow/.local/lib/python3.7/site-packages/airflow/example_dags/tutorial_taskflow_api_virtualenv.py
[2023-06-08T19:05:57.494+0000] {processor.py:826} INFO - Processing file /home/airflow/.local/lib/python3.7/site-packages/airflow/example_dags/tutorial_taskflow_api_virtualenv.py for tasks to queue
[2023-06-08T19:05:57.494+0000] {logging_mixin.py:149} INFO - [2023-06-08T19:05:57.494+0000] {dagbag.py:541} INFO - Filling up the DagBag from /home/airflow/.local/lib/python3.7/site-packages/airflow/example_dags/tutorial_taskflow_api_virtualenv.py
[2023-06-08T19:05:57.499+0000] {processor.py:836} INFO - DAG(s) dict_keys(['tutorial_taskflow_api_virtualenv']) retrieved from /home/airflow/.local/lib/python3.7/site-packages/airflow/example_dags/tutorial_taskflow_api_virtualenv.py
[2023-06-08T19:05:57.516+0000] {logging_mixin.py:149} INFO - [2023-06-08T19:05:57.516+0000] {dag.py:2726} INFO - Sync 1 DAGs
[2023-06-08T19:05:57.531+0000] {logging_mixin.py:149} INFO - [2023-06-08T19:05:57.531+0000] {dag.py:3490} INFO - Setting next_dagrun for tutorial_taskflow_api_virtualenv to None, run_after=None
[2023-06-08T19:05:57.540+0000] {processor.py:179} INFO - Processing /home/airflow/.local/lib/python3.7/site-packages/airflow/example_dags/tutorial_taskflow_api_virtualenv.py took 0.050 seconds
[2023-06-08T19:06:27.786+0000] {processor.py:157} INFO - Started process (PID=2664) to work on /home/airflow/.local/lib/python3.7/site-packages/airflow/example_dags/tutorial_taskflow_api_virtualenv.py
[2023-06-08T19:06:27.787+0000] {processor.py:826} INFO - Processing file /home/airflow/.local/lib/python3.7/site-packages/airflow/example_dags/tutorial_taskflow_api_virtualenv.py for tasks to queue
[2023-06-08T19:06:27.788+0000] {logging_mixin.py:149} INFO - [2023-06-08T19:06:27.788+0000] {dagbag.py:541} INFO - Filling up the DagBag from /home/airflow/.local/lib/python3.7/site-packages/airflow/example_dags/tutorial_taskflow_api_virtualenv.py
[2023-06-08T19:06:27.793+0000] {processor.py:836} INFO - DAG(s) dict_keys(['tutorial_taskflow_api_virtualenv']) retrieved from /home/airflow/.local/lib/python3.7/site-packages/airflow/example_dags/tutorial_taskflow_api_virtualenv.py
[2023-06-08T19:06:27.810+0000] {logging_mixin.py:149} INFO - [2023-06-08T19:06:27.810+0000] {dag.py:2726} INFO - Sync 1 DAGs
[2023-06-08T19:06:27.825+0000] {logging_mixin.py:149} INFO - [2023-06-08T19:06:27.825+0000] {dag.py:3490} INFO - Setting next_dagrun for tutorial_taskflow_api_virtualenv to None, run_after=None
[2023-06-08T19:06:27.835+0000] {processor.py:179} INFO - Processing /home/airflow/.local/lib/python3.7/site-packages/airflow/example_dags/tutorial_taskflow_api_virtualenv.py took 0.051 seconds
[2023-06-08T19:06:58.083+0000] {processor.py:157} INFO - Started process (PID=2901) to work on /home/airflow/.local/lib/python3.7/site-packages/airflow/example_dags/tutorial_taskflow_api_virtualenv.py
[2023-06-08T19:06:58.084+0000] {processor.py:826} INFO - Processing file /home/airflow/.local/lib/python3.7/site-packages/airflow/example_dags/tutorial_taskflow_api_virtualenv.py for tasks to queue
[2023-06-08T19:06:58.085+0000] {logging_mixin.py:149} INFO - [2023-06-08T19:06:58.085+0000] {dagbag.py:541} INFO - Filling up the DagBag from /home/airflow/.local/lib/python3.7/site-packages/airflow/example_dags/tutorial_taskflow_api_virtualenv.py
[2023-06-08T19:06:58.089+0000] {processor.py:836} INFO - DAG(s) dict_keys(['tutorial_taskflow_api_virtualenv']) retrieved from /home/airflow/.local/lib/python3.7/site-packages/airflow/example_dags/tutorial_taskflow_api_virtualenv.py
[2023-06-08T19:06:58.106+0000] {logging_mixin.py:149} INFO - [2023-06-08T19:06:58.106+0000] {dag.py:2726} INFO - Sync 1 DAGs
[2023-06-08T19:06:58.120+0000] {logging_mixin.py:149} INFO - [2023-06-08T19:06:58.120+0000] {dag.py:3490} INFO - Setting next_dagrun for tutorial_taskflow_api_virtualenv to None, run_after=None
[2023-06-08T19:06:58.130+0000] {processor.py:179} INFO - Processing /home/airflow/.local/lib/python3.7/site-packages/airflow/example_dags/tutorial_taskflow_api_virtualenv.py took 0.049 seconds
[2023-06-08T19:07:28.372+0000] {processor.py:157} INFO - Started process (PID=3138) to work on /home/airflow/.local/lib/python3.7/site-packages/airflow/example_dags/tutorial_taskflow_api_virtualenv.py
[2023-06-08T19:07:28.373+0000] {processor.py:826} INFO - Processing file /home/airflow/.local/lib/python3.7/site-packages/airflow/example_dags/tutorial_taskflow_api_virtualenv.py for tasks to queue
[2023-06-08T19:07:28.374+0000] {logging_mixin.py:149} INFO - [2023-06-08T19:07:28.374+0000] {dagbag.py:541} INFO - Filling up the DagBag from /home/airflow/.local/lib/python3.7/site-packages/airflow/example_dags/tutorial_taskflow_api_virtualenv.py
[2023-06-08T19:07:28.379+0000] {processor.py:836} INFO - DAG(s) dict_keys(['tutorial_taskflow_api_virtualenv']) retrieved from /home/airflow/.local/lib/python3.7/site-packages/airflow/example_dags/tutorial_taskflow_api_virtualenv.py
[2023-06-08T19:07:28.396+0000] {logging_mixin.py:149} INFO - [2023-06-08T19:07:28.396+0000] {dag.py:2726} INFO - Sync 1 DAGs
[2023-06-08T19:07:28.411+0000] {logging_mixin.py:149} INFO - [2023-06-08T19:07:28.411+0000] {dag.py:3490} INFO - Setting next_dagrun for tutorial_taskflow_api_virtualenv to None, run_after=None
[2023-06-08T19:07:28.421+0000] {processor.py:179} INFO - Processing /home/airflow/.local/lib/python3.7/site-packages/airflow/example_dags/tutorial_taskflow_api_virtualenv.py took 0.051 seconds
[2023-06-08T19:07:58.671+0000] {processor.py:157} INFO - Started process (PID=3375) to work on /home/airflow/.local/lib/python3.7/site-packages/airflow/example_dags/tutorial_taskflow_api_virtualenv.py
[2023-06-08T19:07:58.672+0000] {processor.py:826} INFO - Processing file /home/airflow/.local/lib/python3.7/site-packages/airflow/example_dags/tutorial_taskflow_api_virtualenv.py for tasks to queue
[2023-06-08T19:07:58.673+0000] {logging_mixin.py:149} INFO - [2023-06-08T19:07:58.673+0000] {dagbag.py:541} INFO - Filling up the DagBag from /home/airflow/.local/lib/python3.7/site-packages/airflow/example_dags/tutorial_taskflow_api_virtualenv.py
[2023-06-08T19:07:58.677+0000] {processor.py:836} INFO - DAG(s) dict_keys(['tutorial_taskflow_api_virtualenv']) retrieved from /home/airflow/.local/lib/python3.7/site-packages/airflow/example_dags/tutorial_taskflow_api_virtualenv.py
[2023-06-08T19:07:58.695+0000] {logging_mixin.py:149} INFO - [2023-06-08T19:07:58.694+0000] {dag.py:2726} INFO - Sync 1 DAGs
[2023-06-08T19:07:58.709+0000] {logging_mixin.py:149} INFO - [2023-06-08T19:07:58.709+0000] {dag.py:3490} INFO - Setting next_dagrun for tutorial_taskflow_api_virtualenv to None, run_after=None
[2023-06-08T19:07:58.719+0000] {processor.py:179} INFO - Processing /home/airflow/.local/lib/python3.7/site-packages/airflow/example_dags/tutorial_taskflow_api_virtualenv.py took 0.051 seconds
[2023-06-08T19:08:28.981+0000] {processor.py:157} INFO - Started process (PID=3612) to work on /home/airflow/.local/lib/python3.7/site-packages/airflow/example_dags/tutorial_taskflow_api_virtualenv.py
[2023-06-08T19:08:28.982+0000] {processor.py:826} INFO - Processing file /home/airflow/.local/lib/python3.7/site-packages/airflow/example_dags/tutorial_taskflow_api_virtualenv.py for tasks to queue
[2023-06-08T19:08:28.982+0000] {logging_mixin.py:149} INFO - [2023-06-08T19:08:28.982+0000] {dagbag.py:541} INFO - Filling up the DagBag from /home/airflow/.local/lib/python3.7/site-packages/airflow/example_dags/tutorial_taskflow_api_virtualenv.py
[2023-06-08T19:08:28.987+0000] {processor.py:836} INFO - DAG(s) dict_keys(['tutorial_taskflow_api_virtualenv']) retrieved from /home/airflow/.local/lib/python3.7/site-packages/airflow/example_dags/tutorial_taskflow_api_virtualenv.py
[2023-06-08T19:08:29.004+0000] {logging_mixin.py:149} INFO - [2023-06-08T19:08:29.004+0000] {dag.py:2726} INFO - Sync 1 DAGs
[2023-06-08T19:08:29.019+0000] {logging_mixin.py:149} INFO - [2023-06-08T19:08:29.019+0000] {dag.py:3490} INFO - Setting next_dagrun for tutorial_taskflow_api_virtualenv to None, run_after=None
[2023-06-08T19:08:29.029+0000] {processor.py:179} INFO - Processing /home/airflow/.local/lib/python3.7/site-packages/airflow/example_dags/tutorial_taskflow_api_virtualenv.py took 0.051 seconds
[2023-06-08T19:08:59.333+0000] {processor.py:157} INFO - Started process (PID=3849) to work on /home/airflow/.local/lib/python3.7/site-packages/airflow/example_dags/tutorial_taskflow_api_virtualenv.py
[2023-06-08T19:08:59.334+0000] {processor.py:826} INFO - Processing file /home/airflow/.local/lib/python3.7/site-packages/airflow/example_dags/tutorial_taskflow_api_virtualenv.py for tasks to queue
[2023-06-08T19:08:59.335+0000] {logging_mixin.py:149} INFO - [2023-06-08T19:08:59.335+0000] {dagbag.py:541} INFO - Filling up the DagBag from /home/airflow/.local/lib/python3.7/site-packages/airflow/example_dags/tutorial_taskflow_api_virtualenv.py
[2023-06-08T19:08:59.339+0000] {processor.py:836} INFO - DAG(s) dict_keys(['tutorial_taskflow_api_virtualenv']) retrieved from /home/airflow/.local/lib/python3.7/site-packages/airflow/example_dags/tutorial_taskflow_api_virtualenv.py
[2023-06-08T19:08:59.356+0000] {logging_mixin.py:149} INFO - [2023-06-08T19:08:59.356+0000] {dag.py:2726} INFO - Sync 1 DAGs
[2023-06-08T19:08:59.370+0000] {logging_mixin.py:149} INFO - [2023-06-08T19:08:59.370+0000] {dag.py:3490} INFO - Setting next_dagrun for tutorial_taskflow_api_virtualenv to None, run_after=None
[2023-06-08T19:08:59.380+0000] {processor.py:179} INFO - Processing /home/airflow/.local/lib/python3.7/site-packages/airflow/example_dags/tutorial_taskflow_api_virtualenv.py took 0.049 seconds
[2023-06-08T19:09:29.485+0000] {processor.py:157} INFO - Started process (PID=4086) to work on /home/airflow/.local/lib/python3.7/site-packages/airflow/example_dags/tutorial_taskflow_api_virtualenv.py
[2023-06-08T19:09:29.486+0000] {processor.py:826} INFO - Processing file /home/airflow/.local/lib/python3.7/site-packages/airflow/example_dags/tutorial_taskflow_api_virtualenv.py for tasks to queue
[2023-06-08T19:09:29.487+0000] {logging_mixin.py:149} INFO - [2023-06-08T19:09:29.487+0000] {dagbag.py:541} INFO - Filling up the DagBag from /home/airflow/.local/lib/python3.7/site-packages/airflow/example_dags/tutorial_taskflow_api_virtualenv.py
[2023-06-08T19:09:29.491+0000] {processor.py:836} INFO - DAG(s) dict_keys(['tutorial_taskflow_api_virtualenv']) retrieved from /home/airflow/.local/lib/python3.7/site-packages/airflow/example_dags/tutorial_taskflow_api_virtualenv.py
[2023-06-08T19:09:29.508+0000] {logging_mixin.py:149} INFO - [2023-06-08T19:09:29.508+0000] {dag.py:2726} INFO - Sync 1 DAGs
[2023-06-08T19:09:29.522+0000] {logging_mixin.py:149} INFO - [2023-06-08T19:09:29.522+0000] {dag.py:3490} INFO - Setting next_dagrun for tutorial_taskflow_api_virtualenv to None, run_after=None
[2023-06-08T19:09:29.532+0000] {processor.py:179} INFO - Processing /home/airflow/.local/lib/python3.7/site-packages/airflow/example_dags/tutorial_taskflow_api_virtualenv.py took 0.049 seconds
[2023-06-08T19:09:59.713+0000] {processor.py:157} INFO - Started process (PID=4323) to work on /home/airflow/.local/lib/python3.7/site-packages/airflow/example_dags/tutorial_taskflow_api_virtualenv.py
[2023-06-08T19:09:59.714+0000] {processor.py:826} INFO - Processing file /home/airflow/.local/lib/python3.7/site-packages/airflow/example_dags/tutorial_taskflow_api_virtualenv.py for tasks to queue
[2023-06-08T19:09:59.714+0000] {logging_mixin.py:149} INFO - [2023-06-08T19:09:59.714+0000] {dagbag.py:541} INFO - Filling up the DagBag from /home/airflow/.local/lib/python3.7/site-packages/airflow/example_dags/tutorial_taskflow_api_virtualenv.py
[2023-06-08T19:09:59.719+0000] {processor.py:836} INFO - DAG(s) dict_keys(['tutorial_taskflow_api_virtualenv']) retrieved from /home/airflow/.local/lib/python3.7/site-packages/airflow/example_dags/tutorial_taskflow_api_virtualenv.py
[2023-06-08T19:09:59.736+0000] {logging_mixin.py:149} INFO - [2023-06-08T19:09:59.736+0000] {dag.py:2726} INFO - Sync 1 DAGs
[2023-06-08T19:09:59.751+0000] {logging_mixin.py:149} INFO - [2023-06-08T19:09:59.751+0000] {dag.py:3490} INFO - Setting next_dagrun for tutorial_taskflow_api_virtualenv to None, run_after=None
[2023-06-08T19:09:59.761+0000] {processor.py:179} INFO - Processing /home/airflow/.local/lib/python3.7/site-packages/airflow/example_dags/tutorial_taskflow_api_virtualenv.py took 0.051 seconds
[2023-06-08T19:10:30.054+0000] {processor.py:157} INFO - Started process (PID=4560) to work on /home/airflow/.local/lib/python3.7/site-packages/airflow/example_dags/tutorial_taskflow_api_virtualenv.py
[2023-06-08T19:10:30.055+0000] {processor.py:826} INFO - Processing file /home/airflow/.local/lib/python3.7/site-packages/airflow/example_dags/tutorial_taskflow_api_virtualenv.py for tasks to queue
[2023-06-08T19:10:30.056+0000] {logging_mixin.py:149} INFO - [2023-06-08T19:10:30.056+0000] {dagbag.py:541} INFO - Filling up the DagBag from /home/airflow/.local/lib/python3.7/site-packages/airflow/example_dags/tutorial_taskflow_api_virtualenv.py
[2023-06-08T19:10:30.060+0000] {processor.py:836} INFO - DAG(s) dict_keys(['tutorial_taskflow_api_virtualenv']) retrieved from /home/airflow/.local/lib/python3.7/site-packages/airflow/example_dags/tutorial_taskflow_api_virtualenv.py
[2023-06-08T19:10:30.077+0000] {logging_mixin.py:149} INFO - [2023-06-08T19:10:30.077+0000] {dag.py:2726} INFO - Sync 1 DAGs
[2023-06-08T19:10:30.092+0000] {logging_mixin.py:149} INFO - [2023-06-08T19:10:30.092+0000] {dag.py:3490} INFO - Setting next_dagrun for tutorial_taskflow_api_virtualenv to None, run_after=None
[2023-06-08T19:10:30.102+0000] {processor.py:179} INFO - Processing /home/airflow/.local/lib/python3.7/site-packages/airflow/example_dags/tutorial_taskflow_api_virtualenv.py took 0.050 seconds
[2023-06-08T19:11:00.270+0000] {processor.py:157} INFO - Started process (PID=4797) to work on /home/airflow/.local/lib/python3.7/site-packages/airflow/example_dags/tutorial_taskflow_api_virtualenv.py
[2023-06-08T19:11:00.271+0000] {processor.py:826} INFO - Processing file /home/airflow/.local/lib/python3.7/site-packages/airflow/example_dags/tutorial_taskflow_api_virtualenv.py for tasks to queue
[2023-06-08T19:11:00.272+0000] {logging_mixin.py:149} INFO - [2023-06-08T19:11:00.272+0000] {dagbag.py:541} INFO - Filling up the DagBag from /home/airflow/.local/lib/python3.7/site-packages/airflow/example_dags/tutorial_taskflow_api_virtualenv.py
[2023-06-08T19:11:00.276+0000] {processor.py:836} INFO - DAG(s) dict_keys(['tutorial_taskflow_api_virtualenv']) retrieved from /home/airflow/.local/lib/python3.7/site-packages/airflow/example_dags/tutorial_taskflow_api_virtualenv.py
[2023-06-08T19:11:00.294+0000] {logging_mixin.py:149} INFO - [2023-06-08T19:11:00.294+0000] {dag.py:2726} INFO - Sync 1 DAGs
[2023-06-08T19:11:00.308+0000] {logging_mixin.py:149} INFO - [2023-06-08T19:11:00.308+0000] {dag.py:3490} INFO - Setting next_dagrun for tutorial_taskflow_api_virtualenv to None, run_after=None
[2023-06-08T19:11:00.318+0000] {processor.py:179} INFO - Processing /home/airflow/.local/lib/python3.7/site-packages/airflow/example_dags/tutorial_taskflow_api_virtualenv.py took 0.051 seconds
[2023-06-08T19:11:30.627+0000] {processor.py:157} INFO - Started process (PID=5034) to work on /home/airflow/.local/lib/python3.7/site-packages/airflow/example_dags/tutorial_taskflow_api_virtualenv.py
[2023-06-08T19:11:30.628+0000] {processor.py:826} INFO - Processing file /home/airflow/.local/lib/python3.7/site-packages/airflow/example_dags/tutorial_taskflow_api_virtualenv.py for tasks to queue
[2023-06-08T19:11:30.628+0000] {logging_mixin.py:149} INFO - [2023-06-08T19:11:30.628+0000] {dagbag.py:541} INFO - Filling up the DagBag from /home/airflow/.local/lib/python3.7/site-packages/airflow/example_dags/tutorial_taskflow_api_virtualenv.py
[2023-06-08T19:11:30.633+0000] {processor.py:836} INFO - DAG(s) dict_keys(['tutorial_taskflow_api_virtualenv']) retrieved from /home/airflow/.local/lib/python3.7/site-packages/airflow/example_dags/tutorial_taskflow_api_virtualenv.py
[2023-06-08T19:11:30.650+0000] {logging_mixin.py:149} INFO - [2023-06-08T19:11:30.650+0000] {dag.py:2726} INFO - Sync 1 DAGs
[2023-06-08T19:11:30.664+0000] {logging_mixin.py:149} INFO - [2023-06-08T19:11:30.664+0000] {dag.py:3490} INFO - Setting next_dagrun for tutorial_taskflow_api_virtualenv to None, run_after=None
[2023-06-08T19:11:30.673+0000] {processor.py:179} INFO - Processing /home/airflow/.local/lib/python3.7/site-packages/airflow/example_dags/tutorial_taskflow_api_virtualenv.py took 0.049 seconds
[2023-06-08T19:12:00.834+0000] {processor.py:157} INFO - Started process (PID=5271) to work on /home/airflow/.local/lib/python3.7/site-packages/airflow/example_dags/tutorial_taskflow_api_virtualenv.py
[2023-06-08T19:12:00.835+0000] {processor.py:826} INFO - Processing file /home/airflow/.local/lib/python3.7/site-packages/airflow/example_dags/tutorial_taskflow_api_virtualenv.py for tasks to queue
[2023-06-08T19:12:00.836+0000] {logging_mixin.py:149} INFO - [2023-06-08T19:12:00.836+0000] {dagbag.py:541} INFO - Filling up the DagBag from /home/airflow/.local/lib/python3.7/site-packages/airflow/example_dags/tutorial_taskflow_api_virtualenv.py
[2023-06-08T19:12:00.841+0000] {processor.py:836} INFO - DAG(s) dict_keys(['tutorial_taskflow_api_virtualenv']) retrieved from /home/airflow/.local/lib/python3.7/site-packages/airflow/example_dags/tutorial_taskflow_api_virtualenv.py
[2023-06-08T19:12:00.858+0000] {logging_mixin.py:149} INFO - [2023-06-08T19:12:00.858+0000] {dag.py:2726} INFO - Sync 1 DAGs
[2023-06-08T19:12:00.872+0000] {logging_mixin.py:149} INFO - [2023-06-08T19:12:00.872+0000] {dag.py:3490} INFO - Setting next_dagrun for tutorial_taskflow_api_virtualenv to None, run_after=None
[2023-06-08T19:12:00.882+0000] {processor.py:179} INFO - Processing /home/airflow/.local/lib/python3.7/site-packages/airflow/example_dags/tutorial_taskflow_api_virtualenv.py took 0.051 seconds
[2023-06-08T19:12:31.078+0000] {processor.py:157} INFO - Started process (PID=5509) to work on /home/airflow/.local/lib/python3.7/site-packages/airflow/example_dags/tutorial_taskflow_api_virtualenv.py
[2023-06-08T19:12:31.079+0000] {processor.py:826} INFO - Processing file /home/airflow/.local/lib/python3.7/site-packages/airflow/example_dags/tutorial_taskflow_api_virtualenv.py for tasks to queue
[2023-06-08T19:12:31.079+0000] {logging_mixin.py:149} INFO - [2023-06-08T19:12:31.079+0000] {dagbag.py:541} INFO - Filling up the DagBag from /home/airflow/.local/lib/python3.7/site-packages/airflow/example_dags/tutorial_taskflow_api_virtualenv.py
[2023-06-08T19:12:31.084+0000] {processor.py:836} INFO - DAG(s) dict_keys(['tutorial_taskflow_api_virtualenv']) retrieved from /home/airflow/.local/lib/python3.7/site-packages/airflow/example_dags/tutorial_taskflow_api_virtualenv.py
[2023-06-08T19:12:31.101+0000] {logging_mixin.py:149} INFO - [2023-06-08T19:12:31.101+0000] {dag.py:2726} INFO - Sync 1 DAGs
[2023-06-08T19:12:31.115+0000] {logging_mixin.py:149} INFO - [2023-06-08T19:12:31.115+0000] {dag.py:3490} INFO - Setting next_dagrun for tutorial_taskflow_api_virtualenv to None, run_after=None
[2023-06-08T19:12:31.126+0000] {processor.py:179} INFO - Processing /home/airflow/.local/lib/python3.7/site-packages/airflow/example_dags/tutorial_taskflow_api_virtualenv.py took 0.050 seconds
[2023-06-08T19:13:01.362+0000] {processor.py:157} INFO - Started process (PID=5746) to work on /home/airflow/.local/lib/python3.7/site-packages/airflow/example_dags/tutorial_taskflow_api_virtualenv.py
[2023-06-08T19:13:01.363+0000] {processor.py:826} INFO - Processing file /home/airflow/.local/lib/python3.7/site-packages/airflow/example_dags/tutorial_taskflow_api_virtualenv.py for tasks to queue
[2023-06-08T19:13:01.363+0000] {logging_mixin.py:149} INFO - [2023-06-08T19:13:01.363+0000] {dagbag.py:541} INFO - Filling up the DagBag from /home/airflow/.local/lib/python3.7/site-packages/airflow/example_dags/tutorial_taskflow_api_virtualenv.py
[2023-06-08T19:13:01.368+0000] {processor.py:836} INFO - DAG(s) dict_keys(['tutorial_taskflow_api_virtualenv']) retrieved from /home/airflow/.local/lib/python3.7/site-packages/airflow/example_dags/tutorial_taskflow_api_virtualenv.py
[2023-06-08T19:13:01.385+0000] {logging_mixin.py:149} INFO - [2023-06-08T19:13:01.385+0000] {dag.py:2726} INFO - Sync 1 DAGs
[2023-06-08T19:13:01.400+0000] {logging_mixin.py:149} INFO - [2023-06-08T19:13:01.399+0000] {dag.py:3490} INFO - Setting next_dagrun for tutorial_taskflow_api_virtualenv to None, run_after=None
[2023-06-08T19:13:01.409+0000] {processor.py:179} INFO - Processing /home/airflow/.local/lib/python3.7/site-packages/airflow/example_dags/tutorial_taskflow_api_virtualenv.py took 0.050 seconds
[2023-06-08T19:13:31.687+0000] {processor.py:157} INFO - Started process (PID=5983) to work on /home/airflow/.local/lib/python3.7/site-packages/airflow/example_dags/tutorial_taskflow_api_virtualenv.py
[2023-06-08T19:13:31.688+0000] {processor.py:826} INFO - Processing file /home/airflow/.local/lib/python3.7/site-packages/airflow/example_dags/tutorial_taskflow_api_virtualenv.py for tasks to queue
[2023-06-08T19:13:31.689+0000] {logging_mixin.py:149} INFO - [2023-06-08T19:13:31.689+0000] {dagbag.py:541} INFO - Filling up the DagBag from /home/airflow/.local/lib/python3.7/site-packages/airflow/example_dags/tutorial_taskflow_api_virtualenv.py
[2023-06-08T19:13:31.693+0000] {processor.py:836} INFO - DAG(s) dict_keys(['tutorial_taskflow_api_virtualenv']) retrieved from /home/airflow/.local/lib/python3.7/site-packages/airflow/example_dags/tutorial_taskflow_api_virtualenv.py
[2023-06-08T19:13:31.710+0000] {logging_mixin.py:149} INFO - [2023-06-08T19:13:31.710+0000] {dag.py:2726} INFO - Sync 1 DAGs
[2023-06-08T19:13:31.724+0000] {logging_mixin.py:149} INFO - [2023-06-08T19:13:31.724+0000] {dag.py:3490} INFO - Setting next_dagrun for tutorial_taskflow_api_virtualenv to None, run_after=None
[2023-06-08T19:13:31.734+0000] {processor.py:179} INFO - Processing /home/airflow/.local/lib/python3.7/site-packages/airflow/example_dags/tutorial_taskflow_api_virtualenv.py took 0.049 seconds
[2023-06-08T19:14:01.836+0000] {processor.py:157} INFO - Started process (PID=6215) to work on /home/airflow/.local/lib/python3.7/site-packages/airflow/example_dags/tutorial_taskflow_api_virtualenv.py
[2023-06-08T19:14:01.837+0000] {processor.py:826} INFO - Processing file /home/airflow/.local/lib/python3.7/site-packages/airflow/example_dags/tutorial_taskflow_api_virtualenv.py for tasks to queue
[2023-06-08T19:14:01.838+0000] {logging_mixin.py:149} INFO - [2023-06-08T19:14:01.838+0000] {dagbag.py:541} INFO - Filling up the DagBag from /home/airflow/.local/lib/python3.7/site-packages/airflow/example_dags/tutorial_taskflow_api_virtualenv.py
[2023-06-08T19:14:01.842+0000] {processor.py:836} INFO - DAG(s) dict_keys(['tutorial_taskflow_api_virtualenv']) retrieved from /home/airflow/.local/lib/python3.7/site-packages/airflow/example_dags/tutorial_taskflow_api_virtualenv.py
[2023-06-08T19:14:01.859+0000] {logging_mixin.py:149} INFO - [2023-06-08T19:14:01.859+0000] {dag.py:2726} INFO - Sync 1 DAGs
[2023-06-08T19:14:01.873+0000] {logging_mixin.py:149} INFO - [2023-06-08T19:14:01.873+0000] {dag.py:3490} INFO - Setting next_dagrun for tutorial_taskflow_api_virtualenv to None, run_after=None
[2023-06-08T19:14:01.882+0000] {processor.py:179} INFO - Processing /home/airflow/.local/lib/python3.7/site-packages/airflow/example_dags/tutorial_taskflow_api_virtualenv.py took 0.048 seconds
[2023-06-08T19:14:32.134+0000] {processor.py:157} INFO - Started process (PID=6458) to work on /home/airflow/.local/lib/python3.7/site-packages/airflow/example_dags/tutorial_taskflow_api_virtualenv.py
[2023-06-08T19:14:32.135+0000] {processor.py:826} INFO - Processing file /home/airflow/.local/lib/python3.7/site-packages/airflow/example_dags/tutorial_taskflow_api_virtualenv.py for tasks to queue
[2023-06-08T19:14:32.136+0000] {logging_mixin.py:149} INFO - [2023-06-08T19:14:32.136+0000] {dagbag.py:541} INFO - Filling up the DagBag from /home/airflow/.local/lib/python3.7/site-packages/airflow/example_dags/tutorial_taskflow_api_virtualenv.py
[2023-06-08T19:14:32.141+0000] {processor.py:836} INFO - DAG(s) dict_keys(['tutorial_taskflow_api_virtualenv']) retrieved from /home/airflow/.local/lib/python3.7/site-packages/airflow/example_dags/tutorial_taskflow_api_virtualenv.py
[2023-06-08T19:14:32.158+0000] {logging_mixin.py:149} INFO - [2023-06-08T19:14:32.158+0000] {dag.py:2726} INFO - Sync 1 DAGs
[2023-06-08T19:14:32.172+0000] {logging_mixin.py:149} INFO - [2023-06-08T19:14:32.172+0000] {dag.py:3490} INFO - Setting next_dagrun for tutorial_taskflow_api_virtualenv to None, run_after=None
[2023-06-08T19:14:32.182+0000] {processor.py:179} INFO - Processing /home/airflow/.local/lib/python3.7/site-packages/airflow/example_dags/tutorial_taskflow_api_virtualenv.py took 0.050 seconds
[2023-06-08T19:15:02.354+0000] {processor.py:157} INFO - Started process (PID=6695) to work on /home/airflow/.local/lib/python3.7/site-packages/airflow/example_dags/tutorial_taskflow_api_virtualenv.py
[2023-06-08T19:15:02.355+0000] {processor.py:826} INFO - Processing file /home/airflow/.local/lib/python3.7/site-packages/airflow/example_dags/tutorial_taskflow_api_virtualenv.py for tasks to queue
[2023-06-08T19:15:02.356+0000] {logging_mixin.py:149} INFO - [2023-06-08T19:15:02.356+0000] {dagbag.py:541} INFO - Filling up the DagBag from /home/airflow/.local/lib/python3.7/site-packages/airflow/example_dags/tutorial_taskflow_api_virtualenv.py
[2023-06-08T19:15:02.360+0000] {processor.py:836} INFO - DAG(s) dict_keys(['tutorial_taskflow_api_virtualenv']) retrieved from /home/airflow/.local/lib/python3.7/site-packages/airflow/example_dags/tutorial_taskflow_api_virtualenv.py
[2023-06-08T19:15:02.379+0000] {logging_mixin.py:149} INFO - [2023-06-08T19:15:02.379+0000] {dag.py:2726} INFO - Sync 1 DAGs
[2023-06-08T19:15:02.394+0000] {logging_mixin.py:149} INFO - [2023-06-08T19:15:02.394+0000] {dag.py:3490} INFO - Setting next_dagrun for tutorial_taskflow_api_virtualenv to None, run_after=None
[2023-06-08T19:15:02.403+0000] {processor.py:179} INFO - Processing /home/airflow/.local/lib/python3.7/site-packages/airflow/example_dags/tutorial_taskflow_api_virtualenv.py took 0.051 seconds
