[2023-06-08T19:01:24.331+0000] {processor.py:157} INFO - Started process (PID=179) to work on /home/airflow/.local/lib/python3.7/site-packages/airflow/example_dags/tutorial_dag.py
[2023-06-08T19:01:24.332+0000] {processor.py:826} INFO - Processing file /home/airflow/.local/lib/python3.7/site-packages/airflow/example_dags/tutorial_dag.py for tasks to queue
[2023-06-08T19:01:24.333+0000] {logging_mixin.py:149} INFO - [2023-06-08T19:01:24.333+0000] {dagbag.py:541} INFO - Filling up the DagBag from /home/airflow/.local/lib/python3.7/site-packages/airflow/example_dags/tutorial_dag.py
[2023-06-08T19:01:24.339+0000] {processor.py:836} INFO - DAG(s) dict_keys(['tutorial_dag']) retrieved from /home/airflow/.local/lib/python3.7/site-packages/airflow/example_dags/tutorial_dag.py
[2023-06-08T19:01:24.349+0000] {logging_mixin.py:149} INFO - [2023-06-08T19:01:24.349+0000] {dag.py:2726} INFO - Sync 1 DAGs
[2023-06-08T19:01:24.365+0000] {logging_mixin.py:149} INFO - [2023-06-08T19:01:24.365+0000] {dag.py:3490} INFO - Setting next_dagrun for tutorial_dag to None, run_after=None
[2023-06-08T19:01:24.375+0000] {processor.py:179} INFO - Processing /home/airflow/.local/lib/python3.7/site-packages/airflow/example_dags/tutorial_dag.py took 0.046 seconds
[2023-06-08T19:01:55.086+0000] {processor.py:157} INFO - Started process (PID=416) to work on /home/airflow/.local/lib/python3.7/site-packages/airflow/example_dags/tutorial_dag.py
[2023-06-08T19:01:55.087+0000] {processor.py:826} INFO - Processing file /home/airflow/.local/lib/python3.7/site-packages/airflow/example_dags/tutorial_dag.py for tasks to queue
[2023-06-08T19:01:55.087+0000] {logging_mixin.py:149} INFO - [2023-06-08T19:01:55.087+0000] {dagbag.py:541} INFO - Filling up the DagBag from /home/airflow/.local/lib/python3.7/site-packages/airflow/example_dags/tutorial_dag.py
[2023-06-08T19:01:55.091+0000] {processor.py:836} INFO - DAG(s) dict_keys(['tutorial_dag']) retrieved from /home/airflow/.local/lib/python3.7/site-packages/airflow/example_dags/tutorial_dag.py
[2023-06-08T19:01:55.110+0000] {logging_mixin.py:149} INFO - [2023-06-08T19:01:55.110+0000] {dag.py:2726} INFO - Sync 1 DAGs
[2023-06-08T19:01:55.197+0000] {logging_mixin.py:149} INFO - [2023-06-08T19:01:55.197+0000] {dag.py:3490} INFO - Setting next_dagrun for tutorial_dag to None, run_after=None
[2023-06-08T19:01:55.207+0000] {processor.py:179} INFO - Processing /home/airflow/.local/lib/python3.7/site-packages/airflow/example_dags/tutorial_dag.py took 0.124 seconds
[2023-06-08T19:02:25.411+0000] {processor.py:157} INFO - Started process (PID=651) to work on /home/airflow/.local/lib/python3.7/site-packages/airflow/example_dags/tutorial_dag.py
[2023-06-08T19:02:25.412+0000] {processor.py:826} INFO - Processing file /home/airflow/.local/lib/python3.7/site-packages/airflow/example_dags/tutorial_dag.py for tasks to queue
[2023-06-08T19:02:25.413+0000] {logging_mixin.py:149} INFO - [2023-06-08T19:02:25.413+0000] {dagbag.py:541} INFO - Filling up the DagBag from /home/airflow/.local/lib/python3.7/site-packages/airflow/example_dags/tutorial_dag.py
[2023-06-08T19:02:25.416+0000] {processor.py:836} INFO - DAG(s) dict_keys(['tutorial_dag']) retrieved from /home/airflow/.local/lib/python3.7/site-packages/airflow/example_dags/tutorial_dag.py
[2023-06-08T19:02:25.433+0000] {logging_mixin.py:149} INFO - [2023-06-08T19:02:25.433+0000] {dag.py:2726} INFO - Sync 1 DAGs
[2023-06-08T19:02:25.448+0000] {logging_mixin.py:149} INFO - [2023-06-08T19:02:25.448+0000] {dag.py:3490} INFO - Setting next_dagrun for tutorial_dag to None, run_after=None
[2023-06-08T19:02:25.457+0000] {processor.py:179} INFO - Processing /home/airflow/.local/lib/python3.7/site-packages/airflow/example_dags/tutorial_dag.py took 0.048 seconds
[2023-06-08T19:02:55.700+0000] {processor.py:157} INFO - Started process (PID=938) to work on /home/airflow/.local/lib/python3.7/site-packages/airflow/example_dags/tutorial_dag.py
[2023-06-08T19:02:55.700+0000] {processor.py:826} INFO - Processing file /home/airflow/.local/lib/python3.7/site-packages/airflow/example_dags/tutorial_dag.py for tasks to queue
[2023-06-08T19:02:55.701+0000] {logging_mixin.py:149} INFO - [2023-06-08T19:02:55.701+0000] {dagbag.py:541} INFO - Filling up the DagBag from /home/airflow/.local/lib/python3.7/site-packages/airflow/example_dags/tutorial_dag.py
[2023-06-08T19:02:55.704+0000] {processor.py:836} INFO - DAG(s) dict_keys(['tutorial_dag']) retrieved from /home/airflow/.local/lib/python3.7/site-packages/airflow/example_dags/tutorial_dag.py
[2023-06-08T19:02:55.720+0000] {logging_mixin.py:149} INFO - [2023-06-08T19:02:55.720+0000] {dag.py:2726} INFO - Sync 1 DAGs
[2023-06-08T19:02:55.734+0000] {logging_mixin.py:149} INFO - [2023-06-08T19:02:55.734+0000] {dag.py:3490} INFO - Setting next_dagrun for tutorial_dag to None, run_after=None
[2023-06-08T19:02:55.744+0000] {processor.py:179} INFO - Processing /home/airflow/.local/lib/python3.7/site-packages/airflow/example_dags/tutorial_dag.py took 0.047 seconds
[2023-06-08T19:03:25.941+0000] {processor.py:157} INFO - Started process (PID=1223) to work on /home/airflow/.local/lib/python3.7/site-packages/airflow/example_dags/tutorial_dag.py
[2023-06-08T19:03:25.942+0000] {processor.py:826} INFO - Processing file /home/airflow/.local/lib/python3.7/site-packages/airflow/example_dags/tutorial_dag.py for tasks to queue
[2023-06-08T19:03:25.943+0000] {logging_mixin.py:149} INFO - [2023-06-08T19:03:25.943+0000] {dagbag.py:541} INFO - Filling up the DagBag from /home/airflow/.local/lib/python3.7/site-packages/airflow/example_dags/tutorial_dag.py
[2023-06-08T19:03:25.947+0000] {processor.py:836} INFO - DAG(s) dict_keys(['tutorial_dag']) retrieved from /home/airflow/.local/lib/python3.7/site-packages/airflow/example_dags/tutorial_dag.py
[2023-06-08T19:03:25.963+0000] {logging_mixin.py:149} INFO - [2023-06-08T19:03:25.963+0000] {dag.py:2726} INFO - Sync 1 DAGs
[2023-06-08T19:03:25.976+0000] {logging_mixin.py:149} INFO - [2023-06-08T19:03:25.976+0000] {dag.py:3490} INFO - Setting next_dagrun for tutorial_dag to None, run_after=None
[2023-06-08T19:03:25.986+0000] {processor.py:179} INFO - Processing /home/airflow/.local/lib/python3.7/site-packages/airflow/example_dags/tutorial_dag.py took 0.047 seconds
[2023-06-08T19:03:56.190+0000] {processor.py:157} INFO - Started process (PID=1461) to work on /home/airflow/.local/lib/python3.7/site-packages/airflow/example_dags/tutorial_dag.py
[2023-06-08T19:03:56.191+0000] {processor.py:826} INFO - Processing file /home/airflow/.local/lib/python3.7/site-packages/airflow/example_dags/tutorial_dag.py for tasks to queue
[2023-06-08T19:03:56.192+0000] {logging_mixin.py:149} INFO - [2023-06-08T19:03:56.191+0000] {dagbag.py:541} INFO - Filling up the DagBag from /home/airflow/.local/lib/python3.7/site-packages/airflow/example_dags/tutorial_dag.py
[2023-06-08T19:03:56.195+0000] {processor.py:836} INFO - DAG(s) dict_keys(['tutorial_dag']) retrieved from /home/airflow/.local/lib/python3.7/site-packages/airflow/example_dags/tutorial_dag.py
[2023-06-08T19:03:56.212+0000] {logging_mixin.py:149} INFO - [2023-06-08T19:03:56.212+0000] {dag.py:2726} INFO - Sync 1 DAGs
[2023-06-08T19:03:56.226+0000] {logging_mixin.py:149} INFO - [2023-06-08T19:03:56.226+0000] {dag.py:3490} INFO - Setting next_dagrun for tutorial_dag to None, run_after=None
[2023-06-08T19:03:56.237+0000] {processor.py:179} INFO - Processing /home/airflow/.local/lib/python3.7/site-packages/airflow/example_dags/tutorial_dag.py took 0.050 seconds
[2023-06-08T19:04:26.384+0000] {processor.py:157} INFO - Started process (PID=1698) to work on /home/airflow/.local/lib/python3.7/site-packages/airflow/example_dags/tutorial_dag.py
[2023-06-08T19:04:26.385+0000] {processor.py:826} INFO - Processing file /home/airflow/.local/lib/python3.7/site-packages/airflow/example_dags/tutorial_dag.py for tasks to queue
[2023-06-08T19:04:26.385+0000] {logging_mixin.py:149} INFO - [2023-06-08T19:04:26.385+0000] {dagbag.py:541} INFO - Filling up the DagBag from /home/airflow/.local/lib/python3.7/site-packages/airflow/example_dags/tutorial_dag.py
[2023-06-08T19:04:26.389+0000] {processor.py:836} INFO - DAG(s) dict_keys(['tutorial_dag']) retrieved from /home/airflow/.local/lib/python3.7/site-packages/airflow/example_dags/tutorial_dag.py
[2023-06-08T19:04:26.406+0000] {logging_mixin.py:149} INFO - [2023-06-08T19:04:26.406+0000] {dag.py:2726} INFO - Sync 1 DAGs
[2023-06-08T19:04:26.421+0000] {logging_mixin.py:149} INFO - [2023-06-08T19:04:26.421+0000] {dag.py:3490} INFO - Setting next_dagrun for tutorial_dag to None, run_after=None
[2023-06-08T19:04:26.433+0000] {processor.py:179} INFO - Processing /home/airflow/.local/lib/python3.7/site-packages/airflow/example_dags/tutorial_dag.py took 0.052 seconds
[2023-06-08T19:04:56.756+0000] {processor.py:157} INFO - Started process (PID=1935) to work on /home/airflow/.local/lib/python3.7/site-packages/airflow/example_dags/tutorial_dag.py
[2023-06-08T19:04:56.757+0000] {processor.py:826} INFO - Processing file /home/airflow/.local/lib/python3.7/site-packages/airflow/example_dags/tutorial_dag.py for tasks to queue
[2023-06-08T19:04:56.757+0000] {logging_mixin.py:149} INFO - [2023-06-08T19:04:56.757+0000] {dagbag.py:541} INFO - Filling up the DagBag from /home/airflow/.local/lib/python3.7/site-packages/airflow/example_dags/tutorial_dag.py
[2023-06-08T19:04:56.761+0000] {processor.py:836} INFO - DAG(s) dict_keys(['tutorial_dag']) retrieved from /home/airflow/.local/lib/python3.7/site-packages/airflow/example_dags/tutorial_dag.py
[2023-06-08T19:04:56.779+0000] {logging_mixin.py:149} INFO - [2023-06-08T19:04:56.779+0000] {dag.py:2726} INFO - Sync 1 DAGs
[2023-06-08T19:04:56.794+0000] {logging_mixin.py:149} INFO - [2023-06-08T19:04:56.794+0000] {dag.py:3490} INFO - Setting next_dagrun for tutorial_dag to None, run_after=None
[2023-06-08T19:04:56.804+0000] {processor.py:179} INFO - Processing /home/airflow/.local/lib/python3.7/site-packages/airflow/example_dags/tutorial_dag.py took 0.051 seconds
[2023-06-08T19:05:26.946+0000] {processor.py:157} INFO - Started process (PID=2170) to work on /home/airflow/.local/lib/python3.7/site-packages/airflow/example_dags/tutorial_dag.py
[2023-06-08T19:05:26.947+0000] {processor.py:826} INFO - Processing file /home/airflow/.local/lib/python3.7/site-packages/airflow/example_dags/tutorial_dag.py for tasks to queue
[2023-06-08T19:05:26.947+0000] {logging_mixin.py:149} INFO - [2023-06-08T19:05:26.947+0000] {dagbag.py:541} INFO - Filling up the DagBag from /home/airflow/.local/lib/python3.7/site-packages/airflow/example_dags/tutorial_dag.py
[2023-06-08T19:05:26.950+0000] {processor.py:836} INFO - DAG(s) dict_keys(['tutorial_dag']) retrieved from /home/airflow/.local/lib/python3.7/site-packages/airflow/example_dags/tutorial_dag.py
[2023-06-08T19:05:26.967+0000] {logging_mixin.py:149} INFO - [2023-06-08T19:05:26.967+0000] {dag.py:2726} INFO - Sync 1 DAGs
[2023-06-08T19:05:26.981+0000] {logging_mixin.py:149} INFO - [2023-06-08T19:05:26.981+0000] {dag.py:3490} INFO - Setting next_dagrun for tutorial_dag to None, run_after=None
[2023-06-08T19:05:26.991+0000] {processor.py:179} INFO - Processing /home/airflow/.local/lib/python3.7/site-packages/airflow/example_dags/tutorial_dag.py took 0.047 seconds
[2023-06-08T19:05:57.359+0000] {processor.py:157} INFO - Started process (PID=2409) to work on /home/airflow/.local/lib/python3.7/site-packages/airflow/example_dags/tutorial_dag.py
[2023-06-08T19:05:57.360+0000] {processor.py:826} INFO - Processing file /home/airflow/.local/lib/python3.7/site-packages/airflow/example_dags/tutorial_dag.py for tasks to queue
[2023-06-08T19:05:57.360+0000] {logging_mixin.py:149} INFO - [2023-06-08T19:05:57.360+0000] {dagbag.py:541} INFO - Filling up the DagBag from /home/airflow/.local/lib/python3.7/site-packages/airflow/example_dags/tutorial_dag.py
[2023-06-08T19:05:57.364+0000] {processor.py:836} INFO - DAG(s) dict_keys(['tutorial_dag']) retrieved from /home/airflow/.local/lib/python3.7/site-packages/airflow/example_dags/tutorial_dag.py
[2023-06-08T19:05:57.380+0000] {logging_mixin.py:149} INFO - [2023-06-08T19:05:57.380+0000] {dag.py:2726} INFO - Sync 1 DAGs
[2023-06-08T19:05:57.394+0000] {logging_mixin.py:149} INFO - [2023-06-08T19:05:57.394+0000] {dag.py:3490} INFO - Setting next_dagrun for tutorial_dag to None, run_after=None
[2023-06-08T19:05:57.405+0000] {processor.py:179} INFO - Processing /home/airflow/.local/lib/python3.7/site-packages/airflow/example_dags/tutorial_dag.py took 0.049 seconds
[2023-06-08T19:06:27.649+0000] {processor.py:157} INFO - Started process (PID=2646) to work on /home/airflow/.local/lib/python3.7/site-packages/airflow/example_dags/tutorial_dag.py
[2023-06-08T19:06:27.650+0000] {processor.py:826} INFO - Processing file /home/airflow/.local/lib/python3.7/site-packages/airflow/example_dags/tutorial_dag.py for tasks to queue
[2023-06-08T19:06:27.650+0000] {logging_mixin.py:149} INFO - [2023-06-08T19:06:27.650+0000] {dagbag.py:541} INFO - Filling up the DagBag from /home/airflow/.local/lib/python3.7/site-packages/airflow/example_dags/tutorial_dag.py
[2023-06-08T19:06:27.654+0000] {processor.py:836} INFO - DAG(s) dict_keys(['tutorial_dag']) retrieved from /home/airflow/.local/lib/python3.7/site-packages/airflow/example_dags/tutorial_dag.py
[2023-06-08T19:06:27.671+0000] {logging_mixin.py:149} INFO - [2023-06-08T19:06:27.671+0000] {dag.py:2726} INFO - Sync 1 DAGs
[2023-06-08T19:06:27.685+0000] {logging_mixin.py:149} INFO - [2023-06-08T19:06:27.685+0000] {dag.py:3490} INFO - Setting next_dagrun for tutorial_dag to None, run_after=None
[2023-06-08T19:06:27.696+0000] {processor.py:179} INFO - Processing /home/airflow/.local/lib/python3.7/site-packages/airflow/example_dags/tutorial_dag.py took 0.050 seconds
[2023-06-08T19:06:57.880+0000] {processor.py:157} INFO - Started process (PID=2881) to work on /home/airflow/.local/lib/python3.7/site-packages/airflow/example_dags/tutorial_dag.py
[2023-06-08T19:06:57.881+0000] {processor.py:826} INFO - Processing file /home/airflow/.local/lib/python3.7/site-packages/airflow/example_dags/tutorial_dag.py for tasks to queue
[2023-06-08T19:06:57.881+0000] {logging_mixin.py:149} INFO - [2023-06-08T19:06:57.881+0000] {dagbag.py:541} INFO - Filling up the DagBag from /home/airflow/.local/lib/python3.7/site-packages/airflow/example_dags/tutorial_dag.py
[2023-06-08T19:06:57.885+0000] {processor.py:836} INFO - DAG(s) dict_keys(['tutorial_dag']) retrieved from /home/airflow/.local/lib/python3.7/site-packages/airflow/example_dags/tutorial_dag.py
[2023-06-08T19:06:57.901+0000] {logging_mixin.py:149} INFO - [2023-06-08T19:06:57.901+0000] {dag.py:2726} INFO - Sync 1 DAGs
[2023-06-08T19:06:57.915+0000] {logging_mixin.py:149} INFO - [2023-06-08T19:06:57.915+0000] {dag.py:3490} INFO - Setting next_dagrun for tutorial_dag to None, run_after=None
[2023-06-08T19:06:57.924+0000] {processor.py:179} INFO - Processing /home/airflow/.local/lib/python3.7/site-packages/airflow/example_dags/tutorial_dag.py took 0.047 seconds
[2023-06-08T19:07:28.234+0000] {processor.py:157} INFO - Started process (PID=3120) to work on /home/airflow/.local/lib/python3.7/site-packages/airflow/example_dags/tutorial_dag.py
[2023-06-08T19:07:28.235+0000] {processor.py:826} INFO - Processing file /home/airflow/.local/lib/python3.7/site-packages/airflow/example_dags/tutorial_dag.py for tasks to queue
[2023-06-08T19:07:28.236+0000] {logging_mixin.py:149} INFO - [2023-06-08T19:07:28.236+0000] {dagbag.py:541} INFO - Filling up the DagBag from /home/airflow/.local/lib/python3.7/site-packages/airflow/example_dags/tutorial_dag.py
[2023-06-08T19:07:28.239+0000] {processor.py:836} INFO - DAG(s) dict_keys(['tutorial_dag']) retrieved from /home/airflow/.local/lib/python3.7/site-packages/airflow/example_dags/tutorial_dag.py
[2023-06-08T19:07:28.257+0000] {logging_mixin.py:149} INFO - [2023-06-08T19:07:28.257+0000] {dag.py:2726} INFO - Sync 1 DAGs
[2023-06-08T19:07:28.271+0000] {logging_mixin.py:149} INFO - [2023-06-08T19:07:28.271+0000] {dag.py:3490} INFO - Setting next_dagrun for tutorial_dag to None, run_after=None
[2023-06-08T19:07:28.282+0000] {processor.py:179} INFO - Processing /home/airflow/.local/lib/python3.7/site-packages/airflow/example_dags/tutorial_dag.py took 0.050 seconds
[2023-06-08T19:07:58.534+0000] {processor.py:157} INFO - Started process (PID=3357) to work on /home/airflow/.local/lib/python3.7/site-packages/airflow/example_dags/tutorial_dag.py
[2023-06-08T19:07:58.535+0000] {processor.py:826} INFO - Processing file /home/airflow/.local/lib/python3.7/site-packages/airflow/example_dags/tutorial_dag.py for tasks to queue
[2023-06-08T19:07:58.535+0000] {logging_mixin.py:149} INFO - [2023-06-08T19:07:58.535+0000] {dagbag.py:541} INFO - Filling up the DagBag from /home/airflow/.local/lib/python3.7/site-packages/airflow/example_dags/tutorial_dag.py
[2023-06-08T19:07:58.539+0000] {processor.py:836} INFO - DAG(s) dict_keys(['tutorial_dag']) retrieved from /home/airflow/.local/lib/python3.7/site-packages/airflow/example_dags/tutorial_dag.py
[2023-06-08T19:07:58.557+0000] {logging_mixin.py:149} INFO - [2023-06-08T19:07:58.557+0000] {dag.py:2726} INFO - Sync 1 DAGs
[2023-06-08T19:07:58.571+0000] {logging_mixin.py:149} INFO - [2023-06-08T19:07:58.571+0000] {dag.py:3490} INFO - Setting next_dagrun for tutorial_dag to None, run_after=None
[2023-06-08T19:07:58.582+0000] {processor.py:179} INFO - Processing /home/airflow/.local/lib/python3.7/site-packages/airflow/example_dags/tutorial_dag.py took 0.051 seconds
[2023-06-08T19:08:28.777+0000] {processor.py:157} INFO - Started process (PID=3592) to work on /home/airflow/.local/lib/python3.7/site-packages/airflow/example_dags/tutorial_dag.py
[2023-06-08T19:08:28.778+0000] {processor.py:826} INFO - Processing file /home/airflow/.local/lib/python3.7/site-packages/airflow/example_dags/tutorial_dag.py for tasks to queue
[2023-06-08T19:08:28.779+0000] {logging_mixin.py:149} INFO - [2023-06-08T19:08:28.779+0000] {dagbag.py:541} INFO - Filling up the DagBag from /home/airflow/.local/lib/python3.7/site-packages/airflow/example_dags/tutorial_dag.py
[2023-06-08T19:08:28.782+0000] {processor.py:836} INFO - DAG(s) dict_keys(['tutorial_dag']) retrieved from /home/airflow/.local/lib/python3.7/site-packages/airflow/example_dags/tutorial_dag.py
[2023-06-08T19:08:28.798+0000] {logging_mixin.py:149} INFO - [2023-06-08T19:08:28.798+0000] {dag.py:2726} INFO - Sync 1 DAGs
[2023-06-08T19:08:28.812+0000] {logging_mixin.py:149} INFO - [2023-06-08T19:08:28.812+0000] {dag.py:3490} INFO - Setting next_dagrun for tutorial_dag to None, run_after=None
[2023-06-08T19:08:28.821+0000] {processor.py:179} INFO - Processing /home/airflow/.local/lib/python3.7/site-packages/airflow/example_dags/tutorial_dag.py took 0.046 seconds
[2023-06-08T19:08:59.198+0000] {processor.py:157} INFO - Started process (PID=3831) to work on /home/airflow/.local/lib/python3.7/site-packages/airflow/example_dags/tutorial_dag.py
[2023-06-08T19:08:59.199+0000] {processor.py:826} INFO - Processing file /home/airflow/.local/lib/python3.7/site-packages/airflow/example_dags/tutorial_dag.py for tasks to queue
[2023-06-08T19:08:59.200+0000] {logging_mixin.py:149} INFO - [2023-06-08T19:08:59.200+0000] {dagbag.py:541} INFO - Filling up the DagBag from /home/airflow/.local/lib/python3.7/site-packages/airflow/example_dags/tutorial_dag.py
[2023-06-08T19:08:59.203+0000] {processor.py:836} INFO - DAG(s) dict_keys(['tutorial_dag']) retrieved from /home/airflow/.local/lib/python3.7/site-packages/airflow/example_dags/tutorial_dag.py
[2023-06-08T19:08:59.221+0000] {logging_mixin.py:149} INFO - [2023-06-08T19:08:59.221+0000] {dag.py:2726} INFO - Sync 1 DAGs
[2023-06-08T19:08:59.235+0000] {logging_mixin.py:149} INFO - [2023-06-08T19:08:59.235+0000] {dag.py:3490} INFO - Setting next_dagrun for tutorial_dag to None, run_after=None
[2023-06-08T19:08:59.245+0000] {processor.py:179} INFO - Processing /home/airflow/.local/lib/python3.7/site-packages/airflow/example_dags/tutorial_dag.py took 0.049 seconds
[2023-06-08T19:09:29.349+0000] {processor.py:157} INFO - Started process (PID=4068) to work on /home/airflow/.local/lib/python3.7/site-packages/airflow/example_dags/tutorial_dag.py
[2023-06-08T19:09:29.350+0000] {processor.py:826} INFO - Processing file /home/airflow/.local/lib/python3.7/site-packages/airflow/example_dags/tutorial_dag.py for tasks to queue
[2023-06-08T19:09:29.351+0000] {logging_mixin.py:149} INFO - [2023-06-08T19:09:29.351+0000] {dagbag.py:541} INFO - Filling up the DagBag from /home/airflow/.local/lib/python3.7/site-packages/airflow/example_dags/tutorial_dag.py
[2023-06-08T19:09:29.355+0000] {processor.py:836} INFO - DAG(s) dict_keys(['tutorial_dag']) retrieved from /home/airflow/.local/lib/python3.7/site-packages/airflow/example_dags/tutorial_dag.py
[2023-06-08T19:09:29.372+0000] {logging_mixin.py:149} INFO - [2023-06-08T19:09:29.372+0000] {dag.py:2726} INFO - Sync 1 DAGs
[2023-06-08T19:09:29.387+0000] {logging_mixin.py:149} INFO - [2023-06-08T19:09:29.386+0000] {dag.py:3490} INFO - Setting next_dagrun for tutorial_dag to None, run_after=None
[2023-06-08T19:09:29.396+0000] {processor.py:179} INFO - Processing /home/airflow/.local/lib/python3.7/site-packages/airflow/example_dags/tutorial_dag.py took 0.049 seconds
[2023-06-08T19:09:59.565+0000] {processor.py:157} INFO - Started process (PID=4303) to work on /home/airflow/.local/lib/python3.7/site-packages/airflow/example_dags/tutorial_dag.py
[2023-06-08T19:09:59.566+0000] {processor.py:826} INFO - Processing file /home/airflow/.local/lib/python3.7/site-packages/airflow/example_dags/tutorial_dag.py for tasks to queue
[2023-06-08T19:09:59.567+0000] {logging_mixin.py:149} INFO - [2023-06-08T19:09:59.567+0000] {dagbag.py:541} INFO - Filling up the DagBag from /home/airflow/.local/lib/python3.7/site-packages/airflow/example_dags/tutorial_dag.py
[2023-06-08T19:09:59.571+0000] {processor.py:836} INFO - DAG(s) dict_keys(['tutorial_dag']) retrieved from /home/airflow/.local/lib/python3.7/site-packages/airflow/example_dags/tutorial_dag.py
[2023-06-08T19:09:59.588+0000] {logging_mixin.py:149} INFO - [2023-06-08T19:09:59.588+0000] {dag.py:2726} INFO - Sync 1 DAGs
[2023-06-08T19:09:59.603+0000] {logging_mixin.py:149} INFO - [2023-06-08T19:09:59.603+0000] {dag.py:3490} INFO - Setting next_dagrun for tutorial_dag to None, run_after=None
[2023-06-08T19:09:59.615+0000] {processor.py:179} INFO - Processing /home/airflow/.local/lib/python3.7/site-packages/airflow/example_dags/tutorial_dag.py took 0.052 seconds
[2023-06-08T19:10:29.920+0000] {processor.py:157} INFO - Started process (PID=4542) to work on /home/airflow/.local/lib/python3.7/site-packages/airflow/example_dags/tutorial_dag.py
[2023-06-08T19:10:29.921+0000] {processor.py:826} INFO - Processing file /home/airflow/.local/lib/python3.7/site-packages/airflow/example_dags/tutorial_dag.py for tasks to queue
[2023-06-08T19:10:29.922+0000] {logging_mixin.py:149} INFO - [2023-06-08T19:10:29.922+0000] {dagbag.py:541} INFO - Filling up the DagBag from /home/airflow/.local/lib/python3.7/site-packages/airflow/example_dags/tutorial_dag.py
[2023-06-08T19:10:29.925+0000] {processor.py:836} INFO - DAG(s) dict_keys(['tutorial_dag']) retrieved from /home/airflow/.local/lib/python3.7/site-packages/airflow/example_dags/tutorial_dag.py
[2023-06-08T19:10:29.943+0000] {logging_mixin.py:149} INFO - [2023-06-08T19:10:29.942+0000] {dag.py:2726} INFO - Sync 1 DAGs
[2023-06-08T19:10:29.957+0000] {logging_mixin.py:149} INFO - [2023-06-08T19:10:29.957+0000] {dag.py:3490} INFO - Setting next_dagrun for tutorial_dag to None, run_after=None
[2023-06-08T19:10:29.967+0000] {processor.py:179} INFO - Processing /home/airflow/.local/lib/python3.7/site-packages/airflow/example_dags/tutorial_dag.py took 0.050 seconds
[2023-06-08T19:11:00.132+0000] {processor.py:157} INFO - Started process (PID=4779) to work on /home/airflow/.local/lib/python3.7/site-packages/airflow/example_dags/tutorial_dag.py
[2023-06-08T19:11:00.133+0000] {processor.py:826} INFO - Processing file /home/airflow/.local/lib/python3.7/site-packages/airflow/example_dags/tutorial_dag.py for tasks to queue
[2023-06-08T19:11:00.134+0000] {logging_mixin.py:149} INFO - [2023-06-08T19:11:00.134+0000] {dagbag.py:541} INFO - Filling up the DagBag from /home/airflow/.local/lib/python3.7/site-packages/airflow/example_dags/tutorial_dag.py
[2023-06-08T19:11:00.138+0000] {processor.py:836} INFO - DAG(s) dict_keys(['tutorial_dag']) retrieved from /home/airflow/.local/lib/python3.7/site-packages/airflow/example_dags/tutorial_dag.py
[2023-06-08T19:11:00.156+0000] {logging_mixin.py:149} INFO - [2023-06-08T19:11:00.156+0000] {dag.py:2726} INFO - Sync 1 DAGs
[2023-06-08T19:11:00.170+0000] {logging_mixin.py:149} INFO - [2023-06-08T19:11:00.170+0000] {dag.py:3490} INFO - Setting next_dagrun for tutorial_dag to None, run_after=None
[2023-06-08T19:11:00.181+0000] {processor.py:179} INFO - Processing /home/airflow/.local/lib/python3.7/site-packages/airflow/example_dags/tutorial_dag.py took 0.051 seconds
[2023-06-08T19:11:30.492+0000] {processor.py:157} INFO - Started process (PID=5016) to work on /home/airflow/.local/lib/python3.7/site-packages/airflow/example_dags/tutorial_dag.py
[2023-06-08T19:11:30.493+0000] {processor.py:826} INFO - Processing file /home/airflow/.local/lib/python3.7/site-packages/airflow/example_dags/tutorial_dag.py for tasks to queue
[2023-06-08T19:11:30.494+0000] {logging_mixin.py:149} INFO - [2023-06-08T19:11:30.494+0000] {dagbag.py:541} INFO - Filling up the DagBag from /home/airflow/.local/lib/python3.7/site-packages/airflow/example_dags/tutorial_dag.py
[2023-06-08T19:11:30.498+0000] {processor.py:836} INFO - DAG(s) dict_keys(['tutorial_dag']) retrieved from /home/airflow/.local/lib/python3.7/site-packages/airflow/example_dags/tutorial_dag.py
[2023-06-08T19:11:30.514+0000] {logging_mixin.py:149} INFO - [2023-06-08T19:11:30.514+0000] {dag.py:2726} INFO - Sync 1 DAGs
[2023-06-08T19:11:30.528+0000] {logging_mixin.py:149} INFO - [2023-06-08T19:11:30.528+0000] {dag.py:3490} INFO - Setting next_dagrun for tutorial_dag to None, run_after=None
[2023-06-08T19:11:30.538+0000] {processor.py:179} INFO - Processing /home/airflow/.local/lib/python3.7/site-packages/airflow/example_dags/tutorial_dag.py took 0.048 seconds
[2023-06-08T19:12:00.699+0000] {processor.py:157} INFO - Started process (PID=5253) to work on /home/airflow/.local/lib/python3.7/site-packages/airflow/example_dags/tutorial_dag.py
[2023-06-08T19:12:00.700+0000] {processor.py:826} INFO - Processing file /home/airflow/.local/lib/python3.7/site-packages/airflow/example_dags/tutorial_dag.py for tasks to queue
[2023-06-08T19:12:00.700+0000] {logging_mixin.py:149} INFO - [2023-06-08T19:12:00.700+0000] {dagbag.py:541} INFO - Filling up the DagBag from /home/airflow/.local/lib/python3.7/site-packages/airflow/example_dags/tutorial_dag.py
[2023-06-08T19:12:00.704+0000] {processor.py:836} INFO - DAG(s) dict_keys(['tutorial_dag']) retrieved from /home/airflow/.local/lib/python3.7/site-packages/airflow/example_dags/tutorial_dag.py
[2023-06-08T19:12:00.721+0000] {logging_mixin.py:149} INFO - [2023-06-08T19:12:00.721+0000] {dag.py:2726} INFO - Sync 1 DAGs
[2023-06-08T19:12:00.736+0000] {logging_mixin.py:149} INFO - [2023-06-08T19:12:00.735+0000] {dag.py:3490} INFO - Setting next_dagrun for tutorial_dag to None, run_after=None
[2023-06-08T19:12:00.746+0000] {processor.py:179} INFO - Processing /home/airflow/.local/lib/python3.7/site-packages/airflow/example_dags/tutorial_dag.py took 0.049 seconds
[2023-06-08T19:12:30.938+0000] {processor.py:157} INFO - Started process (PID=5491) to work on /home/airflow/.local/lib/python3.7/site-packages/airflow/example_dags/tutorial_dag.py
[2023-06-08T19:12:30.939+0000] {processor.py:826} INFO - Processing file /home/airflow/.local/lib/python3.7/site-packages/airflow/example_dags/tutorial_dag.py for tasks to queue
[2023-06-08T19:12:30.939+0000] {logging_mixin.py:149} INFO - [2023-06-08T19:12:30.939+0000] {dagbag.py:541} INFO - Filling up the DagBag from /home/airflow/.local/lib/python3.7/site-packages/airflow/example_dags/tutorial_dag.py
[2023-06-08T19:12:30.943+0000] {processor.py:836} INFO - DAG(s) dict_keys(['tutorial_dag']) retrieved from /home/airflow/.local/lib/python3.7/site-packages/airflow/example_dags/tutorial_dag.py
[2023-06-08T19:12:30.964+0000] {logging_mixin.py:149} INFO - [2023-06-08T19:12:30.963+0000] {dag.py:2726} INFO - Sync 1 DAGs
[2023-06-08T19:12:30.978+0000] {logging_mixin.py:149} INFO - [2023-06-08T19:12:30.978+0000] {dag.py:3490} INFO - Setting next_dagrun for tutorial_dag to None, run_after=None
[2023-06-08T19:12:30.988+0000] {processor.py:179} INFO - Processing /home/airflow/.local/lib/python3.7/site-packages/airflow/example_dags/tutorial_dag.py took 0.053 seconds
[2023-06-08T19:13:01.228+0000] {processor.py:157} INFO - Started process (PID=5728) to work on /home/airflow/.local/lib/python3.7/site-packages/airflow/example_dags/tutorial_dag.py
[2023-06-08T19:13:01.229+0000] {processor.py:826} INFO - Processing file /home/airflow/.local/lib/python3.7/site-packages/airflow/example_dags/tutorial_dag.py for tasks to queue
[2023-06-08T19:13:01.230+0000] {logging_mixin.py:149} INFO - [2023-06-08T19:13:01.230+0000] {dagbag.py:541} INFO - Filling up the DagBag from /home/airflow/.local/lib/python3.7/site-packages/airflow/example_dags/tutorial_dag.py
[2023-06-08T19:13:01.234+0000] {processor.py:836} INFO - DAG(s) dict_keys(['tutorial_dag']) retrieved from /home/airflow/.local/lib/python3.7/site-packages/airflow/example_dags/tutorial_dag.py
[2023-06-08T19:13:01.251+0000] {logging_mixin.py:149} INFO - [2023-06-08T19:13:01.251+0000] {dag.py:2726} INFO - Sync 1 DAGs
[2023-06-08T19:13:01.265+0000] {logging_mixin.py:149} INFO - [2023-06-08T19:13:01.265+0000] {dag.py:3490} INFO - Setting next_dagrun for tutorial_dag to None, run_after=None
[2023-06-08T19:13:01.274+0000] {processor.py:179} INFO - Processing /home/airflow/.local/lib/python3.7/site-packages/airflow/example_dags/tutorial_dag.py took 0.048 seconds
[2023-06-08T19:13:31.551+0000] {processor.py:157} INFO - Started process (PID=5965) to work on /home/airflow/.local/lib/python3.7/site-packages/airflow/example_dags/tutorial_dag.py
[2023-06-08T19:13:31.552+0000] {processor.py:826} INFO - Processing file /home/airflow/.local/lib/python3.7/site-packages/airflow/example_dags/tutorial_dag.py for tasks to queue
[2023-06-08T19:13:31.553+0000] {logging_mixin.py:149} INFO - [2023-06-08T19:13:31.553+0000] {dagbag.py:541} INFO - Filling up the DagBag from /home/airflow/.local/lib/python3.7/site-packages/airflow/example_dags/tutorial_dag.py
[2023-06-08T19:13:31.556+0000] {processor.py:836} INFO - DAG(s) dict_keys(['tutorial_dag']) retrieved from /home/airflow/.local/lib/python3.7/site-packages/airflow/example_dags/tutorial_dag.py
[2023-06-08T19:13:31.574+0000] {logging_mixin.py:149} INFO - [2023-06-08T19:13:31.574+0000] {dag.py:2726} INFO - Sync 1 DAGs
[2023-06-08T19:13:31.588+0000] {logging_mixin.py:149} INFO - [2023-06-08T19:13:31.588+0000] {dag.py:3490} INFO - Setting next_dagrun for tutorial_dag to None, run_after=None
[2023-06-08T19:13:31.598+0000] {processor.py:179} INFO - Processing /home/airflow/.local/lib/python3.7/site-packages/airflow/example_dags/tutorial_dag.py took 0.050 seconds
[2023-06-08T19:14:01.760+0000] {processor.py:157} INFO - Started process (PID=6202) to work on /home/airflow/.local/lib/python3.7/site-packages/airflow/example_dags/tutorial_dag.py
[2023-06-08T19:14:01.761+0000] {processor.py:826} INFO - Processing file /home/airflow/.local/lib/python3.7/site-packages/airflow/example_dags/tutorial_dag.py for tasks to queue
[2023-06-08T19:14:01.762+0000] {logging_mixin.py:149} INFO - [2023-06-08T19:14:01.762+0000] {dagbag.py:541} INFO - Filling up the DagBag from /home/airflow/.local/lib/python3.7/site-packages/airflow/example_dags/tutorial_dag.py
[2023-06-08T19:14:01.766+0000] {processor.py:836} INFO - DAG(s) dict_keys(['tutorial_dag']) retrieved from /home/airflow/.local/lib/python3.7/site-packages/airflow/example_dags/tutorial_dag.py
[2023-06-08T19:14:01.783+0000] {logging_mixin.py:149} INFO - [2023-06-08T19:14:01.783+0000] {dag.py:2726} INFO - Sync 1 DAGs
[2023-06-08T19:14:01.798+0000] {logging_mixin.py:149} INFO - [2023-06-08T19:14:01.798+0000] {dag.py:3490} INFO - Setting next_dagrun for tutorial_dag to None, run_after=None
[2023-06-08T19:14:01.808+0000] {processor.py:179} INFO - Processing /home/airflow/.local/lib/python3.7/site-packages/airflow/example_dags/tutorial_dag.py took 0.050 seconds
[2023-06-08T19:14:31.997+0000] {processor.py:157} INFO - Started process (PID=6440) to work on /home/airflow/.local/lib/python3.7/site-packages/airflow/example_dags/tutorial_dag.py
[2023-06-08T19:14:31.999+0000] {processor.py:826} INFO - Processing file /home/airflow/.local/lib/python3.7/site-packages/airflow/example_dags/tutorial_dag.py for tasks to queue
[2023-06-08T19:14:32.000+0000] {logging_mixin.py:149} INFO - [2023-06-08T19:14:32.000+0000] {dagbag.py:541} INFO - Filling up the DagBag from /home/airflow/.local/lib/python3.7/site-packages/airflow/example_dags/tutorial_dag.py
[2023-06-08T19:14:32.004+0000] {processor.py:836} INFO - DAG(s) dict_keys(['tutorial_dag']) retrieved from /home/airflow/.local/lib/python3.7/site-packages/airflow/example_dags/tutorial_dag.py
[2023-06-08T19:14:32.021+0000] {logging_mixin.py:149} INFO - [2023-06-08T19:14:32.021+0000] {dag.py:2726} INFO - Sync 1 DAGs
[2023-06-08T19:14:32.035+0000] {logging_mixin.py:149} INFO - [2023-06-08T19:14:32.035+0000] {dag.py:3490} INFO - Setting next_dagrun for tutorial_dag to None, run_after=None
[2023-06-08T19:14:32.046+0000] {processor.py:179} INFO - Processing /home/airflow/.local/lib/python3.7/site-packages/airflow/example_dags/tutorial_dag.py took 0.051 seconds
[2023-06-08T19:15:02.218+0000] {processor.py:157} INFO - Started process (PID=6677) to work on /home/airflow/.local/lib/python3.7/site-packages/airflow/example_dags/tutorial_dag.py
[2023-06-08T19:15:02.220+0000] {processor.py:826} INFO - Processing file /home/airflow/.local/lib/python3.7/site-packages/airflow/example_dags/tutorial_dag.py for tasks to queue
[2023-06-08T19:15:02.220+0000] {logging_mixin.py:149} INFO - [2023-06-08T19:15:02.220+0000] {dagbag.py:541} INFO - Filling up the DagBag from /home/airflow/.local/lib/python3.7/site-packages/airflow/example_dags/tutorial_dag.py
[2023-06-08T19:15:02.224+0000] {processor.py:836} INFO - DAG(s) dict_keys(['tutorial_dag']) retrieved from /home/airflow/.local/lib/python3.7/site-packages/airflow/example_dags/tutorial_dag.py
[2023-06-08T19:15:02.242+0000] {logging_mixin.py:149} INFO - [2023-06-08T19:15:02.242+0000] {dag.py:2726} INFO - Sync 1 DAGs
[2023-06-08T19:15:02.256+0000] {logging_mixin.py:149} INFO - [2023-06-08T19:15:02.256+0000] {dag.py:3490} INFO - Setting next_dagrun for tutorial_dag to None, run_after=None
[2023-06-08T19:15:02.267+0000] {processor.py:179} INFO - Processing /home/airflow/.local/lib/python3.7/site-packages/airflow/example_dags/tutorial_dag.py took 0.051 seconds
