[2023-06-08T19:01:24.969+0000] {processor.py:157} INFO - Started process (PID=257) to work on /home/airflow/.local/lib/python3.7/site-packages/airflow/example_dags/tutorial.py
[2023-06-08T19:01:24.970+0000] {processor.py:826} INFO - Processing file /home/airflow/.local/lib/python3.7/site-packages/airflow/example_dags/tutorial.py for tasks to queue
[2023-06-08T19:01:24.971+0000] {logging_mixin.py:149} INFO - [2023-06-08T19:01:24.971+0000] {dagbag.py:541} INFO - Filling up the DagBag from /home/airflow/.local/lib/python3.7/site-packages/airflow/example_dags/tutorial.py
[2023-06-08T19:01:24.978+0000] {processor.py:836} INFO - DAG(s) dict_keys(['tutorial']) retrieved from /home/airflow/.local/lib/python3.7/site-packages/airflow/example_dags/tutorial.py
[2023-06-08T19:01:24.988+0000] {logging_mixin.py:149} INFO - [2023-06-08T19:01:24.988+0000] {dag.py:2726} INFO - Sync 1 DAGs
[2023-06-08T19:01:25.002+0000] {logging_mixin.py:149} INFO - [2023-06-08T19:01:25.002+0000] {dag.py:3490} INFO - Setting next_dagrun for tutorial to 2023-06-07T19:01:25.002675+00:00, run_after=2023-06-08T19:01:25.002675+00:00
[2023-06-08T19:01:25.013+0000] {processor.py:179} INFO - Processing /home/airflow/.local/lib/python3.7/site-packages/airflow/example_dags/tutorial.py took 0.046 seconds
[2023-06-08T19:01:56.327+0000] {processor.py:157} INFO - Started process (PID=494) to work on /home/airflow/.local/lib/python3.7/site-packages/airflow/example_dags/tutorial.py
[2023-06-08T19:01:56.327+0000] {processor.py:826} INFO - Processing file /home/airflow/.local/lib/python3.7/site-packages/airflow/example_dags/tutorial.py for tasks to queue
[2023-06-08T19:01:56.328+0000] {logging_mixin.py:149} INFO - [2023-06-08T19:01:56.328+0000] {dagbag.py:541} INFO - Filling up the DagBag from /home/airflow/.local/lib/python3.7/site-packages/airflow/example_dags/tutorial.py
[2023-06-08T19:01:56.334+0000] {processor.py:836} INFO - DAG(s) dict_keys(['tutorial']) retrieved from /home/airflow/.local/lib/python3.7/site-packages/airflow/example_dags/tutorial.py
[2023-06-08T19:01:56.427+0000] {logging_mixin.py:149} INFO - [2023-06-08T19:01:56.427+0000] {dag.py:2726} INFO - Sync 1 DAGs
[2023-06-08T19:01:56.440+0000] {logging_mixin.py:149} INFO - [2023-06-08T19:01:56.440+0000] {dag.py:3490} INFO - Setting next_dagrun for tutorial to 2023-06-07T19:01:56.440555+00:00, run_after=2023-06-08T19:01:56.440555+00:00
[2023-06-08T19:01:56.450+0000] {processor.py:179} INFO - Processing /home/airflow/.local/lib/python3.7/site-packages/airflow/example_dags/tutorial.py took 0.126 seconds
[2023-06-08T19:02:27.172+0000] {processor.py:157} INFO - Started process (PID=732) to work on /home/airflow/.local/lib/python3.7/site-packages/airflow/example_dags/tutorial.py
[2023-06-08T19:02:27.173+0000] {processor.py:826} INFO - Processing file /home/airflow/.local/lib/python3.7/site-packages/airflow/example_dags/tutorial.py for tasks to queue
[2023-06-08T19:02:27.174+0000] {logging_mixin.py:149} INFO - [2023-06-08T19:02:27.173+0000] {dagbag.py:541} INFO - Filling up the DagBag from /home/airflow/.local/lib/python3.7/site-packages/airflow/example_dags/tutorial.py
[2023-06-08T19:02:27.178+0000] {processor.py:836} INFO - DAG(s) dict_keys(['tutorial']) retrieved from /home/airflow/.local/lib/python3.7/site-packages/airflow/example_dags/tutorial.py
[2023-06-08T19:02:27.194+0000] {logging_mixin.py:149} INFO - [2023-06-08T19:02:27.194+0000] {dag.py:2726} INFO - Sync 1 DAGs
[2023-06-08T19:02:27.208+0000] {logging_mixin.py:149} INFO - [2023-06-08T19:02:27.208+0000] {dag.py:3490} INFO - Setting next_dagrun for tutorial to 2023-06-07T19:02:27.208285+00:00, run_after=2023-06-08T19:02:27.208285+00:00
[2023-06-08T19:02:27.218+0000] {processor.py:179} INFO - Processing /home/airflow/.local/lib/python3.7/site-packages/airflow/example_dags/tutorial.py took 0.049 seconds
[2023-06-08T19:02:57.314+0000] {processor.py:157} INFO - Started process (PID=1016) to work on /home/airflow/.local/lib/python3.7/site-packages/airflow/example_dags/tutorial.py
[2023-06-08T19:02:57.315+0000] {processor.py:826} INFO - Processing file /home/airflow/.local/lib/python3.7/site-packages/airflow/example_dags/tutorial.py for tasks to queue
[2023-06-08T19:02:57.316+0000] {logging_mixin.py:149} INFO - [2023-06-08T19:02:57.316+0000] {dagbag.py:541} INFO - Filling up the DagBag from /home/airflow/.local/lib/python3.7/site-packages/airflow/example_dags/tutorial.py
[2023-06-08T19:02:57.321+0000] {processor.py:836} INFO - DAG(s) dict_keys(['tutorial']) retrieved from /home/airflow/.local/lib/python3.7/site-packages/airflow/example_dags/tutorial.py
[2023-06-08T19:02:57.337+0000] {logging_mixin.py:149} INFO - [2023-06-08T19:02:57.337+0000] {dag.py:2726} INFO - Sync 1 DAGs
[2023-06-08T19:02:57.351+0000] {logging_mixin.py:149} INFO - [2023-06-08T19:02:57.351+0000] {dag.py:3490} INFO - Setting next_dagrun for tutorial to 2023-06-07T19:02:57.351568+00:00, run_after=2023-06-08T19:02:57.351568+00:00
[2023-06-08T19:02:57.361+0000] {processor.py:179} INFO - Processing /home/airflow/.local/lib/python3.7/site-packages/airflow/example_dags/tutorial.py took 0.049 seconds
[2023-06-08T19:03:27.592+0000] {processor.py:157} INFO - Started process (PID=1301) to work on /home/airflow/.local/lib/python3.7/site-packages/airflow/example_dags/tutorial.py
[2023-06-08T19:03:27.593+0000] {processor.py:826} INFO - Processing file /home/airflow/.local/lib/python3.7/site-packages/airflow/example_dags/tutorial.py for tasks to queue
[2023-06-08T19:03:27.594+0000] {logging_mixin.py:149} INFO - [2023-06-08T19:03:27.594+0000] {dagbag.py:541} INFO - Filling up the DagBag from /home/airflow/.local/lib/python3.7/site-packages/airflow/example_dags/tutorial.py
[2023-06-08T19:03:27.598+0000] {processor.py:836} INFO - DAG(s) dict_keys(['tutorial']) retrieved from /home/airflow/.local/lib/python3.7/site-packages/airflow/example_dags/tutorial.py
[2023-06-08T19:03:27.615+0000] {logging_mixin.py:149} INFO - [2023-06-08T19:03:27.615+0000] {dag.py:2726} INFO - Sync 1 DAGs
[2023-06-08T19:03:27.630+0000] {logging_mixin.py:149} INFO - [2023-06-08T19:03:27.630+0000] {dag.py:3490} INFO - Setting next_dagrun for tutorial to 2023-06-07T19:03:27.630122+00:00, run_after=2023-06-08T19:03:27.630122+00:00
[2023-06-08T19:03:27.640+0000] {processor.py:179} INFO - Processing /home/airflow/.local/lib/python3.7/site-packages/airflow/example_dags/tutorial.py took 0.050 seconds
[2023-06-08T19:03:57.844+0000] {processor.py:157} INFO - Started process (PID=1539) to work on /home/airflow/.local/lib/python3.7/site-packages/airflow/example_dags/tutorial.py
[2023-06-08T19:03:57.845+0000] {processor.py:826} INFO - Processing file /home/airflow/.local/lib/python3.7/site-packages/airflow/example_dags/tutorial.py for tasks to queue
[2023-06-08T19:03:57.846+0000] {logging_mixin.py:149} INFO - [2023-06-08T19:03:57.846+0000] {dagbag.py:541} INFO - Filling up the DagBag from /home/airflow/.local/lib/python3.7/site-packages/airflow/example_dags/tutorial.py
[2023-06-08T19:03:57.851+0000] {processor.py:836} INFO - DAG(s) dict_keys(['tutorial']) retrieved from /home/airflow/.local/lib/python3.7/site-packages/airflow/example_dags/tutorial.py
[2023-06-08T19:03:57.868+0000] {logging_mixin.py:149} INFO - [2023-06-08T19:03:57.867+0000] {dag.py:2726} INFO - Sync 1 DAGs
[2023-06-08T19:03:57.882+0000] {logging_mixin.py:149} INFO - [2023-06-08T19:03:57.882+0000] {dag.py:3490} INFO - Setting next_dagrun for tutorial to 2023-06-07T19:03:57.882339+00:00, run_after=2023-06-08T19:03:57.882339+00:00
[2023-06-08T19:03:57.892+0000] {processor.py:179} INFO - Processing /home/airflow/.local/lib/python3.7/site-packages/airflow/example_dags/tutorial.py took 0.050 seconds
[2023-06-08T19:04:28.093+0000] {processor.py:157} INFO - Started process (PID=1776) to work on /home/airflow/.local/lib/python3.7/site-packages/airflow/example_dags/tutorial.py
[2023-06-08T19:04:28.094+0000] {processor.py:826} INFO - Processing file /home/airflow/.local/lib/python3.7/site-packages/airflow/example_dags/tutorial.py for tasks to queue
[2023-06-08T19:04:28.095+0000] {logging_mixin.py:149} INFO - [2023-06-08T19:04:28.094+0000] {dagbag.py:541} INFO - Filling up the DagBag from /home/airflow/.local/lib/python3.7/site-packages/airflow/example_dags/tutorial.py
[2023-06-08T19:04:28.099+0000] {processor.py:836} INFO - DAG(s) dict_keys(['tutorial']) retrieved from /home/airflow/.local/lib/python3.7/site-packages/airflow/example_dags/tutorial.py
[2023-06-08T19:04:28.115+0000] {logging_mixin.py:149} INFO - [2023-06-08T19:04:28.115+0000] {dag.py:2726} INFO - Sync 1 DAGs
[2023-06-08T19:04:28.131+0000] {logging_mixin.py:149} INFO - [2023-06-08T19:04:28.131+0000] {dag.py:3490} INFO - Setting next_dagrun for tutorial to 2023-06-07T19:04:28.131095+00:00, run_after=2023-06-08T19:04:28.131095+00:00
[2023-06-08T19:04:28.140+0000] {processor.py:179} INFO - Processing /home/airflow/.local/lib/python3.7/site-packages/airflow/example_dags/tutorial.py took 0.050 seconds
[2023-06-08T19:04:58.336+0000] {processor.py:157} INFO - Started process (PID=2013) to work on /home/airflow/.local/lib/python3.7/site-packages/airflow/example_dags/tutorial.py
[2023-06-08T19:04:58.337+0000] {processor.py:826} INFO - Processing file /home/airflow/.local/lib/python3.7/site-packages/airflow/example_dags/tutorial.py for tasks to queue
[2023-06-08T19:04:58.337+0000] {logging_mixin.py:149} INFO - [2023-06-08T19:04:58.337+0000] {dagbag.py:541} INFO - Filling up the DagBag from /home/airflow/.local/lib/python3.7/site-packages/airflow/example_dags/tutorial.py
[2023-06-08T19:04:58.342+0000] {processor.py:836} INFO - DAG(s) dict_keys(['tutorial']) retrieved from /home/airflow/.local/lib/python3.7/site-packages/airflow/example_dags/tutorial.py
[2023-06-08T19:04:58.359+0000] {logging_mixin.py:149} INFO - [2023-06-08T19:04:58.359+0000] {dag.py:2726} INFO - Sync 1 DAGs
[2023-06-08T19:04:58.373+0000] {logging_mixin.py:149} INFO - [2023-06-08T19:04:58.373+0000] {dag.py:3490} INFO - Setting next_dagrun for tutorial to 2023-06-07T19:04:58.373193+00:00, run_after=2023-06-08T19:04:58.373193+00:00
[2023-06-08T19:04:58.383+0000] {processor.py:179} INFO - Processing /home/airflow/.local/lib/python3.7/site-packages/airflow/example_dags/tutorial.py took 0.050 seconds
[2023-06-08T19:05:28.617+0000] {processor.py:157} INFO - Started process (PID=2250) to work on /home/airflow/.local/lib/python3.7/site-packages/airflow/example_dags/tutorial.py
[2023-06-08T19:05:28.618+0000] {processor.py:826} INFO - Processing file /home/airflow/.local/lib/python3.7/site-packages/airflow/example_dags/tutorial.py for tasks to queue
[2023-06-08T19:05:28.618+0000] {logging_mixin.py:149} INFO - [2023-06-08T19:05:28.618+0000] {dagbag.py:541} INFO - Filling up the DagBag from /home/airflow/.local/lib/python3.7/site-packages/airflow/example_dags/tutorial.py
[2023-06-08T19:05:28.623+0000] {processor.py:836} INFO - DAG(s) dict_keys(['tutorial']) retrieved from /home/airflow/.local/lib/python3.7/site-packages/airflow/example_dags/tutorial.py
[2023-06-08T19:05:28.640+0000] {logging_mixin.py:149} INFO - [2023-06-08T19:05:28.640+0000] {dag.py:2726} INFO - Sync 1 DAGs
[2023-06-08T19:05:28.654+0000] {logging_mixin.py:149} INFO - [2023-06-08T19:05:28.654+0000] {dag.py:3490} INFO - Setting next_dagrun for tutorial to 2023-06-07T19:05:28.654056+00:00, run_after=2023-06-08T19:05:28.654056+00:00
[2023-06-08T19:05:28.663+0000] {processor.py:179} INFO - Processing /home/airflow/.local/lib/python3.7/site-packages/airflow/example_dags/tutorial.py took 0.049 seconds
[2023-06-08T19:05:59.004+0000] {processor.py:157} INFO - Started process (PID=2487) to work on /home/airflow/.local/lib/python3.7/site-packages/airflow/example_dags/tutorial.py
[2023-06-08T19:05:59.005+0000] {processor.py:826} INFO - Processing file /home/airflow/.local/lib/python3.7/site-packages/airflow/example_dags/tutorial.py for tasks to queue
[2023-06-08T19:05:59.006+0000] {logging_mixin.py:149} INFO - [2023-06-08T19:05:59.006+0000] {dagbag.py:541} INFO - Filling up the DagBag from /home/airflow/.local/lib/python3.7/site-packages/airflow/example_dags/tutorial.py
[2023-06-08T19:05:59.010+0000] {processor.py:836} INFO - DAG(s) dict_keys(['tutorial']) retrieved from /home/airflow/.local/lib/python3.7/site-packages/airflow/example_dags/tutorial.py
[2023-06-08T19:05:59.027+0000] {logging_mixin.py:149} INFO - [2023-06-08T19:05:59.027+0000] {dag.py:2726} INFO - Sync 1 DAGs
[2023-06-08T19:05:59.041+0000] {logging_mixin.py:149} INFO - [2023-06-08T19:05:59.041+0000] {dag.py:3490} INFO - Setting next_dagrun for tutorial to 2023-06-07T19:05:59.041358+00:00, run_after=2023-06-08T19:05:59.041358+00:00
[2023-06-08T19:05:59.051+0000] {processor.py:179} INFO - Processing /home/airflow/.local/lib/python3.7/site-packages/airflow/example_dags/tutorial.py took 0.049 seconds
[2023-06-08T19:06:29.286+0000] {processor.py:157} INFO - Started process (PID=2724) to work on /home/airflow/.local/lib/python3.7/site-packages/airflow/example_dags/tutorial.py
[2023-06-08T19:06:29.288+0000] {processor.py:826} INFO - Processing file /home/airflow/.local/lib/python3.7/site-packages/airflow/example_dags/tutorial.py for tasks to queue
[2023-06-08T19:06:29.288+0000] {logging_mixin.py:149} INFO - [2023-06-08T19:06:29.288+0000] {dagbag.py:541} INFO - Filling up the DagBag from /home/airflow/.local/lib/python3.7/site-packages/airflow/example_dags/tutorial.py
[2023-06-08T19:06:29.293+0000] {processor.py:836} INFO - DAG(s) dict_keys(['tutorial']) retrieved from /home/airflow/.local/lib/python3.7/site-packages/airflow/example_dags/tutorial.py
[2023-06-08T19:06:29.310+0000] {logging_mixin.py:149} INFO - [2023-06-08T19:06:29.310+0000] {dag.py:2726} INFO - Sync 1 DAGs
[2023-06-08T19:06:29.324+0000] {logging_mixin.py:149} INFO - [2023-06-08T19:06:29.324+0000] {dag.py:3490} INFO - Setting next_dagrun for tutorial to 2023-06-07T19:06:29.324336+00:00, run_after=2023-06-08T19:06:29.324336+00:00
[2023-06-08T19:06:29.334+0000] {processor.py:179} INFO - Processing /home/airflow/.local/lib/python3.7/site-packages/airflow/example_dags/tutorial.py took 0.050 seconds
[2023-06-08T19:06:59.622+0000] {processor.py:157} INFO - Started process (PID=2963) to work on /home/airflow/.local/lib/python3.7/site-packages/airflow/example_dags/tutorial.py
[2023-06-08T19:06:59.623+0000] {processor.py:826} INFO - Processing file /home/airflow/.local/lib/python3.7/site-packages/airflow/example_dags/tutorial.py for tasks to queue
[2023-06-08T19:06:59.623+0000] {logging_mixin.py:149} INFO - [2023-06-08T19:06:59.623+0000] {dagbag.py:541} INFO - Filling up the DagBag from /home/airflow/.local/lib/python3.7/site-packages/airflow/example_dags/tutorial.py
[2023-06-08T19:06:59.628+0000] {processor.py:836} INFO - DAG(s) dict_keys(['tutorial']) retrieved from /home/airflow/.local/lib/python3.7/site-packages/airflow/example_dags/tutorial.py
[2023-06-08T19:06:59.644+0000] {logging_mixin.py:149} INFO - [2023-06-08T19:06:59.644+0000] {dag.py:2726} INFO - Sync 1 DAGs
[2023-06-08T19:06:59.658+0000] {logging_mixin.py:149} INFO - [2023-06-08T19:06:59.658+0000] {dag.py:3490} INFO - Setting next_dagrun for tutorial to 2023-06-07T19:06:59.657870+00:00, run_after=2023-06-08T19:06:59.657870+00:00
[2023-06-08T19:06:59.668+0000] {processor.py:179} INFO - Processing /home/airflow/.local/lib/python3.7/site-packages/airflow/example_dags/tutorial.py took 0.048 seconds
[2023-06-08T19:07:29.938+0000] {processor.py:157} INFO - Started process (PID=3200) to work on /home/airflow/.local/lib/python3.7/site-packages/airflow/example_dags/tutorial.py
[2023-06-08T19:07:29.939+0000] {processor.py:826} INFO - Processing file /home/airflow/.local/lib/python3.7/site-packages/airflow/example_dags/tutorial.py for tasks to queue
[2023-06-08T19:07:29.940+0000] {logging_mixin.py:149} INFO - [2023-06-08T19:07:29.940+0000] {dagbag.py:541} INFO - Filling up the DagBag from /home/airflow/.local/lib/python3.7/site-packages/airflow/example_dags/tutorial.py
[2023-06-08T19:07:29.944+0000] {processor.py:836} INFO - DAG(s) dict_keys(['tutorial']) retrieved from /home/airflow/.local/lib/python3.7/site-packages/airflow/example_dags/tutorial.py
[2023-06-08T19:07:29.960+0000] {logging_mixin.py:149} INFO - [2023-06-08T19:07:29.960+0000] {dag.py:2726} INFO - Sync 1 DAGs
[2023-06-08T19:07:29.975+0000] {logging_mixin.py:149} INFO - [2023-06-08T19:07:29.974+0000] {dag.py:3490} INFO - Setting next_dagrun for tutorial to 2023-06-07T19:07:29.974798+00:00, run_after=2023-06-08T19:07:29.974798+00:00
[2023-06-08T19:07:29.985+0000] {processor.py:179} INFO - Processing /home/airflow/.local/lib/python3.7/site-packages/airflow/example_dags/tutorial.py took 0.049 seconds
[2023-06-08T19:08:00.168+0000] {processor.py:157} INFO - Started process (PID=3435) to work on /home/airflow/.local/lib/python3.7/site-packages/airflow/example_dags/tutorial.py
[2023-06-08T19:08:00.169+0000] {processor.py:826} INFO - Processing file /home/airflow/.local/lib/python3.7/site-packages/airflow/example_dags/tutorial.py for tasks to queue
[2023-06-08T19:08:00.169+0000] {logging_mixin.py:149} INFO - [2023-06-08T19:08:00.169+0000] {dagbag.py:541} INFO - Filling up the DagBag from /home/airflow/.local/lib/python3.7/site-packages/airflow/example_dags/tutorial.py
[2023-06-08T19:08:00.174+0000] {processor.py:836} INFO - DAG(s) dict_keys(['tutorial']) retrieved from /home/airflow/.local/lib/python3.7/site-packages/airflow/example_dags/tutorial.py
[2023-06-08T19:08:00.190+0000] {logging_mixin.py:149} INFO - [2023-06-08T19:08:00.190+0000] {dag.py:2726} INFO - Sync 1 DAGs
[2023-06-08T19:08:00.204+0000] {logging_mixin.py:149} INFO - [2023-06-08T19:08:00.204+0000] {dag.py:3490} INFO - Setting next_dagrun for tutorial to 2023-06-07T19:08:00.204691+00:00, run_after=2023-06-08T19:08:00.204691+00:00
[2023-06-08T19:08:00.214+0000] {processor.py:179} INFO - Processing /home/airflow/.local/lib/python3.7/site-packages/airflow/example_dags/tutorial.py took 0.048 seconds
[2023-06-08T19:08:30.525+0000] {processor.py:157} INFO - Started process (PID=3672) to work on /home/airflow/.local/lib/python3.7/site-packages/airflow/example_dags/tutorial.py
[2023-06-08T19:08:30.526+0000] {processor.py:826} INFO - Processing file /home/airflow/.local/lib/python3.7/site-packages/airflow/example_dags/tutorial.py for tasks to queue
[2023-06-08T19:08:30.527+0000] {logging_mixin.py:149} INFO - [2023-06-08T19:08:30.527+0000] {dagbag.py:541} INFO - Filling up the DagBag from /home/airflow/.local/lib/python3.7/site-packages/airflow/example_dags/tutorial.py
[2023-06-08T19:08:30.531+0000] {processor.py:836} INFO - DAG(s) dict_keys(['tutorial']) retrieved from /home/airflow/.local/lib/python3.7/site-packages/airflow/example_dags/tutorial.py
[2023-06-08T19:08:30.548+0000] {logging_mixin.py:149} INFO - [2023-06-08T19:08:30.548+0000] {dag.py:2726} INFO - Sync 1 DAGs
[2023-06-08T19:08:30.563+0000] {logging_mixin.py:149} INFO - [2023-06-08T19:08:30.562+0000] {dag.py:3490} INFO - Setting next_dagrun for tutorial to 2023-06-07T19:08:30.562796+00:00, run_after=2023-06-08T19:08:30.562796+00:00
[2023-06-08T19:08:30.572+0000] {processor.py:179} INFO - Processing /home/airflow/.local/lib/python3.7/site-packages/airflow/example_dags/tutorial.py took 0.049 seconds
[2023-06-08T19:09:00.795+0000] {processor.py:157} INFO - Started process (PID=3909) to work on /home/airflow/.local/lib/python3.7/site-packages/airflow/example_dags/tutorial.py
[2023-06-08T19:09:00.796+0000] {processor.py:826} INFO - Processing file /home/airflow/.local/lib/python3.7/site-packages/airflow/example_dags/tutorial.py for tasks to queue
[2023-06-08T19:09:00.797+0000] {logging_mixin.py:149} INFO - [2023-06-08T19:09:00.797+0000] {dagbag.py:541} INFO - Filling up the DagBag from /home/airflow/.local/lib/python3.7/site-packages/airflow/example_dags/tutorial.py
[2023-06-08T19:09:00.802+0000] {processor.py:836} INFO - DAG(s) dict_keys(['tutorial']) retrieved from /home/airflow/.local/lib/python3.7/site-packages/airflow/example_dags/tutorial.py
[2023-06-08T19:09:00.818+0000] {logging_mixin.py:149} INFO - [2023-06-08T19:09:00.818+0000] {dag.py:2726} INFO - Sync 1 DAGs
[2023-06-08T19:09:00.833+0000] {logging_mixin.py:149} INFO - [2023-06-08T19:09:00.833+0000] {dag.py:3490} INFO - Setting next_dagrun for tutorial to 2023-06-07T19:09:00.832905+00:00, run_after=2023-06-08T19:09:00.832905+00:00
[2023-06-08T19:09:00.842+0000] {processor.py:179} INFO - Processing /home/airflow/.local/lib/python3.7/site-packages/airflow/example_dags/tutorial.py took 0.050 seconds
[2023-06-08T19:09:30.978+0000] {processor.py:157} INFO - Started process (PID=4146) to work on /home/airflow/.local/lib/python3.7/site-packages/airflow/example_dags/tutorial.py
[2023-06-08T19:09:30.980+0000] {processor.py:826} INFO - Processing file /home/airflow/.local/lib/python3.7/site-packages/airflow/example_dags/tutorial.py for tasks to queue
[2023-06-08T19:09:30.981+0000] {logging_mixin.py:149} INFO - [2023-06-08T19:09:30.980+0000] {dagbag.py:541} INFO - Filling up the DagBag from /home/airflow/.local/lib/python3.7/site-packages/airflow/example_dags/tutorial.py
[2023-06-08T19:09:30.985+0000] {processor.py:836} INFO - DAG(s) dict_keys(['tutorial']) retrieved from /home/airflow/.local/lib/python3.7/site-packages/airflow/example_dags/tutorial.py
[2023-06-08T19:09:31.002+0000] {logging_mixin.py:149} INFO - [2023-06-08T19:09:31.002+0000] {dag.py:2726} INFO - Sync 1 DAGs
[2023-06-08T19:09:31.017+0000] {logging_mixin.py:149} INFO - [2023-06-08T19:09:31.017+0000] {dag.py:3490} INFO - Setting next_dagrun for tutorial to 2023-06-07T19:09:31.017281+00:00, run_after=2023-06-08T19:09:31.017281+00:00
[2023-06-08T19:09:31.026+0000] {processor.py:179} INFO - Processing /home/airflow/.local/lib/python3.7/site-packages/airflow/example_dags/tutorial.py took 0.050 seconds
[2023-06-08T19:10:01.285+0000] {processor.py:157} INFO - Started process (PID=4383) to work on /home/airflow/.local/lib/python3.7/site-packages/airflow/example_dags/tutorial.py
[2023-06-08T19:10:01.286+0000] {processor.py:826} INFO - Processing file /home/airflow/.local/lib/python3.7/site-packages/airflow/example_dags/tutorial.py for tasks to queue
[2023-06-08T19:10:01.286+0000] {logging_mixin.py:149} INFO - [2023-06-08T19:10:01.286+0000] {dagbag.py:541} INFO - Filling up the DagBag from /home/airflow/.local/lib/python3.7/site-packages/airflow/example_dags/tutorial.py
[2023-06-08T19:10:01.291+0000] {processor.py:836} INFO - DAG(s) dict_keys(['tutorial']) retrieved from /home/airflow/.local/lib/python3.7/site-packages/airflow/example_dags/tutorial.py
[2023-06-08T19:10:01.306+0000] {logging_mixin.py:149} INFO - [2023-06-08T19:10:01.306+0000] {dag.py:2726} INFO - Sync 1 DAGs
[2023-06-08T19:10:01.321+0000] {logging_mixin.py:149} INFO - [2023-06-08T19:10:01.320+0000] {dag.py:3490} INFO - Setting next_dagrun for tutorial to 2023-06-07T19:10:01.320753+00:00, run_after=2023-06-08T19:10:01.320753+00:00
[2023-06-08T19:10:01.330+0000] {processor.py:179} INFO - Processing /home/airflow/.local/lib/python3.7/site-packages/airflow/example_dags/tutorial.py took 0.048 seconds
[2023-06-08T19:10:31.525+0000] {processor.py:157} INFO - Started process (PID=4620) to work on /home/airflow/.local/lib/python3.7/site-packages/airflow/example_dags/tutorial.py
[2023-06-08T19:10:31.526+0000] {processor.py:826} INFO - Processing file /home/airflow/.local/lib/python3.7/site-packages/airflow/example_dags/tutorial.py for tasks to queue
[2023-06-08T19:10:31.526+0000] {logging_mixin.py:149} INFO - [2023-06-08T19:10:31.526+0000] {dagbag.py:541} INFO - Filling up the DagBag from /home/airflow/.local/lib/python3.7/site-packages/airflow/example_dags/tutorial.py
[2023-06-08T19:10:31.531+0000] {processor.py:836} INFO - DAG(s) dict_keys(['tutorial']) retrieved from /home/airflow/.local/lib/python3.7/site-packages/airflow/example_dags/tutorial.py
[2023-06-08T19:10:31.548+0000] {logging_mixin.py:149} INFO - [2023-06-08T19:10:31.548+0000] {dag.py:2726} INFO - Sync 1 DAGs
[2023-06-08T19:10:31.562+0000] {logging_mixin.py:149} INFO - [2023-06-08T19:10:31.562+0000] {dag.py:3490} INFO - Setting next_dagrun for tutorial to 2023-06-07T19:10:31.562608+00:00, run_after=2023-06-08T19:10:31.562608+00:00
[2023-06-08T19:10:31.572+0000] {processor.py:179} INFO - Processing /home/airflow/.local/lib/python3.7/site-packages/airflow/example_dags/tutorial.py took 0.050 seconds
[2023-06-08T19:11:01.854+0000] {processor.py:157} INFO - Started process (PID=4857) to work on /home/airflow/.local/lib/python3.7/site-packages/airflow/example_dags/tutorial.py
[2023-06-08T19:11:01.855+0000] {processor.py:826} INFO - Processing file /home/airflow/.local/lib/python3.7/site-packages/airflow/example_dags/tutorial.py for tasks to queue
[2023-06-08T19:11:01.856+0000] {logging_mixin.py:149} INFO - [2023-06-08T19:11:01.856+0000] {dagbag.py:541} INFO - Filling up the DagBag from /home/airflow/.local/lib/python3.7/site-packages/airflow/example_dags/tutorial.py
[2023-06-08T19:11:01.860+0000] {processor.py:836} INFO - DAG(s) dict_keys(['tutorial']) retrieved from /home/airflow/.local/lib/python3.7/site-packages/airflow/example_dags/tutorial.py
[2023-06-08T19:11:01.876+0000] {logging_mixin.py:149} INFO - [2023-06-08T19:11:01.876+0000] {dag.py:2726} INFO - Sync 1 DAGs
[2023-06-08T19:11:01.891+0000] {logging_mixin.py:149} INFO - [2023-06-08T19:11:01.891+0000] {dag.py:3490} INFO - Setting next_dagrun for tutorial to 2023-06-07T19:11:01.891320+00:00, run_after=2023-06-08T19:11:01.891320+00:00
[2023-06-08T19:11:01.900+0000] {processor.py:179} INFO - Processing /home/airflow/.local/lib/python3.7/site-packages/airflow/example_dags/tutorial.py took 0.049 seconds
[2023-06-08T19:11:32.093+0000] {processor.py:157} INFO - Started process (PID=5094) to work on /home/airflow/.local/lib/python3.7/site-packages/airflow/example_dags/tutorial.py
[2023-06-08T19:11:32.094+0000] {processor.py:826} INFO - Processing file /home/airflow/.local/lib/python3.7/site-packages/airflow/example_dags/tutorial.py for tasks to queue
[2023-06-08T19:11:32.094+0000] {logging_mixin.py:149} INFO - [2023-06-08T19:11:32.094+0000] {dagbag.py:541} INFO - Filling up the DagBag from /home/airflow/.local/lib/python3.7/site-packages/airflow/example_dags/tutorial.py
[2023-06-08T19:11:32.099+0000] {processor.py:836} INFO - DAG(s) dict_keys(['tutorial']) retrieved from /home/airflow/.local/lib/python3.7/site-packages/airflow/example_dags/tutorial.py
[2023-06-08T19:11:32.115+0000] {logging_mixin.py:149} INFO - [2023-06-08T19:11:32.115+0000] {dag.py:2726} INFO - Sync 1 DAGs
[2023-06-08T19:11:32.131+0000] {logging_mixin.py:149} INFO - [2023-06-08T19:11:32.130+0000] {dag.py:3490} INFO - Setting next_dagrun for tutorial to 2023-06-07T19:11:32.130786+00:00, run_after=2023-06-08T19:11:32.130786+00:00
[2023-06-08T19:11:32.140+0000] {processor.py:179} INFO - Processing /home/airflow/.local/lib/python3.7/site-packages/airflow/example_dags/tutorial.py took 0.050 seconds
[2023-06-08T19:12:02.367+0000] {processor.py:157} INFO - Started process (PID=5331) to work on /home/airflow/.local/lib/python3.7/site-packages/airflow/example_dags/tutorial.py
[2023-06-08T19:12:02.368+0000] {processor.py:826} INFO - Processing file /home/airflow/.local/lib/python3.7/site-packages/airflow/example_dags/tutorial.py for tasks to queue
[2023-06-08T19:12:02.369+0000] {logging_mixin.py:149} INFO - [2023-06-08T19:12:02.369+0000] {dagbag.py:541} INFO - Filling up the DagBag from /home/airflow/.local/lib/python3.7/site-packages/airflow/example_dags/tutorial.py
[2023-06-08T19:12:02.373+0000] {processor.py:836} INFO - DAG(s) dict_keys(['tutorial']) retrieved from /home/airflow/.local/lib/python3.7/site-packages/airflow/example_dags/tutorial.py
[2023-06-08T19:12:02.389+0000] {logging_mixin.py:149} INFO - [2023-06-08T19:12:02.389+0000] {dag.py:2726} INFO - Sync 1 DAGs
[2023-06-08T19:12:02.403+0000] {logging_mixin.py:149} INFO - [2023-06-08T19:12:02.403+0000] {dag.py:3490} INFO - Setting next_dagrun for tutorial to 2023-06-07T19:12:02.403669+00:00, run_after=2023-06-08T19:12:02.403669+00:00
[2023-06-08T19:12:02.414+0000] {processor.py:179} INFO - Processing /home/airflow/.local/lib/python3.7/site-packages/airflow/example_dags/tutorial.py took 0.049 seconds
[2023-06-08T19:12:32.585+0000] {processor.py:157} INFO - Started process (PID=5569) to work on /home/airflow/.local/lib/python3.7/site-packages/airflow/example_dags/tutorial.py
[2023-06-08T19:12:32.585+0000] {processor.py:826} INFO - Processing file /home/airflow/.local/lib/python3.7/site-packages/airflow/example_dags/tutorial.py for tasks to queue
[2023-06-08T19:12:32.586+0000] {logging_mixin.py:149} INFO - [2023-06-08T19:12:32.586+0000] {dagbag.py:541} INFO - Filling up the DagBag from /home/airflow/.local/lib/python3.7/site-packages/airflow/example_dags/tutorial.py
[2023-06-08T19:12:32.591+0000] {processor.py:836} INFO - DAG(s) dict_keys(['tutorial']) retrieved from /home/airflow/.local/lib/python3.7/site-packages/airflow/example_dags/tutorial.py
[2023-06-08T19:12:32.607+0000] {logging_mixin.py:149} INFO - [2023-06-08T19:12:32.607+0000] {dag.py:2726} INFO - Sync 1 DAGs
[2023-06-08T19:12:32.622+0000] {logging_mixin.py:149} INFO - [2023-06-08T19:12:32.622+0000] {dag.py:3490} INFO - Setting next_dagrun for tutorial to 2023-06-07T19:12:32.621870+00:00, run_after=2023-06-08T19:12:32.621870+00:00
[2023-06-08T19:12:32.631+0000] {processor.py:179} INFO - Processing /home/airflow/.local/lib/python3.7/site-packages/airflow/example_dags/tutorial.py took 0.049 seconds
[2023-06-08T19:13:02.900+0000] {processor.py:157} INFO - Started process (PID=5806) to work on /home/airflow/.local/lib/python3.7/site-packages/airflow/example_dags/tutorial.py
[2023-06-08T19:13:02.901+0000] {processor.py:826} INFO - Processing file /home/airflow/.local/lib/python3.7/site-packages/airflow/example_dags/tutorial.py for tasks to queue
[2023-06-08T19:13:02.902+0000] {logging_mixin.py:149} INFO - [2023-06-08T19:13:02.901+0000] {dagbag.py:541} INFO - Filling up the DagBag from /home/airflow/.local/lib/python3.7/site-packages/airflow/example_dags/tutorial.py
[2023-06-08T19:13:02.906+0000] {processor.py:836} INFO - DAG(s) dict_keys(['tutorial']) retrieved from /home/airflow/.local/lib/python3.7/site-packages/airflow/example_dags/tutorial.py
[2023-06-08T19:13:02.922+0000] {logging_mixin.py:149} INFO - [2023-06-08T19:13:02.922+0000] {dag.py:2726} INFO - Sync 1 DAGs
[2023-06-08T19:13:02.936+0000] {logging_mixin.py:149} INFO - [2023-06-08T19:13:02.936+0000] {dag.py:3490} INFO - Setting next_dagrun for tutorial to 2023-06-07T19:13:02.936453+00:00, run_after=2023-06-08T19:13:02.936453+00:00
[2023-06-08T19:13:02.947+0000] {processor.py:179} INFO - Processing /home/airflow/.local/lib/python3.7/site-packages/airflow/example_dags/tutorial.py took 0.050 seconds
[2023-06-08T19:13:33.266+0000] {processor.py:157} INFO - Started process (PID=6043) to work on /home/airflow/.local/lib/python3.7/site-packages/airflow/example_dags/tutorial.py
[2023-06-08T19:13:33.267+0000] {processor.py:826} INFO - Processing file /home/airflow/.local/lib/python3.7/site-packages/airflow/example_dags/tutorial.py for tasks to queue
[2023-06-08T19:13:33.268+0000] {logging_mixin.py:149} INFO - [2023-06-08T19:13:33.268+0000] {dagbag.py:541} INFO - Filling up the DagBag from /home/airflow/.local/lib/python3.7/site-packages/airflow/example_dags/tutorial.py
[2023-06-08T19:13:33.272+0000] {processor.py:836} INFO - DAG(s) dict_keys(['tutorial']) retrieved from /home/airflow/.local/lib/python3.7/site-packages/airflow/example_dags/tutorial.py
[2023-06-08T19:13:33.290+0000] {logging_mixin.py:149} INFO - [2023-06-08T19:13:33.289+0000] {dag.py:2726} INFO - Sync 1 DAGs
[2023-06-08T19:13:33.305+0000] {logging_mixin.py:149} INFO - [2023-06-08T19:13:33.305+0000] {dag.py:3490} INFO - Setting next_dagrun for tutorial to 2023-06-07T19:13:33.304835+00:00, run_after=2023-06-08T19:13:33.304835+00:00
[2023-06-08T19:13:33.314+0000] {processor.py:179} INFO - Processing /home/airflow/.local/lib/python3.7/site-packages/airflow/example_dags/tutorial.py took 0.051 seconds
[2023-06-08T19:14:03.375+0000] {processor.py:157} INFO - Started process (PID=6280) to work on /home/airflow/.local/lib/python3.7/site-packages/airflow/example_dags/tutorial.py
[2023-06-08T19:14:03.376+0000] {processor.py:826} INFO - Processing file /home/airflow/.local/lib/python3.7/site-packages/airflow/example_dags/tutorial.py for tasks to queue
[2023-06-08T19:14:03.377+0000] {logging_mixin.py:149} INFO - [2023-06-08T19:14:03.377+0000] {dagbag.py:541} INFO - Filling up the DagBag from /home/airflow/.local/lib/python3.7/site-packages/airflow/example_dags/tutorial.py
[2023-06-08T19:14:03.381+0000] {processor.py:836} INFO - DAG(s) dict_keys(['tutorial']) retrieved from /home/airflow/.local/lib/python3.7/site-packages/airflow/example_dags/tutorial.py
[2023-06-08T19:14:03.398+0000] {logging_mixin.py:149} INFO - [2023-06-08T19:14:03.398+0000] {dag.py:2726} INFO - Sync 1 DAGs
[2023-06-08T19:14:03.413+0000] {logging_mixin.py:149} INFO - [2023-06-08T19:14:03.413+0000] {dag.py:3490} INFO - Setting next_dagrun for tutorial to 2023-06-07T19:14:03.413266+00:00, run_after=2023-06-08T19:14:03.413266+00:00
[2023-06-08T19:14:03.423+0000] {processor.py:179} INFO - Processing /home/airflow/.local/lib/python3.7/site-packages/airflow/example_dags/tutorial.py took 0.050 seconds
[2023-06-08T19:14:33.691+0000] {processor.py:157} INFO - Started process (PID=6518) to work on /home/airflow/.local/lib/python3.7/site-packages/airflow/example_dags/tutorial.py
[2023-06-08T19:14:33.692+0000] {processor.py:826} INFO - Processing file /home/airflow/.local/lib/python3.7/site-packages/airflow/example_dags/tutorial.py for tasks to queue
[2023-06-08T19:14:33.692+0000] {logging_mixin.py:149} INFO - [2023-06-08T19:14:33.692+0000] {dagbag.py:541} INFO - Filling up the DagBag from /home/airflow/.local/lib/python3.7/site-packages/airflow/example_dags/tutorial.py
[2023-06-08T19:14:33.697+0000] {processor.py:836} INFO - DAG(s) dict_keys(['tutorial']) retrieved from /home/airflow/.local/lib/python3.7/site-packages/airflow/example_dags/tutorial.py
[2023-06-08T19:14:33.714+0000] {logging_mixin.py:149} INFO - [2023-06-08T19:14:33.714+0000] {dag.py:2726} INFO - Sync 1 DAGs
[2023-06-08T19:14:33.729+0000] {logging_mixin.py:149} INFO - [2023-06-08T19:14:33.728+0000] {dag.py:3490} INFO - Setting next_dagrun for tutorial to 2023-06-07T19:14:33.728761+00:00, run_after=2023-06-08T19:14:33.728761+00:00
[2023-06-08T19:14:33.739+0000] {processor.py:179} INFO - Processing /home/airflow/.local/lib/python3.7/site-packages/airflow/example_dags/tutorial.py took 0.050 seconds
[2023-06-08T19:15:03.820+0000] {processor.py:157} INFO - Started process (PID=6755) to work on /home/airflow/.local/lib/python3.7/site-packages/airflow/example_dags/tutorial.py
[2023-06-08T19:15:03.821+0000] {processor.py:826} INFO - Processing file /home/airflow/.local/lib/python3.7/site-packages/airflow/example_dags/tutorial.py for tasks to queue
[2023-06-08T19:15:03.821+0000] {logging_mixin.py:149} INFO - [2023-06-08T19:15:03.821+0000] {dagbag.py:541} INFO - Filling up the DagBag from /home/airflow/.local/lib/python3.7/site-packages/airflow/example_dags/tutorial.py
[2023-06-08T19:15:03.826+0000] {processor.py:836} INFO - DAG(s) dict_keys(['tutorial']) retrieved from /home/airflow/.local/lib/python3.7/site-packages/airflow/example_dags/tutorial.py
[2023-06-08T19:15:03.846+0000] {logging_mixin.py:149} INFO - [2023-06-08T19:15:03.845+0000] {dag.py:2726} INFO - Sync 1 DAGs
[2023-06-08T19:15:03.861+0000] {logging_mixin.py:149} INFO - [2023-06-08T19:15:03.860+0000] {dag.py:3490} INFO - Setting next_dagrun for tutorial to 2023-06-07T19:15:03.860784+00:00, run_after=2023-06-08T19:15:03.860784+00:00
[2023-06-08T19:15:03.871+0000] {processor.py:179} INFO - Processing /home/airflow/.local/lib/python3.7/site-packages/airflow/example_dags/tutorial.py took 0.054 seconds
