[2023-06-09T14:52:13.987+0000] {taskinstance.py:1103} INFO - Dependencies all met for dep_context=non-requeueable deps ti=<TaskInstance: dag_with_postgres_operator_v04.create_postgres_table scheduled__2023-06-08T00:00:00+00:00 [queued]>
[2023-06-09T14:52:13.996+0000] {taskinstance.py:1103} INFO - Dependencies all met for dep_context=requeueable deps ti=<TaskInstance: dag_with_postgres_operator_v04.create_postgres_table scheduled__2023-06-08T00:00:00+00:00 [queued]>
[2023-06-09T14:52:13.996+0000] {taskinstance.py:1308} INFO - Starting attempt 1 of 6
[2023-06-09T14:52:14.004+0000] {taskinstance.py:1327} INFO - Executing <Task(PostgresOperator): create_postgres_table> on 2023-06-08 00:00:00+00:00
[2023-06-09T14:52:14.008+0000] {standard_task_runner.py:57} INFO - Started process 1743 to run task
[2023-06-09T14:52:14.012+0000] {standard_task_runner.py:84} INFO - Running: ['***', 'tasks', 'run', 'dag_with_postgres_operator_v04', 'create_postgres_table', 'scheduled__2023-06-08T00:00:00+00:00', '--job-id', '41', '--raw', '--subdir', 'DAGS_FOLDER/dag_with_postgres_operator.py', '--cfg-path', '/tmp/tmpibv6nvdq']
[2023-06-09T14:52:14.015+0000] {standard_task_runner.py:85} INFO - Job 41: Subtask create_postgres_table
[2023-06-09T14:52:14.065+0000] {task_command.py:410} INFO - Running <TaskInstance: dag_with_postgres_operator_v04.create_postgres_table scheduled__2023-06-08T00:00:00+00:00 [running]> on host 94560a00d375
[2023-06-09T14:52:14.141+0000] {taskinstance.py:1547} INFO - Exporting env vars: AIRFLOW_CTX_DAG_OWNER='znawawi' AIRFLOW_CTX_DAG_ID='dag_with_postgres_operator_v04' AIRFLOW_CTX_TASK_ID='create_postgres_table' AIRFLOW_CTX_EXECUTION_DATE='2023-06-08T00:00:00+00:00' AIRFLOW_CTX_TRY_NUMBER='1' AIRFLOW_CTX_DAG_RUN_ID='scheduled__2023-06-08T00:00:00+00:00'
[2023-06-09T14:52:14.143+0000] {sql.py:262} INFO - Executing: 
            create table if not exists dag_runs (
                dt date,
                dag_id character varying,
                primary key (dt, dag_id)
            )
        
[2023-06-09T14:52:14.155+0000] {base.py:73} INFO - Using connection ID 'postgres_localhost' for task execution.
[2023-06-09T14:52:14.203+0000] {base.py:73} INFO - Using connection ID 'postgres_localhost' for task execution.
[2023-06-09T14:52:14.211+0000] {sql.py:375} INFO - Running statement: 
            create table if not exists dag_runs (
                dt date,
                dag_id character varying,
                primary key (dt, dag_id)
            )
        , parameters: None
[2023-06-09T14:52:14.221+0000] {taskinstance.py:1350} INFO - Marking task as SUCCESS. dag_id=dag_with_postgres_operator_v04, task_id=create_postgres_table, execution_date=20230608T000000, start_date=20230609T145213, end_date=20230609T145214
[2023-06-09T14:52:14.264+0000] {local_task_job_runner.py:225} INFO - Task exited with return code 0
[2023-06-09T14:52:14.284+0000] {taskinstance.py:2651} INFO - 1 downstream tasks scheduled from follow-on schedule check
