[2023-06-09T13:05:54.421+0000] {processor.py:157} INFO - Started process (PID=166) to work on /opt/airflow/dags/create_dag_with_python_operator.py
[2023-06-09T13:05:54.424+0000] {processor.py:826} INFO - Processing file /opt/airflow/dags/create_dag_with_python_operator.py for tasks to queue
[2023-06-09T13:05:54.424+0000] {logging_mixin.py:149} INFO - [2023-06-09T13:05:54.424+0000] {dagbag.py:541} INFO - Filling up the DagBag from /opt/airflow/dags/create_dag_with_python_operator.py
[2023-06-09T13:05:54.441+0000] {processor.py:836} INFO - DAG(s) dict_keys(['dag_with_python_operator_v04']) retrieved from /opt/airflow/dags/create_dag_with_python_operator.py
[2023-06-09T13:05:54.577+0000] {logging_mixin.py:149} INFO - [2023-06-09T13:05:54.577+0000] {manager.py:504} INFO - Created Permission View: can delete on DAG:dag_with_python_operator_v04
[2023-06-09T13:05:54.583+0000] {logging_mixin.py:149} INFO - [2023-06-09T13:05:54.583+0000] {manager.py:504} INFO - Created Permission View: can edit on DAG:dag_with_python_operator_v04
[2023-06-09T13:05:54.586+0000] {logging_mixin.py:149} INFO - [2023-06-09T13:05:54.586+0000] {manager.py:504} INFO - Created Permission View: can read on DAG:dag_with_python_operator_v04
[2023-06-09T13:05:54.587+0000] {logging_mixin.py:149} INFO - [2023-06-09T13:05:54.587+0000] {dag.py:2726} INFO - Sync 1 DAGs
[2023-06-09T13:05:54.718+0000] {logging_mixin.py:149} INFO - [2023-06-09T13:05:54.718+0000] {dag.py:2747} INFO - Creating ORM DAG for dag_with_python_operator_v04
[2023-06-09T13:05:54.724+0000] {logging_mixin.py:149} INFO - [2023-06-09T13:05:54.724+0000] {dag.py:3490} INFO - Setting next_dagrun for dag_with_python_operator_v04 to 2023-06-07T00:00:00+00:00, run_after=2023-06-08T00:00:00+00:00
[2023-06-09T13:05:54.733+0000] {processor.py:179} INFO - Processing /opt/airflow/dags/create_dag_with_python_operator.py took 0.318 seconds
[2023-06-09T13:06:25.067+0000] {processor.py:157} INFO - Started process (PID=188) to work on /opt/airflow/dags/create_dag_with_python_operator.py
[2023-06-09T13:06:25.069+0000] {processor.py:826} INFO - Processing file /opt/airflow/dags/create_dag_with_python_operator.py for tasks to queue
[2023-06-09T13:06:25.070+0000] {logging_mixin.py:149} INFO - [2023-06-09T13:06:25.070+0000] {dagbag.py:541} INFO - Filling up the DagBag from /opt/airflow/dags/create_dag_with_python_operator.py
[2023-06-09T13:06:25.082+0000] {processor.py:836} INFO - DAG(s) dict_keys(['dag_with_python_operator_v04']) retrieved from /opt/airflow/dags/create_dag_with_python_operator.py
[2023-06-09T13:06:25.108+0000] {logging_mixin.py:149} INFO - [2023-06-09T13:06:25.108+0000] {dag.py:2726} INFO - Sync 1 DAGs
[2023-06-09T13:06:25.123+0000] {logging_mixin.py:149} INFO - [2023-06-09T13:06:25.123+0000] {dag.py:3490} INFO - Setting next_dagrun for dag_with_python_operator_v04 to 2023-06-07T00:00:00+00:00, run_after=2023-06-08T00:00:00+00:00
[2023-06-09T13:06:25.133+0000] {processor.py:179} INFO - Processing /opt/airflow/dags/create_dag_with_python_operator.py took 0.069 seconds
[2023-06-09T13:06:55.455+0000] {processor.py:157} INFO - Started process (PID=222) to work on /opt/airflow/dags/create_dag_with_python_operator.py
[2023-06-09T13:06:55.456+0000] {processor.py:826} INFO - Processing file /opt/airflow/dags/create_dag_with_python_operator.py for tasks to queue
[2023-06-09T13:06:55.457+0000] {logging_mixin.py:149} INFO - [2023-06-09T13:06:55.457+0000] {dagbag.py:541} INFO - Filling up the DagBag from /opt/airflow/dags/create_dag_with_python_operator.py
[2023-06-09T13:06:55.469+0000] {processor.py:836} INFO - DAG(s) dict_keys(['dag_with_python_operator_v04']) retrieved from /opt/airflow/dags/create_dag_with_python_operator.py
[2023-06-09T13:06:55.492+0000] {logging_mixin.py:149} INFO - [2023-06-09T13:06:55.492+0000] {dag.py:2726} INFO - Sync 1 DAGs
[2023-06-09T13:06:55.508+0000] {logging_mixin.py:149} INFO - [2023-06-09T13:06:55.508+0000] {dag.py:3490} INFO - Setting next_dagrun for dag_with_python_operator_v04 to 2023-06-07T00:00:00+00:00, run_after=2023-06-08T00:00:00+00:00
[2023-06-09T13:06:55.519+0000] {processor.py:179} INFO - Processing /opt/airflow/dags/create_dag_with_python_operator.py took 0.069 seconds
[2023-06-09T13:07:25.852+0000] {processor.py:157} INFO - Started process (PID=245) to work on /opt/airflow/dags/create_dag_with_python_operator.py
[2023-06-09T13:07:25.854+0000] {processor.py:826} INFO - Processing file /opt/airflow/dags/create_dag_with_python_operator.py for tasks to queue
[2023-06-09T13:07:25.855+0000] {logging_mixin.py:149} INFO - [2023-06-09T13:07:25.855+0000] {dagbag.py:541} INFO - Filling up the DagBag from /opt/airflow/dags/create_dag_with_python_operator.py
[2023-06-09T13:07:25.865+0000] {processor.py:836} INFO - DAG(s) dict_keys(['dag_with_python_operator_v04']) retrieved from /opt/airflow/dags/create_dag_with_python_operator.py
[2023-06-09T13:07:25.888+0000] {logging_mixin.py:149} INFO - [2023-06-09T13:07:25.888+0000] {dag.py:2726} INFO - Sync 1 DAGs
[2023-06-09T13:07:25.903+0000] {logging_mixin.py:149} INFO - [2023-06-09T13:07:25.903+0000] {dag.py:3490} INFO - Setting next_dagrun for dag_with_python_operator_v04 to 2023-06-07T00:00:00+00:00, run_after=2023-06-08T00:00:00+00:00
[2023-06-09T13:07:26.043+0000] {processor.py:179} INFO - Processing /opt/airflow/dags/create_dag_with_python_operator.py took 0.194 seconds
[2023-06-09T13:07:56.435+0000] {processor.py:157} INFO - Started process (PID=267) to work on /opt/airflow/dags/create_dag_with_python_operator.py
[2023-06-09T13:07:56.437+0000] {processor.py:826} INFO - Processing file /opt/airflow/dags/create_dag_with_python_operator.py for tasks to queue
[2023-06-09T13:07:56.438+0000] {logging_mixin.py:149} INFO - [2023-06-09T13:07:56.438+0000] {dagbag.py:541} INFO - Filling up the DagBag from /opt/airflow/dags/create_dag_with_python_operator.py
[2023-06-09T13:07:56.452+0000] {processor.py:836} INFO - DAG(s) dict_keys(['dag_with_python_operator_v04']) retrieved from /opt/airflow/dags/create_dag_with_python_operator.py
[2023-06-09T13:07:56.473+0000] {logging_mixin.py:149} INFO - [2023-06-09T13:07:56.473+0000] {dag.py:2726} INFO - Sync 1 DAGs
[2023-06-09T13:07:56.562+0000] {logging_mixin.py:149} INFO - [2023-06-09T13:07:56.562+0000] {dag.py:3490} INFO - Setting next_dagrun for dag_with_python_operator_v04 to 2023-06-07T00:00:00+00:00, run_after=2023-06-08T00:00:00+00:00
[2023-06-09T13:07:56.572+0000] {processor.py:179} INFO - Processing /opt/airflow/dags/create_dag_with_python_operator.py took 0.143 seconds
[2023-06-09T13:08:26.913+0000] {processor.py:157} INFO - Started process (PID=289) to work on /opt/airflow/dags/create_dag_with_python_operator.py
[2023-06-09T13:08:26.914+0000] {processor.py:826} INFO - Processing file /opt/airflow/dags/create_dag_with_python_operator.py for tasks to queue
[2023-06-09T13:08:26.915+0000] {logging_mixin.py:149} INFO - [2023-06-09T13:08:26.915+0000] {dagbag.py:541} INFO - Filling up the DagBag from /opt/airflow/dags/create_dag_with_python_operator.py
[2023-06-09T13:08:26.928+0000] {processor.py:836} INFO - DAG(s) dict_keys(['dag_with_python_operator_v04']) retrieved from /opt/airflow/dags/create_dag_with_python_operator.py
[2023-06-09T13:08:26.953+0000] {logging_mixin.py:149} INFO - [2023-06-09T13:08:26.953+0000] {dag.py:2726} INFO - Sync 1 DAGs
[2023-06-09T13:08:27.043+0000] {logging_mixin.py:149} INFO - [2023-06-09T13:08:27.043+0000] {dag.py:3490} INFO - Setting next_dagrun for dag_with_python_operator_v04 to 2023-06-07T00:00:00+00:00, run_after=2023-06-08T00:00:00+00:00
[2023-06-09T13:08:27.054+0000] {processor.py:179} INFO - Processing /opt/airflow/dags/create_dag_with_python_operator.py took 0.144 seconds
[2023-06-09T13:08:57.370+0000] {processor.py:157} INFO - Started process (PID=311) to work on /opt/airflow/dags/create_dag_with_python_operator.py
[2023-06-09T13:08:57.371+0000] {processor.py:826} INFO - Processing file /opt/airflow/dags/create_dag_with_python_operator.py for tasks to queue
[2023-06-09T13:08:57.372+0000] {logging_mixin.py:149} INFO - [2023-06-09T13:08:57.372+0000] {dagbag.py:541} INFO - Filling up the DagBag from /opt/airflow/dags/create_dag_with_python_operator.py
[2023-06-09T13:08:57.384+0000] {processor.py:836} INFO - DAG(s) dict_keys(['dag_with_python_operator_v04']) retrieved from /opt/airflow/dags/create_dag_with_python_operator.py
[2023-06-09T13:08:57.419+0000] {logging_mixin.py:149} INFO - [2023-06-09T13:08:57.419+0000] {dag.py:2726} INFO - Sync 1 DAGs
[2023-06-09T13:08:57.554+0000] {logging_mixin.py:149} INFO - [2023-06-09T13:08:57.554+0000] {dag.py:3490} INFO - Setting next_dagrun for dag_with_python_operator_v04 to 2023-06-07T00:00:00+00:00, run_after=2023-06-08T00:00:00+00:00
[2023-06-09T13:08:57.565+0000] {processor.py:179} INFO - Processing /opt/airflow/dags/create_dag_with_python_operator.py took 0.202 seconds
[2023-06-09T13:09:27.948+0000] {processor.py:157} INFO - Started process (PID=333) to work on /opt/airflow/dags/create_dag_with_python_operator.py
[2023-06-09T13:09:27.949+0000] {processor.py:826} INFO - Processing file /opt/airflow/dags/create_dag_with_python_operator.py for tasks to queue
[2023-06-09T13:09:27.950+0000] {logging_mixin.py:149} INFO - [2023-06-09T13:09:27.950+0000] {dagbag.py:541} INFO - Filling up the DagBag from /opt/airflow/dags/create_dag_with_python_operator.py
[2023-06-09T13:09:27.959+0000] {processor.py:836} INFO - DAG(s) dict_keys(['dag_with_python_operator_v04']) retrieved from /opt/airflow/dags/create_dag_with_python_operator.py
[2023-06-09T13:09:28.069+0000] {logging_mixin.py:149} INFO - [2023-06-09T13:09:28.069+0000] {dag.py:2726} INFO - Sync 1 DAGs
[2023-06-09T13:09:28.083+0000] {logging_mixin.py:149} INFO - [2023-06-09T13:09:28.083+0000] {dag.py:3490} INFO - Setting next_dagrun for dag_with_python_operator_v04 to 2023-06-07T00:00:00+00:00, run_after=2023-06-08T00:00:00+00:00
[2023-06-09T13:09:28.092+0000] {processor.py:179} INFO - Processing /opt/airflow/dags/create_dag_with_python_operator.py took 0.147 seconds
[2023-06-09T13:09:58.438+0000] {processor.py:157} INFO - Started process (PID=355) to work on /opt/airflow/dags/create_dag_with_python_operator.py
[2023-06-09T13:09:58.444+0000] {processor.py:826} INFO - Processing file /opt/airflow/dags/create_dag_with_python_operator.py for tasks to queue
[2023-06-09T13:09:58.444+0000] {logging_mixin.py:149} INFO - [2023-06-09T13:09:58.444+0000] {dagbag.py:541} INFO - Filling up the DagBag from /opt/airflow/dags/create_dag_with_python_operator.py
[2023-06-09T13:09:58.540+0000] {processor.py:836} INFO - DAG(s) dict_keys(['dag_with_python_operator_v04']) retrieved from /opt/airflow/dags/create_dag_with_python_operator.py
[2023-06-09T13:09:58.556+0000] {logging_mixin.py:149} INFO - [2023-06-09T13:09:58.556+0000] {dag.py:2726} INFO - Sync 1 DAGs
[2023-06-09T13:09:58.568+0000] {logging_mixin.py:149} INFO - [2023-06-09T13:09:58.568+0000] {dag.py:3490} INFO - Setting next_dagrun for dag_with_python_operator_v04 to 2023-06-07T00:00:00+00:00, run_after=2023-06-08T00:00:00+00:00
[2023-06-09T13:09:58.577+0000] {processor.py:179} INFO - Processing /opt/airflow/dags/create_dag_with_python_operator.py took 0.142 seconds
[2023-06-09T13:10:28.943+0000] {processor.py:157} INFO - Started process (PID=377) to work on /opt/airflow/dags/create_dag_with_python_operator.py
[2023-06-09T13:10:28.945+0000] {processor.py:826} INFO - Processing file /opt/airflow/dags/create_dag_with_python_operator.py for tasks to queue
[2023-06-09T13:10:28.946+0000] {logging_mixin.py:149} INFO - [2023-06-09T13:10:28.945+0000] {dagbag.py:541} INFO - Filling up the DagBag from /opt/airflow/dags/create_dag_with_python_operator.py
[2023-06-09T13:10:28.959+0000] {processor.py:836} INFO - DAG(s) dict_keys(['dag_with_python_operator_v04']) retrieved from /opt/airflow/dags/create_dag_with_python_operator.py
[2023-06-09T13:10:28.986+0000] {logging_mixin.py:149} INFO - [2023-06-09T13:10:28.986+0000] {dag.py:2726} INFO - Sync 1 DAGs
[2023-06-09T13:10:29.003+0000] {logging_mixin.py:149} INFO - [2023-06-09T13:10:29.003+0000] {dag.py:3490} INFO - Setting next_dagrun for dag_with_python_operator_v04 to 2023-06-07T00:00:00+00:00, run_after=2023-06-08T00:00:00+00:00
[2023-06-09T13:10:29.013+0000] {processor.py:179} INFO - Processing /opt/airflow/dags/create_dag_with_python_operator.py took 0.073 seconds
[2023-06-09T13:10:59.421+0000] {processor.py:157} INFO - Started process (PID=400) to work on /opt/airflow/dags/create_dag_with_python_operator.py
[2023-06-09T13:10:59.422+0000] {processor.py:826} INFO - Processing file /opt/airflow/dags/create_dag_with_python_operator.py for tasks to queue
[2023-06-09T13:10:59.423+0000] {logging_mixin.py:149} INFO - [2023-06-09T13:10:59.423+0000] {dagbag.py:541} INFO - Filling up the DagBag from /opt/airflow/dags/create_dag_with_python_operator.py
[2023-06-09T13:10:59.433+0000] {processor.py:836} INFO - DAG(s) dict_keys(['dag_with_python_operator_v04']) retrieved from /opt/airflow/dags/create_dag_with_python_operator.py
[2023-06-09T13:10:59.454+0000] {logging_mixin.py:149} INFO - [2023-06-09T13:10:59.454+0000] {dag.py:2726} INFO - Sync 1 DAGs
[2023-06-09T13:10:59.468+0000] {logging_mixin.py:149} INFO - [2023-06-09T13:10:59.468+0000] {dag.py:3490} INFO - Setting next_dagrun for dag_with_python_operator_v04 to 2023-06-07T00:00:00+00:00, run_after=2023-06-08T00:00:00+00:00
[2023-06-09T13:10:59.478+0000] {processor.py:179} INFO - Processing /opt/airflow/dags/create_dag_with_python_operator.py took 0.060 seconds
[2023-06-09T13:11:29.852+0000] {processor.py:157} INFO - Started process (PID=422) to work on /opt/airflow/dags/create_dag_with_python_operator.py
[2023-06-09T13:11:29.853+0000] {processor.py:826} INFO - Processing file /opt/airflow/dags/create_dag_with_python_operator.py for tasks to queue
[2023-06-09T13:11:29.854+0000] {logging_mixin.py:149} INFO - [2023-06-09T13:11:29.854+0000] {dagbag.py:541} INFO - Filling up the DagBag from /opt/airflow/dags/create_dag_with_python_operator.py
[2023-06-09T13:11:29.865+0000] {processor.py:836} INFO - DAG(s) dict_keys(['dag_with_python_operator_v04']) retrieved from /opt/airflow/dags/create_dag_with_python_operator.py
[2023-06-09T13:11:29.884+0000] {logging_mixin.py:149} INFO - [2023-06-09T13:11:29.884+0000] {dag.py:2726} INFO - Sync 1 DAGs
[2023-06-09T13:11:29.898+0000] {logging_mixin.py:149} INFO - [2023-06-09T13:11:29.898+0000] {dag.py:3490} INFO - Setting next_dagrun for dag_with_python_operator_v04 to 2023-06-07T00:00:00+00:00, run_after=2023-06-08T00:00:00+00:00
[2023-06-09T13:11:29.907+0000] {processor.py:179} INFO - Processing /opt/airflow/dags/create_dag_with_python_operator.py took 0.058 seconds
[2023-06-09T13:12:00.259+0000] {processor.py:157} INFO - Started process (PID=444) to work on /opt/airflow/dags/create_dag_with_python_operator.py
[2023-06-09T13:12:00.261+0000] {processor.py:826} INFO - Processing file /opt/airflow/dags/create_dag_with_python_operator.py for tasks to queue
[2023-06-09T13:12:00.261+0000] {logging_mixin.py:149} INFO - [2023-06-09T13:12:00.261+0000] {dagbag.py:541} INFO - Filling up the DagBag from /opt/airflow/dags/create_dag_with_python_operator.py
[2023-06-09T13:12:00.271+0000] {processor.py:836} INFO - DAG(s) dict_keys(['dag_with_python_operator_v04']) retrieved from /opt/airflow/dags/create_dag_with_python_operator.py
[2023-06-09T13:12:00.291+0000] {logging_mixin.py:149} INFO - [2023-06-09T13:12:00.291+0000] {dag.py:2726} INFO - Sync 1 DAGs
[2023-06-09T13:12:00.304+0000] {logging_mixin.py:149} INFO - [2023-06-09T13:12:00.304+0000] {dag.py:3490} INFO - Setting next_dagrun for dag_with_python_operator_v04 to 2023-06-07T00:00:00+00:00, run_after=2023-06-08T00:00:00+00:00
[2023-06-09T13:12:00.313+0000] {processor.py:179} INFO - Processing /opt/airflow/dags/create_dag_with_python_operator.py took 0.057 seconds
[2023-06-09T13:12:30.635+0000] {processor.py:157} INFO - Started process (PID=466) to work on /opt/airflow/dags/create_dag_with_python_operator.py
[2023-06-09T13:12:30.637+0000] {processor.py:826} INFO - Processing file /opt/airflow/dags/create_dag_with_python_operator.py for tasks to queue
[2023-06-09T13:12:30.638+0000] {logging_mixin.py:149} INFO - [2023-06-09T13:12:30.637+0000] {dagbag.py:541} INFO - Filling up the DagBag from /opt/airflow/dags/create_dag_with_python_operator.py
[2023-06-09T13:12:30.649+0000] {processor.py:836} INFO - DAG(s) dict_keys(['dag_with_python_operator_v04']) retrieved from /opt/airflow/dags/create_dag_with_python_operator.py
[2023-06-09T13:12:30.671+0000] {logging_mixin.py:149} INFO - [2023-06-09T13:12:30.670+0000] {dag.py:2726} INFO - Sync 1 DAGs
[2023-06-09T13:12:30.685+0000] {logging_mixin.py:149} INFO - [2023-06-09T13:12:30.685+0000] {dag.py:3490} INFO - Setting next_dagrun for dag_with_python_operator_v04 to 2023-06-07T00:00:00+00:00, run_after=2023-06-08T00:00:00+00:00
[2023-06-09T13:12:30.695+0000] {processor.py:179} INFO - Processing /opt/airflow/dags/create_dag_with_python_operator.py took 0.063 seconds
[2023-06-09T13:13:00.992+0000] {processor.py:157} INFO - Started process (PID=488) to work on /opt/airflow/dags/create_dag_with_python_operator.py
[2023-06-09T13:13:00.993+0000] {processor.py:826} INFO - Processing file /opt/airflow/dags/create_dag_with_python_operator.py for tasks to queue
[2023-06-09T13:13:00.993+0000] {logging_mixin.py:149} INFO - [2023-06-09T13:13:00.993+0000] {dagbag.py:541} INFO - Filling up the DagBag from /opt/airflow/dags/create_dag_with_python_operator.py
[2023-06-09T13:13:01.004+0000] {processor.py:836} INFO - DAG(s) dict_keys(['dag_with_python_operator_v04']) retrieved from /opt/airflow/dags/create_dag_with_python_operator.py
[2023-06-09T13:13:01.029+0000] {logging_mixin.py:149} INFO - [2023-06-09T13:13:01.028+0000] {dag.py:2726} INFO - Sync 1 DAGs
[2023-06-09T13:13:01.045+0000] {logging_mixin.py:149} INFO - [2023-06-09T13:13:01.045+0000] {dag.py:3490} INFO - Setting next_dagrun for dag_with_python_operator_v04 to 2023-06-07T00:00:00+00:00, run_after=2023-06-08T00:00:00+00:00
[2023-06-09T13:13:01.055+0000] {processor.py:179} INFO - Processing /opt/airflow/dags/create_dag_with_python_operator.py took 0.066 seconds
[2023-06-09T13:13:31.370+0000] {processor.py:157} INFO - Started process (PID=510) to work on /opt/airflow/dags/create_dag_with_python_operator.py
[2023-06-09T13:13:31.371+0000] {processor.py:826} INFO - Processing file /opt/airflow/dags/create_dag_with_python_operator.py for tasks to queue
[2023-06-09T13:13:31.372+0000] {logging_mixin.py:149} INFO - [2023-06-09T13:13:31.372+0000] {dagbag.py:541} INFO - Filling up the DagBag from /opt/airflow/dags/create_dag_with_python_operator.py
[2023-06-09T13:13:31.382+0000] {processor.py:836} INFO - DAG(s) dict_keys(['dag_with_python_operator_v04']) retrieved from /opt/airflow/dags/create_dag_with_python_operator.py
[2023-06-09T13:13:31.407+0000] {logging_mixin.py:149} INFO - [2023-06-09T13:13:31.407+0000] {dag.py:2726} INFO - Sync 1 DAGs
[2023-06-09T13:13:31.424+0000] {logging_mixin.py:149} INFO - [2023-06-09T13:13:31.424+0000] {dag.py:3490} INFO - Setting next_dagrun for dag_with_python_operator_v04 to 2023-06-07T00:00:00+00:00, run_after=2023-06-08T00:00:00+00:00
[2023-06-09T13:13:31.435+0000] {processor.py:179} INFO - Processing /opt/airflow/dags/create_dag_with_python_operator.py took 0.068 seconds
[2023-06-09T13:14:01.737+0000] {processor.py:157} INFO - Started process (PID=532) to work on /opt/airflow/dags/create_dag_with_python_operator.py
[2023-06-09T13:14:01.739+0000] {processor.py:826} INFO - Processing file /opt/airflow/dags/create_dag_with_python_operator.py for tasks to queue
[2023-06-09T13:14:01.740+0000] {logging_mixin.py:149} INFO - [2023-06-09T13:14:01.739+0000] {dagbag.py:541} INFO - Filling up the DagBag from /opt/airflow/dags/create_dag_with_python_operator.py
[2023-06-09T13:14:01.754+0000] {processor.py:836} INFO - DAG(s) dict_keys(['dag_with_python_operator_v04']) retrieved from /opt/airflow/dags/create_dag_with_python_operator.py
[2023-06-09T13:14:01.781+0000] {logging_mixin.py:149} INFO - [2023-06-09T13:14:01.781+0000] {dag.py:2726} INFO - Sync 1 DAGs
[2023-06-09T13:14:01.802+0000] {logging_mixin.py:149} INFO - [2023-06-09T13:14:01.802+0000] {dag.py:3490} INFO - Setting next_dagrun for dag_with_python_operator_v04 to 2023-06-07T00:00:00+00:00, run_after=2023-06-08T00:00:00+00:00
[2023-06-09T13:14:01.813+0000] {processor.py:179} INFO - Processing /opt/airflow/dags/create_dag_with_python_operator.py took 0.081 seconds
[2023-06-09T13:14:32.163+0000] {processor.py:157} INFO - Started process (PID=554) to work on /opt/airflow/dags/create_dag_with_python_operator.py
[2023-06-09T13:14:32.165+0000] {processor.py:826} INFO - Processing file /opt/airflow/dags/create_dag_with_python_operator.py for tasks to queue
[2023-06-09T13:14:32.166+0000] {logging_mixin.py:149} INFO - [2023-06-09T13:14:32.165+0000] {dagbag.py:541} INFO - Filling up the DagBag from /opt/airflow/dags/create_dag_with_python_operator.py
[2023-06-09T13:14:32.177+0000] {processor.py:836} INFO - DAG(s) dict_keys(['dag_with_python_operator_v04']) retrieved from /opt/airflow/dags/create_dag_with_python_operator.py
[2023-06-09T13:14:32.201+0000] {logging_mixin.py:149} INFO - [2023-06-09T13:14:32.200+0000] {dag.py:2726} INFO - Sync 1 DAGs
[2023-06-09T13:14:32.216+0000] {logging_mixin.py:149} INFO - [2023-06-09T13:14:32.216+0000] {dag.py:3490} INFO - Setting next_dagrun for dag_with_python_operator_v04 to 2023-06-07T00:00:00+00:00, run_after=2023-06-08T00:00:00+00:00
[2023-06-09T13:14:32.226+0000] {processor.py:179} INFO - Processing /opt/airflow/dags/create_dag_with_python_operator.py took 0.066 seconds
[2023-06-09T13:15:02.621+0000] {processor.py:157} INFO - Started process (PID=576) to work on /opt/airflow/dags/create_dag_with_python_operator.py
[2023-06-09T13:15:02.622+0000] {processor.py:826} INFO - Processing file /opt/airflow/dags/create_dag_with_python_operator.py for tasks to queue
[2023-06-09T13:15:02.623+0000] {logging_mixin.py:149} INFO - [2023-06-09T13:15:02.623+0000] {dagbag.py:541} INFO - Filling up the DagBag from /opt/airflow/dags/create_dag_with_python_operator.py
[2023-06-09T13:15:02.634+0000] {processor.py:836} INFO - DAG(s) dict_keys(['dag_with_python_operator_v04']) retrieved from /opt/airflow/dags/create_dag_with_python_operator.py
[2023-06-09T13:15:02.658+0000] {logging_mixin.py:149} INFO - [2023-06-09T13:15:02.658+0000] {dag.py:2726} INFO - Sync 1 DAGs
[2023-06-09T13:15:02.673+0000] {logging_mixin.py:149} INFO - [2023-06-09T13:15:02.673+0000] {dag.py:3490} INFO - Setting next_dagrun for dag_with_python_operator_v04 to 2023-06-07T00:00:00+00:00, run_after=2023-06-08T00:00:00+00:00
[2023-06-09T13:15:02.684+0000] {processor.py:179} INFO - Processing /opt/airflow/dags/create_dag_with_python_operator.py took 0.067 seconds
[2023-06-09T13:15:33.049+0000] {processor.py:157} INFO - Started process (PID=598) to work on /opt/airflow/dags/create_dag_with_python_operator.py
[2023-06-09T13:15:33.050+0000] {processor.py:826} INFO - Processing file /opt/airflow/dags/create_dag_with_python_operator.py for tasks to queue
[2023-06-09T13:15:33.051+0000] {logging_mixin.py:149} INFO - [2023-06-09T13:15:33.051+0000] {dagbag.py:541} INFO - Filling up the DagBag from /opt/airflow/dags/create_dag_with_python_operator.py
[2023-06-09T13:15:33.063+0000] {processor.py:836} INFO - DAG(s) dict_keys(['dag_with_python_operator_v04']) retrieved from /opt/airflow/dags/create_dag_with_python_operator.py
[2023-06-09T13:15:33.084+0000] {logging_mixin.py:149} INFO - [2023-06-09T13:15:33.084+0000] {dag.py:2726} INFO - Sync 1 DAGs
[2023-06-09T13:15:33.098+0000] {logging_mixin.py:149} INFO - [2023-06-09T13:15:33.098+0000] {dag.py:3490} INFO - Setting next_dagrun for dag_with_python_operator_v04 to 2023-06-07T00:00:00+00:00, run_after=2023-06-08T00:00:00+00:00
[2023-06-09T13:15:33.107+0000] {processor.py:179} INFO - Processing /opt/airflow/dags/create_dag_with_python_operator.py took 0.062 seconds
[2023-06-09T13:16:03.558+0000] {processor.py:157} INFO - Started process (PID=629) to work on /opt/airflow/dags/create_dag_with_python_operator.py
[2023-06-09T13:16:03.560+0000] {processor.py:826} INFO - Processing file /opt/airflow/dags/create_dag_with_python_operator.py for tasks to queue
[2023-06-09T13:16:03.561+0000] {logging_mixin.py:149} INFO - [2023-06-09T13:16:03.561+0000] {dagbag.py:541} INFO - Filling up the DagBag from /opt/airflow/dags/create_dag_with_python_operator.py
[2023-06-09T13:16:03.573+0000] {processor.py:836} INFO - DAG(s) dict_keys(['dag_with_python_operator_v04']) retrieved from /opt/airflow/dags/create_dag_with_python_operator.py
[2023-06-09T13:16:03.596+0000] {logging_mixin.py:149} INFO - [2023-06-09T13:16:03.596+0000] {dag.py:2726} INFO - Sync 1 DAGs
[2023-06-09T13:16:03.610+0000] {logging_mixin.py:149} INFO - [2023-06-09T13:16:03.610+0000] {dag.py:3490} INFO - Setting next_dagrun for dag_with_python_operator_v04 to 2023-06-07T00:00:00+00:00, run_after=2023-06-08T00:00:00+00:00
[2023-06-09T13:16:03.622+0000] {processor.py:179} INFO - Processing /opt/airflow/dags/create_dag_with_python_operator.py took 0.069 seconds
[2023-06-09T13:16:34.020+0000] {processor.py:157} INFO - Started process (PID=656) to work on /opt/airflow/dags/create_dag_with_python_operator.py
[2023-06-09T13:16:34.022+0000] {processor.py:826} INFO - Processing file /opt/airflow/dags/create_dag_with_python_operator.py for tasks to queue
[2023-06-09T13:16:34.023+0000] {logging_mixin.py:149} INFO - [2023-06-09T13:16:34.023+0000] {dagbag.py:541} INFO - Filling up the DagBag from /opt/airflow/dags/create_dag_with_python_operator.py
[2023-06-09T13:16:34.041+0000] {processor.py:836} INFO - DAG(s) dict_keys(['dag_with_python_operator_v04']) retrieved from /opt/airflow/dags/create_dag_with_python_operator.py
[2023-06-09T13:16:34.069+0000] {logging_mixin.py:149} INFO - [2023-06-09T13:16:34.069+0000] {dag.py:2726} INFO - Sync 1 DAGs
[2023-06-09T13:16:34.088+0000] {logging_mixin.py:149} INFO - [2023-06-09T13:16:34.088+0000] {dag.py:3490} INFO - Setting next_dagrun for dag_with_python_operator_v04 to 2023-06-07T00:00:00+00:00, run_after=2023-06-08T00:00:00+00:00
[2023-06-09T13:16:34.097+0000] {processor.py:179} INFO - Processing /opt/airflow/dags/create_dag_with_python_operator.py took 0.082 seconds
[2023-06-09T13:17:04.496+0000] {processor.py:157} INFO - Started process (PID=708) to work on /opt/airflow/dags/create_dag_with_python_operator.py
[2023-06-09T13:17:04.498+0000] {processor.py:826} INFO - Processing file /opt/airflow/dags/create_dag_with_python_operator.py for tasks to queue
[2023-06-09T13:17:04.499+0000] {logging_mixin.py:149} INFO - [2023-06-09T13:17:04.499+0000] {dagbag.py:541} INFO - Filling up the DagBag from /opt/airflow/dags/create_dag_with_python_operator.py
[2023-06-09T13:17:04.512+0000] {processor.py:836} INFO - DAG(s) dict_keys(['dag_with_python_operator_v04']) retrieved from /opt/airflow/dags/create_dag_with_python_operator.py
[2023-06-09T13:17:04.539+0000] {logging_mixin.py:149} INFO - [2023-06-09T13:17:04.539+0000] {dag.py:2726} INFO - Sync 1 DAGs
[2023-06-09T13:17:04.555+0000] {logging_mixin.py:149} INFO - [2023-06-09T13:17:04.555+0000] {dag.py:3490} INFO - Setting next_dagrun for dag_with_python_operator_v04 to 2023-06-07T00:00:00+00:00, run_after=2023-06-08T00:00:00+00:00
[2023-06-09T13:17:04.565+0000] {processor.py:179} INFO - Processing /opt/airflow/dags/create_dag_with_python_operator.py took 0.072 seconds
[2023-06-09T13:17:34.914+0000] {processor.py:157} INFO - Started process (PID=735) to work on /opt/airflow/dags/create_dag_with_python_operator.py
[2023-06-09T13:17:34.916+0000] {processor.py:826} INFO - Processing file /opt/airflow/dags/create_dag_with_python_operator.py for tasks to queue
[2023-06-09T13:17:34.917+0000] {logging_mixin.py:149} INFO - [2023-06-09T13:17:34.917+0000] {dagbag.py:541} INFO - Filling up the DagBag from /opt/airflow/dags/create_dag_with_python_operator.py
[2023-06-09T13:17:34.929+0000] {processor.py:836} INFO - DAG(s) dict_keys(['dag_with_python_operator_v04']) retrieved from /opt/airflow/dags/create_dag_with_python_operator.py
[2023-06-09T13:17:34.953+0000] {logging_mixin.py:149} INFO - [2023-06-09T13:17:34.952+0000] {dag.py:2726} INFO - Sync 1 DAGs
[2023-06-09T13:17:34.967+0000] {logging_mixin.py:149} INFO - [2023-06-09T13:17:34.967+0000] {dag.py:3490} INFO - Setting next_dagrun for dag_with_python_operator_v04 to 2023-06-07T00:00:00+00:00, run_after=2023-06-08T00:00:00+00:00
[2023-06-09T13:17:34.977+0000] {processor.py:179} INFO - Processing /opt/airflow/dags/create_dag_with_python_operator.py took 0.066 seconds
[2023-06-09T13:18:05.382+0000] {processor.py:157} INFO - Started process (PID=762) to work on /opt/airflow/dags/create_dag_with_python_operator.py
[2023-06-09T13:18:05.383+0000] {processor.py:826} INFO - Processing file /opt/airflow/dags/create_dag_with_python_operator.py for tasks to queue
[2023-06-09T13:18:05.384+0000] {logging_mixin.py:149} INFO - [2023-06-09T13:18:05.384+0000] {dagbag.py:541} INFO - Filling up the DagBag from /opt/airflow/dags/create_dag_with_python_operator.py
[2023-06-09T13:18:05.395+0000] {processor.py:836} INFO - DAG(s) dict_keys(['dag_with_python_operator_v04']) retrieved from /opt/airflow/dags/create_dag_with_python_operator.py
[2023-06-09T13:18:05.418+0000] {logging_mixin.py:149} INFO - [2023-06-09T13:18:05.417+0000] {dag.py:2726} INFO - Sync 1 DAGs
[2023-06-09T13:18:05.432+0000] {logging_mixin.py:149} INFO - [2023-06-09T13:18:05.432+0000] {dag.py:3490} INFO - Setting next_dagrun for dag_with_python_operator_v04 to 2023-06-07T00:00:00+00:00, run_after=2023-06-08T00:00:00+00:00
[2023-06-09T13:18:05.442+0000] {processor.py:179} INFO - Processing /opt/airflow/dags/create_dag_with_python_operator.py took 0.064 seconds
[2023-06-09T13:18:35.940+0000] {processor.py:157} INFO - Started process (PID=796) to work on /opt/airflow/dags/create_dag_with_python_operator.py
[2023-06-09T13:18:35.942+0000] {processor.py:826} INFO - Processing file /opt/airflow/dags/create_dag_with_python_operator.py for tasks to queue
[2023-06-09T13:18:35.943+0000] {logging_mixin.py:149} INFO - [2023-06-09T13:18:35.943+0000] {dagbag.py:541} INFO - Filling up the DagBag from /opt/airflow/dags/create_dag_with_python_operator.py
[2023-06-09T13:18:35.956+0000] {processor.py:836} INFO - DAG(s) dict_keys(['dag_with_python_operator_v04']) retrieved from /opt/airflow/dags/create_dag_with_python_operator.py
[2023-06-09T13:18:35.976+0000] {logging_mixin.py:149} INFO - [2023-06-09T13:18:35.976+0000] {dag.py:2726} INFO - Sync 1 DAGs
[2023-06-09T13:18:35.991+0000] {logging_mixin.py:149} INFO - [2023-06-09T13:18:35.991+0000] {dag.py:3490} INFO - Setting next_dagrun for dag_with_python_operator_v04 to 2023-06-07T00:00:00+00:00, run_after=2023-06-08T00:00:00+00:00
[2023-06-09T13:18:36.001+0000] {processor.py:179} INFO - Processing /opt/airflow/dags/create_dag_with_python_operator.py took 0.066 seconds
[2023-06-09T13:19:06.417+0000] {processor.py:157} INFO - Started process (PID=823) to work on /opt/airflow/dags/create_dag_with_python_operator.py
[2023-06-09T13:19:06.418+0000] {processor.py:826} INFO - Processing file /opt/airflow/dags/create_dag_with_python_operator.py for tasks to queue
[2023-06-09T13:19:06.419+0000] {logging_mixin.py:149} INFO - [2023-06-09T13:19:06.419+0000] {dagbag.py:541} INFO - Filling up the DagBag from /opt/airflow/dags/create_dag_with_python_operator.py
[2023-06-09T13:19:06.430+0000] {processor.py:836} INFO - DAG(s) dict_keys(['dag_with_python_operator_v04']) retrieved from /opt/airflow/dags/create_dag_with_python_operator.py
[2023-06-09T13:19:06.450+0000] {logging_mixin.py:149} INFO - [2023-06-09T13:19:06.450+0000] {dag.py:2726} INFO - Sync 1 DAGs
[2023-06-09T13:19:06.465+0000] {logging_mixin.py:149} INFO - [2023-06-09T13:19:06.465+0000] {dag.py:3490} INFO - Setting next_dagrun for dag_with_python_operator_v04 to 2023-06-07T00:00:00+00:00, run_after=2023-06-08T00:00:00+00:00
[2023-06-09T13:19:06.475+0000] {processor.py:179} INFO - Processing /opt/airflow/dags/create_dag_with_python_operator.py took 0.061 seconds
[2023-06-09T13:19:36.878+0000] {processor.py:157} INFO - Started process (PID=850) to work on /opt/airflow/dags/create_dag_with_python_operator.py
[2023-06-09T13:19:36.880+0000] {processor.py:826} INFO - Processing file /opt/airflow/dags/create_dag_with_python_operator.py for tasks to queue
[2023-06-09T13:19:36.881+0000] {logging_mixin.py:149} INFO - [2023-06-09T13:19:36.881+0000] {dagbag.py:541} INFO - Filling up the DagBag from /opt/airflow/dags/create_dag_with_python_operator.py
[2023-06-09T13:19:36.895+0000] {processor.py:836} INFO - DAG(s) dict_keys(['dag_with_python_operator_v04']) retrieved from /opt/airflow/dags/create_dag_with_python_operator.py
[2023-06-09T13:19:36.915+0000] {logging_mixin.py:149} INFO - [2023-06-09T13:19:36.915+0000] {dag.py:2726} INFO - Sync 1 DAGs
[2023-06-09T13:19:36.930+0000] {logging_mixin.py:149} INFO - [2023-06-09T13:19:36.930+0000] {dag.py:3490} INFO - Setting next_dagrun for dag_with_python_operator_v04 to 2023-06-07T00:00:00+00:00, run_after=2023-06-08T00:00:00+00:00
[2023-06-09T13:19:36.939+0000] {processor.py:179} INFO - Processing /opt/airflow/dags/create_dag_with_python_operator.py took 0.066 seconds
[2023-06-09T13:20:07.392+0000] {processor.py:157} INFO - Started process (PID=877) to work on /opt/airflow/dags/create_dag_with_python_operator.py
[2023-06-09T13:20:07.393+0000] {processor.py:826} INFO - Processing file /opt/airflow/dags/create_dag_with_python_operator.py for tasks to queue
[2023-06-09T13:20:07.394+0000] {logging_mixin.py:149} INFO - [2023-06-09T13:20:07.394+0000] {dagbag.py:541} INFO - Filling up the DagBag from /opt/airflow/dags/create_dag_with_python_operator.py
[2023-06-09T13:20:07.405+0000] {processor.py:836} INFO - DAG(s) dict_keys(['dag_with_python_operator_v04']) retrieved from /opt/airflow/dags/create_dag_with_python_operator.py
[2023-06-09T13:20:07.430+0000] {logging_mixin.py:149} INFO - [2023-06-09T13:20:07.430+0000] {dag.py:2726} INFO - Sync 1 DAGs
[2023-06-09T13:20:07.445+0000] {logging_mixin.py:149} INFO - [2023-06-09T13:20:07.445+0000] {dag.py:3490} INFO - Setting next_dagrun for dag_with_python_operator_v04 to 2023-06-07T00:00:00+00:00, run_after=2023-06-08T00:00:00+00:00
[2023-06-09T13:20:07.456+0000] {processor.py:179} INFO - Processing /opt/airflow/dags/create_dag_with_python_operator.py took 0.066 seconds
[2023-06-09T13:20:37.864+0000] {processor.py:157} INFO - Started process (PID=905) to work on /opt/airflow/dags/create_dag_with_python_operator.py
[2023-06-09T13:20:37.866+0000] {processor.py:826} INFO - Processing file /opt/airflow/dags/create_dag_with_python_operator.py for tasks to queue
[2023-06-09T13:20:37.867+0000] {logging_mixin.py:149} INFO - [2023-06-09T13:20:37.867+0000] {dagbag.py:541} INFO - Filling up the DagBag from /opt/airflow/dags/create_dag_with_python_operator.py
[2023-06-09T13:20:37.879+0000] {processor.py:836} INFO - DAG(s) dict_keys(['dag_with_python_operator_v04']) retrieved from /opt/airflow/dags/create_dag_with_python_operator.py
[2023-06-09T13:20:37.902+0000] {logging_mixin.py:149} INFO - [2023-06-09T13:20:37.902+0000] {dag.py:2726} INFO - Sync 1 DAGs
[2023-06-09T13:20:37.917+0000] {logging_mixin.py:149} INFO - [2023-06-09T13:20:37.916+0000] {dag.py:3490} INFO - Setting next_dagrun for dag_with_python_operator_v04 to 2023-06-07T00:00:00+00:00, run_after=2023-06-08T00:00:00+00:00
[2023-06-09T13:20:37.926+0000] {processor.py:179} INFO - Processing /opt/airflow/dags/create_dag_with_python_operator.py took 0.067 seconds
[2023-06-09T13:21:08.359+0000] {processor.py:157} INFO - Started process (PID=942) to work on /opt/airflow/dags/create_dag_with_python_operator.py
[2023-06-09T13:21:08.360+0000] {processor.py:826} INFO - Processing file /opt/airflow/dags/create_dag_with_python_operator.py for tasks to queue
[2023-06-09T13:21:08.361+0000] {logging_mixin.py:149} INFO - [2023-06-09T13:21:08.361+0000] {dagbag.py:541} INFO - Filling up the DagBag from /opt/airflow/dags/create_dag_with_python_operator.py
[2023-06-09T13:21:08.372+0000] {processor.py:836} INFO - DAG(s) dict_keys(['dag_with_python_operator_v04']) retrieved from /opt/airflow/dags/create_dag_with_python_operator.py
[2023-06-09T13:21:08.395+0000] {logging_mixin.py:149} INFO - [2023-06-09T13:21:08.395+0000] {dag.py:2726} INFO - Sync 1 DAGs
[2023-06-09T13:21:08.410+0000] {logging_mixin.py:149} INFO - [2023-06-09T13:21:08.410+0000] {dag.py:3490} INFO - Setting next_dagrun for dag_with_python_operator_v04 to 2023-06-07T00:00:00+00:00, run_after=2023-06-08T00:00:00+00:00
[2023-06-09T13:21:08.420+0000] {processor.py:179} INFO - Processing /opt/airflow/dags/create_dag_with_python_operator.py took 0.064 seconds
[2023-06-09T13:21:38.840+0000] {processor.py:157} INFO - Started process (PID=969) to work on /opt/airflow/dags/create_dag_with_python_operator.py
[2023-06-09T13:21:38.841+0000] {processor.py:826} INFO - Processing file /opt/airflow/dags/create_dag_with_python_operator.py for tasks to queue
[2023-06-09T13:21:38.842+0000] {logging_mixin.py:149} INFO - [2023-06-09T13:21:38.842+0000] {dagbag.py:541} INFO - Filling up the DagBag from /opt/airflow/dags/create_dag_with_python_operator.py
[2023-06-09T13:21:38.853+0000] {processor.py:836} INFO - DAG(s) dict_keys(['dag_with_python_operator_v04']) retrieved from /opt/airflow/dags/create_dag_with_python_operator.py
[2023-06-09T13:21:38.872+0000] {logging_mixin.py:149} INFO - [2023-06-09T13:21:38.872+0000] {dag.py:2726} INFO - Sync 1 DAGs
[2023-06-09T13:21:38.886+0000] {logging_mixin.py:149} INFO - [2023-06-09T13:21:38.886+0000] {dag.py:3490} INFO - Setting next_dagrun for dag_with_python_operator_v04 to 2023-06-07T00:00:00+00:00, run_after=2023-06-08T00:00:00+00:00
[2023-06-09T13:21:38.895+0000] {processor.py:179} INFO - Processing /opt/airflow/dags/create_dag_with_python_operator.py took 0.059 seconds
[2023-06-09T13:22:09.301+0000] {processor.py:157} INFO - Started process (PID=996) to work on /opt/airflow/dags/create_dag_with_python_operator.py
[2023-06-09T13:22:09.303+0000] {processor.py:826} INFO - Processing file /opt/airflow/dags/create_dag_with_python_operator.py for tasks to queue
[2023-06-09T13:22:09.304+0000] {logging_mixin.py:149} INFO - [2023-06-09T13:22:09.304+0000] {dagbag.py:541} INFO - Filling up the DagBag from /opt/airflow/dags/create_dag_with_python_operator.py
[2023-06-09T13:22:09.315+0000] {processor.py:836} INFO - DAG(s) dict_keys(['dag_with_python_operator_v04']) retrieved from /opt/airflow/dags/create_dag_with_python_operator.py
[2023-06-09T13:22:09.337+0000] {logging_mixin.py:149} INFO - [2023-06-09T13:22:09.337+0000] {dag.py:2726} INFO - Sync 1 DAGs
[2023-06-09T13:22:09.352+0000] {logging_mixin.py:149} INFO - [2023-06-09T13:22:09.352+0000] {dag.py:3490} INFO - Setting next_dagrun for dag_with_python_operator_v04 to 2023-06-07T00:00:00+00:00, run_after=2023-06-08T00:00:00+00:00
[2023-06-09T13:22:09.361+0000] {processor.py:179} INFO - Processing /opt/airflow/dags/create_dag_with_python_operator.py took 0.062 seconds
[2023-06-09T13:22:39.795+0000] {processor.py:157} INFO - Started process (PID=1235) to work on /opt/airflow/dags/create_dag_with_python_operator.py
[2023-06-09T13:22:39.797+0000] {processor.py:826} INFO - Processing file /opt/airflow/dags/create_dag_with_python_operator.py for tasks to queue
[2023-06-09T13:22:39.798+0000] {logging_mixin.py:149} INFO - [2023-06-09T13:22:39.797+0000] {dagbag.py:541} INFO - Filling up the DagBag from /opt/airflow/dags/create_dag_with_python_operator.py
[2023-06-09T13:22:39.811+0000] {processor.py:836} INFO - DAG(s) dict_keys(['dag_with_python_operator_v04']) retrieved from /opt/airflow/dags/create_dag_with_python_operator.py
[2023-06-09T13:22:39.833+0000] {logging_mixin.py:149} INFO - [2023-06-09T13:22:39.832+0000] {dag.py:2726} INFO - Sync 1 DAGs
[2023-06-09T13:22:39.849+0000] {logging_mixin.py:149} INFO - [2023-06-09T13:22:39.849+0000] {dag.py:3490} INFO - Setting next_dagrun for dag_with_python_operator_v04 to 2023-06-07T00:00:00+00:00, run_after=2023-06-08T00:00:00+00:00
[2023-06-09T13:22:39.859+0000] {processor.py:179} INFO - Processing /opt/airflow/dags/create_dag_with_python_operator.py took 0.068 seconds
[2023-06-09T13:23:10.278+0000] {processor.py:157} INFO - Started process (PID=1262) to work on /opt/airflow/dags/create_dag_with_python_operator.py
[2023-06-09T13:23:10.280+0000] {processor.py:826} INFO - Processing file /opt/airflow/dags/create_dag_with_python_operator.py for tasks to queue
[2023-06-09T13:23:10.281+0000] {logging_mixin.py:149} INFO - [2023-06-09T13:23:10.281+0000] {dagbag.py:541} INFO - Filling up the DagBag from /opt/airflow/dags/create_dag_with_python_operator.py
[2023-06-09T13:23:10.294+0000] {processor.py:836} INFO - DAG(s) dict_keys(['dag_with_python_operator_v04']) retrieved from /opt/airflow/dags/create_dag_with_python_operator.py
[2023-06-09T13:23:10.319+0000] {logging_mixin.py:149} INFO - [2023-06-09T13:23:10.319+0000] {dag.py:2726} INFO - Sync 1 DAGs
[2023-06-09T13:23:10.335+0000] {logging_mixin.py:149} INFO - [2023-06-09T13:23:10.335+0000] {dag.py:3490} INFO - Setting next_dagrun for dag_with_python_operator_v04 to 2023-06-07T00:00:00+00:00, run_after=2023-06-08T00:00:00+00:00
[2023-06-09T13:23:10.345+0000] {processor.py:179} INFO - Processing /opt/airflow/dags/create_dag_with_python_operator.py took 0.071 seconds
[2023-06-09T13:23:40.813+0000] {processor.py:157} INFO - Started process (PID=1294) to work on /opt/airflow/dags/create_dag_with_python_operator.py
[2023-06-09T13:23:40.814+0000] {processor.py:826} INFO - Processing file /opt/airflow/dags/create_dag_with_python_operator.py for tasks to queue
[2023-06-09T13:23:40.815+0000] {logging_mixin.py:149} INFO - [2023-06-09T13:23:40.815+0000] {dagbag.py:541} INFO - Filling up the DagBag from /opt/airflow/dags/create_dag_with_python_operator.py
[2023-06-09T13:23:40.827+0000] {processor.py:836} INFO - DAG(s) dict_keys(['dag_with_python_operator_v04']) retrieved from /opt/airflow/dags/create_dag_with_python_operator.py
[2023-06-09T13:23:40.851+0000] {logging_mixin.py:149} INFO - [2023-06-09T13:23:40.851+0000] {dag.py:2726} INFO - Sync 1 DAGs
[2023-06-09T13:23:40.867+0000] {logging_mixin.py:149} INFO - [2023-06-09T13:23:40.866+0000] {dag.py:3490} INFO - Setting next_dagrun for dag_with_python_operator_v04 to 2023-06-07T00:00:00+00:00, run_after=2023-06-08T00:00:00+00:00
[2023-06-09T13:23:40.877+0000] {processor.py:179} INFO - Processing /opt/airflow/dags/create_dag_with_python_operator.py took 0.068 seconds
[2023-06-09T13:24:11.312+0000] {processor.py:157} INFO - Started process (PID=1321) to work on /opt/airflow/dags/create_dag_with_python_operator.py
[2023-06-09T13:24:11.313+0000] {processor.py:826} INFO - Processing file /opt/airflow/dags/create_dag_with_python_operator.py for tasks to queue
[2023-06-09T13:24:11.314+0000] {logging_mixin.py:149} INFO - [2023-06-09T13:24:11.314+0000] {dagbag.py:541} INFO - Filling up the DagBag from /opt/airflow/dags/create_dag_with_python_operator.py
[2023-06-09T13:24:11.326+0000] {processor.py:836} INFO - DAG(s) dict_keys(['dag_with_python_operator_v04']) retrieved from /opt/airflow/dags/create_dag_with_python_operator.py
[2023-06-09T13:24:11.346+0000] {logging_mixin.py:149} INFO - [2023-06-09T13:24:11.346+0000] {dag.py:2726} INFO - Sync 1 DAGs
[2023-06-09T13:24:11.360+0000] {logging_mixin.py:149} INFO - [2023-06-09T13:24:11.360+0000] {dag.py:3490} INFO - Setting next_dagrun for dag_with_python_operator_v04 to 2023-06-07T00:00:00+00:00, run_after=2023-06-08T00:00:00+00:00
[2023-06-09T13:24:11.370+0000] {processor.py:179} INFO - Processing /opt/airflow/dags/create_dag_with_python_operator.py took 0.061 seconds
[2023-06-09T13:24:41.762+0000] {processor.py:157} INFO - Started process (PID=1348) to work on /opt/airflow/dags/create_dag_with_python_operator.py
[2023-06-09T13:24:41.764+0000] {processor.py:826} INFO - Processing file /opt/airflow/dags/create_dag_with_python_operator.py for tasks to queue
[2023-06-09T13:24:41.764+0000] {logging_mixin.py:149} INFO - [2023-06-09T13:24:41.764+0000] {dagbag.py:541} INFO - Filling up the DagBag from /opt/airflow/dags/create_dag_with_python_operator.py
[2023-06-09T13:24:41.777+0000] {processor.py:836} INFO - DAG(s) dict_keys(['dag_with_python_operator_v04']) retrieved from /opt/airflow/dags/create_dag_with_python_operator.py
[2023-06-09T13:24:41.804+0000] {logging_mixin.py:149} INFO - [2023-06-09T13:24:41.804+0000] {dag.py:2726} INFO - Sync 1 DAGs
[2023-06-09T13:24:41.820+0000] {logging_mixin.py:149} INFO - [2023-06-09T13:24:41.820+0000] {dag.py:3490} INFO - Setting next_dagrun for dag_with_python_operator_v04 to 2023-06-07T00:00:00+00:00, run_after=2023-06-08T00:00:00+00:00
[2023-06-09T13:24:41.831+0000] {processor.py:179} INFO - Processing /opt/airflow/dags/create_dag_with_python_operator.py took 0.072 seconds
[2023-06-09T13:25:12.255+0000] {processor.py:157} INFO - Started process (PID=1381) to work on /opt/airflow/dags/create_dag_with_python_operator.py
[2023-06-09T13:25:12.256+0000] {processor.py:826} INFO - Processing file /opt/airflow/dags/create_dag_with_python_operator.py for tasks to queue
[2023-06-09T13:25:12.257+0000] {logging_mixin.py:149} INFO - [2023-06-09T13:25:12.257+0000] {dagbag.py:541} INFO - Filling up the DagBag from /opt/airflow/dags/create_dag_with_python_operator.py
[2023-06-09T13:25:12.269+0000] {processor.py:836} INFO - DAG(s) dict_keys(['dag_with_python_operator_v04']) retrieved from /opt/airflow/dags/create_dag_with_python_operator.py
[2023-06-09T13:25:12.292+0000] {logging_mixin.py:149} INFO - [2023-06-09T13:25:12.292+0000] {dag.py:2726} INFO - Sync 1 DAGs
[2023-06-09T13:25:12.307+0000] {logging_mixin.py:149} INFO - [2023-06-09T13:25:12.306+0000] {dag.py:3490} INFO - Setting next_dagrun for dag_with_python_operator_v04 to 2023-06-07T00:00:00+00:00, run_after=2023-06-08T00:00:00+00:00
[2023-06-09T13:25:12.316+0000] {processor.py:179} INFO - Processing /opt/airflow/dags/create_dag_with_python_operator.py took 0.065 seconds
