[2023-06-09T15:17:07.766+0000] {processor.py:157} INFO - Started process (PID=163) to work on /opt/airflow/dags/dag_with_python_dependencies.py
[2023-06-09T15:17:07.767+0000] {processor.py:826} INFO - Processing file /opt/airflow/dags/dag_with_python_dependencies.py for tasks to queue
[2023-06-09T15:17:07.768+0000] {logging_mixin.py:149} INFO - [2023-06-09T15:17:07.768+0000] {dagbag.py:541} INFO - Filling up the DagBag from /opt/airflow/dags/dag_with_python_dependencies.py
[2023-06-09T15:17:07.786+0000] {processor.py:836} INFO - DAG(s) dict_keys(['dag_with_python_dependencies_v04']) retrieved from /opt/airflow/dags/dag_with_python_dependencies.py
[2023-06-09T15:17:07.910+0000] {logging_mixin.py:149} INFO - [2023-06-09T15:17:07.910+0000] {manager.py:504} INFO - Created Permission View: can edit on DAG:dag_with_python_dependencies_v04
[2023-06-09T15:17:07.917+0000] {logging_mixin.py:149} INFO - [2023-06-09T15:17:07.916+0000] {manager.py:504} INFO - Created Permission View: can delete on DAG:dag_with_python_dependencies_v04
[2023-06-09T15:17:07.921+0000] {logging_mixin.py:149} INFO - [2023-06-09T15:17:07.921+0000] {manager.py:504} INFO - Created Permission View: can read on DAG:dag_with_python_dependencies_v04
[2023-06-09T15:17:07.921+0000] {logging_mixin.py:149} INFO - [2023-06-09T15:17:07.921+0000] {dag.py:2726} INFO - Sync 1 DAGs
[2023-06-09T15:17:07.932+0000] {logging_mixin.py:149} INFO - [2023-06-09T15:17:07.931+0000] {dag.py:2747} INFO - Creating ORM DAG for dag_with_python_dependencies_v04
[2023-06-09T15:17:08.031+0000] {logging_mixin.py:149} INFO - [2023-06-09T15:17:08.031+0000] {dag.py:3490} INFO - Setting next_dagrun for dag_with_python_dependencies_v04 to 2023-06-07T00:00:00+00:00, run_after=2023-06-08T00:00:00+00:00
[2023-06-09T15:17:08.047+0000] {processor.py:179} INFO - Processing /opt/airflow/dags/dag_with_python_dependencies.py took 0.284 seconds
[2023-06-09T15:17:38.963+0000] {processor.py:157} INFO - Started process (PID=205) to work on /opt/airflow/dags/dag_with_python_dependencies.py
[2023-06-09T15:17:38.964+0000] {processor.py:826} INFO - Processing file /opt/airflow/dags/dag_with_python_dependencies.py for tasks to queue
[2023-06-09T15:17:38.965+0000] {logging_mixin.py:149} INFO - [2023-06-09T15:17:38.965+0000] {dagbag.py:541} INFO - Filling up the DagBag from /opt/airflow/dags/dag_with_python_dependencies.py
[2023-06-09T15:17:38.977+0000] {processor.py:836} INFO - DAG(s) dict_keys(['dag_with_python_dependencies_v04']) retrieved from /opt/airflow/dags/dag_with_python_dependencies.py
[2023-06-09T15:17:39.000+0000] {logging_mixin.py:149} INFO - [2023-06-09T15:17:39.000+0000] {dag.py:2726} INFO - Sync 1 DAGs
[2023-06-09T15:17:39.016+0000] {logging_mixin.py:149} INFO - [2023-06-09T15:17:39.016+0000] {dag.py:3490} INFO - Setting next_dagrun for dag_with_python_dependencies_v04 to 2023-06-07T00:00:00+00:00, run_after=2023-06-08T00:00:00+00:00
[2023-06-09T15:17:39.139+0000] {processor.py:179} INFO - Processing /opt/airflow/dags/dag_with_python_dependencies.py took 0.179 seconds
[2023-06-09T15:18:09.895+0000] {processor.py:157} INFO - Started process (PID=249) to work on /opt/airflow/dags/dag_with_python_dependencies.py
[2023-06-09T15:18:09.897+0000] {processor.py:826} INFO - Processing file /opt/airflow/dags/dag_with_python_dependencies.py for tasks to queue
[2023-06-09T15:18:09.898+0000] {logging_mixin.py:149} INFO - [2023-06-09T15:18:09.898+0000] {dagbag.py:541} INFO - Filling up the DagBag from /opt/airflow/dags/dag_with_python_dependencies.py
[2023-06-09T15:18:09.909+0000] {processor.py:836} INFO - DAG(s) dict_keys(['dag_with_python_dependencies_v04']) retrieved from /opt/airflow/dags/dag_with_python_dependencies.py
[2023-06-09T15:18:09.933+0000] {logging_mixin.py:149} INFO - [2023-06-09T15:18:09.933+0000] {dag.py:2726} INFO - Sync 1 DAGs
[2023-06-09T15:18:10.071+0000] {logging_mixin.py:149} INFO - [2023-06-09T15:18:10.071+0000] {dag.py:3490} INFO - Setting next_dagrun for dag_with_python_dependencies_v04 to 2023-06-09T00:00:00+00:00, run_after=2023-06-10T00:00:00+00:00
[2023-06-09T15:18:10.090+0000] {processor.py:179} INFO - Processing /opt/airflow/dags/dag_with_python_dependencies.py took 0.198 seconds
[2023-06-09T15:18:40.863+0000] {processor.py:157} INFO - Started process (PID=293) to work on /opt/airflow/dags/dag_with_python_dependencies.py
[2023-06-09T15:18:40.865+0000] {processor.py:826} INFO - Processing file /opt/airflow/dags/dag_with_python_dependencies.py for tasks to queue
[2023-06-09T15:18:40.866+0000] {logging_mixin.py:149} INFO - [2023-06-09T15:18:40.866+0000] {dagbag.py:541} INFO - Filling up the DagBag from /opt/airflow/dags/dag_with_python_dependencies.py
[2023-06-09T15:18:40.875+0000] {processor.py:836} INFO - DAG(s) dict_keys(['dag_with_python_dependencies_v04']) retrieved from /opt/airflow/dags/dag_with_python_dependencies.py
[2023-06-09T15:18:40.896+0000] {logging_mixin.py:149} INFO - [2023-06-09T15:18:40.896+0000] {dag.py:2726} INFO - Sync 1 DAGs
[2023-06-09T15:18:40.989+0000] {logging_mixin.py:149} INFO - [2023-06-09T15:18:40.989+0000] {dag.py:3490} INFO - Setting next_dagrun for dag_with_python_dependencies_v04 to 2023-06-09T00:00:00+00:00, run_after=2023-06-10T00:00:00+00:00
[2023-06-09T15:18:40.999+0000] {processor.py:179} INFO - Processing /opt/airflow/dags/dag_with_python_dependencies.py took 0.140 seconds
[2023-06-09T15:19:11.801+0000] {processor.py:157} INFO - Started process (PID=335) to work on /opt/airflow/dags/dag_with_python_dependencies.py
[2023-06-09T15:19:11.804+0000] {processor.py:826} INFO - Processing file /opt/airflow/dags/dag_with_python_dependencies.py for tasks to queue
[2023-06-09T15:19:11.805+0000] {logging_mixin.py:149} INFO - [2023-06-09T15:19:11.805+0000] {dagbag.py:541} INFO - Filling up the DagBag from /opt/airflow/dags/dag_with_python_dependencies.py
[2023-06-09T15:19:11.817+0000] {processor.py:836} INFO - DAG(s) dict_keys(['dag_with_python_dependencies_v04']) retrieved from /opt/airflow/dags/dag_with_python_dependencies.py
[2023-06-09T15:19:11.921+0000] {logging_mixin.py:149} INFO - [2023-06-09T15:19:11.921+0000] {dag.py:2726} INFO - Sync 1 DAGs
[2023-06-09T15:19:11.935+0000] {logging_mixin.py:149} INFO - [2023-06-09T15:19:11.935+0000] {dag.py:3490} INFO - Setting next_dagrun for dag_with_python_dependencies_v04 to 2023-06-09T00:00:00+00:00, run_after=2023-06-10T00:00:00+00:00
[2023-06-09T15:19:11.945+0000] {processor.py:179} INFO - Processing /opt/airflow/dags/dag_with_python_dependencies.py took 0.147 seconds
[2023-06-09T15:19:42.750+0000] {processor.py:157} INFO - Started process (PID=377) to work on /opt/airflow/dags/dag_with_python_dependencies.py
[2023-06-09T15:19:42.752+0000] {processor.py:826} INFO - Processing file /opt/airflow/dags/dag_with_python_dependencies.py for tasks to queue
[2023-06-09T15:19:42.752+0000] {logging_mixin.py:149} INFO - [2023-06-09T15:19:42.752+0000] {dagbag.py:541} INFO - Filling up the DagBag from /opt/airflow/dags/dag_with_python_dependencies.py
[2023-06-09T15:19:42.763+0000] {processor.py:836} INFO - DAG(s) dict_keys(['dag_with_python_dependencies_v04']) retrieved from /opt/airflow/dags/dag_with_python_dependencies.py
[2023-06-09T15:19:42.869+0000] {logging_mixin.py:149} INFO - [2023-06-09T15:19:42.869+0000] {dag.py:2726} INFO - Sync 1 DAGs
[2023-06-09T15:19:42.884+0000] {logging_mixin.py:149} INFO - [2023-06-09T15:19:42.884+0000] {dag.py:3490} INFO - Setting next_dagrun for dag_with_python_dependencies_v04 to 2023-06-09T00:00:00+00:00, run_after=2023-06-10T00:00:00+00:00
[2023-06-09T15:19:42.894+0000] {processor.py:179} INFO - Processing /opt/airflow/dags/dag_with_python_dependencies.py took 0.147 seconds
[2023-06-09T15:20:13.639+0000] {processor.py:157} INFO - Started process (PID=419) to work on /opt/airflow/dags/dag_with_python_dependencies.py
[2023-06-09T15:20:13.639+0000] {processor.py:826} INFO - Processing file /opt/airflow/dags/dag_with_python_dependencies.py for tasks to queue
[2023-06-09T15:20:13.640+0000] {logging_mixin.py:149} INFO - [2023-06-09T15:20:13.640+0000] {dagbag.py:541} INFO - Filling up the DagBag from /opt/airflow/dags/dag_with_python_dependencies.py
[2023-06-09T15:20:13.649+0000] {processor.py:836} INFO - DAG(s) dict_keys(['dag_with_python_dependencies_v04']) retrieved from /opt/airflow/dags/dag_with_python_dependencies.py
[2023-06-09T15:20:13.670+0000] {logging_mixin.py:149} INFO - [2023-06-09T15:20:13.669+0000] {dag.py:2726} INFO - Sync 1 DAGs
[2023-06-09T15:20:13.685+0000] {logging_mixin.py:149} INFO - [2023-06-09T15:20:13.685+0000] {dag.py:3490} INFO - Setting next_dagrun for dag_with_python_dependencies_v04 to 2023-06-09T00:00:00+00:00, run_after=2023-06-10T00:00:00+00:00
[2023-06-09T15:20:13.696+0000] {processor.py:179} INFO - Processing /opt/airflow/dags/dag_with_python_dependencies.py took 0.060 seconds
[2023-06-09T15:20:44.305+0000] {processor.py:157} INFO - Started process (PID=461) to work on /opt/airflow/dags/dag_with_python_dependencies.py
[2023-06-09T15:20:44.307+0000] {processor.py:826} INFO - Processing file /opt/airflow/dags/dag_with_python_dependencies.py for tasks to queue
[2023-06-09T15:20:44.308+0000] {logging_mixin.py:149} INFO - [2023-06-09T15:20:44.308+0000] {dagbag.py:541} INFO - Filling up the DagBag from /opt/airflow/dags/dag_with_python_dependencies.py
[2023-06-09T15:20:44.320+0000] {processor.py:836} INFO - DAG(s) dict_keys(['dag_with_python_dependencies_v04']) retrieved from /opt/airflow/dags/dag_with_python_dependencies.py
[2023-06-09T15:20:44.346+0000] {logging_mixin.py:149} INFO - [2023-06-09T15:20:44.346+0000] {dag.py:2726} INFO - Sync 1 DAGs
[2023-06-09T15:20:44.364+0000] {logging_mixin.py:149} INFO - [2023-06-09T15:20:44.363+0000] {dag.py:3490} INFO - Setting next_dagrun for dag_with_python_dependencies_v04 to 2023-06-09T00:00:00+00:00, run_after=2023-06-10T00:00:00+00:00
[2023-06-09T15:20:44.374+0000] {processor.py:179} INFO - Processing /opt/airflow/dags/dag_with_python_dependencies.py took 0.074 seconds
[2023-06-09T15:21:14.949+0000] {processor.py:157} INFO - Started process (PID=503) to work on /opt/airflow/dags/dag_with_python_dependencies.py
[2023-06-09T15:21:14.952+0000] {processor.py:826} INFO - Processing file /opt/airflow/dags/dag_with_python_dependencies.py for tasks to queue
[2023-06-09T15:21:14.953+0000] {logging_mixin.py:149} INFO - [2023-06-09T15:21:14.952+0000] {dagbag.py:541} INFO - Filling up the DagBag from /opt/airflow/dags/dag_with_python_dependencies.py
[2023-06-09T15:21:14.967+0000] {processor.py:836} INFO - DAG(s) dict_keys(['dag_with_python_dependencies_v04']) retrieved from /opt/airflow/dags/dag_with_python_dependencies.py
[2023-06-09T15:21:14.994+0000] {logging_mixin.py:149} INFO - [2023-06-09T15:21:14.994+0000] {dag.py:2726} INFO - Sync 1 DAGs
[2023-06-09T15:21:15.012+0000] {logging_mixin.py:149} INFO - [2023-06-09T15:21:15.012+0000] {dag.py:3490} INFO - Setting next_dagrun for dag_with_python_dependencies_v04 to 2023-06-09T00:00:00+00:00, run_after=2023-06-10T00:00:00+00:00
[2023-06-09T15:21:15.022+0000] {processor.py:179} INFO - Processing /opt/airflow/dags/dag_with_python_dependencies.py took 0.076 seconds
[2023-06-09T15:21:45.581+0000] {processor.py:157} INFO - Started process (PID=545) to work on /opt/airflow/dags/dag_with_python_dependencies.py
[2023-06-09T15:21:45.583+0000] {processor.py:826} INFO - Processing file /opt/airflow/dags/dag_with_python_dependencies.py for tasks to queue
[2023-06-09T15:21:45.584+0000] {logging_mixin.py:149} INFO - [2023-06-09T15:21:45.583+0000] {dagbag.py:541} INFO - Filling up the DagBag from /opt/airflow/dags/dag_with_python_dependencies.py
[2023-06-09T15:21:45.595+0000] {processor.py:836} INFO - DAG(s) dict_keys(['dag_with_python_dependencies_v04']) retrieved from /opt/airflow/dags/dag_with_python_dependencies.py
[2023-06-09T15:21:45.621+0000] {logging_mixin.py:149} INFO - [2023-06-09T15:21:45.621+0000] {dag.py:2726} INFO - Sync 1 DAGs
[2023-06-09T15:21:45.638+0000] {logging_mixin.py:149} INFO - [2023-06-09T15:21:45.638+0000] {dag.py:3490} INFO - Setting next_dagrun for dag_with_python_dependencies_v04 to 2023-06-09T00:00:00+00:00, run_after=2023-06-10T00:00:00+00:00
[2023-06-09T15:21:45.649+0000] {processor.py:179} INFO - Processing /opt/airflow/dags/dag_with_python_dependencies.py took 0.072 seconds
[2023-06-09T15:22:16.241+0000] {processor.py:157} INFO - Started process (PID=587) to work on /opt/airflow/dags/dag_with_python_dependencies.py
[2023-06-09T15:22:16.244+0000] {processor.py:826} INFO - Processing file /opt/airflow/dags/dag_with_python_dependencies.py for tasks to queue
[2023-06-09T15:22:16.245+0000] {logging_mixin.py:149} INFO - [2023-06-09T15:22:16.245+0000] {dagbag.py:541} INFO - Filling up the DagBag from /opt/airflow/dags/dag_with_python_dependencies.py
[2023-06-09T15:22:16.257+0000] {processor.py:836} INFO - DAG(s) dict_keys(['dag_with_python_dependencies_v04']) retrieved from /opt/airflow/dags/dag_with_python_dependencies.py
[2023-06-09T15:22:16.282+0000] {logging_mixin.py:149} INFO - [2023-06-09T15:22:16.282+0000] {dag.py:2726} INFO - Sync 1 DAGs
[2023-06-09T15:22:16.298+0000] {logging_mixin.py:149} INFO - [2023-06-09T15:22:16.298+0000] {dag.py:3490} INFO - Setting next_dagrun for dag_with_python_dependencies_v04 to 2023-06-09T00:00:00+00:00, run_after=2023-06-10T00:00:00+00:00
[2023-06-09T15:22:16.308+0000] {processor.py:179} INFO - Processing /opt/airflow/dags/dag_with_python_dependencies.py took 0.072 seconds
[2023-06-09T15:22:46.857+0000] {processor.py:157} INFO - Started process (PID=629) to work on /opt/airflow/dags/dag_with_python_dependencies.py
[2023-06-09T15:22:46.859+0000] {processor.py:826} INFO - Processing file /opt/airflow/dags/dag_with_python_dependencies.py for tasks to queue
[2023-06-09T15:22:46.860+0000] {logging_mixin.py:149} INFO - [2023-06-09T15:22:46.860+0000] {dagbag.py:541} INFO - Filling up the DagBag from /opt/airflow/dags/dag_with_python_dependencies.py
[2023-06-09T15:22:46.869+0000] {processor.py:836} INFO - DAG(s) dict_keys(['dag_with_python_dependencies_v04']) retrieved from /opt/airflow/dags/dag_with_python_dependencies.py
[2023-06-09T15:22:46.888+0000] {logging_mixin.py:149} INFO - [2023-06-09T15:22:46.888+0000] {dag.py:2726} INFO - Sync 1 DAGs
[2023-06-09T15:22:46.902+0000] {logging_mixin.py:149} INFO - [2023-06-09T15:22:46.902+0000] {dag.py:3490} INFO - Setting next_dagrun for dag_with_python_dependencies_v04 to 2023-06-09T00:00:00+00:00, run_after=2023-06-10T00:00:00+00:00
[2023-06-09T15:22:46.913+0000] {processor.py:179} INFO - Processing /opt/airflow/dags/dag_with_python_dependencies.py took 0.058 seconds
[2023-06-09 15:30:04,564] {processor.py:163} INFO - Started process (PID=293) to work on /opt/airflow/dags/dag_with_python_dependencies.py
[2023-06-09 15:30:04,567] {processor.py:620} INFO - Processing file /opt/airflow/dags/dag_with_python_dependencies.py for tasks to queue
[2023-06-09 15:30:04,571] {logging_mixin.py:109} INFO - [2023-06-09 15:30:04,570] {dagbag.py:500} INFO - Filling up the DagBag from /opt/airflow/dags/dag_with_python_dependencies.py
[2023-06-09 15:30:04,669] {processor.py:632} INFO - DAG(s) dict_keys(['dag_with_python_dependencies_v04']) retrieved from /opt/airflow/dags/dag_with_python_dependencies.py
[2023-06-09 15:30:41,081] {processor.py:163} INFO - Started process (PID=252) to work on /opt/airflow/dags/dag_with_python_dependencies.py
[2023-06-09 15:30:41,086] {processor.py:620} INFO - Processing file /opt/airflow/dags/dag_with_python_dependencies.py for tasks to queue
[2023-06-09 15:30:41,091] {logging_mixin.py:109} INFO - [2023-06-09 15:30:41,090] {dagbag.py:500} INFO - Filling up the DagBag from /opt/airflow/dags/dag_with_python_dependencies.py
[2023-06-09 15:30:41,183] {processor.py:632} INFO - DAG(s) dict_keys(['dag_with_python_dependencies_v04']) retrieved from /opt/airflow/dags/dag_with_python_dependencies.py
[2023-06-09 15:31:17,287] {processor.py:163} INFO - Started process (PID=274) to work on /opt/airflow/dags/dag_with_python_dependencies.py
[2023-06-09 15:31:17,291] {processor.py:620} INFO - Processing file /opt/airflow/dags/dag_with_python_dependencies.py for tasks to queue
[2023-06-09 15:31:17,292] {logging_mixin.py:109} INFO - [2023-06-09 15:31:17,292] {dagbag.py:500} INFO - Filling up the DagBag from /opt/airflow/dags/dag_with_python_dependencies.py
[2023-06-09 15:31:17,346] {processor.py:632} INFO - DAG(s) dict_keys(['dag_with_python_dependencies_v04']) retrieved from /opt/airflow/dags/dag_with_python_dependencies.py
[2023-06-09T15:35:17.639+0000] {processor.py:157} INFO - Started process (PID=164) to work on /opt/airflow/dags/dag_with_python_dependencies.py
[2023-06-09T15:35:17.640+0000] {processor.py:826} INFO - Processing file /opt/airflow/dags/dag_with_python_dependencies.py for tasks to queue
[2023-06-09T15:35:17.641+0000] {logging_mixin.py:149} INFO - [2023-06-09T15:35:17.641+0000] {dagbag.py:541} INFO - Filling up the DagBag from /opt/airflow/dags/dag_with_python_dependencies.py
[2023-06-09T15:35:17.652+0000] {processor.py:836} INFO - DAG(s) dict_keys(['dag_with_python_dependencies_v04']) retrieved from /opt/airflow/dags/dag_with_python_dependencies.py
[2023-06-09T15:35:17.714+0000] {logging_mixin.py:149} INFO - [2023-06-09T15:35:17.714+0000] {dag.py:2726} INFO - Sync 1 DAGs
[2023-06-09T15:35:17.729+0000] {logging_mixin.py:149} INFO - [2023-06-09T15:35:17.729+0000] {dag.py:3490} INFO - Setting next_dagrun for dag_with_python_dependencies_v04 to 2023-06-09T00:00:00+00:00, run_after=2023-06-10T00:00:00+00:00
[2023-06-09T15:35:17.740+0000] {processor.py:179} INFO - Processing /opt/airflow/dags/dag_with_python_dependencies.py took 0.103 seconds
[2023-06-09T15:35:48.544+0000] {processor.py:157} INFO - Started process (PID=218) to work on /opt/airflow/dags/dag_with_python_dependencies.py
[2023-06-09T15:35:48.546+0000] {processor.py:826} INFO - Processing file /opt/airflow/dags/dag_with_python_dependencies.py for tasks to queue
[2023-06-09T15:35:48.547+0000] {logging_mixin.py:149} INFO - [2023-06-09T15:35:48.547+0000] {dagbag.py:541} INFO - Filling up the DagBag from /opt/airflow/dags/dag_with_python_dependencies.py
[2023-06-09T15:35:48.557+0000] {processor.py:836} INFO - DAG(s) dict_keys(['dag_with_python_dependencies_v04']) retrieved from /opt/airflow/dags/dag_with_python_dependencies.py
[2023-06-09T15:35:48.579+0000] {logging_mixin.py:149} INFO - [2023-06-09T15:35:48.579+0000] {dag.py:2726} INFO - Sync 1 DAGs
[2023-06-09T15:35:48.596+0000] {logging_mixin.py:149} INFO - [2023-06-09T15:35:48.595+0000] {dag.py:3490} INFO - Setting next_dagrun for dag_with_python_dependencies_v04 to 2023-06-09T00:00:00+00:00, run_after=2023-06-10T00:00:00+00:00
[2023-06-09T15:35:48.704+0000] {processor.py:179} INFO - Processing /opt/airflow/dags/dag_with_python_dependencies.py took 0.165 seconds
[2023-06-09T15:36:19.425+0000] {processor.py:157} INFO - Started process (PID=260) to work on /opt/airflow/dags/dag_with_python_dependencies.py
[2023-06-09T15:36:19.427+0000] {processor.py:826} INFO - Processing file /opt/airflow/dags/dag_with_python_dependencies.py for tasks to queue
[2023-06-09T15:36:19.428+0000] {logging_mixin.py:149} INFO - [2023-06-09T15:36:19.428+0000] {dagbag.py:541} INFO - Filling up the DagBag from /opt/airflow/dags/dag_with_python_dependencies.py
[2023-06-09T15:36:19.440+0000] {processor.py:836} INFO - DAG(s) dict_keys(['dag_with_python_dependencies_v04']) retrieved from /opt/airflow/dags/dag_with_python_dependencies.py
[2023-06-09T15:36:19.466+0000] {logging_mixin.py:149} INFO - [2023-06-09T15:36:19.466+0000] {dag.py:2726} INFO - Sync 1 DAGs
[2023-06-09T15:36:19.565+0000] {logging_mixin.py:149} INFO - [2023-06-09T15:36:19.565+0000] {dag.py:3490} INFO - Setting next_dagrun for dag_with_python_dependencies_v04 to 2023-06-09T00:00:00+00:00, run_after=2023-06-10T00:00:00+00:00
[2023-06-09T15:36:19.574+0000] {processor.py:179} INFO - Processing /opt/airflow/dags/dag_with_python_dependencies.py took 0.153 seconds
[2023-06-09T15:36:50.393+0000] {processor.py:157} INFO - Started process (PID=303) to work on /opt/airflow/dags/dag_with_python_dependencies.py
[2023-06-09T15:36:50.395+0000] {processor.py:826} INFO - Processing file /opt/airflow/dags/dag_with_python_dependencies.py for tasks to queue
[2023-06-09T15:36:50.396+0000] {logging_mixin.py:149} INFO - [2023-06-09T15:36:50.396+0000] {dagbag.py:541} INFO - Filling up the DagBag from /opt/airflow/dags/dag_with_python_dependencies.py
[2023-06-09T15:36:50.407+0000] {processor.py:836} INFO - DAG(s) dict_keys(['dag_with_python_dependencies_v04']) retrieved from /opt/airflow/dags/dag_with_python_dependencies.py
[2023-06-09T15:36:50.433+0000] {logging_mixin.py:149} INFO - [2023-06-09T15:36:50.433+0000] {dag.py:2726} INFO - Sync 1 DAGs
[2023-06-09T15:36:50.530+0000] {logging_mixin.py:149} INFO - [2023-06-09T15:36:50.530+0000] {dag.py:3490} INFO - Setting next_dagrun for dag_with_python_dependencies_v04 to 2023-06-09T00:00:00+00:00, run_after=2023-06-10T00:00:00+00:00
[2023-06-09T15:36:50.541+0000] {processor.py:179} INFO - Processing /opt/airflow/dags/dag_with_python_dependencies.py took 0.152 seconds
[2023-06-09T15:37:21.239+0000] {processor.py:157} INFO - Started process (PID=345) to work on /opt/airflow/dags/dag_with_python_dependencies.py
[2023-06-09T15:37:21.242+0000] {processor.py:826} INFO - Processing file /opt/airflow/dags/dag_with_python_dependencies.py for tasks to queue
[2023-06-09T15:37:21.243+0000] {logging_mixin.py:149} INFO - [2023-06-09T15:37:21.243+0000] {dagbag.py:541} INFO - Filling up the DagBag from /opt/airflow/dags/dag_with_python_dependencies.py
[2023-06-09T15:37:21.254+0000] {processor.py:836} INFO - DAG(s) dict_keys(['dag_with_python_dependencies_v04']) retrieved from /opt/airflow/dags/dag_with_python_dependencies.py
[2023-06-09T15:37:21.358+0000] {logging_mixin.py:149} INFO - [2023-06-09T15:37:21.358+0000] {dag.py:2726} INFO - Sync 1 DAGs
[2023-06-09T15:37:21.372+0000] {logging_mixin.py:149} INFO - [2023-06-09T15:37:21.372+0000] {dag.py:3490} INFO - Setting next_dagrun for dag_with_python_dependencies_v04 to 2023-06-09T00:00:00+00:00, run_after=2023-06-10T00:00:00+00:00
[2023-06-09T15:37:21.381+0000] {processor.py:179} INFO - Processing /opt/airflow/dags/dag_with_python_dependencies.py took 0.147 seconds
[2023-06-09T15:37:52.153+0000] {processor.py:157} INFO - Started process (PID=387) to work on /opt/airflow/dags/dag_with_python_dependencies.py
[2023-06-09T15:37:52.155+0000] {processor.py:826} INFO - Processing file /opt/airflow/dags/dag_with_python_dependencies.py for tasks to queue
[2023-06-09T15:37:52.157+0000] {logging_mixin.py:149} INFO - [2023-06-09T15:37:52.156+0000] {dagbag.py:541} INFO - Filling up the DagBag from /opt/airflow/dags/dag_with_python_dependencies.py
[2023-06-09T15:37:52.253+0000] {processor.py:836} INFO - DAG(s) dict_keys(['dag_with_python_dependencies_v04']) retrieved from /opt/airflow/dags/dag_with_python_dependencies.py
[2023-06-09T15:37:52.270+0000] {logging_mixin.py:149} INFO - [2023-06-09T15:37:52.270+0000] {dag.py:2726} INFO - Sync 1 DAGs
[2023-06-09T15:37:52.283+0000] {logging_mixin.py:149} INFO - [2023-06-09T15:37:52.282+0000] {dag.py:3490} INFO - Setting next_dagrun for dag_with_python_dependencies_v04 to 2023-06-09T00:00:00+00:00, run_after=2023-06-10T00:00:00+00:00
[2023-06-09T15:37:52.292+0000] {processor.py:179} INFO - Processing /opt/airflow/dags/dag_with_python_dependencies.py took 0.144 seconds
[2023-06-09T15:38:22.783+0000] {processor.py:157} INFO - Started process (PID=429) to work on /opt/airflow/dags/dag_with_python_dependencies.py
[2023-06-09T15:38:22.785+0000] {processor.py:826} INFO - Processing file /opt/airflow/dags/dag_with_python_dependencies.py for tasks to queue
[2023-06-09T15:38:22.786+0000] {logging_mixin.py:149} INFO - [2023-06-09T15:38:22.786+0000] {dagbag.py:541} INFO - Filling up the DagBag from /opt/airflow/dags/dag_with_python_dependencies.py
[2023-06-09T15:38:22.799+0000] {processor.py:836} INFO - DAG(s) dict_keys(['dag_with_python_dependencies_v04']) retrieved from /opt/airflow/dags/dag_with_python_dependencies.py
[2023-06-09T15:38:22.822+0000] {logging_mixin.py:149} INFO - [2023-06-09T15:38:22.822+0000] {dag.py:2726} INFO - Sync 1 DAGs
[2023-06-09T15:38:22.840+0000] {logging_mixin.py:149} INFO - [2023-06-09T15:38:22.839+0000] {dag.py:3490} INFO - Setting next_dagrun for dag_with_python_dependencies_v04 to 2023-06-09T00:00:00+00:00, run_after=2023-06-10T00:00:00+00:00
[2023-06-09T15:38:22.849+0000] {processor.py:179} INFO - Processing /opt/airflow/dags/dag_with_python_dependencies.py took 0.070 seconds
[2023-06-09T15:38:53.311+0000] {processor.py:157} INFO - Started process (PID=470) to work on /opt/airflow/dags/dag_with_python_dependencies.py
[2023-06-09T15:38:53.314+0000] {processor.py:826} INFO - Processing file /opt/airflow/dags/dag_with_python_dependencies.py for tasks to queue
[2023-06-09T15:38:53.315+0000] {logging_mixin.py:149} INFO - [2023-06-09T15:38:53.315+0000] {dagbag.py:541} INFO - Filling up the DagBag from /opt/airflow/dags/dag_with_python_dependencies.py
[2023-06-09T15:38:53.330+0000] {processor.py:836} INFO - DAG(s) dict_keys(['dag_with_python_dependencies_v04']) retrieved from /opt/airflow/dags/dag_with_python_dependencies.py
[2023-06-09T15:38:53.354+0000] {logging_mixin.py:149} INFO - [2023-06-09T15:38:53.354+0000] {dag.py:2726} INFO - Sync 1 DAGs
[2023-06-09T15:38:53.372+0000] {logging_mixin.py:149} INFO - [2023-06-09T15:38:53.372+0000] {dag.py:3490} INFO - Setting next_dagrun for dag_with_python_dependencies_v04 to 2023-06-09T00:00:00+00:00, run_after=2023-06-10T00:00:00+00:00
[2023-06-09T15:38:53.382+0000] {processor.py:179} INFO - Processing /opt/airflow/dags/dag_with_python_dependencies.py took 0.075 seconds
[2023-06-09T15:39:23.860+0000] {processor.py:157} INFO - Started process (PID=512) to work on /opt/airflow/dags/dag_with_python_dependencies.py
[2023-06-09T15:39:23.862+0000] {processor.py:826} INFO - Processing file /opt/airflow/dags/dag_with_python_dependencies.py for tasks to queue
[2023-06-09T15:39:23.863+0000] {logging_mixin.py:149} INFO - [2023-06-09T15:39:23.863+0000] {dagbag.py:541} INFO - Filling up the DagBag from /opt/airflow/dags/dag_with_python_dependencies.py
[2023-06-09T15:39:23.874+0000] {processor.py:836} INFO - DAG(s) dict_keys(['dag_with_python_dependencies_v04']) retrieved from /opt/airflow/dags/dag_with_python_dependencies.py
[2023-06-09T15:39:23.899+0000] {logging_mixin.py:149} INFO - [2023-06-09T15:39:23.899+0000] {dag.py:2726} INFO - Sync 1 DAGs
[2023-06-09T15:39:23.917+0000] {logging_mixin.py:149} INFO - [2023-06-09T15:39:23.917+0000] {dag.py:3490} INFO - Setting next_dagrun for dag_with_python_dependencies_v04 to 2023-06-09T00:00:00+00:00, run_after=2023-06-10T00:00:00+00:00
[2023-06-09T15:39:23.928+0000] {processor.py:179} INFO - Processing /opt/airflow/dags/dag_with_python_dependencies.py took 0.072 seconds
[2023-06-09T15:39:24.975+0000] {processor.py:157} INFO - Started process (PID=522) to work on /opt/airflow/dags/dag_with_python_dependencies.py
[2023-06-09T15:39:24.976+0000] {processor.py:826} INFO - Processing file /opt/airflow/dags/dag_with_python_dependencies.py for tasks to queue
[2023-06-09T15:39:24.977+0000] {logging_mixin.py:149} INFO - [2023-06-09T15:39:24.977+0000] {dagbag.py:541} INFO - Filling up the DagBag from /opt/airflow/dags/dag_with_python_dependencies.py
[2023-06-09T15:39:24.992+0000] {processor.py:836} INFO - DAG(s) dict_keys(['dag_with_python_dependencies_v05']) retrieved from /opt/airflow/dags/dag_with_python_dependencies.py
[2023-06-09T15:39:25.105+0000] {logging_mixin.py:149} INFO - [2023-06-09T15:39:25.105+0000] {manager.py:504} INFO - Created Permission View: can read on DAG:dag_with_python_dependencies_v05
[2023-06-09T15:39:25.109+0000] {logging_mixin.py:149} INFO - [2023-06-09T15:39:25.109+0000] {manager.py:504} INFO - Created Permission View: can edit on DAG:dag_with_python_dependencies_v05
[2023-06-09T15:39:25.112+0000] {logging_mixin.py:149} INFO - [2023-06-09T15:39:25.112+0000] {manager.py:504} INFO - Created Permission View: can delete on DAG:dag_with_python_dependencies_v05
[2023-06-09T15:39:25.113+0000] {logging_mixin.py:149} INFO - [2023-06-09T15:39:25.113+0000] {dag.py:2726} INFO - Sync 1 DAGs
[2023-06-09T15:39:25.119+0000] {logging_mixin.py:149} INFO - [2023-06-09T15:39:25.119+0000] {dag.py:2747} INFO - Creating ORM DAG for dag_with_python_dependencies_v05
[2023-06-09T15:39:25.126+0000] {logging_mixin.py:149} INFO - [2023-06-09T15:39:25.126+0000] {dag.py:3490} INFO - Setting next_dagrun for dag_with_python_dependencies_v05 to 2023-06-07T00:00:00+00:00, run_after=2023-06-08T00:00:00+00:00
[2023-06-09T15:39:25.135+0000] {processor.py:179} INFO - Processing /opt/airflow/dags/dag_with_python_dependencies.py took 0.163 seconds
[2023-06-09T15:39:35.343+0000] {processor.py:157} INFO - Started process (PID=552) to work on /opt/airflow/dags/dag_with_python_dependencies.py
[2023-06-09T15:39:35.344+0000] {processor.py:826} INFO - Processing file /opt/airflow/dags/dag_with_python_dependencies.py for tasks to queue
[2023-06-09T15:39:35.345+0000] {logging_mixin.py:149} INFO - [2023-06-09T15:39:35.345+0000] {dagbag.py:541} INFO - Filling up the DagBag from /opt/airflow/dags/dag_with_python_dependencies.py
[2023-06-09T15:39:35.361+0000] {processor.py:836} INFO - DAG(s) dict_keys(['dag_with_python_dependencies_v05']) retrieved from /opt/airflow/dags/dag_with_python_dependencies.py
[2023-06-09T15:39:35.373+0000] {logging_mixin.py:149} INFO - [2023-06-09T15:39:35.373+0000] {dag.py:2726} INFO - Sync 1 DAGs
[2023-06-09T15:39:35.392+0000] {logging_mixin.py:149} INFO - [2023-06-09T15:39:35.391+0000] {dag.py:3490} INFO - Setting next_dagrun for dag_with_python_dependencies_v05 to 2023-06-07T00:00:00+00:00, run_after=2023-06-08T00:00:00+00:00
[2023-06-09T15:39:35.405+0000] {processor.py:179} INFO - Processing /opt/airflow/dags/dag_with_python_dependencies.py took 0.065 seconds
[2023-06-09T15:40:05.837+0000] {processor.py:157} INFO - Started process (PID=617) to work on /opt/airflow/dags/dag_with_python_dependencies.py
[2023-06-09T15:40:05.839+0000] {processor.py:826} INFO - Processing file /opt/airflow/dags/dag_with_python_dependencies.py for tasks to queue
[2023-06-09T15:40:05.840+0000] {logging_mixin.py:149} INFO - [2023-06-09T15:40:05.839+0000] {dagbag.py:541} INFO - Filling up the DagBag from /opt/airflow/dags/dag_with_python_dependencies.py
[2023-06-09T15:40:05.852+0000] {processor.py:836} INFO - DAG(s) dict_keys(['dag_with_python_dependencies_v05']) retrieved from /opt/airflow/dags/dag_with_python_dependencies.py
[2023-06-09T15:40:05.876+0000] {logging_mixin.py:149} INFO - [2023-06-09T15:40:05.876+0000] {dag.py:2726} INFO - Sync 1 DAGs
[2023-06-09T15:40:05.893+0000] {logging_mixin.py:149} INFO - [2023-06-09T15:40:05.893+0000] {dag.py:3490} INFO - Setting next_dagrun for dag_with_python_dependencies_v05 to 2023-06-09T00:00:00+00:00, run_after=2023-06-10T00:00:00+00:00
[2023-06-09T15:40:05.904+0000] {processor.py:179} INFO - Processing /opt/airflow/dags/dag_with_python_dependencies.py took 0.071 seconds
[2023-06-09T15:40:07.905+0000] {processor.py:157} INFO - Started process (PID=622) to work on /opt/airflow/dags/dag_with_python_dependencies.py
[2023-06-09T15:40:07.907+0000] {processor.py:826} INFO - Processing file /opt/airflow/dags/dag_with_python_dependencies.py for tasks to queue
[2023-06-09T15:40:07.908+0000] {logging_mixin.py:149} INFO - [2023-06-09T15:40:07.908+0000] {dagbag.py:541} INFO - Filling up the DagBag from /opt/airflow/dags/dag_with_python_dependencies.py
[2023-06-09T15:40:07.925+0000] {processor.py:836} INFO - DAG(s) dict_keys(['dag_with_python_dependencies_v05']) retrieved from /opt/airflow/dags/dag_with_python_dependencies.py
[2023-06-09T15:40:07.951+0000] {logging_mixin.py:149} INFO - [2023-06-09T15:40:07.951+0000] {dag.py:2726} INFO - Sync 1 DAGs
[2023-06-09T15:40:07.967+0000] {logging_mixin.py:149} INFO - [2023-06-09T15:40:07.967+0000] {dag.py:3490} INFO - Setting next_dagrun for dag_with_python_dependencies_v05 to 2023-06-09T00:00:00+00:00, run_after=2023-06-10T00:00:00+00:00
[2023-06-09T15:40:07.981+0000] {processor.py:179} INFO - Processing /opt/airflow/dags/dag_with_python_dependencies.py took 0.081 seconds
[2023-06-09T15:40:38.533+0000] {processor.py:157} INFO - Started process (PID=664) to work on /opt/airflow/dags/dag_with_python_dependencies.py
[2023-06-09T15:40:38.535+0000] {processor.py:826} INFO - Processing file /opt/airflow/dags/dag_with_python_dependencies.py for tasks to queue
[2023-06-09T15:40:38.536+0000] {logging_mixin.py:149} INFO - [2023-06-09T15:40:38.536+0000] {dagbag.py:541} INFO - Filling up the DagBag from /opt/airflow/dags/dag_with_python_dependencies.py
[2023-06-09T15:40:38.549+0000] {processor.py:836} INFO - DAG(s) dict_keys(['dag_with_python_dependencies_v05']) retrieved from /opt/airflow/dags/dag_with_python_dependencies.py
[2023-06-09T15:40:38.575+0000] {logging_mixin.py:149} INFO - [2023-06-09T15:40:38.575+0000] {dag.py:2726} INFO - Sync 1 DAGs
[2023-06-09T15:40:38.591+0000] {logging_mixin.py:149} INFO - [2023-06-09T15:40:38.591+0000] {dag.py:3490} INFO - Setting next_dagrun for dag_with_python_dependencies_v05 to 2023-06-09T00:00:00+00:00, run_after=2023-06-10T00:00:00+00:00
[2023-06-09T15:40:38.602+0000] {processor.py:179} INFO - Processing /opt/airflow/dags/dag_with_python_dependencies.py took 0.072 seconds
[2023-06-09T15:40:49.641+0000] {processor.py:157} INFO - Started process (PID=677) to work on /opt/airflow/dags/dag_with_python_dependencies.py
[2023-06-09T15:40:49.643+0000] {processor.py:826} INFO - Processing file /opt/airflow/dags/dag_with_python_dependencies.py for tasks to queue
[2023-06-09T15:40:49.644+0000] {logging_mixin.py:149} INFO - [2023-06-09T15:40:49.643+0000] {dagbag.py:541} INFO - Filling up the DagBag from /opt/airflow/dags/dag_with_python_dependencies.py
[2023-06-09T15:40:49.660+0000] {processor.py:836} INFO - DAG(s) dict_keys(['dag_with_python_dependencies_v05']) retrieved from /opt/airflow/dags/dag_with_python_dependencies.py
[2023-06-09T15:40:49.707+0000] {logging_mixin.py:149} INFO - [2023-06-09T15:40:49.707+0000] {dag.py:2726} INFO - Sync 1 DAGs
[2023-06-09T15:40:49.721+0000] {logging_mixin.py:149} INFO - [2023-06-09T15:40:49.721+0000] {dag.py:3490} INFO - Setting next_dagrun for dag_with_python_dependencies_v05 to 2023-06-09T00:00:00+00:00, run_after=2023-06-10T00:00:00+00:00
[2023-06-09T15:40:49.732+0000] {processor.py:179} INFO - Processing /opt/airflow/dags/dag_with_python_dependencies.py took 0.095 seconds
[2023-06-09T15:40:56.795+0000] {processor.py:157} INFO - Started process (PID=687) to work on /opt/airflow/dags/dag_with_python_dependencies.py
[2023-06-09T15:40:56.797+0000] {processor.py:826} INFO - Processing file /opt/airflow/dags/dag_with_python_dependencies.py for tasks to queue
[2023-06-09T15:40:56.798+0000] {logging_mixin.py:149} INFO - [2023-06-09T15:40:56.798+0000] {dagbag.py:541} INFO - Filling up the DagBag from /opt/airflow/dags/dag_with_python_dependencies.py
[2023-06-09T15:40:56.815+0000] {processor.py:836} INFO - DAG(s) dict_keys(['dag_with_python_dependencies_v05']) retrieved from /opt/airflow/dags/dag_with_python_dependencies.py
[2023-06-09T15:40:56.832+0000] {logging_mixin.py:149} INFO - [2023-06-09T15:40:56.832+0000] {dag.py:2726} INFO - Sync 1 DAGs
[2023-06-09T15:40:56.867+0000] {logging_mixin.py:149} INFO - [2023-06-09T15:40:56.867+0000] {dag.py:3490} INFO - Setting next_dagrun for dag_with_python_dependencies_v05 to 2023-06-09T00:00:00+00:00, run_after=2023-06-10T00:00:00+00:00
[2023-06-09T15:40:56.881+0000] {processor.py:179} INFO - Processing /opt/airflow/dags/dag_with_python_dependencies.py took 0.091 seconds
[2023-06-09T15:41:27.360+0000] {processor.py:157} INFO - Started process (PID=745) to work on /opt/airflow/dags/dag_with_python_dependencies.py
[2023-06-09T15:41:27.361+0000] {processor.py:826} INFO - Processing file /opt/airflow/dags/dag_with_python_dependencies.py for tasks to queue
[2023-06-09T15:41:27.362+0000] {logging_mixin.py:149} INFO - [2023-06-09T15:41:27.362+0000] {dagbag.py:541} INFO - Filling up the DagBag from /opt/airflow/dags/dag_with_python_dependencies.py
[2023-06-09T15:41:27.371+0000] {processor.py:836} INFO - DAG(s) dict_keys(['dag_with_python_dependencies_v05']) retrieved from /opt/airflow/dags/dag_with_python_dependencies.py
[2023-06-09T15:41:27.391+0000] {logging_mixin.py:149} INFO - [2023-06-09T15:41:27.391+0000] {dag.py:2726} INFO - Sync 1 DAGs
[2023-06-09T15:41:27.406+0000] {logging_mixin.py:149} INFO - [2023-06-09T15:41:27.406+0000] {dag.py:3490} INFO - Setting next_dagrun for dag_with_python_dependencies_v05 to 2023-06-09T00:00:00+00:00, run_after=2023-06-10T00:00:00+00:00
[2023-06-09T15:41:27.417+0000] {processor.py:179} INFO - Processing /opt/airflow/dags/dag_with_python_dependencies.py took 0.060 seconds
[2023-06-09T15:41:57.963+0000] {processor.py:157} INFO - Started process (PID=787) to work on /opt/airflow/dags/dag_with_python_dependencies.py
[2023-06-09T15:41:57.965+0000] {processor.py:826} INFO - Processing file /opt/airflow/dags/dag_with_python_dependencies.py for tasks to queue
[2023-06-09T15:41:57.965+0000] {logging_mixin.py:149} INFO - [2023-06-09T15:41:57.965+0000] {dagbag.py:541} INFO - Filling up the DagBag from /opt/airflow/dags/dag_with_python_dependencies.py
[2023-06-09T15:41:57.975+0000] {processor.py:836} INFO - DAG(s) dict_keys(['dag_with_python_dependencies_v05']) retrieved from /opt/airflow/dags/dag_with_python_dependencies.py
[2023-06-09T15:41:57.997+0000] {logging_mixin.py:149} INFO - [2023-06-09T15:41:57.997+0000] {dag.py:2726} INFO - Sync 1 DAGs
[2023-06-09T15:41:58.013+0000] {logging_mixin.py:149} INFO - [2023-06-09T15:41:58.013+0000] {dag.py:3490} INFO - Setting next_dagrun for dag_with_python_dependencies_v05 to 2023-06-09T00:00:00+00:00, run_after=2023-06-10T00:00:00+00:00
[2023-06-09T15:41:58.024+0000] {processor.py:179} INFO - Processing /opt/airflow/dags/dag_with_python_dependencies.py took 0.064 seconds
[2023-06-09T16:00:07.926+0000] {processor.py:157} INFO - Started process (PID=164) to work on /opt/airflow/dags/dag_with_python_dependencies.py
[2023-06-09T16:00:07.927+0000] {processor.py:826} INFO - Processing file /opt/airflow/dags/dag_with_python_dependencies.py for tasks to queue
[2023-06-09T16:00:07.928+0000] {logging_mixin.py:149} INFO - [2023-06-09T16:00:07.928+0000] {dagbag.py:541} INFO - Filling up the DagBag from /opt/airflow/dags/dag_with_python_dependencies.py
[2023-06-09T16:00:07.941+0000] {processor.py:836} INFO - DAG(s) dict_keys(['dag_with_python_dependencies_v05']) retrieved from /opt/airflow/dags/dag_with_python_dependencies.py
[2023-06-09T16:00:08.014+0000] {logging_mixin.py:149} INFO - [2023-06-09T16:00:08.013+0000] {dag.py:2726} INFO - Sync 1 DAGs
[2023-06-09T16:00:08.035+0000] {logging_mixin.py:149} INFO - [2023-06-09T16:00:08.035+0000] {dag.py:3490} INFO - Setting next_dagrun for dag_with_python_dependencies_v05 to 2023-06-09T00:00:00+00:00, run_after=2023-06-10T00:00:00+00:00
[2023-06-09T16:00:08.051+0000] {processor.py:179} INFO - Processing /opt/airflow/dags/dag_with_python_dependencies.py took 0.127 seconds
[2023-06-09T16:00:38.863+0000] {processor.py:157} INFO - Started process (PID=218) to work on /opt/airflow/dags/dag_with_python_dependencies.py
[2023-06-09T16:00:38.865+0000] {processor.py:826} INFO - Processing file /opt/airflow/dags/dag_with_python_dependencies.py for tasks to queue
[2023-06-09T16:00:38.866+0000] {logging_mixin.py:149} INFO - [2023-06-09T16:00:38.866+0000] {dagbag.py:541} INFO - Filling up the DagBag from /opt/airflow/dags/dag_with_python_dependencies.py
[2023-06-09T16:00:38.880+0000] {processor.py:836} INFO - DAG(s) dict_keys(['dag_with_python_dependencies_v05']) retrieved from /opt/airflow/dags/dag_with_python_dependencies.py
[2023-06-09T16:00:38.904+0000] {logging_mixin.py:149} INFO - [2023-06-09T16:00:38.904+0000] {dag.py:2726} INFO - Sync 1 DAGs
[2023-06-09T16:00:39.001+0000] {logging_mixin.py:149} INFO - [2023-06-09T16:00:39.001+0000] {dag.py:3490} INFO - Setting next_dagrun for dag_with_python_dependencies_v05 to 2023-06-09T00:00:00+00:00, run_after=2023-06-10T00:00:00+00:00
[2023-06-09T16:00:39.011+0000] {processor.py:179} INFO - Processing /opt/airflow/dags/dag_with_python_dependencies.py took 0.154 seconds
[2023-06-09T16:01:09.783+0000] {processor.py:157} INFO - Started process (PID=260) to work on /opt/airflow/dags/dag_with_python_dependencies.py
[2023-06-09T16:01:09.784+0000] {processor.py:826} INFO - Processing file /opt/airflow/dags/dag_with_python_dependencies.py for tasks to queue
[2023-06-09T16:01:09.785+0000] {logging_mixin.py:149} INFO - [2023-06-09T16:01:09.785+0000] {dagbag.py:541} INFO - Filling up the DagBag from /opt/airflow/dags/dag_with_python_dependencies.py
[2023-06-09T16:01:09.796+0000] {processor.py:836} INFO - DAG(s) dict_keys(['dag_with_python_dependencies_v05']) retrieved from /opt/airflow/dags/dag_with_python_dependencies.py
[2023-06-09T16:01:09.821+0000] {logging_mixin.py:149} INFO - [2023-06-09T16:01:09.821+0000] {dag.py:2726} INFO - Sync 1 DAGs
[2023-06-09T16:01:09.921+0000] {logging_mixin.py:149} INFO - [2023-06-09T16:01:09.921+0000] {dag.py:3490} INFO - Setting next_dagrun for dag_with_python_dependencies_v05 to 2023-06-09T00:00:00+00:00, run_after=2023-06-10T00:00:00+00:00
[2023-06-09T16:01:09.931+0000] {processor.py:179} INFO - Processing /opt/airflow/dags/dag_with_python_dependencies.py took 0.151 seconds
[2023-06-09T16:01:40.687+0000] {processor.py:157} INFO - Started process (PID=302) to work on /opt/airflow/dags/dag_with_python_dependencies.py
[2023-06-09T16:01:40.689+0000] {processor.py:826} INFO - Processing file /opt/airflow/dags/dag_with_python_dependencies.py for tasks to queue
[2023-06-09T16:01:40.690+0000] {logging_mixin.py:149} INFO - [2023-06-09T16:01:40.690+0000] {dagbag.py:541} INFO - Filling up the DagBag from /opt/airflow/dags/dag_with_python_dependencies.py
[2023-06-09T16:01:40.699+0000] {processor.py:836} INFO - DAG(s) dict_keys(['dag_with_python_dependencies_v05']) retrieved from /opt/airflow/dags/dag_with_python_dependencies.py
[2023-06-09T16:01:40.803+0000] {logging_mixin.py:149} INFO - [2023-06-09T16:01:40.803+0000] {dag.py:2726} INFO - Sync 1 DAGs
[2023-06-09T16:01:40.817+0000] {logging_mixin.py:149} INFO - [2023-06-09T16:01:40.816+0000] {dag.py:3490} INFO - Setting next_dagrun for dag_with_python_dependencies_v05 to 2023-06-09T00:00:00+00:00, run_after=2023-06-10T00:00:00+00:00
[2023-06-09T16:01:40.826+0000] {processor.py:179} INFO - Processing /opt/airflow/dags/dag_with_python_dependencies.py took 0.142 seconds
[2023-06-09T16:02:11.485+0000] {processor.py:157} INFO - Started process (PID=344) to work on /opt/airflow/dags/dag_with_python_dependencies.py
[2023-06-09T16:02:11.488+0000] {processor.py:826} INFO - Processing file /opt/airflow/dags/dag_with_python_dependencies.py for tasks to queue
[2023-06-09T16:02:11.489+0000] {logging_mixin.py:149} INFO - [2023-06-09T16:02:11.489+0000] {dagbag.py:541} INFO - Filling up the DagBag from /opt/airflow/dags/dag_with_python_dependencies.py
[2023-06-09T16:02:11.502+0000] {processor.py:836} INFO - DAG(s) dict_keys(['dag_with_python_dependencies_v05']) retrieved from /opt/airflow/dags/dag_with_python_dependencies.py
[2023-06-09T16:02:11.613+0000] {logging_mixin.py:149} INFO - [2023-06-09T16:02:11.613+0000] {dag.py:2726} INFO - Sync 1 DAGs
[2023-06-09T16:02:11.628+0000] {logging_mixin.py:149} INFO - [2023-06-09T16:02:11.628+0000] {dag.py:3490} INFO - Setting next_dagrun for dag_with_python_dependencies_v05 to 2023-06-09T00:00:00+00:00, run_after=2023-06-10T00:00:00+00:00
[2023-06-09T16:02:11.638+0000] {processor.py:179} INFO - Processing /opt/airflow/dags/dag_with_python_dependencies.py took 0.157 seconds
[2023-06-09T16:02:42.566+0000] {processor.py:157} INFO - Started process (PID=386) to work on /opt/airflow/dags/dag_with_python_dependencies.py
[2023-06-09T16:02:42.568+0000] {processor.py:826} INFO - Processing file /opt/airflow/dags/dag_with_python_dependencies.py for tasks to queue
[2023-06-09T16:02:42.569+0000] {logging_mixin.py:149} INFO - [2023-06-09T16:02:42.569+0000] {dagbag.py:541} INFO - Filling up the DagBag from /opt/airflow/dags/dag_with_python_dependencies.py
[2023-06-09T16:02:42.580+0000] {processor.py:836} INFO - DAG(s) dict_keys(['dag_with_python_dependencies_v05']) retrieved from /opt/airflow/dags/dag_with_python_dependencies.py
[2023-06-09T16:02:42.606+0000] {logging_mixin.py:149} INFO - [2023-06-09T16:02:42.605+0000] {dag.py:2726} INFO - Sync 1 DAGs
[2023-06-09T16:02:42.622+0000] {logging_mixin.py:149} INFO - [2023-06-09T16:02:42.622+0000] {dag.py:3490} INFO - Setting next_dagrun for dag_with_python_dependencies_v05 to 2023-06-09T00:00:00+00:00, run_after=2023-06-10T00:00:00+00:00
[2023-06-09T16:02:42.633+0000] {processor.py:179} INFO - Processing /opt/airflow/dags/dag_with_python_dependencies.py took 0.070 seconds
[2023-06-09T16:03:13.127+0000] {processor.py:157} INFO - Started process (PID=428) to work on /opt/airflow/dags/dag_with_python_dependencies.py
[2023-06-09T16:03:13.129+0000] {processor.py:826} INFO - Processing file /opt/airflow/dags/dag_with_python_dependencies.py for tasks to queue
[2023-06-09T16:03:13.130+0000] {logging_mixin.py:149} INFO - [2023-06-09T16:03:13.130+0000] {dagbag.py:541} INFO - Filling up the DagBag from /opt/airflow/dags/dag_with_python_dependencies.py
[2023-06-09T16:03:13.141+0000] {processor.py:836} INFO - DAG(s) dict_keys(['dag_with_python_dependencies_v05']) retrieved from /opt/airflow/dags/dag_with_python_dependencies.py
[2023-06-09T16:03:13.164+0000] {logging_mixin.py:149} INFO - [2023-06-09T16:03:13.164+0000] {dag.py:2726} INFO - Sync 1 DAGs
[2023-06-09T16:03:13.181+0000] {logging_mixin.py:149} INFO - [2023-06-09T16:03:13.181+0000] {dag.py:3490} INFO - Setting next_dagrun for dag_with_python_dependencies_v05 to 2023-06-09T00:00:00+00:00, run_after=2023-06-10T00:00:00+00:00
[2023-06-09T16:03:13.192+0000] {processor.py:179} INFO - Processing /opt/airflow/dags/dag_with_python_dependencies.py took 0.068 seconds
[2023-06-09T16:03:43.779+0000] {processor.py:157} INFO - Started process (PID=470) to work on /opt/airflow/dags/dag_with_python_dependencies.py
[2023-06-09T16:03:43.780+0000] {processor.py:826} INFO - Processing file /opt/airflow/dags/dag_with_python_dependencies.py for tasks to queue
[2023-06-09T16:03:43.782+0000] {logging_mixin.py:149} INFO - [2023-06-09T16:03:43.782+0000] {dagbag.py:541} INFO - Filling up the DagBag from /opt/airflow/dags/dag_with_python_dependencies.py
[2023-06-09T16:03:43.796+0000] {processor.py:836} INFO - DAG(s) dict_keys(['dag_with_python_dependencies_v05']) retrieved from /opt/airflow/dags/dag_with_python_dependencies.py
[2023-06-09T16:03:43.824+0000] {logging_mixin.py:149} INFO - [2023-06-09T16:03:43.824+0000] {dag.py:2726} INFO - Sync 1 DAGs
[2023-06-09T16:03:43.841+0000] {logging_mixin.py:149} INFO - [2023-06-09T16:03:43.841+0000] {dag.py:3490} INFO - Setting next_dagrun for dag_with_python_dependencies_v05 to 2023-06-09T00:00:00+00:00, run_after=2023-06-10T00:00:00+00:00
[2023-06-09T16:03:43.853+0000] {processor.py:179} INFO - Processing /opt/airflow/dags/dag_with_python_dependencies.py took 0.078 seconds
[2023-06-09T16:04:14.452+0000] {processor.py:157} INFO - Started process (PID=512) to work on /opt/airflow/dags/dag_with_python_dependencies.py
[2023-06-09T16:04:14.454+0000] {processor.py:826} INFO - Processing file /opt/airflow/dags/dag_with_python_dependencies.py for tasks to queue
[2023-06-09T16:04:14.455+0000] {logging_mixin.py:149} INFO - [2023-06-09T16:04:14.455+0000] {dagbag.py:541} INFO - Filling up the DagBag from /opt/airflow/dags/dag_with_python_dependencies.py
[2023-06-09T16:04:14.469+0000] {processor.py:836} INFO - DAG(s) dict_keys(['dag_with_python_dependencies_v05']) retrieved from /opt/airflow/dags/dag_with_python_dependencies.py
[2023-06-09T16:04:14.496+0000] {logging_mixin.py:149} INFO - [2023-06-09T16:04:14.496+0000] {dag.py:2726} INFO - Sync 1 DAGs
[2023-06-09T16:04:14.514+0000] {logging_mixin.py:149} INFO - [2023-06-09T16:04:14.514+0000] {dag.py:3490} INFO - Setting next_dagrun for dag_with_python_dependencies_v05 to 2023-06-09T00:00:00+00:00, run_after=2023-06-10T00:00:00+00:00
[2023-06-09T16:04:14.525+0000] {processor.py:179} INFO - Processing /opt/airflow/dags/dag_with_python_dependencies.py took 0.077 seconds
[2023-06-09T16:04:45.077+0000] {processor.py:157} INFO - Started process (PID=554) to work on /opt/airflow/dags/dag_with_python_dependencies.py
[2023-06-09T16:04:45.078+0000] {processor.py:826} INFO - Processing file /opt/airflow/dags/dag_with_python_dependencies.py for tasks to queue
[2023-06-09T16:04:45.079+0000] {logging_mixin.py:149} INFO - [2023-06-09T16:04:45.079+0000] {dagbag.py:541} INFO - Filling up the DagBag from /opt/airflow/dags/dag_with_python_dependencies.py
[2023-06-09T16:04:45.093+0000] {processor.py:836} INFO - DAG(s) dict_keys(['dag_with_python_dependencies_v05']) retrieved from /opt/airflow/dags/dag_with_python_dependencies.py
[2023-06-09T16:04:45.122+0000] {logging_mixin.py:149} INFO - [2023-06-09T16:04:45.122+0000] {dag.py:2726} INFO - Sync 1 DAGs
[2023-06-09T16:04:45.142+0000] {logging_mixin.py:149} INFO - [2023-06-09T16:04:45.142+0000] {dag.py:3490} INFO - Setting next_dagrun for dag_with_python_dependencies_v05 to 2023-06-09T00:00:00+00:00, run_after=2023-06-10T00:00:00+00:00
[2023-06-09T16:04:45.156+0000] {processor.py:179} INFO - Processing /opt/airflow/dags/dag_with_python_dependencies.py took 0.083 seconds
[2023-06-09T16:05:15.690+0000] {processor.py:157} INFO - Started process (PID=596) to work on /opt/airflow/dags/dag_with_python_dependencies.py
[2023-06-09T16:05:15.692+0000] {processor.py:826} INFO - Processing file /opt/airflow/dags/dag_with_python_dependencies.py for tasks to queue
[2023-06-09T16:05:15.692+0000] {logging_mixin.py:149} INFO - [2023-06-09T16:05:15.692+0000] {dagbag.py:541} INFO - Filling up the DagBag from /opt/airflow/dags/dag_with_python_dependencies.py
[2023-06-09T16:05:15.703+0000] {processor.py:836} INFO - DAG(s) dict_keys(['dag_with_python_dependencies_v05']) retrieved from /opt/airflow/dags/dag_with_python_dependencies.py
[2023-06-09T16:05:15.726+0000] {logging_mixin.py:149} INFO - [2023-06-09T16:05:15.726+0000] {dag.py:2726} INFO - Sync 1 DAGs
[2023-06-09T16:05:15.743+0000] {logging_mixin.py:149} INFO - [2023-06-09T16:05:15.743+0000] {dag.py:3490} INFO - Setting next_dagrun for dag_with_python_dependencies_v05 to 2023-06-09T00:00:00+00:00, run_after=2023-06-10T00:00:00+00:00
[2023-06-09T16:05:15.754+0000] {processor.py:179} INFO - Processing /opt/airflow/dags/dag_with_python_dependencies.py took 0.068 seconds
[2023-06-09T16:05:46.383+0000] {processor.py:157} INFO - Started process (PID=638) to work on /opt/airflow/dags/dag_with_python_dependencies.py
[2023-06-09T16:05:46.386+0000] {processor.py:826} INFO - Processing file /opt/airflow/dags/dag_with_python_dependencies.py for tasks to queue
[2023-06-09T16:05:46.387+0000] {logging_mixin.py:149} INFO - [2023-06-09T16:05:46.387+0000] {dagbag.py:541} INFO - Filling up the DagBag from /opt/airflow/dags/dag_with_python_dependencies.py
[2023-06-09T16:05:46.401+0000] {processor.py:836} INFO - DAG(s) dict_keys(['dag_with_python_dependencies_v05']) retrieved from /opt/airflow/dags/dag_with_python_dependencies.py
[2023-06-09T16:05:46.429+0000] {logging_mixin.py:149} INFO - [2023-06-09T16:05:46.429+0000] {dag.py:2726} INFO - Sync 1 DAGs
[2023-06-09T16:05:46.448+0000] {logging_mixin.py:149} INFO - [2023-06-09T16:05:46.448+0000] {dag.py:3490} INFO - Setting next_dagrun for dag_with_python_dependencies_v05 to 2023-06-09T00:00:00+00:00, run_after=2023-06-10T00:00:00+00:00
[2023-06-09T16:05:46.459+0000] {processor.py:179} INFO - Processing /opt/airflow/dags/dag_with_python_dependencies.py took 0.080 seconds
[2023-06-09T16:06:17.112+0000] {processor.py:157} INFO - Started process (PID=680) to work on /opt/airflow/dags/dag_with_python_dependencies.py
[2023-06-09T16:06:17.114+0000] {processor.py:826} INFO - Processing file /opt/airflow/dags/dag_with_python_dependencies.py for tasks to queue
[2023-06-09T16:06:17.115+0000] {logging_mixin.py:149} INFO - [2023-06-09T16:06:17.114+0000] {dagbag.py:541} INFO - Filling up the DagBag from /opt/airflow/dags/dag_with_python_dependencies.py
[2023-06-09T16:06:17.127+0000] {processor.py:836} INFO - DAG(s) dict_keys(['dag_with_python_dependencies_v05']) retrieved from /opt/airflow/dags/dag_with_python_dependencies.py
[2023-06-09T16:06:17.153+0000] {logging_mixin.py:149} INFO - [2023-06-09T16:06:17.153+0000] {dag.py:2726} INFO - Sync 1 DAGs
[2023-06-09T16:06:17.170+0000] {logging_mixin.py:149} INFO - [2023-06-09T16:06:17.170+0000] {dag.py:3490} INFO - Setting next_dagrun for dag_with_python_dependencies_v05 to 2023-06-09T00:00:00+00:00, run_after=2023-06-10T00:00:00+00:00
[2023-06-09T16:06:17.180+0000] {processor.py:179} INFO - Processing /opt/airflow/dags/dag_with_python_dependencies.py took 0.072 seconds
[2023-06-09T16:06:47.760+0000] {processor.py:157} INFO - Started process (PID=722) to work on /opt/airflow/dags/dag_with_python_dependencies.py
[2023-06-09T16:06:47.762+0000] {processor.py:826} INFO - Processing file /opt/airflow/dags/dag_with_python_dependencies.py for tasks to queue
[2023-06-09T16:06:47.764+0000] {logging_mixin.py:149} INFO - [2023-06-09T16:06:47.763+0000] {dagbag.py:541} INFO - Filling up the DagBag from /opt/airflow/dags/dag_with_python_dependencies.py
[2023-06-09T16:06:47.778+0000] {processor.py:836} INFO - DAG(s) dict_keys(['dag_with_python_dependencies_v05']) retrieved from /opt/airflow/dags/dag_with_python_dependencies.py
[2023-06-09T16:06:47.804+0000] {logging_mixin.py:149} INFO - [2023-06-09T16:06:47.804+0000] {dag.py:2726} INFO - Sync 1 DAGs
[2023-06-09T16:06:47.820+0000] {logging_mixin.py:149} INFO - [2023-06-09T16:06:47.820+0000] {dag.py:3490} INFO - Setting next_dagrun for dag_with_python_dependencies_v05 to 2023-06-09T00:00:00+00:00, run_after=2023-06-10T00:00:00+00:00
[2023-06-09T16:06:47.830+0000] {processor.py:179} INFO - Processing /opt/airflow/dags/dag_with_python_dependencies.py took 0.076 seconds
[2023-06-09T16:07:18.287+0000] {processor.py:157} INFO - Started process (PID=764) to work on /opt/airflow/dags/dag_with_python_dependencies.py
[2023-06-09T16:07:18.289+0000] {processor.py:826} INFO - Processing file /opt/airflow/dags/dag_with_python_dependencies.py for tasks to queue
[2023-06-09T16:07:18.290+0000] {logging_mixin.py:149} INFO - [2023-06-09T16:07:18.290+0000] {dagbag.py:541} INFO - Filling up the DagBag from /opt/airflow/dags/dag_with_python_dependencies.py
[2023-06-09T16:07:18.302+0000] {processor.py:836} INFO - DAG(s) dict_keys(['dag_with_python_dependencies_v05']) retrieved from /opt/airflow/dags/dag_with_python_dependencies.py
[2023-06-09T16:07:18.329+0000] {logging_mixin.py:149} INFO - [2023-06-09T16:07:18.329+0000] {dag.py:2726} INFO - Sync 1 DAGs
[2023-06-09T16:07:18.346+0000] {logging_mixin.py:149} INFO - [2023-06-09T16:07:18.346+0000] {dag.py:3490} INFO - Setting next_dagrun for dag_with_python_dependencies_v05 to 2023-06-09T00:00:00+00:00, run_after=2023-06-10T00:00:00+00:00
[2023-06-09T16:07:18.356+0000] {processor.py:179} INFO - Processing /opt/airflow/dags/dag_with_python_dependencies.py took 0.073 seconds
[2023-06-09T16:07:48.932+0000] {processor.py:157} INFO - Started process (PID=806) to work on /opt/airflow/dags/dag_with_python_dependencies.py
[2023-06-09T16:07:48.933+0000] {processor.py:826} INFO - Processing file /opt/airflow/dags/dag_with_python_dependencies.py for tasks to queue
[2023-06-09T16:07:48.934+0000] {logging_mixin.py:149} INFO - [2023-06-09T16:07:48.934+0000] {dagbag.py:541} INFO - Filling up the DagBag from /opt/airflow/dags/dag_with_python_dependencies.py
[2023-06-09T16:07:48.945+0000] {processor.py:836} INFO - DAG(s) dict_keys(['dag_with_python_dependencies_v05']) retrieved from /opt/airflow/dags/dag_with_python_dependencies.py
[2023-06-09T16:07:48.970+0000] {logging_mixin.py:149} INFO - [2023-06-09T16:07:48.970+0000] {dag.py:2726} INFO - Sync 1 DAGs
[2023-06-09T16:07:48.985+0000] {logging_mixin.py:149} INFO - [2023-06-09T16:07:48.985+0000] {dag.py:3490} INFO - Setting next_dagrun for dag_with_python_dependencies_v05 to 2023-06-09T00:00:00+00:00, run_after=2023-06-10T00:00:00+00:00
[2023-06-09T16:07:48.996+0000] {processor.py:179} INFO - Processing /opt/airflow/dags/dag_with_python_dependencies.py took 0.067 seconds
[2023-06-09T16:08:19.513+0000] {processor.py:157} INFO - Started process (PID=848) to work on /opt/airflow/dags/dag_with_python_dependencies.py
[2023-06-09T16:08:19.515+0000] {processor.py:826} INFO - Processing file /opt/airflow/dags/dag_with_python_dependencies.py for tasks to queue
[2023-06-09T16:08:19.516+0000] {logging_mixin.py:149} INFO - [2023-06-09T16:08:19.516+0000] {dagbag.py:541} INFO - Filling up the DagBag from /opt/airflow/dags/dag_with_python_dependencies.py
[2023-06-09T16:08:19.528+0000] {processor.py:836} INFO - DAG(s) dict_keys(['dag_with_python_dependencies_v05']) retrieved from /opt/airflow/dags/dag_with_python_dependencies.py
[2023-06-09T16:08:19.551+0000] {logging_mixin.py:149} INFO - [2023-06-09T16:08:19.551+0000] {dag.py:2726} INFO - Sync 1 DAGs
[2023-06-09T16:08:19.567+0000] {logging_mixin.py:149} INFO - [2023-06-09T16:08:19.567+0000] {dag.py:3490} INFO - Setting next_dagrun for dag_with_python_dependencies_v05 to 2023-06-09T00:00:00+00:00, run_after=2023-06-10T00:00:00+00:00
[2023-06-09T16:08:19.578+0000] {processor.py:179} INFO - Processing /opt/airflow/dags/dag_with_python_dependencies.py took 0.068 seconds
[2023-06-09T16:08:50.125+0000] {processor.py:157} INFO - Started process (PID=890) to work on /opt/airflow/dags/dag_with_python_dependencies.py
[2023-06-09T16:08:50.127+0000] {processor.py:826} INFO - Processing file /opt/airflow/dags/dag_with_python_dependencies.py for tasks to queue
[2023-06-09T16:08:50.128+0000] {logging_mixin.py:149} INFO - [2023-06-09T16:08:50.128+0000] {dagbag.py:541} INFO - Filling up the DagBag from /opt/airflow/dags/dag_with_python_dependencies.py
[2023-06-09T16:08:50.139+0000] {processor.py:836} INFO - DAG(s) dict_keys(['dag_with_python_dependencies_v05']) retrieved from /opt/airflow/dags/dag_with_python_dependencies.py
[2023-06-09T16:08:50.164+0000] {logging_mixin.py:149} INFO - [2023-06-09T16:08:50.164+0000] {dag.py:2726} INFO - Sync 1 DAGs
[2023-06-09T16:08:50.180+0000] {logging_mixin.py:149} INFO - [2023-06-09T16:08:50.180+0000] {dag.py:3490} INFO - Setting next_dagrun for dag_with_python_dependencies_v05 to 2023-06-09T00:00:00+00:00, run_after=2023-06-10T00:00:00+00:00
[2023-06-09T16:08:50.191+0000] {processor.py:179} INFO - Processing /opt/airflow/dags/dag_with_python_dependencies.py took 0.070 seconds
[2023-06-09T16:09:20.745+0000] {processor.py:157} INFO - Started process (PID=933) to work on /opt/airflow/dags/dag_with_python_dependencies.py
[2023-06-09T16:09:20.747+0000] {processor.py:826} INFO - Processing file /opt/airflow/dags/dag_with_python_dependencies.py for tasks to queue
[2023-06-09T16:09:20.748+0000] {logging_mixin.py:149} INFO - [2023-06-09T16:09:20.748+0000] {dagbag.py:541} INFO - Filling up the DagBag from /opt/airflow/dags/dag_with_python_dependencies.py
[2023-06-09T16:09:20.758+0000] {processor.py:836} INFO - DAG(s) dict_keys(['dag_with_python_dependencies_v05']) retrieved from /opt/airflow/dags/dag_with_python_dependencies.py
[2023-06-09T16:09:20.781+0000] {logging_mixin.py:149} INFO - [2023-06-09T16:09:20.781+0000] {dag.py:2726} INFO - Sync 1 DAGs
[2023-06-09T16:09:20.797+0000] {logging_mixin.py:149} INFO - [2023-06-09T16:09:20.797+0000] {dag.py:3490} INFO - Setting next_dagrun for dag_with_python_dependencies_v05 to 2023-06-09T00:00:00+00:00, run_after=2023-06-10T00:00:00+00:00
[2023-06-09T16:09:20.807+0000] {processor.py:179} INFO - Processing /opt/airflow/dags/dag_with_python_dependencies.py took 0.065 seconds
[2023-06-09T16:09:51.348+0000] {processor.py:157} INFO - Started process (PID=975) to work on /opt/airflow/dags/dag_with_python_dependencies.py
[2023-06-09T16:09:51.349+0000] {processor.py:826} INFO - Processing file /opt/airflow/dags/dag_with_python_dependencies.py for tasks to queue
[2023-06-09T16:09:51.350+0000] {logging_mixin.py:149} INFO - [2023-06-09T16:09:51.350+0000] {dagbag.py:541} INFO - Filling up the DagBag from /opt/airflow/dags/dag_with_python_dependencies.py
[2023-06-09T16:09:51.362+0000] {processor.py:836} INFO - DAG(s) dict_keys(['dag_with_python_dependencies_v05']) retrieved from /opt/airflow/dags/dag_with_python_dependencies.py
[2023-06-09T16:09:51.387+0000] {logging_mixin.py:149} INFO - [2023-06-09T16:09:51.387+0000] {dag.py:2726} INFO - Sync 1 DAGs
[2023-06-09T16:09:51.404+0000] {logging_mixin.py:149} INFO - [2023-06-09T16:09:51.404+0000] {dag.py:3490} INFO - Setting next_dagrun for dag_with_python_dependencies_v05 to 2023-06-09T00:00:00+00:00, run_after=2023-06-10T00:00:00+00:00
[2023-06-09T16:09:51.415+0000] {processor.py:179} INFO - Processing /opt/airflow/dags/dag_with_python_dependencies.py took 0.070 seconds
[2023-06-09T16:10:21.947+0000] {processor.py:157} INFO - Started process (PID=1017) to work on /opt/airflow/dags/dag_with_python_dependencies.py
[2023-06-09T16:10:21.949+0000] {processor.py:826} INFO - Processing file /opt/airflow/dags/dag_with_python_dependencies.py for tasks to queue
[2023-06-09T16:10:21.951+0000] {logging_mixin.py:149} INFO - [2023-06-09T16:10:21.951+0000] {dagbag.py:541} INFO - Filling up the DagBag from /opt/airflow/dags/dag_with_python_dependencies.py
[2023-06-09T16:10:21.962+0000] {processor.py:836} INFO - DAG(s) dict_keys(['dag_with_python_dependencies_v05']) retrieved from /opt/airflow/dags/dag_with_python_dependencies.py
[2023-06-09T16:10:21.985+0000] {logging_mixin.py:149} INFO - [2023-06-09T16:10:21.985+0000] {dag.py:2726} INFO - Sync 1 DAGs
[2023-06-09T16:10:22.001+0000] {logging_mixin.py:149} INFO - [2023-06-09T16:10:22.001+0000] {dag.py:3490} INFO - Setting next_dagrun for dag_with_python_dependencies_v05 to 2023-06-09T00:00:00+00:00, run_after=2023-06-10T00:00:00+00:00
[2023-06-09T16:10:22.011+0000] {processor.py:179} INFO - Processing /opt/airflow/dags/dag_with_python_dependencies.py took 0.067 seconds
[2023-06-09T16:10:52.526+0000] {processor.py:157} INFO - Started process (PID=1060) to work on /opt/airflow/dags/dag_with_python_dependencies.py
[2023-06-09T16:10:52.527+0000] {processor.py:826} INFO - Processing file /opt/airflow/dags/dag_with_python_dependencies.py for tasks to queue
[2023-06-09T16:10:52.529+0000] {logging_mixin.py:149} INFO - [2023-06-09T16:10:52.529+0000] {dagbag.py:541} INFO - Filling up the DagBag from /opt/airflow/dags/dag_with_python_dependencies.py
[2023-06-09T16:10:52.540+0000] {processor.py:836} INFO - DAG(s) dict_keys(['dag_with_python_dependencies_v05']) retrieved from /opt/airflow/dags/dag_with_python_dependencies.py
[2023-06-09T16:10:52.565+0000] {logging_mixin.py:149} INFO - [2023-06-09T16:10:52.565+0000] {dag.py:2726} INFO - Sync 1 DAGs
[2023-06-09T16:10:52.581+0000] {logging_mixin.py:149} INFO - [2023-06-09T16:10:52.580+0000] {dag.py:3490} INFO - Setting next_dagrun for dag_with_python_dependencies_v05 to 2023-06-09T00:00:00+00:00, run_after=2023-06-10T00:00:00+00:00
[2023-06-09T16:10:52.592+0000] {processor.py:179} INFO - Processing /opt/airflow/dags/dag_with_python_dependencies.py took 0.069 seconds
[2023-06-09T16:11:23.129+0000] {processor.py:157} INFO - Started process (PID=1102) to work on /opt/airflow/dags/dag_with_python_dependencies.py
[2023-06-09T16:11:23.131+0000] {processor.py:826} INFO - Processing file /opt/airflow/dags/dag_with_python_dependencies.py for tasks to queue
[2023-06-09T16:11:23.133+0000] {logging_mixin.py:149} INFO - [2023-06-09T16:11:23.133+0000] {dagbag.py:541} INFO - Filling up the DagBag from /opt/airflow/dags/dag_with_python_dependencies.py
[2023-06-09T16:11:23.146+0000] {processor.py:836} INFO - DAG(s) dict_keys(['dag_with_python_dependencies_v05']) retrieved from /opt/airflow/dags/dag_with_python_dependencies.py
[2023-06-09T16:11:23.174+0000] {logging_mixin.py:149} INFO - [2023-06-09T16:11:23.174+0000] {dag.py:2726} INFO - Sync 1 DAGs
[2023-06-09T16:11:23.191+0000] {logging_mixin.py:149} INFO - [2023-06-09T16:11:23.191+0000] {dag.py:3490} INFO - Setting next_dagrun for dag_with_python_dependencies_v05 to 2023-06-09T00:00:00+00:00, run_after=2023-06-10T00:00:00+00:00
[2023-06-09T16:11:23.201+0000] {processor.py:179} INFO - Processing /opt/airflow/dags/dag_with_python_dependencies.py took 0.076 seconds
[2023-06-09T16:11:53.794+0000] {processor.py:157} INFO - Started process (PID=1144) to work on /opt/airflow/dags/dag_with_python_dependencies.py
[2023-06-09T16:11:53.796+0000] {processor.py:826} INFO - Processing file /opt/airflow/dags/dag_with_python_dependencies.py for tasks to queue
[2023-06-09T16:11:53.797+0000] {logging_mixin.py:149} INFO - [2023-06-09T16:11:53.797+0000] {dagbag.py:541} INFO - Filling up the DagBag from /opt/airflow/dags/dag_with_python_dependencies.py
[2023-06-09T16:11:53.808+0000] {processor.py:836} INFO - DAG(s) dict_keys(['dag_with_python_dependencies_v05']) retrieved from /opt/airflow/dags/dag_with_python_dependencies.py
[2023-06-09T16:11:53.832+0000] {logging_mixin.py:149} INFO - [2023-06-09T16:11:53.832+0000] {dag.py:2726} INFO - Sync 1 DAGs
[2023-06-09T16:11:53.847+0000] {logging_mixin.py:149} INFO - [2023-06-09T16:11:53.847+0000] {dag.py:3490} INFO - Setting next_dagrun for dag_with_python_dependencies_v05 to 2023-06-09T00:00:00+00:00, run_after=2023-06-10T00:00:00+00:00
[2023-06-09T16:11:53.857+0000] {processor.py:179} INFO - Processing /opt/airflow/dags/dag_with_python_dependencies.py took 0.067 seconds
[2023-06-09T16:12:24.398+0000] {processor.py:157} INFO - Started process (PID=1185) to work on /opt/airflow/dags/dag_with_python_dependencies.py
[2023-06-09T16:12:24.400+0000] {processor.py:826} INFO - Processing file /opt/airflow/dags/dag_with_python_dependencies.py for tasks to queue
[2023-06-09T16:12:24.400+0000] {logging_mixin.py:149} INFO - [2023-06-09T16:12:24.400+0000] {dagbag.py:541} INFO - Filling up the DagBag from /opt/airflow/dags/dag_with_python_dependencies.py
[2023-06-09T16:12:24.409+0000] {processor.py:836} INFO - DAG(s) dict_keys(['dag_with_python_dependencies_v05']) retrieved from /opt/airflow/dags/dag_with_python_dependencies.py
[2023-06-09T16:12:24.430+0000] {logging_mixin.py:149} INFO - [2023-06-09T16:12:24.430+0000] {dag.py:2726} INFO - Sync 1 DAGs
[2023-06-09T16:12:24.445+0000] {logging_mixin.py:149} INFO - [2023-06-09T16:12:24.445+0000] {dag.py:3490} INFO - Setting next_dagrun for dag_with_python_dependencies_v05 to 2023-06-09T00:00:00+00:00, run_after=2023-06-10T00:00:00+00:00
[2023-06-09T16:12:24.455+0000] {processor.py:179} INFO - Processing /opt/airflow/dags/dag_with_python_dependencies.py took 0.060 seconds
[2023-06-09T16:12:55.025+0000] {processor.py:157} INFO - Started process (PID=1227) to work on /opt/airflow/dags/dag_with_python_dependencies.py
[2023-06-09T16:12:55.027+0000] {processor.py:826} INFO - Processing file /opt/airflow/dags/dag_with_python_dependencies.py for tasks to queue
[2023-06-09T16:12:55.028+0000] {logging_mixin.py:149} INFO - [2023-06-09T16:12:55.028+0000] {dagbag.py:541} INFO - Filling up the DagBag from /opt/airflow/dags/dag_with_python_dependencies.py
[2023-06-09T16:12:55.039+0000] {processor.py:836} INFO - DAG(s) dict_keys(['dag_with_python_dependencies_v05']) retrieved from /opt/airflow/dags/dag_with_python_dependencies.py
[2023-06-09T16:12:55.061+0000] {logging_mixin.py:149} INFO - [2023-06-09T16:12:55.061+0000] {dag.py:2726} INFO - Sync 1 DAGs
[2023-06-09T16:12:55.077+0000] {logging_mixin.py:149} INFO - [2023-06-09T16:12:55.077+0000] {dag.py:3490} INFO - Setting next_dagrun for dag_with_python_dependencies_v05 to 2023-06-09T00:00:00+00:00, run_after=2023-06-10T00:00:00+00:00
[2023-06-09T16:12:55.087+0000] {processor.py:179} INFO - Processing /opt/airflow/dags/dag_with_python_dependencies.py took 0.066 seconds
[2023-06-09T16:13:25.637+0000] {processor.py:157} INFO - Started process (PID=1269) to work on /opt/airflow/dags/dag_with_python_dependencies.py
[2023-06-09T16:13:25.639+0000] {processor.py:826} INFO - Processing file /opt/airflow/dags/dag_with_python_dependencies.py for tasks to queue
[2023-06-09T16:13:25.640+0000] {logging_mixin.py:149} INFO - [2023-06-09T16:13:25.640+0000] {dagbag.py:541} INFO - Filling up the DagBag from /opt/airflow/dags/dag_with_python_dependencies.py
[2023-06-09T16:13:25.652+0000] {processor.py:836} INFO - DAG(s) dict_keys(['dag_with_python_dependencies_v05']) retrieved from /opt/airflow/dags/dag_with_python_dependencies.py
[2023-06-09T16:13:25.676+0000] {logging_mixin.py:149} INFO - [2023-06-09T16:13:25.676+0000] {dag.py:2726} INFO - Sync 1 DAGs
[2023-06-09T16:13:25.692+0000] {logging_mixin.py:149} INFO - [2023-06-09T16:13:25.692+0000] {dag.py:3490} INFO - Setting next_dagrun for dag_with_python_dependencies_v05 to 2023-06-09T00:00:00+00:00, run_after=2023-06-10T00:00:00+00:00
[2023-06-09T16:13:25.704+0000] {processor.py:179} INFO - Processing /opt/airflow/dags/dag_with_python_dependencies.py took 0.071 seconds
[2023-06-09T16:13:56.257+0000] {processor.py:157} INFO - Started process (PID=1312) to work on /opt/airflow/dags/dag_with_python_dependencies.py
[2023-06-09T16:13:56.259+0000] {processor.py:826} INFO - Processing file /opt/airflow/dags/dag_with_python_dependencies.py for tasks to queue
[2023-06-09T16:13:56.260+0000] {logging_mixin.py:149} INFO - [2023-06-09T16:13:56.260+0000] {dagbag.py:541} INFO - Filling up the DagBag from /opt/airflow/dags/dag_with_python_dependencies.py
[2023-06-09T16:13:56.272+0000] {processor.py:836} INFO - DAG(s) dict_keys(['dag_with_python_dependencies_v05']) retrieved from /opt/airflow/dags/dag_with_python_dependencies.py
[2023-06-09T16:13:56.296+0000] {logging_mixin.py:149} INFO - [2023-06-09T16:13:56.296+0000] {dag.py:2726} INFO - Sync 1 DAGs
[2023-06-09T16:13:56.312+0000] {logging_mixin.py:149} INFO - [2023-06-09T16:13:56.312+0000] {dag.py:3490} INFO - Setting next_dagrun for dag_with_python_dependencies_v05 to 2023-06-09T00:00:00+00:00, run_after=2023-06-10T00:00:00+00:00
[2023-06-09T16:13:56.323+0000] {processor.py:179} INFO - Processing /opt/airflow/dags/dag_with_python_dependencies.py took 0.069 seconds
[2023-06-09T16:14:26.903+0000] {processor.py:157} INFO - Started process (PID=1354) to work on /opt/airflow/dags/dag_with_python_dependencies.py
[2023-06-09T16:14:26.905+0000] {processor.py:826} INFO - Processing file /opt/airflow/dags/dag_with_python_dependencies.py for tasks to queue
[2023-06-09T16:14:26.906+0000] {logging_mixin.py:149} INFO - [2023-06-09T16:14:26.906+0000] {dagbag.py:541} INFO - Filling up the DagBag from /opt/airflow/dags/dag_with_python_dependencies.py
[2023-06-09T16:14:26.918+0000] {processor.py:836} INFO - DAG(s) dict_keys(['dag_with_python_dependencies_v05']) retrieved from /opt/airflow/dags/dag_with_python_dependencies.py
[2023-06-09T16:14:26.943+0000] {logging_mixin.py:149} INFO - [2023-06-09T16:14:26.943+0000] {dag.py:2726} INFO - Sync 1 DAGs
[2023-06-09T16:14:26.960+0000] {logging_mixin.py:149} INFO - [2023-06-09T16:14:26.959+0000] {dag.py:3490} INFO - Setting next_dagrun for dag_with_python_dependencies_v05 to 2023-06-09T00:00:00+00:00, run_after=2023-06-10T00:00:00+00:00
[2023-06-09T16:14:26.970+0000] {processor.py:179} INFO - Processing /opt/airflow/dags/dag_with_python_dependencies.py took 0.071 seconds
[2023-06-09T16:14:57.555+0000] {processor.py:157} INFO - Started process (PID=1396) to work on /opt/airflow/dags/dag_with_python_dependencies.py
[2023-06-09T16:14:57.558+0000] {processor.py:826} INFO - Processing file /opt/airflow/dags/dag_with_python_dependencies.py for tasks to queue
[2023-06-09T16:14:57.559+0000] {logging_mixin.py:149} INFO - [2023-06-09T16:14:57.559+0000] {dagbag.py:541} INFO - Filling up the DagBag from /opt/airflow/dags/dag_with_python_dependencies.py
[2023-06-09T16:14:57.573+0000] {processor.py:836} INFO - DAG(s) dict_keys(['dag_with_python_dependencies_v05']) retrieved from /opt/airflow/dags/dag_with_python_dependencies.py
[2023-06-09T16:14:57.602+0000] {logging_mixin.py:149} INFO - [2023-06-09T16:14:57.602+0000] {dag.py:2726} INFO - Sync 1 DAGs
[2023-06-09T16:14:57.619+0000] {logging_mixin.py:149} INFO - [2023-06-09T16:14:57.618+0000] {dag.py:3490} INFO - Setting next_dagrun for dag_with_python_dependencies_v05 to 2023-06-09T00:00:00+00:00, run_after=2023-06-10T00:00:00+00:00
[2023-06-09T16:14:57.630+0000] {processor.py:179} INFO - Processing /opt/airflow/dags/dag_with_python_dependencies.py took 0.078 seconds
[2023-06-09T16:15:28.171+0000] {processor.py:157} INFO - Started process (PID=1438) to work on /opt/airflow/dags/dag_with_python_dependencies.py
[2023-06-09T16:15:28.173+0000] {processor.py:826} INFO - Processing file /opt/airflow/dags/dag_with_python_dependencies.py for tasks to queue
[2023-06-09T16:15:28.174+0000] {logging_mixin.py:149} INFO - [2023-06-09T16:15:28.174+0000] {dagbag.py:541} INFO - Filling up the DagBag from /opt/airflow/dags/dag_with_python_dependencies.py
[2023-06-09T16:15:28.186+0000] {processor.py:836} INFO - DAG(s) dict_keys(['dag_with_python_dependencies_v05']) retrieved from /opt/airflow/dags/dag_with_python_dependencies.py
[2023-06-09T16:15:28.213+0000] {logging_mixin.py:149} INFO - [2023-06-09T16:15:28.213+0000] {dag.py:2726} INFO - Sync 1 DAGs
[2023-06-09T16:15:28.232+0000] {logging_mixin.py:149} INFO - [2023-06-09T16:15:28.232+0000] {dag.py:3490} INFO - Setting next_dagrun for dag_with_python_dependencies_v05 to 2023-06-09T00:00:00+00:00, run_after=2023-06-10T00:00:00+00:00
[2023-06-09T16:15:28.244+0000] {processor.py:179} INFO - Processing /opt/airflow/dags/dag_with_python_dependencies.py took 0.076 seconds
[2023-06-09T16:15:58.839+0000] {processor.py:157} INFO - Started process (PID=1479) to work on /opt/airflow/dags/dag_with_python_dependencies.py
[2023-06-09T16:15:58.842+0000] {processor.py:826} INFO - Processing file /opt/airflow/dags/dag_with_python_dependencies.py for tasks to queue
[2023-06-09T16:15:58.843+0000] {logging_mixin.py:149} INFO - [2023-06-09T16:15:58.843+0000] {dagbag.py:541} INFO - Filling up the DagBag from /opt/airflow/dags/dag_with_python_dependencies.py
[2023-06-09T16:15:58.858+0000] {processor.py:836} INFO - DAG(s) dict_keys(['dag_with_python_dependencies_v05']) retrieved from /opt/airflow/dags/dag_with_python_dependencies.py
[2023-06-09T16:15:58.887+0000] {logging_mixin.py:149} INFO - [2023-06-09T16:15:58.887+0000] {dag.py:2726} INFO - Sync 1 DAGs
[2023-06-09T16:15:58.907+0000] {logging_mixin.py:149} INFO - [2023-06-09T16:15:58.907+0000] {dag.py:3490} INFO - Setting next_dagrun for dag_with_python_dependencies_v05 to 2023-06-09T00:00:00+00:00, run_after=2023-06-10T00:00:00+00:00
[2023-06-09T16:15:58.919+0000] {processor.py:179} INFO - Processing /opt/airflow/dags/dag_with_python_dependencies.py took 0.084 seconds
[2023-06-09T16:16:29.436+0000] {processor.py:157} INFO - Started process (PID=1520) to work on /opt/airflow/dags/dag_with_python_dependencies.py
[2023-06-09T16:16:29.438+0000] {processor.py:826} INFO - Processing file /opt/airflow/dags/dag_with_python_dependencies.py for tasks to queue
[2023-06-09T16:16:29.439+0000] {logging_mixin.py:149} INFO - [2023-06-09T16:16:29.439+0000] {dagbag.py:541} INFO - Filling up the DagBag from /opt/airflow/dags/dag_with_python_dependencies.py
[2023-06-09T16:16:29.452+0000] {processor.py:836} INFO - DAG(s) dict_keys(['dag_with_python_dependencies_v05']) retrieved from /opt/airflow/dags/dag_with_python_dependencies.py
[2023-06-09T16:16:29.476+0000] {logging_mixin.py:149} INFO - [2023-06-09T16:16:29.476+0000] {dag.py:2726} INFO - Sync 1 DAGs
[2023-06-09T16:16:29.493+0000] {logging_mixin.py:149} INFO - [2023-06-09T16:16:29.493+0000] {dag.py:3490} INFO - Setting next_dagrun for dag_with_python_dependencies_v05 to 2023-06-09T00:00:00+00:00, run_after=2023-06-10T00:00:00+00:00
[2023-06-09T16:16:29.504+0000] {processor.py:179} INFO - Processing /opt/airflow/dags/dag_with_python_dependencies.py took 0.073 seconds
[2023-06-09T16:17:00.073+0000] {processor.py:157} INFO - Started process (PID=1562) to work on /opt/airflow/dags/dag_with_python_dependencies.py
[2023-06-09T16:17:00.075+0000] {processor.py:826} INFO - Processing file /opt/airflow/dags/dag_with_python_dependencies.py for tasks to queue
[2023-06-09T16:17:00.076+0000] {logging_mixin.py:149} INFO - [2023-06-09T16:17:00.076+0000] {dagbag.py:541} INFO - Filling up the DagBag from /opt/airflow/dags/dag_with_python_dependencies.py
[2023-06-09T16:17:00.097+0000] {processor.py:836} INFO - DAG(s) dict_keys(['dag_with_python_dependencies_v05']) retrieved from /opt/airflow/dags/dag_with_python_dependencies.py
[2023-06-09T16:17:00.131+0000] {logging_mixin.py:149} INFO - [2023-06-09T16:17:00.131+0000] {dag.py:2726} INFO - Sync 1 DAGs
[2023-06-09T16:17:00.157+0000] {logging_mixin.py:149} INFO - [2023-06-09T16:17:00.157+0000] {dag.py:3490} INFO - Setting next_dagrun for dag_with_python_dependencies_v05 to 2023-06-09T00:00:00+00:00, run_after=2023-06-10T00:00:00+00:00
[2023-06-09T16:17:00.168+0000] {processor.py:179} INFO - Processing /opt/airflow/dags/dag_with_python_dependencies.py took 0.101 seconds
[2023-06-09T16:17:30.761+0000] {processor.py:157} INFO - Started process (PID=1604) to work on /opt/airflow/dags/dag_with_python_dependencies.py
[2023-06-09T16:17:30.763+0000] {processor.py:826} INFO - Processing file /opt/airflow/dags/dag_with_python_dependencies.py for tasks to queue
[2023-06-09T16:17:30.764+0000] {logging_mixin.py:149} INFO - [2023-06-09T16:17:30.764+0000] {dagbag.py:541} INFO - Filling up the DagBag from /opt/airflow/dags/dag_with_python_dependencies.py
[2023-06-09T16:17:30.780+0000] {processor.py:836} INFO - DAG(s) dict_keys(['dag_with_python_dependencies_v05']) retrieved from /opt/airflow/dags/dag_with_python_dependencies.py
[2023-06-09T16:17:30.813+0000] {logging_mixin.py:149} INFO - [2023-06-09T16:17:30.812+0000] {dag.py:2726} INFO - Sync 1 DAGs
[2023-06-09T16:17:30.830+0000] {logging_mixin.py:149} INFO - [2023-06-09T16:17:30.830+0000] {dag.py:3490} INFO - Setting next_dagrun for dag_with_python_dependencies_v05 to 2023-06-09T00:00:00+00:00, run_after=2023-06-10T00:00:00+00:00
[2023-06-09T16:17:30.841+0000] {processor.py:179} INFO - Processing /opt/airflow/dags/dag_with_python_dependencies.py took 0.086 seconds
[2023-06-09T16:18:01.336+0000] {processor.py:157} INFO - Started process (PID=1646) to work on /opt/airflow/dags/dag_with_python_dependencies.py
[2023-06-09T16:18:01.339+0000] {processor.py:826} INFO - Processing file /opt/airflow/dags/dag_with_python_dependencies.py for tasks to queue
[2023-06-09T16:18:01.341+0000] {logging_mixin.py:149} INFO - [2023-06-09T16:18:01.341+0000] {dagbag.py:541} INFO - Filling up the DagBag from /opt/airflow/dags/dag_with_python_dependencies.py
[2023-06-09T16:18:01.354+0000] {processor.py:836} INFO - DAG(s) dict_keys(['dag_with_python_dependencies_v05']) retrieved from /opt/airflow/dags/dag_with_python_dependencies.py
[2023-06-09T16:18:01.379+0000] {logging_mixin.py:149} INFO - [2023-06-09T16:18:01.379+0000] {dag.py:2726} INFO - Sync 1 DAGs
[2023-06-09T16:18:01.396+0000] {logging_mixin.py:149} INFO - [2023-06-09T16:18:01.396+0000] {dag.py:3490} INFO - Setting next_dagrun for dag_with_python_dependencies_v05 to 2023-06-09T00:00:00+00:00, run_after=2023-06-10T00:00:00+00:00
[2023-06-09T16:18:01.408+0000] {processor.py:179} INFO - Processing /opt/airflow/dags/dag_with_python_dependencies.py took 0.077 seconds
[2023-06-09T16:18:31.987+0000] {processor.py:157} INFO - Started process (PID=1689) to work on /opt/airflow/dags/dag_with_python_dependencies.py
[2023-06-09T16:18:31.990+0000] {processor.py:826} INFO - Processing file /opt/airflow/dags/dag_with_python_dependencies.py for tasks to queue
[2023-06-09T16:18:31.991+0000] {logging_mixin.py:149} INFO - [2023-06-09T16:18:31.991+0000] {dagbag.py:541} INFO - Filling up the DagBag from /opt/airflow/dags/dag_with_python_dependencies.py
[2023-06-09T16:18:32.005+0000] {processor.py:836} INFO - DAG(s) dict_keys(['dag_with_python_dependencies_v05']) retrieved from /opt/airflow/dags/dag_with_python_dependencies.py
[2023-06-09T16:18:32.031+0000] {logging_mixin.py:149} INFO - [2023-06-09T16:18:32.031+0000] {dag.py:2726} INFO - Sync 1 DAGs
[2023-06-09T16:18:32.048+0000] {logging_mixin.py:149} INFO - [2023-06-09T16:18:32.047+0000] {dag.py:3490} INFO - Setting next_dagrun for dag_with_python_dependencies_v05 to 2023-06-09T00:00:00+00:00, run_after=2023-06-10T00:00:00+00:00
[2023-06-09T16:18:32.059+0000] {processor.py:179} INFO - Processing /opt/airflow/dags/dag_with_python_dependencies.py took 0.076 seconds
[2023-06-09T16:19:02.647+0000] {processor.py:157} INFO - Started process (PID=1730) to work on /opt/airflow/dags/dag_with_python_dependencies.py
[2023-06-09T16:19:02.649+0000] {processor.py:826} INFO - Processing file /opt/airflow/dags/dag_with_python_dependencies.py for tasks to queue
[2023-06-09T16:19:02.650+0000] {logging_mixin.py:149} INFO - [2023-06-09T16:19:02.650+0000] {dagbag.py:541} INFO - Filling up the DagBag from /opt/airflow/dags/dag_with_python_dependencies.py
[2023-06-09T16:19:02.662+0000] {processor.py:836} INFO - DAG(s) dict_keys(['dag_with_python_dependencies_v05']) retrieved from /opt/airflow/dags/dag_with_python_dependencies.py
[2023-06-09T16:19:02.686+0000] {logging_mixin.py:149} INFO - [2023-06-09T16:19:02.686+0000] {dag.py:2726} INFO - Sync 1 DAGs
[2023-06-09T16:19:02.703+0000] {logging_mixin.py:149} INFO - [2023-06-09T16:19:02.703+0000] {dag.py:3490} INFO - Setting next_dagrun for dag_with_python_dependencies_v05 to 2023-06-09T00:00:00+00:00, run_after=2023-06-10T00:00:00+00:00
[2023-06-09T16:19:02.716+0000] {processor.py:179} INFO - Processing /opt/airflow/dags/dag_with_python_dependencies.py took 0.073 seconds
[2023-06-09T16:19:33.221+0000] {processor.py:157} INFO - Started process (PID=1772) to work on /opt/airflow/dags/dag_with_python_dependencies.py
[2023-06-09T16:19:33.223+0000] {processor.py:826} INFO - Processing file /opt/airflow/dags/dag_with_python_dependencies.py for tasks to queue
[2023-06-09T16:19:33.225+0000] {logging_mixin.py:149} INFO - [2023-06-09T16:19:33.225+0000] {dagbag.py:541} INFO - Filling up the DagBag from /opt/airflow/dags/dag_with_python_dependencies.py
[2023-06-09T16:19:33.237+0000] {processor.py:836} INFO - DAG(s) dict_keys(['dag_with_python_dependencies_v05']) retrieved from /opt/airflow/dags/dag_with_python_dependencies.py
[2023-06-09T16:19:33.261+0000] {logging_mixin.py:149} INFO - [2023-06-09T16:19:33.261+0000] {dag.py:2726} INFO - Sync 1 DAGs
[2023-06-09T16:19:33.278+0000] {logging_mixin.py:149} INFO - [2023-06-09T16:19:33.278+0000] {dag.py:3490} INFO - Setting next_dagrun for dag_with_python_dependencies_v05 to 2023-06-09T00:00:00+00:00, run_after=2023-06-10T00:00:00+00:00
[2023-06-09T16:19:33.289+0000] {processor.py:179} INFO - Processing /opt/airflow/dags/dag_with_python_dependencies.py took 0.072 seconds
[2023-06-09T16:20:03.884+0000] {processor.py:157} INFO - Started process (PID=1815) to work on /opt/airflow/dags/dag_with_python_dependencies.py
[2023-06-09T16:20:03.886+0000] {processor.py:826} INFO - Processing file /opt/airflow/dags/dag_with_python_dependencies.py for tasks to queue
[2023-06-09T16:20:03.887+0000] {logging_mixin.py:149} INFO - [2023-06-09T16:20:03.887+0000] {dagbag.py:541} INFO - Filling up the DagBag from /opt/airflow/dags/dag_with_python_dependencies.py
[2023-06-09T16:20:03.899+0000] {processor.py:836} INFO - DAG(s) dict_keys(['dag_with_python_dependencies_v05']) retrieved from /opt/airflow/dags/dag_with_python_dependencies.py
[2023-06-09T16:20:03.924+0000] {logging_mixin.py:149} INFO - [2023-06-09T16:20:03.924+0000] {dag.py:2726} INFO - Sync 1 DAGs
[2023-06-09T16:20:03.939+0000] {logging_mixin.py:149} INFO - [2023-06-09T16:20:03.939+0000] {dag.py:3490} INFO - Setting next_dagrun for dag_with_python_dependencies_v05 to 2023-06-09T00:00:00+00:00, run_after=2023-06-10T00:00:00+00:00
[2023-06-09T16:20:03.950+0000] {processor.py:179} INFO - Processing /opt/airflow/dags/dag_with_python_dependencies.py took 0.070 seconds
[2023-06-09T16:20:34.484+0000] {processor.py:157} INFO - Started process (PID=1857) to work on /opt/airflow/dags/dag_with_python_dependencies.py
[2023-06-09T16:20:34.485+0000] {processor.py:826} INFO - Processing file /opt/airflow/dags/dag_with_python_dependencies.py for tasks to queue
[2023-06-09T16:20:34.487+0000] {logging_mixin.py:149} INFO - [2023-06-09T16:20:34.486+0000] {dagbag.py:541} INFO - Filling up the DagBag from /opt/airflow/dags/dag_with_python_dependencies.py
[2023-06-09T16:20:34.498+0000] {processor.py:836} INFO - DAG(s) dict_keys(['dag_with_python_dependencies_v05']) retrieved from /opt/airflow/dags/dag_with_python_dependencies.py
[2023-06-09T16:20:34.524+0000] {logging_mixin.py:149} INFO - [2023-06-09T16:20:34.524+0000] {dag.py:2726} INFO - Sync 1 DAGs
[2023-06-09T16:20:34.541+0000] {logging_mixin.py:149} INFO - [2023-06-09T16:20:34.541+0000] {dag.py:3490} INFO - Setting next_dagrun for dag_with_python_dependencies_v05 to 2023-06-09T00:00:00+00:00, run_after=2023-06-10T00:00:00+00:00
[2023-06-09T16:20:34.552+0000] {processor.py:179} INFO - Processing /opt/airflow/dags/dag_with_python_dependencies.py took 0.072 seconds
[2023-06-09T16:21:05.140+0000] {processor.py:157} INFO - Started process (PID=1899) to work on /opt/airflow/dags/dag_with_python_dependencies.py
[2023-06-09T16:21:05.142+0000] {processor.py:826} INFO - Processing file /opt/airflow/dags/dag_with_python_dependencies.py for tasks to queue
[2023-06-09T16:21:05.143+0000] {logging_mixin.py:149} INFO - [2023-06-09T16:21:05.143+0000] {dagbag.py:541} INFO - Filling up the DagBag from /opt/airflow/dags/dag_with_python_dependencies.py
[2023-06-09T16:21:05.156+0000] {processor.py:836} INFO - DAG(s) dict_keys(['dag_with_python_dependencies_v05']) retrieved from /opt/airflow/dags/dag_with_python_dependencies.py
[2023-06-09T16:21:05.181+0000] {logging_mixin.py:149} INFO - [2023-06-09T16:21:05.181+0000] {dag.py:2726} INFO - Sync 1 DAGs
[2023-06-09T16:21:05.198+0000] {logging_mixin.py:149} INFO - [2023-06-09T16:21:05.197+0000] {dag.py:3490} INFO - Setting next_dagrun for dag_with_python_dependencies_v05 to 2023-06-09T00:00:00+00:00, run_after=2023-06-10T00:00:00+00:00
[2023-06-09T16:21:05.208+0000] {processor.py:179} INFO - Processing /opt/airflow/dags/dag_with_python_dependencies.py took 0.072 seconds
[2023-06-09T16:21:35.722+0000] {processor.py:157} INFO - Started process (PID=1941) to work on /opt/airflow/dags/dag_with_python_dependencies.py
[2023-06-09T16:21:35.724+0000] {processor.py:826} INFO - Processing file /opt/airflow/dags/dag_with_python_dependencies.py for tasks to queue
[2023-06-09T16:21:35.725+0000] {logging_mixin.py:149} INFO - [2023-06-09T16:21:35.725+0000] {dagbag.py:541} INFO - Filling up the DagBag from /opt/airflow/dags/dag_with_python_dependencies.py
[2023-06-09T16:21:35.736+0000] {processor.py:836} INFO - DAG(s) dict_keys(['dag_with_python_dependencies_v05']) retrieved from /opt/airflow/dags/dag_with_python_dependencies.py
[2023-06-09T16:21:35.762+0000] {logging_mixin.py:149} INFO - [2023-06-09T16:21:35.762+0000] {dag.py:2726} INFO - Sync 1 DAGs
[2023-06-09T16:21:35.791+0000] {logging_mixin.py:149} INFO - [2023-06-09T16:21:35.791+0000] {dag.py:3490} INFO - Setting next_dagrun for dag_with_python_dependencies_v05 to 2023-06-09T00:00:00+00:00, run_after=2023-06-10T00:00:00+00:00
[2023-06-09T16:21:35.803+0000] {processor.py:179} INFO - Processing /opt/airflow/dags/dag_with_python_dependencies.py took 0.085 seconds
[2023-06-09T16:22:06.372+0000] {processor.py:157} INFO - Started process (PID=1983) to work on /opt/airflow/dags/dag_with_python_dependencies.py
[2023-06-09T16:22:06.375+0000] {processor.py:826} INFO - Processing file /opt/airflow/dags/dag_with_python_dependencies.py for tasks to queue
[2023-06-09T16:22:06.376+0000] {logging_mixin.py:149} INFO - [2023-06-09T16:22:06.375+0000] {dagbag.py:541} INFO - Filling up the DagBag from /opt/airflow/dags/dag_with_python_dependencies.py
[2023-06-09T16:22:06.388+0000] {processor.py:836} INFO - DAG(s) dict_keys(['dag_with_python_dependencies_v05']) retrieved from /opt/airflow/dags/dag_with_python_dependencies.py
[2023-06-09T16:22:06.414+0000] {logging_mixin.py:149} INFO - [2023-06-09T16:22:06.414+0000] {dag.py:2726} INFO - Sync 1 DAGs
[2023-06-09T16:22:06.430+0000] {logging_mixin.py:149} INFO - [2023-06-09T16:22:06.430+0000] {dag.py:3490} INFO - Setting next_dagrun for dag_with_python_dependencies_v05 to 2023-06-09T00:00:00+00:00, run_after=2023-06-10T00:00:00+00:00
[2023-06-09T16:22:06.441+0000] {processor.py:179} INFO - Processing /opt/airflow/dags/dag_with_python_dependencies.py took 0.073 seconds
[2023-06-09T16:22:37.026+0000] {processor.py:157} INFO - Started process (PID=2026) to work on /opt/airflow/dags/dag_with_python_dependencies.py
[2023-06-09T16:22:37.029+0000] {processor.py:826} INFO - Processing file /opt/airflow/dags/dag_with_python_dependencies.py for tasks to queue
[2023-06-09T16:22:37.030+0000] {logging_mixin.py:149} INFO - [2023-06-09T16:22:37.030+0000] {dagbag.py:541} INFO - Filling up the DagBag from /opt/airflow/dags/dag_with_python_dependencies.py
[2023-06-09T16:22:37.042+0000] {processor.py:836} INFO - DAG(s) dict_keys(['dag_with_python_dependencies_v05']) retrieved from /opt/airflow/dags/dag_with_python_dependencies.py
[2023-06-09T16:22:37.064+0000] {logging_mixin.py:149} INFO - [2023-06-09T16:22:37.064+0000] {dag.py:2726} INFO - Sync 1 DAGs
[2023-06-09T16:22:37.081+0000] {logging_mixin.py:149} INFO - [2023-06-09T16:22:37.081+0000] {dag.py:3490} INFO - Setting next_dagrun for dag_with_python_dependencies_v05 to 2023-06-09T00:00:00+00:00, run_after=2023-06-10T00:00:00+00:00
[2023-06-09T16:22:37.093+0000] {processor.py:179} INFO - Processing /opt/airflow/dags/dag_with_python_dependencies.py took 0.071 seconds
[2023-06-09T16:23:07.613+0000] {processor.py:157} INFO - Started process (PID=2074) to work on /opt/airflow/dags/dag_with_python_dependencies.py
[2023-06-09T16:23:07.615+0000] {processor.py:826} INFO - Processing file /opt/airflow/dags/dag_with_python_dependencies.py for tasks to queue
[2023-06-09T16:23:07.616+0000] {logging_mixin.py:149} INFO - [2023-06-09T16:23:07.616+0000] {dagbag.py:541} INFO - Filling up the DagBag from /opt/airflow/dags/dag_with_python_dependencies.py
[2023-06-09T16:23:07.631+0000] {processor.py:836} INFO - DAG(s) dict_keys(['dag_with_python_dependencies_v05']) retrieved from /opt/airflow/dags/dag_with_python_dependencies.py
[2023-06-09T16:23:07.661+0000] {logging_mixin.py:149} INFO - [2023-06-09T16:23:07.661+0000] {dag.py:2726} INFO - Sync 1 DAGs
[2023-06-09T16:23:07.678+0000] {logging_mixin.py:149} INFO - [2023-06-09T16:23:07.678+0000] {dag.py:3490} INFO - Setting next_dagrun for dag_with_python_dependencies_v05 to 2023-06-09T00:00:00+00:00, run_after=2023-06-10T00:00:00+00:00
[2023-06-09T16:23:07.688+0000] {processor.py:179} INFO - Processing /opt/airflow/dags/dag_with_python_dependencies.py took 0.079 seconds
