[2023-06-09T13:05:54.412+0000] {processor.py:157} INFO - Started process (PID=163) to work on /opt/airflow/dags/dag_with_taskflow.py
[2023-06-09T13:05:54.413+0000] {processor.py:826} INFO - Processing file /opt/airflow/dags/dag_with_taskflow.py for tasks to queue
[2023-06-09T13:05:54.414+0000] {logging_mixin.py:149} INFO - [2023-06-09T13:05:54.414+0000] {dagbag.py:541} INFO - Filling up the DagBag from /opt/airflow/dags/dag_with_taskflow.py
[2023-06-09T13:05:54.434+0000] {logging_mixin.py:149} INFO - [2023-06-09T13:05:54.434+0000] {taskmixin.py:211} WARNING - Dependency <Task(_PythonDecoratedOperator): get_name>, greet already registered for DAG: dag_with_taskflow_v04
[2023-06-09T13:05:54.435+0000] {logging_mixin.py:149} INFO - [2023-06-09T13:05:54.434+0000] {taskmixin.py:211} WARNING - Dependency <Task(_PythonDecoratedOperator): greet>, get_name already registered for DAG: dag_with_taskflow_v04
[2023-06-09T13:05:54.441+0000] {processor.py:836} INFO - DAG(s) dict_keys(['dag_with_taskflow_v04']) retrieved from /opt/airflow/dags/dag_with_taskflow.py
[2023-06-09T13:05:54.577+0000] {logging_mixin.py:149} INFO - [2023-06-09T13:05:54.577+0000] {manager.py:504} INFO - Created Permission View: can delete on DAG:dag_with_taskflow_v04
[2023-06-09T13:05:54.583+0000] {logging_mixin.py:149} INFO - [2023-06-09T13:05:54.583+0000] {manager.py:504} INFO - Created Permission View: can edit on DAG:dag_with_taskflow_v04
[2023-06-09T13:05:54.586+0000] {logging_mixin.py:149} INFO - [2023-06-09T13:05:54.586+0000] {manager.py:504} INFO - Created Permission View: can read on DAG:dag_with_taskflow_v04
[2023-06-09T13:05:54.587+0000] {logging_mixin.py:149} INFO - [2023-06-09T13:05:54.586+0000] {dag.py:2726} INFO - Sync 1 DAGs
[2023-06-09T13:05:54.716+0000] {logging_mixin.py:149} INFO - [2023-06-09T13:05:54.716+0000] {dag.py:2747} INFO - Creating ORM DAG for dag_with_taskflow_v04
[2023-06-09T13:05:54.723+0000] {logging_mixin.py:149} INFO - [2023-06-09T13:05:54.723+0000] {dag.py:3490} INFO - Setting next_dagrun for dag_with_taskflow_v04 to 2023-06-07T00:00:00+00:00, run_after=2023-06-08T00:00:00+00:00
[2023-06-09T13:05:54.733+0000] {processor.py:179} INFO - Processing /opt/airflow/dags/dag_with_taskflow.py took 0.325 seconds
[2023-06-09T13:06:25.060+0000] {processor.py:157} INFO - Started process (PID=185) to work on /opt/airflow/dags/dag_with_taskflow.py
[2023-06-09T13:06:25.062+0000] {processor.py:826} INFO - Processing file /opt/airflow/dags/dag_with_taskflow.py for tasks to queue
[2023-06-09T13:06:25.064+0000] {logging_mixin.py:149} INFO - [2023-06-09T13:06:25.063+0000] {dagbag.py:541} INFO - Filling up the DagBag from /opt/airflow/dags/dag_with_taskflow.py
[2023-06-09T13:06:25.078+0000] {logging_mixin.py:149} INFO - [2023-06-09T13:06:25.078+0000] {taskmixin.py:211} WARNING - Dependency <Task(_PythonDecoratedOperator): get_name>, greet already registered for DAG: dag_with_taskflow_v04
[2023-06-09T13:06:25.078+0000] {logging_mixin.py:149} INFO - [2023-06-09T13:06:25.078+0000] {taskmixin.py:211} WARNING - Dependency <Task(_PythonDecoratedOperator): greet>, get_name already registered for DAG: dag_with_taskflow_v04
[2023-06-09T13:06:25.082+0000] {processor.py:836} INFO - DAG(s) dict_keys(['dag_with_taskflow_v04']) retrieved from /opt/airflow/dags/dag_with_taskflow.py
[2023-06-09T13:06:25.108+0000] {logging_mixin.py:149} INFO - [2023-06-09T13:06:25.108+0000] {dag.py:2726} INFO - Sync 1 DAGs
[2023-06-09T13:06:25.123+0000] {logging_mixin.py:149} INFO - [2023-06-09T13:06:25.123+0000] {dag.py:3490} INFO - Setting next_dagrun for dag_with_taskflow_v04 to 2023-06-07T00:00:00+00:00, run_after=2023-06-08T00:00:00+00:00
[2023-06-09T13:06:25.133+0000] {processor.py:179} INFO - Processing /opt/airflow/dags/dag_with_taskflow.py took 0.079 seconds
[2023-06-09T13:06:55.444+0000] {processor.py:157} INFO - Started process (PID=219) to work on /opt/airflow/dags/dag_with_taskflow.py
[2023-06-09T13:06:55.446+0000] {processor.py:826} INFO - Processing file /opt/airflow/dags/dag_with_taskflow.py for tasks to queue
[2023-06-09T13:06:55.447+0000] {logging_mixin.py:149} INFO - [2023-06-09T13:06:55.447+0000] {dagbag.py:541} INFO - Filling up the DagBag from /opt/airflow/dags/dag_with_taskflow.py
[2023-06-09T13:06:55.463+0000] {logging_mixin.py:149} INFO - [2023-06-09T13:06:55.463+0000] {taskmixin.py:211} WARNING - Dependency <Task(_PythonDecoratedOperator): get_name>, greet already registered for DAG: dag_with_taskflow_v04
[2023-06-09T13:06:55.464+0000] {logging_mixin.py:149} INFO - [2023-06-09T13:06:55.464+0000] {taskmixin.py:211} WARNING - Dependency <Task(_PythonDecoratedOperator): greet>, get_name already registered for DAG: dag_with_taskflow_v04
[2023-06-09T13:06:55.467+0000] {processor.py:836} INFO - DAG(s) dict_keys(['dag_with_taskflow_v04']) retrieved from /opt/airflow/dags/dag_with_taskflow.py
[2023-06-09T13:06:55.492+0000] {logging_mixin.py:149} INFO - [2023-06-09T13:06:55.492+0000] {dag.py:2726} INFO - Sync 1 DAGs
[2023-06-09T13:06:55.508+0000] {logging_mixin.py:149} INFO - [2023-06-09T13:06:55.508+0000] {dag.py:3490} INFO - Setting next_dagrun for dag_with_taskflow_v04 to 2023-06-09T00:00:00+00:00, run_after=2023-06-10T00:00:00+00:00
[2023-06-09T13:06:55.519+0000] {processor.py:179} INFO - Processing /opt/airflow/dags/dag_with_taskflow.py took 0.082 seconds
[2023-06-09T13:07:25.845+0000] {processor.py:157} INFO - Started process (PID=242) to work on /opt/airflow/dags/dag_with_taskflow.py
[2023-06-09T13:07:25.847+0000] {processor.py:826} INFO - Processing file /opt/airflow/dags/dag_with_taskflow.py for tasks to queue
[2023-06-09T13:07:25.848+0000] {logging_mixin.py:149} INFO - [2023-06-09T13:07:25.848+0000] {dagbag.py:541} INFO - Filling up the DagBag from /opt/airflow/dags/dag_with_taskflow.py
[2023-06-09T13:07:25.861+0000] {logging_mixin.py:149} INFO - [2023-06-09T13:07:25.861+0000] {taskmixin.py:211} WARNING - Dependency <Task(_PythonDecoratedOperator): get_name>, greet already registered for DAG: dag_with_taskflow_v04
[2023-06-09T13:07:25.862+0000] {logging_mixin.py:149} INFO - [2023-06-09T13:07:25.861+0000] {taskmixin.py:211} WARNING - Dependency <Task(_PythonDecoratedOperator): greet>, get_name already registered for DAG: dag_with_taskflow_v04
[2023-06-09T13:07:25.865+0000] {processor.py:836} INFO - DAG(s) dict_keys(['dag_with_taskflow_v04']) retrieved from /opt/airflow/dags/dag_with_taskflow.py
[2023-06-09T13:07:25.888+0000] {logging_mixin.py:149} INFO - [2023-06-09T13:07:25.888+0000] {dag.py:2726} INFO - Sync 1 DAGs
[2023-06-09T13:07:25.903+0000] {logging_mixin.py:149} INFO - [2023-06-09T13:07:25.903+0000] {dag.py:3490} INFO - Setting next_dagrun for dag_with_taskflow_v04 to 2023-06-09T00:00:00+00:00, run_after=2023-06-10T00:00:00+00:00
[2023-06-09T13:07:26.043+0000] {processor.py:179} INFO - Processing /opt/airflow/dags/dag_with_taskflow.py took 0.203 seconds
[2023-06-09T13:07:56.419+0000] {processor.py:157} INFO - Started process (PID=264) to work on /opt/airflow/dags/dag_with_taskflow.py
[2023-06-09T13:07:56.421+0000] {processor.py:826} INFO - Processing file /opt/airflow/dags/dag_with_taskflow.py for tasks to queue
[2023-06-09T13:07:56.423+0000] {logging_mixin.py:149} INFO - [2023-06-09T13:07:56.423+0000] {dagbag.py:541} INFO - Filling up the DagBag from /opt/airflow/dags/dag_with_taskflow.py
[2023-06-09T13:07:56.440+0000] {logging_mixin.py:149} INFO - [2023-06-09T13:07:56.440+0000] {taskmixin.py:211} WARNING - Dependency <Task(_PythonDecoratedOperator): get_name>, greet already registered for DAG: dag_with_taskflow_v04
[2023-06-09T13:07:56.441+0000] {logging_mixin.py:149} INFO - [2023-06-09T13:07:56.441+0000] {taskmixin.py:211} WARNING - Dependency <Task(_PythonDecoratedOperator): greet>, get_name already registered for DAG: dag_with_taskflow_v04
[2023-06-09T13:07:56.445+0000] {processor.py:836} INFO - DAG(s) dict_keys(['dag_with_taskflow_v04']) retrieved from /opt/airflow/dags/dag_with_taskflow.py
[2023-06-09T13:07:56.470+0000] {logging_mixin.py:149} INFO - [2023-06-09T13:07:56.470+0000] {dag.py:2726} INFO - Sync 1 DAGs
[2023-06-09T13:07:56.562+0000] {logging_mixin.py:149} INFO - [2023-06-09T13:07:56.561+0000] {dag.py:3490} INFO - Setting next_dagrun for dag_with_taskflow_v04 to 2023-06-09T00:00:00+00:00, run_after=2023-06-10T00:00:00+00:00
[2023-06-09T13:07:56.572+0000] {processor.py:179} INFO - Processing /opt/airflow/dags/dag_with_taskflow.py took 0.159 seconds
[2023-06-09T13:08:26.909+0000] {processor.py:157} INFO - Started process (PID=286) to work on /opt/airflow/dags/dag_with_taskflow.py
[2023-06-09T13:08:26.911+0000] {processor.py:826} INFO - Processing file /opt/airflow/dags/dag_with_taskflow.py for tasks to queue
[2023-06-09T13:08:26.912+0000] {logging_mixin.py:149} INFO - [2023-06-09T13:08:26.912+0000] {dagbag.py:541} INFO - Filling up the DagBag from /opt/airflow/dags/dag_with_taskflow.py
[2023-06-09T13:08:26.924+0000] {logging_mixin.py:149} INFO - [2023-06-09T13:08:26.924+0000] {taskmixin.py:211} WARNING - Dependency <Task(_PythonDecoratedOperator): get_name>, greet already registered for DAG: dag_with_taskflow_v04
[2023-06-09T13:08:26.925+0000] {logging_mixin.py:149} INFO - [2023-06-09T13:08:26.925+0000] {taskmixin.py:211} WARNING - Dependency <Task(_PythonDecoratedOperator): greet>, get_name already registered for DAG: dag_with_taskflow_v04
[2023-06-09T13:08:26.928+0000] {processor.py:836} INFO - DAG(s) dict_keys(['dag_with_taskflow_v04']) retrieved from /opt/airflow/dags/dag_with_taskflow.py
[2023-06-09T13:08:26.953+0000] {logging_mixin.py:149} INFO - [2023-06-09T13:08:26.953+0000] {dag.py:2726} INFO - Sync 1 DAGs
[2023-06-09T13:08:27.043+0000] {logging_mixin.py:149} INFO - [2023-06-09T13:08:27.043+0000] {dag.py:3490} INFO - Setting next_dagrun for dag_with_taskflow_v04 to 2023-06-09T00:00:00+00:00, run_after=2023-06-10T00:00:00+00:00
[2023-06-09T13:08:27.053+0000] {processor.py:179} INFO - Processing /opt/airflow/dags/dag_with_taskflow.py took 0.151 seconds
[2023-06-09T13:08:57.360+0000] {processor.py:157} INFO - Started process (PID=308) to work on /opt/airflow/dags/dag_with_taskflow.py
[2023-06-09T13:08:57.362+0000] {processor.py:826} INFO - Processing file /opt/airflow/dags/dag_with_taskflow.py for tasks to queue
[2023-06-09T13:08:57.363+0000] {logging_mixin.py:149} INFO - [2023-06-09T13:08:57.363+0000] {dagbag.py:541} INFO - Filling up the DagBag from /opt/airflow/dags/dag_with_taskflow.py
[2023-06-09T13:08:57.372+0000] {logging_mixin.py:149} INFO - [2023-06-09T13:08:57.372+0000] {taskmixin.py:211} WARNING - Dependency <Task(_PythonDecoratedOperator): get_name>, greet already registered for DAG: dag_with_taskflow_v04
[2023-06-09T13:08:57.373+0000] {logging_mixin.py:149} INFO - [2023-06-09T13:08:57.373+0000] {taskmixin.py:211} WARNING - Dependency <Task(_PythonDecoratedOperator): greet>, get_name already registered for DAG: dag_with_taskflow_v04
[2023-06-09T13:08:57.376+0000] {processor.py:836} INFO - DAG(s) dict_keys(['dag_with_taskflow_v04']) retrieved from /opt/airflow/dags/dag_with_taskflow.py
[2023-06-09T13:08:57.539+0000] {logging_mixin.py:149} INFO - [2023-06-09T13:08:57.538+0000] {dag.py:2726} INFO - Sync 1 DAGs
[2023-06-09T13:08:57.555+0000] {logging_mixin.py:149} INFO - [2023-06-09T13:08:57.555+0000] {dag.py:3490} INFO - Setting next_dagrun for dag_with_taskflow_v04 to 2023-06-09T00:00:00+00:00, run_after=2023-06-10T00:00:00+00:00
[2023-06-09T13:08:57.569+0000] {processor.py:179} INFO - Processing /opt/airflow/dags/dag_with_taskflow.py took 0.212 seconds
[2023-06-09T13:09:27.946+0000] {processor.py:157} INFO - Started process (PID=330) to work on /opt/airflow/dags/dag_with_taskflow.py
[2023-06-09T13:09:27.948+0000] {processor.py:826} INFO - Processing file /opt/airflow/dags/dag_with_taskflow.py for tasks to queue
[2023-06-09T13:09:27.948+0000] {logging_mixin.py:149} INFO - [2023-06-09T13:09:27.948+0000] {dagbag.py:541} INFO - Filling up the DagBag from /opt/airflow/dags/dag_with_taskflow.py
[2023-06-09T13:09:27.957+0000] {logging_mixin.py:149} INFO - [2023-06-09T13:09:27.957+0000] {taskmixin.py:211} WARNING - Dependency <Task(_PythonDecoratedOperator): get_name>, greet already registered for DAG: dag_with_taskflow_v04
[2023-06-09T13:09:27.958+0000] {logging_mixin.py:149} INFO - [2023-06-09T13:09:27.958+0000] {taskmixin.py:211} WARNING - Dependency <Task(_PythonDecoratedOperator): greet>, get_name already registered for DAG: dag_with_taskflow_v04
[2023-06-09T13:09:27.960+0000] {processor.py:836} INFO - DAG(s) dict_keys(['dag_with_taskflow_v04']) retrieved from /opt/airflow/dags/dag_with_taskflow.py
[2023-06-09T13:09:28.069+0000] {logging_mixin.py:149} INFO - [2023-06-09T13:09:28.069+0000] {dag.py:2726} INFO - Sync 1 DAGs
[2023-06-09T13:09:28.083+0000] {logging_mixin.py:149} INFO - [2023-06-09T13:09:28.083+0000] {dag.py:3490} INFO - Setting next_dagrun for dag_with_taskflow_v04 to 2023-06-09T00:00:00+00:00, run_after=2023-06-10T00:00:00+00:00
[2023-06-09T13:09:28.092+0000] {processor.py:179} INFO - Processing /opt/airflow/dags/dag_with_taskflow.py took 0.149 seconds
[2023-06-09T13:09:58.433+0000] {processor.py:157} INFO - Started process (PID=352) to work on /opt/airflow/dags/dag_with_taskflow.py
[2023-06-09T13:09:58.435+0000] {processor.py:826} INFO - Processing file /opt/airflow/dags/dag_with_taskflow.py for tasks to queue
[2023-06-09T13:09:58.436+0000] {logging_mixin.py:149} INFO - [2023-06-09T13:09:58.436+0000] {dagbag.py:541} INFO - Filling up the DagBag from /opt/airflow/dags/dag_with_taskflow.py
[2023-06-09T13:09:58.535+0000] {logging_mixin.py:149} INFO - [2023-06-09T13:09:58.535+0000] {taskmixin.py:211} WARNING - Dependency <Task(_PythonDecoratedOperator): get_name>, greet already registered for DAG: dag_with_taskflow_v04
[2023-06-09T13:09:58.536+0000] {logging_mixin.py:149} INFO - [2023-06-09T13:09:58.536+0000] {taskmixin.py:211} WARNING - Dependency <Task(_PythonDecoratedOperator): greet>, get_name already registered for DAG: dag_with_taskflow_v04
[2023-06-09T13:09:58.538+0000] {processor.py:836} INFO - DAG(s) dict_keys(['dag_with_taskflow_v04']) retrieved from /opt/airflow/dags/dag_with_taskflow.py
[2023-06-09T13:09:58.556+0000] {logging_mixin.py:149} INFO - [2023-06-09T13:09:58.556+0000] {dag.py:2726} INFO - Sync 1 DAGs
[2023-06-09T13:09:58.568+0000] {logging_mixin.py:149} INFO - [2023-06-09T13:09:58.568+0000] {dag.py:3490} INFO - Setting next_dagrun for dag_with_taskflow_v04 to 2023-06-09T00:00:00+00:00, run_after=2023-06-10T00:00:00+00:00
[2023-06-09T13:09:58.578+0000] {processor.py:179} INFO - Processing /opt/airflow/dags/dag_with_taskflow.py took 0.149 seconds
[2023-06-09T13:10:28.937+0000] {processor.py:157} INFO - Started process (PID=374) to work on /opt/airflow/dags/dag_with_taskflow.py
[2023-06-09T13:10:28.939+0000] {processor.py:826} INFO - Processing file /opt/airflow/dags/dag_with_taskflow.py for tasks to queue
[2023-06-09T13:10:28.940+0000] {logging_mixin.py:149} INFO - [2023-06-09T13:10:28.940+0000] {dagbag.py:541} INFO - Filling up the DagBag from /opt/airflow/dags/dag_with_taskflow.py
[2023-06-09T13:10:28.952+0000] {logging_mixin.py:149} INFO - [2023-06-09T13:10:28.952+0000] {taskmixin.py:211} WARNING - Dependency <Task(_PythonDecoratedOperator): get_name>, greet already registered for DAG: dag_with_taskflow_v04
[2023-06-09T13:10:28.953+0000] {logging_mixin.py:149} INFO - [2023-06-09T13:10:28.953+0000] {taskmixin.py:211} WARNING - Dependency <Task(_PythonDecoratedOperator): greet>, get_name already registered for DAG: dag_with_taskflow_v04
[2023-06-09T13:10:28.956+0000] {processor.py:836} INFO - DAG(s) dict_keys(['dag_with_taskflow_v04']) retrieved from /opt/airflow/dags/dag_with_taskflow.py
[2023-06-09T13:10:28.986+0000] {logging_mixin.py:149} INFO - [2023-06-09T13:10:28.986+0000] {dag.py:2726} INFO - Sync 1 DAGs
[2023-06-09T13:10:29.003+0000] {logging_mixin.py:149} INFO - [2023-06-09T13:10:29.003+0000] {dag.py:3490} INFO - Setting next_dagrun for dag_with_taskflow_v04 to 2023-06-09T00:00:00+00:00, run_after=2023-06-10T00:00:00+00:00
[2023-06-09T13:10:29.013+0000] {processor.py:179} INFO - Processing /opt/airflow/dags/dag_with_taskflow.py took 0.080 seconds
[2023-06-09T13:10:59.410+0000] {processor.py:157} INFO - Started process (PID=397) to work on /opt/airflow/dags/dag_with_taskflow.py
[2023-06-09T13:10:59.412+0000] {processor.py:826} INFO - Processing file /opt/airflow/dags/dag_with_taskflow.py for tasks to queue
[2023-06-09T13:10:59.414+0000] {logging_mixin.py:149} INFO - [2023-06-09T13:10:59.413+0000] {dagbag.py:541} INFO - Filling up the DagBag from /opt/airflow/dags/dag_with_taskflow.py
[2023-06-09T13:10:59.427+0000] {logging_mixin.py:149} INFO - [2023-06-09T13:10:59.427+0000] {taskmixin.py:211} WARNING - Dependency <Task(_PythonDecoratedOperator): get_name>, greet already registered for DAG: dag_with_taskflow_v04
[2023-06-09T13:10:59.428+0000] {logging_mixin.py:149} INFO - [2023-06-09T13:10:59.428+0000] {taskmixin.py:211} WARNING - Dependency <Task(_PythonDecoratedOperator): greet>, get_name already registered for DAG: dag_with_taskflow_v04
[2023-06-09T13:10:59.431+0000] {processor.py:836} INFO - DAG(s) dict_keys(['dag_with_taskflow_v04']) retrieved from /opt/airflow/dags/dag_with_taskflow.py
[2023-06-09T13:10:59.453+0000] {logging_mixin.py:149} INFO - [2023-06-09T13:10:59.453+0000] {dag.py:2726} INFO - Sync 1 DAGs
[2023-06-09T13:10:59.468+0000] {logging_mixin.py:149} INFO - [2023-06-09T13:10:59.468+0000] {dag.py:3490} INFO - Setting next_dagrun for dag_with_taskflow_v04 to 2023-06-09T00:00:00+00:00, run_after=2023-06-10T00:00:00+00:00
[2023-06-09T13:10:59.477+0000] {processor.py:179} INFO - Processing /opt/airflow/dags/dag_with_taskflow.py took 0.073 seconds
[2023-06-09T13:11:29.842+0000] {processor.py:157} INFO - Started process (PID=419) to work on /opt/airflow/dags/dag_with_taskflow.py
[2023-06-09T13:11:29.844+0000] {processor.py:826} INFO - Processing file /opt/airflow/dags/dag_with_taskflow.py for tasks to queue
[2023-06-09T13:11:29.845+0000] {logging_mixin.py:149} INFO - [2023-06-09T13:11:29.845+0000] {dagbag.py:541} INFO - Filling up the DagBag from /opt/airflow/dags/dag_with_taskflow.py
[2023-06-09T13:11:29.857+0000] {logging_mixin.py:149} INFO - [2023-06-09T13:11:29.857+0000] {taskmixin.py:211} WARNING - Dependency <Task(_PythonDecoratedOperator): get_name>, greet already registered for DAG: dag_with_taskflow_v04
[2023-06-09T13:11:29.857+0000] {logging_mixin.py:149} INFO - [2023-06-09T13:11:29.857+0000] {taskmixin.py:211} WARNING - Dependency <Task(_PythonDecoratedOperator): greet>, get_name already registered for DAG: dag_with_taskflow_v04
[2023-06-09T13:11:29.860+0000] {processor.py:836} INFO - DAG(s) dict_keys(['dag_with_taskflow_v04']) retrieved from /opt/airflow/dags/dag_with_taskflow.py
[2023-06-09T13:11:29.881+0000] {logging_mixin.py:149} INFO - [2023-06-09T13:11:29.881+0000] {dag.py:2726} INFO - Sync 1 DAGs
[2023-06-09T13:11:29.896+0000] {logging_mixin.py:149} INFO - [2023-06-09T13:11:29.896+0000] {dag.py:3490} INFO - Setting next_dagrun for dag_with_taskflow_v04 to 2023-06-09T00:00:00+00:00, run_after=2023-06-10T00:00:00+00:00
[2023-06-09T13:11:29.905+0000] {processor.py:179} INFO - Processing /opt/airflow/dags/dag_with_taskflow.py took 0.069 seconds
[2023-06-09T13:12:00.251+0000] {processor.py:157} INFO - Started process (PID=441) to work on /opt/airflow/dags/dag_with_taskflow.py
[2023-06-09T13:12:00.253+0000] {processor.py:826} INFO - Processing file /opt/airflow/dags/dag_with_taskflow.py for tasks to queue
[2023-06-09T13:12:00.254+0000] {logging_mixin.py:149} INFO - [2023-06-09T13:12:00.254+0000] {dagbag.py:541} INFO - Filling up the DagBag from /opt/airflow/dags/dag_with_taskflow.py
[2023-06-09T13:12:00.264+0000] {logging_mixin.py:149} INFO - [2023-06-09T13:12:00.264+0000] {taskmixin.py:211} WARNING - Dependency <Task(_PythonDecoratedOperator): get_name>, greet already registered for DAG: dag_with_taskflow_v04
[2023-06-09T13:12:00.265+0000] {logging_mixin.py:149} INFO - [2023-06-09T13:12:00.265+0000] {taskmixin.py:211} WARNING - Dependency <Task(_PythonDecoratedOperator): greet>, get_name already registered for DAG: dag_with_taskflow_v04
[2023-06-09T13:12:00.268+0000] {processor.py:836} INFO - DAG(s) dict_keys(['dag_with_taskflow_v04']) retrieved from /opt/airflow/dags/dag_with_taskflow.py
[2023-06-09T13:12:00.289+0000] {logging_mixin.py:149} INFO - [2023-06-09T13:12:00.289+0000] {dag.py:2726} INFO - Sync 1 DAGs
[2023-06-09T13:12:00.303+0000] {logging_mixin.py:149} INFO - [2023-06-09T13:12:00.303+0000] {dag.py:3490} INFO - Setting next_dagrun for dag_with_taskflow_v04 to 2023-06-09T00:00:00+00:00, run_after=2023-06-10T00:00:00+00:00
[2023-06-09T13:12:00.313+0000] {processor.py:179} INFO - Processing /opt/airflow/dags/dag_with_taskflow.py took 0.067 seconds
[2023-06-09T13:12:30.624+0000] {processor.py:157} INFO - Started process (PID=463) to work on /opt/airflow/dags/dag_with_taskflow.py
[2023-06-09T13:12:30.626+0000] {processor.py:826} INFO - Processing file /opt/airflow/dags/dag_with_taskflow.py for tasks to queue
[2023-06-09T13:12:30.627+0000] {logging_mixin.py:149} INFO - [2023-06-09T13:12:30.627+0000] {dagbag.py:541} INFO - Filling up the DagBag from /opt/airflow/dags/dag_with_taskflow.py
[2023-06-09T13:12:30.639+0000] {logging_mixin.py:149} INFO - [2023-06-09T13:12:30.639+0000] {taskmixin.py:211} WARNING - Dependency <Task(_PythonDecoratedOperator): get_name>, greet already registered for DAG: dag_with_taskflow_v04
[2023-06-09T13:12:30.640+0000] {logging_mixin.py:149} INFO - [2023-06-09T13:12:30.640+0000] {taskmixin.py:211} WARNING - Dependency <Task(_PythonDecoratedOperator): greet>, get_name already registered for DAG: dag_with_taskflow_v04
[2023-06-09T13:12:30.643+0000] {processor.py:836} INFO - DAG(s) dict_keys(['dag_with_taskflow_v04']) retrieved from /opt/airflow/dags/dag_with_taskflow.py
[2023-06-09T13:12:30.669+0000] {logging_mixin.py:149} INFO - [2023-06-09T13:12:30.668+0000] {dag.py:2726} INFO - Sync 1 DAGs
[2023-06-09T13:12:30.684+0000] {logging_mixin.py:149} INFO - [2023-06-09T13:12:30.684+0000] {dag.py:3490} INFO - Setting next_dagrun for dag_with_taskflow_v04 to 2023-06-09T00:00:00+00:00, run_after=2023-06-10T00:00:00+00:00
[2023-06-09T13:12:30.695+0000] {processor.py:179} INFO - Processing /opt/airflow/dags/dag_with_taskflow.py took 0.076 seconds
[2023-06-09T13:13:00.984+0000] {processor.py:157} INFO - Started process (PID=485) to work on /opt/airflow/dags/dag_with_taskflow.py
[2023-06-09T13:13:00.986+0000] {processor.py:826} INFO - Processing file /opt/airflow/dags/dag_with_taskflow.py for tasks to queue
[2023-06-09T13:13:00.987+0000] {logging_mixin.py:149} INFO - [2023-06-09T13:13:00.987+0000] {dagbag.py:541} INFO - Filling up the DagBag from /opt/airflow/dags/dag_with_taskflow.py
[2023-06-09T13:13:00.998+0000] {logging_mixin.py:149} INFO - [2023-06-09T13:13:00.998+0000] {taskmixin.py:211} WARNING - Dependency <Task(_PythonDecoratedOperator): get_name>, greet already registered for DAG: dag_with_taskflow_v04
[2023-06-09T13:13:00.998+0000] {logging_mixin.py:149} INFO - [2023-06-09T13:13:00.998+0000] {taskmixin.py:211} WARNING - Dependency <Task(_PythonDecoratedOperator): greet>, get_name already registered for DAG: dag_with_taskflow_v04
[2023-06-09T13:13:01.001+0000] {processor.py:836} INFO - DAG(s) dict_keys(['dag_with_taskflow_v04']) retrieved from /opt/airflow/dags/dag_with_taskflow.py
[2023-06-09T13:13:01.029+0000] {logging_mixin.py:149} INFO - [2023-06-09T13:13:01.028+0000] {dag.py:2726} INFO - Sync 1 DAGs
[2023-06-09T13:13:01.045+0000] {logging_mixin.py:149} INFO - [2023-06-09T13:13:01.045+0000] {dag.py:3490} INFO - Setting next_dagrun for dag_with_taskflow_v04 to 2023-06-09T00:00:00+00:00, run_after=2023-06-10T00:00:00+00:00
[2023-06-09T13:13:01.055+0000] {processor.py:179} INFO - Processing /opt/airflow/dags/dag_with_taskflow.py took 0.075 seconds
[2023-06-09T13:13:31.368+0000] {processor.py:157} INFO - Started process (PID=507) to work on /opt/airflow/dags/dag_with_taskflow.py
[2023-06-09T13:13:31.369+0000] {processor.py:826} INFO - Processing file /opt/airflow/dags/dag_with_taskflow.py for tasks to queue
[2023-06-09T13:13:31.370+0000] {logging_mixin.py:149} INFO - [2023-06-09T13:13:31.370+0000] {dagbag.py:541} INFO - Filling up the DagBag from /opt/airflow/dags/dag_with_taskflow.py
[2023-06-09T13:13:31.380+0000] {logging_mixin.py:149} INFO - [2023-06-09T13:13:31.380+0000] {taskmixin.py:211} WARNING - Dependency <Task(_PythonDecoratedOperator): get_name>, greet already registered for DAG: dag_with_taskflow_v04
[2023-06-09T13:13:31.381+0000] {logging_mixin.py:149} INFO - [2023-06-09T13:13:31.380+0000] {taskmixin.py:211} WARNING - Dependency <Task(_PythonDecoratedOperator): greet>, get_name already registered for DAG: dag_with_taskflow_v04
[2023-06-09T13:13:31.383+0000] {processor.py:836} INFO - DAG(s) dict_keys(['dag_with_taskflow_v04']) retrieved from /opt/airflow/dags/dag_with_taskflow.py
[2023-06-09T13:13:31.407+0000] {logging_mixin.py:149} INFO - [2023-06-09T13:13:31.407+0000] {dag.py:2726} INFO - Sync 1 DAGs
[2023-06-09T13:13:31.425+0000] {logging_mixin.py:149} INFO - [2023-06-09T13:13:31.425+0000] {dag.py:3490} INFO - Setting next_dagrun for dag_with_taskflow_v04 to 2023-06-09T00:00:00+00:00, run_after=2023-06-10T00:00:00+00:00
[2023-06-09T13:13:31.435+0000] {processor.py:179} INFO - Processing /opt/airflow/dags/dag_with_taskflow.py took 0.073 seconds
[2023-06-09T13:14:01.729+0000] {processor.py:157} INFO - Started process (PID=529) to work on /opt/airflow/dags/dag_with_taskflow.py
[2023-06-09T13:14:01.731+0000] {processor.py:826} INFO - Processing file /opt/airflow/dags/dag_with_taskflow.py for tasks to queue
[2023-06-09T13:14:01.732+0000] {logging_mixin.py:149} INFO - [2023-06-09T13:14:01.732+0000] {dagbag.py:541} INFO - Filling up the DagBag from /opt/airflow/dags/dag_with_taskflow.py
[2023-06-09T13:14:01.747+0000] {logging_mixin.py:149} INFO - [2023-06-09T13:14:01.746+0000] {taskmixin.py:211} WARNING - Dependency <Task(_PythonDecoratedOperator): get_name>, greet already registered for DAG: dag_with_taskflow_v04
[2023-06-09T13:14:01.747+0000] {logging_mixin.py:149} INFO - [2023-06-09T13:14:01.747+0000] {taskmixin.py:211} WARNING - Dependency <Task(_PythonDecoratedOperator): greet>, get_name already registered for DAG: dag_with_taskflow_v04
[2023-06-09T13:14:01.750+0000] {processor.py:836} INFO - DAG(s) dict_keys(['dag_with_taskflow_v04']) retrieved from /opt/airflow/dags/dag_with_taskflow.py
[2023-06-09T13:14:01.781+0000] {logging_mixin.py:149} INFO - [2023-06-09T13:14:01.781+0000] {dag.py:2726} INFO - Sync 1 DAGs
[2023-06-09T13:14:01.802+0000] {logging_mixin.py:149} INFO - [2023-06-09T13:14:01.802+0000] {dag.py:3490} INFO - Setting next_dagrun for dag_with_taskflow_v04 to 2023-06-09T00:00:00+00:00, run_after=2023-06-10T00:00:00+00:00
[2023-06-09T13:14:01.813+0000] {processor.py:179} INFO - Processing /opt/airflow/dags/dag_with_taskflow.py took 0.088 seconds
[2023-06-09T13:14:32.159+0000] {processor.py:157} INFO - Started process (PID=551) to work on /opt/airflow/dags/dag_with_taskflow.py
[2023-06-09T13:14:32.160+0000] {processor.py:826} INFO - Processing file /opt/airflow/dags/dag_with_taskflow.py for tasks to queue
[2023-06-09T13:14:32.161+0000] {logging_mixin.py:149} INFO - [2023-06-09T13:14:32.161+0000] {dagbag.py:541} INFO - Filling up the DagBag from /opt/airflow/dags/dag_with_taskflow.py
[2023-06-09T13:14:32.172+0000] {logging_mixin.py:149} INFO - [2023-06-09T13:14:32.172+0000] {taskmixin.py:211} WARNING - Dependency <Task(_PythonDecoratedOperator): get_name>, greet already registered for DAG: dag_with_taskflow_v04
[2023-06-09T13:14:32.172+0000] {logging_mixin.py:149} INFO - [2023-06-09T13:14:32.172+0000] {taskmixin.py:211} WARNING - Dependency <Task(_PythonDecoratedOperator): greet>, get_name already registered for DAG: dag_with_taskflow_v04
[2023-06-09T13:14:32.175+0000] {processor.py:836} INFO - DAG(s) dict_keys(['dag_with_taskflow_v04']) retrieved from /opt/airflow/dags/dag_with_taskflow.py
[2023-06-09T13:14:32.201+0000] {logging_mixin.py:149} INFO - [2023-06-09T13:14:32.201+0000] {dag.py:2726} INFO - Sync 1 DAGs
[2023-06-09T13:14:32.216+0000] {logging_mixin.py:149} INFO - [2023-06-09T13:14:32.216+0000] {dag.py:3490} INFO - Setting next_dagrun for dag_with_taskflow_v04 to 2023-06-09T00:00:00+00:00, run_after=2023-06-10T00:00:00+00:00
[2023-06-09T13:14:32.226+0000] {processor.py:179} INFO - Processing /opt/airflow/dags/dag_with_taskflow.py took 0.072 seconds
[2023-06-09T13:15:02.613+0000] {processor.py:157} INFO - Started process (PID=573) to work on /opt/airflow/dags/dag_with_taskflow.py
[2023-06-09T13:15:02.615+0000] {processor.py:826} INFO - Processing file /opt/airflow/dags/dag_with_taskflow.py for tasks to queue
[2023-06-09T13:15:02.617+0000] {logging_mixin.py:149} INFO - [2023-06-09T13:15:02.617+0000] {dagbag.py:541} INFO - Filling up the DagBag from /opt/airflow/dags/dag_with_taskflow.py
[2023-06-09T13:15:02.630+0000] {logging_mixin.py:149} INFO - [2023-06-09T13:15:02.629+0000] {taskmixin.py:211} WARNING - Dependency <Task(_PythonDecoratedOperator): get_name>, greet already registered for DAG: dag_with_taskflow_v04
[2023-06-09T13:15:02.630+0000] {logging_mixin.py:149} INFO - [2023-06-09T13:15:02.630+0000] {taskmixin.py:211} WARNING - Dependency <Task(_PythonDecoratedOperator): greet>, get_name already registered for DAG: dag_with_taskflow_v04
[2023-06-09T13:15:02.634+0000] {processor.py:836} INFO - DAG(s) dict_keys(['dag_with_taskflow_v04']) retrieved from /opt/airflow/dags/dag_with_taskflow.py
[2023-06-09T13:15:02.658+0000] {logging_mixin.py:149} INFO - [2023-06-09T13:15:02.658+0000] {dag.py:2726} INFO - Sync 1 DAGs
[2023-06-09T13:15:02.673+0000] {logging_mixin.py:149} INFO - [2023-06-09T13:15:02.673+0000] {dag.py:3490} INFO - Setting next_dagrun for dag_with_taskflow_v04 to 2023-06-09T00:00:00+00:00, run_after=2023-06-10T00:00:00+00:00
[2023-06-09T13:15:02.684+0000] {processor.py:179} INFO - Processing /opt/airflow/dags/dag_with_taskflow.py took 0.077 seconds
[2023-06-09T13:15:33.037+0000] {processor.py:157} INFO - Started process (PID=595) to work on /opt/airflow/dags/dag_with_taskflow.py
[2023-06-09T13:15:33.040+0000] {processor.py:826} INFO - Processing file /opt/airflow/dags/dag_with_taskflow.py for tasks to queue
[2023-06-09T13:15:33.041+0000] {logging_mixin.py:149} INFO - [2023-06-09T13:15:33.041+0000] {dagbag.py:541} INFO - Filling up the DagBag from /opt/airflow/dags/dag_with_taskflow.py
[2023-06-09T13:15:33.053+0000] {logging_mixin.py:149} INFO - [2023-06-09T13:15:33.053+0000] {taskmixin.py:211} WARNING - Dependency <Task(_PythonDecoratedOperator): get_name>, greet already registered for DAG: dag_with_taskflow_v04
[2023-06-09T13:15:33.054+0000] {logging_mixin.py:149} INFO - [2023-06-09T13:15:33.054+0000] {taskmixin.py:211} WARNING - Dependency <Task(_PythonDecoratedOperator): greet>, get_name already registered for DAG: dag_with_taskflow_v04
[2023-06-09T13:15:33.057+0000] {processor.py:836} INFO - DAG(s) dict_keys(['dag_with_taskflow_v04']) retrieved from /opt/airflow/dags/dag_with_taskflow.py
[2023-06-09T13:15:33.081+0000] {logging_mixin.py:149} INFO - [2023-06-09T13:15:33.081+0000] {dag.py:2726} INFO - Sync 1 DAGs
[2023-06-09T13:15:33.096+0000] {logging_mixin.py:149} INFO - [2023-06-09T13:15:33.096+0000] {dag.py:3490} INFO - Setting next_dagrun for dag_with_taskflow_v04 to 2023-06-09T00:00:00+00:00, run_after=2023-06-10T00:00:00+00:00
[2023-06-09T13:15:33.107+0000] {processor.py:179} INFO - Processing /opt/airflow/dags/dag_with_taskflow.py took 0.076 seconds
[2023-06-09T13:16:03.548+0000] {processor.py:157} INFO - Started process (PID=626) to work on /opt/airflow/dags/dag_with_taskflow.py
[2023-06-09T13:16:03.550+0000] {processor.py:826} INFO - Processing file /opt/airflow/dags/dag_with_taskflow.py for tasks to queue
[2023-06-09T13:16:03.551+0000] {logging_mixin.py:149} INFO - [2023-06-09T13:16:03.551+0000] {dagbag.py:541} INFO - Filling up the DagBag from /opt/airflow/dags/dag_with_taskflow.py
[2023-06-09T13:16:03.563+0000] {logging_mixin.py:149} INFO - [2023-06-09T13:16:03.563+0000] {taskmixin.py:211} WARNING - Dependency <Task(_PythonDecoratedOperator): get_name>, greet already registered for DAG: dag_with_taskflow_v04
[2023-06-09T13:16:03.564+0000] {logging_mixin.py:149} INFO - [2023-06-09T13:16:03.564+0000] {taskmixin.py:211} WARNING - Dependency <Task(_PythonDecoratedOperator): greet>, get_name already registered for DAG: dag_with_taskflow_v04
[2023-06-09T13:16:03.567+0000] {processor.py:836} INFO - DAG(s) dict_keys(['dag_with_taskflow_v04']) retrieved from /opt/airflow/dags/dag_with_taskflow.py
[2023-06-09T13:16:03.591+0000] {logging_mixin.py:149} INFO - [2023-06-09T13:16:03.591+0000] {dag.py:2726} INFO - Sync 1 DAGs
[2023-06-09T13:16:03.607+0000] {logging_mixin.py:149} INFO - [2023-06-09T13:16:03.607+0000] {dag.py:3490} INFO - Setting next_dagrun for dag_with_taskflow_v04 to 2023-06-09T00:00:00+00:00, run_after=2023-06-10T00:00:00+00:00
[2023-06-09T13:16:03.617+0000] {processor.py:179} INFO - Processing /opt/airflow/dags/dag_with_taskflow.py took 0.075 seconds
[2023-06-09T13:16:34.010+0000] {processor.py:157} INFO - Started process (PID=653) to work on /opt/airflow/dags/dag_with_taskflow.py
[2023-06-09T13:16:34.012+0000] {processor.py:826} INFO - Processing file /opt/airflow/dags/dag_with_taskflow.py for tasks to queue
[2023-06-09T13:16:34.013+0000] {logging_mixin.py:149} INFO - [2023-06-09T13:16:34.013+0000] {dagbag.py:541} INFO - Filling up the DagBag from /opt/airflow/dags/dag_with_taskflow.py
[2023-06-09T13:16:34.029+0000] {logging_mixin.py:149} INFO - [2023-06-09T13:16:34.029+0000] {taskmixin.py:211} WARNING - Dependency <Task(_PythonDecoratedOperator): get_name>, greet already registered for DAG: dag_with_taskflow_v04
[2023-06-09T13:16:34.030+0000] {logging_mixin.py:149} INFO - [2023-06-09T13:16:34.030+0000] {taskmixin.py:211} WARNING - Dependency <Task(_PythonDecoratedOperator): greet>, get_name already registered for DAG: dag_with_taskflow_v04
[2023-06-09T13:16:34.035+0000] {processor.py:836} INFO - DAG(s) dict_keys(['dag_with_taskflow_v04']) retrieved from /opt/airflow/dags/dag_with_taskflow.py
[2023-06-09T13:16:34.068+0000] {logging_mixin.py:149} INFO - [2023-06-09T13:16:34.067+0000] {dag.py:2726} INFO - Sync 1 DAGs
[2023-06-09T13:16:34.086+0000] {logging_mixin.py:149} INFO - [2023-06-09T13:16:34.086+0000] {dag.py:3490} INFO - Setting next_dagrun for dag_with_taskflow_v04 to 2023-06-09T00:00:00+00:00, run_after=2023-06-10T00:00:00+00:00
[2023-06-09T13:16:34.097+0000] {processor.py:179} INFO - Processing /opt/airflow/dags/dag_with_taskflow.py took 0.096 seconds
[2023-06-09T13:17:04.491+0000] {processor.py:157} INFO - Started process (PID=705) to work on /opt/airflow/dags/dag_with_taskflow.py
[2023-06-09T13:17:04.493+0000] {processor.py:826} INFO - Processing file /opt/airflow/dags/dag_with_taskflow.py for tasks to queue
[2023-06-09T13:17:04.494+0000] {logging_mixin.py:149} INFO - [2023-06-09T13:17:04.494+0000] {dagbag.py:541} INFO - Filling up the DagBag from /opt/airflow/dags/dag_with_taskflow.py
[2023-06-09T13:17:04.507+0000] {logging_mixin.py:149} INFO - [2023-06-09T13:17:04.507+0000] {taskmixin.py:211} WARNING - Dependency <Task(_PythonDecoratedOperator): get_name>, greet already registered for DAG: dag_with_taskflow_v04
[2023-06-09T13:17:04.508+0000] {logging_mixin.py:149} INFO - [2023-06-09T13:17:04.508+0000] {taskmixin.py:211} WARNING - Dependency <Task(_PythonDecoratedOperator): greet>, get_name already registered for DAG: dag_with_taskflow_v04
[2023-06-09T13:17:04.511+0000] {processor.py:836} INFO - DAG(s) dict_keys(['dag_with_taskflow_v04']) retrieved from /opt/airflow/dags/dag_with_taskflow.py
[2023-06-09T13:17:04.538+0000] {logging_mixin.py:149} INFO - [2023-06-09T13:17:04.538+0000] {dag.py:2726} INFO - Sync 1 DAGs
[2023-06-09T13:17:04.555+0000] {logging_mixin.py:149} INFO - [2023-06-09T13:17:04.555+0000] {dag.py:3490} INFO - Setting next_dagrun for dag_with_taskflow_v04 to 2023-06-09T00:00:00+00:00, run_after=2023-06-10T00:00:00+00:00
[2023-06-09T13:17:04.564+0000] {processor.py:179} INFO - Processing /opt/airflow/dags/dag_with_taskflow.py took 0.081 seconds
[2023-06-09T13:17:34.910+0000] {processor.py:157} INFO - Started process (PID=732) to work on /opt/airflow/dags/dag_with_taskflow.py
[2023-06-09T13:17:34.912+0000] {processor.py:826} INFO - Processing file /opt/airflow/dags/dag_with_taskflow.py for tasks to queue
[2023-06-09T13:17:34.913+0000] {logging_mixin.py:149} INFO - [2023-06-09T13:17:34.913+0000] {dagbag.py:541} INFO - Filling up the DagBag from /opt/airflow/dags/dag_with_taskflow.py
[2023-06-09T13:17:34.924+0000] {logging_mixin.py:149} INFO - [2023-06-09T13:17:34.924+0000] {taskmixin.py:211} WARNING - Dependency <Task(_PythonDecoratedOperator): get_name>, greet already registered for DAG: dag_with_taskflow_v04
[2023-06-09T13:17:34.925+0000] {logging_mixin.py:149} INFO - [2023-06-09T13:17:34.925+0000] {taskmixin.py:211} WARNING - Dependency <Task(_PythonDecoratedOperator): greet>, get_name already registered for DAG: dag_with_taskflow_v04
[2023-06-09T13:17:34.928+0000] {processor.py:836} INFO - DAG(s) dict_keys(['dag_with_taskflow_v04']) retrieved from /opt/airflow/dags/dag_with_taskflow.py
[2023-06-09T13:17:34.952+0000] {logging_mixin.py:149} INFO - [2023-06-09T13:17:34.952+0000] {dag.py:2726} INFO - Sync 1 DAGs
[2023-06-09T13:17:34.967+0000] {logging_mixin.py:149} INFO - [2023-06-09T13:17:34.967+0000] {dag.py:3490} INFO - Setting next_dagrun for dag_with_taskflow_v04 to 2023-06-09T00:00:00+00:00, run_after=2023-06-10T00:00:00+00:00
[2023-06-09T13:17:34.977+0000] {processor.py:179} INFO - Processing /opt/airflow/dags/dag_with_taskflow.py took 0.073 seconds
[2023-06-09T13:18:05.375+0000] {processor.py:157} INFO - Started process (PID=759) to work on /opt/airflow/dags/dag_with_taskflow.py
[2023-06-09T13:18:05.376+0000] {processor.py:826} INFO - Processing file /opt/airflow/dags/dag_with_taskflow.py for tasks to queue
[2023-06-09T13:18:05.377+0000] {logging_mixin.py:149} INFO - [2023-06-09T13:18:05.377+0000] {dagbag.py:541} INFO - Filling up the DagBag from /opt/airflow/dags/dag_with_taskflow.py
[2023-06-09T13:18:05.389+0000] {logging_mixin.py:149} INFO - [2023-06-09T13:18:05.389+0000] {taskmixin.py:211} WARNING - Dependency <Task(_PythonDecoratedOperator): get_name>, greet already registered for DAG: dag_with_taskflow_v04
[2023-06-09T13:18:05.389+0000] {logging_mixin.py:149} INFO - [2023-06-09T13:18:05.389+0000] {taskmixin.py:211} WARNING - Dependency <Task(_PythonDecoratedOperator): greet>, get_name already registered for DAG: dag_with_taskflow_v04
[2023-06-09T13:18:05.392+0000] {processor.py:836} INFO - DAG(s) dict_keys(['dag_with_taskflow_v04']) retrieved from /opt/airflow/dags/dag_with_taskflow.py
[2023-06-09T13:18:05.417+0000] {logging_mixin.py:149} INFO - [2023-06-09T13:18:05.417+0000] {dag.py:2726} INFO - Sync 1 DAGs
[2023-06-09T13:18:05.432+0000] {logging_mixin.py:149} INFO - [2023-06-09T13:18:05.432+0000] {dag.py:3490} INFO - Setting next_dagrun for dag_with_taskflow_v04 to 2023-06-09T00:00:00+00:00, run_after=2023-06-10T00:00:00+00:00
[2023-06-09T13:18:05.442+0000] {processor.py:179} INFO - Processing /opt/airflow/dags/dag_with_taskflow.py took 0.072 seconds
[2023-06-09T13:18:35.929+0000] {processor.py:157} INFO - Started process (PID=793) to work on /opt/airflow/dags/dag_with_taskflow.py
[2023-06-09T13:18:35.931+0000] {processor.py:826} INFO - Processing file /opt/airflow/dags/dag_with_taskflow.py for tasks to queue
[2023-06-09T13:18:35.933+0000] {logging_mixin.py:149} INFO - [2023-06-09T13:18:35.932+0000] {dagbag.py:541} INFO - Filling up the DagBag from /opt/airflow/dags/dag_with_taskflow.py
[2023-06-09T13:18:35.949+0000] {logging_mixin.py:149} INFO - [2023-06-09T13:18:35.949+0000] {taskmixin.py:211} WARNING - Dependency <Task(_PythonDecoratedOperator): get_name>, greet already registered for DAG: dag_with_taskflow_v04
[2023-06-09T13:18:35.950+0000] {logging_mixin.py:149} INFO - [2023-06-09T13:18:35.950+0000] {taskmixin.py:211} WARNING - Dependency <Task(_PythonDecoratedOperator): greet>, get_name already registered for DAG: dag_with_taskflow_v04
[2023-06-09T13:18:35.953+0000] {processor.py:836} INFO - DAG(s) dict_keys(['dag_with_taskflow_v04']) retrieved from /opt/airflow/dags/dag_with_taskflow.py
[2023-06-09T13:18:35.976+0000] {logging_mixin.py:149} INFO - [2023-06-09T13:18:35.976+0000] {dag.py:2726} INFO - Sync 1 DAGs
[2023-06-09T13:18:35.992+0000] {logging_mixin.py:149} INFO - [2023-06-09T13:18:35.991+0000] {dag.py:3490} INFO - Setting next_dagrun for dag_with_taskflow_v04 to 2023-06-09T00:00:00+00:00, run_after=2023-06-10T00:00:00+00:00
[2023-06-09T13:18:36.001+0000] {processor.py:179} INFO - Processing /opt/airflow/dags/dag_with_taskflow.py took 0.078 seconds
[2023-06-09T13:19:06.410+0000] {processor.py:157} INFO - Started process (PID=820) to work on /opt/airflow/dags/dag_with_taskflow.py
[2023-06-09T13:19:06.412+0000] {processor.py:826} INFO - Processing file /opt/airflow/dags/dag_with_taskflow.py for tasks to queue
[2023-06-09T13:19:06.414+0000] {logging_mixin.py:149} INFO - [2023-06-09T13:19:06.413+0000] {dagbag.py:541} INFO - Filling up the DagBag from /opt/airflow/dags/dag_with_taskflow.py
[2023-06-09T13:19:06.424+0000] {logging_mixin.py:149} INFO - [2023-06-09T13:19:06.424+0000] {taskmixin.py:211} WARNING - Dependency <Task(_PythonDecoratedOperator): get_name>, greet already registered for DAG: dag_with_taskflow_v04
[2023-06-09T13:19:06.425+0000] {logging_mixin.py:149} INFO - [2023-06-09T13:19:06.425+0000] {taskmixin.py:211} WARNING - Dependency <Task(_PythonDecoratedOperator): greet>, get_name already registered for DAG: dag_with_taskflow_v04
[2023-06-09T13:19:06.427+0000] {processor.py:836} INFO - DAG(s) dict_keys(['dag_with_taskflow_v04']) retrieved from /opt/airflow/dags/dag_with_taskflow.py
[2023-06-09T13:19:06.450+0000] {logging_mixin.py:149} INFO - [2023-06-09T13:19:06.450+0000] {dag.py:2726} INFO - Sync 1 DAGs
[2023-06-09T13:19:06.466+0000] {logging_mixin.py:149} INFO - [2023-06-09T13:19:06.465+0000] {dag.py:3490} INFO - Setting next_dagrun for dag_with_taskflow_v04 to 2023-06-09T00:00:00+00:00, run_after=2023-06-10T00:00:00+00:00
[2023-06-09T13:19:06.475+0000] {processor.py:179} INFO - Processing /opt/airflow/dags/dag_with_taskflow.py took 0.070 seconds
[2023-06-09T13:19:36.869+0000] {processor.py:157} INFO - Started process (PID=847) to work on /opt/airflow/dags/dag_with_taskflow.py
[2023-06-09T13:19:36.871+0000] {processor.py:826} INFO - Processing file /opt/airflow/dags/dag_with_taskflow.py for tasks to queue
[2023-06-09T13:19:36.873+0000] {logging_mixin.py:149} INFO - [2023-06-09T13:19:36.873+0000] {dagbag.py:541} INFO - Filling up the DagBag from /opt/airflow/dags/dag_with_taskflow.py
[2023-06-09T13:19:36.886+0000] {logging_mixin.py:149} INFO - [2023-06-09T13:19:36.886+0000] {taskmixin.py:211} WARNING - Dependency <Task(_PythonDecoratedOperator): get_name>, greet already registered for DAG: dag_with_taskflow_v04
[2023-06-09T13:19:36.886+0000] {logging_mixin.py:149} INFO - [2023-06-09T13:19:36.886+0000] {taskmixin.py:211} WARNING - Dependency <Task(_PythonDecoratedOperator): greet>, get_name already registered for DAG: dag_with_taskflow_v04
[2023-06-09T13:19:36.894+0000] {processor.py:836} INFO - DAG(s) dict_keys(['dag_with_taskflow_v04']) retrieved from /opt/airflow/dags/dag_with_taskflow.py
[2023-06-09T13:19:36.915+0000] {logging_mixin.py:149} INFO - [2023-06-09T13:19:36.915+0000] {dag.py:2726} INFO - Sync 1 DAGs
[2023-06-09T13:19:36.930+0000] {logging_mixin.py:149} INFO - [2023-06-09T13:19:36.930+0000] {dag.py:3490} INFO - Setting next_dagrun for dag_with_taskflow_v04 to 2023-06-09T00:00:00+00:00, run_after=2023-06-10T00:00:00+00:00
[2023-06-09T13:19:36.939+0000] {processor.py:179} INFO - Processing /opt/airflow/dags/dag_with_taskflow.py took 0.077 seconds
[2023-06-09T13:20:07.388+0000] {processor.py:157} INFO - Started process (PID=874) to work on /opt/airflow/dags/dag_with_taskflow.py
[2023-06-09T13:20:07.390+0000] {processor.py:826} INFO - Processing file /opt/airflow/dags/dag_with_taskflow.py for tasks to queue
[2023-06-09T13:20:07.391+0000] {logging_mixin.py:149} INFO - [2023-06-09T13:20:07.391+0000] {dagbag.py:541} INFO - Filling up the DagBag from /opt/airflow/dags/dag_with_taskflow.py
[2023-06-09T13:20:07.401+0000] {logging_mixin.py:149} INFO - [2023-06-09T13:20:07.401+0000] {taskmixin.py:211} WARNING - Dependency <Task(_PythonDecoratedOperator): get_name>, greet already registered for DAG: dag_with_taskflow_v04
[2023-06-09T13:20:07.402+0000] {logging_mixin.py:149} INFO - [2023-06-09T13:20:07.402+0000] {taskmixin.py:211} WARNING - Dependency <Task(_PythonDecoratedOperator): greet>, get_name already registered for DAG: dag_with_taskflow_v04
[2023-06-09T13:20:07.405+0000] {processor.py:836} INFO - DAG(s) dict_keys(['dag_with_taskflow_v04']) retrieved from /opt/airflow/dags/dag_with_taskflow.py
[2023-06-09T13:20:07.430+0000] {logging_mixin.py:149} INFO - [2023-06-09T13:20:07.430+0000] {dag.py:2726} INFO - Sync 1 DAGs
[2023-06-09T13:20:07.446+0000] {logging_mixin.py:149} INFO - [2023-06-09T13:20:07.446+0000] {dag.py:3490} INFO - Setting next_dagrun for dag_with_taskflow_v04 to 2023-06-09T00:00:00+00:00, run_after=2023-06-10T00:00:00+00:00
[2023-06-09T13:20:07.456+0000] {processor.py:179} INFO - Processing /opt/airflow/dags/dag_with_taskflow.py took 0.071 seconds
[2023-06-09T13:20:37.857+0000] {processor.py:157} INFO - Started process (PID=902) to work on /opt/airflow/dags/dag_with_taskflow.py
[2023-06-09T13:20:37.859+0000] {processor.py:826} INFO - Processing file /opt/airflow/dags/dag_with_taskflow.py for tasks to queue
[2023-06-09T13:20:37.861+0000] {logging_mixin.py:149} INFO - [2023-06-09T13:20:37.861+0000] {dagbag.py:541} INFO - Filling up the DagBag from /opt/airflow/dags/dag_with_taskflow.py
[2023-06-09T13:20:37.873+0000] {logging_mixin.py:149} INFO - [2023-06-09T13:20:37.873+0000] {taskmixin.py:211} WARNING - Dependency <Task(_PythonDecoratedOperator): get_name>, greet already registered for DAG: dag_with_taskflow_v04
[2023-06-09T13:20:37.874+0000] {logging_mixin.py:149} INFO - [2023-06-09T13:20:37.874+0000] {taskmixin.py:211} WARNING - Dependency <Task(_PythonDecoratedOperator): greet>, get_name already registered for DAG: dag_with_taskflow_v04
[2023-06-09T13:20:37.877+0000] {processor.py:836} INFO - DAG(s) dict_keys(['dag_with_taskflow_v04']) retrieved from /opt/airflow/dags/dag_with_taskflow.py
[2023-06-09T13:20:37.902+0000] {logging_mixin.py:149} INFO - [2023-06-09T13:20:37.902+0000] {dag.py:2726} INFO - Sync 1 DAGs
[2023-06-09T13:20:37.917+0000] {logging_mixin.py:149} INFO - [2023-06-09T13:20:37.917+0000] {dag.py:3490} INFO - Setting next_dagrun for dag_with_taskflow_v04 to 2023-06-09T00:00:00+00:00, run_after=2023-06-10T00:00:00+00:00
[2023-06-09T13:20:37.927+0000] {processor.py:179} INFO - Processing /opt/airflow/dags/dag_with_taskflow.py took 0.077 seconds
[2023-06-09T13:21:08.354+0000] {processor.py:157} INFO - Started process (PID=939) to work on /opt/airflow/dags/dag_with_taskflow.py
[2023-06-09T13:21:08.357+0000] {processor.py:826} INFO - Processing file /opt/airflow/dags/dag_with_taskflow.py for tasks to queue
[2023-06-09T13:21:08.358+0000] {logging_mixin.py:149} INFO - [2023-06-09T13:21:08.358+0000] {dagbag.py:541} INFO - Filling up the DagBag from /opt/airflow/dags/dag_with_taskflow.py
[2023-06-09T13:21:08.370+0000] {logging_mixin.py:149} INFO - [2023-06-09T13:21:08.369+0000] {taskmixin.py:211} WARNING - Dependency <Task(_PythonDecoratedOperator): get_name>, greet already registered for DAG: dag_with_taskflow_v04
[2023-06-09T13:21:08.370+0000] {logging_mixin.py:149} INFO - [2023-06-09T13:21:08.370+0000] {taskmixin.py:211} WARNING - Dependency <Task(_PythonDecoratedOperator): greet>, get_name already registered for DAG: dag_with_taskflow_v04
[2023-06-09T13:21:08.373+0000] {processor.py:836} INFO - DAG(s) dict_keys(['dag_with_taskflow_v04']) retrieved from /opt/airflow/dags/dag_with_taskflow.py
[2023-06-09T13:21:08.395+0000] {logging_mixin.py:149} INFO - [2023-06-09T13:21:08.395+0000] {dag.py:2726} INFO - Sync 1 DAGs
[2023-06-09T13:21:08.411+0000] {logging_mixin.py:149} INFO - [2023-06-09T13:21:08.411+0000] {dag.py:3490} INFO - Setting next_dagrun for dag_with_taskflow_v04 to 2023-06-09T00:00:00+00:00, run_after=2023-06-10T00:00:00+00:00
[2023-06-09T13:21:08.421+0000] {processor.py:179} INFO - Processing /opt/airflow/dags/dag_with_taskflow.py took 0.073 seconds
[2023-06-09T13:21:38.829+0000] {processor.py:157} INFO - Started process (PID=966) to work on /opt/airflow/dags/dag_with_taskflow.py
[2023-06-09T13:21:38.830+0000] {processor.py:826} INFO - Processing file /opt/airflow/dags/dag_with_taskflow.py for tasks to queue
[2023-06-09T13:21:38.832+0000] {logging_mixin.py:149} INFO - [2023-06-09T13:21:38.832+0000] {dagbag.py:541} INFO - Filling up the DagBag from /opt/airflow/dags/dag_with_taskflow.py
[2023-06-09T13:21:38.845+0000] {logging_mixin.py:149} INFO - [2023-06-09T13:21:38.845+0000] {taskmixin.py:211} WARNING - Dependency <Task(_PythonDecoratedOperator): get_name>, greet already registered for DAG: dag_with_taskflow_v04
[2023-06-09T13:21:38.846+0000] {logging_mixin.py:149} INFO - [2023-06-09T13:21:38.845+0000] {taskmixin.py:211} WARNING - Dependency <Task(_PythonDecoratedOperator): greet>, get_name already registered for DAG: dag_with_taskflow_v04
[2023-06-09T13:21:38.849+0000] {processor.py:836} INFO - DAG(s) dict_keys(['dag_with_taskflow_v04']) retrieved from /opt/airflow/dags/dag_with_taskflow.py
[2023-06-09T13:21:38.871+0000] {logging_mixin.py:149} INFO - [2023-06-09T13:21:38.871+0000] {dag.py:2726} INFO - Sync 1 DAGs
[2023-06-09T13:21:38.886+0000] {logging_mixin.py:149} INFO - [2023-06-09T13:21:38.886+0000] {dag.py:3490} INFO - Setting next_dagrun for dag_with_taskflow_v04 to 2023-06-09T00:00:00+00:00, run_after=2023-06-10T00:00:00+00:00
[2023-06-09T13:21:38.896+0000] {processor.py:179} INFO - Processing /opt/airflow/dags/dag_with_taskflow.py took 0.072 seconds
[2023-06-09T13:22:09.299+0000] {processor.py:157} INFO - Started process (PID=993) to work on /opt/airflow/dags/dag_with_taskflow.py
[2023-06-09T13:22:09.301+0000] {processor.py:826} INFO - Processing file /opt/airflow/dags/dag_with_taskflow.py for tasks to queue
[2023-06-09T13:22:09.302+0000] {logging_mixin.py:149} INFO - [2023-06-09T13:22:09.302+0000] {dagbag.py:541} INFO - Filling up the DagBag from /opt/airflow/dags/dag_with_taskflow.py
[2023-06-09T13:22:09.312+0000] {logging_mixin.py:149} INFO - [2023-06-09T13:22:09.312+0000] {taskmixin.py:211} WARNING - Dependency <Task(_PythonDecoratedOperator): get_name>, greet already registered for DAG: dag_with_taskflow_v04
[2023-06-09T13:22:09.313+0000] {logging_mixin.py:149} INFO - [2023-06-09T13:22:09.312+0000] {taskmixin.py:211} WARNING - Dependency <Task(_PythonDecoratedOperator): greet>, get_name already registered for DAG: dag_with_taskflow_v04
[2023-06-09T13:22:09.315+0000] {processor.py:836} INFO - DAG(s) dict_keys(['dag_with_taskflow_v04']) retrieved from /opt/airflow/dags/dag_with_taskflow.py
[2023-06-09T13:22:09.337+0000] {logging_mixin.py:149} INFO - [2023-06-09T13:22:09.337+0000] {dag.py:2726} INFO - Sync 1 DAGs
[2023-06-09T13:22:09.352+0000] {logging_mixin.py:149} INFO - [2023-06-09T13:22:09.352+0000] {dag.py:3490} INFO - Setting next_dagrun for dag_with_taskflow_v04 to 2023-06-09T00:00:00+00:00, run_after=2023-06-10T00:00:00+00:00
[2023-06-09T13:22:09.361+0000] {processor.py:179} INFO - Processing /opt/airflow/dags/dag_with_taskflow.py took 0.068 seconds
[2023-06-09T13:22:39.787+0000] {processor.py:157} INFO - Started process (PID=1232) to work on /opt/airflow/dags/dag_with_taskflow.py
[2023-06-09T13:22:39.789+0000] {processor.py:826} INFO - Processing file /opt/airflow/dags/dag_with_taskflow.py for tasks to queue
[2023-06-09T13:22:39.790+0000] {logging_mixin.py:149} INFO - [2023-06-09T13:22:39.790+0000] {dagbag.py:541} INFO - Filling up the DagBag from /opt/airflow/dags/dag_with_taskflow.py
[2023-06-09T13:22:39.803+0000] {logging_mixin.py:149} INFO - [2023-06-09T13:22:39.803+0000] {taskmixin.py:211} WARNING - Dependency <Task(_PythonDecoratedOperator): get_name>, greet already registered for DAG: dag_with_taskflow_v04
[2023-06-09T13:22:39.804+0000] {logging_mixin.py:149} INFO - [2023-06-09T13:22:39.804+0000] {taskmixin.py:211} WARNING - Dependency <Task(_PythonDecoratedOperator): greet>, get_name already registered for DAG: dag_with_taskflow_v04
[2023-06-09T13:22:39.807+0000] {processor.py:836} INFO - DAG(s) dict_keys(['dag_with_taskflow_v04']) retrieved from /opt/airflow/dags/dag_with_taskflow.py
[2023-06-09T13:22:39.833+0000] {logging_mixin.py:149} INFO - [2023-06-09T13:22:39.832+0000] {dag.py:2726} INFO - Sync 1 DAGs
[2023-06-09T13:22:39.849+0000] {logging_mixin.py:149} INFO - [2023-06-09T13:22:39.849+0000] {dag.py:3490} INFO - Setting next_dagrun for dag_with_taskflow_v04 to 2023-06-09T00:00:00+00:00, run_after=2023-06-10T00:00:00+00:00
[2023-06-09T13:22:39.859+0000] {processor.py:179} INFO - Processing /opt/airflow/dags/dag_with_taskflow.py took 0.078 seconds
[2023-06-09T13:23:10.270+0000] {processor.py:157} INFO - Started process (PID=1259) to work on /opt/airflow/dags/dag_with_taskflow.py
[2023-06-09T13:23:10.273+0000] {processor.py:826} INFO - Processing file /opt/airflow/dags/dag_with_taskflow.py for tasks to queue
[2023-06-09T13:23:10.275+0000] {logging_mixin.py:149} INFO - [2023-06-09T13:23:10.275+0000] {dagbag.py:541} INFO - Filling up the DagBag from /opt/airflow/dags/dag_with_taskflow.py
[2023-06-09T13:23:10.289+0000] {logging_mixin.py:149} INFO - [2023-06-09T13:23:10.289+0000] {taskmixin.py:211} WARNING - Dependency <Task(_PythonDecoratedOperator): get_name>, greet already registered for DAG: dag_with_taskflow_v04
[2023-06-09T13:23:10.290+0000] {logging_mixin.py:149} INFO - [2023-06-09T13:23:10.290+0000] {taskmixin.py:211} WARNING - Dependency <Task(_PythonDecoratedOperator): greet>, get_name already registered for DAG: dag_with_taskflow_v04
[2023-06-09T13:23:10.293+0000] {processor.py:836} INFO - DAG(s) dict_keys(['dag_with_taskflow_v04']) retrieved from /opt/airflow/dags/dag_with_taskflow.py
[2023-06-09T13:23:10.319+0000] {logging_mixin.py:149} INFO - [2023-06-09T13:23:10.319+0000] {dag.py:2726} INFO - Sync 1 DAGs
[2023-06-09T13:23:10.335+0000] {logging_mixin.py:149} INFO - [2023-06-09T13:23:10.335+0000] {dag.py:3490} INFO - Setting next_dagrun for dag_with_taskflow_v04 to 2023-06-09T00:00:00+00:00, run_after=2023-06-10T00:00:00+00:00
[2023-06-09T13:23:10.345+0000] {processor.py:179} INFO - Processing /opt/airflow/dags/dag_with_taskflow.py took 0.082 seconds
[2023-06-09T13:23:40.802+0000] {processor.py:157} INFO - Started process (PID=1291) to work on /opt/airflow/dags/dag_with_taskflow.py
[2023-06-09T13:23:40.805+0000] {processor.py:826} INFO - Processing file /opt/airflow/dags/dag_with_taskflow.py for tasks to queue
[2023-06-09T13:23:40.807+0000] {logging_mixin.py:149} INFO - [2023-06-09T13:23:40.807+0000] {dagbag.py:541} INFO - Filling up the DagBag from /opt/airflow/dags/dag_with_taskflow.py
[2023-06-09T13:23:40.820+0000] {logging_mixin.py:149} INFO - [2023-06-09T13:23:40.820+0000] {taskmixin.py:211} WARNING - Dependency <Task(_PythonDecoratedOperator): get_name>, greet already registered for DAG: dag_with_taskflow_v04
[2023-06-09T13:23:40.821+0000] {logging_mixin.py:149} INFO - [2023-06-09T13:23:40.820+0000] {taskmixin.py:211} WARNING - Dependency <Task(_PythonDecoratedOperator): greet>, get_name already registered for DAG: dag_with_taskflow_v04
[2023-06-09T13:23:40.824+0000] {processor.py:836} INFO - DAG(s) dict_keys(['dag_with_taskflow_v04']) retrieved from /opt/airflow/dags/dag_with_taskflow.py
[2023-06-09T13:23:40.850+0000] {logging_mixin.py:149} INFO - [2023-06-09T13:23:40.850+0000] {dag.py:2726} INFO - Sync 1 DAGs
[2023-06-09T13:23:40.867+0000] {logging_mixin.py:149} INFO - [2023-06-09T13:23:40.867+0000] {dag.py:3490} INFO - Setting next_dagrun for dag_with_taskflow_v04 to 2023-06-09T00:00:00+00:00, run_after=2023-06-10T00:00:00+00:00
[2023-06-09T13:23:40.877+0000] {processor.py:179} INFO - Processing /opt/airflow/dags/dag_with_taskflow.py took 0.081 seconds
[2023-06-09T13:24:11.302+0000] {processor.py:157} INFO - Started process (PID=1318) to work on /opt/airflow/dags/dag_with_taskflow.py
[2023-06-09T13:24:11.304+0000] {processor.py:826} INFO - Processing file /opt/airflow/dags/dag_with_taskflow.py for tasks to queue
[2023-06-09T13:24:11.306+0000] {logging_mixin.py:149} INFO - [2023-06-09T13:24:11.306+0000] {dagbag.py:541} INFO - Filling up the DagBag from /opt/airflow/dags/dag_with_taskflow.py
[2023-06-09T13:24:11.318+0000] {logging_mixin.py:149} INFO - [2023-06-09T13:24:11.318+0000] {taskmixin.py:211} WARNING - Dependency <Task(_PythonDecoratedOperator): get_name>, greet already registered for DAG: dag_with_taskflow_v04
[2023-06-09T13:24:11.319+0000] {logging_mixin.py:149} INFO - [2023-06-09T13:24:11.318+0000] {taskmixin.py:211} WARNING - Dependency <Task(_PythonDecoratedOperator): greet>, get_name already registered for DAG: dag_with_taskflow_v04
[2023-06-09T13:24:11.321+0000] {processor.py:836} INFO - DAG(s) dict_keys(['dag_with_taskflow_v04']) retrieved from /opt/airflow/dags/dag_with_taskflow.py
[2023-06-09T13:24:11.345+0000] {logging_mixin.py:149} INFO - [2023-06-09T13:24:11.345+0000] {dag.py:2726} INFO - Sync 1 DAGs
[2023-06-09T13:24:11.360+0000] {logging_mixin.py:149} INFO - [2023-06-09T13:24:11.360+0000] {dag.py:3490} INFO - Setting next_dagrun for dag_with_taskflow_v04 to 2023-06-09T00:00:00+00:00, run_after=2023-06-10T00:00:00+00:00
[2023-06-09T13:24:11.370+0000] {processor.py:179} INFO - Processing /opt/airflow/dags/dag_with_taskflow.py took 0.073 seconds
[2023-06-09T13:24:41.755+0000] {processor.py:157} INFO - Started process (PID=1345) to work on /opt/airflow/dags/dag_with_taskflow.py
[2023-06-09T13:24:41.758+0000] {processor.py:826} INFO - Processing file /opt/airflow/dags/dag_with_taskflow.py for tasks to queue
[2023-06-09T13:24:41.759+0000] {logging_mixin.py:149} INFO - [2023-06-09T13:24:41.759+0000] {dagbag.py:541} INFO - Filling up the DagBag from /opt/airflow/dags/dag_with_taskflow.py
[2023-06-09T13:24:41.771+0000] {logging_mixin.py:149} INFO - [2023-06-09T13:24:41.771+0000] {taskmixin.py:211} WARNING - Dependency <Task(_PythonDecoratedOperator): get_name>, greet already registered for DAG: dag_with_taskflow_v04
[2023-06-09T13:24:41.771+0000] {logging_mixin.py:149} INFO - [2023-06-09T13:24:41.771+0000] {taskmixin.py:211} WARNING - Dependency <Task(_PythonDecoratedOperator): greet>, get_name already registered for DAG: dag_with_taskflow_v04
[2023-06-09T13:24:41.775+0000] {processor.py:836} INFO - DAG(s) dict_keys(['dag_with_taskflow_v04']) retrieved from /opt/airflow/dags/dag_with_taskflow.py
[2023-06-09T13:24:41.804+0000] {logging_mixin.py:149} INFO - [2023-06-09T13:24:41.804+0000] {dag.py:2726} INFO - Sync 1 DAGs
[2023-06-09T13:24:41.820+0000] {logging_mixin.py:149} INFO - [2023-06-09T13:24:41.820+0000] {dag.py:3490} INFO - Setting next_dagrun for dag_with_taskflow_v04 to 2023-06-09T00:00:00+00:00, run_after=2023-06-10T00:00:00+00:00
[2023-06-09T13:24:41.831+0000] {processor.py:179} INFO - Processing /opt/airflow/dags/dag_with_taskflow.py took 0.081 seconds
[2023-06-09T13:25:12.247+0000] {processor.py:157} INFO - Started process (PID=1378) to work on /opt/airflow/dags/dag_with_taskflow.py
[2023-06-09T13:25:12.249+0000] {processor.py:826} INFO - Processing file /opt/airflow/dags/dag_with_taskflow.py for tasks to queue
[2023-06-09T13:25:12.250+0000] {logging_mixin.py:149} INFO - [2023-06-09T13:25:12.250+0000] {dagbag.py:541} INFO - Filling up the DagBag from /opt/airflow/dags/dag_with_taskflow.py
[2023-06-09T13:25:12.263+0000] {logging_mixin.py:149} INFO - [2023-06-09T13:25:12.263+0000] {taskmixin.py:211} WARNING - Dependency <Task(_PythonDecoratedOperator): get_name>, greet already registered for DAG: dag_with_taskflow_v04
[2023-06-09T13:25:12.264+0000] {logging_mixin.py:149} INFO - [2023-06-09T13:25:12.263+0000] {taskmixin.py:211} WARNING - Dependency <Task(_PythonDecoratedOperator): greet>, get_name already registered for DAG: dag_with_taskflow_v04
[2023-06-09T13:25:12.267+0000] {processor.py:836} INFO - DAG(s) dict_keys(['dag_with_taskflow_v04']) retrieved from /opt/airflow/dags/dag_with_taskflow.py
[2023-06-09T13:25:12.292+0000] {logging_mixin.py:149} INFO - [2023-06-09T13:25:12.292+0000] {dag.py:2726} INFO - Sync 1 DAGs
[2023-06-09T13:25:12.307+0000] {logging_mixin.py:149} INFO - [2023-06-09T13:25:12.307+0000] {dag.py:3490} INFO - Setting next_dagrun for dag_with_taskflow_v04 to 2023-06-09T00:00:00+00:00, run_after=2023-06-10T00:00:00+00:00
[2023-06-09T13:25:12.316+0000] {processor.py:179} INFO - Processing /opt/airflow/dags/dag_with_taskflow.py took 0.075 seconds
