[2023-06-09T13:15:55.420+0000] {processor.py:157} INFO - Started process (PID=616) to work on /opt/airflow/dags/dag_with_catchup_and_backfill.py
[2023-06-09T13:15:55.421+0000] {processor.py:826} INFO - Processing file /opt/airflow/dags/dag_with_catchup_and_backfill.py for tasks to queue
[2023-06-09T13:15:55.422+0000] {logging_mixin.py:149} INFO - [2023-06-09T13:15:55.422+0000] {dagbag.py:541} INFO - Filling up the DagBag from /opt/airflow/dags/dag_with_catchup_and_backfill.py
[2023-06-09T13:15:55.436+0000] {processor.py:836} INFO - DAG(s) dict_keys(['dag_with_catchup_backfill_v01']) retrieved from /opt/airflow/dags/dag_with_catchup_and_backfill.py
[2023-06-09T13:15:55.504+0000] {logging_mixin.py:149} INFO - [2023-06-09T13:15:55.503+0000] {manager.py:504} INFO - Created Permission View: can delete on DAG:dag_with_catchup_backfill_v01
[2023-06-09T13:15:55.509+0000] {logging_mixin.py:149} INFO - [2023-06-09T13:15:55.509+0000] {manager.py:504} INFO - Created Permission View: can edit on DAG:dag_with_catchup_backfill_v01
[2023-06-09T13:15:55.512+0000] {logging_mixin.py:149} INFO - [2023-06-09T13:15:55.511+0000] {manager.py:504} INFO - Created Permission View: can read on DAG:dag_with_catchup_backfill_v01
[2023-06-09T13:15:55.512+0000] {logging_mixin.py:149} INFO - [2023-06-09T13:15:55.512+0000] {dag.py:2726} INFO - Sync 1 DAGs
[2023-06-09T13:15:55.519+0000] {logging_mixin.py:149} INFO - [2023-06-09T13:15:55.519+0000] {dag.py:2747} INFO - Creating ORM DAG for dag_with_catchup_backfill_v01
[2023-06-09T13:15:55.525+0000] {logging_mixin.py:149} INFO - [2023-06-09T13:15:55.525+0000] {dag.py:3490} INFO - Setting next_dagrun for dag_with_catchup_backfill_v01 to 2023-06-01T00:00:00+00:00, run_after=2023-06-02T00:00:00+00:00
[2023-06-09T13:15:55.534+0000] {processor.py:179} INFO - Processing /opt/airflow/dags/dag_with_catchup_and_backfill.py took 0.116 seconds
[2023-06-09T13:15:56.466+0000] {processor.py:157} INFO - Started process (PID=621) to work on /opt/airflow/dags/dag_with_catchup_and_backfill.py
[2023-06-09T13:15:56.467+0000] {processor.py:826} INFO - Processing file /opt/airflow/dags/dag_with_catchup_and_backfill.py for tasks to queue
[2023-06-09T13:15:56.469+0000] {logging_mixin.py:149} INFO - [2023-06-09T13:15:56.469+0000] {dagbag.py:541} INFO - Filling up the DagBag from /opt/airflow/dags/dag_with_catchup_and_backfill.py
[2023-06-09T13:15:56.489+0000] {processor.py:836} INFO - DAG(s) dict_keys(['dag_with_catchup_backfill_v01']) retrieved from /opt/airflow/dags/dag_with_catchup_and_backfill.py
[2023-06-09T13:15:56.502+0000] {logging_mixin.py:149} INFO - [2023-06-09T13:15:56.502+0000] {dag.py:2726} INFO - Sync 1 DAGs
[2023-06-09T13:15:56.519+0000] {logging_mixin.py:149} INFO - [2023-06-09T13:15:56.519+0000] {dag.py:3490} INFO - Setting next_dagrun for dag_with_catchup_backfill_v01 to 2023-06-01T00:00:00+00:00, run_after=2023-06-02T00:00:00+00:00
[2023-06-09T13:15:56.530+0000] {processor.py:179} INFO - Processing /opt/airflow/dags/dag_with_catchup_and_backfill.py took 0.070 seconds
[2023-06-09T13:16:26.908+0000] {processor.py:157} INFO - Started process (PID=648) to work on /opt/airflow/dags/dag_with_catchup_and_backfill.py
[2023-06-09T13:16:26.911+0000] {processor.py:826} INFO - Processing file /opt/airflow/dags/dag_with_catchup_and_backfill.py for tasks to queue
[2023-06-09T13:16:26.912+0000] {logging_mixin.py:149} INFO - [2023-06-09T13:16:26.912+0000] {dagbag.py:541} INFO - Filling up the DagBag from /opt/airflow/dags/dag_with_catchup_and_backfill.py
[2023-06-09T13:16:26.934+0000] {processor.py:836} INFO - DAG(s) dict_keys(['dag_with_catchup_backfill_v01']) retrieved from /opt/airflow/dags/dag_with_catchup_and_backfill.py
[2023-06-09T13:16:26.960+0000] {logging_mixin.py:149} INFO - [2023-06-09T13:16:26.960+0000] {dag.py:2726} INFO - Sync 1 DAGs
[2023-06-09T13:16:26.977+0000] {logging_mixin.py:149} INFO - [2023-06-09T13:16:26.977+0000] {dag.py:3490} INFO - Setting next_dagrun for dag_with_catchup_backfill_v01 to 2023-06-01T00:00:00+00:00, run_after=2023-06-02T00:00:00+00:00
[2023-06-09T13:16:26.989+0000] {processor.py:179} INFO - Processing /opt/airflow/dags/dag_with_catchup_and_backfill.py took 0.087 seconds
[2023-06-09T13:16:57.383+0000] {processor.py:157} INFO - Started process (PID=700) to work on /opt/airflow/dags/dag_with_catchup_and_backfill.py
[2023-06-09T13:16:57.386+0000] {processor.py:826} INFO - Processing file /opt/airflow/dags/dag_with_catchup_and_backfill.py for tasks to queue
[2023-06-09T13:16:57.388+0000] {logging_mixin.py:149} INFO - [2023-06-09T13:16:57.388+0000] {dagbag.py:541} INFO - Filling up the DagBag from /opt/airflow/dags/dag_with_catchup_and_backfill.py
[2023-06-09T13:16:57.411+0000] {processor.py:836} INFO - DAG(s) dict_keys(['dag_with_catchup_backfill_v01']) retrieved from /opt/airflow/dags/dag_with_catchup_and_backfill.py
[2023-06-09T13:16:57.436+0000] {logging_mixin.py:149} INFO - [2023-06-09T13:16:57.436+0000] {dag.py:2726} INFO - Sync 1 DAGs
[2023-06-09T13:16:57.454+0000] {logging_mixin.py:149} INFO - [2023-06-09T13:16:57.454+0000] {dag.py:3490} INFO - Setting next_dagrun for dag_with_catchup_backfill_v01 to 2023-06-09T00:00:00+00:00, run_after=2023-06-10T00:00:00+00:00
[2023-06-09T13:16:57.465+0000] {processor.py:179} INFO - Processing /opt/airflow/dags/dag_with_catchup_and_backfill.py took 0.088 seconds
[2023-06-09T13:17:27.807+0000] {processor.py:157} INFO - Started process (PID=727) to work on /opt/airflow/dags/dag_with_catchup_and_backfill.py
[2023-06-09T13:17:27.809+0000] {processor.py:826} INFO - Processing file /opt/airflow/dags/dag_with_catchup_and_backfill.py for tasks to queue
[2023-06-09T13:17:27.809+0000] {logging_mixin.py:149} INFO - [2023-06-09T13:17:27.809+0000] {dagbag.py:541} INFO - Filling up the DagBag from /opt/airflow/dags/dag_with_catchup_and_backfill.py
[2023-06-09T13:17:27.818+0000] {processor.py:836} INFO - DAG(s) dict_keys(['dag_with_catchup_backfill_v01']) retrieved from /opt/airflow/dags/dag_with_catchup_and_backfill.py
[2023-06-09T13:17:27.838+0000] {logging_mixin.py:149} INFO - [2023-06-09T13:17:27.838+0000] {dag.py:2726} INFO - Sync 1 DAGs
[2023-06-09T13:17:27.853+0000] {logging_mixin.py:149} INFO - [2023-06-09T13:17:27.853+0000] {dag.py:3490} INFO - Setting next_dagrun for dag_with_catchup_backfill_v01 to 2023-06-09T00:00:00+00:00, run_after=2023-06-10T00:00:00+00:00
[2023-06-09T13:17:27.862+0000] {processor.py:179} INFO - Processing /opt/airflow/dags/dag_with_catchup_and_backfill.py took 0.058 seconds
[2023-06-09T13:17:58.249+0000] {processor.py:157} INFO - Started process (PID=754) to work on /opt/airflow/dags/dag_with_catchup_and_backfill.py
[2023-06-09T13:17:58.251+0000] {processor.py:826} INFO - Processing file /opt/airflow/dags/dag_with_catchup_and_backfill.py for tasks to queue
[2023-06-09T13:17:58.253+0000] {logging_mixin.py:149} INFO - [2023-06-09T13:17:58.253+0000] {dagbag.py:541} INFO - Filling up the DagBag from /opt/airflow/dags/dag_with_catchup_and_backfill.py
[2023-06-09T13:17:58.269+0000] {processor.py:836} INFO - DAG(s) dict_keys(['dag_with_catchup_backfill_v01']) retrieved from /opt/airflow/dags/dag_with_catchup_and_backfill.py
[2023-06-09T13:17:58.296+0000] {logging_mixin.py:149} INFO - [2023-06-09T13:17:58.296+0000] {dag.py:2726} INFO - Sync 1 DAGs
[2023-06-09T13:17:58.311+0000] {logging_mixin.py:149} INFO - [2023-06-09T13:17:58.311+0000] {dag.py:3490} INFO - Setting next_dagrun for dag_with_catchup_backfill_v01 to 2023-06-09T00:00:00+00:00, run_after=2023-06-10T00:00:00+00:00
[2023-06-09T13:17:58.320+0000] {processor.py:179} INFO - Processing /opt/airflow/dags/dag_with_catchup_and_backfill.py took 0.078 seconds
[2023-06-09T13:18:12.573+0000] {processor.py:157} INFO - Started process (PID=774) to work on /opt/airflow/dags/dag_with_catchup_and_backfill.py
[2023-06-09T13:18:12.576+0000] {processor.py:826} INFO - Processing file /opt/airflow/dags/dag_with_catchup_and_backfill.py for tasks to queue
[2023-06-09T13:18:12.577+0000] {logging_mixin.py:149} INFO - [2023-06-09T13:18:12.577+0000] {dagbag.py:541} INFO - Filling up the DagBag from /opt/airflow/dags/dag_with_catchup_and_backfill.py
[2023-06-09T13:18:12.603+0000] {processor.py:836} INFO - DAG(s) dict_keys(['dag_with_catchup_backfill_v01']) retrieved from /opt/airflow/dags/dag_with_catchup_and_backfill.py
[2023-06-09T13:18:12.648+0000] {logging_mixin.py:149} INFO - [2023-06-09T13:18:12.648+0000] {dag.py:2726} INFO - Sync 1 DAGs
[2023-06-09T13:18:12.663+0000] {logging_mixin.py:149} INFO - [2023-06-09T13:18:12.663+0000] {dag.py:3490} INFO - Setting next_dagrun for dag_with_catchup_backfill_v01 to 2023-06-09T00:00:00+00:00, run_after=2023-06-10T00:00:00+00:00
[2023-06-09T13:18:12.675+0000] {processor.py:179} INFO - Processing /opt/airflow/dags/dag_with_catchup_and_backfill.py took 0.109 seconds
[2023-06-09T13:18:16.662+0000] {processor.py:157} INFO - Started process (PID=779) to work on /opt/airflow/dags/dag_with_catchup_and_backfill.py
[2023-06-09T13:18:16.664+0000] {processor.py:826} INFO - Processing file /opt/airflow/dags/dag_with_catchup_and_backfill.py for tasks to queue
[2023-06-09T13:18:16.665+0000] {logging_mixin.py:149} INFO - [2023-06-09T13:18:16.665+0000] {dagbag.py:541} INFO - Filling up the DagBag from /opt/airflow/dags/dag_with_catchup_and_backfill.py
[2023-06-09T13:18:16.685+0000] {processor.py:836} INFO - DAG(s) dict_keys(['dag_with_catchup_backfill_v02']) retrieved from /opt/airflow/dags/dag_with_catchup_and_backfill.py
[2023-06-09T13:18:16.763+0000] {logging_mixin.py:149} INFO - [2023-06-09T13:18:16.762+0000] {manager.py:504} INFO - Created Permission View: can delete on DAG:dag_with_catchup_backfill_v02
[2023-06-09T13:18:16.767+0000] {logging_mixin.py:149} INFO - [2023-06-09T13:18:16.767+0000] {manager.py:504} INFO - Created Permission View: can edit on DAG:dag_with_catchup_backfill_v02
[2023-06-09T13:18:16.770+0000] {logging_mixin.py:149} INFO - [2023-06-09T13:18:16.770+0000] {manager.py:504} INFO - Created Permission View: can read on DAG:dag_with_catchup_backfill_v02
[2023-06-09T13:18:16.771+0000] {logging_mixin.py:149} INFO - [2023-06-09T13:18:16.771+0000] {dag.py:2726} INFO - Sync 1 DAGs
[2023-06-09T13:18:16.777+0000] {logging_mixin.py:149} INFO - [2023-06-09T13:18:16.777+0000] {dag.py:2747} INFO - Creating ORM DAG for dag_with_catchup_backfill_v02
[2023-06-09T13:18:16.784+0000] {logging_mixin.py:149} INFO - [2023-06-09T13:18:16.784+0000] {dag.py:3490} INFO - Setting next_dagrun for dag_with_catchup_backfill_v02 to 2023-06-08T00:00:00+00:00, run_after=2023-06-09T00:00:00+00:00
[2023-06-09T13:18:16.793+0000] {processor.py:179} INFO - Processing /opt/airflow/dags/dag_with_catchup_and_backfill.py took 0.135 seconds
[2023-06-09T13:18:47.167+0000] {processor.py:157} INFO - Started process (PID=808) to work on /opt/airflow/dags/dag_with_catchup_and_backfill.py
[2023-06-09T13:18:47.170+0000] {processor.py:826} INFO - Processing file /opt/airflow/dags/dag_with_catchup_and_backfill.py for tasks to queue
[2023-06-09T13:18:47.171+0000] {logging_mixin.py:149} INFO - [2023-06-09T13:18:47.171+0000] {dagbag.py:541} INFO - Filling up the DagBag from /opt/airflow/dags/dag_with_catchup_and_backfill.py
[2023-06-09T13:18:47.187+0000] {processor.py:836} INFO - DAG(s) dict_keys(['dag_with_catchup_backfill_v02']) retrieved from /opt/airflow/dags/dag_with_catchup_and_backfill.py
[2023-06-09T13:18:47.211+0000] {logging_mixin.py:149} INFO - [2023-06-09T13:18:47.211+0000] {dag.py:2726} INFO - Sync 1 DAGs
[2023-06-09T13:18:47.228+0000] {logging_mixin.py:149} INFO - [2023-06-09T13:18:47.228+0000] {dag.py:3490} INFO - Setting next_dagrun for dag_with_catchup_backfill_v02 to 2023-06-09T00:00:00+00:00, run_after=2023-06-10T00:00:00+00:00
[2023-06-09T13:18:47.238+0000] {processor.py:179} INFO - Processing /opt/airflow/dags/dag_with_catchup_and_backfill.py took 0.077 seconds
[2023-06-09T13:19:17.648+0000] {processor.py:157} INFO - Started process (PID=835) to work on /opt/airflow/dags/dag_with_catchup_and_backfill.py
[2023-06-09T13:19:17.650+0000] {processor.py:826} INFO - Processing file /opt/airflow/dags/dag_with_catchup_and_backfill.py for tasks to queue
[2023-06-09T13:19:17.652+0000] {logging_mixin.py:149} INFO - [2023-06-09T13:19:17.652+0000] {dagbag.py:541} INFO - Filling up the DagBag from /opt/airflow/dags/dag_with_catchup_and_backfill.py
[2023-06-09T13:19:17.670+0000] {processor.py:836} INFO - DAG(s) dict_keys(['dag_with_catchup_backfill_v02']) retrieved from /opt/airflow/dags/dag_with_catchup_and_backfill.py
[2023-06-09T13:19:17.709+0000] {logging_mixin.py:149} INFO - [2023-06-09T13:19:17.709+0000] {dag.py:2726} INFO - Sync 1 DAGs
[2023-06-09T13:19:17.729+0000] {logging_mixin.py:149} INFO - [2023-06-09T13:19:17.729+0000] {dag.py:3490} INFO - Setting next_dagrun for dag_with_catchup_backfill_v02 to 2023-06-09T00:00:00+00:00, run_after=2023-06-10T00:00:00+00:00
[2023-06-09T13:19:17.740+0000] {processor.py:179} INFO - Processing /opt/airflow/dags/dag_with_catchup_and_backfill.py took 0.097 seconds
[2023-06-09T13:19:48.130+0000] {processor.py:157} INFO - Started process (PID=862) to work on /opt/airflow/dags/dag_with_catchup_and_backfill.py
[2023-06-09T13:19:48.133+0000] {processor.py:826} INFO - Processing file /opt/airflow/dags/dag_with_catchup_and_backfill.py for tasks to queue
[2023-06-09T13:19:48.134+0000] {logging_mixin.py:149} INFO - [2023-06-09T13:19:48.134+0000] {dagbag.py:541} INFO - Filling up the DagBag from /opt/airflow/dags/dag_with_catchup_and_backfill.py
[2023-06-09T13:19:48.151+0000] {processor.py:836} INFO - DAG(s) dict_keys(['dag_with_catchup_backfill_v02']) retrieved from /opt/airflow/dags/dag_with_catchup_and_backfill.py
[2023-06-09T13:19:48.178+0000] {logging_mixin.py:149} INFO - [2023-06-09T13:19:48.178+0000] {dag.py:2726} INFO - Sync 1 DAGs
[2023-06-09T13:19:48.195+0000] {logging_mixin.py:149} INFO - [2023-06-09T13:19:48.195+0000] {dag.py:3490} INFO - Setting next_dagrun for dag_with_catchup_backfill_v02 to 2023-06-09T00:00:00+00:00, run_after=2023-06-10T00:00:00+00:00
[2023-06-09T13:19:48.205+0000] {processor.py:179} INFO - Processing /opt/airflow/dags/dag_with_catchup_and_backfill.py took 0.080 seconds
[2023-06-09T13:20:18.637+0000] {processor.py:157} INFO - Started process (PID=889) to work on /opt/airflow/dags/dag_with_catchup_and_backfill.py
[2023-06-09T13:20:18.638+0000] {processor.py:826} INFO - Processing file /opt/airflow/dags/dag_with_catchup_and_backfill.py for tasks to queue
[2023-06-09T13:20:18.640+0000] {logging_mixin.py:149} INFO - [2023-06-09T13:20:18.640+0000] {dagbag.py:541} INFO - Filling up the DagBag from /opt/airflow/dags/dag_with_catchup_and_backfill.py
[2023-06-09T13:20:18.656+0000] {processor.py:836} INFO - DAG(s) dict_keys(['dag_with_catchup_backfill_v02']) retrieved from /opt/airflow/dags/dag_with_catchup_and_backfill.py
[2023-06-09T13:20:18.681+0000] {logging_mixin.py:149} INFO - [2023-06-09T13:20:18.680+0000] {dag.py:2726} INFO - Sync 1 DAGs
[2023-06-09T13:20:18.696+0000] {logging_mixin.py:149} INFO - [2023-06-09T13:20:18.696+0000] {dag.py:3490} INFO - Setting next_dagrun for dag_with_catchup_backfill_v02 to 2023-06-09T00:00:00+00:00, run_after=2023-06-10T00:00:00+00:00
[2023-06-09T13:20:18.706+0000] {processor.py:179} INFO - Processing /opt/airflow/dags/dag_with_catchup_and_backfill.py took 0.074 seconds
[2023-06-09T13:20:49.054+0000] {processor.py:157} INFO - Started process (PID=924) to work on /opt/airflow/dags/dag_with_catchup_and_backfill.py
[2023-06-09T13:20:49.056+0000] {processor.py:826} INFO - Processing file /opt/airflow/dags/dag_with_catchup_and_backfill.py for tasks to queue
[2023-06-09T13:20:49.057+0000] {logging_mixin.py:149} INFO - [2023-06-09T13:20:49.057+0000] {dagbag.py:541} INFO - Filling up the DagBag from /opt/airflow/dags/dag_with_catchup_and_backfill.py
[2023-06-09T13:20:49.066+0000] {processor.py:836} INFO - DAG(s) dict_keys(['dag_with_catchup_backfill_v02']) retrieved from /opt/airflow/dags/dag_with_catchup_and_backfill.py
[2023-06-09T13:20:49.087+0000] {logging_mixin.py:149} INFO - [2023-06-09T13:20:49.087+0000] {dag.py:2726} INFO - Sync 1 DAGs
[2023-06-09T13:20:49.101+0000] {logging_mixin.py:149} INFO - [2023-06-09T13:20:49.101+0000] {dag.py:3490} INFO - Setting next_dagrun for dag_with_catchup_backfill_v02 to 2023-06-09T00:00:00+00:00, run_after=2023-06-10T00:00:00+00:00
[2023-06-09T13:20:49.110+0000] {processor.py:179} INFO - Processing /opt/airflow/dags/dag_with_catchup_and_backfill.py took 0.059 seconds
[2023-06-09T13:21:19.601+0000] {processor.py:157} INFO - Started process (PID=954) to work on /opt/airflow/dags/dag_with_catchup_and_backfill.py
[2023-06-09T13:21:19.603+0000] {processor.py:826} INFO - Processing file /opt/airflow/dags/dag_with_catchup_and_backfill.py for tasks to queue
[2023-06-09T13:21:19.604+0000] {logging_mixin.py:149} INFO - [2023-06-09T13:21:19.604+0000] {dagbag.py:541} INFO - Filling up the DagBag from /opt/airflow/dags/dag_with_catchup_and_backfill.py
[2023-06-09T13:21:19.620+0000] {processor.py:836} INFO - DAG(s) dict_keys(['dag_with_catchup_backfill_v02']) retrieved from /opt/airflow/dags/dag_with_catchup_and_backfill.py
[2023-06-09T13:21:19.646+0000] {logging_mixin.py:149} INFO - [2023-06-09T13:21:19.646+0000] {dag.py:2726} INFO - Sync 1 DAGs
[2023-06-09T13:21:19.661+0000] {logging_mixin.py:149} INFO - [2023-06-09T13:21:19.661+0000] {dag.py:3490} INFO - Setting next_dagrun for dag_with_catchup_backfill_v02 to 2023-06-09T00:00:00+00:00, run_after=2023-06-10T00:00:00+00:00
[2023-06-09T13:21:19.671+0000] {processor.py:179} INFO - Processing /opt/airflow/dags/dag_with_catchup_and_backfill.py took 0.074 seconds
[2023-06-09T13:21:50.078+0000] {processor.py:157} INFO - Started process (PID=981) to work on /opt/airflow/dags/dag_with_catchup_and_backfill.py
[2023-06-09T13:21:50.079+0000] {processor.py:826} INFO - Processing file /opt/airflow/dags/dag_with_catchup_and_backfill.py for tasks to queue
[2023-06-09T13:21:50.080+0000] {logging_mixin.py:149} INFO - [2023-06-09T13:21:50.080+0000] {dagbag.py:541} INFO - Filling up the DagBag from /opt/airflow/dags/dag_with_catchup_and_backfill.py
[2023-06-09T13:21:50.090+0000] {processor.py:836} INFO - DAG(s) dict_keys(['dag_with_catchup_backfill_v02']) retrieved from /opt/airflow/dags/dag_with_catchup_and_backfill.py
[2023-06-09T13:21:50.116+0000] {logging_mixin.py:149} INFO - [2023-06-09T13:21:50.116+0000] {dag.py:2726} INFO - Sync 1 DAGs
[2023-06-09T13:21:50.139+0000] {logging_mixin.py:149} INFO - [2023-06-09T13:21:50.139+0000] {dag.py:3490} INFO - Setting next_dagrun for dag_with_catchup_backfill_v02 to 2023-06-09T00:00:00+00:00, run_after=2023-06-10T00:00:00+00:00
[2023-06-09T13:21:50.150+0000] {processor.py:179} INFO - Processing /opt/airflow/dags/dag_with_catchup_and_backfill.py took 0.075 seconds
[2023-06-09T13:22:20.575+0000] {processor.py:157} INFO - Started process (PID=1157) to work on /opt/airflow/dags/dag_with_catchup_and_backfill.py
[2023-06-09T13:22:20.577+0000] {processor.py:826} INFO - Processing file /opt/airflow/dags/dag_with_catchup_and_backfill.py for tasks to queue
[2023-06-09T13:22:20.579+0000] {logging_mixin.py:149} INFO - [2023-06-09T13:22:20.579+0000] {dagbag.py:541} INFO - Filling up the DagBag from /opt/airflow/dags/dag_with_catchup_and_backfill.py
[2023-06-09T13:22:20.606+0000] {processor.py:836} INFO - DAG(s) dict_keys(['dag_with_catchup_backfill_v02']) retrieved from /opt/airflow/dags/dag_with_catchup_and_backfill.py
[2023-06-09T13:22:20.667+0000] {logging_mixin.py:149} INFO - [2023-06-09T13:22:20.667+0000] {dag.py:2726} INFO - Sync 1 DAGs
[2023-06-09T13:22:20.718+0000] {logging_mixin.py:149} INFO - [2023-06-09T13:22:20.718+0000] {dag.py:3490} INFO - Setting next_dagrun for dag_with_catchup_backfill_v02 to 2023-06-09T00:00:00+00:00, run_after=2023-06-10T00:00:00+00:00
[2023-06-09T13:22:20.754+0000] {processor.py:179} INFO - Processing /opt/airflow/dags/dag_with_catchup_and_backfill.py took 0.204 seconds
[2023-06-09T13:22:51.046+0000] {processor.py:157} INFO - Started process (PID=1247) to work on /opt/airflow/dags/dag_with_catchup_and_backfill.py
[2023-06-09T13:22:51.049+0000] {processor.py:826} INFO - Processing file /opt/airflow/dags/dag_with_catchup_and_backfill.py for tasks to queue
[2023-06-09T13:22:51.050+0000] {logging_mixin.py:149} INFO - [2023-06-09T13:22:51.050+0000] {dagbag.py:541} INFO - Filling up the DagBag from /opt/airflow/dags/dag_with_catchup_and_backfill.py
[2023-06-09T13:22:51.063+0000] {processor.py:836} INFO - DAG(s) dict_keys(['dag_with_catchup_backfill_v02']) retrieved from /opt/airflow/dags/dag_with_catchup_and_backfill.py
[2023-06-09T13:22:51.088+0000] {logging_mixin.py:149} INFO - [2023-06-09T13:22:51.088+0000] {dag.py:2726} INFO - Sync 1 DAGs
[2023-06-09T13:22:51.103+0000] {logging_mixin.py:149} INFO - [2023-06-09T13:22:51.103+0000] {dag.py:3490} INFO - Setting next_dagrun for dag_with_catchup_backfill_v02 to 2023-06-09T00:00:00+00:00, run_after=2023-06-10T00:00:00+00:00
[2023-06-09T13:22:51.112+0000] {processor.py:179} INFO - Processing /opt/airflow/dags/dag_with_catchup_and_backfill.py took 0.073 seconds
[2023-06-09T13:23:21.490+0000] {processor.py:157} INFO - Started process (PID=1274) to work on /opt/airflow/dags/dag_with_catchup_and_backfill.py
[2023-06-09T13:23:21.492+0000] {processor.py:826} INFO - Processing file /opt/airflow/dags/dag_with_catchup_and_backfill.py for tasks to queue
[2023-06-09T13:23:21.493+0000] {logging_mixin.py:149} INFO - [2023-06-09T13:23:21.493+0000] {dagbag.py:541} INFO - Filling up the DagBag from /opt/airflow/dags/dag_with_catchup_and_backfill.py
[2023-06-09T13:23:21.505+0000] {processor.py:836} INFO - DAG(s) dict_keys(['dag_with_catchup_backfill_v02']) retrieved from /opt/airflow/dags/dag_with_catchup_and_backfill.py
[2023-06-09T13:23:21.529+0000] {logging_mixin.py:149} INFO - [2023-06-09T13:23:21.528+0000] {dag.py:2726} INFO - Sync 1 DAGs
[2023-06-09T13:23:21.544+0000] {logging_mixin.py:149} INFO - [2023-06-09T13:23:21.544+0000] {dag.py:3490} INFO - Setting next_dagrun for dag_with_catchup_backfill_v02 to 2023-06-09T00:00:00+00:00, run_after=2023-06-10T00:00:00+00:00
[2023-06-09T13:23:21.555+0000] {processor.py:179} INFO - Processing /opt/airflow/dags/dag_with_catchup_and_backfill.py took 0.068 seconds
[2023-06-09T13:23:23.575+0000] {processor.py:157} INFO - Started process (PID=1286) to work on /opt/airflow/dags/dag_with_catchup_and_backfill.py
[2023-06-09T13:23:23.577+0000] {processor.py:826} INFO - Processing file /opt/airflow/dags/dag_with_catchup_and_backfill.py for tasks to queue
[2023-06-09T13:23:23.578+0000] {logging_mixin.py:149} INFO - [2023-06-09T13:23:23.578+0000] {dagbag.py:541} INFO - Filling up the DagBag from /opt/airflow/dags/dag_with_catchup_and_backfill.py
[2023-06-09T13:23:23.598+0000] {processor.py:836} INFO - DAG(s) dict_keys(['dag_with_catchup_backfill_v02']) retrieved from /opt/airflow/dags/dag_with_catchup_and_backfill.py
[2023-06-09T13:23:23.623+0000] {logging_mixin.py:149} INFO - [2023-06-09T13:23:23.623+0000] {dag.py:2726} INFO - Sync 1 DAGs
[2023-06-09T13:23:23.639+0000] {logging_mixin.py:149} INFO - [2023-06-09T13:23:23.639+0000] {dag.py:3490} INFO - Setting next_dagrun for dag_with_catchup_backfill_v02 to 2023-06-09T00:00:00+00:00, run_after=2023-06-10T00:00:00+00:00
[2023-06-09T13:23:23.650+0000] {processor.py:179} INFO - Processing /opt/airflow/dags/dag_with_catchup_and_backfill.py took 0.081 seconds
[2023-06-09T13:23:54.082+0000] {processor.py:157} INFO - Started process (PID=1313) to work on /opt/airflow/dags/dag_with_catchup_and_backfill.py
[2023-06-09T13:23:54.085+0000] {processor.py:826} INFO - Processing file /opt/airflow/dags/dag_with_catchup_and_backfill.py for tasks to queue
[2023-06-09T13:23:54.087+0000] {logging_mixin.py:149} INFO - [2023-06-09T13:23:54.086+0000] {dagbag.py:541} INFO - Filling up the DagBag from /opt/airflow/dags/dag_with_catchup_and_backfill.py
[2023-06-09T13:23:54.108+0000] {processor.py:836} INFO - DAG(s) dict_keys(['dag_with_catchup_backfill_v02']) retrieved from /opt/airflow/dags/dag_with_catchup_and_backfill.py
[2023-06-09T13:23:54.133+0000] {logging_mixin.py:149} INFO - [2023-06-09T13:23:54.133+0000] {dag.py:2726} INFO - Sync 1 DAGs
[2023-06-09T13:23:54.151+0000] {logging_mixin.py:149} INFO - [2023-06-09T13:23:54.151+0000] {dag.py:3490} INFO - Setting next_dagrun for dag_with_catchup_backfill_v02 to 2023-06-09T00:00:00+00:00, run_after=2023-06-10T00:00:00+00:00
[2023-06-09T13:23:54.162+0000] {processor.py:179} INFO - Processing /opt/airflow/dags/dag_with_catchup_and_backfill.py took 0.084 seconds
[2023-06-09T13:24:24.554+0000] {processor.py:157} INFO - Started process (PID=1340) to work on /opt/airflow/dags/dag_with_catchup_and_backfill.py
[2023-06-09T13:24:24.558+0000] {processor.py:826} INFO - Processing file /opt/airflow/dags/dag_with_catchup_and_backfill.py for tasks to queue
[2023-06-09T13:24:24.559+0000] {logging_mixin.py:149} INFO - [2023-06-09T13:24:24.559+0000] {dagbag.py:541} INFO - Filling up the DagBag from /opt/airflow/dags/dag_with_catchup_and_backfill.py
[2023-06-09T13:24:24.576+0000] {processor.py:836} INFO - DAG(s) dict_keys(['dag_with_catchup_backfill_v02']) retrieved from /opt/airflow/dags/dag_with_catchup_and_backfill.py
[2023-06-09T13:24:24.598+0000] {logging_mixin.py:149} INFO - [2023-06-09T13:24:24.598+0000] {dag.py:2726} INFO - Sync 1 DAGs
[2023-06-09T13:24:24.613+0000] {logging_mixin.py:149} INFO - [2023-06-09T13:24:24.613+0000] {dag.py:3490} INFO - Setting next_dagrun for dag_with_catchup_backfill_v02 to 2023-06-09T00:00:00+00:00, run_after=2023-06-10T00:00:00+00:00
[2023-06-09T13:24:24.622+0000] {processor.py:179} INFO - Processing /opt/airflow/dags/dag_with_catchup_and_backfill.py took 0.075 seconds
[2023-06-09T13:24:55.025+0000] {processor.py:157} INFO - Started process (PID=1367) to work on /opt/airflow/dags/dag_with_catchup_and_backfill.py
[2023-06-09T13:24:55.028+0000] {processor.py:826} INFO - Processing file /opt/airflow/dags/dag_with_catchup_and_backfill.py for tasks to queue
[2023-06-09T13:24:55.030+0000] {logging_mixin.py:149} INFO - [2023-06-09T13:24:55.030+0000] {dagbag.py:541} INFO - Filling up the DagBag from /opt/airflow/dags/dag_with_catchup_and_backfill.py
[2023-06-09T13:24:55.042+0000] {processor.py:836} INFO - DAG(s) dict_keys(['dag_with_catchup_backfill_v02']) retrieved from /opt/airflow/dags/dag_with_catchup_and_backfill.py
[2023-06-09T13:24:55.065+0000] {logging_mixin.py:149} INFO - [2023-06-09T13:24:55.065+0000] {dag.py:2726} INFO - Sync 1 DAGs
[2023-06-09T13:24:55.080+0000] {logging_mixin.py:149} INFO - [2023-06-09T13:24:55.080+0000] {dag.py:3490} INFO - Setting next_dagrun for dag_with_catchup_backfill_v02 to 2023-06-09T00:00:00+00:00, run_after=2023-06-10T00:00:00+00:00
[2023-06-09T13:24:55.090+0000] {processor.py:179} INFO - Processing /opt/airflow/dags/dag_with_catchup_and_backfill.py took 0.074 seconds
