[2023-06-09T14:44:00.854+0000] {taskinstance.py:1103} INFO - Dependencies all met for dep_context=non-requeueable deps ti=<TaskInstance: dag_with_postgres_operator_v02.create_postgres_table scheduled__2023-06-07T00:00:00+00:00 [queued]>
[2023-06-09T14:44:00.859+0000] {taskinstance.py:1103} INFO - Dependencies all met for dep_context=requeueable deps ti=<TaskInstance: dag_with_postgres_operator_v02.create_postgres_table scheduled__2023-06-07T00:00:00+00:00 [queued]>
[2023-06-09T14:44:00.860+0000] {taskinstance.py:1308} INFO - Starting attempt 5 of 10
[2023-06-09T14:44:00.867+0000] {taskinstance.py:1327} INFO - Executing <Task(PostgresOperator): create_postgres_table> on 2023-06-07 00:00:00+00:00
[2023-06-09T14:44:00.871+0000] {standard_task_runner.py:57} INFO - Started process 1094 to run task
[2023-06-09T14:44:00.875+0000] {standard_task_runner.py:84} INFO - Running: ['***', 'tasks', 'run', 'dag_with_postgres_operator_v02', 'create_postgres_table', 'scheduled__2023-06-07T00:00:00+00:00', '--job-id', '19', '--raw', '--subdir', 'DAGS_FOLDER/dag_with_postgres_operator.py', '--cfg-path', '/tmp/tmpfsahxc2f']
[2023-06-09T14:44:00.877+0000] {standard_task_runner.py:85} INFO - Job 19: Subtask create_postgres_table
[2023-06-09T14:44:00.930+0000] {task_command.py:410} INFO - Running <TaskInstance: dag_with_postgres_operator_v02.create_postgres_table scheduled__2023-06-07T00:00:00+00:00 [running]> on host 94560a00d375
[2023-06-09T14:44:00.997+0000] {taskinstance.py:1547} INFO - Exporting env vars: AIRFLOW_CTX_DAG_OWNER='znawawi' AIRFLOW_CTX_DAG_ID='dag_with_postgres_operator_v02' AIRFLOW_CTX_TASK_ID='create_postgres_table' AIRFLOW_CTX_EXECUTION_DATE='2023-06-07T00:00:00+00:00' AIRFLOW_CTX_TRY_NUMBER='5' AIRFLOW_CTX_DAG_RUN_ID='scheduled__2023-06-07T00:00:00+00:00'
[2023-06-09T14:44:00.997+0000] {sql.py:262} INFO - Executing: 
            create table if not exists dag_runs (
                dt date,
                dag_id character varying,
                primary key (dt, dag_id)
            )
        
[2023-06-09T14:44:01.005+0000] {base.py:73} INFO - Using connection ID 'postgres_localhost' for task execution.
[2023-06-09T14:44:01.056+0000] {base.py:73} INFO - Using connection ID 'postgres_localhost' for task execution.
[2023-06-09T14:44:01.071+0000] {sql.py:375} INFO - Running statement: 
            create table if not exists dag_runs (
                dt date,
                dag_id character varying,
                primary key (dt, dag_id)
            )
        , parameters: None
[2023-06-09T14:44:01.090+0000] {taskinstance.py:1350} INFO - Marking task as SUCCESS. dag_id=dag_with_postgres_operator_v02, task_id=create_postgres_table, execution_date=20230607T000000, start_date=20230609T144400, end_date=20230609T144401
[2023-06-09T14:44:01.128+0000] {local_task_job_runner.py:225} INFO - Task exited with return code 0
[2023-06-09T14:44:01.142+0000] {taskinstance.py:2651} INFO - 0 downstream tasks scheduled from follow-on schedule check
