[2023-06-09T14:49:33.742+0000] {taskinstance.py:1103} INFO - Dependencies all met for dep_context=non-requeueable deps ti=<TaskInstance: dag_with_postgres_operator_v03.create_postgres_table scheduled__2023-06-08T00:00:00+00:00 [queued]>
[2023-06-09T14:49:33.747+0000] {taskinstance.py:1103} INFO - Dependencies all met for dep_context=requeueable deps ti=<TaskInstance: dag_with_postgres_operator_v03.create_postgres_table scheduled__2023-06-08T00:00:00+00:00 [queued]>
[2023-06-09T14:49:33.748+0000] {taskinstance.py:1308} INFO - Starting attempt 2 of 7
[2023-06-09T14:49:33.755+0000] {taskinstance.py:1327} INFO - Executing <Task(PostgresOperator): create_postgres_table> on 2023-06-08 00:00:00+00:00
[2023-06-09T14:49:33.758+0000] {standard_task_runner.py:57} INFO - Started process 1539 to run task
[2023-06-09T14:49:33.762+0000] {standard_task_runner.py:84} INFO - Running: ['***', 'tasks', 'run', 'dag_with_postgres_operator_v03', 'create_postgres_table', 'scheduled__2023-06-08T00:00:00+00:00', '--job-id', '34', '--raw', '--subdir', 'DAGS_FOLDER/dag_with_postgres_operator.py', '--cfg-path', '/tmp/tmp7jhv0d7c']
[2023-06-09T14:49:33.764+0000] {standard_task_runner.py:85} INFO - Job 34: Subtask create_postgres_table
[2023-06-09T14:49:33.803+0000] {task_command.py:410} INFO - Running <TaskInstance: dag_with_postgres_operator_v03.create_postgres_table scheduled__2023-06-08T00:00:00+00:00 [running]> on host 94560a00d375
[2023-06-09T14:49:33.863+0000] {taskinstance.py:1547} INFO - Exporting env vars: AIRFLOW_CTX_DAG_OWNER='znawawi' AIRFLOW_CTX_DAG_ID='dag_with_postgres_operator_v03' AIRFLOW_CTX_TASK_ID='create_postgres_table' AIRFLOW_CTX_EXECUTION_DATE='2023-06-08T00:00:00+00:00' AIRFLOW_CTX_TRY_NUMBER='2' AIRFLOW_CTX_DAG_RUN_ID='scheduled__2023-06-08T00:00:00+00:00'
[2023-06-09T14:49:33.864+0000] {sql.py:262} INFO - Executing: 
            create table if not exists dag_runs (
                dt date,
                dag_id character varying,
                primary key (dt, dag_id)
            )
        
[2023-06-09T14:49:33.872+0000] {base.py:73} INFO - Using connection ID 'postgres_localhost' for task execution.
[2023-06-09T14:49:33.910+0000] {base.py:73} INFO - Using connection ID 'postgres_localhost' for task execution.
[2023-06-09T14:49:33.920+0000] {sql.py:375} INFO - Running statement: 
            create table if not exists dag_runs (
                dt date,
                dag_id character varying,
                primary key (dt, dag_id)
            )
        , parameters: None
[2023-06-09T14:49:33.933+0000] {taskinstance.py:1350} INFO - Marking task as SUCCESS. dag_id=dag_with_postgres_operator_v03, task_id=create_postgres_table, execution_date=20230608T000000, start_date=20230609T144933, end_date=20230609T144933
[2023-06-09T14:49:33.974+0000] {local_task_job_runner.py:225} INFO - Task exited with return code 0
[2023-06-09T14:49:33.991+0000] {taskinstance.py:2651} INFO - 1 downstream tasks scheduled from follow-on schedule check
